[2025-01-07T05:57:44.564+0000] {processor.py:186} INFO - Started process (PID=49) to work on /home/airflow/.local/lib/python3.12/site-packages/airflow/example_dags/example_sensors.py
[2025-01-07T05:57:44.568+0000] {processor.py:914} INFO - Processing file /home/airflow/.local/lib/python3.12/site-packages/airflow/example_dags/example_sensors.py for tasks to queue
[2025-01-07T05:57:44.579+0000] {logging_mixin.py:190} INFO - [2025-01-07T05:57:44.577+0000] {dagbag.py:588} INFO - Filling up the DagBag from /home/airflow/.local/lib/python3.12/site-packages/airflow/example_dags/example_sensors.py
[2025-01-07T05:57:44.620+0000] {processor.py:925} INFO - DAG(s) 'example_sensors' retrieved from /home/airflow/.local/lib/python3.12/site-packages/airflow/example_dags/example_sensors.py
[2025-01-07T05:57:44.713+0000] {logging_mixin.py:190} INFO - [2025-01-07T05:57:44.712+0000] {dag.py:3239} INFO - Sync 1 DAGs
[2025-01-07T05:57:44.753+0000] {logging_mixin.py:190} INFO - [2025-01-07T05:57:44.752+0000] {dag.py:4180} INFO - Setting next_dagrun for example_sensors to None, run_after=None
[2025-01-07T05:57:44.803+0000] {processor.py:208} INFO - Processing /home/airflow/.local/lib/python3.12/site-packages/airflow/example_dags/example_sensors.py took 0.257 seconds
[2025-01-07T05:58:14.959+0000] {processor.py:186} INFO - Started process (PID=114) to work on /home/airflow/.local/lib/python3.12/site-packages/airflow/example_dags/example_sensors.py
[2025-01-07T05:58:14.962+0000] {processor.py:914} INFO - Processing file /home/airflow/.local/lib/python3.12/site-packages/airflow/example_dags/example_sensors.py for tasks to queue
[2025-01-07T05:58:14.966+0000] {logging_mixin.py:190} INFO - [2025-01-07T05:58:14.966+0000] {dagbag.py:588} INFO - Filling up the DagBag from /home/airflow/.local/lib/python3.12/site-packages/airflow/example_dags/example_sensors.py
[2025-01-07T05:58:14.984+0000] {processor.py:925} INFO - DAG(s) 'example_sensors' retrieved from /home/airflow/.local/lib/python3.12/site-packages/airflow/example_dags/example_sensors.py
[2025-01-07T05:58:15.025+0000] {logging_mixin.py:190} INFO - [2025-01-07T05:58:15.024+0000] {dag.py:3239} INFO - Sync 1 DAGs
[2025-01-07T05:58:15.044+0000] {logging_mixin.py:190} INFO - [2025-01-07T05:58:15.044+0000] {dag.py:4180} INFO - Setting next_dagrun for example_sensors to None, run_after=None
[2025-01-07T05:58:15.075+0000] {processor.py:208} INFO - Processing /home/airflow/.local/lib/python3.12/site-packages/airflow/example_dags/example_sensors.py took 0.130 seconds
[2025-01-07T05:58:45.899+0000] {processor.py:186} INFO - Started process (PID=180) to work on /home/airflow/.local/lib/python3.12/site-packages/airflow/example_dags/example_sensors.py
[2025-01-07T05:58:45.903+0000] {processor.py:914} INFO - Processing file /home/airflow/.local/lib/python3.12/site-packages/airflow/example_dags/example_sensors.py for tasks to queue
[2025-01-07T05:58:45.911+0000] {logging_mixin.py:190} INFO - [2025-01-07T05:58:45.910+0000] {dagbag.py:588} INFO - Filling up the DagBag from /home/airflow/.local/lib/python3.12/site-packages/airflow/example_dags/example_sensors.py
[2025-01-07T05:58:45.932+0000] {processor.py:925} INFO - DAG(s) 'example_sensors' retrieved from /home/airflow/.local/lib/python3.12/site-packages/airflow/example_dags/example_sensors.py
[2025-01-07T05:58:45.982+0000] {logging_mixin.py:190} INFO - [2025-01-07T05:58:45.981+0000] {dag.py:3239} INFO - Sync 1 DAGs
[2025-01-07T05:58:46.004+0000] {logging_mixin.py:190} INFO - [2025-01-07T05:58:46.003+0000] {dag.py:4180} INFO - Setting next_dagrun for example_sensors to None, run_after=None
[2025-01-07T05:58:46.035+0000] {processor.py:208} INFO - Processing /home/airflow/.local/lib/python3.12/site-packages/airflow/example_dags/example_sensors.py took 0.146 seconds
[2025-01-07T05:59:16.618+0000] {processor.py:186} INFO - Started process (PID=246) to work on /home/airflow/.local/lib/python3.12/site-packages/airflow/example_dags/example_sensors.py
[2025-01-07T05:59:16.619+0000] {processor.py:914} INFO - Processing file /home/airflow/.local/lib/python3.12/site-packages/airflow/example_dags/example_sensors.py for tasks to queue
[2025-01-07T05:59:16.624+0000] {logging_mixin.py:190} INFO - [2025-01-07T05:59:16.623+0000] {dagbag.py:588} INFO - Filling up the DagBag from /home/airflow/.local/lib/python3.12/site-packages/airflow/example_dags/example_sensors.py
[2025-01-07T05:59:16.639+0000] {processor.py:925} INFO - DAG(s) 'example_sensors' retrieved from /home/airflow/.local/lib/python3.12/site-packages/airflow/example_dags/example_sensors.py
[2025-01-07T05:59:16.674+0000] {logging_mixin.py:190} INFO - [2025-01-07T05:59:16.674+0000] {dag.py:3239} INFO - Sync 1 DAGs
[2025-01-07T05:59:16.693+0000] {logging_mixin.py:190} INFO - [2025-01-07T05:59:16.693+0000] {dag.py:4180} INFO - Setting next_dagrun for example_sensors to None, run_after=None
[2025-01-07T05:59:16.718+0000] {processor.py:208} INFO - Processing /home/airflow/.local/lib/python3.12/site-packages/airflow/example_dags/example_sensors.py took 0.108 seconds
[2025-01-07T05:59:47.251+0000] {processor.py:186} INFO - Started process (PID=313) to work on /home/airflow/.local/lib/python3.12/site-packages/airflow/example_dags/example_sensors.py
[2025-01-07T05:59:47.253+0000] {processor.py:914} INFO - Processing file /home/airflow/.local/lib/python3.12/site-packages/airflow/example_dags/example_sensors.py for tasks to queue
[2025-01-07T05:59:47.256+0000] {logging_mixin.py:190} INFO - [2025-01-07T05:59:47.256+0000] {dagbag.py:588} INFO - Filling up the DagBag from /home/airflow/.local/lib/python3.12/site-packages/airflow/example_dags/example_sensors.py
[2025-01-07T05:59:47.272+0000] {processor.py:925} INFO - DAG(s) 'example_sensors' retrieved from /home/airflow/.local/lib/python3.12/site-packages/airflow/example_dags/example_sensors.py
[2025-01-07T05:59:47.306+0000] {logging_mixin.py:190} INFO - [2025-01-07T05:59:47.306+0000] {dag.py:3239} INFO - Sync 1 DAGs
[2025-01-07T05:59:47.324+0000] {logging_mixin.py:190} INFO - [2025-01-07T05:59:47.323+0000] {dag.py:4180} INFO - Setting next_dagrun for example_sensors to None, run_after=None
[2025-01-07T05:59:47.349+0000] {processor.py:208} INFO - Processing /home/airflow/.local/lib/python3.12/site-packages/airflow/example_dags/example_sensors.py took 0.105 seconds
[2025-01-07T06:00:18.139+0000] {processor.py:186} INFO - Started process (PID=379) to work on /home/airflow/.local/lib/python3.12/site-packages/airflow/example_dags/example_sensors.py
[2025-01-07T06:00:18.143+0000] {processor.py:914} INFO - Processing file /home/airflow/.local/lib/python3.12/site-packages/airflow/example_dags/example_sensors.py for tasks to queue
[2025-01-07T06:00:18.150+0000] {logging_mixin.py:190} INFO - [2025-01-07T06:00:18.149+0000] {dagbag.py:588} INFO - Filling up the DagBag from /home/airflow/.local/lib/python3.12/site-packages/airflow/example_dags/example_sensors.py
[2025-01-07T06:00:18.182+0000] {processor.py:925} INFO - DAG(s) 'example_sensors' retrieved from /home/airflow/.local/lib/python3.12/site-packages/airflow/example_dags/example_sensors.py
[2025-01-07T06:00:18.234+0000] {logging_mixin.py:190} INFO - [2025-01-07T06:00:18.234+0000] {dag.py:3239} INFO - Sync 1 DAGs
[2025-01-07T06:00:18.265+0000] {logging_mixin.py:190} INFO - [2025-01-07T06:00:18.265+0000] {dag.py:4180} INFO - Setting next_dagrun for example_sensors to None, run_after=None
[2025-01-07T06:00:18.308+0000] {processor.py:208} INFO - Processing /home/airflow/.local/lib/python3.12/site-packages/airflow/example_dags/example_sensors.py took 0.181 seconds
[2025-01-07T06:00:48.396+0000] {processor.py:186} INFO - Started process (PID=445) to work on /home/airflow/.local/lib/python3.12/site-packages/airflow/example_dags/example_sensors.py
[2025-01-07T06:00:48.399+0000] {processor.py:914} INFO - Processing file /home/airflow/.local/lib/python3.12/site-packages/airflow/example_dags/example_sensors.py for tasks to queue
[2025-01-07T06:00:48.404+0000] {logging_mixin.py:190} INFO - [2025-01-07T06:00:48.404+0000] {dagbag.py:588} INFO - Filling up the DagBag from /home/airflow/.local/lib/python3.12/site-packages/airflow/example_dags/example_sensors.py
[2025-01-07T06:00:48.424+0000] {processor.py:925} INFO - DAG(s) 'example_sensors' retrieved from /home/airflow/.local/lib/python3.12/site-packages/airflow/example_dags/example_sensors.py
[2025-01-07T06:00:48.468+0000] {logging_mixin.py:190} INFO - [2025-01-07T06:00:48.468+0000] {dag.py:3239} INFO - Sync 1 DAGs
[2025-01-07T06:00:48.485+0000] {logging_mixin.py:190} INFO - [2025-01-07T06:00:48.485+0000] {dag.py:4180} INFO - Setting next_dagrun for example_sensors to None, run_after=None
[2025-01-07T06:00:48.530+0000] {processor.py:208} INFO - Processing /home/airflow/.local/lib/python3.12/site-packages/airflow/example_dags/example_sensors.py took 0.143 seconds
[2025-01-07T06:01:19.721+0000] {processor.py:186} INFO - Started process (PID=511) to work on /home/airflow/.local/lib/python3.12/site-packages/airflow/example_dags/example_sensors.py
[2025-01-07T06:01:19.723+0000] {processor.py:914} INFO - Processing file /home/airflow/.local/lib/python3.12/site-packages/airflow/example_dags/example_sensors.py for tasks to queue
[2025-01-07T06:01:19.727+0000] {logging_mixin.py:190} INFO - [2025-01-07T06:01:19.726+0000] {dagbag.py:588} INFO - Filling up the DagBag from /home/airflow/.local/lib/python3.12/site-packages/airflow/example_dags/example_sensors.py
[2025-01-07T06:01:19.743+0000] {processor.py:925} INFO - DAG(s) 'example_sensors' retrieved from /home/airflow/.local/lib/python3.12/site-packages/airflow/example_dags/example_sensors.py
[2025-01-07T06:01:19.793+0000] {logging_mixin.py:190} INFO - [2025-01-07T06:01:19.793+0000] {dag.py:3239} INFO - Sync 1 DAGs
[2025-01-07T06:01:19.819+0000] {logging_mixin.py:190} INFO - [2025-01-07T06:01:19.819+0000] {dag.py:4180} INFO - Setting next_dagrun for example_sensors to None, run_after=None
[2025-01-07T06:01:19.854+0000] {processor.py:208} INFO - Processing /home/airflow/.local/lib/python3.12/site-packages/airflow/example_dags/example_sensors.py took 0.140 seconds
[2025-01-07T06:01:50.896+0000] {processor.py:186} INFO - Started process (PID=577) to work on /home/airflow/.local/lib/python3.12/site-packages/airflow/example_dags/example_sensors.py
[2025-01-07T06:01:50.898+0000] {processor.py:914} INFO - Processing file /home/airflow/.local/lib/python3.12/site-packages/airflow/example_dags/example_sensors.py for tasks to queue
[2025-01-07T06:01:50.904+0000] {logging_mixin.py:190} INFO - [2025-01-07T06:01:50.903+0000] {dagbag.py:588} INFO - Filling up the DagBag from /home/airflow/.local/lib/python3.12/site-packages/airflow/example_dags/example_sensors.py
[2025-01-07T06:01:50.923+0000] {processor.py:925} INFO - DAG(s) 'example_sensors' retrieved from /home/airflow/.local/lib/python3.12/site-packages/airflow/example_dags/example_sensors.py
[2025-01-07T06:01:50.963+0000] {logging_mixin.py:190} INFO - [2025-01-07T06:01:50.962+0000] {dag.py:3239} INFO - Sync 1 DAGs
[2025-01-07T06:01:50.983+0000] {logging_mixin.py:190} INFO - [2025-01-07T06:01:50.983+0000] {dag.py:4180} INFO - Setting next_dagrun for example_sensors to None, run_after=None
[2025-01-07T06:01:51.010+0000] {processor.py:208} INFO - Processing /home/airflow/.local/lib/python3.12/site-packages/airflow/example_dags/example_sensors.py took 0.124 seconds
[2025-01-07T06:02:21.420+0000] {processor.py:186} INFO - Started process (PID=643) to work on /home/airflow/.local/lib/python3.12/site-packages/airflow/example_dags/example_sensors.py
[2025-01-07T06:02:21.422+0000] {processor.py:914} INFO - Processing file /home/airflow/.local/lib/python3.12/site-packages/airflow/example_dags/example_sensors.py for tasks to queue
[2025-01-07T06:02:21.426+0000] {logging_mixin.py:190} INFO - [2025-01-07T06:02:21.425+0000] {dagbag.py:588} INFO - Filling up the DagBag from /home/airflow/.local/lib/python3.12/site-packages/airflow/example_dags/example_sensors.py
[2025-01-07T06:02:21.457+0000] {processor.py:925} INFO - DAG(s) 'example_sensors' retrieved from /home/airflow/.local/lib/python3.12/site-packages/airflow/example_dags/example_sensors.py
[2025-01-07T06:02:21.512+0000] {logging_mixin.py:190} INFO - [2025-01-07T06:02:21.511+0000] {dag.py:3239} INFO - Sync 1 DAGs
[2025-01-07T06:02:21.535+0000] {logging_mixin.py:190} INFO - [2025-01-07T06:02:21.535+0000] {dag.py:4180} INFO - Setting next_dagrun for example_sensors to None, run_after=None
[2025-01-07T06:02:21.571+0000] {processor.py:208} INFO - Processing /home/airflow/.local/lib/python3.12/site-packages/airflow/example_dags/example_sensors.py took 0.161 seconds
[2025-01-07T06:02:52.728+0000] {processor.py:186} INFO - Started process (PID=710) to work on /home/airflow/.local/lib/python3.12/site-packages/airflow/example_dags/example_sensors.py
[2025-01-07T06:02:52.734+0000] {processor.py:914} INFO - Processing file /home/airflow/.local/lib/python3.12/site-packages/airflow/example_dags/example_sensors.py for tasks to queue
[2025-01-07T06:02:52.747+0000] {logging_mixin.py:190} INFO - [2025-01-07T06:02:52.746+0000] {dagbag.py:588} INFO - Filling up the DagBag from /home/airflow/.local/lib/python3.12/site-packages/airflow/example_dags/example_sensors.py
[2025-01-07T06:02:52.784+0000] {processor.py:925} INFO - DAG(s) 'example_sensors' retrieved from /home/airflow/.local/lib/python3.12/site-packages/airflow/example_dags/example_sensors.py
[2025-01-07T06:02:52.862+0000] {logging_mixin.py:190} INFO - [2025-01-07T06:02:52.861+0000] {dag.py:3239} INFO - Sync 1 DAGs
[2025-01-07T06:02:52.905+0000] {logging_mixin.py:190} INFO - [2025-01-07T06:02:52.904+0000] {dag.py:4180} INFO - Setting next_dagrun for example_sensors to None, run_after=None
[2025-01-07T06:02:52.946+0000] {processor.py:208} INFO - Processing /home/airflow/.local/lib/python3.12/site-packages/airflow/example_dags/example_sensors.py took 0.232 seconds
[2025-01-07T06:03:23.178+0000] {processor.py:186} INFO - Started process (PID=775) to work on /home/airflow/.local/lib/python3.12/site-packages/airflow/example_dags/example_sensors.py
[2025-01-07T06:03:23.180+0000] {processor.py:914} INFO - Processing file /home/airflow/.local/lib/python3.12/site-packages/airflow/example_dags/example_sensors.py for tasks to queue
[2025-01-07T06:03:23.185+0000] {logging_mixin.py:190} INFO - [2025-01-07T06:03:23.185+0000] {dagbag.py:588} INFO - Filling up the DagBag from /home/airflow/.local/lib/python3.12/site-packages/airflow/example_dags/example_sensors.py
[2025-01-07T06:03:23.207+0000] {processor.py:925} INFO - DAG(s) 'example_sensors' retrieved from /home/airflow/.local/lib/python3.12/site-packages/airflow/example_dags/example_sensors.py
[2025-01-07T06:03:23.250+0000] {logging_mixin.py:190} INFO - [2025-01-07T06:03:23.249+0000] {dag.py:3239} INFO - Sync 1 DAGs
[2025-01-07T06:03:23.271+0000] {logging_mixin.py:190} INFO - [2025-01-07T06:03:23.271+0000] {dag.py:4180} INFO - Setting next_dagrun for example_sensors to None, run_after=None
[2025-01-07T06:03:23.324+0000] {processor.py:208} INFO - Processing /home/airflow/.local/lib/python3.12/site-packages/airflow/example_dags/example_sensors.py took 0.156 seconds
