[2025-01-07T05:57:50.883+0000] {processor.py:186} INFO - Started process (PID=77) to work on /home/airflow/.local/lib/python3.12/site-packages/airflow/example_dags/example_skip_dag.py
[2025-01-07T05:57:50.885+0000] {processor.py:914} INFO - Processing file /home/airflow/.local/lib/python3.12/site-packages/airflow/example_dags/example_skip_dag.py for tasks to queue
[2025-01-07T05:57:50.890+0000] {logging_mixin.py:190} INFO - [2025-01-07T05:57:50.889+0000] {dagbag.py:588} INFO - Filling up the DagBag from /home/airflow/.local/lib/python3.12/site-packages/airflow/example_dags/example_skip_dag.py
[2025-01-07T05:57:50.915+0000] {processor.py:925} INFO - DAG(s) 'example_skip_dag' retrieved from /home/airflow/.local/lib/python3.12/site-packages/airflow/example_dags/example_skip_dag.py
[2025-01-07T05:57:50.977+0000] {logging_mixin.py:190} INFO - [2025-01-07T05:57:50.975+0000] {dag.py:3239} INFO - Sync 1 DAGs
[2025-01-07T05:57:51.057+0000] {logging_mixin.py:190} INFO - [2025-01-07T05:57:51.056+0000] {dag.py:4180} INFO - Setting next_dagrun for example_skip_dag to 2025-01-06 00:00:00+00:00, run_after=2025-01-07 00:00:00+00:00
[2025-01-07T05:57:51.119+0000] {processor.py:208} INFO - Processing /home/airflow/.local/lib/python3.12/site-packages/airflow/example_dags/example_skip_dag.py took 0.246 seconds
[2025-01-07T05:58:21.928+0000] {processor.py:186} INFO - Started process (PID=143) to work on /home/airflow/.local/lib/python3.12/site-packages/airflow/example_dags/example_skip_dag.py
[2025-01-07T05:58:21.930+0000] {processor.py:914} INFO - Processing file /home/airflow/.local/lib/python3.12/site-packages/airflow/example_dags/example_skip_dag.py for tasks to queue
[2025-01-07T05:58:21.935+0000] {logging_mixin.py:190} INFO - [2025-01-07T05:58:21.934+0000] {dagbag.py:588} INFO - Filling up the DagBag from /home/airflow/.local/lib/python3.12/site-packages/airflow/example_dags/example_skip_dag.py
[2025-01-07T05:58:21.949+0000] {processor.py:925} INFO - DAG(s) 'example_skip_dag' retrieved from /home/airflow/.local/lib/python3.12/site-packages/airflow/example_dags/example_skip_dag.py
[2025-01-07T05:58:21.990+0000] {logging_mixin.py:190} INFO - [2025-01-07T05:58:21.989+0000] {dag.py:3239} INFO - Sync 1 DAGs
[2025-01-07T05:58:22.027+0000] {logging_mixin.py:190} INFO - [2025-01-07T05:58:22.027+0000] {dag.py:4180} INFO - Setting next_dagrun for example_skip_dag to 2025-01-06 00:00:00+00:00, run_after=2025-01-07 00:00:00+00:00
[2025-01-07T05:58:22.058+0000] {processor.py:208} INFO - Processing /home/airflow/.local/lib/python3.12/site-packages/airflow/example_dags/example_skip_dag.py took 0.138 seconds
[2025-01-07T05:58:52.871+0000] {processor.py:186} INFO - Started process (PID=209) to work on /home/airflow/.local/lib/python3.12/site-packages/airflow/example_dags/example_skip_dag.py
[2025-01-07T05:58:52.874+0000] {processor.py:914} INFO - Processing file /home/airflow/.local/lib/python3.12/site-packages/airflow/example_dags/example_skip_dag.py for tasks to queue
[2025-01-07T05:58:52.881+0000] {logging_mixin.py:190} INFO - [2025-01-07T05:58:52.880+0000] {dagbag.py:588} INFO - Filling up the DagBag from /home/airflow/.local/lib/python3.12/site-packages/airflow/example_dags/example_skip_dag.py
[2025-01-07T05:58:52.926+0000] {processor.py:925} INFO - DAG(s) 'example_skip_dag' retrieved from /home/airflow/.local/lib/python3.12/site-packages/airflow/example_dags/example_skip_dag.py
[2025-01-07T05:58:52.981+0000] {logging_mixin.py:190} INFO - [2025-01-07T05:58:52.980+0000] {dag.py:3239} INFO - Sync 1 DAGs
[2025-01-07T05:58:53.045+0000] {logging_mixin.py:190} INFO - [2025-01-07T05:58:53.045+0000] {dag.py:4180} INFO - Setting next_dagrun for example_skip_dag to 2025-01-06 00:00:00+00:00, run_after=2025-01-07 00:00:00+00:00
[2025-01-07T05:58:53.114+0000] {processor.py:208} INFO - Processing /home/airflow/.local/lib/python3.12/site-packages/airflow/example_dags/example_skip_dag.py took 0.255 seconds
[2025-01-07T05:59:23.585+0000] {processor.py:186} INFO - Started process (PID=275) to work on /home/airflow/.local/lib/python3.12/site-packages/airflow/example_dags/example_skip_dag.py
[2025-01-07T05:59:23.589+0000] {processor.py:914} INFO - Processing file /home/airflow/.local/lib/python3.12/site-packages/airflow/example_dags/example_skip_dag.py for tasks to queue
[2025-01-07T05:59:23.593+0000] {logging_mixin.py:190} INFO - [2025-01-07T05:59:23.593+0000] {dagbag.py:588} INFO - Filling up the DagBag from /home/airflow/.local/lib/python3.12/site-packages/airflow/example_dags/example_skip_dag.py
[2025-01-07T05:59:23.606+0000] {processor.py:925} INFO - DAG(s) 'example_skip_dag' retrieved from /home/airflow/.local/lib/python3.12/site-packages/airflow/example_dags/example_skip_dag.py
[2025-01-07T05:59:23.649+0000] {logging_mixin.py:190} INFO - [2025-01-07T05:59:23.648+0000] {dag.py:3239} INFO - Sync 1 DAGs
[2025-01-07T05:59:23.699+0000] {logging_mixin.py:190} INFO - [2025-01-07T05:59:23.698+0000] {dag.py:4180} INFO - Setting next_dagrun for example_skip_dag to 2025-01-06 00:00:00+00:00, run_after=2025-01-07 00:00:00+00:00
[2025-01-07T05:59:23.737+0000] {processor.py:208} INFO - Processing /home/airflow/.local/lib/python3.12/site-packages/airflow/example_dags/example_skip_dag.py took 0.161 seconds
[2025-01-07T05:59:54.202+0000] {processor.py:186} INFO - Started process (PID=342) to work on /home/airflow/.local/lib/python3.12/site-packages/airflow/example_dags/example_skip_dag.py
[2025-01-07T05:59:54.204+0000] {processor.py:914} INFO - Processing file /home/airflow/.local/lib/python3.12/site-packages/airflow/example_dags/example_skip_dag.py for tasks to queue
[2025-01-07T05:59:54.208+0000] {logging_mixin.py:190} INFO - [2025-01-07T05:59:54.207+0000] {dagbag.py:588} INFO - Filling up the DagBag from /home/airflow/.local/lib/python3.12/site-packages/airflow/example_dags/example_skip_dag.py
[2025-01-07T05:59:54.220+0000] {processor.py:925} INFO - DAG(s) 'example_skip_dag' retrieved from /home/airflow/.local/lib/python3.12/site-packages/airflow/example_dags/example_skip_dag.py
[2025-01-07T05:59:54.280+0000] {logging_mixin.py:190} INFO - [2025-01-07T05:59:54.280+0000] {dag.py:3239} INFO - Sync 1 DAGs
[2025-01-07T05:59:54.331+0000] {logging_mixin.py:190} INFO - [2025-01-07T05:59:54.330+0000] {dag.py:4180} INFO - Setting next_dagrun for example_skip_dag to 2025-01-06 00:00:00+00:00, run_after=2025-01-07 00:00:00+00:00
[2025-01-07T05:59:54.361+0000] {processor.py:208} INFO - Processing /home/airflow/.local/lib/python3.12/site-packages/airflow/example_dags/example_skip_dag.py took 0.167 seconds
[2025-01-07T06:00:25.687+0000] {processor.py:186} INFO - Started process (PID=408) to work on /home/airflow/.local/lib/python3.12/site-packages/airflow/example_dags/example_skip_dag.py
[2025-01-07T06:00:25.689+0000] {processor.py:914} INFO - Processing file /home/airflow/.local/lib/python3.12/site-packages/airflow/example_dags/example_skip_dag.py for tasks to queue
[2025-01-07T06:00:25.693+0000] {logging_mixin.py:190} INFO - [2025-01-07T06:00:25.693+0000] {dagbag.py:588} INFO - Filling up the DagBag from /home/airflow/.local/lib/python3.12/site-packages/airflow/example_dags/example_skip_dag.py
[2025-01-07T06:00:25.714+0000] {processor.py:925} INFO - DAG(s) 'example_skip_dag' retrieved from /home/airflow/.local/lib/python3.12/site-packages/airflow/example_dags/example_skip_dag.py
[2025-01-07T06:00:25.751+0000] {logging_mixin.py:190} INFO - [2025-01-07T06:00:25.750+0000] {dag.py:3239} INFO - Sync 1 DAGs
[2025-01-07T06:00:25.794+0000] {logging_mixin.py:190} INFO - [2025-01-07T06:00:25.794+0000] {dag.py:4180} INFO - Setting next_dagrun for example_skip_dag to 2025-01-06 00:00:00+00:00, run_after=2025-01-07 00:00:00+00:00
[2025-01-07T06:00:25.834+0000] {processor.py:208} INFO - Processing /home/airflow/.local/lib/python3.12/site-packages/airflow/example_dags/example_skip_dag.py took 0.154 seconds
[2025-01-07T06:00:56.618+0000] {processor.py:186} INFO - Started process (PID=474) to work on /home/airflow/.local/lib/python3.12/site-packages/airflow/example_dags/example_skip_dag.py
[2025-01-07T06:00:56.623+0000] {processor.py:914} INFO - Processing file /home/airflow/.local/lib/python3.12/site-packages/airflow/example_dags/example_skip_dag.py for tasks to queue
[2025-01-07T06:00:56.633+0000] {logging_mixin.py:190} INFO - [2025-01-07T06:00:56.632+0000] {dagbag.py:588} INFO - Filling up the DagBag from /home/airflow/.local/lib/python3.12/site-packages/airflow/example_dags/example_skip_dag.py
[2025-01-07T06:00:56.664+0000] {processor.py:925} INFO - DAG(s) 'example_skip_dag' retrieved from /home/airflow/.local/lib/python3.12/site-packages/airflow/example_dags/example_skip_dag.py
[2025-01-07T06:00:56.730+0000] {logging_mixin.py:190} INFO - [2025-01-07T06:00:56.729+0000] {dag.py:3239} INFO - Sync 1 DAGs
[2025-01-07T06:00:56.790+0000] {logging_mixin.py:190} INFO - [2025-01-07T06:00:56.789+0000] {dag.py:4180} INFO - Setting next_dagrun for example_skip_dag to 2025-01-06 00:00:00+00:00, run_after=2025-01-07 00:00:00+00:00
[2025-01-07T06:00:56.837+0000] {processor.py:208} INFO - Processing /home/airflow/.local/lib/python3.12/site-packages/airflow/example_dags/example_skip_dag.py took 0.239 seconds
[2025-01-07T06:01:27.270+0000] {processor.py:186} INFO - Started process (PID=540) to work on /home/airflow/.local/lib/python3.12/site-packages/airflow/example_dags/example_skip_dag.py
[2025-01-07T06:01:27.272+0000] {processor.py:914} INFO - Processing file /home/airflow/.local/lib/python3.12/site-packages/airflow/example_dags/example_skip_dag.py for tasks to queue
[2025-01-07T06:01:27.276+0000] {logging_mixin.py:190} INFO - [2025-01-07T06:01:27.275+0000] {dagbag.py:588} INFO - Filling up the DagBag from /home/airflow/.local/lib/python3.12/site-packages/airflow/example_dags/example_skip_dag.py
[2025-01-07T06:01:27.287+0000] {processor.py:925} INFO - DAG(s) 'example_skip_dag' retrieved from /home/airflow/.local/lib/python3.12/site-packages/airflow/example_dags/example_skip_dag.py
[2025-01-07T06:01:27.318+0000] {logging_mixin.py:190} INFO - [2025-01-07T06:01:27.318+0000] {dag.py:3239} INFO - Sync 1 DAGs
[2025-01-07T06:01:27.348+0000] {logging_mixin.py:190} INFO - [2025-01-07T06:01:27.348+0000] {dag.py:4180} INFO - Setting next_dagrun for example_skip_dag to 2025-01-06 00:00:00+00:00, run_after=2025-01-07 00:00:00+00:00
[2025-01-07T06:01:27.379+0000] {processor.py:208} INFO - Processing /home/airflow/.local/lib/python3.12/site-packages/airflow/example_dags/example_skip_dag.py took 0.117 seconds
[2025-01-07T06:01:57.776+0000] {processor.py:186} INFO - Started process (PID=606) to work on /home/airflow/.local/lib/python3.12/site-packages/airflow/example_dags/example_skip_dag.py
[2025-01-07T06:01:57.777+0000] {processor.py:914} INFO - Processing file /home/airflow/.local/lib/python3.12/site-packages/airflow/example_dags/example_skip_dag.py for tasks to queue
[2025-01-07T06:01:57.781+0000] {logging_mixin.py:190} INFO - [2025-01-07T06:01:57.780+0000] {dagbag.py:588} INFO - Filling up the DagBag from /home/airflow/.local/lib/python3.12/site-packages/airflow/example_dags/example_skip_dag.py
[2025-01-07T06:01:57.793+0000] {processor.py:925} INFO - DAG(s) 'example_skip_dag' retrieved from /home/airflow/.local/lib/python3.12/site-packages/airflow/example_dags/example_skip_dag.py
[2025-01-07T06:01:57.824+0000] {logging_mixin.py:190} INFO - [2025-01-07T06:01:57.823+0000] {dag.py:3239} INFO - Sync 1 DAGs
[2025-01-07T06:01:57.852+0000] {logging_mixin.py:190} INFO - [2025-01-07T06:01:57.852+0000] {dag.py:4180} INFO - Setting next_dagrun for example_skip_dag to 2025-01-06 00:00:00+00:00, run_after=2025-01-07 00:00:00+00:00
[2025-01-07T06:01:57.880+0000] {processor.py:208} INFO - Processing /home/airflow/.local/lib/python3.12/site-packages/airflow/example_dags/example_skip_dag.py took 0.112 seconds
[2025-01-07T06:02:28.271+0000] {processor.py:186} INFO - Started process (PID=672) to work on /home/airflow/.local/lib/python3.12/site-packages/airflow/example_dags/example_skip_dag.py
[2025-01-07T06:02:28.275+0000] {processor.py:914} INFO - Processing file /home/airflow/.local/lib/python3.12/site-packages/airflow/example_dags/example_skip_dag.py for tasks to queue
[2025-01-07T06:02:28.281+0000] {logging_mixin.py:190} INFO - [2025-01-07T06:02:28.280+0000] {dagbag.py:588} INFO - Filling up the DagBag from /home/airflow/.local/lib/python3.12/site-packages/airflow/example_dags/example_skip_dag.py
[2025-01-07T06:02:28.307+0000] {processor.py:925} INFO - DAG(s) 'example_skip_dag' retrieved from /home/airflow/.local/lib/python3.12/site-packages/airflow/example_dags/example_skip_dag.py
[2025-01-07T06:02:28.349+0000] {logging_mixin.py:190} INFO - [2025-01-07T06:02:28.348+0000] {dag.py:3239} INFO - Sync 1 DAGs
[2025-01-07T06:02:28.385+0000] {logging_mixin.py:190} INFO - [2025-01-07T06:02:28.385+0000] {dag.py:4180} INFO - Setting next_dagrun for example_skip_dag to 2025-01-06 00:00:00+00:00, run_after=2025-01-07 00:00:00+00:00
[2025-01-07T06:02:28.419+0000] {processor.py:208} INFO - Processing /home/airflow/.local/lib/python3.12/site-packages/airflow/example_dags/example_skip_dag.py took 0.163 seconds
[2025-01-07T06:02:58.597+0000] {processor.py:186} INFO - Started process (PID=738) to work on /home/airflow/.local/lib/python3.12/site-packages/airflow/example_dags/example_skip_dag.py
[2025-01-07T06:02:58.599+0000] {processor.py:914} INFO - Processing file /home/airflow/.local/lib/python3.12/site-packages/airflow/example_dags/example_skip_dag.py for tasks to queue
[2025-01-07T06:02:58.602+0000] {logging_mixin.py:190} INFO - [2025-01-07T06:02:58.602+0000] {dagbag.py:588} INFO - Filling up the DagBag from /home/airflow/.local/lib/python3.12/site-packages/airflow/example_dags/example_skip_dag.py
[2025-01-07T06:02:58.614+0000] {processor.py:925} INFO - DAG(s) 'example_skip_dag' retrieved from /home/airflow/.local/lib/python3.12/site-packages/airflow/example_dags/example_skip_dag.py
[2025-01-07T06:02:58.644+0000] {logging_mixin.py:190} INFO - [2025-01-07T06:02:58.644+0000] {dag.py:3239} INFO - Sync 1 DAGs
[2025-01-07T06:02:58.677+0000] {logging_mixin.py:190} INFO - [2025-01-07T06:02:58.677+0000] {dag.py:4180} INFO - Setting next_dagrun for example_skip_dag to 2025-01-06 00:00:00+00:00, run_after=2025-01-07 00:00:00+00:00
[2025-01-07T06:02:58.707+0000] {processor.py:208} INFO - Processing /home/airflow/.local/lib/python3.12/site-packages/airflow/example_dags/example_skip_dag.py took 0.118 seconds
[2025-01-07T06:03:29.623+0000] {processor.py:186} INFO - Started process (PID=802) to work on /home/airflow/.local/lib/python3.12/site-packages/airflow/example_dags/example_skip_dag.py
[2025-01-07T06:03:29.625+0000] {processor.py:914} INFO - Processing file /home/airflow/.local/lib/python3.12/site-packages/airflow/example_dags/example_skip_dag.py for tasks to queue
[2025-01-07T06:03:29.631+0000] {logging_mixin.py:190} INFO - [2025-01-07T06:03:29.631+0000] {dagbag.py:588} INFO - Filling up the DagBag from /home/airflow/.local/lib/python3.12/site-packages/airflow/example_dags/example_skip_dag.py
[2025-01-07T06:03:29.654+0000] {processor.py:925} INFO - DAG(s) 'example_skip_dag' retrieved from /home/airflow/.local/lib/python3.12/site-packages/airflow/example_dags/example_skip_dag.py
[2025-01-07T06:03:29.714+0000] {logging_mixin.py:190} INFO - [2025-01-07T06:03:29.713+0000] {dag.py:3239} INFO - Sync 1 DAGs
[2025-01-07T06:03:29.795+0000] {logging_mixin.py:190} INFO - [2025-01-07T06:03:29.794+0000] {dag.py:4180} INFO - Setting next_dagrun for example_skip_dag to 2025-01-06 00:00:00+00:00, run_after=2025-01-07 00:00:00+00:00
[2025-01-07T06:03:29.950+0000] {processor.py:208} INFO - Processing /home/airflow/.local/lib/python3.12/site-packages/airflow/example_dags/example_skip_dag.py took 0.346 seconds
