[2025-01-07T05:57:52.459+0000] {processor.py:186} INFO - Started process (PID=85) to work on /home/airflow/.local/lib/python3.12/site-packages/airflow/example_dags/example_xcomargs.py
[2025-01-07T05:57:52.465+0000] {processor.py:914} INFO - Processing file /home/airflow/.local/lib/python3.12/site-packages/airflow/example_dags/example_xcomargs.py for tasks to queue
[2025-01-07T05:57:52.478+0000] {logging_mixin.py:190} INFO - [2025-01-07T05:57:52.475+0000] {dagbag.py:588} INFO - Filling up the DagBag from /home/airflow/.local/lib/python3.12/site-packages/airflow/example_dags/example_xcomargs.py
[2025-01-07T05:57:52.527+0000] {processor.py:925} INFO - DAG(s) 'example_xcom_args', 'example_xcom_args_with_operators' retrieved from /home/airflow/.local/lib/python3.12/site-packages/airflow/example_dags/example_xcomargs.py
[2025-01-07T05:57:52.652+0000] {logging_mixin.py:190} INFO - [2025-01-07T05:57:52.635+0000] {dag.py:3239} INFO - Sync 2 DAGs
[2025-01-07T05:57:52.695+0000] {logging_mixin.py:190} INFO - [2025-01-07T05:57:52.695+0000] {dag.py:4180} INFO - Setting next_dagrun for example_xcom_args to None, run_after=None
[2025-01-07T05:57:52.711+0000] {logging_mixin.py:190} INFO - [2025-01-07T05:57:52.711+0000] {dag.py:4180} INFO - Setting next_dagrun for example_xcom_args_with_operators to None, run_after=None
[2025-01-07T05:57:52.754+0000] {processor.py:208} INFO - Processing /home/airflow/.local/lib/python3.12/site-packages/airflow/example_dags/example_xcomargs.py took 0.317 seconds
[2025-01-07T05:58:22.949+0000] {processor.py:186} INFO - Started process (PID=151) to work on /home/airflow/.local/lib/python3.12/site-packages/airflow/example_dags/example_xcomargs.py
[2025-01-07T05:58:22.952+0000] {processor.py:914} INFO - Processing file /home/airflow/.local/lib/python3.12/site-packages/airflow/example_dags/example_xcomargs.py for tasks to queue
[2025-01-07T05:58:22.961+0000] {logging_mixin.py:190} INFO - [2025-01-07T05:58:22.960+0000] {dagbag.py:588} INFO - Filling up the DagBag from /home/airflow/.local/lib/python3.12/site-packages/airflow/example_dags/example_xcomargs.py
[2025-01-07T05:58:22.983+0000] {processor.py:925} INFO - DAG(s) 'example_xcom_args', 'example_xcom_args_with_operators' retrieved from /home/airflow/.local/lib/python3.12/site-packages/airflow/example_dags/example_xcomargs.py
[2025-01-07T05:58:23.023+0000] {logging_mixin.py:190} INFO - [2025-01-07T05:58:23.023+0000] {dag.py:3239} INFO - Sync 2 DAGs
[2025-01-07T05:58:23.043+0000] {logging_mixin.py:190} INFO - [2025-01-07T05:58:23.042+0000] {dag.py:4180} INFO - Setting next_dagrun for example_xcom_args to None, run_after=None
[2025-01-07T05:58:23.054+0000] {logging_mixin.py:190} INFO - [2025-01-07T05:58:23.052+0000] {dag.py:4180} INFO - Setting next_dagrun for example_xcom_args_with_operators to None, run_after=None
[2025-01-07T05:58:23.088+0000] {processor.py:208} INFO - Processing /home/airflow/.local/lib/python3.12/site-packages/airflow/example_dags/example_xcomargs.py took 0.151 seconds
[2025-01-07T05:58:53.808+0000] {processor.py:186} INFO - Started process (PID=217) to work on /home/airflow/.local/lib/python3.12/site-packages/airflow/example_dags/example_xcomargs.py
[2025-01-07T05:58:53.810+0000] {processor.py:914} INFO - Processing file /home/airflow/.local/lib/python3.12/site-packages/airflow/example_dags/example_xcomargs.py for tasks to queue
[2025-01-07T05:58:53.815+0000] {logging_mixin.py:190} INFO - [2025-01-07T05:58:53.814+0000] {dagbag.py:588} INFO - Filling up the DagBag from /home/airflow/.local/lib/python3.12/site-packages/airflow/example_dags/example_xcomargs.py
[2025-01-07T05:58:53.833+0000] {processor.py:925} INFO - DAG(s) 'example_xcom_args', 'example_xcom_args_with_operators' retrieved from /home/airflow/.local/lib/python3.12/site-packages/airflow/example_dags/example_xcomargs.py
[2025-01-07T05:58:53.876+0000] {logging_mixin.py:190} INFO - [2025-01-07T05:58:53.876+0000] {dag.py:3239} INFO - Sync 2 DAGs
[2025-01-07T05:58:53.900+0000] {logging_mixin.py:190} INFO - [2025-01-07T05:58:53.900+0000] {dag.py:4180} INFO - Setting next_dagrun for example_xcom_args to None, run_after=None
[2025-01-07T05:58:53.910+0000] {logging_mixin.py:190} INFO - [2025-01-07T05:58:53.909+0000] {dag.py:4180} INFO - Setting next_dagrun for example_xcom_args_with_operators to None, run_after=None
[2025-01-07T05:58:53.944+0000] {processor.py:208} INFO - Processing /home/airflow/.local/lib/python3.12/site-packages/airflow/example_dags/example_xcomargs.py took 0.148 seconds
[2025-01-07T05:59:24.420+0000] {processor.py:186} INFO - Started process (PID=283) to work on /home/airflow/.local/lib/python3.12/site-packages/airflow/example_dags/example_xcomargs.py
[2025-01-07T05:59:24.423+0000] {processor.py:914} INFO - Processing file /home/airflow/.local/lib/python3.12/site-packages/airflow/example_dags/example_xcomargs.py for tasks to queue
[2025-01-07T05:59:24.429+0000] {logging_mixin.py:190} INFO - [2025-01-07T05:59:24.428+0000] {dagbag.py:588} INFO - Filling up the DagBag from /home/airflow/.local/lib/python3.12/site-packages/airflow/example_dags/example_xcomargs.py
[2025-01-07T05:59:24.451+0000] {processor.py:925} INFO - DAG(s) 'example_xcom_args', 'example_xcom_args_with_operators' retrieved from /home/airflow/.local/lib/python3.12/site-packages/airflow/example_dags/example_xcomargs.py
[2025-01-07T05:59:24.504+0000] {logging_mixin.py:190} INFO - [2025-01-07T05:59:24.504+0000] {dag.py:3239} INFO - Sync 2 DAGs
[2025-01-07T05:59:24.537+0000] {logging_mixin.py:190} INFO - [2025-01-07T05:59:24.537+0000] {dag.py:4180} INFO - Setting next_dagrun for example_xcom_args to None, run_after=None
[2025-01-07T05:59:24.544+0000] {logging_mixin.py:190} INFO - [2025-01-07T05:59:24.543+0000] {dag.py:4180} INFO - Setting next_dagrun for example_xcom_args_with_operators to None, run_after=None
[2025-01-07T05:59:24.583+0000] {processor.py:208} INFO - Processing /home/airflow/.local/lib/python3.12/site-packages/airflow/example_dags/example_xcomargs.py took 0.187 seconds
[2025-01-07T05:59:54.915+0000] {processor.py:186} INFO - Started process (PID=350) to work on /home/airflow/.local/lib/python3.12/site-packages/airflow/example_dags/example_xcomargs.py
[2025-01-07T05:59:54.916+0000] {processor.py:914} INFO - Processing file /home/airflow/.local/lib/python3.12/site-packages/airflow/example_dags/example_xcomargs.py for tasks to queue
[2025-01-07T05:59:54.921+0000] {logging_mixin.py:190} INFO - [2025-01-07T05:59:54.920+0000] {dagbag.py:588} INFO - Filling up the DagBag from /home/airflow/.local/lib/python3.12/site-packages/airflow/example_dags/example_xcomargs.py
[2025-01-07T05:59:54.938+0000] {processor.py:925} INFO - DAG(s) 'example_xcom_args', 'example_xcom_args_with_operators' retrieved from /home/airflow/.local/lib/python3.12/site-packages/airflow/example_dags/example_xcomargs.py
[2025-01-07T05:59:54.980+0000] {logging_mixin.py:190} INFO - [2025-01-07T05:59:54.980+0000] {dag.py:3239} INFO - Sync 2 DAGs
[2025-01-07T05:59:55.002+0000] {logging_mixin.py:190} INFO - [2025-01-07T05:59:55.002+0000] {dag.py:4180} INFO - Setting next_dagrun for example_xcom_args to None, run_after=None
[2025-01-07T05:59:55.009+0000] {logging_mixin.py:190} INFO - [2025-01-07T05:59:55.008+0000] {dag.py:4180} INFO - Setting next_dagrun for example_xcom_args_with_operators to None, run_after=None
[2025-01-07T05:59:55.035+0000] {processor.py:208} INFO - Processing /home/airflow/.local/lib/python3.12/site-packages/airflow/example_dags/example_xcomargs.py took 0.130 seconds
[2025-01-07T06:00:26.521+0000] {processor.py:186} INFO - Started process (PID=416) to work on /home/airflow/.local/lib/python3.12/site-packages/airflow/example_dags/example_xcomargs.py
[2025-01-07T06:00:26.524+0000] {processor.py:914} INFO - Processing file /home/airflow/.local/lib/python3.12/site-packages/airflow/example_dags/example_xcomargs.py for tasks to queue
[2025-01-07T06:00:26.527+0000] {logging_mixin.py:190} INFO - [2025-01-07T06:00:26.527+0000] {dagbag.py:588} INFO - Filling up the DagBag from /home/airflow/.local/lib/python3.12/site-packages/airflow/example_dags/example_xcomargs.py
[2025-01-07T06:00:26.543+0000] {processor.py:925} INFO - DAG(s) 'example_xcom_args', 'example_xcom_args_with_operators' retrieved from /home/airflow/.local/lib/python3.12/site-packages/airflow/example_dags/example_xcomargs.py
[2025-01-07T06:00:26.590+0000] {logging_mixin.py:190} INFO - [2025-01-07T06:00:26.590+0000] {dag.py:3239} INFO - Sync 2 DAGs
[2025-01-07T06:00:26.618+0000] {logging_mixin.py:190} INFO - [2025-01-07T06:00:26.618+0000] {dag.py:4180} INFO - Setting next_dagrun for example_xcom_args to None, run_after=None
[2025-01-07T06:00:26.626+0000] {logging_mixin.py:190} INFO - [2025-01-07T06:00:26.626+0000] {dag.py:4180} INFO - Setting next_dagrun for example_xcom_args_with_operators to None, run_after=None
[2025-01-07T06:00:26.664+0000] {processor.py:208} INFO - Processing /home/airflow/.local/lib/python3.12/site-packages/airflow/example_dags/example_xcomargs.py took 0.150 seconds
[2025-01-07T06:00:57.511+0000] {processor.py:186} INFO - Started process (PID=482) to work on /home/airflow/.local/lib/python3.12/site-packages/airflow/example_dags/example_xcomargs.py
[2025-01-07T06:00:57.513+0000] {processor.py:914} INFO - Processing file /home/airflow/.local/lib/python3.12/site-packages/airflow/example_dags/example_xcomargs.py for tasks to queue
[2025-01-07T06:00:57.517+0000] {logging_mixin.py:190} INFO - [2025-01-07T06:00:57.517+0000] {dagbag.py:588} INFO - Filling up the DagBag from /home/airflow/.local/lib/python3.12/site-packages/airflow/example_dags/example_xcomargs.py
[2025-01-07T06:00:57.534+0000] {processor.py:925} INFO - DAG(s) 'example_xcom_args_with_operators', 'example_xcom_args' retrieved from /home/airflow/.local/lib/python3.12/site-packages/airflow/example_dags/example_xcomargs.py
[2025-01-07T06:00:57.578+0000] {logging_mixin.py:190} INFO - [2025-01-07T06:00:57.577+0000] {dag.py:3239} INFO - Sync 2 DAGs
[2025-01-07T06:00:57.601+0000] {logging_mixin.py:190} INFO - [2025-01-07T06:00:57.600+0000] {dag.py:4180} INFO - Setting next_dagrun for example_xcom_args to None, run_after=None
[2025-01-07T06:00:57.610+0000] {logging_mixin.py:190} INFO - [2025-01-07T06:00:57.610+0000] {dag.py:4180} INFO - Setting next_dagrun for example_xcom_args_with_operators to None, run_after=None
[2025-01-07T06:00:57.638+0000] {processor.py:208} INFO - Processing /home/airflow/.local/lib/python3.12/site-packages/airflow/example_dags/example_xcomargs.py took 0.139 seconds
[2025-01-07T06:01:28.311+0000] {processor.py:186} INFO - Started process (PID=548) to work on /home/airflow/.local/lib/python3.12/site-packages/airflow/example_dags/example_xcomargs.py
[2025-01-07T06:01:28.313+0000] {processor.py:914} INFO - Processing file /home/airflow/.local/lib/python3.12/site-packages/airflow/example_dags/example_xcomargs.py for tasks to queue
[2025-01-07T06:01:28.317+0000] {logging_mixin.py:190} INFO - [2025-01-07T06:01:28.316+0000] {dagbag.py:588} INFO - Filling up the DagBag from /home/airflow/.local/lib/python3.12/site-packages/airflow/example_dags/example_xcomargs.py
[2025-01-07T06:01:28.335+0000] {processor.py:925} INFO - DAG(s) 'example_xcom_args_with_operators', 'example_xcom_args' retrieved from /home/airflow/.local/lib/python3.12/site-packages/airflow/example_dags/example_xcomargs.py
[2025-01-07T06:01:28.375+0000] {logging_mixin.py:190} INFO - [2025-01-07T06:01:28.375+0000] {dag.py:3239} INFO - Sync 2 DAGs
[2025-01-07T06:01:28.398+0000] {logging_mixin.py:190} INFO - [2025-01-07T06:01:28.398+0000] {dag.py:4180} INFO - Setting next_dagrun for example_xcom_args to None, run_after=None
[2025-01-07T06:01:28.405+0000] {logging_mixin.py:190} INFO - [2025-01-07T06:01:28.405+0000] {dag.py:4180} INFO - Setting next_dagrun for example_xcom_args_with_operators to None, run_after=None
[2025-01-07T06:01:28.436+0000] {processor.py:208} INFO - Processing /home/airflow/.local/lib/python3.12/site-packages/airflow/example_dags/example_xcomargs.py took 0.135 seconds
[2025-01-07T06:01:58.570+0000] {processor.py:186} INFO - Started process (PID=614) to work on /home/airflow/.local/lib/python3.12/site-packages/airflow/example_dags/example_xcomargs.py
[2025-01-07T06:01:58.571+0000] {processor.py:914} INFO - Processing file /home/airflow/.local/lib/python3.12/site-packages/airflow/example_dags/example_xcomargs.py for tasks to queue
[2025-01-07T06:01:58.576+0000] {logging_mixin.py:190} INFO - [2025-01-07T06:01:58.575+0000] {dagbag.py:588} INFO - Filling up the DagBag from /home/airflow/.local/lib/python3.12/site-packages/airflow/example_dags/example_xcomargs.py
[2025-01-07T06:01:58.591+0000] {processor.py:925} INFO - DAG(s) 'example_xcom_args', 'example_xcom_args_with_operators' retrieved from /home/airflow/.local/lib/python3.12/site-packages/airflow/example_dags/example_xcomargs.py
[2025-01-07T06:01:58.628+0000] {logging_mixin.py:190} INFO - [2025-01-07T06:01:58.628+0000] {dag.py:3239} INFO - Sync 2 DAGs
[2025-01-07T06:01:58.648+0000] {logging_mixin.py:190} INFO - [2025-01-07T06:01:58.648+0000] {dag.py:4180} INFO - Setting next_dagrun for example_xcom_args to None, run_after=None
[2025-01-07T06:01:58.655+0000] {logging_mixin.py:190} INFO - [2025-01-07T06:01:58.655+0000] {dag.py:4180} INFO - Setting next_dagrun for example_xcom_args_with_operators to None, run_after=None
[2025-01-07T06:01:58.681+0000] {processor.py:208} INFO - Processing /home/airflow/.local/lib/python3.12/site-packages/airflow/example_dags/example_xcomargs.py took 0.121 seconds
[2025-01-07T06:02:29.176+0000] {processor.py:186} INFO - Started process (PID=680) to work on /home/airflow/.local/lib/python3.12/site-packages/airflow/example_dags/example_xcomargs.py
[2025-01-07T06:02:29.178+0000] {processor.py:914} INFO - Processing file /home/airflow/.local/lib/python3.12/site-packages/airflow/example_dags/example_xcomargs.py for tasks to queue
[2025-01-07T06:02:29.182+0000] {logging_mixin.py:190} INFO - [2025-01-07T06:02:29.182+0000] {dagbag.py:588} INFO - Filling up the DagBag from /home/airflow/.local/lib/python3.12/site-packages/airflow/example_dags/example_xcomargs.py
[2025-01-07T06:02:29.199+0000] {processor.py:925} INFO - DAG(s) 'example_xcom_args_with_operators', 'example_xcom_args' retrieved from /home/airflow/.local/lib/python3.12/site-packages/airflow/example_dags/example_xcomargs.py
[2025-01-07T06:02:29.237+0000] {logging_mixin.py:190} INFO - [2025-01-07T06:02:29.236+0000] {dag.py:3239} INFO - Sync 2 DAGs
[2025-01-07T06:02:29.258+0000] {logging_mixin.py:190} INFO - [2025-01-07T06:02:29.257+0000] {dag.py:4180} INFO - Setting next_dagrun for example_xcom_args to None, run_after=None
[2025-01-07T06:02:29.263+0000] {logging_mixin.py:190} INFO - [2025-01-07T06:02:29.263+0000] {dag.py:4180} INFO - Setting next_dagrun for example_xcom_args_with_operators to None, run_after=None
[2025-01-07T06:02:29.288+0000] {processor.py:208} INFO - Processing /home/airflow/.local/lib/python3.12/site-packages/airflow/example_dags/example_xcomargs.py took 0.120 seconds
[2025-01-07T06:02:59.542+0000] {processor.py:186} INFO - Started process (PID=746) to work on /home/airflow/.local/lib/python3.12/site-packages/airflow/example_dags/example_xcomargs.py
[2025-01-07T06:02:59.544+0000] {processor.py:914} INFO - Processing file /home/airflow/.local/lib/python3.12/site-packages/airflow/example_dags/example_xcomargs.py for tasks to queue
[2025-01-07T06:02:59.548+0000] {logging_mixin.py:190} INFO - [2025-01-07T06:02:59.548+0000] {dagbag.py:588} INFO - Filling up the DagBag from /home/airflow/.local/lib/python3.12/site-packages/airflow/example_dags/example_xcomargs.py
[2025-01-07T06:02:59.565+0000] {processor.py:925} INFO - DAG(s) 'example_xcom_args_with_operators', 'example_xcom_args' retrieved from /home/airflow/.local/lib/python3.12/site-packages/airflow/example_dags/example_xcomargs.py
[2025-01-07T06:02:59.606+0000] {logging_mixin.py:190} INFO - [2025-01-07T06:02:59.606+0000] {dag.py:3239} INFO - Sync 2 DAGs
[2025-01-07T06:02:59.627+0000] {logging_mixin.py:190} INFO - [2025-01-07T06:02:59.627+0000] {dag.py:4180} INFO - Setting next_dagrun for example_xcom_args to None, run_after=None
[2025-01-07T06:02:59.634+0000] {logging_mixin.py:190} INFO - [2025-01-07T06:02:59.634+0000] {dag.py:4180} INFO - Setting next_dagrun for example_xcom_args_with_operators to None, run_after=None
[2025-01-07T06:02:59.657+0000] {processor.py:208} INFO - Processing /home/airflow/.local/lib/python3.12/site-packages/airflow/example_dags/example_xcomargs.py took 0.123 seconds
[2025-01-07T06:03:31.185+0000] {processor.py:186} INFO - Started process (PID=811) to work on /home/airflow/.local/lib/python3.12/site-packages/airflow/example_dags/example_xcomargs.py
[2025-01-07T06:03:31.187+0000] {processor.py:914} INFO - Processing file /home/airflow/.local/lib/python3.12/site-packages/airflow/example_dags/example_xcomargs.py for tasks to queue
[2025-01-07T06:03:31.195+0000] {logging_mixin.py:190} INFO - [2025-01-07T06:03:31.194+0000] {dagbag.py:588} INFO - Filling up the DagBag from /home/airflow/.local/lib/python3.12/site-packages/airflow/example_dags/example_xcomargs.py
[2025-01-07T06:03:31.232+0000] {processor.py:925} INFO - DAG(s) 'example_xcom_args', 'example_xcom_args_with_operators' retrieved from /home/airflow/.local/lib/python3.12/site-packages/airflow/example_dags/example_xcomargs.py
[2025-01-07T06:03:31.307+0000] {logging_mixin.py:190} INFO - [2025-01-07T06:03:31.306+0000] {dag.py:3239} INFO - Sync 2 DAGs
[2025-01-07T06:03:31.362+0000] {logging_mixin.py:190} INFO - [2025-01-07T06:03:31.361+0000] {dag.py:4180} INFO - Setting next_dagrun for example_xcom_args to None, run_after=None
[2025-01-07T06:03:31.377+0000] {logging_mixin.py:190} INFO - [2025-01-07T06:03:31.376+0000] {dag.py:4180} INFO - Setting next_dagrun for example_xcom_args_with_operators to None, run_after=None
[2025-01-07T06:03:31.439+0000] {processor.py:208} INFO - Processing /home/airflow/.local/lib/python3.12/site-packages/airflow/example_dags/example_xcomargs.py took 0.269 seconds
