[2025-01-07T05:57:45.359+0000] {processor.py:186} INFO - Started process (PID=51) to work on /home/airflow/.local/lib/python3.12/site-packages/airflow/example_dags/example_time_delta_sensor_async.py
[2025-01-07T05:57:45.360+0000] {processor.py:914} INFO - Processing file /home/airflow/.local/lib/python3.12/site-packages/airflow/example_dags/example_time_delta_sensor_async.py for tasks to queue
[2025-01-07T05:57:45.367+0000] {logging_mixin.py:190} INFO - [2025-01-07T05:57:45.366+0000] {dagbag.py:588} INFO - Filling up the DagBag from /home/airflow/.local/lib/python3.12/site-packages/airflow/example_dags/example_time_delta_sensor_async.py
[2025-01-07T05:57:45.383+0000] {processor.py:925} INFO - DAG(s) 'example_time_delta_sensor_async' retrieved from /home/airflow/.local/lib/python3.12/site-packages/airflow/example_dags/example_time_delta_sensor_async.py
[2025-01-07T05:57:45.447+0000] {logging_mixin.py:190} INFO - [2025-01-07T05:57:45.445+0000] {dag.py:3239} INFO - Sync 1 DAGs
[2025-01-07T05:57:45.476+0000] {logging_mixin.py:190} INFO - [2025-01-07T05:57:45.476+0000] {dag.py:4180} INFO - Setting next_dagrun for example_time_delta_sensor_async to None, run_after=None
[2025-01-07T05:57:45.519+0000] {processor.py:208} INFO - Processing /home/airflow/.local/lib/python3.12/site-packages/airflow/example_dags/example_time_delta_sensor_async.py took 0.174 seconds
[2025-01-07T05:58:16.288+0000] {processor.py:186} INFO - Started process (PID=117) to work on /home/airflow/.local/lib/python3.12/site-packages/airflow/example_dags/example_time_delta_sensor_async.py
[2025-01-07T05:58:16.290+0000] {processor.py:914} INFO - Processing file /home/airflow/.local/lib/python3.12/site-packages/airflow/example_dags/example_time_delta_sensor_async.py for tasks to queue
[2025-01-07T05:58:16.294+0000] {logging_mixin.py:190} INFO - [2025-01-07T05:58:16.293+0000] {dagbag.py:588} INFO - Filling up the DagBag from /home/airflow/.local/lib/python3.12/site-packages/airflow/example_dags/example_time_delta_sensor_async.py
[2025-01-07T05:58:16.305+0000] {processor.py:925} INFO - DAG(s) 'example_time_delta_sensor_async' retrieved from /home/airflow/.local/lib/python3.12/site-packages/airflow/example_dags/example_time_delta_sensor_async.py
[2025-01-07T05:58:16.340+0000] {logging_mixin.py:190} INFO - [2025-01-07T05:58:16.340+0000] {dag.py:3239} INFO - Sync 1 DAGs
[2025-01-07T05:58:16.368+0000] {logging_mixin.py:190} INFO - [2025-01-07T05:58:16.367+0000] {dag.py:4180} INFO - Setting next_dagrun for example_time_delta_sensor_async to None, run_after=None
[2025-01-07T05:58:16.400+0000] {processor.py:208} INFO - Processing /home/airflow/.local/lib/python3.12/site-packages/airflow/example_dags/example_time_delta_sensor_async.py took 0.121 seconds
[2025-01-07T05:58:47.603+0000] {processor.py:186} INFO - Started process (PID=183) to work on /home/airflow/.local/lib/python3.12/site-packages/airflow/example_dags/example_time_delta_sensor_async.py
[2025-01-07T05:58:47.605+0000] {processor.py:914} INFO - Processing file /home/airflow/.local/lib/python3.12/site-packages/airflow/example_dags/example_time_delta_sensor_async.py for tasks to queue
[2025-01-07T05:58:47.613+0000] {logging_mixin.py:190} INFO - [2025-01-07T05:58:47.612+0000] {dagbag.py:588} INFO - Filling up the DagBag from /home/airflow/.local/lib/python3.12/site-packages/airflow/example_dags/example_time_delta_sensor_async.py
[2025-01-07T05:58:47.628+0000] {processor.py:925} INFO - DAG(s) 'example_time_delta_sensor_async' retrieved from /home/airflow/.local/lib/python3.12/site-packages/airflow/example_dags/example_time_delta_sensor_async.py
[2025-01-07T05:58:47.670+0000] {logging_mixin.py:190} INFO - [2025-01-07T05:58:47.670+0000] {dag.py:3239} INFO - Sync 1 DAGs
[2025-01-07T05:58:47.695+0000] {logging_mixin.py:190} INFO - [2025-01-07T05:58:47.695+0000] {dag.py:4180} INFO - Setting next_dagrun for example_time_delta_sensor_async to None, run_after=None
[2025-01-07T05:58:47.736+0000] {processor.py:208} INFO - Processing /home/airflow/.local/lib/python3.12/site-packages/airflow/example_dags/example_time_delta_sensor_async.py took 0.146 seconds
[2025-01-07T05:59:17.856+0000] {processor.py:186} INFO - Started process (PID=249) to work on /home/airflow/.local/lib/python3.12/site-packages/airflow/example_dags/example_time_delta_sensor_async.py
[2025-01-07T05:59:17.858+0000] {processor.py:914} INFO - Processing file /home/airflow/.local/lib/python3.12/site-packages/airflow/example_dags/example_time_delta_sensor_async.py for tasks to queue
[2025-01-07T05:59:17.863+0000] {logging_mixin.py:190} INFO - [2025-01-07T05:59:17.862+0000] {dagbag.py:588} INFO - Filling up the DagBag from /home/airflow/.local/lib/python3.12/site-packages/airflow/example_dags/example_time_delta_sensor_async.py
[2025-01-07T05:59:17.898+0000] {processor.py:925} INFO - DAG(s) 'example_time_delta_sensor_async' retrieved from /home/airflow/.local/lib/python3.12/site-packages/airflow/example_dags/example_time_delta_sensor_async.py
[2025-01-07T05:59:17.938+0000] {logging_mixin.py:190} INFO - [2025-01-07T05:59:17.938+0000] {dag.py:3239} INFO - Sync 1 DAGs
[2025-01-07T05:59:17.968+0000] {logging_mixin.py:190} INFO - [2025-01-07T05:59:17.967+0000] {dag.py:4180} INFO - Setting next_dagrun for example_time_delta_sensor_async to None, run_after=None
[2025-01-07T05:59:17.997+0000] {processor.py:208} INFO - Processing /home/airflow/.local/lib/python3.12/site-packages/airflow/example_dags/example_time_delta_sensor_async.py took 0.150 seconds
[2025-01-07T05:59:48.526+0000] {processor.py:186} INFO - Started process (PID=316) to work on /home/airflow/.local/lib/python3.12/site-packages/airflow/example_dags/example_time_delta_sensor_async.py
[2025-01-07T05:59:48.529+0000] {processor.py:914} INFO - Processing file /home/airflow/.local/lib/python3.12/site-packages/airflow/example_dags/example_time_delta_sensor_async.py for tasks to queue
[2025-01-07T05:59:48.535+0000] {logging_mixin.py:190} INFO - [2025-01-07T05:59:48.534+0000] {dagbag.py:588} INFO - Filling up the DagBag from /home/airflow/.local/lib/python3.12/site-packages/airflow/example_dags/example_time_delta_sensor_async.py
[2025-01-07T05:59:48.552+0000] {processor.py:925} INFO - DAG(s) 'example_time_delta_sensor_async' retrieved from /home/airflow/.local/lib/python3.12/site-packages/airflow/example_dags/example_time_delta_sensor_async.py
[2025-01-07T05:59:48.605+0000] {logging_mixin.py:190} INFO - [2025-01-07T05:59:48.604+0000] {dag.py:3239} INFO - Sync 1 DAGs
[2025-01-07T05:59:48.644+0000] {logging_mixin.py:190} INFO - [2025-01-07T05:59:48.643+0000] {dag.py:4180} INFO - Setting next_dagrun for example_time_delta_sensor_async to None, run_after=None
[2025-01-07T05:59:48.692+0000] {processor.py:208} INFO - Processing /home/airflow/.local/lib/python3.12/site-packages/airflow/example_dags/example_time_delta_sensor_async.py took 0.178 seconds
[2025-01-07T06:00:19.514+0000] {processor.py:186} INFO - Started process (PID=382) to work on /home/airflow/.local/lib/python3.12/site-packages/airflow/example_dags/example_time_delta_sensor_async.py
[2025-01-07T06:00:19.516+0000] {processor.py:914} INFO - Processing file /home/airflow/.local/lib/python3.12/site-packages/airflow/example_dags/example_time_delta_sensor_async.py for tasks to queue
[2025-01-07T06:00:19.522+0000] {logging_mixin.py:190} INFO - [2025-01-07T06:00:19.521+0000] {dagbag.py:588} INFO - Filling up the DagBag from /home/airflow/.local/lib/python3.12/site-packages/airflow/example_dags/example_time_delta_sensor_async.py
[2025-01-07T06:00:19.535+0000] {processor.py:925} INFO - DAG(s) 'example_time_delta_sensor_async' retrieved from /home/airflow/.local/lib/python3.12/site-packages/airflow/example_dags/example_time_delta_sensor_async.py
[2025-01-07T06:00:19.580+0000] {logging_mixin.py:190} INFO - [2025-01-07T06:00:19.579+0000] {dag.py:3239} INFO - Sync 1 DAGs
[2025-01-07T06:00:19.616+0000] {logging_mixin.py:190} INFO - [2025-01-07T06:00:19.615+0000] {dag.py:4180} INFO - Setting next_dagrun for example_time_delta_sensor_async to None, run_after=None
[2025-01-07T06:00:19.656+0000] {processor.py:208} INFO - Processing /home/airflow/.local/lib/python3.12/site-packages/airflow/example_dags/example_time_delta_sensor_async.py took 0.156 seconds
[2025-01-07T06:00:49.790+0000] {processor.py:186} INFO - Started process (PID=448) to work on /home/airflow/.local/lib/python3.12/site-packages/airflow/example_dags/example_time_delta_sensor_async.py
[2025-01-07T06:00:49.792+0000] {processor.py:914} INFO - Processing file /home/airflow/.local/lib/python3.12/site-packages/airflow/example_dags/example_time_delta_sensor_async.py for tasks to queue
[2025-01-07T06:00:49.796+0000] {logging_mixin.py:190} INFO - [2025-01-07T06:00:49.796+0000] {dagbag.py:588} INFO - Filling up the DagBag from /home/airflow/.local/lib/python3.12/site-packages/airflow/example_dags/example_time_delta_sensor_async.py
[2025-01-07T06:00:49.806+0000] {processor.py:925} INFO - DAG(s) 'example_time_delta_sensor_async' retrieved from /home/airflow/.local/lib/python3.12/site-packages/airflow/example_dags/example_time_delta_sensor_async.py
[2025-01-07T06:00:49.834+0000] {logging_mixin.py:190} INFO - [2025-01-07T06:00:49.834+0000] {dag.py:3239} INFO - Sync 1 DAGs
[2025-01-07T06:00:49.854+0000] {logging_mixin.py:190} INFO - [2025-01-07T06:00:49.854+0000] {dag.py:4180} INFO - Setting next_dagrun for example_time_delta_sensor_async to None, run_after=None
[2025-01-07T06:00:49.879+0000] {processor.py:208} INFO - Processing /home/airflow/.local/lib/python3.12/site-packages/airflow/example_dags/example_time_delta_sensor_async.py took 0.097 seconds
[2025-01-07T06:01:20.173+0000] {processor.py:186} INFO - Started process (PID=514) to work on /home/airflow/.local/lib/python3.12/site-packages/airflow/example_dags/example_time_delta_sensor_async.py
[2025-01-07T06:01:20.175+0000] {processor.py:914} INFO - Processing file /home/airflow/.local/lib/python3.12/site-packages/airflow/example_dags/example_time_delta_sensor_async.py for tasks to queue
[2025-01-07T06:01:20.179+0000] {logging_mixin.py:190} INFO - [2025-01-07T06:01:20.179+0000] {dagbag.py:588} INFO - Filling up the DagBag from /home/airflow/.local/lib/python3.12/site-packages/airflow/example_dags/example_time_delta_sensor_async.py
[2025-01-07T06:01:20.189+0000] {processor.py:925} INFO - DAG(s) 'example_time_delta_sensor_async' retrieved from /home/airflow/.local/lib/python3.12/site-packages/airflow/example_dags/example_time_delta_sensor_async.py
[2025-01-07T06:01:20.227+0000] {logging_mixin.py:190} INFO - [2025-01-07T06:01:20.227+0000] {dag.py:3239} INFO - Sync 1 DAGs
[2025-01-07T06:01:20.249+0000] {logging_mixin.py:190} INFO - [2025-01-07T06:01:20.248+0000] {dag.py:4180} INFO - Setting next_dagrun for example_time_delta_sensor_async to None, run_after=None
[2025-01-07T06:01:20.285+0000] {processor.py:208} INFO - Processing /home/airflow/.local/lib/python3.12/site-packages/airflow/example_dags/example_time_delta_sensor_async.py took 0.122 seconds
[2025-01-07T06:01:51.055+0000] {processor.py:186} INFO - Started process (PID=579) to work on /home/airflow/.local/lib/python3.12/site-packages/airflow/example_dags/example_time_delta_sensor_async.py
[2025-01-07T06:01:51.057+0000] {processor.py:914} INFO - Processing file /home/airflow/.local/lib/python3.12/site-packages/airflow/example_dags/example_time_delta_sensor_async.py for tasks to queue
[2025-01-07T06:01:51.063+0000] {logging_mixin.py:190} INFO - [2025-01-07T06:01:51.063+0000] {dagbag.py:588} INFO - Filling up the DagBag from /home/airflow/.local/lib/python3.12/site-packages/airflow/example_dags/example_time_delta_sensor_async.py
[2025-01-07T06:01:51.080+0000] {processor.py:925} INFO - DAG(s) 'example_time_delta_sensor_async' retrieved from /home/airflow/.local/lib/python3.12/site-packages/airflow/example_dags/example_time_delta_sensor_async.py
[2025-01-07T06:01:51.124+0000] {logging_mixin.py:190} INFO - [2025-01-07T06:01:51.124+0000] {dag.py:3239} INFO - Sync 1 DAGs
[2025-01-07T06:01:51.148+0000] {logging_mixin.py:190} INFO - [2025-01-07T06:01:51.147+0000] {dag.py:4180} INFO - Setting next_dagrun for example_time_delta_sensor_async to None, run_after=None
[2025-01-07T06:01:51.183+0000] {processor.py:208} INFO - Processing /home/airflow/.local/lib/python3.12/site-packages/airflow/example_dags/example_time_delta_sensor_async.py took 0.139 seconds
[2025-01-07T06:02:21.845+0000] {processor.py:186} INFO - Started process (PID=646) to work on /home/airflow/.local/lib/python3.12/site-packages/airflow/example_dags/example_time_delta_sensor_async.py
[2025-01-07T06:02:21.846+0000] {processor.py:914} INFO - Processing file /home/airflow/.local/lib/python3.12/site-packages/airflow/example_dags/example_time_delta_sensor_async.py for tasks to queue
[2025-01-07T06:02:21.850+0000] {logging_mixin.py:190} INFO - [2025-01-07T06:02:21.850+0000] {dagbag.py:588} INFO - Filling up the DagBag from /home/airflow/.local/lib/python3.12/site-packages/airflow/example_dags/example_time_delta_sensor_async.py
[2025-01-07T06:02:21.864+0000] {processor.py:925} INFO - DAG(s) 'example_time_delta_sensor_async' retrieved from /home/airflow/.local/lib/python3.12/site-packages/airflow/example_dags/example_time_delta_sensor_async.py
[2025-01-07T06:02:21.893+0000] {logging_mixin.py:190} INFO - [2025-01-07T06:02:21.893+0000] {dag.py:3239} INFO - Sync 1 DAGs
[2025-01-07T06:02:21.913+0000] {logging_mixin.py:190} INFO - [2025-01-07T06:02:21.913+0000] {dag.py:4180} INFO - Setting next_dagrun for example_time_delta_sensor_async to None, run_after=None
[2025-01-07T06:02:21.943+0000] {processor.py:208} INFO - Processing /home/airflow/.local/lib/python3.12/site-packages/airflow/example_dags/example_time_delta_sensor_async.py took 0.107 seconds
[2025-01-07T06:02:53.009+0000] {processor.py:186} INFO - Started process (PID=712) to work on /home/airflow/.local/lib/python3.12/site-packages/airflow/example_dags/example_time_delta_sensor_async.py
[2025-01-07T06:02:53.011+0000] {processor.py:914} INFO - Processing file /home/airflow/.local/lib/python3.12/site-packages/airflow/example_dags/example_time_delta_sensor_async.py for tasks to queue
[2025-01-07T06:02:53.018+0000] {logging_mixin.py:190} INFO - [2025-01-07T06:02:53.018+0000] {dagbag.py:588} INFO - Filling up the DagBag from /home/airflow/.local/lib/python3.12/site-packages/airflow/example_dags/example_time_delta_sensor_async.py
[2025-01-07T06:02:53.040+0000] {processor.py:925} INFO - DAG(s) 'example_time_delta_sensor_async' retrieved from /home/airflow/.local/lib/python3.12/site-packages/airflow/example_dags/example_time_delta_sensor_async.py
[2025-01-07T06:02:53.119+0000] {logging_mixin.py:190} INFO - [2025-01-07T06:02:53.118+0000] {dag.py:3239} INFO - Sync 1 DAGs
[2025-01-07T06:02:53.164+0000] {logging_mixin.py:190} INFO - [2025-01-07T06:02:53.163+0000] {dag.py:4180} INFO - Setting next_dagrun for example_time_delta_sensor_async to None, run_after=None
[2025-01-07T06:02:53.215+0000] {processor.py:208} INFO - Processing /home/airflow/.local/lib/python3.12/site-packages/airflow/example_dags/example_time_delta_sensor_async.py took 0.219 seconds
[2025-01-07T06:03:23.587+0000] {processor.py:186} INFO - Started process (PID=777) to work on /home/airflow/.local/lib/python3.12/site-packages/airflow/example_dags/example_time_delta_sensor_async.py
[2025-01-07T06:03:23.589+0000] {processor.py:914} INFO - Processing file /home/airflow/.local/lib/python3.12/site-packages/airflow/example_dags/example_time_delta_sensor_async.py for tasks to queue
[2025-01-07T06:03:23.597+0000] {logging_mixin.py:190} INFO - [2025-01-07T06:03:23.596+0000] {dagbag.py:588} INFO - Filling up the DagBag from /home/airflow/.local/lib/python3.12/site-packages/airflow/example_dags/example_time_delta_sensor_async.py
[2025-01-07T06:03:23.615+0000] {processor.py:925} INFO - DAG(s) 'example_time_delta_sensor_async' retrieved from /home/airflow/.local/lib/python3.12/site-packages/airflow/example_dags/example_time_delta_sensor_async.py
[2025-01-07T06:03:23.653+0000] {logging_mixin.py:190} INFO - [2025-01-07T06:03:23.653+0000] {dag.py:3239} INFO - Sync 1 DAGs
[2025-01-07T06:03:23.684+0000] {logging_mixin.py:190} INFO - [2025-01-07T06:03:23.683+0000] {dag.py:4180} INFO - Setting next_dagrun for example_time_delta_sensor_async to None, run_after=None
[2025-01-07T06:03:23.718+0000] {processor.py:208} INFO - Processing /home/airflow/.local/lib/python3.12/site-packages/airflow/example_dags/example_time_delta_sensor_async.py took 0.141 seconds
