[2025-01-07T05:57:48.309+0000] {processor.py:186} INFO - Started process (PID=68) to work on /home/airflow/.local/lib/python3.12/site-packages/airflow/example_dags/example_branch_python_dop_operator_3.py
[2025-01-07T05:57:48.313+0000] {processor.py:914} INFO - Processing file /home/airflow/.local/lib/python3.12/site-packages/airflow/example_dags/example_branch_python_dop_operator_3.py for tasks to queue
[2025-01-07T05:57:48.317+0000] {logging_mixin.py:190} INFO - [2025-01-07T05:57:48.317+0000] {dagbag.py:588} INFO - Filling up the DagBag from /home/airflow/.local/lib/python3.12/site-packages/airflow/example_dags/example_branch_python_dop_operator_3.py
[2025-01-07T05:57:48.344+0000] {processor.py:925} INFO - DAG(s) 'example_branch_dop_operator_v3' retrieved from /home/airflow/.local/lib/python3.12/site-packages/airflow/example_dags/example_branch_python_dop_operator_3.py
[2025-01-07T05:57:48.389+0000] {logging_mixin.py:190} INFO - [2025-01-07T05:57:48.389+0000] {dag.py:3239} INFO - Sync 1 DAGs
[2025-01-07T05:57:48.439+0000] {logging_mixin.py:190} INFO - [2025-01-07T05:57:48.438+0000] {dag.py:4180} INFO - Setting next_dagrun for example_branch_dop_operator_v3 to 2025-01-07 05:56:00+00:00, run_after=2025-01-07 05:57:00+00:00
[2025-01-07T05:57:48.484+0000] {processor.py:208} INFO - Processing /home/airflow/.local/lib/python3.12/site-packages/airflow/example_dags/example_branch_python_dop_operator_3.py took 0.186 seconds
[2025-01-07T05:58:18.905+0000] {processor.py:186} INFO - Started process (PID=134) to work on /home/airflow/.local/lib/python3.12/site-packages/airflow/example_dags/example_branch_python_dop_operator_3.py
[2025-01-07T05:58:18.908+0000] {processor.py:914} INFO - Processing file /home/airflow/.local/lib/python3.12/site-packages/airflow/example_dags/example_branch_python_dop_operator_3.py for tasks to queue
[2025-01-07T05:58:18.914+0000] {logging_mixin.py:190} INFO - [2025-01-07T05:58:18.914+0000] {dagbag.py:588} INFO - Filling up the DagBag from /home/airflow/.local/lib/python3.12/site-packages/airflow/example_dags/example_branch_python_dop_operator_3.py
[2025-01-07T05:58:18.938+0000] {processor.py:925} INFO - DAG(s) 'example_branch_dop_operator_v3' retrieved from /home/airflow/.local/lib/python3.12/site-packages/airflow/example_dags/example_branch_python_dop_operator_3.py
[2025-01-07T05:58:18.995+0000] {logging_mixin.py:190} INFO - [2025-01-07T05:58:18.994+0000] {dag.py:3239} INFO - Sync 1 DAGs
[2025-01-07T05:58:19.089+0000] {logging_mixin.py:190} INFO - [2025-01-07T05:58:19.088+0000] {dag.py:4180} INFO - Setting next_dagrun for example_branch_dop_operator_v3 to 2025-01-07 05:57:00+00:00, run_after=2025-01-07 05:58:00+00:00
[2025-01-07T05:58:19.224+0000] {processor.py:208} INFO - Processing /home/airflow/.local/lib/python3.12/site-packages/airflow/example_dags/example_branch_python_dop_operator_3.py took 0.334 seconds
[2025-01-07T05:58:49.665+0000] {processor.py:186} INFO - Started process (PID=200) to work on /home/airflow/.local/lib/python3.12/site-packages/airflow/example_dags/example_branch_python_dop_operator_3.py
[2025-01-07T05:58:49.667+0000] {processor.py:914} INFO - Processing file /home/airflow/.local/lib/python3.12/site-packages/airflow/example_dags/example_branch_python_dop_operator_3.py for tasks to queue
[2025-01-07T05:58:49.673+0000] {logging_mixin.py:190} INFO - [2025-01-07T05:58:49.672+0000] {dagbag.py:588} INFO - Filling up the DagBag from /home/airflow/.local/lib/python3.12/site-packages/airflow/example_dags/example_branch_python_dop_operator_3.py
[2025-01-07T05:58:49.689+0000] {processor.py:925} INFO - DAG(s) 'example_branch_dop_operator_v3' retrieved from /home/airflow/.local/lib/python3.12/site-packages/airflow/example_dags/example_branch_python_dop_operator_3.py
[2025-01-07T05:58:49.731+0000] {logging_mixin.py:190} INFO - [2025-01-07T05:58:49.729+0000] {dag.py:3239} INFO - Sync 1 DAGs
[2025-01-07T05:58:49.777+0000] {logging_mixin.py:190} INFO - [2025-01-07T05:58:49.776+0000] {dag.py:4180} INFO - Setting next_dagrun for example_branch_dop_operator_v3 to 2025-01-07 05:57:00+00:00, run_after=2025-01-07 05:58:00+00:00
[2025-01-07T05:58:49.815+0000] {processor.py:208} INFO - Processing /home/airflow/.local/lib/python3.12/site-packages/airflow/example_dags/example_branch_python_dop_operator_3.py took 0.162 seconds
[2025-01-07T05:59:20.787+0000] {processor.py:186} INFO - Started process (PID=266) to work on /home/airflow/.local/lib/python3.12/site-packages/airflow/example_dags/example_branch_python_dop_operator_3.py
[2025-01-07T05:59:20.789+0000] {processor.py:914} INFO - Processing file /home/airflow/.local/lib/python3.12/site-packages/airflow/example_dags/example_branch_python_dop_operator_3.py for tasks to queue
[2025-01-07T05:59:20.793+0000] {logging_mixin.py:190} INFO - [2025-01-07T05:59:20.792+0000] {dagbag.py:588} INFO - Filling up the DagBag from /home/airflow/.local/lib/python3.12/site-packages/airflow/example_dags/example_branch_python_dop_operator_3.py
[2025-01-07T05:59:20.810+0000] {processor.py:925} INFO - DAG(s) 'example_branch_dop_operator_v3' retrieved from /home/airflow/.local/lib/python3.12/site-packages/airflow/example_dags/example_branch_python_dop_operator_3.py
[2025-01-07T05:59:20.841+0000] {logging_mixin.py:190} INFO - [2025-01-07T05:59:20.840+0000] {dag.py:3239} INFO - Sync 1 DAGs
[2025-01-07T05:59:20.876+0000] {logging_mixin.py:190} INFO - [2025-01-07T05:59:20.876+0000] {dag.py:4180} INFO - Setting next_dagrun for example_branch_dop_operator_v3 to 2025-01-07 05:58:00+00:00, run_after=2025-01-07 05:59:00+00:00
[2025-01-07T05:59:20.907+0000] {processor.py:208} INFO - Processing /home/airflow/.local/lib/python3.12/site-packages/airflow/example_dags/example_branch_python_dop_operator_3.py took 0.127 seconds
[2025-01-07T05:59:51.372+0000] {processor.py:186} INFO - Started process (PID=333) to work on /home/airflow/.local/lib/python3.12/site-packages/airflow/example_dags/example_branch_python_dop_operator_3.py
[2025-01-07T05:59:51.374+0000] {processor.py:914} INFO - Processing file /home/airflow/.local/lib/python3.12/site-packages/airflow/example_dags/example_branch_python_dop_operator_3.py for tasks to queue
[2025-01-07T05:59:51.378+0000] {logging_mixin.py:190} INFO - [2025-01-07T05:59:51.378+0000] {dagbag.py:588} INFO - Filling up the DagBag from /home/airflow/.local/lib/python3.12/site-packages/airflow/example_dags/example_branch_python_dop_operator_3.py
[2025-01-07T05:59:51.394+0000] {processor.py:925} INFO - DAG(s) 'example_branch_dop_operator_v3' retrieved from /home/airflow/.local/lib/python3.12/site-packages/airflow/example_dags/example_branch_python_dop_operator_3.py
[2025-01-07T05:59:51.430+0000] {logging_mixin.py:190} INFO - [2025-01-07T05:59:51.430+0000] {dag.py:3239} INFO - Sync 1 DAGs
[2025-01-07T05:59:51.484+0000] {logging_mixin.py:190} INFO - [2025-01-07T05:59:51.484+0000] {dag.py:4180} INFO - Setting next_dagrun for example_branch_dop_operator_v3 to 2025-01-07 05:58:00+00:00, run_after=2025-01-07 05:59:00+00:00
[2025-01-07T05:59:51.520+0000] {processor.py:208} INFO - Processing /home/airflow/.local/lib/python3.12/site-packages/airflow/example_dags/example_branch_python_dop_operator_3.py took 0.156 seconds
[2025-01-07T06:00:23.947+0000] {processor.py:186} INFO - Started process (PID=399) to work on /home/airflow/.local/lib/python3.12/site-packages/airflow/example_dags/example_branch_python_dop_operator_3.py
[2025-01-07T06:00:23.950+0000] {processor.py:914} INFO - Processing file /home/airflow/.local/lib/python3.12/site-packages/airflow/example_dags/example_branch_python_dop_operator_3.py for tasks to queue
[2025-01-07T06:00:23.958+0000] {logging_mixin.py:190} INFO - [2025-01-07T06:00:23.957+0000] {dagbag.py:588} INFO - Filling up the DagBag from /home/airflow/.local/lib/python3.12/site-packages/airflow/example_dags/example_branch_python_dop_operator_3.py
[2025-01-07T06:00:23.991+0000] {processor.py:925} INFO - DAG(s) 'example_branch_dop_operator_v3' retrieved from /home/airflow/.local/lib/python3.12/site-packages/airflow/example_dags/example_branch_python_dop_operator_3.py
[2025-01-07T06:00:24.123+0000] {logging_mixin.py:190} INFO - [2025-01-07T06:00:24.121+0000] {dag.py:3239} INFO - Sync 1 DAGs
[2025-01-07T06:00:24.253+0000] {logging_mixin.py:190} INFO - [2025-01-07T06:00:24.251+0000] {dag.py:4180} INFO - Setting next_dagrun for example_branch_dop_operator_v3 to 2025-01-07 05:59:00+00:00, run_after=2025-01-07 06:00:00+00:00
[2025-01-07T06:00:24.297+0000] {processor.py:208} INFO - Processing /home/airflow/.local/lib/python3.12/site-packages/airflow/example_dags/example_branch_python_dop_operator_3.py took 0.367 seconds
[2025-01-07T06:00:54.901+0000] {processor.py:186} INFO - Started process (PID=465) to work on /home/airflow/.local/lib/python3.12/site-packages/airflow/example_dags/example_branch_python_dop_operator_3.py
[2025-01-07T06:00:54.906+0000] {processor.py:914} INFO - Processing file /home/airflow/.local/lib/python3.12/site-packages/airflow/example_dags/example_branch_python_dop_operator_3.py for tasks to queue
[2025-01-07T06:00:54.912+0000] {logging_mixin.py:190} INFO - [2025-01-07T06:00:54.911+0000] {dagbag.py:588} INFO - Filling up the DagBag from /home/airflow/.local/lib/python3.12/site-packages/airflow/example_dags/example_branch_python_dop_operator_3.py
[2025-01-07T06:00:54.930+0000] {processor.py:925} INFO - DAG(s) 'example_branch_dop_operator_v3' retrieved from /home/airflow/.local/lib/python3.12/site-packages/airflow/example_dags/example_branch_python_dop_operator_3.py
[2025-01-07T06:00:54.965+0000] {logging_mixin.py:190} INFO - [2025-01-07T06:00:54.964+0000] {dag.py:3239} INFO - Sync 1 DAGs
[2025-01-07T06:00:55.011+0000] {logging_mixin.py:190} INFO - [2025-01-07T06:00:55.011+0000] {dag.py:4180} INFO - Setting next_dagrun for example_branch_dop_operator_v3 to 2025-01-07 05:59:00+00:00, run_after=2025-01-07 06:00:00+00:00
[2025-01-07T06:00:55.040+0000] {processor.py:208} INFO - Processing /home/airflow/.local/lib/python3.12/site-packages/airflow/example_dags/example_branch_python_dop_operator_3.py took 0.152 seconds
[2025-01-07T06:01:25.377+0000] {processor.py:186} INFO - Started process (PID=531) to work on /home/airflow/.local/lib/python3.12/site-packages/airflow/example_dags/example_branch_python_dop_operator_3.py
[2025-01-07T06:01:25.379+0000] {processor.py:914} INFO - Processing file /home/airflow/.local/lib/python3.12/site-packages/airflow/example_dags/example_branch_python_dop_operator_3.py for tasks to queue
[2025-01-07T06:01:25.385+0000] {logging_mixin.py:190} INFO - [2025-01-07T06:01:25.384+0000] {dagbag.py:588} INFO - Filling up the DagBag from /home/airflow/.local/lib/python3.12/site-packages/airflow/example_dags/example_branch_python_dop_operator_3.py
[2025-01-07T06:01:25.410+0000] {processor.py:925} INFO - DAG(s) 'example_branch_dop_operator_v3' retrieved from /home/airflow/.local/lib/python3.12/site-packages/airflow/example_dags/example_branch_python_dop_operator_3.py
[2025-01-07T06:01:25.453+0000] {logging_mixin.py:190} INFO - [2025-01-07T06:01:25.450+0000] {dag.py:3239} INFO - Sync 1 DAGs
[2025-01-07T06:01:25.493+0000] {logging_mixin.py:190} INFO - [2025-01-07T06:01:25.493+0000] {dag.py:4180} INFO - Setting next_dagrun for example_branch_dop_operator_v3 to 2025-01-07 06:00:00+00:00, run_after=2025-01-07 06:01:00+00:00
[2025-01-07T06:01:25.531+0000] {processor.py:208} INFO - Processing /home/airflow/.local/lib/python3.12/site-packages/airflow/example_dags/example_branch_python_dop_operator_3.py took 0.162 seconds
[2025-01-07T06:01:55.954+0000] {processor.py:186} INFO - Started process (PID=597) to work on /home/airflow/.local/lib/python3.12/site-packages/airflow/example_dags/example_branch_python_dop_operator_3.py
[2025-01-07T06:01:55.956+0000] {processor.py:914} INFO - Processing file /home/airflow/.local/lib/python3.12/site-packages/airflow/example_dags/example_branch_python_dop_operator_3.py for tasks to queue
[2025-01-07T06:01:55.959+0000] {logging_mixin.py:190} INFO - [2025-01-07T06:01:55.959+0000] {dagbag.py:588} INFO - Filling up the DagBag from /home/airflow/.local/lib/python3.12/site-packages/airflow/example_dags/example_branch_python_dop_operator_3.py
[2025-01-07T06:01:55.975+0000] {processor.py:925} INFO - DAG(s) 'example_branch_dop_operator_v3' retrieved from /home/airflow/.local/lib/python3.12/site-packages/airflow/example_dags/example_branch_python_dop_operator_3.py
[2025-01-07T06:01:56.013+0000] {logging_mixin.py:190} INFO - [2025-01-07T06:01:56.012+0000] {dag.py:3239} INFO - Sync 1 DAGs
[2025-01-07T06:01:56.056+0000] {logging_mixin.py:190} INFO - [2025-01-07T06:01:56.056+0000] {dag.py:4180} INFO - Setting next_dagrun for example_branch_dop_operator_v3 to 2025-01-07 06:00:00+00:00, run_after=2025-01-07 06:01:00+00:00
[2025-01-07T06:01:56.086+0000] {processor.py:208} INFO - Processing /home/airflow/.local/lib/python3.12/site-packages/airflow/example_dags/example_branch_python_dop_operator_3.py took 0.142 seconds
[2025-01-07T06:02:26.299+0000] {processor.py:186} INFO - Started process (PID=663) to work on /home/airflow/.local/lib/python3.12/site-packages/airflow/example_dags/example_branch_python_dop_operator_3.py
[2025-01-07T06:02:26.303+0000] {processor.py:914} INFO - Processing file /home/airflow/.local/lib/python3.12/site-packages/airflow/example_dags/example_branch_python_dop_operator_3.py for tasks to queue
[2025-01-07T06:02:26.310+0000] {logging_mixin.py:190} INFO - [2025-01-07T06:02:26.309+0000] {dagbag.py:588} INFO - Filling up the DagBag from /home/airflow/.local/lib/python3.12/site-packages/airflow/example_dags/example_branch_python_dop_operator_3.py
[2025-01-07T06:02:26.334+0000] {processor.py:925} INFO - DAG(s) 'example_branch_dop_operator_v3' retrieved from /home/airflow/.local/lib/python3.12/site-packages/airflow/example_dags/example_branch_python_dop_operator_3.py
[2025-01-07T06:02:26.367+0000] {logging_mixin.py:190} INFO - [2025-01-07T06:02:26.367+0000] {dag.py:3239} INFO - Sync 1 DAGs
[2025-01-07T06:02:26.409+0000] {logging_mixin.py:190} INFO - [2025-01-07T06:02:26.409+0000] {dag.py:4180} INFO - Setting next_dagrun for example_branch_dop_operator_v3 to 2025-01-07 06:01:00+00:00, run_after=2025-01-07 06:02:00+00:00
[2025-01-07T06:02:26.456+0000] {processor.py:208} INFO - Processing /home/airflow/.local/lib/python3.12/site-packages/airflow/example_dags/example_branch_python_dop_operator_3.py took 0.170 seconds
[2025-01-07T06:02:56.821+0000] {processor.py:186} INFO - Started process (PID=729) to work on /home/airflow/.local/lib/python3.12/site-packages/airflow/example_dags/example_branch_python_dop_operator_3.py
[2025-01-07T06:02:56.823+0000] {processor.py:914} INFO - Processing file /home/airflow/.local/lib/python3.12/site-packages/airflow/example_dags/example_branch_python_dop_operator_3.py for tasks to queue
[2025-01-07T06:02:56.826+0000] {logging_mixin.py:190} INFO - [2025-01-07T06:02:56.826+0000] {dagbag.py:588} INFO - Filling up the DagBag from /home/airflow/.local/lib/python3.12/site-packages/airflow/example_dags/example_branch_python_dop_operator_3.py
[2025-01-07T06:02:56.843+0000] {processor.py:925} INFO - DAG(s) 'example_branch_dop_operator_v3' retrieved from /home/airflow/.local/lib/python3.12/site-packages/airflow/example_dags/example_branch_python_dop_operator_3.py
[2025-01-07T06:02:56.878+0000] {logging_mixin.py:190} INFO - [2025-01-07T06:02:56.877+0000] {dag.py:3239} INFO - Sync 1 DAGs
[2025-01-07T06:02:56.924+0000] {logging_mixin.py:190} INFO - [2025-01-07T06:02:56.923+0000] {dag.py:4180} INFO - Setting next_dagrun for example_branch_dop_operator_v3 to 2025-01-07 06:01:00+00:00, run_after=2025-01-07 06:02:00+00:00
[2025-01-07T06:02:56.955+0000] {processor.py:208} INFO - Processing /home/airflow/.local/lib/python3.12/site-packages/airflow/example_dags/example_branch_python_dop_operator_3.py took 0.142 seconds
[2025-01-07T06:03:28.015+0000] {processor.py:186} INFO - Started process (PID=794) to work on /home/airflow/.local/lib/python3.12/site-packages/airflow/example_dags/example_branch_python_dop_operator_3.py
[2025-01-07T06:03:28.017+0000] {processor.py:914} INFO - Processing file /home/airflow/.local/lib/python3.12/site-packages/airflow/example_dags/example_branch_python_dop_operator_3.py for tasks to queue
[2025-01-07T06:03:28.025+0000] {logging_mixin.py:190} INFO - [2025-01-07T06:03:28.024+0000] {dagbag.py:588} INFO - Filling up the DagBag from /home/airflow/.local/lib/python3.12/site-packages/airflow/example_dags/example_branch_python_dop_operator_3.py
[2025-01-07T06:03:28.055+0000] {processor.py:925} INFO - DAG(s) 'example_branch_dop_operator_v3' retrieved from /home/airflow/.local/lib/python3.12/site-packages/airflow/example_dags/example_branch_python_dop_operator_3.py
[2025-01-07T06:03:28.125+0000] {logging_mixin.py:190} INFO - [2025-01-07T06:03:28.124+0000] {dag.py:3239} INFO - Sync 1 DAGs
[2025-01-07T06:03:28.205+0000] {logging_mixin.py:190} INFO - [2025-01-07T06:03:28.205+0000] {dag.py:4180} INFO - Setting next_dagrun for example_branch_dop_operator_v3 to 2025-01-07 06:02:00+00:00, run_after=2025-01-07 06:03:00+00:00
[2025-01-07T06:03:28.259+0000] {processor.py:208} INFO - Processing /home/airflow/.local/lib/python3.12/site-packages/airflow/example_dags/example_branch_python_dop_operator_3.py took 0.258 seconds
