[2025-01-07T05:57:46.320+0000] {processor.py:186} INFO - Started process (PID=57) to work on /home/airflow/.local/lib/python3.12/site-packages/airflow/example_dags/example_dataset_alias.py
[2025-01-07T05:57:46.323+0000] {processor.py:914} INFO - Processing file /home/airflow/.local/lib/python3.12/site-packages/airflow/example_dags/example_dataset_alias.py for tasks to queue
[2025-01-07T05:57:46.329+0000] {logging_mixin.py:190} INFO - [2025-01-07T05:57:46.327+0000] {dagbag.py:588} INFO - Filling up the DagBag from /home/airflow/.local/lib/python3.12/site-packages/airflow/example_dags/example_dataset_alias.py
[2025-01-07T05:57:46.584+0000] {processor.py:925} INFO - DAG(s) 'dataset_alias_example_alias_producer', 'dataset_s3_bucket_producer', 'dataset_alias_example_alias_consumer', 'dataset_s3_bucket_consumer' retrieved from /home/airflow/.local/lib/python3.12/site-packages/airflow/example_dags/example_dataset_alias.py
[2025-01-07T05:57:46.638+0000] {logging_mixin.py:190} INFO - [2025-01-07T05:57:46.638+0000] {dag.py:3239} INFO - Sync 4 DAGs
[2025-01-07T05:57:46.685+0000] {logging_mixin.py:190} INFO - [2025-01-07T05:57:46.685+0000] {dag.py:4180} INFO - Setting next_dagrun for dataset_alias_example_alias_consumer to None, run_after=None
[2025-01-07T05:57:46.692+0000] {logging_mixin.py:190} INFO - [2025-01-07T05:57:46.691+0000] {dag.py:4180} INFO - Setting next_dagrun for dataset_alias_example_alias_producer to None, run_after=None
[2025-01-07T05:57:46.699+0000] {logging_mixin.py:190} INFO - [2025-01-07T05:57:46.699+0000] {dag.py:4180} INFO - Setting next_dagrun for dataset_s3_bucket_consumer to None, run_after=None
[2025-01-07T05:57:46.702+0000] {logging_mixin.py:190} INFO - [2025-01-07T05:57:46.702+0000] {dag.py:4180} INFO - Setting next_dagrun for dataset_s3_bucket_producer to None, run_after=None
[2025-01-07T05:57:46.752+0000] {processor.py:208} INFO - Processing /home/airflow/.local/lib/python3.12/site-packages/airflow/example_dags/example_dataset_alias.py took 0.445 seconds
[2025-01-07T05:58:17.131+0000] {processor.py:186} INFO - Started process (PID=124) to work on /home/airflow/.local/lib/python3.12/site-packages/airflow/example_dags/example_dataset_alias.py
[2025-01-07T05:58:17.133+0000] {processor.py:914} INFO - Processing file /home/airflow/.local/lib/python3.12/site-packages/airflow/example_dags/example_dataset_alias.py for tasks to queue
[2025-01-07T05:58:17.137+0000] {logging_mixin.py:190} INFO - [2025-01-07T05:58:17.136+0000] {dagbag.py:588} INFO - Filling up the DagBag from /home/airflow/.local/lib/python3.12/site-packages/airflow/example_dags/example_dataset_alias.py
[2025-01-07T05:58:17.370+0000] {processor.py:925} INFO - DAG(s) 'dataset_alias_example_alias_producer', 'dataset_s3_bucket_consumer', 'dataset_s3_bucket_producer', 'dataset_alias_example_alias_consumer' retrieved from /home/airflow/.local/lib/python3.12/site-packages/airflow/example_dags/example_dataset_alias.py
[2025-01-07T05:58:17.430+0000] {logging_mixin.py:190} INFO - [2025-01-07T05:58:17.429+0000] {dag.py:3239} INFO - Sync 4 DAGs
[2025-01-07T05:58:17.503+0000] {logging_mixin.py:190} INFO - [2025-01-07T05:58:17.502+0000] {dag.py:4180} INFO - Setting next_dagrun for dataset_alias_example_alias_consumer to None, run_after=None
[2025-01-07T05:58:17.511+0000] {logging_mixin.py:190} INFO - [2025-01-07T05:58:17.511+0000] {dag.py:4180} INFO - Setting next_dagrun for dataset_alias_example_alias_producer to None, run_after=None
[2025-01-07T05:58:17.516+0000] {logging_mixin.py:190} INFO - [2025-01-07T05:58:17.516+0000] {dag.py:4180} INFO - Setting next_dagrun for dataset_s3_bucket_consumer to None, run_after=None
[2025-01-07T05:58:17.521+0000] {logging_mixin.py:190} INFO - [2025-01-07T05:58:17.521+0000] {dag.py:4180} INFO - Setting next_dagrun for dataset_s3_bucket_producer to None, run_after=None
[2025-01-07T05:58:17.584+0000] {processor.py:208} INFO - Processing /home/airflow/.local/lib/python3.12/site-packages/airflow/example_dags/example_dataset_alias.py took 0.461 seconds
[2025-01-07T05:58:48.403+0000] {processor.py:186} INFO - Started process (PID=189) to work on /home/airflow/.local/lib/python3.12/site-packages/airflow/example_dags/example_dataset_alias.py
[2025-01-07T05:58:48.407+0000] {processor.py:914} INFO - Processing file /home/airflow/.local/lib/python3.12/site-packages/airflow/example_dags/example_dataset_alias.py for tasks to queue
[2025-01-07T05:58:48.416+0000] {logging_mixin.py:190} INFO - [2025-01-07T05:58:48.414+0000] {dagbag.py:588} INFO - Filling up the DagBag from /home/airflow/.local/lib/python3.12/site-packages/airflow/example_dags/example_dataset_alias.py
[2025-01-07T05:58:48.644+0000] {processor.py:925} INFO - DAG(s) 'dataset_s3_bucket_consumer', 'dataset_s3_bucket_producer', 'dataset_alias_example_alias_consumer', 'dataset_alias_example_alias_producer' retrieved from /home/airflow/.local/lib/python3.12/site-packages/airflow/example_dags/example_dataset_alias.py
[2025-01-07T05:58:48.685+0000] {logging_mixin.py:190} INFO - [2025-01-07T05:58:48.684+0000] {dag.py:3239} INFO - Sync 4 DAGs
[2025-01-07T05:58:48.719+0000] {logging_mixin.py:190} INFO - [2025-01-07T05:58:48.719+0000] {dag.py:4180} INFO - Setting next_dagrun for dataset_alias_example_alias_consumer to None, run_after=None
[2025-01-07T05:58:48.723+0000] {logging_mixin.py:190} INFO - [2025-01-07T05:58:48.723+0000] {dag.py:4180} INFO - Setting next_dagrun for dataset_alias_example_alias_producer to None, run_after=None
[2025-01-07T05:58:48.726+0000] {logging_mixin.py:190} INFO - [2025-01-07T05:58:48.726+0000] {dag.py:4180} INFO - Setting next_dagrun for dataset_s3_bucket_consumer to None, run_after=None
[2025-01-07T05:58:48.729+0000] {logging_mixin.py:190} INFO - [2025-01-07T05:58:48.729+0000] {dag.py:4180} INFO - Setting next_dagrun for dataset_s3_bucket_producer to None, run_after=None
[2025-01-07T05:58:48.765+0000] {processor.py:208} INFO - Processing /home/airflow/.local/lib/python3.12/site-packages/airflow/example_dags/example_dataset_alias.py took 0.378 seconds
[2025-01-07T05:59:19.389+0000] {processor.py:186} INFO - Started process (PID=255) to work on /home/airflow/.local/lib/python3.12/site-packages/airflow/example_dags/example_dataset_alias.py
[2025-01-07T05:59:19.391+0000] {processor.py:914} INFO - Processing file /home/airflow/.local/lib/python3.12/site-packages/airflow/example_dags/example_dataset_alias.py for tasks to queue
[2025-01-07T05:59:19.398+0000] {logging_mixin.py:190} INFO - [2025-01-07T05:59:19.397+0000] {dagbag.py:588} INFO - Filling up the DagBag from /home/airflow/.local/lib/python3.12/site-packages/airflow/example_dags/example_dataset_alias.py
[2025-01-07T05:59:19.700+0000] {processor.py:925} INFO - DAG(s) 'dataset_alias_example_alias_producer', 'dataset_alias_example_alias_consumer', 'dataset_s3_bucket_consumer', 'dataset_s3_bucket_producer' retrieved from /home/airflow/.local/lib/python3.12/site-packages/airflow/example_dags/example_dataset_alias.py
[2025-01-07T05:59:19.783+0000] {logging_mixin.py:190} INFO - [2025-01-07T05:59:19.777+0000] {dag.py:3239} INFO - Sync 4 DAGs
[2025-01-07T05:59:19.833+0000] {logging_mixin.py:190} INFO - [2025-01-07T05:59:19.833+0000] {dag.py:4180} INFO - Setting next_dagrun for dataset_alias_example_alias_consumer to None, run_after=None
[2025-01-07T05:59:19.843+0000] {logging_mixin.py:190} INFO - [2025-01-07T05:59:19.843+0000] {dag.py:4180} INFO - Setting next_dagrun for dataset_alias_example_alias_producer to None, run_after=None
[2025-01-07T05:59:19.845+0000] {logging_mixin.py:190} INFO - [2025-01-07T05:59:19.845+0000] {dag.py:4180} INFO - Setting next_dagrun for dataset_s3_bucket_consumer to None, run_after=None
[2025-01-07T05:59:19.848+0000] {logging_mixin.py:190} INFO - [2025-01-07T05:59:19.848+0000] {dag.py:4180} INFO - Setting next_dagrun for dataset_s3_bucket_producer to None, run_after=None
[2025-01-07T05:59:19.893+0000] {processor.py:208} INFO - Processing /home/airflow/.local/lib/python3.12/site-packages/airflow/example_dags/example_dataset_alias.py took 0.521 seconds
[2025-01-07T05:59:50.086+0000] {processor.py:186} INFO - Started process (PID=322) to work on /home/airflow/.local/lib/python3.12/site-packages/airflow/example_dags/example_dataset_alias.py
[2025-01-07T05:59:50.087+0000] {processor.py:914} INFO - Processing file /home/airflow/.local/lib/python3.12/site-packages/airflow/example_dags/example_dataset_alias.py for tasks to queue
[2025-01-07T05:59:50.093+0000] {logging_mixin.py:190} INFO - [2025-01-07T05:59:50.092+0000] {dagbag.py:588} INFO - Filling up the DagBag from /home/airflow/.local/lib/python3.12/site-packages/airflow/example_dags/example_dataset_alias.py
[2025-01-07T05:59:50.281+0000] {processor.py:925} INFO - DAG(s) 'dataset_s3_bucket_producer', 'dataset_s3_bucket_consumer', 'dataset_alias_example_alias_consumer', 'dataset_alias_example_alias_producer' retrieved from /home/airflow/.local/lib/python3.12/site-packages/airflow/example_dags/example_dataset_alias.py
[2025-01-07T05:59:50.314+0000] {logging_mixin.py:190} INFO - [2025-01-07T05:59:50.313+0000] {dag.py:3239} INFO - Sync 4 DAGs
[2025-01-07T05:59:50.343+0000] {logging_mixin.py:190} INFO - [2025-01-07T05:59:50.343+0000] {dag.py:4180} INFO - Setting next_dagrun for dataset_alias_example_alias_consumer to None, run_after=None
[2025-01-07T05:59:50.347+0000] {logging_mixin.py:190} INFO - [2025-01-07T05:59:50.347+0000] {dag.py:4180} INFO - Setting next_dagrun for dataset_alias_example_alias_producer to None, run_after=None
[2025-01-07T05:59:50.350+0000] {logging_mixin.py:190} INFO - [2025-01-07T05:59:50.350+0000] {dag.py:4180} INFO - Setting next_dagrun for dataset_s3_bucket_consumer to None, run_after=None
[2025-01-07T05:59:50.353+0000] {logging_mixin.py:190} INFO - [2025-01-07T05:59:50.352+0000] {dag.py:4180} INFO - Setting next_dagrun for dataset_s3_bucket_producer to None, run_after=None
[2025-01-07T05:59:50.389+0000] {processor.py:208} INFO - Processing /home/airflow/.local/lib/python3.12/site-packages/airflow/example_dags/example_dataset_alias.py took 0.311 seconds
[2025-01-07T06:00:21.169+0000] {processor.py:186} INFO - Started process (PID=388) to work on /home/airflow/.local/lib/python3.12/site-packages/airflow/example_dags/example_dataset_alias.py
[2025-01-07T06:00:21.172+0000] {processor.py:914} INFO - Processing file /home/airflow/.local/lib/python3.12/site-packages/airflow/example_dags/example_dataset_alias.py for tasks to queue
[2025-01-07T06:00:21.177+0000] {logging_mixin.py:190} INFO - [2025-01-07T06:00:21.176+0000] {dagbag.py:588} INFO - Filling up the DagBag from /home/airflow/.local/lib/python3.12/site-packages/airflow/example_dags/example_dataset_alias.py
[2025-01-07T06:00:21.475+0000] {processor.py:925} INFO - DAG(s) 'dataset_s3_bucket_producer', 'dataset_alias_example_alias_consumer', 'dataset_alias_example_alias_producer', 'dataset_s3_bucket_consumer' retrieved from /home/airflow/.local/lib/python3.12/site-packages/airflow/example_dags/example_dataset_alias.py
[2025-01-07T06:00:21.535+0000] {logging_mixin.py:190} INFO - [2025-01-07T06:00:21.535+0000] {dag.py:3239} INFO - Sync 4 DAGs
[2025-01-07T06:00:21.582+0000] {logging_mixin.py:190} INFO - [2025-01-07T06:00:21.581+0000] {dag.py:4180} INFO - Setting next_dagrun for dataset_alias_example_alias_consumer to None, run_after=None
[2025-01-07T06:00:21.588+0000] {logging_mixin.py:190} INFO - [2025-01-07T06:00:21.587+0000] {dag.py:4180} INFO - Setting next_dagrun for dataset_alias_example_alias_producer to None, run_after=None
[2025-01-07T06:00:21.591+0000] {logging_mixin.py:190} INFO - [2025-01-07T06:00:21.590+0000] {dag.py:4180} INFO - Setting next_dagrun for dataset_s3_bucket_consumer to None, run_after=None
[2025-01-07T06:00:21.594+0000] {logging_mixin.py:190} INFO - [2025-01-07T06:00:21.594+0000] {dag.py:4180} INFO - Setting next_dagrun for dataset_s3_bucket_producer to None, run_after=None
[2025-01-07T06:00:21.654+0000] {processor.py:208} INFO - Processing /home/airflow/.local/lib/python3.12/site-packages/airflow/example_dags/example_dataset_alias.py took 0.495 seconds
[2025-01-07T06:00:52.429+0000] {processor.py:186} INFO - Started process (PID=454) to work on /home/airflow/.local/lib/python3.12/site-packages/airflow/example_dags/example_dataset_alias.py
[2025-01-07T06:00:52.431+0000] {processor.py:914} INFO - Processing file /home/airflow/.local/lib/python3.12/site-packages/airflow/example_dags/example_dataset_alias.py for tasks to queue
[2025-01-07T06:00:52.437+0000] {logging_mixin.py:190} INFO - [2025-01-07T06:00:52.436+0000] {dagbag.py:588} INFO - Filling up the DagBag from /home/airflow/.local/lib/python3.12/site-packages/airflow/example_dags/example_dataset_alias.py
[2025-01-07T06:00:52.675+0000] {processor.py:925} INFO - DAG(s) 'dataset_alias_example_alias_producer', 'dataset_s3_bucket_producer', 'dataset_alias_example_alias_consumer', 'dataset_s3_bucket_consumer' retrieved from /home/airflow/.local/lib/python3.12/site-packages/airflow/example_dags/example_dataset_alias.py
[2025-01-07T06:00:52.710+0000] {logging_mixin.py:190} INFO - [2025-01-07T06:00:52.709+0000] {dag.py:3239} INFO - Sync 4 DAGs
[2025-01-07T06:00:52.742+0000] {logging_mixin.py:190} INFO - [2025-01-07T06:00:52.741+0000] {dag.py:4180} INFO - Setting next_dagrun for dataset_alias_example_alias_consumer to None, run_after=None
[2025-01-07T06:00:52.747+0000] {logging_mixin.py:190} INFO - [2025-01-07T06:00:52.747+0000] {dag.py:4180} INFO - Setting next_dagrun for dataset_alias_example_alias_producer to None, run_after=None
[2025-01-07T06:00:52.752+0000] {logging_mixin.py:190} INFO - [2025-01-07T06:00:52.751+0000] {dag.py:4180} INFO - Setting next_dagrun for dataset_s3_bucket_consumer to None, run_after=None
[2025-01-07T06:00:52.755+0000] {logging_mixin.py:190} INFO - [2025-01-07T06:00:52.755+0000] {dag.py:4180} INFO - Setting next_dagrun for dataset_s3_bucket_producer to None, run_after=None
[2025-01-07T06:00:52.792+0000] {processor.py:208} INFO - Processing /home/airflow/.local/lib/python3.12/site-packages/airflow/example_dags/example_dataset_alias.py took 0.374 seconds
[2025-01-07T06:01:22.845+0000] {processor.py:186} INFO - Started process (PID=519) to work on /home/airflow/.local/lib/python3.12/site-packages/airflow/example_dags/example_dataset_alias.py
[2025-01-07T06:01:22.846+0000] {processor.py:914} INFO - Processing file /home/airflow/.local/lib/python3.12/site-packages/airflow/example_dags/example_dataset_alias.py for tasks to queue
[2025-01-07T06:01:22.850+0000] {logging_mixin.py:190} INFO - [2025-01-07T06:01:22.849+0000] {dagbag.py:588} INFO - Filling up the DagBag from /home/airflow/.local/lib/python3.12/site-packages/airflow/example_dags/example_dataset_alias.py
[2025-01-07T06:01:23.024+0000] {processor.py:925} INFO - DAG(s) 'dataset_s3_bucket_consumer', 'dataset_alias_example_alias_producer', 'dataset_alias_example_alias_consumer', 'dataset_s3_bucket_producer' retrieved from /home/airflow/.local/lib/python3.12/site-packages/airflow/example_dags/example_dataset_alias.py
[2025-01-07T06:01:23.054+0000] {logging_mixin.py:190} INFO - [2025-01-07T06:01:23.054+0000] {dag.py:3239} INFO - Sync 4 DAGs
[2025-01-07T06:01:23.082+0000] {logging_mixin.py:190} INFO - [2025-01-07T06:01:23.081+0000] {dag.py:4180} INFO - Setting next_dagrun for dataset_alias_example_alias_consumer to None, run_after=None
[2025-01-07T06:01:23.085+0000] {logging_mixin.py:190} INFO - [2025-01-07T06:01:23.085+0000] {dag.py:4180} INFO - Setting next_dagrun for dataset_alias_example_alias_producer to None, run_after=None
[2025-01-07T06:01:23.088+0000] {logging_mixin.py:190} INFO - [2025-01-07T06:01:23.088+0000] {dag.py:4180} INFO - Setting next_dagrun for dataset_s3_bucket_consumer to None, run_after=None
[2025-01-07T06:01:23.090+0000] {logging_mixin.py:190} INFO - [2025-01-07T06:01:23.090+0000] {dag.py:4180} INFO - Setting next_dagrun for dataset_s3_bucket_producer to None, run_after=None
[2025-01-07T06:01:23.121+0000] {processor.py:208} INFO - Processing /home/airflow/.local/lib/python3.12/site-packages/airflow/example_dags/example_dataset_alias.py took 0.284 seconds
[2025-01-07T06:01:53.749+0000] {processor.py:186} INFO - Started process (PID=586) to work on /home/airflow/.local/lib/python3.12/site-packages/airflow/example_dags/example_dataset_alias.py
[2025-01-07T06:01:53.750+0000] {processor.py:914} INFO - Processing file /home/airflow/.local/lib/python3.12/site-packages/airflow/example_dags/example_dataset_alias.py for tasks to queue
[2025-01-07T06:01:53.755+0000] {logging_mixin.py:190} INFO - [2025-01-07T06:01:53.754+0000] {dagbag.py:588} INFO - Filling up the DagBag from /home/airflow/.local/lib/python3.12/site-packages/airflow/example_dags/example_dataset_alias.py
[2025-01-07T06:01:53.918+0000] {processor.py:925} INFO - DAG(s) 'dataset_s3_bucket_consumer', 'dataset_alias_example_alias_producer', 'dataset_alias_example_alias_consumer', 'dataset_s3_bucket_producer' retrieved from /home/airflow/.local/lib/python3.12/site-packages/airflow/example_dags/example_dataset_alias.py
[2025-01-07T06:01:53.949+0000] {logging_mixin.py:190} INFO - [2025-01-07T06:01:53.949+0000] {dag.py:3239} INFO - Sync 4 DAGs
[2025-01-07T06:01:53.988+0000] {logging_mixin.py:190} INFO - [2025-01-07T06:01:53.988+0000] {dag.py:4180} INFO - Setting next_dagrun for dataset_alias_example_alias_consumer to None, run_after=None
[2025-01-07T06:01:53.995+0000] {logging_mixin.py:190} INFO - [2025-01-07T06:01:53.994+0000] {dag.py:4180} INFO - Setting next_dagrun for dataset_alias_example_alias_producer to None, run_after=None
[2025-01-07T06:01:53.998+0000] {logging_mixin.py:190} INFO - [2025-01-07T06:01:53.998+0000] {dag.py:4180} INFO - Setting next_dagrun for dataset_s3_bucket_consumer to None, run_after=None
[2025-01-07T06:01:54.000+0000] {logging_mixin.py:190} INFO - [2025-01-07T06:01:54.000+0000] {dag.py:4180} INFO - Setting next_dagrun for dataset_s3_bucket_producer to None, run_after=None
[2025-01-07T06:01:54.035+0000] {processor.py:208} INFO - Processing /home/airflow/.local/lib/python3.12/site-packages/airflow/example_dags/example_dataset_alias.py took 0.296 seconds
[2025-01-07T06:02:24.459+0000] {processor.py:186} INFO - Started process (PID=652) to work on /home/airflow/.local/lib/python3.12/site-packages/airflow/example_dags/example_dataset_alias.py
[2025-01-07T06:02:24.461+0000] {processor.py:914} INFO - Processing file /home/airflow/.local/lib/python3.12/site-packages/airflow/example_dags/example_dataset_alias.py for tasks to queue
[2025-01-07T06:02:24.465+0000] {logging_mixin.py:190} INFO - [2025-01-07T06:02:24.465+0000] {dagbag.py:588} INFO - Filling up the DagBag from /home/airflow/.local/lib/python3.12/site-packages/airflow/example_dags/example_dataset_alias.py
[2025-01-07T06:02:24.940+0000] {processor.py:925} INFO - DAG(s) 'dataset_alias_example_alias_consumer', 'dataset_s3_bucket_producer', 'dataset_s3_bucket_consumer', 'dataset_alias_example_alias_producer' retrieved from /home/airflow/.local/lib/python3.12/site-packages/airflow/example_dags/example_dataset_alias.py
[2025-01-07T06:02:25.021+0000] {logging_mixin.py:190} INFO - [2025-01-07T06:02:25.020+0000] {dag.py:3239} INFO - Sync 4 DAGs
[2025-01-07T06:02:25.071+0000] {logging_mixin.py:190} INFO - [2025-01-07T06:02:25.070+0000] {dag.py:4180} INFO - Setting next_dagrun for dataset_alias_example_alias_consumer to None, run_after=None
[2025-01-07T06:02:25.075+0000] {logging_mixin.py:190} INFO - [2025-01-07T06:02:25.074+0000] {dag.py:4180} INFO - Setting next_dagrun for dataset_alias_example_alias_producer to None, run_after=None
[2025-01-07T06:02:25.080+0000] {logging_mixin.py:190} INFO - [2025-01-07T06:02:25.079+0000] {dag.py:4180} INFO - Setting next_dagrun for dataset_s3_bucket_consumer to None, run_after=None
[2025-01-07T06:02:25.085+0000] {logging_mixin.py:190} INFO - [2025-01-07T06:02:25.084+0000] {dag.py:4180} INFO - Setting next_dagrun for dataset_s3_bucket_producer to None, run_after=None
[2025-01-07T06:02:25.128+0000] {processor.py:208} INFO - Processing /home/airflow/.local/lib/python3.12/site-packages/airflow/example_dags/example_dataset_alias.py took 0.678 seconds
[2025-01-07T06:02:55.586+0000] {processor.py:186} INFO - Started process (PID=718) to work on /home/airflow/.local/lib/python3.12/site-packages/airflow/example_dags/example_dataset_alias.py
[2025-01-07T06:02:55.587+0000] {processor.py:914} INFO - Processing file /home/airflow/.local/lib/python3.12/site-packages/airflow/example_dags/example_dataset_alias.py for tasks to queue
[2025-01-07T06:02:55.592+0000] {logging_mixin.py:190} INFO - [2025-01-07T06:02:55.591+0000] {dagbag.py:588} INFO - Filling up the DagBag from /home/airflow/.local/lib/python3.12/site-packages/airflow/example_dags/example_dataset_alias.py
[2025-01-07T06:02:55.839+0000] {processor.py:925} INFO - DAG(s) 'dataset_alias_example_alias_producer', 'dataset_s3_bucket_producer', 'dataset_s3_bucket_consumer', 'dataset_alias_example_alias_consumer' retrieved from /home/airflow/.local/lib/python3.12/site-packages/airflow/example_dags/example_dataset_alias.py
[2025-01-07T06:02:55.870+0000] {logging_mixin.py:190} INFO - [2025-01-07T06:02:55.869+0000] {dag.py:3239} INFO - Sync 4 DAGs
[2025-01-07T06:02:55.899+0000] {logging_mixin.py:190} INFO - [2025-01-07T06:02:55.899+0000] {dag.py:4180} INFO - Setting next_dagrun for dataset_alias_example_alias_consumer to None, run_after=None
[2025-01-07T06:02:55.902+0000] {logging_mixin.py:190} INFO - [2025-01-07T06:02:55.902+0000] {dag.py:4180} INFO - Setting next_dagrun for dataset_alias_example_alias_producer to None, run_after=None
[2025-01-07T06:02:55.905+0000] {logging_mixin.py:190} INFO - [2025-01-07T06:02:55.905+0000] {dag.py:4180} INFO - Setting next_dagrun for dataset_s3_bucket_consumer to None, run_after=None
[2025-01-07T06:02:55.909+0000] {logging_mixin.py:190} INFO - [2025-01-07T06:02:55.908+0000] {dag.py:4180} INFO - Setting next_dagrun for dataset_s3_bucket_producer to None, run_after=None
[2025-01-07T06:02:55.940+0000] {processor.py:208} INFO - Processing /home/airflow/.local/lib/python3.12/site-packages/airflow/example_dags/example_dataset_alias.py took 0.365 seconds
[2025-01-07T06:03:26.247+0000] {processor.py:186} INFO - Started process (PID=783) to work on /home/airflow/.local/lib/python3.12/site-packages/airflow/example_dags/example_dataset_alias.py
[2025-01-07T06:03:26.250+0000] {processor.py:914} INFO - Processing file /home/airflow/.local/lib/python3.12/site-packages/airflow/example_dags/example_dataset_alias.py for tasks to queue
[2025-01-07T06:03:26.257+0000] {logging_mixin.py:190} INFO - [2025-01-07T06:03:26.256+0000] {dagbag.py:588} INFO - Filling up the DagBag from /home/airflow/.local/lib/python3.12/site-packages/airflow/example_dags/example_dataset_alias.py
[2025-01-07T06:03:26.617+0000] {processor.py:925} INFO - DAG(s) 'dataset_s3_bucket_consumer', 'dataset_s3_bucket_producer', 'dataset_alias_example_alias_consumer', 'dataset_alias_example_alias_producer' retrieved from /home/airflow/.local/lib/python3.12/site-packages/airflow/example_dags/example_dataset_alias.py
[2025-01-07T06:03:26.659+0000] {logging_mixin.py:190} INFO - [2025-01-07T06:03:26.658+0000] {dag.py:3239} INFO - Sync 4 DAGs
[2025-01-07T06:03:26.696+0000] {logging_mixin.py:190} INFO - [2025-01-07T06:03:26.696+0000] {dag.py:4180} INFO - Setting next_dagrun for dataset_alias_example_alias_consumer to None, run_after=None
[2025-01-07T06:03:26.702+0000] {logging_mixin.py:190} INFO - [2025-01-07T06:03:26.701+0000] {dag.py:4180} INFO - Setting next_dagrun for dataset_alias_example_alias_producer to None, run_after=None
[2025-01-07T06:03:26.705+0000] {logging_mixin.py:190} INFO - [2025-01-07T06:03:26.704+0000] {dag.py:4180} INFO - Setting next_dagrun for dataset_s3_bucket_consumer to None, run_after=None
[2025-01-07T06:03:26.708+0000] {logging_mixin.py:190} INFO - [2025-01-07T06:03:26.707+0000] {dag.py:4180} INFO - Setting next_dagrun for dataset_s3_bucket_producer to None, run_after=None
[2025-01-07T06:03:26.751+0000] {processor.py:208} INFO - Processing /home/airflow/.local/lib/python3.12/site-packages/airflow/example_dags/example_dataset_alias.py took 0.523 seconds
