[2025-01-07T05:57:44.955+0000] {processor.py:186} INFO - Started process (PID=50) to work on /home/airflow/.local/lib/python3.12/site-packages/airflow/example_dags/example_subdag_operator.py
[2025-01-07T05:57:44.960+0000] {processor.py:914} INFO - Processing file /home/airflow/.local/lib/python3.12/site-packages/airflow/example_dags/example_subdag_operator.py for tasks to queue
[2025-01-07T05:57:44.968+0000] {logging_mixin.py:190} INFO - [2025-01-07T05:57:44.967+0000] {dagbag.py:588} INFO - Filling up the DagBag from /home/airflow/.local/lib/python3.12/site-packages/airflow/example_dags/example_subdag_operator.py
[2025-01-07T05:57:45.074+0000] {processor.py:925} INFO - DAG(s) 'example_subdag_operator.section-1', 'example_subdag_operator.section-2', 'example_subdag_operator' retrieved from /home/airflow/.local/lib/python3.12/site-packages/airflow/example_dags/example_subdag_operator.py
[2025-01-07T05:57:45.154+0000] {logging_mixin.py:190} INFO - [2025-01-07T05:57:45.153+0000] {dag.py:3239} INFO - Sync 3 DAGs
[2025-01-07T05:57:45.209+0000] {logging_mixin.py:190} INFO - [2025-01-07T05:57:45.209+0000] {dag.py:4180} INFO - Setting next_dagrun for example_subdag_operator to 2022-01-01 00:00:00+00:00, run_after=2022-01-01 00:00:00+00:00
[2025-01-07T05:57:45.219+0000] {logging_mixin.py:190} INFO - [2025-01-07T05:57:45.219+0000] {dag.py:4180} INFO - Setting next_dagrun for example_subdag_operator.section-1 to None, run_after=None
[2025-01-07T05:57:45.223+0000] {logging_mixin.py:190} INFO - [2025-01-07T05:57:45.223+0000] {dag.py:4180} INFO - Setting next_dagrun for example_subdag_operator.section-2 to None, run_after=None
[2025-01-07T05:57:45.241+0000] {logging_mixin.py:190} INFO - [2025-01-07T05:57:45.241+0000] {dag.py:3239} INFO - Sync 2 DAGs
[2025-01-07T05:57:45.255+0000] {logging_mixin.py:190} INFO - [2025-01-07T05:57:45.254+0000] {dag.py:4180} INFO - Setting next_dagrun for example_subdag_operator.section-1 to None, run_after=None
[2025-01-07T05:57:45.257+0000] {logging_mixin.py:190} INFO - [2025-01-07T05:57:45.256+0000] {dag.py:4180} INFO - Setting next_dagrun for example_subdag_operator.section-2 to None, run_after=None
[2025-01-07T05:57:45.286+0000] {processor.py:208} INFO - Processing /home/airflow/.local/lib/python3.12/site-packages/airflow/example_dags/example_subdag_operator.py took 0.350 seconds
[2025-01-07T05:58:16.010+0000] {processor.py:186} INFO - Started process (PID=116) to work on /home/airflow/.local/lib/python3.12/site-packages/airflow/example_dags/example_subdag_operator.py
[2025-01-07T05:58:16.014+0000] {processor.py:914} INFO - Processing file /home/airflow/.local/lib/python3.12/site-packages/airflow/example_dags/example_subdag_operator.py for tasks to queue
[2025-01-07T05:58:16.017+0000] {logging_mixin.py:190} INFO - [2025-01-07T05:58:16.017+0000] {dagbag.py:588} INFO - Filling up the DagBag from /home/airflow/.local/lib/python3.12/site-packages/airflow/example_dags/example_subdag_operator.py
[2025-01-07T05:58:16.079+0000] {processor.py:925} INFO - DAG(s) 'example_subdag_operator.section-1', 'example_subdag_operator.section-2', 'example_subdag_operator' retrieved from /home/airflow/.local/lib/python3.12/site-packages/airflow/example_dags/example_subdag_operator.py
[2025-01-07T05:58:16.108+0000] {logging_mixin.py:190} INFO - [2025-01-07T05:58:16.107+0000] {dag.py:3239} INFO - Sync 3 DAGs
[2025-01-07T05:58:16.176+0000] {logging_mixin.py:190} INFO - [2025-01-07T05:58:16.176+0000] {dag.py:4180} INFO - Setting next_dagrun for example_subdag_operator to 2022-01-01 00:00:00+00:00, run_after=2022-01-01 00:00:00+00:00
[2025-01-07T05:58:16.182+0000] {logging_mixin.py:190} INFO - [2025-01-07T05:58:16.182+0000] {dag.py:4180} INFO - Setting next_dagrun for example_subdag_operator.section-1 to None, run_after=None
[2025-01-07T05:58:16.186+0000] {logging_mixin.py:190} INFO - [2025-01-07T05:58:16.185+0000] {dag.py:4180} INFO - Setting next_dagrun for example_subdag_operator.section-2 to None, run_after=None
[2025-01-07T05:58:16.201+0000] {logging_mixin.py:190} INFO - [2025-01-07T05:58:16.200+0000] {dag.py:3239} INFO - Sync 2 DAGs
[2025-01-07T05:58:16.215+0000] {logging_mixin.py:190} INFO - [2025-01-07T05:58:16.215+0000] {dag.py:4180} INFO - Setting next_dagrun for example_subdag_operator.section-1 to None, run_after=None
[2025-01-07T05:58:16.217+0000] {logging_mixin.py:190} INFO - [2025-01-07T05:58:16.216+0000] {dag.py:4180} INFO - Setting next_dagrun for example_subdag_operator.section-2 to None, run_after=None
[2025-01-07T05:58:16.245+0000] {processor.py:208} INFO - Processing /home/airflow/.local/lib/python3.12/site-packages/airflow/example_dags/example_subdag_operator.py took 0.244 seconds
[2025-01-07T05:58:46.974+0000] {processor.py:186} INFO - Started process (PID=182) to work on /home/airflow/.local/lib/python3.12/site-packages/airflow/example_dags/example_subdag_operator.py
[2025-01-07T05:58:46.976+0000] {processor.py:914} INFO - Processing file /home/airflow/.local/lib/python3.12/site-packages/airflow/example_dags/example_subdag_operator.py for tasks to queue
[2025-01-07T05:58:46.979+0000] {logging_mixin.py:190} INFO - [2025-01-07T05:58:46.979+0000] {dagbag.py:588} INFO - Filling up the DagBag from /home/airflow/.local/lib/python3.12/site-packages/airflow/example_dags/example_subdag_operator.py
[2025-01-07T05:58:47.116+0000] {processor.py:925} INFO - DAG(s) 'example_subdag_operator.section-1', 'example_subdag_operator.section-2', 'example_subdag_operator' retrieved from /home/airflow/.local/lib/python3.12/site-packages/airflow/example_dags/example_subdag_operator.py
[2025-01-07T05:58:47.178+0000] {logging_mixin.py:190} INFO - [2025-01-07T05:58:47.177+0000] {dag.py:3239} INFO - Sync 3 DAGs
[2025-01-07T05:58:47.259+0000] {logging_mixin.py:190} INFO - [2025-01-07T05:58:47.258+0000] {dag.py:4180} INFO - Setting next_dagrun for example_subdag_operator to 2022-01-01 00:00:00+00:00, run_after=2022-01-01 00:00:00+00:00
[2025-01-07T05:58:47.272+0000] {logging_mixin.py:190} INFO - [2025-01-07T05:58:47.271+0000] {dag.py:4180} INFO - Setting next_dagrun for example_subdag_operator.section-1 to None, run_after=None
[2025-01-07T05:58:47.279+0000] {logging_mixin.py:190} INFO - [2025-01-07T05:58:47.279+0000] {dag.py:4180} INFO - Setting next_dagrun for example_subdag_operator.section-2 to None, run_after=None
[2025-01-07T05:58:47.302+0000] {logging_mixin.py:190} INFO - [2025-01-07T05:58:47.301+0000] {dag.py:3239} INFO - Sync 2 DAGs
[2025-01-07T05:58:47.325+0000] {logging_mixin.py:190} INFO - [2025-01-07T05:58:47.324+0000] {dag.py:4180} INFO - Setting next_dagrun for example_subdag_operator.section-1 to None, run_after=None
[2025-01-07T05:58:47.328+0000] {logging_mixin.py:190} INFO - [2025-01-07T05:58:47.327+0000] {dag.py:4180} INFO - Setting next_dagrun for example_subdag_operator.section-2 to None, run_after=None
[2025-01-07T05:58:47.390+0000] {processor.py:208} INFO - Processing /home/airflow/.local/lib/python3.12/site-packages/airflow/example_dags/example_subdag_operator.py took 0.430 seconds
[2025-01-07T05:59:17.646+0000] {processor.py:186} INFO - Started process (PID=247) to work on /home/airflow/.local/lib/python3.12/site-packages/airflow/example_dags/example_subdag_operator.py
[2025-01-07T05:59:17.647+0000] {processor.py:914} INFO - Processing file /home/airflow/.local/lib/python3.12/site-packages/airflow/example_dags/example_subdag_operator.py for tasks to queue
[2025-01-07T05:59:17.651+0000] {logging_mixin.py:190} INFO - [2025-01-07T05:59:17.651+0000] {dagbag.py:588} INFO - Filling up the DagBag from /home/airflow/.local/lib/python3.12/site-packages/airflow/example_dags/example_subdag_operator.py
[2025-01-07T05:59:17.700+0000] {processor.py:925} INFO - DAG(s) 'example_subdag_operator.section-1', 'example_subdag_operator.section-2', 'example_subdag_operator' retrieved from /home/airflow/.local/lib/python3.12/site-packages/airflow/example_dags/example_subdag_operator.py
[2025-01-07T05:59:17.723+0000] {logging_mixin.py:190} INFO - [2025-01-07T05:59:17.722+0000] {dag.py:3239} INFO - Sync 3 DAGs
[2025-01-07T05:59:17.759+0000] {logging_mixin.py:190} INFO - [2025-01-07T05:59:17.759+0000] {dag.py:4180} INFO - Setting next_dagrun for example_subdag_operator to 2022-01-01 00:00:00+00:00, run_after=2022-01-01 00:00:00+00:00
[2025-01-07T05:59:17.767+0000] {logging_mixin.py:190} INFO - [2025-01-07T05:59:17.767+0000] {dag.py:4180} INFO - Setting next_dagrun for example_subdag_operator.section-1 to None, run_after=None
[2025-01-07T05:59:17.769+0000] {logging_mixin.py:190} INFO - [2025-01-07T05:59:17.769+0000] {dag.py:4180} INFO - Setting next_dagrun for example_subdag_operator.section-2 to None, run_after=None
[2025-01-07T05:59:17.782+0000] {logging_mixin.py:190} INFO - [2025-01-07T05:59:17.782+0000] {dag.py:3239} INFO - Sync 2 DAGs
[2025-01-07T05:59:17.791+0000] {logging_mixin.py:190} INFO - [2025-01-07T05:59:17.791+0000] {dag.py:4180} INFO - Setting next_dagrun for example_subdag_operator.section-1 to None, run_after=None
[2025-01-07T05:59:17.793+0000] {logging_mixin.py:190} INFO - [2025-01-07T05:59:17.792+0000] {dag.py:4180} INFO - Setting next_dagrun for example_subdag_operator.section-2 to None, run_after=None
[2025-01-07T05:59:17.811+0000] {processor.py:208} INFO - Processing /home/airflow/.local/lib/python3.12/site-packages/airflow/example_dags/example_subdag_operator.py took 0.175 seconds
[2025-01-07T05:59:48.299+0000] {processor.py:186} INFO - Started process (PID=315) to work on /home/airflow/.local/lib/python3.12/site-packages/airflow/example_dags/example_subdag_operator.py
[2025-01-07T05:59:48.301+0000] {processor.py:914} INFO - Processing file /home/airflow/.local/lib/python3.12/site-packages/airflow/example_dags/example_subdag_operator.py for tasks to queue
[2025-01-07T05:59:48.306+0000] {logging_mixin.py:190} INFO - [2025-01-07T05:59:48.305+0000] {dagbag.py:588} INFO - Filling up the DagBag from /home/airflow/.local/lib/python3.12/site-packages/airflow/example_dags/example_subdag_operator.py
[2025-01-07T05:59:48.348+0000] {processor.py:925} INFO - DAG(s) 'example_subdag_operator.section-1', 'example_subdag_operator.section-2', 'example_subdag_operator' retrieved from /home/airflow/.local/lib/python3.12/site-packages/airflow/example_dags/example_subdag_operator.py
[2025-01-07T05:59:48.373+0000] {logging_mixin.py:190} INFO - [2025-01-07T05:59:48.373+0000] {dag.py:3239} INFO - Sync 3 DAGs
[2025-01-07T05:59:48.409+0000] {logging_mixin.py:190} INFO - [2025-01-07T05:59:48.409+0000] {dag.py:4180} INFO - Setting next_dagrun for example_subdag_operator to 2022-01-01 00:00:00+00:00, run_after=2022-01-01 00:00:00+00:00
[2025-01-07T05:59:48.416+0000] {logging_mixin.py:190} INFO - [2025-01-07T05:59:48.416+0000] {dag.py:4180} INFO - Setting next_dagrun for example_subdag_operator.section-1 to None, run_after=None
[2025-01-07T05:59:48.419+0000] {logging_mixin.py:190} INFO - [2025-01-07T05:59:48.418+0000] {dag.py:4180} INFO - Setting next_dagrun for example_subdag_operator.section-2 to None, run_after=None
[2025-01-07T05:59:48.429+0000] {logging_mixin.py:190} INFO - [2025-01-07T05:59:48.429+0000] {dag.py:3239} INFO - Sync 2 DAGs
[2025-01-07T05:59:48.438+0000] {logging_mixin.py:190} INFO - [2025-01-07T05:59:48.438+0000] {dag.py:4180} INFO - Setting next_dagrun for example_subdag_operator.section-1 to None, run_after=None
[2025-01-07T05:59:48.439+0000] {logging_mixin.py:190} INFO - [2025-01-07T05:59:48.439+0000] {dag.py:4180} INFO - Setting next_dagrun for example_subdag_operator.section-2 to None, run_after=None
[2025-01-07T05:59:48.470+0000] {processor.py:208} INFO - Processing /home/airflow/.local/lib/python3.12/site-packages/airflow/example_dags/example_subdag_operator.py took 0.183 seconds
[2025-01-07T06:00:19.210+0000] {processor.py:186} INFO - Started process (PID=381) to work on /home/airflow/.local/lib/python3.12/site-packages/airflow/example_dags/example_subdag_operator.py
[2025-01-07T06:00:19.213+0000] {processor.py:914} INFO - Processing file /home/airflow/.local/lib/python3.12/site-packages/airflow/example_dags/example_subdag_operator.py for tasks to queue
[2025-01-07T06:00:19.219+0000] {logging_mixin.py:190} INFO - [2025-01-07T06:00:19.218+0000] {dagbag.py:588} INFO - Filling up the DagBag from /home/airflow/.local/lib/python3.12/site-packages/airflow/example_dags/example_subdag_operator.py
[2025-01-07T06:00:19.278+0000] {processor.py:925} INFO - DAG(s) 'example_subdag_operator.section-1', 'example_subdag_operator.section-2', 'example_subdag_operator' retrieved from /home/airflow/.local/lib/python3.12/site-packages/airflow/example_dags/example_subdag_operator.py
[2025-01-07T06:00:19.312+0000] {logging_mixin.py:190} INFO - [2025-01-07T06:00:19.311+0000] {dag.py:3239} INFO - Sync 3 DAGs
[2025-01-07T06:00:19.357+0000] {logging_mixin.py:190} INFO - [2025-01-07T06:00:19.357+0000] {dag.py:4180} INFO - Setting next_dagrun for example_subdag_operator to 2022-01-01 00:00:00+00:00, run_after=2022-01-01 00:00:00+00:00
[2025-01-07T06:00:19.367+0000] {logging_mixin.py:190} INFO - [2025-01-07T06:00:19.366+0000] {dag.py:4180} INFO - Setting next_dagrun for example_subdag_operator.section-1 to None, run_after=None
[2025-01-07T06:00:19.371+0000] {logging_mixin.py:190} INFO - [2025-01-07T06:00:19.371+0000] {dag.py:4180} INFO - Setting next_dagrun for example_subdag_operator.section-2 to None, run_after=None
[2025-01-07T06:00:19.399+0000] {logging_mixin.py:190} INFO - [2025-01-07T06:00:19.399+0000] {dag.py:3239} INFO - Sync 2 DAGs
[2025-01-07T06:00:19.429+0000] {logging_mixin.py:190} INFO - [2025-01-07T06:00:19.429+0000] {dag.py:4180} INFO - Setting next_dagrun for example_subdag_operator.section-1 to None, run_after=None
[2025-01-07T06:00:19.431+0000] {logging_mixin.py:190} INFO - [2025-01-07T06:00:19.430+0000] {dag.py:4180} INFO - Setting next_dagrun for example_subdag_operator.section-2 to None, run_after=None
[2025-01-07T06:00:19.459+0000] {processor.py:208} INFO - Processing /home/airflow/.local/lib/python3.12/site-packages/airflow/example_dags/example_subdag_operator.py took 0.266 seconds
[2025-01-07T06:00:49.605+0000] {processor.py:186} INFO - Started process (PID=446) to work on /home/airflow/.local/lib/python3.12/site-packages/airflow/example_dags/example_subdag_operator.py
[2025-01-07T06:00:49.607+0000] {processor.py:914} INFO - Processing file /home/airflow/.local/lib/python3.12/site-packages/airflow/example_dags/example_subdag_operator.py for tasks to queue
[2025-01-07T06:00:49.613+0000] {logging_mixin.py:190} INFO - [2025-01-07T06:00:49.612+0000] {dagbag.py:588} INFO - Filling up the DagBag from /home/airflow/.local/lib/python3.12/site-packages/airflow/example_dags/example_subdag_operator.py
[2025-01-07T06:00:49.650+0000] {processor.py:925} INFO - DAG(s) 'example_subdag_operator.section-1', 'example_subdag_operator.section-2', 'example_subdag_operator' retrieved from /home/airflow/.local/lib/python3.12/site-packages/airflow/example_dags/example_subdag_operator.py
[2025-01-07T06:00:49.672+0000] {logging_mixin.py:190} INFO - [2025-01-07T06:00:49.671+0000] {dag.py:3239} INFO - Sync 3 DAGs
[2025-01-07T06:00:49.701+0000] {logging_mixin.py:190} INFO - [2025-01-07T06:00:49.701+0000] {dag.py:4180} INFO - Setting next_dagrun for example_subdag_operator to 2022-01-01 00:00:00+00:00, run_after=2022-01-01 00:00:00+00:00
[2025-01-07T06:00:49.709+0000] {logging_mixin.py:190} INFO - [2025-01-07T06:00:49.708+0000] {dag.py:4180} INFO - Setting next_dagrun for example_subdag_operator.section-1 to None, run_after=None
[2025-01-07T06:00:49.712+0000] {logging_mixin.py:190} INFO - [2025-01-07T06:00:49.712+0000] {dag.py:4180} INFO - Setting next_dagrun for example_subdag_operator.section-2 to None, run_after=None
[2025-01-07T06:00:49.724+0000] {logging_mixin.py:190} INFO - [2025-01-07T06:00:49.723+0000] {dag.py:3239} INFO - Sync 2 DAGs
[2025-01-07T06:00:49.730+0000] {logging_mixin.py:190} INFO - [2025-01-07T06:00:49.730+0000] {dag.py:4180} INFO - Setting next_dagrun for example_subdag_operator.section-1 to None, run_after=None
[2025-01-07T06:00:49.732+0000] {logging_mixin.py:190} INFO - [2025-01-07T06:00:49.731+0000] {dag.py:4180} INFO - Setting next_dagrun for example_subdag_operator.section-2 to None, run_after=None
[2025-01-07T06:00:49.746+0000] {processor.py:208} INFO - Processing /home/airflow/.local/lib/python3.12/site-packages/airflow/example_dags/example_subdag_operator.py took 0.150 seconds
[2025-01-07T06:01:19.905+0000] {processor.py:186} INFO - Started process (PID=512) to work on /home/airflow/.local/lib/python3.12/site-packages/airflow/example_dags/example_subdag_operator.py
[2025-01-07T06:01:19.908+0000] {processor.py:914} INFO - Processing file /home/airflow/.local/lib/python3.12/site-packages/airflow/example_dags/example_subdag_operator.py for tasks to queue
[2025-01-07T06:01:19.914+0000] {logging_mixin.py:190} INFO - [2025-01-07T06:01:19.913+0000] {dagbag.py:588} INFO - Filling up the DagBag from /home/airflow/.local/lib/python3.12/site-packages/airflow/example_dags/example_subdag_operator.py
[2025-01-07T06:01:19.963+0000] {processor.py:925} INFO - DAG(s) 'example_subdag_operator.section-1', 'example_subdag_operator.section-2', 'example_subdag_operator' retrieved from /home/airflow/.local/lib/python3.12/site-packages/airflow/example_dags/example_subdag_operator.py
[2025-01-07T06:01:19.987+0000] {logging_mixin.py:190} INFO - [2025-01-07T06:01:19.986+0000] {dag.py:3239} INFO - Sync 3 DAGs
[2025-01-07T06:01:20.026+0000] {logging_mixin.py:190} INFO - [2025-01-07T06:01:20.025+0000] {dag.py:4180} INFO - Setting next_dagrun for example_subdag_operator to 2022-01-01 00:00:00+00:00, run_after=2022-01-01 00:00:00+00:00
[2025-01-07T06:01:20.034+0000] {logging_mixin.py:190} INFO - [2025-01-07T06:01:20.034+0000] {dag.py:4180} INFO - Setting next_dagrun for example_subdag_operator.section-1 to None, run_after=None
[2025-01-07T06:01:20.037+0000] {logging_mixin.py:190} INFO - [2025-01-07T06:01:20.036+0000] {dag.py:4180} INFO - Setting next_dagrun for example_subdag_operator.section-2 to None, run_after=None
[2025-01-07T06:01:20.080+0000] {logging_mixin.py:190} INFO - [2025-01-07T06:01:20.079+0000] {dag.py:3239} INFO - Sync 2 DAGs
[2025-01-07T06:01:20.087+0000] {logging_mixin.py:190} INFO - [2025-01-07T06:01:20.087+0000] {dag.py:4180} INFO - Setting next_dagrun for example_subdag_operator.section-1 to None, run_after=None
[2025-01-07T06:01:20.088+0000] {logging_mixin.py:190} INFO - [2025-01-07T06:01:20.088+0000] {dag.py:4180} INFO - Setting next_dagrun for example_subdag_operator.section-2 to None, run_after=None
[2025-01-07T06:01:20.114+0000] {processor.py:208} INFO - Processing /home/airflow/.local/lib/python3.12/site-packages/airflow/example_dags/example_subdag_operator.py took 0.222 seconds
[2025-01-07T06:01:50.955+0000] {processor.py:186} INFO - Started process (PID=578) to work on /home/airflow/.local/lib/python3.12/site-packages/airflow/example_dags/example_subdag_operator.py
[2025-01-07T06:01:50.956+0000] {processor.py:914} INFO - Processing file /home/airflow/.local/lib/python3.12/site-packages/airflow/example_dags/example_subdag_operator.py for tasks to queue
[2025-01-07T06:01:50.960+0000] {logging_mixin.py:190} INFO - [2025-01-07T06:01:50.960+0000] {dagbag.py:588} INFO - Filling up the DagBag from /home/airflow/.local/lib/python3.12/site-packages/airflow/example_dags/example_subdag_operator.py
[2025-01-07T06:01:51.001+0000] {processor.py:925} INFO - DAG(s) 'example_subdag_operator.section-1', 'example_subdag_operator.section-2', 'example_subdag_operator' retrieved from /home/airflow/.local/lib/python3.12/site-packages/airflow/example_dags/example_subdag_operator.py
[2025-01-07T06:01:51.027+0000] {logging_mixin.py:190} INFO - [2025-01-07T06:01:51.026+0000] {dag.py:3239} INFO - Sync 3 DAGs
[2025-01-07T06:01:51.065+0000] {logging_mixin.py:190} INFO - [2025-01-07T06:01:51.064+0000] {dag.py:4180} INFO - Setting next_dagrun for example_subdag_operator to 2022-01-01 00:00:00+00:00, run_after=2022-01-01 00:00:00+00:00
[2025-01-07T06:01:51.076+0000] {logging_mixin.py:190} INFO - [2025-01-07T06:01:51.075+0000] {dag.py:4180} INFO - Setting next_dagrun for example_subdag_operator.section-1 to None, run_after=None
[2025-01-07T06:01:51.079+0000] {logging_mixin.py:190} INFO - [2025-01-07T06:01:51.079+0000] {dag.py:4180} INFO - Setting next_dagrun for example_subdag_operator.section-2 to None, run_after=None
[2025-01-07T06:01:51.096+0000] {logging_mixin.py:190} INFO - [2025-01-07T06:01:51.096+0000] {dag.py:3239} INFO - Sync 2 DAGs
[2025-01-07T06:01:51.109+0000] {logging_mixin.py:190} INFO - [2025-01-07T06:01:51.109+0000] {dag.py:4180} INFO - Setting next_dagrun for example_subdag_operator.section-1 to None, run_after=None
[2025-01-07T06:01:51.112+0000] {logging_mixin.py:190} INFO - [2025-01-07T06:01:51.110+0000] {dag.py:4180} INFO - Setting next_dagrun for example_subdag_operator.section-2 to None, run_after=None
[2025-01-07T06:01:51.134+0000] {processor.py:208} INFO - Processing /home/airflow/.local/lib/python3.12/site-packages/airflow/example_dags/example_subdag_operator.py took 0.187 seconds
[2025-01-07T06:02:21.618+0000] {processor.py:186} INFO - Started process (PID=644) to work on /home/airflow/.local/lib/python3.12/site-packages/airflow/example_dags/example_subdag_operator.py
[2025-01-07T06:02:21.619+0000] {processor.py:914} INFO - Processing file /home/airflow/.local/lib/python3.12/site-packages/airflow/example_dags/example_subdag_operator.py for tasks to queue
[2025-01-07T06:02:21.624+0000] {logging_mixin.py:190} INFO - [2025-01-07T06:02:21.624+0000] {dagbag.py:588} INFO - Filling up the DagBag from /home/airflow/.local/lib/python3.12/site-packages/airflow/example_dags/example_subdag_operator.py
[2025-01-07T06:02:21.686+0000] {processor.py:925} INFO - DAG(s) 'example_subdag_operator.section-1', 'example_subdag_operator.section-2', 'example_subdag_operator' retrieved from /home/airflow/.local/lib/python3.12/site-packages/airflow/example_dags/example_subdag_operator.py
[2025-01-07T06:02:21.714+0000] {logging_mixin.py:190} INFO - [2025-01-07T06:02:21.714+0000] {dag.py:3239} INFO - Sync 3 DAGs
[2025-01-07T06:02:21.748+0000] {logging_mixin.py:190} INFO - [2025-01-07T06:02:21.748+0000] {dag.py:4180} INFO - Setting next_dagrun for example_subdag_operator to 2022-01-01 00:00:00+00:00, run_after=2022-01-01 00:00:00+00:00
[2025-01-07T06:02:21.754+0000] {logging_mixin.py:190} INFO - [2025-01-07T06:02:21.754+0000] {dag.py:4180} INFO - Setting next_dagrun for example_subdag_operator.section-1 to None, run_after=None
[2025-01-07T06:02:21.757+0000] {logging_mixin.py:190} INFO - [2025-01-07T06:02:21.757+0000] {dag.py:4180} INFO - Setting next_dagrun for example_subdag_operator.section-2 to None, run_after=None
[2025-01-07T06:02:21.767+0000] {logging_mixin.py:190} INFO - [2025-01-07T06:02:21.767+0000] {dag.py:3239} INFO - Sync 2 DAGs
[2025-01-07T06:02:21.776+0000] {logging_mixin.py:190} INFO - [2025-01-07T06:02:21.775+0000] {dag.py:4180} INFO - Setting next_dagrun for example_subdag_operator.section-1 to None, run_after=None
[2025-01-07T06:02:21.777+0000] {logging_mixin.py:190} INFO - [2025-01-07T06:02:21.777+0000] {dag.py:4180} INFO - Setting next_dagrun for example_subdag_operator.section-2 to None, run_after=None
[2025-01-07T06:02:21.796+0000] {processor.py:208} INFO - Processing /home/airflow/.local/lib/python3.12/site-packages/airflow/example_dags/example_subdag_operator.py took 0.188 seconds
[2025-01-07T06:02:52.919+0000] {processor.py:186} INFO - Started process (PID=711) to work on /home/airflow/.local/lib/python3.12/site-packages/airflow/example_dags/example_subdag_operator.py
[2025-01-07T06:02:52.921+0000] {processor.py:914} INFO - Processing file /home/airflow/.local/lib/python3.12/site-packages/airflow/example_dags/example_subdag_operator.py for tasks to queue
[2025-01-07T06:02:52.926+0000] {logging_mixin.py:190} INFO - [2025-01-07T06:02:52.926+0000] {dagbag.py:588} INFO - Filling up the DagBag from /home/airflow/.local/lib/python3.12/site-packages/airflow/example_dags/example_subdag_operator.py
[2025-01-07T06:02:52.988+0000] {processor.py:925} INFO - DAG(s) 'example_subdag_operator.section-1', 'example_subdag_operator.section-2', 'example_subdag_operator' retrieved from /home/airflow/.local/lib/python3.12/site-packages/airflow/example_dags/example_subdag_operator.py
[2025-01-07T06:02:53.026+0000] {logging_mixin.py:190} INFO - [2025-01-07T06:02:53.025+0000] {dag.py:3239} INFO - Sync 3 DAGs
[2025-01-07T06:02:53.098+0000] {logging_mixin.py:190} INFO - [2025-01-07T06:02:53.097+0000] {dag.py:4180} INFO - Setting next_dagrun for example_subdag_operator to 2022-01-01 00:00:00+00:00, run_after=2022-01-01 00:00:00+00:00
[2025-01-07T06:02:53.118+0000] {logging_mixin.py:190} INFO - [2025-01-07T06:02:53.118+0000] {dag.py:4180} INFO - Setting next_dagrun for example_subdag_operator.section-1 to None, run_after=None
[2025-01-07T06:02:53.123+0000] {logging_mixin.py:190} INFO - [2025-01-07T06:02:53.123+0000] {dag.py:4180} INFO - Setting next_dagrun for example_subdag_operator.section-2 to None, run_after=None
[2025-01-07T06:02:53.138+0000] {logging_mixin.py:190} INFO - [2025-01-07T06:02:53.138+0000] {dag.py:3239} INFO - Sync 2 DAGs
[2025-01-07T06:02:53.158+0000] {logging_mixin.py:190} INFO - [2025-01-07T06:02:53.157+0000] {dag.py:4180} INFO - Setting next_dagrun for example_subdag_operator.section-1 to None, run_after=None
[2025-01-07T06:02:53.161+0000] {logging_mixin.py:190} INFO - [2025-01-07T06:02:53.160+0000] {dag.py:4180} INFO - Setting next_dagrun for example_subdag_operator.section-2 to None, run_after=None
[2025-01-07T06:02:53.188+0000] {processor.py:208} INFO - Processing /home/airflow/.local/lib/python3.12/site-packages/airflow/example_dags/example_subdag_operator.py took 0.280 seconds
[2025-01-07T06:03:23.416+0000] {processor.py:186} INFO - Started process (PID=776) to work on /home/airflow/.local/lib/python3.12/site-packages/airflow/example_dags/example_subdag_operator.py
[2025-01-07T06:03:23.418+0000] {processor.py:914} INFO - Processing file /home/airflow/.local/lib/python3.12/site-packages/airflow/example_dags/example_subdag_operator.py for tasks to queue
[2025-01-07T06:03:23.423+0000] {logging_mixin.py:190} INFO - [2025-01-07T06:03:23.422+0000] {dagbag.py:588} INFO - Filling up the DagBag from /home/airflow/.local/lib/python3.12/site-packages/airflow/example_dags/example_subdag_operator.py
[2025-01-07T06:03:23.485+0000] {processor.py:925} INFO - DAG(s) 'example_subdag_operator.section-1', 'example_subdag_operator.section-2', 'example_subdag_operator' retrieved from /home/airflow/.local/lib/python3.12/site-packages/airflow/example_dags/example_subdag_operator.py
[2025-01-07T06:03:23.514+0000] {logging_mixin.py:190} INFO - [2025-01-07T06:03:23.513+0000] {dag.py:3239} INFO - Sync 3 DAGs
[2025-01-07T06:03:23.552+0000] {logging_mixin.py:190} INFO - [2025-01-07T06:03:23.551+0000] {dag.py:4180} INFO - Setting next_dagrun for example_subdag_operator to 2022-01-01 00:00:00+00:00, run_after=2022-01-01 00:00:00+00:00
[2025-01-07T06:03:23.559+0000] {logging_mixin.py:190} INFO - [2025-01-07T06:03:23.559+0000] {dag.py:4180} INFO - Setting next_dagrun for example_subdag_operator.section-1 to None, run_after=None
[2025-01-07T06:03:23.565+0000] {logging_mixin.py:190} INFO - [2025-01-07T06:03:23.564+0000] {dag.py:4180} INFO - Setting next_dagrun for example_subdag_operator.section-2 to None, run_after=None
[2025-01-07T06:03:23.579+0000] {logging_mixin.py:190} INFO - [2025-01-07T06:03:23.579+0000] {dag.py:3239} INFO - Sync 2 DAGs
[2025-01-07T06:03:23.591+0000] {logging_mixin.py:190} INFO - [2025-01-07T06:03:23.591+0000] {dag.py:4180} INFO - Setting next_dagrun for example_subdag_operator.section-1 to None, run_after=None
[2025-01-07T06:03:23.594+0000] {logging_mixin.py:190} INFO - [2025-01-07T06:03:23.593+0000] {dag.py:4180} INFO - Setting next_dagrun for example_subdag_operator.section-2 to None, run_after=None
[2025-01-07T06:03:23.624+0000] {processor.py:208} INFO - Processing /home/airflow/.local/lib/python3.12/site-packages/airflow/example_dags/example_subdag_operator.py took 0.224 seconds
