[2025-01-07T05:57:46.823+0000] {processor.py:186} INFO - Started process (PID=60) to work on /home/airflow/.local/lib/python3.12/site-packages/airflow/example_dags/example_branch_labels.py
[2025-01-07T05:57:46.824+0000] {processor.py:914} INFO - Processing file /home/airflow/.local/lib/python3.12/site-packages/airflow/example_dags/example_branch_labels.py for tasks to queue
[2025-01-07T05:57:46.829+0000] {logging_mixin.py:190} INFO - [2025-01-07T05:57:46.829+0000] {dagbag.py:588} INFO - Filling up the DagBag from /home/airflow/.local/lib/python3.12/site-packages/airflow/example_dags/example_branch_labels.py
[2025-01-07T05:57:46.852+0000] {processor.py:925} INFO - DAG(s) 'example_branch_labels' retrieved from /home/airflow/.local/lib/python3.12/site-packages/airflow/example_dags/example_branch_labels.py
[2025-01-07T05:57:46.898+0000] {logging_mixin.py:190} INFO - [2025-01-07T05:57:46.896+0000] {dag.py:3239} INFO - Sync 1 DAGs
[2025-01-07T05:57:46.938+0000] {logging_mixin.py:190} INFO - [2025-01-07T05:57:46.937+0000] {dag.py:4180} INFO - Setting next_dagrun for example_branch_labels to 2025-01-06 00:00:00+00:00, run_after=2025-01-07 00:00:00+00:00
[2025-01-07T05:57:46.974+0000] {processor.py:208} INFO - Processing /home/airflow/.local/lib/python3.12/site-packages/airflow/example_dags/example_branch_labels.py took 0.162 seconds
[2025-01-07T05:58:17.358+0000] {processor.py:186} INFO - Started process (PID=126) to work on /home/airflow/.local/lib/python3.12/site-packages/airflow/example_dags/example_branch_labels.py
[2025-01-07T05:58:17.361+0000] {processor.py:914} INFO - Processing file /home/airflow/.local/lib/python3.12/site-packages/airflow/example_dags/example_branch_labels.py for tasks to queue
[2025-01-07T05:58:17.366+0000] {logging_mixin.py:190} INFO - [2025-01-07T05:58:17.365+0000] {dagbag.py:588} INFO - Filling up the DagBag from /home/airflow/.local/lib/python3.12/site-packages/airflow/example_dags/example_branch_labels.py
[2025-01-07T05:58:17.389+0000] {processor.py:925} INFO - DAG(s) 'example_branch_labels' retrieved from /home/airflow/.local/lib/python3.12/site-packages/airflow/example_dags/example_branch_labels.py
[2025-01-07T05:58:17.453+0000] {logging_mixin.py:190} INFO - [2025-01-07T05:58:17.452+0000] {dag.py:3239} INFO - Sync 1 DAGs
[2025-01-07T05:58:17.541+0000] {logging_mixin.py:190} INFO - [2025-01-07T05:58:17.540+0000] {dag.py:4180} INFO - Setting next_dagrun for example_branch_labels to 2025-01-06 00:00:00+00:00, run_after=2025-01-07 00:00:00+00:00
[2025-01-07T05:58:17.587+0000] {processor.py:208} INFO - Processing /home/airflow/.local/lib/python3.12/site-packages/airflow/example_dags/example_branch_labels.py took 0.243 seconds
[2025-01-07T05:58:48.810+0000] {processor.py:186} INFO - Started process (PID=192) to work on /home/airflow/.local/lib/python3.12/site-packages/airflow/example_dags/example_branch_labels.py
[2025-01-07T05:58:48.813+0000] {processor.py:914} INFO - Processing file /home/airflow/.local/lib/python3.12/site-packages/airflow/example_dags/example_branch_labels.py for tasks to queue
[2025-01-07T05:58:48.817+0000] {logging_mixin.py:190} INFO - [2025-01-07T05:58:48.817+0000] {dagbag.py:588} INFO - Filling up the DagBag from /home/airflow/.local/lib/python3.12/site-packages/airflow/example_dags/example_branch_labels.py
[2025-01-07T05:58:48.832+0000] {processor.py:925} INFO - DAG(s) 'example_branch_labels' retrieved from /home/airflow/.local/lib/python3.12/site-packages/airflow/example_dags/example_branch_labels.py
[2025-01-07T05:58:48.877+0000] {logging_mixin.py:190} INFO - [2025-01-07T05:58:48.876+0000] {dag.py:3239} INFO - Sync 1 DAGs
[2025-01-07T05:58:48.915+0000] {logging_mixin.py:190} INFO - [2025-01-07T05:58:48.915+0000] {dag.py:4180} INFO - Setting next_dagrun for example_branch_labels to 2025-01-06 00:00:00+00:00, run_after=2025-01-07 00:00:00+00:00
[2025-01-07T05:58:48.943+0000] {processor.py:208} INFO - Processing /home/airflow/.local/lib/python3.12/site-packages/airflow/example_dags/example_branch_labels.py took 0.143 seconds
[2025-01-07T05:59:19.877+0000] {processor.py:186} INFO - Started process (PID=258) to work on /home/airflow/.local/lib/python3.12/site-packages/airflow/example_dags/example_branch_labels.py
[2025-01-07T05:59:19.879+0000] {processor.py:914} INFO - Processing file /home/airflow/.local/lib/python3.12/site-packages/airflow/example_dags/example_branch_labels.py for tasks to queue
[2025-01-07T05:59:19.884+0000] {logging_mixin.py:190} INFO - [2025-01-07T05:59:19.883+0000] {dagbag.py:588} INFO - Filling up the DagBag from /home/airflow/.local/lib/python3.12/site-packages/airflow/example_dags/example_branch_labels.py
[2025-01-07T05:59:19.900+0000] {processor.py:925} INFO - DAG(s) 'example_branch_labels' retrieved from /home/airflow/.local/lib/python3.12/site-packages/airflow/example_dags/example_branch_labels.py
[2025-01-07T05:59:19.939+0000] {logging_mixin.py:190} INFO - [2025-01-07T05:59:19.938+0000] {dag.py:3239} INFO - Sync 1 DAGs
[2025-01-07T05:59:19.982+0000] {logging_mixin.py:190} INFO - [2025-01-07T05:59:19.982+0000] {dag.py:4180} INFO - Setting next_dagrun for example_branch_labels to 2025-01-06 00:00:00+00:00, run_after=2025-01-07 00:00:00+00:00
[2025-01-07T05:59:20.016+0000] {processor.py:208} INFO - Processing /home/airflow/.local/lib/python3.12/site-packages/airflow/example_dags/example_branch_labels.py took 0.148 seconds
[2025-01-07T05:59:50.571+0000] {processor.py:186} INFO - Started process (PID=325) to work on /home/airflow/.local/lib/python3.12/site-packages/airflow/example_dags/example_branch_labels.py
[2025-01-07T05:59:50.573+0000] {processor.py:914} INFO - Processing file /home/airflow/.local/lib/python3.12/site-packages/airflow/example_dags/example_branch_labels.py for tasks to queue
[2025-01-07T05:59:50.577+0000] {logging_mixin.py:190} INFO - [2025-01-07T05:59:50.576+0000] {dagbag.py:588} INFO - Filling up the DagBag from /home/airflow/.local/lib/python3.12/site-packages/airflow/example_dags/example_branch_labels.py
[2025-01-07T05:59:50.591+0000] {processor.py:925} INFO - DAG(s) 'example_branch_labels' retrieved from /home/airflow/.local/lib/python3.12/site-packages/airflow/example_dags/example_branch_labels.py
[2025-01-07T05:59:50.631+0000] {logging_mixin.py:190} INFO - [2025-01-07T05:59:50.630+0000] {dag.py:3239} INFO - Sync 1 DAGs
[2025-01-07T05:59:50.666+0000] {logging_mixin.py:190} INFO - [2025-01-07T05:59:50.665+0000] {dag.py:4180} INFO - Setting next_dagrun for example_branch_labels to 2025-01-06 00:00:00+00:00, run_after=2025-01-07 00:00:00+00:00
[2025-01-07T05:59:50.696+0000] {processor.py:208} INFO - Processing /home/airflow/.local/lib/python3.12/site-packages/airflow/example_dags/example_branch_labels.py took 0.133 seconds
[2025-01-07T06:00:21.926+0000] {processor.py:186} INFO - Started process (PID=391) to work on /home/airflow/.local/lib/python3.12/site-packages/airflow/example_dags/example_branch_labels.py
[2025-01-07T06:00:21.929+0000] {processor.py:914} INFO - Processing file /home/airflow/.local/lib/python3.12/site-packages/airflow/example_dags/example_branch_labels.py for tasks to queue
[2025-01-07T06:00:21.934+0000] {logging_mixin.py:190} INFO - [2025-01-07T06:00:21.934+0000] {dagbag.py:588} INFO - Filling up the DagBag from /home/airflow/.local/lib/python3.12/site-packages/airflow/example_dags/example_branch_labels.py
[2025-01-07T06:00:21.953+0000] {processor.py:925} INFO - DAG(s) 'example_branch_labels' retrieved from /home/airflow/.local/lib/python3.12/site-packages/airflow/example_dags/example_branch_labels.py
[2025-01-07T06:00:22.000+0000] {logging_mixin.py:190} INFO - [2025-01-07T06:00:21.999+0000] {dag.py:3239} INFO - Sync 1 DAGs
[2025-01-07T06:00:22.048+0000] {logging_mixin.py:190} INFO - [2025-01-07T06:00:22.048+0000] {dag.py:4180} INFO - Setting next_dagrun for example_branch_labels to 2025-01-06 00:00:00+00:00, run_after=2025-01-07 00:00:00+00:00
[2025-01-07T06:00:22.090+0000] {processor.py:208} INFO - Processing /home/airflow/.local/lib/python3.12/site-packages/airflow/example_dags/example_branch_labels.py took 0.174 seconds
[2025-01-07T06:00:52.983+0000] {processor.py:186} INFO - Started process (PID=457) to work on /home/airflow/.local/lib/python3.12/site-packages/airflow/example_dags/example_branch_labels.py
[2025-01-07T06:00:52.986+0000] {processor.py:914} INFO - Processing file /home/airflow/.local/lib/python3.12/site-packages/airflow/example_dags/example_branch_labels.py for tasks to queue
[2025-01-07T06:00:52.990+0000] {logging_mixin.py:190} INFO - [2025-01-07T06:00:52.990+0000] {dagbag.py:588} INFO - Filling up the DagBag from /home/airflow/.local/lib/python3.12/site-packages/airflow/example_dags/example_branch_labels.py
[2025-01-07T06:00:53.007+0000] {processor.py:925} INFO - DAG(s) 'example_branch_labels' retrieved from /home/airflow/.local/lib/python3.12/site-packages/airflow/example_dags/example_branch_labels.py
[2025-01-07T06:00:53.042+0000] {logging_mixin.py:190} INFO - [2025-01-07T06:00:53.041+0000] {dag.py:3239} INFO - Sync 1 DAGs
[2025-01-07T06:00:53.076+0000] {logging_mixin.py:190} INFO - [2025-01-07T06:00:53.076+0000] {dag.py:4180} INFO - Setting next_dagrun for example_branch_labels to 2025-01-06 00:00:00+00:00, run_after=2025-01-07 00:00:00+00:00
[2025-01-07T06:00:53.103+0000] {processor.py:208} INFO - Processing /home/airflow/.local/lib/python3.12/site-packages/airflow/example_dags/example_branch_labels.py took 0.130 seconds
[2025-01-07T06:01:23.469+0000] {processor.py:186} INFO - Started process (PID=523) to work on /home/airflow/.local/lib/python3.12/site-packages/airflow/example_dags/example_branch_labels.py
[2025-01-07T06:01:23.470+0000] {processor.py:914} INFO - Processing file /home/airflow/.local/lib/python3.12/site-packages/airflow/example_dags/example_branch_labels.py for tasks to queue
[2025-01-07T06:01:23.474+0000] {logging_mixin.py:190} INFO - [2025-01-07T06:01:23.473+0000] {dagbag.py:588} INFO - Filling up the DagBag from /home/airflow/.local/lib/python3.12/site-packages/airflow/example_dags/example_branch_labels.py
[2025-01-07T06:01:23.487+0000] {processor.py:925} INFO - DAG(s) 'example_branch_labels' retrieved from /home/airflow/.local/lib/python3.12/site-packages/airflow/example_dags/example_branch_labels.py
[2025-01-07T06:01:23.523+0000] {logging_mixin.py:190} INFO - [2025-01-07T06:01:23.523+0000] {dag.py:3239} INFO - Sync 1 DAGs
[2025-01-07T06:01:23.559+0000] {logging_mixin.py:190} INFO - [2025-01-07T06:01:23.559+0000] {dag.py:4180} INFO - Setting next_dagrun for example_branch_labels to 2025-01-06 00:00:00+00:00, run_after=2025-01-07 00:00:00+00:00
[2025-01-07T06:01:23.593+0000] {processor.py:208} INFO - Processing /home/airflow/.local/lib/python3.12/site-packages/airflow/example_dags/example_branch_labels.py took 0.133 seconds
[2025-01-07T06:01:54.205+0000] {processor.py:186} INFO - Started process (PID=589) to work on /home/airflow/.local/lib/python3.12/site-packages/airflow/example_dags/example_branch_labels.py
[2025-01-07T06:01:54.207+0000] {processor.py:914} INFO - Processing file /home/airflow/.local/lib/python3.12/site-packages/airflow/example_dags/example_branch_labels.py for tasks to queue
[2025-01-07T06:01:54.211+0000] {logging_mixin.py:190} INFO - [2025-01-07T06:01:54.210+0000] {dagbag.py:588} INFO - Filling up the DagBag from /home/airflow/.local/lib/python3.12/site-packages/airflow/example_dags/example_branch_labels.py
[2025-01-07T06:01:54.225+0000] {processor.py:925} INFO - DAG(s) 'example_branch_labels' retrieved from /home/airflow/.local/lib/python3.12/site-packages/airflow/example_dags/example_branch_labels.py
[2025-01-07T06:01:54.259+0000] {logging_mixin.py:190} INFO - [2025-01-07T06:01:54.259+0000] {dag.py:3239} INFO - Sync 1 DAGs
[2025-01-07T06:01:54.291+0000] {logging_mixin.py:190} INFO - [2025-01-07T06:01:54.290+0000] {dag.py:4180} INFO - Setting next_dagrun for example_branch_labels to 2025-01-06 00:00:00+00:00, run_after=2025-01-07 00:00:00+00:00
[2025-01-07T06:01:54.316+0000] {processor.py:208} INFO - Processing /home/airflow/.local/lib/python3.12/site-packages/airflow/example_dags/example_branch_labels.py took 0.119 seconds
[2025-01-07T06:02:25.327+0000] {processor.py:186} INFO - Started process (PID=655) to work on /home/airflow/.local/lib/python3.12/site-packages/airflow/example_dags/example_branch_labels.py
[2025-01-07T06:02:25.330+0000] {processor.py:914} INFO - Processing file /home/airflow/.local/lib/python3.12/site-packages/airflow/example_dags/example_branch_labels.py for tasks to queue
[2025-01-07T06:02:25.334+0000] {logging_mixin.py:190} INFO - [2025-01-07T06:02:25.333+0000] {dagbag.py:588} INFO - Filling up the DagBag from /home/airflow/.local/lib/python3.12/site-packages/airflow/example_dags/example_branch_labels.py
[2025-01-07T06:02:25.348+0000] {processor.py:925} INFO - DAG(s) 'example_branch_labels' retrieved from /home/airflow/.local/lib/python3.12/site-packages/airflow/example_dags/example_branch_labels.py
[2025-01-07T06:02:25.382+0000] {logging_mixin.py:190} INFO - [2025-01-07T06:02:25.381+0000] {dag.py:3239} INFO - Sync 1 DAGs
[2025-01-07T06:02:25.413+0000] {logging_mixin.py:190} INFO - [2025-01-07T06:02:25.413+0000] {dag.py:4180} INFO - Setting next_dagrun for example_branch_labels to 2025-01-06 00:00:00+00:00, run_after=2025-01-07 00:00:00+00:00
[2025-01-07T06:02:25.440+0000] {processor.py:208} INFO - Processing /home/airflow/.local/lib/python3.12/site-packages/airflow/example_dags/example_branch_labels.py took 0.121 seconds
[2025-01-07T06:02:56.111+0000] {processor.py:186} INFO - Started process (PID=721) to work on /home/airflow/.local/lib/python3.12/site-packages/airflow/example_dags/example_branch_labels.py
[2025-01-07T06:02:56.112+0000] {processor.py:914} INFO - Processing file /home/airflow/.local/lib/python3.12/site-packages/airflow/example_dags/example_branch_labels.py for tasks to queue
[2025-01-07T06:02:56.116+0000] {logging_mixin.py:190} INFO - [2025-01-07T06:02:56.115+0000] {dagbag.py:588} INFO - Filling up the DagBag from /home/airflow/.local/lib/python3.12/site-packages/airflow/example_dags/example_branch_labels.py
[2025-01-07T06:02:56.129+0000] {processor.py:925} INFO - DAG(s) 'example_branch_labels' retrieved from /home/airflow/.local/lib/python3.12/site-packages/airflow/example_dags/example_branch_labels.py
[2025-01-07T06:02:56.163+0000] {logging_mixin.py:190} INFO - [2025-01-07T06:02:56.162+0000] {dag.py:3239} INFO - Sync 1 DAGs
[2025-01-07T06:02:56.194+0000] {logging_mixin.py:190} INFO - [2025-01-07T06:02:56.194+0000] {dag.py:4180} INFO - Setting next_dagrun for example_branch_labels to 2025-01-06 00:00:00+00:00, run_after=2025-01-07 00:00:00+00:00
[2025-01-07T06:02:56.219+0000] {processor.py:208} INFO - Processing /home/airflow/.local/lib/python3.12/site-packages/airflow/example_dags/example_branch_labels.py took 0.116 seconds
[2025-01-07T06:03:26.979+0000] {processor.py:186} INFO - Started process (PID=786) to work on /home/airflow/.local/lib/python3.12/site-packages/airflow/example_dags/example_branch_labels.py
[2025-01-07T06:03:26.980+0000] {processor.py:914} INFO - Processing file /home/airflow/.local/lib/python3.12/site-packages/airflow/example_dags/example_branch_labels.py for tasks to queue
[2025-01-07T06:03:26.985+0000] {logging_mixin.py:190} INFO - [2025-01-07T06:03:26.984+0000] {dagbag.py:588} INFO - Filling up the DagBag from /home/airflow/.local/lib/python3.12/site-packages/airflow/example_dags/example_branch_labels.py
[2025-01-07T06:03:27.002+0000] {processor.py:925} INFO - DAG(s) 'example_branch_labels' retrieved from /home/airflow/.local/lib/python3.12/site-packages/airflow/example_dags/example_branch_labels.py
[2025-01-07T06:03:27.045+0000] {logging_mixin.py:190} INFO - [2025-01-07T06:03:27.044+0000] {dag.py:3239} INFO - Sync 1 DAGs
[2025-01-07T06:03:27.091+0000] {logging_mixin.py:190} INFO - [2025-01-07T06:03:27.091+0000] {dag.py:4180} INFO - Setting next_dagrun for example_branch_labels to 2025-01-06 00:00:00+00:00, run_after=2025-01-07 00:00:00+00:00
[2025-01-07T06:03:27.126+0000] {processor.py:208} INFO - Processing /home/airflow/.local/lib/python3.12/site-packages/airflow/example_dags/example_branch_labels.py took 0.157 seconds
