[2025-01-07T05:57:47.040+0000] {processor.py:186} INFO - Started process (PID=61) to work on /home/airflow/.local/lib/python3.12/site-packages/airflow/example_dags/example_inlet_event_extra.py
[2025-01-07T05:57:47.043+0000] {processor.py:914} INFO - Processing file /home/airflow/.local/lib/python3.12/site-packages/airflow/example_dags/example_inlet_event_extra.py for tasks to queue
[2025-01-07T05:57:47.047+0000] {logging_mixin.py:190} INFO - [2025-01-07T05:57:47.047+0000] {dagbag.py:588} INFO - Filling up the DagBag from /home/airflow/.local/lib/python3.12/site-packages/airflow/example_dags/example_inlet_event_extra.py
[2025-01-07T05:57:47.279+0000] {processor.py:925} INFO - DAG(s) 'read_dataset_event', 'read_dataset_event_from_classic' retrieved from /home/airflow/.local/lib/python3.12/site-packages/airflow/example_dags/example_inlet_event_extra.py
[2025-01-07T05:57:47.326+0000] {logging_mixin.py:190} INFO - [2025-01-07T05:57:47.326+0000] {dag.py:3239} INFO - Sync 2 DAGs
[2025-01-07T05:57:47.367+0000] {logging_mixin.py:190} INFO - [2025-01-07T05:57:47.366+0000] {dag.py:4180} INFO - Setting next_dagrun for read_dataset_event to 2025-01-06 00:00:00+00:00, run_after=2025-01-07 00:00:00+00:00
[2025-01-07T05:57:47.376+0000] {logging_mixin.py:190} INFO - [2025-01-07T05:57:47.375+0000] {dag.py:4180} INFO - Setting next_dagrun for read_dataset_event_from_classic to 2025-01-06 00:00:00+00:00, run_after=2025-01-07 00:00:00+00:00
[2025-01-07T05:57:47.421+0000] {processor.py:208} INFO - Processing /home/airflow/.local/lib/python3.12/site-packages/airflow/example_dags/example_inlet_event_extra.py took 0.394 seconds
[2025-01-07T05:58:17.632+0000] {processor.py:186} INFO - Started process (PID=127) to work on /home/airflow/.local/lib/python3.12/site-packages/airflow/example_dags/example_inlet_event_extra.py
[2025-01-07T05:58:17.634+0000] {processor.py:914} INFO - Processing file /home/airflow/.local/lib/python3.12/site-packages/airflow/example_dags/example_inlet_event_extra.py for tasks to queue
[2025-01-07T05:58:17.638+0000] {logging_mixin.py:190} INFO - [2025-01-07T05:58:17.637+0000] {dagbag.py:588} INFO - Filling up the DagBag from /home/airflow/.local/lib/python3.12/site-packages/airflow/example_dags/example_inlet_event_extra.py
[2025-01-07T05:58:17.833+0000] {processor.py:925} INFO - DAG(s) 'read_dataset_event_from_classic', 'read_dataset_event' retrieved from /home/airflow/.local/lib/python3.12/site-packages/airflow/example_dags/example_inlet_event_extra.py
[2025-01-07T05:58:17.872+0000] {logging_mixin.py:190} INFO - [2025-01-07T05:58:17.872+0000] {dag.py:3239} INFO - Sync 2 DAGs
[2025-01-07T05:58:17.907+0000] {logging_mixin.py:190} INFO - [2025-01-07T05:58:17.907+0000] {dag.py:4180} INFO - Setting next_dagrun for read_dataset_event to 2025-01-06 00:00:00+00:00, run_after=2025-01-07 00:00:00+00:00
[2025-01-07T05:58:17.916+0000] {logging_mixin.py:190} INFO - [2025-01-07T05:58:17.916+0000] {dag.py:4180} INFO - Setting next_dagrun for read_dataset_event_from_classic to 2025-01-06 00:00:00+00:00, run_after=2025-01-07 00:00:00+00:00
[2025-01-07T05:58:17.944+0000] {processor.py:208} INFO - Processing /home/airflow/.local/lib/python3.12/site-packages/airflow/example_dags/example_inlet_event_extra.py took 0.320 seconds
[2025-01-07T05:58:48.915+0000] {processor.py:186} INFO - Started process (PID=193) to work on /home/airflow/.local/lib/python3.12/site-packages/airflow/example_dags/example_inlet_event_extra.py
[2025-01-07T05:58:48.916+0000] {processor.py:914} INFO - Processing file /home/airflow/.local/lib/python3.12/site-packages/airflow/example_dags/example_inlet_event_extra.py for tasks to queue
[2025-01-07T05:58:48.921+0000] {logging_mixin.py:190} INFO - [2025-01-07T05:58:48.920+0000] {dagbag.py:588} INFO - Filling up the DagBag from /home/airflow/.local/lib/python3.12/site-packages/airflow/example_dags/example_inlet_event_extra.py
[2025-01-07T05:58:49.096+0000] {processor.py:925} INFO - DAG(s) 'read_dataset_event_from_classic', 'read_dataset_event' retrieved from /home/airflow/.local/lib/python3.12/site-packages/airflow/example_dags/example_inlet_event_extra.py
[2025-01-07T05:58:49.135+0000] {logging_mixin.py:190} INFO - [2025-01-07T05:58:49.135+0000] {dag.py:3239} INFO - Sync 2 DAGs
[2025-01-07T05:58:49.176+0000] {logging_mixin.py:190} INFO - [2025-01-07T05:58:49.176+0000] {dag.py:4180} INFO - Setting next_dagrun for read_dataset_event to 2025-01-06 00:00:00+00:00, run_after=2025-01-07 00:00:00+00:00
[2025-01-07T05:58:49.184+0000] {logging_mixin.py:190} INFO - [2025-01-07T05:58:49.184+0000] {dag.py:4180} INFO - Setting next_dagrun for read_dataset_event_from_classic to 2025-01-06 00:00:00+00:00, run_after=2025-01-07 00:00:00+00:00
[2025-01-07T05:58:49.212+0000] {processor.py:208} INFO - Processing /home/airflow/.local/lib/python3.12/site-packages/airflow/example_dags/example_inlet_event_extra.py took 0.307 seconds
[2025-01-07T05:59:19.942+0000] {processor.py:186} INFO - Started process (PID=259) to work on /home/airflow/.local/lib/python3.12/site-packages/airflow/example_dags/example_inlet_event_extra.py
[2025-01-07T05:59:19.944+0000] {processor.py:914} INFO - Processing file /home/airflow/.local/lib/python3.12/site-packages/airflow/example_dags/example_inlet_event_extra.py for tasks to queue
[2025-01-07T05:59:19.949+0000] {logging_mixin.py:190} INFO - [2025-01-07T05:59:19.948+0000] {dagbag.py:588} INFO - Filling up the DagBag from /home/airflow/.local/lib/python3.12/site-packages/airflow/example_dags/example_inlet_event_extra.py
[2025-01-07T05:59:20.129+0000] {processor.py:925} INFO - DAG(s) 'read_dataset_event', 'read_dataset_event_from_classic' retrieved from /home/airflow/.local/lib/python3.12/site-packages/airflow/example_dags/example_inlet_event_extra.py
[2025-01-07T05:59:20.163+0000] {logging_mixin.py:190} INFO - [2025-01-07T05:59:20.163+0000] {dag.py:3239} INFO - Sync 2 DAGs
[2025-01-07T05:59:20.200+0000] {logging_mixin.py:190} INFO - [2025-01-07T05:59:20.199+0000] {dag.py:4180} INFO - Setting next_dagrun for read_dataset_event to 2025-01-06 00:00:00+00:00, run_after=2025-01-07 00:00:00+00:00
[2025-01-07T05:59:20.208+0000] {logging_mixin.py:190} INFO - [2025-01-07T05:59:20.208+0000] {dag.py:4180} INFO - Setting next_dagrun for read_dataset_event_from_classic to 2025-01-06 00:00:00+00:00, run_after=2025-01-07 00:00:00+00:00
[2025-01-07T05:59:20.233+0000] {processor.py:208} INFO - Processing /home/airflow/.local/lib/python3.12/site-packages/airflow/example_dags/example_inlet_event_extra.py took 0.300 seconds
[2025-01-07T05:59:50.646+0000] {processor.py:186} INFO - Started process (PID=326) to work on /home/airflow/.local/lib/python3.12/site-packages/airflow/example_dags/example_inlet_event_extra.py
[2025-01-07T05:59:50.648+0000] {processor.py:914} INFO - Processing file /home/airflow/.local/lib/python3.12/site-packages/airflow/example_dags/example_inlet_event_extra.py for tasks to queue
[2025-01-07T05:59:50.654+0000] {logging_mixin.py:190} INFO - [2025-01-07T05:59:50.653+0000] {dagbag.py:588} INFO - Filling up the DagBag from /home/airflow/.local/lib/python3.12/site-packages/airflow/example_dags/example_inlet_event_extra.py
[2025-01-07T05:59:50.823+0000] {processor.py:925} INFO - DAG(s) 'read_dataset_event_from_classic', 'read_dataset_event' retrieved from /home/airflow/.local/lib/python3.12/site-packages/airflow/example_dags/example_inlet_event_extra.py
[2025-01-07T05:59:50.865+0000] {logging_mixin.py:190} INFO - [2025-01-07T05:59:50.865+0000] {dag.py:3239} INFO - Sync 2 DAGs
[2025-01-07T05:59:50.909+0000] {logging_mixin.py:190} INFO - [2025-01-07T05:59:50.908+0000] {dag.py:4180} INFO - Setting next_dagrun for read_dataset_event to 2025-01-06 00:00:00+00:00, run_after=2025-01-07 00:00:00+00:00
[2025-01-07T05:59:50.919+0000] {logging_mixin.py:190} INFO - [2025-01-07T05:59:50.919+0000] {dag.py:4180} INFO - Setting next_dagrun for read_dataset_event_from_classic to 2025-01-06 00:00:00+00:00, run_after=2025-01-07 00:00:00+00:00
[2025-01-07T05:59:50.951+0000] {processor.py:208} INFO - Processing /home/airflow/.local/lib/python3.12/site-packages/airflow/example_dags/example_inlet_event_extra.py took 0.313 seconds
[2025-01-07T06:00:22.027+0000] {processor.py:186} INFO - Started process (PID=392) to work on /home/airflow/.local/lib/python3.12/site-packages/airflow/example_dags/example_inlet_event_extra.py
[2025-01-07T06:00:22.032+0000] {processor.py:914} INFO - Processing file /home/airflow/.local/lib/python3.12/site-packages/airflow/example_dags/example_inlet_event_extra.py for tasks to queue
[2025-01-07T06:00:22.037+0000] {logging_mixin.py:190} INFO - [2025-01-07T06:00:22.037+0000] {dagbag.py:588} INFO - Filling up the DagBag from /home/airflow/.local/lib/python3.12/site-packages/airflow/example_dags/example_inlet_event_extra.py
[2025-01-07T06:00:22.338+0000] {processor.py:925} INFO - DAG(s) 'read_dataset_event', 'read_dataset_event_from_classic' retrieved from /home/airflow/.local/lib/python3.12/site-packages/airflow/example_dags/example_inlet_event_extra.py
[2025-01-07T06:00:22.396+0000] {logging_mixin.py:190} INFO - [2025-01-07T06:00:22.395+0000] {dag.py:3239} INFO - Sync 2 DAGs
[2025-01-07T06:00:22.582+0000] {logging_mixin.py:190} INFO - [2025-01-07T06:00:22.581+0000] {dag.py:4180} INFO - Setting next_dagrun for read_dataset_event to 2025-01-06 00:00:00+00:00, run_after=2025-01-07 00:00:00+00:00
[2025-01-07T06:00:22.628+0000] {logging_mixin.py:190} INFO - [2025-01-07T06:00:22.626+0000] {dag.py:4180} INFO - Setting next_dagrun for read_dataset_event_from_classic to 2025-01-06 00:00:00+00:00, run_after=2025-01-07 00:00:00+00:00
[2025-01-07T06:00:22.715+0000] {processor.py:208} INFO - Processing /home/airflow/.local/lib/python3.12/site-packages/airflow/example_dags/example_inlet_event_extra.py took 0.698 seconds
[2025-01-07T06:00:53.068+0000] {processor.py:186} INFO - Started process (PID=458) to work on /home/airflow/.local/lib/python3.12/site-packages/airflow/example_dags/example_inlet_event_extra.py
[2025-01-07T06:00:53.069+0000] {processor.py:914} INFO - Processing file /home/airflow/.local/lib/python3.12/site-packages/airflow/example_dags/example_inlet_event_extra.py for tasks to queue
[2025-01-07T06:00:53.073+0000] {logging_mixin.py:190} INFO - [2025-01-07T06:00:53.072+0000] {dagbag.py:588} INFO - Filling up the DagBag from /home/airflow/.local/lib/python3.12/site-packages/airflow/example_dags/example_inlet_event_extra.py
[2025-01-07T06:00:53.238+0000] {processor.py:925} INFO - DAG(s) 'read_dataset_event', 'read_dataset_event_from_classic' retrieved from /home/airflow/.local/lib/python3.12/site-packages/airflow/example_dags/example_inlet_event_extra.py
[2025-01-07T06:00:53.273+0000] {logging_mixin.py:190} INFO - [2025-01-07T06:00:53.273+0000] {dag.py:3239} INFO - Sync 2 DAGs
[2025-01-07T06:00:53.310+0000] {logging_mixin.py:190} INFO - [2025-01-07T06:00:53.309+0000] {dag.py:4180} INFO - Setting next_dagrun for read_dataset_event to 2025-01-06 00:00:00+00:00, run_after=2025-01-07 00:00:00+00:00
[2025-01-07T06:00:53.317+0000] {logging_mixin.py:190} INFO - [2025-01-07T06:00:53.317+0000] {dag.py:4180} INFO - Setting next_dagrun for read_dataset_event_from_classic to 2025-01-06 00:00:00+00:00, run_after=2025-01-07 00:00:00+00:00
[2025-01-07T06:00:53.343+0000] {processor.py:208} INFO - Processing /home/airflow/.local/lib/python3.12/site-packages/airflow/example_dags/example_inlet_event_extra.py took 0.285 seconds
[2025-01-07T06:01:23.564+0000] {processor.py:186} INFO - Started process (PID=524) to work on /home/airflow/.local/lib/python3.12/site-packages/airflow/example_dags/example_inlet_event_extra.py
[2025-01-07T06:01:23.566+0000] {processor.py:914} INFO - Processing file /home/airflow/.local/lib/python3.12/site-packages/airflow/example_dags/example_inlet_event_extra.py for tasks to queue
[2025-01-07T06:01:23.570+0000] {logging_mixin.py:190} INFO - [2025-01-07T06:01:23.570+0000] {dagbag.py:588} INFO - Filling up the DagBag from /home/airflow/.local/lib/python3.12/site-packages/airflow/example_dags/example_inlet_event_extra.py
[2025-01-07T06:01:23.755+0000] {processor.py:925} INFO - DAG(s) 'read_dataset_event', 'read_dataset_event_from_classic' retrieved from /home/airflow/.local/lib/python3.12/site-packages/airflow/example_dags/example_inlet_event_extra.py
[2025-01-07T06:01:23.793+0000] {logging_mixin.py:190} INFO - [2025-01-07T06:01:23.793+0000] {dag.py:3239} INFO - Sync 2 DAGs
[2025-01-07T06:01:23.831+0000] {logging_mixin.py:190} INFO - [2025-01-07T06:01:23.831+0000] {dag.py:4180} INFO - Setting next_dagrun for read_dataset_event to 2025-01-06 00:00:00+00:00, run_after=2025-01-07 00:00:00+00:00
[2025-01-07T06:01:23.838+0000] {logging_mixin.py:190} INFO - [2025-01-07T06:01:23.838+0000] {dag.py:4180} INFO - Setting next_dagrun for read_dataset_event_from_classic to 2025-01-06 00:00:00+00:00, run_after=2025-01-07 00:00:00+00:00
[2025-01-07T06:01:23.864+0000] {processor.py:208} INFO - Processing /home/airflow/.local/lib/python3.12/site-packages/airflow/example_dags/example_inlet_event_extra.py took 0.309 seconds
[2025-01-07T06:01:54.276+0000] {processor.py:186} INFO - Started process (PID=590) to work on /home/airflow/.local/lib/python3.12/site-packages/airflow/example_dags/example_inlet_event_extra.py
[2025-01-07T06:01:54.277+0000] {processor.py:914} INFO - Processing file /home/airflow/.local/lib/python3.12/site-packages/airflow/example_dags/example_inlet_event_extra.py for tasks to queue
[2025-01-07T06:01:54.281+0000] {logging_mixin.py:190} INFO - [2025-01-07T06:01:54.280+0000] {dagbag.py:588} INFO - Filling up the DagBag from /home/airflow/.local/lib/python3.12/site-packages/airflow/example_dags/example_inlet_event_extra.py
[2025-01-07T06:01:54.430+0000] {processor.py:925} INFO - DAG(s) 'read_dataset_event', 'read_dataset_event_from_classic' retrieved from /home/airflow/.local/lib/python3.12/site-packages/airflow/example_dags/example_inlet_event_extra.py
[2025-01-07T06:01:54.474+0000] {logging_mixin.py:190} INFO - [2025-01-07T06:01:54.474+0000] {dag.py:3239} INFO - Sync 2 DAGs
[2025-01-07T06:01:54.508+0000] {logging_mixin.py:190} INFO - [2025-01-07T06:01:54.508+0000] {dag.py:4180} INFO - Setting next_dagrun for read_dataset_event to 2025-01-06 00:00:00+00:00, run_after=2025-01-07 00:00:00+00:00
[2025-01-07T06:01:54.517+0000] {logging_mixin.py:190} INFO - [2025-01-07T06:01:54.516+0000] {dag.py:4180} INFO - Setting next_dagrun for read_dataset_event_from_classic to 2025-01-06 00:00:00+00:00, run_after=2025-01-07 00:00:00+00:00
[2025-01-07T06:01:54.540+0000] {processor.py:208} INFO - Processing /home/airflow/.local/lib/python3.12/site-packages/airflow/example_dags/example_inlet_event_extra.py took 0.272 seconds
[2025-01-07T06:02:25.398+0000] {processor.py:186} INFO - Started process (PID=656) to work on /home/airflow/.local/lib/python3.12/site-packages/airflow/example_dags/example_inlet_event_extra.py
[2025-01-07T06:02:25.399+0000] {processor.py:914} INFO - Processing file /home/airflow/.local/lib/python3.12/site-packages/airflow/example_dags/example_inlet_event_extra.py for tasks to queue
[2025-01-07T06:02:25.403+0000] {logging_mixin.py:190} INFO - [2025-01-07T06:02:25.403+0000] {dagbag.py:588} INFO - Filling up the DagBag from /home/airflow/.local/lib/python3.12/site-packages/airflow/example_dags/example_inlet_event_extra.py
[2025-01-07T06:02:25.566+0000] {processor.py:925} INFO - DAG(s) 'read_dataset_event', 'read_dataset_event_from_classic' retrieved from /home/airflow/.local/lib/python3.12/site-packages/airflow/example_dags/example_inlet_event_extra.py
[2025-01-07T06:02:25.614+0000] {logging_mixin.py:190} INFO - [2025-01-07T06:02:25.613+0000] {dag.py:3239} INFO - Sync 2 DAGs
[2025-01-07T06:02:25.667+0000] {logging_mixin.py:190} INFO - [2025-01-07T06:02:25.667+0000] {dag.py:4180} INFO - Setting next_dagrun for read_dataset_event to 2025-01-06 00:00:00+00:00, run_after=2025-01-07 00:00:00+00:00
[2025-01-07T06:02:25.679+0000] {logging_mixin.py:190} INFO - [2025-01-07T06:02:25.678+0000] {dag.py:4180} INFO - Setting next_dagrun for read_dataset_event_from_classic to 2025-01-06 00:00:00+00:00, run_after=2025-01-07 00:00:00+00:00
[2025-01-07T06:02:25.721+0000] {processor.py:208} INFO - Processing /home/airflow/.local/lib/python3.12/site-packages/airflow/example_dags/example_inlet_event_extra.py took 0.331 seconds
[2025-01-07T06:02:56.171+0000] {processor.py:186} INFO - Started process (PID=722) to work on /home/airflow/.local/lib/python3.12/site-packages/airflow/example_dags/example_inlet_event_extra.py
[2025-01-07T06:02:56.175+0000] {processor.py:914} INFO - Processing file /home/airflow/.local/lib/python3.12/site-packages/airflow/example_dags/example_inlet_event_extra.py for tasks to queue
[2025-01-07T06:02:56.179+0000] {logging_mixin.py:190} INFO - [2025-01-07T06:02:56.179+0000] {dagbag.py:588} INFO - Filling up the DagBag from /home/airflow/.local/lib/python3.12/site-packages/airflow/example_dags/example_inlet_event_extra.py
[2025-01-07T06:02:56.326+0000] {processor.py:925} INFO - DAG(s) 'read_dataset_event_from_classic', 'read_dataset_event' retrieved from /home/airflow/.local/lib/python3.12/site-packages/airflow/example_dags/example_inlet_event_extra.py
[2025-01-07T06:02:56.358+0000] {logging_mixin.py:190} INFO - [2025-01-07T06:02:56.357+0000] {dag.py:3239} INFO - Sync 2 DAGs
[2025-01-07T06:02:56.396+0000] {logging_mixin.py:190} INFO - [2025-01-07T06:02:56.395+0000] {dag.py:4180} INFO - Setting next_dagrun for read_dataset_event to 2025-01-06 00:00:00+00:00, run_after=2025-01-07 00:00:00+00:00
[2025-01-07T06:02:56.406+0000] {logging_mixin.py:190} INFO - [2025-01-07T06:02:56.406+0000] {dag.py:4180} INFO - Setting next_dagrun for read_dataset_event_from_classic to 2025-01-06 00:00:00+00:00, run_after=2025-01-07 00:00:00+00:00
[2025-01-07T06:02:56.436+0000] {processor.py:208} INFO - Processing /home/airflow/.local/lib/python3.12/site-packages/airflow/example_dags/example_inlet_event_extra.py took 0.273 seconds
[2025-01-07T06:03:27.082+0000] {processor.py:186} INFO - Started process (PID=787) to work on /home/airflow/.local/lib/python3.12/site-packages/airflow/example_dags/example_inlet_event_extra.py
[2025-01-07T06:03:27.084+0000] {processor.py:914} INFO - Processing file /home/airflow/.local/lib/python3.12/site-packages/airflow/example_dags/example_inlet_event_extra.py for tasks to queue
[2025-01-07T06:03:27.089+0000] {logging_mixin.py:190} INFO - [2025-01-07T06:03:27.088+0000] {dagbag.py:588} INFO - Filling up the DagBag from /home/airflow/.local/lib/python3.12/site-packages/airflow/example_dags/example_inlet_event_extra.py
[2025-01-07T06:03:27.320+0000] {processor.py:925} INFO - DAG(s) 'read_dataset_event', 'read_dataset_event_from_classic' retrieved from /home/airflow/.local/lib/python3.12/site-packages/airflow/example_dags/example_inlet_event_extra.py
[2025-01-07T06:03:27.358+0000] {logging_mixin.py:190} INFO - [2025-01-07T06:03:27.358+0000] {dag.py:3239} INFO - Sync 2 DAGs
[2025-01-07T06:03:27.440+0000] {logging_mixin.py:190} INFO - [2025-01-07T06:03:27.440+0000] {dag.py:4180} INFO - Setting next_dagrun for read_dataset_event to 2025-01-06 00:00:00+00:00, run_after=2025-01-07 00:00:00+00:00
[2025-01-07T06:03:27.448+0000] {logging_mixin.py:190} INFO - [2025-01-07T06:03:27.448+0000] {dag.py:4180} INFO - Setting next_dagrun for read_dataset_event_from_classic to 2025-01-06 00:00:00+00:00, run_after=2025-01-07 00:00:00+00:00
[2025-01-07T06:03:27.484+0000] {processor.py:208} INFO - Processing /home/airflow/.local/lib/python3.12/site-packages/airflow/example_dags/example_inlet_event_extra.py took 0.413 seconds
