[2025-01-07T05:57:48.501+0000] {processor.py:186} INFO - Started process (PID=69) to work on /home/airflow/.local/lib/python3.12/site-packages/airflow/example_dags/example_complex.py
[2025-01-07T05:57:48.504+0000] {processor.py:914} INFO - Processing file /home/airflow/.local/lib/python3.12/site-packages/airflow/example_dags/example_complex.py for tasks to queue
[2025-01-07T05:57:48.510+0000] {logging_mixin.py:190} INFO - [2025-01-07T05:57:48.509+0000] {dagbag.py:588} INFO - Filling up the DagBag from /home/airflow/.local/lib/python3.12/site-packages/airflow/example_dags/example_complex.py
[2025-01-07T05:57:48.536+0000] {processor.py:925} INFO - DAG(s) 'example_complex' retrieved from /home/airflow/.local/lib/python3.12/site-packages/airflow/example_dags/example_complex.py
[2025-01-07T05:57:48.598+0000] {logging_mixin.py:190} INFO - [2025-01-07T05:57:48.597+0000] {dag.py:3239} INFO - Sync 1 DAGs
[2025-01-07T05:57:48.626+0000] {logging_mixin.py:190} INFO - [2025-01-07T05:57:48.626+0000] {dag.py:4180} INFO - Setting next_dagrun for example_complex to None, run_after=None
[2025-01-07T05:57:48.669+0000] {processor.py:208} INFO - Processing /home/airflow/.local/lib/python3.12/site-packages/airflow/example_dags/example_complex.py took 0.181 seconds
[2025-01-07T05:58:18.950+0000] {processor.py:186} INFO - Started process (PID=135) to work on /home/airflow/.local/lib/python3.12/site-packages/airflow/example_dags/example_complex.py
[2025-01-07T05:58:18.952+0000] {processor.py:914} INFO - Processing file /home/airflow/.local/lib/python3.12/site-packages/airflow/example_dags/example_complex.py for tasks to queue
[2025-01-07T05:58:18.961+0000] {logging_mixin.py:190} INFO - [2025-01-07T05:58:18.960+0000] {dagbag.py:588} INFO - Filling up the DagBag from /home/airflow/.local/lib/python3.12/site-packages/airflow/example_dags/example_complex.py
[2025-01-07T05:58:19.000+0000] {processor.py:925} INFO - DAG(s) 'example_complex' retrieved from /home/airflow/.local/lib/python3.12/site-packages/airflow/example_dags/example_complex.py
[2025-01-07T05:58:19.191+0000] {logging_mixin.py:190} INFO - [2025-01-07T05:58:19.146+0000] {dag.py:3239} INFO - Sync 1 DAGs
[2025-01-07T05:58:19.244+0000] {logging_mixin.py:190} INFO - [2025-01-07T05:58:19.243+0000] {dag.py:4180} INFO - Setting next_dagrun for example_complex to None, run_after=None
[2025-01-07T05:58:19.296+0000] {processor.py:208} INFO - Processing /home/airflow/.local/lib/python3.12/site-packages/airflow/example_dags/example_complex.py took 0.358 seconds
[2025-01-07T05:58:49.734+0000] {processor.py:186} INFO - Started process (PID=201) to work on /home/airflow/.local/lib/python3.12/site-packages/airflow/example_dags/example_complex.py
[2025-01-07T05:58:49.735+0000] {processor.py:914} INFO - Processing file /home/airflow/.local/lib/python3.12/site-packages/airflow/example_dags/example_complex.py for tasks to queue
[2025-01-07T05:58:49.739+0000] {logging_mixin.py:190} INFO - [2025-01-07T05:58:49.739+0000] {dagbag.py:588} INFO - Filling up the DagBag from /home/airflow/.local/lib/python3.12/site-packages/airflow/example_dags/example_complex.py
[2025-01-07T05:58:49.765+0000] {processor.py:925} INFO - DAG(s) 'example_complex' retrieved from /home/airflow/.local/lib/python3.12/site-packages/airflow/example_dags/example_complex.py
[2025-01-07T05:58:49.827+0000] {logging_mixin.py:190} INFO - [2025-01-07T05:58:49.826+0000] {dag.py:3239} INFO - Sync 1 DAGs
[2025-01-07T05:58:49.853+0000] {logging_mixin.py:190} INFO - [2025-01-07T05:58:49.853+0000] {dag.py:4180} INFO - Setting next_dagrun for example_complex to None, run_after=None
[2025-01-07T05:58:49.888+0000] {processor.py:208} INFO - Processing /home/airflow/.local/lib/python3.12/site-packages/airflow/example_dags/example_complex.py took 0.163 seconds
[2025-01-07T05:59:20.885+0000] {processor.py:186} INFO - Started process (PID=267) to work on /home/airflow/.local/lib/python3.12/site-packages/airflow/example_dags/example_complex.py
[2025-01-07T05:59:20.887+0000] {processor.py:914} INFO - Processing file /home/airflow/.local/lib/python3.12/site-packages/airflow/example_dags/example_complex.py for tasks to queue
[2025-01-07T05:59:20.891+0000] {logging_mixin.py:190} INFO - [2025-01-07T05:59:20.890+0000] {dagbag.py:588} INFO - Filling up the DagBag from /home/airflow/.local/lib/python3.12/site-packages/airflow/example_dags/example_complex.py
[2025-01-07T05:59:20.909+0000] {processor.py:925} INFO - DAG(s) 'example_complex' retrieved from /home/airflow/.local/lib/python3.12/site-packages/airflow/example_dags/example_complex.py
[2025-01-07T05:59:20.962+0000] {logging_mixin.py:190} INFO - [2025-01-07T05:59:20.962+0000] {dag.py:3239} INFO - Sync 1 DAGs
[2025-01-07T05:59:20.986+0000] {logging_mixin.py:190} INFO - [2025-01-07T05:59:20.986+0000] {dag.py:4180} INFO - Setting next_dagrun for example_complex to None, run_after=None
[2025-01-07T05:59:21.023+0000] {processor.py:208} INFO - Processing /home/airflow/.local/lib/python3.12/site-packages/airflow/example_dags/example_complex.py took 0.148 seconds
[2025-01-07T05:59:51.469+0000] {processor.py:186} INFO - Started process (PID=334) to work on /home/airflow/.local/lib/python3.12/site-packages/airflow/example_dags/example_complex.py
[2025-01-07T05:59:51.471+0000] {processor.py:914} INFO - Processing file /home/airflow/.local/lib/python3.12/site-packages/airflow/example_dags/example_complex.py for tasks to queue
[2025-01-07T05:59:51.476+0000] {logging_mixin.py:190} INFO - [2025-01-07T05:59:51.476+0000] {dagbag.py:588} INFO - Filling up the DagBag from /home/airflow/.local/lib/python3.12/site-packages/airflow/example_dags/example_complex.py
[2025-01-07T05:59:51.499+0000] {processor.py:925} INFO - DAG(s) 'example_complex' retrieved from /home/airflow/.local/lib/python3.12/site-packages/airflow/example_dags/example_complex.py
[2025-01-07T05:59:51.550+0000] {logging_mixin.py:190} INFO - [2025-01-07T05:59:51.550+0000] {dag.py:3239} INFO - Sync 1 DAGs
[2025-01-07T05:59:51.577+0000] {logging_mixin.py:190} INFO - [2025-01-07T05:59:51.576+0000] {dag.py:4180} INFO - Setting next_dagrun for example_complex to None, run_after=None
[2025-01-07T05:59:51.613+0000] {processor.py:208} INFO - Processing /home/airflow/.local/lib/python3.12/site-packages/airflow/example_dags/example_complex.py took 0.153 seconds
[2025-01-07T06:00:24.339+0000] {processor.py:186} INFO - Started process (PID=400) to work on /home/airflow/.local/lib/python3.12/site-packages/airflow/example_dags/example_complex.py
[2025-01-07T06:00:24.343+0000] {processor.py:914} INFO - Processing file /home/airflow/.local/lib/python3.12/site-packages/airflow/example_dags/example_complex.py for tasks to queue
[2025-01-07T06:00:24.349+0000] {logging_mixin.py:190} INFO - [2025-01-07T06:00:24.348+0000] {dagbag.py:588} INFO - Filling up the DagBag from /home/airflow/.local/lib/python3.12/site-packages/airflow/example_dags/example_complex.py
[2025-01-07T06:00:24.382+0000] {processor.py:925} INFO - DAG(s) 'example_complex' retrieved from /home/airflow/.local/lib/python3.12/site-packages/airflow/example_dags/example_complex.py
[2025-01-07T06:00:24.494+0000] {logging_mixin.py:190} INFO - [2025-01-07T06:00:24.488+0000] {dag.py:3239} INFO - Sync 1 DAGs
[2025-01-07T06:00:24.557+0000] {logging_mixin.py:190} INFO - [2025-01-07T06:00:24.556+0000] {dag.py:4180} INFO - Setting next_dagrun for example_complex to None, run_after=None
[2025-01-07T06:00:24.662+0000] {processor.py:208} INFO - Processing /home/airflow/.local/lib/python3.12/site-packages/airflow/example_dags/example_complex.py took 0.333 seconds
[2025-01-07T06:00:54.950+0000] {processor.py:186} INFO - Started process (PID=466) to work on /home/airflow/.local/lib/python3.12/site-packages/airflow/example_dags/example_complex.py
[2025-01-07T06:00:54.952+0000] {processor.py:914} INFO - Processing file /home/airflow/.local/lib/python3.12/site-packages/airflow/example_dags/example_complex.py for tasks to queue
[2025-01-07T06:00:54.956+0000] {logging_mixin.py:190} INFO - [2025-01-07T06:00:54.955+0000] {dagbag.py:588} INFO - Filling up the DagBag from /home/airflow/.local/lib/python3.12/site-packages/airflow/example_dags/example_complex.py
[2025-01-07T06:00:54.974+0000] {processor.py:925} INFO - DAG(s) 'example_complex' retrieved from /home/airflow/.local/lib/python3.12/site-packages/airflow/example_dags/example_complex.py
[2025-01-07T06:00:55.028+0000] {logging_mixin.py:190} INFO - [2025-01-07T06:00:55.028+0000] {dag.py:3239} INFO - Sync 1 DAGs
[2025-01-07T06:00:55.054+0000] {logging_mixin.py:190} INFO - [2025-01-07T06:00:55.054+0000] {dag.py:4180} INFO - Setting next_dagrun for example_complex to None, run_after=None
[2025-01-07T06:00:55.089+0000] {processor.py:208} INFO - Processing /home/airflow/.local/lib/python3.12/site-packages/airflow/example_dags/example_complex.py took 0.149 seconds
[2025-01-07T06:01:25.559+0000] {processor.py:186} INFO - Started process (PID=532) to work on /home/airflow/.local/lib/python3.12/site-packages/airflow/example_dags/example_complex.py
[2025-01-07T06:01:25.562+0000] {processor.py:914} INFO - Processing file /home/airflow/.local/lib/python3.12/site-packages/airflow/example_dags/example_complex.py for tasks to queue
[2025-01-07T06:01:25.566+0000] {logging_mixin.py:190} INFO - [2025-01-07T06:01:25.565+0000] {dagbag.py:588} INFO - Filling up the DagBag from /home/airflow/.local/lib/python3.12/site-packages/airflow/example_dags/example_complex.py
[2025-01-07T06:01:25.582+0000] {processor.py:925} INFO - DAG(s) 'example_complex' retrieved from /home/airflow/.local/lib/python3.12/site-packages/airflow/example_dags/example_complex.py
[2025-01-07T06:01:25.633+0000] {logging_mixin.py:190} INFO - [2025-01-07T06:01:25.633+0000] {dag.py:3239} INFO - Sync 1 DAGs
[2025-01-07T06:01:25.655+0000] {logging_mixin.py:190} INFO - [2025-01-07T06:01:25.654+0000] {dag.py:4180} INFO - Setting next_dagrun for example_complex to None, run_after=None
[2025-01-07T06:01:25.689+0000] {processor.py:208} INFO - Processing /home/airflow/.local/lib/python3.12/site-packages/airflow/example_dags/example_complex.py took 0.140 seconds
[2025-01-07T06:01:56.114+0000] {processor.py:186} INFO - Started process (PID=598) to work on /home/airflow/.local/lib/python3.12/site-packages/airflow/example_dags/example_complex.py
[2025-01-07T06:01:56.115+0000] {processor.py:914} INFO - Processing file /home/airflow/.local/lib/python3.12/site-packages/airflow/example_dags/example_complex.py for tasks to queue
[2025-01-07T06:01:56.118+0000] {logging_mixin.py:190} INFO - [2025-01-07T06:01:56.118+0000] {dagbag.py:588} INFO - Filling up the DagBag from /home/airflow/.local/lib/python3.12/site-packages/airflow/example_dags/example_complex.py
[2025-01-07T06:01:56.134+0000] {processor.py:925} INFO - DAG(s) 'example_complex' retrieved from /home/airflow/.local/lib/python3.12/site-packages/airflow/example_dags/example_complex.py
[2025-01-07T06:01:56.181+0000] {logging_mixin.py:190} INFO - [2025-01-07T06:01:56.181+0000] {dag.py:3239} INFO - Sync 1 DAGs
[2025-01-07T06:01:56.200+0000] {logging_mixin.py:190} INFO - [2025-01-07T06:01:56.200+0000] {dag.py:4180} INFO - Setting next_dagrun for example_complex to None, run_after=None
[2025-01-07T06:01:56.230+0000] {processor.py:208} INFO - Processing /home/airflow/.local/lib/python3.12/site-packages/airflow/example_dags/example_complex.py took 0.125 seconds
[2025-01-07T06:02:26.345+0000] {processor.py:186} INFO - Started process (PID=664) to work on /home/airflow/.local/lib/python3.12/site-packages/airflow/example_dags/example_complex.py
[2025-01-07T06:02:26.347+0000] {processor.py:914} INFO - Processing file /home/airflow/.local/lib/python3.12/site-packages/airflow/example_dags/example_complex.py for tasks to queue
[2025-01-07T06:02:26.352+0000] {logging_mixin.py:190} INFO - [2025-01-07T06:02:26.351+0000] {dagbag.py:588} INFO - Filling up the DagBag from /home/airflow/.local/lib/python3.12/site-packages/airflow/example_dags/example_complex.py
[2025-01-07T06:02:26.371+0000] {processor.py:925} INFO - DAG(s) 'example_complex' retrieved from /home/airflow/.local/lib/python3.12/site-packages/airflow/example_dags/example_complex.py
[2025-01-07T06:02:26.427+0000] {logging_mixin.py:190} INFO - [2025-01-07T06:02:26.426+0000] {dag.py:3239} INFO - Sync 1 DAGs
[2025-01-07T06:02:26.463+0000] {logging_mixin.py:190} INFO - [2025-01-07T06:02:26.461+0000] {dag.py:4180} INFO - Setting next_dagrun for example_complex to None, run_after=None
[2025-01-07T06:02:26.523+0000] {processor.py:208} INFO - Processing /home/airflow/.local/lib/python3.12/site-packages/airflow/example_dags/example_complex.py took 0.189 seconds
[2025-01-07T06:02:56.909+0000] {processor.py:186} INFO - Started process (PID=730) to work on /home/airflow/.local/lib/python3.12/site-packages/airflow/example_dags/example_complex.py
[2025-01-07T06:02:56.910+0000] {processor.py:914} INFO - Processing file /home/airflow/.local/lib/python3.12/site-packages/airflow/example_dags/example_complex.py for tasks to queue
[2025-01-07T06:02:56.914+0000] {logging_mixin.py:190} INFO - [2025-01-07T06:02:56.914+0000] {dagbag.py:588} INFO - Filling up the DagBag from /home/airflow/.local/lib/python3.12/site-packages/airflow/example_dags/example_complex.py
[2025-01-07T06:02:56.937+0000] {processor.py:925} INFO - DAG(s) 'example_complex' retrieved from /home/airflow/.local/lib/python3.12/site-packages/airflow/example_dags/example_complex.py
[2025-01-07T06:02:56.981+0000] {logging_mixin.py:190} INFO - [2025-01-07T06:02:56.980+0000] {dag.py:3239} INFO - Sync 1 DAGs
[2025-01-07T06:02:57.004+0000] {logging_mixin.py:190} INFO - [2025-01-07T06:02:57.003+0000] {dag.py:4180} INFO - Setting next_dagrun for example_complex to None, run_after=None
[2025-01-07T06:02:57.046+0000] {processor.py:208} INFO - Processing /home/airflow/.local/lib/python3.12/site-packages/airflow/example_dags/example_complex.py took 0.147 seconds
[2025-01-07T06:03:28.157+0000] {processor.py:186} INFO - Started process (PID=795) to work on /home/airflow/.local/lib/python3.12/site-packages/airflow/example_dags/example_complex.py
[2025-01-07T06:03:28.164+0000] {processor.py:914} INFO - Processing file /home/airflow/.local/lib/python3.12/site-packages/airflow/example_dags/example_complex.py for tasks to queue
[2025-01-07T06:03:28.171+0000] {logging_mixin.py:190} INFO - [2025-01-07T06:03:28.170+0000] {dagbag.py:588} INFO - Filling up the DagBag from /home/airflow/.local/lib/python3.12/site-packages/airflow/example_dags/example_complex.py
[2025-01-07T06:03:28.208+0000] {processor.py:925} INFO - DAG(s) 'example_complex' retrieved from /home/airflow/.local/lib/python3.12/site-packages/airflow/example_dags/example_complex.py
[2025-01-07T06:03:28.323+0000] {logging_mixin.py:190} INFO - [2025-01-07T06:03:28.322+0000] {dag.py:3239} INFO - Sync 1 DAGs
[2025-01-07T06:03:28.364+0000] {logging_mixin.py:190} INFO - [2025-01-07T06:03:28.364+0000] {dag.py:4180} INFO - Setting next_dagrun for example_complex to None, run_after=None
[2025-01-07T06:03:28.414+0000] {processor.py:208} INFO - Processing /home/airflow/.local/lib/python3.12/site-packages/airflow/example_dags/example_complex.py took 0.274 seconds
