[2025-01-07T05:57:45.800+0000] {processor.py:186} INFO - Started process (PID=55) to work on /home/airflow/.local/lib/python3.12/site-packages/airflow/example_dags/example_datasets.py
[2025-01-07T05:57:45.804+0000] {processor.py:914} INFO - Processing file /home/airflow/.local/lib/python3.12/site-packages/airflow/example_dags/example_datasets.py for tasks to queue
[2025-01-07T05:57:45.810+0000] {logging_mixin.py:190} INFO - [2025-01-07T05:57:45.809+0000] {dagbag.py:588} INFO - Filling up the DagBag from /home/airflow/.local/lib/python3.12/site-packages/airflow/example_dags/example_datasets.py
[2025-01-07T05:57:46.029+0000] {processor.py:925} INFO - DAG(s) 'dataset_produces_2', 'consume_1_or_both_2_and_3_with_dataset_expressions', 'consume_1_and_2_with_dataset_expressions', 'dataset_produces_1', 'dataset_consumes_1_and_2', 'consume_1_or_2_with_dataset_expressions', 'conditional_dataset_and_time_based_timetable', 'dataset_consumes_unknown_never_scheduled', 'dataset_consumes_1_never_scheduled', 'dataset_consumes_1' retrieved from /home/airflow/.local/lib/python3.12/site-packages/airflow/example_dags/example_datasets.py
[2025-01-07T05:57:46.119+0000] {logging_mixin.py:190} INFO - [2025-01-07T05:57:46.119+0000] {dag.py:3239} INFO - Sync 10 DAGs
[2025-01-07T05:57:46.165+0000] {logging_mixin.py:190} INFO - [2025-01-07T05:57:46.164+0000] {dag.py:4180} INFO - Setting next_dagrun for conditional_dataset_and_time_based_timetable to 2025-01-01 01:00:00+00:00, run_after=2025-01-01 01:00:00+00:00
[2025-01-07T05:57:46.173+0000] {logging_mixin.py:190} INFO - [2025-01-07T05:57:46.173+0000] {dag.py:4180} INFO - Setting next_dagrun for consume_1_and_2_with_dataset_expressions to None, run_after=None
[2025-01-07T05:57:46.180+0000] {logging_mixin.py:190} INFO - [2025-01-07T05:57:46.180+0000] {dag.py:4180} INFO - Setting next_dagrun for consume_1_or_2_with_dataset_expressions to None, run_after=None
[2025-01-07T05:57:46.186+0000] {logging_mixin.py:190} INFO - [2025-01-07T05:57:46.186+0000] {dag.py:4180} INFO - Setting next_dagrun for consume_1_or_both_2_and_3_with_dataset_expressions to None, run_after=None
[2025-01-07T05:57:46.193+0000] {logging_mixin.py:190} INFO - [2025-01-07T05:57:46.193+0000] {dag.py:4180} INFO - Setting next_dagrun for dataset_consumes_1 to None, run_after=None
[2025-01-07T05:57:46.202+0000] {logging_mixin.py:190} INFO - [2025-01-07T05:57:46.201+0000] {dag.py:4180} INFO - Setting next_dagrun for dataset_consumes_1_and_2 to None, run_after=None
[2025-01-07T05:57:46.207+0000] {logging_mixin.py:190} INFO - [2025-01-07T05:57:46.206+0000] {dag.py:4180} INFO - Setting next_dagrun for dataset_consumes_1_never_scheduled to None, run_after=None
[2025-01-07T05:57:46.211+0000] {logging_mixin.py:190} INFO - [2025-01-07T05:57:46.210+0000] {dag.py:4180} INFO - Setting next_dagrun for dataset_consumes_unknown_never_scheduled to None, run_after=None
[2025-01-07T05:57:46.218+0000] {logging_mixin.py:190} INFO - [2025-01-07T05:57:46.218+0000] {dag.py:4180} INFO - Setting next_dagrun for dataset_produces_1 to 2025-01-06 00:00:00+00:00, run_after=2025-01-07 00:00:00+00:00
[2025-01-07T05:57:46.222+0000] {logging_mixin.py:190} INFO - [2025-01-07T05:57:46.222+0000] {dag.py:4180} INFO - Setting next_dagrun for dataset_produces_2 to None, run_after=None
[2025-01-07T05:57:46.326+0000] {processor.py:208} INFO - Processing /home/airflow/.local/lib/python3.12/site-packages/airflow/example_dags/example_datasets.py took 0.536 seconds
[2025-01-07T05:58:16.610+0000] {processor.py:186} INFO - Started process (PID=121) to work on /home/airflow/.local/lib/python3.12/site-packages/airflow/example_dags/example_datasets.py
[2025-01-07T05:58:16.612+0000] {processor.py:914} INFO - Processing file /home/airflow/.local/lib/python3.12/site-packages/airflow/example_dags/example_datasets.py for tasks to queue
[2025-01-07T05:58:16.616+0000] {logging_mixin.py:190} INFO - [2025-01-07T05:58:16.616+0000] {dagbag.py:588} INFO - Filling up the DagBag from /home/airflow/.local/lib/python3.12/site-packages/airflow/example_dags/example_datasets.py
[2025-01-07T05:58:16.829+0000] {processor.py:925} INFO - DAG(s) 'dataset_consumes_1_and_2', 'dataset_produces_2', 'consume_1_or_both_2_and_3_with_dataset_expressions', 'consume_1_or_2_with_dataset_expressions', 'dataset_consumes_1_never_scheduled', 'conditional_dataset_and_time_based_timetable', 'dataset_consumes_unknown_never_scheduled', 'dataset_consumes_1', 'dataset_produces_1', 'consume_1_and_2_with_dataset_expressions' retrieved from /home/airflow/.local/lib/python3.12/site-packages/airflow/example_dags/example_datasets.py
[2025-01-07T05:58:16.930+0000] {logging_mixin.py:190} INFO - [2025-01-07T05:58:16.930+0000] {dag.py:3239} INFO - Sync 10 DAGs
[2025-01-07T05:58:16.972+0000] {logging_mixin.py:190} INFO - [2025-01-07T05:58:16.972+0000] {dag.py:4180} INFO - Setting next_dagrun for conditional_dataset_and_time_based_timetable to 2025-01-01 01:00:00+00:00, run_after=2025-01-01 01:00:00+00:00
[2025-01-07T05:58:16.979+0000] {logging_mixin.py:190} INFO - [2025-01-07T05:58:16.979+0000] {dag.py:4180} INFO - Setting next_dagrun for consume_1_and_2_with_dataset_expressions to None, run_after=None
[2025-01-07T05:58:16.983+0000] {logging_mixin.py:190} INFO - [2025-01-07T05:58:16.982+0000] {dag.py:4180} INFO - Setting next_dagrun for consume_1_or_2_with_dataset_expressions to None, run_after=None
[2025-01-07T05:58:16.985+0000] {logging_mixin.py:190} INFO - [2025-01-07T05:58:16.985+0000] {dag.py:4180} INFO - Setting next_dagrun for consume_1_or_both_2_and_3_with_dataset_expressions to None, run_after=None
[2025-01-07T05:58:16.988+0000] {logging_mixin.py:190} INFO - [2025-01-07T05:58:16.988+0000] {dag.py:4180} INFO - Setting next_dagrun for dataset_consumes_1 to None, run_after=None
[2025-01-07T05:58:16.991+0000] {logging_mixin.py:190} INFO - [2025-01-07T05:58:16.991+0000] {dag.py:4180} INFO - Setting next_dagrun for dataset_consumes_1_and_2 to None, run_after=None
[2025-01-07T05:58:16.994+0000] {logging_mixin.py:190} INFO - [2025-01-07T05:58:16.994+0000] {dag.py:4180} INFO - Setting next_dagrun for dataset_consumes_1_never_scheduled to None, run_after=None
[2025-01-07T05:58:16.997+0000] {logging_mixin.py:190} INFO - [2025-01-07T05:58:16.997+0000] {dag.py:4180} INFO - Setting next_dagrun for dataset_consumes_unknown_never_scheduled to None, run_after=None
[2025-01-07T05:58:17.003+0000] {logging_mixin.py:190} INFO - [2025-01-07T05:58:17.002+0000] {dag.py:4180} INFO - Setting next_dagrun for dataset_produces_1 to 2025-01-06 00:00:00+00:00, run_after=2025-01-07 00:00:00+00:00
[2025-01-07T05:58:17.006+0000] {logging_mixin.py:190} INFO - [2025-01-07T05:58:17.006+0000] {dag.py:4180} INFO - Setting next_dagrun for dataset_produces_2 to None, run_after=None
[2025-01-07T05:58:17.074+0000] {processor.py:208} INFO - Processing /home/airflow/.local/lib/python3.12/site-packages/airflow/example_dags/example_datasets.py took 0.473 seconds
[2025-01-07T05:58:47.982+0000] {processor.py:186} INFO - Started process (PID=187) to work on /home/airflow/.local/lib/python3.12/site-packages/airflow/example_dags/example_datasets.py
[2025-01-07T05:58:47.983+0000] {processor.py:914} INFO - Processing file /home/airflow/.local/lib/python3.12/site-packages/airflow/example_dags/example_datasets.py for tasks to queue
[2025-01-07T05:58:47.987+0000] {logging_mixin.py:190} INFO - [2025-01-07T05:58:47.986+0000] {dagbag.py:588} INFO - Filling up the DagBag from /home/airflow/.local/lib/python3.12/site-packages/airflow/example_dags/example_datasets.py
[2025-01-07T05:58:48.225+0000] {processor.py:925} INFO - DAG(s) 'dataset_consumes_1_and_2', 'dataset_produces_1', 'consume_1_or_both_2_and_3_with_dataset_expressions', 'dataset_consumes_1', 'dataset_produces_2', 'consume_1_and_2_with_dataset_expressions', 'conditional_dataset_and_time_based_timetable', 'consume_1_or_2_with_dataset_expressions', 'dataset_consumes_unknown_never_scheduled', 'dataset_consumes_1_never_scheduled' retrieved from /home/airflow/.local/lib/python3.12/site-packages/airflow/example_dags/example_datasets.py
[2025-01-07T05:58:48.334+0000] {logging_mixin.py:190} INFO - [2025-01-07T05:58:48.333+0000] {dag.py:3239} INFO - Sync 10 DAGs
[2025-01-07T05:58:48.396+0000] {logging_mixin.py:190} INFO - [2025-01-07T05:58:48.395+0000] {dag.py:4180} INFO - Setting next_dagrun for conditional_dataset_and_time_based_timetable to 2025-01-01 01:00:00+00:00, run_after=2025-01-01 01:00:00+00:00
[2025-01-07T05:58:48.408+0000] {logging_mixin.py:190} INFO - [2025-01-07T05:58:48.408+0000] {dag.py:4180} INFO - Setting next_dagrun for consume_1_and_2_with_dataset_expressions to None, run_after=None
[2025-01-07T05:58:48.418+0000] {logging_mixin.py:190} INFO - [2025-01-07T05:58:48.417+0000] {dag.py:4180} INFO - Setting next_dagrun for consume_1_or_2_with_dataset_expressions to None, run_after=None
[2025-01-07T05:58:48.426+0000] {logging_mixin.py:190} INFO - [2025-01-07T05:58:48.425+0000] {dag.py:4180} INFO - Setting next_dagrun for consume_1_or_both_2_and_3_with_dataset_expressions to None, run_after=None
[2025-01-07T05:58:48.434+0000] {logging_mixin.py:190} INFO - [2025-01-07T05:58:48.434+0000] {dag.py:4180} INFO - Setting next_dagrun for dataset_consumes_1 to None, run_after=None
[2025-01-07T05:58:48.442+0000] {logging_mixin.py:190} INFO - [2025-01-07T05:58:48.441+0000] {dag.py:4180} INFO - Setting next_dagrun for dataset_consumes_1_and_2 to None, run_after=None
[2025-01-07T05:58:48.453+0000] {logging_mixin.py:190} INFO - [2025-01-07T05:58:48.452+0000] {dag.py:4180} INFO - Setting next_dagrun for dataset_consumes_1_never_scheduled to None, run_after=None
[2025-01-07T05:58:48.459+0000] {logging_mixin.py:190} INFO - [2025-01-07T05:58:48.459+0000] {dag.py:4180} INFO - Setting next_dagrun for dataset_consumes_unknown_never_scheduled to None, run_after=None
[2025-01-07T05:58:48.464+0000] {logging_mixin.py:190} INFO - [2025-01-07T05:58:48.464+0000] {dag.py:4180} INFO - Setting next_dagrun for dataset_produces_1 to 2025-01-06 00:00:00+00:00, run_after=2025-01-07 00:00:00+00:00
[2025-01-07T05:58:48.467+0000] {logging_mixin.py:190} INFO - [2025-01-07T05:58:48.467+0000] {dag.py:4180} INFO - Setting next_dagrun for dataset_produces_2 to None, run_after=None
[2025-01-07T05:58:48.538+0000] {processor.py:208} INFO - Processing /home/airflow/.local/lib/python3.12/site-packages/airflow/example_dags/example_datasets.py took 0.567 seconds
[2025-01-07T05:59:18.610+0000] {processor.py:186} INFO - Started process (PID=254) to work on /home/airflow/.local/lib/python3.12/site-packages/airflow/example_dags/example_datasets.py
[2025-01-07T05:59:18.612+0000] {processor.py:914} INFO - Processing file /home/airflow/.local/lib/python3.12/site-packages/airflow/example_dags/example_datasets.py for tasks to queue
[2025-01-07T05:59:18.616+0000] {logging_mixin.py:190} INFO - [2025-01-07T05:59:18.615+0000] {dagbag.py:588} INFO - Filling up the DagBag from /home/airflow/.local/lib/python3.12/site-packages/airflow/example_dags/example_datasets.py
[2025-01-07T05:59:18.804+0000] {processor.py:925} INFO - DAG(s) 'dataset_consumes_1_never_scheduled', 'consume_1_or_2_with_dataset_expressions', 'dataset_consumes_unknown_never_scheduled', 'consume_1_and_2_with_dataset_expressions', 'dataset_consumes_1_and_2', 'dataset_produces_2', 'dataset_produces_1', 'consume_1_or_both_2_and_3_with_dataset_expressions', 'dataset_consumes_1', 'conditional_dataset_and_time_based_timetable' retrieved from /home/airflow/.local/lib/python3.12/site-packages/airflow/example_dags/example_datasets.py
[2025-01-07T05:59:19.037+0000] {logging_mixin.py:190} INFO - [2025-01-07T05:59:19.037+0000] {dag.py:3239} INFO - Sync 10 DAGs
[2025-01-07T05:59:19.163+0000] {logging_mixin.py:190} INFO - [2025-01-07T05:59:19.163+0000] {dag.py:4180} INFO - Setting next_dagrun for conditional_dataset_and_time_based_timetable to 2025-01-01 01:00:00+00:00, run_after=2025-01-01 01:00:00+00:00
[2025-01-07T05:59:19.180+0000] {logging_mixin.py:190} INFO - [2025-01-07T05:59:19.180+0000] {dag.py:4180} INFO - Setting next_dagrun for consume_1_and_2_with_dataset_expressions to None, run_after=None
[2025-01-07T05:59:19.189+0000] {logging_mixin.py:190} INFO - [2025-01-07T05:59:19.188+0000] {dag.py:4180} INFO - Setting next_dagrun for consume_1_or_2_with_dataset_expressions to None, run_after=None
[2025-01-07T05:59:19.199+0000] {logging_mixin.py:190} INFO - [2025-01-07T05:59:19.198+0000] {dag.py:4180} INFO - Setting next_dagrun for consume_1_or_both_2_and_3_with_dataset_expressions to None, run_after=None
[2025-01-07T05:59:19.206+0000] {logging_mixin.py:190} INFO - [2025-01-07T05:59:19.205+0000] {dag.py:4180} INFO - Setting next_dagrun for dataset_consumes_1 to None, run_after=None
[2025-01-07T05:59:19.213+0000] {logging_mixin.py:190} INFO - [2025-01-07T05:59:19.212+0000] {dag.py:4180} INFO - Setting next_dagrun for dataset_consumes_1_and_2 to None, run_after=None
[2025-01-07T05:59:19.217+0000] {logging_mixin.py:190} INFO - [2025-01-07T05:59:19.216+0000] {dag.py:4180} INFO - Setting next_dagrun for dataset_consumes_1_never_scheduled to None, run_after=None
[2025-01-07T05:59:19.223+0000] {logging_mixin.py:190} INFO - [2025-01-07T05:59:19.223+0000] {dag.py:4180} INFO - Setting next_dagrun for dataset_consumes_unknown_never_scheduled to None, run_after=None
[2025-01-07T05:59:19.229+0000] {logging_mixin.py:190} INFO - [2025-01-07T05:59:19.229+0000] {dag.py:4180} INFO - Setting next_dagrun for dataset_produces_1 to 2025-01-06 00:00:00+00:00, run_after=2025-01-07 00:00:00+00:00
[2025-01-07T05:59:19.233+0000] {logging_mixin.py:190} INFO - [2025-01-07T05:59:19.232+0000] {dag.py:4180} INFO - Setting next_dagrun for dataset_produces_2 to None, run_after=None
[2025-01-07T05:59:19.319+0000] {processor.py:208} INFO - Processing /home/airflow/.local/lib/python3.12/site-packages/airflow/example_dags/example_datasets.py took 0.718 seconds
[2025-01-07T05:59:50.079+0000] {processor.py:186} INFO - Started process (PID=321) to work on /home/airflow/.local/lib/python3.12/site-packages/airflow/example_dags/example_datasets.py
[2025-01-07T05:59:50.080+0000] {processor.py:914} INFO - Processing file /home/airflow/.local/lib/python3.12/site-packages/airflow/example_dags/example_datasets.py for tasks to queue
[2025-01-07T05:59:50.084+0000] {logging_mixin.py:190} INFO - [2025-01-07T05:59:50.084+0000] {dagbag.py:588} INFO - Filling up the DagBag from /home/airflow/.local/lib/python3.12/site-packages/airflow/example_dags/example_datasets.py
[2025-01-07T05:59:50.258+0000] {processor.py:925} INFO - DAG(s) 'consume_1_and_2_with_dataset_expressions', 'consume_1_or_2_with_dataset_expressions', 'dataset_produces_1', 'conditional_dataset_and_time_based_timetable', 'dataset_consumes_1_never_scheduled', 'consume_1_or_both_2_and_3_with_dataset_expressions', 'dataset_consumes_unknown_never_scheduled', 'dataset_consumes_1_and_2', 'dataset_produces_2', 'dataset_consumes_1' retrieved from /home/airflow/.local/lib/python3.12/site-packages/airflow/example_dags/example_datasets.py
[2025-01-07T05:59:50.323+0000] {logging_mixin.py:190} INFO - [2025-01-07T05:59:50.323+0000] {dag.py:3239} INFO - Sync 10 DAGs
[2025-01-07T05:59:50.357+0000] {logging_mixin.py:190} INFO - [2025-01-07T05:59:50.357+0000] {dag.py:4180} INFO - Setting next_dagrun for conditional_dataset_and_time_based_timetable to 2025-01-01 01:00:00+00:00, run_after=2025-01-01 01:00:00+00:00
[2025-01-07T05:59:50.363+0000] {logging_mixin.py:190} INFO - [2025-01-07T05:59:50.363+0000] {dag.py:4180} INFO - Setting next_dagrun for consume_1_and_2_with_dataset_expressions to None, run_after=None
[2025-01-07T05:59:50.366+0000] {logging_mixin.py:190} INFO - [2025-01-07T05:59:50.366+0000] {dag.py:4180} INFO - Setting next_dagrun for consume_1_or_2_with_dataset_expressions to None, run_after=None
[2025-01-07T05:59:50.368+0000] {logging_mixin.py:190} INFO - [2025-01-07T05:59:50.368+0000] {dag.py:4180} INFO - Setting next_dagrun for consume_1_or_both_2_and_3_with_dataset_expressions to None, run_after=None
[2025-01-07T05:59:50.371+0000] {logging_mixin.py:190} INFO - [2025-01-07T05:59:50.370+0000] {dag.py:4180} INFO - Setting next_dagrun for dataset_consumes_1 to None, run_after=None
[2025-01-07T05:59:50.373+0000] {logging_mixin.py:190} INFO - [2025-01-07T05:59:50.373+0000] {dag.py:4180} INFO - Setting next_dagrun for dataset_consumes_1_and_2 to None, run_after=None
[2025-01-07T05:59:50.379+0000] {logging_mixin.py:190} INFO - [2025-01-07T05:59:50.379+0000] {dag.py:4180} INFO - Setting next_dagrun for dataset_consumes_1_never_scheduled to None, run_after=None
[2025-01-07T05:59:50.383+0000] {logging_mixin.py:190} INFO - [2025-01-07T05:59:50.383+0000] {dag.py:4180} INFO - Setting next_dagrun for dataset_consumes_unknown_never_scheduled to None, run_after=None
[2025-01-07T05:59:50.387+0000] {logging_mixin.py:190} INFO - [2025-01-07T05:59:50.386+0000] {dag.py:4180} INFO - Setting next_dagrun for dataset_produces_1 to 2025-01-06 00:00:00+00:00, run_after=2025-01-07 00:00:00+00:00
[2025-01-07T05:59:50.390+0000] {logging_mixin.py:190} INFO - [2025-01-07T05:59:50.389+0000] {dag.py:4180} INFO - Setting next_dagrun for dataset_produces_2 to None, run_after=None
[2025-01-07T05:59:50.445+0000] {processor.py:208} INFO - Processing /home/airflow/.local/lib/python3.12/site-packages/airflow/example_dags/example_datasets.py took 0.375 seconds
[2025-01-07T06:00:21.159+0000] {processor.py:186} INFO - Started process (PID=387) to work on /home/airflow/.local/lib/python3.12/site-packages/airflow/example_dags/example_datasets.py
[2025-01-07T06:00:21.163+0000] {processor.py:914} INFO - Processing file /home/airflow/.local/lib/python3.12/site-packages/airflow/example_dags/example_datasets.py for tasks to queue
[2025-01-07T06:00:21.167+0000] {logging_mixin.py:190} INFO - [2025-01-07T06:00:21.166+0000] {dagbag.py:588} INFO - Filling up the DagBag from /home/airflow/.local/lib/python3.12/site-packages/airflow/example_dags/example_datasets.py
[2025-01-07T06:00:21.401+0000] {processor.py:925} INFO - DAG(s) 'dataset_produces_2', 'consume_1_or_2_with_dataset_expressions', 'conditional_dataset_and_time_based_timetable', 'dataset_consumes_1_never_scheduled', 'dataset_consumes_1_and_2', 'consume_1_or_both_2_and_3_with_dataset_expressions', 'dataset_consumes_unknown_never_scheduled', 'consume_1_and_2_with_dataset_expressions', 'dataset_produces_1', 'dataset_consumes_1' retrieved from /home/airflow/.local/lib/python3.12/site-packages/airflow/example_dags/example_datasets.py
[2025-01-07T06:00:21.528+0000] {logging_mixin.py:190} INFO - [2025-01-07T06:00:21.528+0000] {dag.py:3239} INFO - Sync 10 DAGs
[2025-01-07T06:00:21.586+0000] {logging_mixin.py:190} INFO - [2025-01-07T06:00:21.586+0000] {dag.py:4180} INFO - Setting next_dagrun for conditional_dataset_and_time_based_timetable to 2025-01-01 01:00:00+00:00, run_after=2025-01-01 01:00:00+00:00
[2025-01-07T06:00:21.595+0000] {logging_mixin.py:190} INFO - [2025-01-07T06:00:21.594+0000] {dag.py:4180} INFO - Setting next_dagrun for consume_1_and_2_with_dataset_expressions to None, run_after=None
[2025-01-07T06:00:21.603+0000] {logging_mixin.py:190} INFO - [2025-01-07T06:00:21.602+0000] {dag.py:4180} INFO - Setting next_dagrun for consume_1_or_2_with_dataset_expressions to None, run_after=None
[2025-01-07T06:00:21.607+0000] {logging_mixin.py:190} INFO - [2025-01-07T06:00:21.607+0000] {dag.py:4180} INFO - Setting next_dagrun for consume_1_or_both_2_and_3_with_dataset_expressions to None, run_after=None
[2025-01-07T06:00:21.612+0000] {logging_mixin.py:190} INFO - [2025-01-07T06:00:21.611+0000] {dag.py:4180} INFO - Setting next_dagrun for dataset_consumes_1 to None, run_after=None
[2025-01-07T06:00:21.620+0000] {logging_mixin.py:190} INFO - [2025-01-07T06:00:21.619+0000] {dag.py:4180} INFO - Setting next_dagrun for dataset_consumes_1_and_2 to None, run_after=None
[2025-01-07T06:00:21.625+0000] {logging_mixin.py:190} INFO - [2025-01-07T06:00:21.624+0000] {dag.py:4180} INFO - Setting next_dagrun for dataset_consumes_1_never_scheduled to None, run_after=None
[2025-01-07T06:00:21.629+0000] {logging_mixin.py:190} INFO - [2025-01-07T06:00:21.629+0000] {dag.py:4180} INFO - Setting next_dagrun for dataset_consumes_unknown_never_scheduled to None, run_after=None
[2025-01-07T06:00:21.634+0000] {logging_mixin.py:190} INFO - [2025-01-07T06:00:21.634+0000] {dag.py:4180} INFO - Setting next_dagrun for dataset_produces_1 to 2025-01-06 00:00:00+00:00, run_after=2025-01-07 00:00:00+00:00
[2025-01-07T06:00:21.641+0000] {logging_mixin.py:190} INFO - [2025-01-07T06:00:21.641+0000] {dag.py:4180} INFO - Setting next_dagrun for dataset_produces_2 to None, run_after=None
[2025-01-07T06:00:21.740+0000] {processor.py:208} INFO - Processing /home/airflow/.local/lib/python3.12/site-packages/airflow/example_dags/example_datasets.py took 0.599 seconds
[2025-01-07T06:00:52.420+0000] {processor.py:186} INFO - Started process (PID=453) to work on /home/airflow/.local/lib/python3.12/site-packages/airflow/example_dags/example_datasets.py
[2025-01-07T06:00:52.423+0000] {processor.py:914} INFO - Processing file /home/airflow/.local/lib/python3.12/site-packages/airflow/example_dags/example_datasets.py for tasks to queue
[2025-01-07T06:00:52.427+0000] {logging_mixin.py:190} INFO - [2025-01-07T06:00:52.427+0000] {dagbag.py:588} INFO - Filling up the DagBag from /home/airflow/.local/lib/python3.12/site-packages/airflow/example_dags/example_datasets.py
[2025-01-07T06:00:52.648+0000] {processor.py:925} INFO - DAG(s) 'conditional_dataset_and_time_based_timetable', 'dataset_consumes_unknown_never_scheduled', 'dataset_consumes_1_and_2', 'consume_1_or_both_2_and_3_with_dataset_expressions', 'dataset_consumes_1_never_scheduled', 'consume_1_or_2_with_dataset_expressions', 'dataset_produces_2', 'consume_1_and_2_with_dataset_expressions', 'dataset_produces_1', 'dataset_consumes_1' retrieved from /home/airflow/.local/lib/python3.12/site-packages/airflow/example_dags/example_datasets.py
[2025-01-07T06:00:52.719+0000] {logging_mixin.py:190} INFO - [2025-01-07T06:00:52.719+0000] {dag.py:3239} INFO - Sync 10 DAGs
[2025-01-07T06:00:52.757+0000] {logging_mixin.py:190} INFO - [2025-01-07T06:00:52.757+0000] {dag.py:4180} INFO - Setting next_dagrun for conditional_dataset_and_time_based_timetable to 2025-01-01 01:00:00+00:00, run_after=2025-01-01 01:00:00+00:00
[2025-01-07T06:00:52.765+0000] {logging_mixin.py:190} INFO - [2025-01-07T06:00:52.764+0000] {dag.py:4180} INFO - Setting next_dagrun for consume_1_and_2_with_dataset_expressions to None, run_after=None
[2025-01-07T06:00:52.769+0000] {logging_mixin.py:190} INFO - [2025-01-07T06:00:52.768+0000] {dag.py:4180} INFO - Setting next_dagrun for consume_1_or_2_with_dataset_expressions to None, run_after=None
[2025-01-07T06:00:52.772+0000] {logging_mixin.py:190} INFO - [2025-01-07T06:00:52.771+0000] {dag.py:4180} INFO - Setting next_dagrun for consume_1_or_both_2_and_3_with_dataset_expressions to None, run_after=None
[2025-01-07T06:00:52.774+0000] {logging_mixin.py:190} INFO - [2025-01-07T06:00:52.774+0000] {dag.py:4180} INFO - Setting next_dagrun for dataset_consumes_1 to None, run_after=None
[2025-01-07T06:00:52.777+0000] {logging_mixin.py:190} INFO - [2025-01-07T06:00:52.777+0000] {dag.py:4180} INFO - Setting next_dagrun for dataset_consumes_1_and_2 to None, run_after=None
[2025-01-07T06:00:52.780+0000] {logging_mixin.py:190} INFO - [2025-01-07T06:00:52.780+0000] {dag.py:4180} INFO - Setting next_dagrun for dataset_consumes_1_never_scheduled to None, run_after=None
[2025-01-07T06:00:52.783+0000] {logging_mixin.py:190} INFO - [2025-01-07T06:00:52.783+0000] {dag.py:4180} INFO - Setting next_dagrun for dataset_consumes_unknown_never_scheduled to None, run_after=None
[2025-01-07T06:00:52.787+0000] {logging_mixin.py:190} INFO - [2025-01-07T06:00:52.787+0000] {dag.py:4180} INFO - Setting next_dagrun for dataset_produces_1 to 2025-01-06 00:00:00+00:00, run_after=2025-01-07 00:00:00+00:00
[2025-01-07T06:00:52.789+0000] {logging_mixin.py:190} INFO - [2025-01-07T06:00:52.789+0000] {dag.py:4180} INFO - Setting next_dagrun for dataset_produces_2 to None, run_after=None
[2025-01-07T06:00:52.856+0000] {processor.py:208} INFO - Processing /home/airflow/.local/lib/python3.12/site-packages/airflow/example_dags/example_datasets.py took 0.450 seconds
[2025-01-07T06:01:23.160+0000] {processor.py:186} INFO - Started process (PID=520) to work on /home/airflow/.local/lib/python3.12/site-packages/airflow/example_dags/example_datasets.py
[2025-01-07T06:01:23.162+0000] {processor.py:914} INFO - Processing file /home/airflow/.local/lib/python3.12/site-packages/airflow/example_dags/example_datasets.py for tasks to queue
[2025-01-07T06:01:23.166+0000] {logging_mixin.py:190} INFO - [2025-01-07T06:01:23.166+0000] {dagbag.py:588} INFO - Filling up the DagBag from /home/airflow/.local/lib/python3.12/site-packages/airflow/example_dags/example_datasets.py
[2025-01-07T06:01:23.333+0000] {processor.py:925} INFO - DAG(s) 'consume_1_and_2_with_dataset_expressions', 'dataset_consumes_1', 'conditional_dataset_and_time_based_timetable', 'dataset_consumes_1_never_scheduled', 'dataset_consumes_unknown_never_scheduled', 'dataset_produces_1', 'dataset_consumes_1_and_2', 'consume_1_or_both_2_and_3_with_dataset_expressions', 'dataset_produces_2', 'consume_1_or_2_with_dataset_expressions' retrieved from /home/airflow/.local/lib/python3.12/site-packages/airflow/example_dags/example_datasets.py
[2025-01-07T06:01:23.400+0000] {logging_mixin.py:190} INFO - [2025-01-07T06:01:23.399+0000] {dag.py:3239} INFO - Sync 10 DAGs
[2025-01-07T06:01:23.435+0000] {logging_mixin.py:190} INFO - [2025-01-07T06:01:23.434+0000] {dag.py:4180} INFO - Setting next_dagrun for conditional_dataset_and_time_based_timetable to 2025-01-01 01:00:00+00:00, run_after=2025-01-01 01:00:00+00:00
[2025-01-07T06:01:23.440+0000] {logging_mixin.py:190} INFO - [2025-01-07T06:01:23.440+0000] {dag.py:4180} INFO - Setting next_dagrun for consume_1_and_2_with_dataset_expressions to None, run_after=None
[2025-01-07T06:01:23.443+0000] {logging_mixin.py:190} INFO - [2025-01-07T06:01:23.443+0000] {dag.py:4180} INFO - Setting next_dagrun for consume_1_or_2_with_dataset_expressions to None, run_after=None
[2025-01-07T06:01:23.446+0000] {logging_mixin.py:190} INFO - [2025-01-07T06:01:23.446+0000] {dag.py:4180} INFO - Setting next_dagrun for consume_1_or_both_2_and_3_with_dataset_expressions to None, run_after=None
[2025-01-07T06:01:23.449+0000] {logging_mixin.py:190} INFO - [2025-01-07T06:01:23.449+0000] {dag.py:4180} INFO - Setting next_dagrun for dataset_consumes_1 to None, run_after=None
[2025-01-07T06:01:23.453+0000] {logging_mixin.py:190} INFO - [2025-01-07T06:01:23.452+0000] {dag.py:4180} INFO - Setting next_dagrun for dataset_consumes_1_and_2 to None, run_after=None
[2025-01-07T06:01:23.456+0000] {logging_mixin.py:190} INFO - [2025-01-07T06:01:23.455+0000] {dag.py:4180} INFO - Setting next_dagrun for dataset_consumes_1_never_scheduled to None, run_after=None
[2025-01-07T06:01:23.458+0000] {logging_mixin.py:190} INFO - [2025-01-07T06:01:23.458+0000] {dag.py:4180} INFO - Setting next_dagrun for dataset_consumes_unknown_never_scheduled to None, run_after=None
[2025-01-07T06:01:23.463+0000] {logging_mixin.py:190} INFO - [2025-01-07T06:01:23.463+0000] {dag.py:4180} INFO - Setting next_dagrun for dataset_produces_1 to 2025-01-06 00:00:00+00:00, run_after=2025-01-07 00:00:00+00:00
[2025-01-07T06:01:23.465+0000] {logging_mixin.py:190} INFO - [2025-01-07T06:01:23.465+0000] {dag.py:4180} INFO - Setting next_dagrun for dataset_produces_2 to None, run_after=None
[2025-01-07T06:01:23.519+0000] {processor.py:208} INFO - Processing /home/airflow/.local/lib/python3.12/site-packages/airflow/example_dags/example_datasets.py took 0.367 seconds
[2025-01-07T06:01:53.738+0000] {processor.py:186} INFO - Started process (PID=585) to work on /home/airflow/.local/lib/python3.12/site-packages/airflow/example_dags/example_datasets.py
[2025-01-07T06:01:53.740+0000] {processor.py:914} INFO - Processing file /home/airflow/.local/lib/python3.12/site-packages/airflow/example_dags/example_datasets.py for tasks to queue
[2025-01-07T06:01:53.745+0000] {logging_mixin.py:190} INFO - [2025-01-07T06:01:53.745+0000] {dagbag.py:588} INFO - Filling up the DagBag from /home/airflow/.local/lib/python3.12/site-packages/airflow/example_dags/example_datasets.py
[2025-01-07T06:01:53.895+0000] {processor.py:925} INFO - DAG(s) 'consume_1_or_both_2_and_3_with_dataset_expressions', 'conditional_dataset_and_time_based_timetable', 'dataset_consumes_unknown_never_scheduled', 'consume_1_or_2_with_dataset_expressions', 'dataset_produces_2', 'dataset_consumes_1', 'consume_1_and_2_with_dataset_expressions', 'dataset_consumes_1_never_scheduled', 'dataset_consumes_1_and_2', 'dataset_produces_1' retrieved from /home/airflow/.local/lib/python3.12/site-packages/airflow/example_dags/example_datasets.py
[2025-01-07T06:01:53.962+0000] {logging_mixin.py:190} INFO - [2025-01-07T06:01:53.962+0000] {dag.py:3239} INFO - Sync 10 DAGs
[2025-01-07T06:01:54.006+0000] {logging_mixin.py:190} INFO - [2025-01-07T06:01:54.005+0000] {dag.py:4180} INFO - Setting next_dagrun for conditional_dataset_and_time_based_timetable to 2025-01-01 01:00:00+00:00, run_after=2025-01-01 01:00:00+00:00
[2025-01-07T06:01:54.011+0000] {logging_mixin.py:190} INFO - [2025-01-07T06:01:54.011+0000] {dag.py:4180} INFO - Setting next_dagrun for consume_1_and_2_with_dataset_expressions to None, run_after=None
[2025-01-07T06:01:54.014+0000] {logging_mixin.py:190} INFO - [2025-01-07T06:01:54.014+0000] {dag.py:4180} INFO - Setting next_dagrun for consume_1_or_2_with_dataset_expressions to None, run_after=None
[2025-01-07T06:01:54.016+0000] {logging_mixin.py:190} INFO - [2025-01-07T06:01:54.016+0000] {dag.py:4180} INFO - Setting next_dagrun for consume_1_or_both_2_and_3_with_dataset_expressions to None, run_after=None
[2025-01-07T06:01:54.018+0000] {logging_mixin.py:190} INFO - [2025-01-07T06:01:54.018+0000] {dag.py:4180} INFO - Setting next_dagrun for dataset_consumes_1 to None, run_after=None
[2025-01-07T06:01:54.022+0000] {logging_mixin.py:190} INFO - [2025-01-07T06:01:54.021+0000] {dag.py:4180} INFO - Setting next_dagrun for dataset_consumes_1_and_2 to None, run_after=None
[2025-01-07T06:01:54.024+0000] {logging_mixin.py:190} INFO - [2025-01-07T06:01:54.024+0000] {dag.py:4180} INFO - Setting next_dagrun for dataset_consumes_1_never_scheduled to None, run_after=None
[2025-01-07T06:01:54.027+0000] {logging_mixin.py:190} INFO - [2025-01-07T06:01:54.026+0000] {dag.py:4180} INFO - Setting next_dagrun for dataset_consumes_unknown_never_scheduled to None, run_after=None
[2025-01-07T06:01:54.031+0000] {logging_mixin.py:190} INFO - [2025-01-07T06:01:54.030+0000] {dag.py:4180} INFO - Setting next_dagrun for dataset_produces_1 to 2025-01-06 00:00:00+00:00, run_after=2025-01-07 00:00:00+00:00
[2025-01-07T06:01:54.034+0000] {logging_mixin.py:190} INFO - [2025-01-07T06:01:54.033+0000] {dag.py:4180} INFO - Setting next_dagrun for dataset_produces_2 to None, run_after=None
[2025-01-07T06:01:54.087+0000] {processor.py:208} INFO - Processing /home/airflow/.local/lib/python3.12/site-packages/airflow/example_dags/example_datasets.py took 0.356 seconds
[2025-01-07T06:02:24.451+0000] {processor.py:186} INFO - Started process (PID=651) to work on /home/airflow/.local/lib/python3.12/site-packages/airflow/example_dags/example_datasets.py
[2025-01-07T06:02:24.453+0000] {processor.py:914} INFO - Processing file /home/airflow/.local/lib/python3.12/site-packages/airflow/example_dags/example_datasets.py for tasks to queue
[2025-01-07T06:02:24.457+0000] {logging_mixin.py:190} INFO - [2025-01-07T06:02:24.456+0000] {dagbag.py:588} INFO - Filling up the DagBag from /home/airflow/.local/lib/python3.12/site-packages/airflow/example_dags/example_datasets.py
[2025-01-07T06:02:24.821+0000] {processor.py:925} INFO - DAG(s) 'consume_1_or_2_with_dataset_expressions', 'dataset_consumes_1_never_scheduled', 'dataset_produces_2', 'consume_1_and_2_with_dataset_expressions', 'consume_1_or_both_2_and_3_with_dataset_expressions', 'dataset_produces_1', 'dataset_consumes_unknown_never_scheduled', 'conditional_dataset_and_time_based_timetable', 'dataset_consumes_1', 'dataset_consumes_1_and_2' retrieved from /home/airflow/.local/lib/python3.12/site-packages/airflow/example_dags/example_datasets.py
[2025-01-07T06:02:25.034+0000] {logging_mixin.py:190} INFO - [2025-01-07T06:02:25.034+0000] {dag.py:3239} INFO - Sync 10 DAGs
[2025-01-07T06:02:25.100+0000] {logging_mixin.py:190} INFO - [2025-01-07T06:02:25.099+0000] {dag.py:4180} INFO - Setting next_dagrun for conditional_dataset_and_time_based_timetable to 2025-01-01 01:00:00+00:00, run_after=2025-01-01 01:00:00+00:00
[2025-01-07T06:02:25.108+0000] {logging_mixin.py:190} INFO - [2025-01-07T06:02:25.107+0000] {dag.py:4180} INFO - Setting next_dagrun for consume_1_and_2_with_dataset_expressions to None, run_after=None
[2025-01-07T06:02:25.112+0000] {logging_mixin.py:190} INFO - [2025-01-07T06:02:25.112+0000] {dag.py:4180} INFO - Setting next_dagrun for consume_1_or_2_with_dataset_expressions to None, run_after=None
[2025-01-07T06:02:25.116+0000] {logging_mixin.py:190} INFO - [2025-01-07T06:02:25.116+0000] {dag.py:4180} INFO - Setting next_dagrun for consume_1_or_both_2_and_3_with_dataset_expressions to None, run_after=None
[2025-01-07T06:02:25.119+0000] {logging_mixin.py:190} INFO - [2025-01-07T06:02:25.119+0000] {dag.py:4180} INFO - Setting next_dagrun for dataset_consumes_1 to None, run_after=None
[2025-01-07T06:02:25.121+0000] {logging_mixin.py:190} INFO - [2025-01-07T06:02:25.121+0000] {dag.py:4180} INFO - Setting next_dagrun for dataset_consumes_1_and_2 to None, run_after=None
[2025-01-07T06:02:25.124+0000] {logging_mixin.py:190} INFO - [2025-01-07T06:02:25.124+0000] {dag.py:4180} INFO - Setting next_dagrun for dataset_consumes_1_never_scheduled to None, run_after=None
[2025-01-07T06:02:25.126+0000] {logging_mixin.py:190} INFO - [2025-01-07T06:02:25.126+0000] {dag.py:4180} INFO - Setting next_dagrun for dataset_consumes_unknown_never_scheduled to None, run_after=None
[2025-01-07T06:02:25.130+0000] {logging_mixin.py:190} INFO - [2025-01-07T06:02:25.130+0000] {dag.py:4180} INFO - Setting next_dagrun for dataset_produces_1 to 2025-01-06 00:00:00+00:00, run_after=2025-01-07 00:00:00+00:00
[2025-01-07T06:02:25.133+0000] {logging_mixin.py:190} INFO - [2025-01-07T06:02:25.133+0000] {dag.py:4180} INFO - Setting next_dagrun for dataset_produces_2 to None, run_after=None
[2025-01-07T06:02:25.201+0000] {processor.py:208} INFO - Processing /home/airflow/.local/lib/python3.12/site-packages/airflow/example_dags/example_datasets.py took 0.758 seconds
[2025-01-07T06:02:55.573+0000] {processor.py:186} INFO - Started process (PID=717) to work on /home/airflow/.local/lib/python3.12/site-packages/airflow/example_dags/example_datasets.py
[2025-01-07T06:02:55.575+0000] {processor.py:914} INFO - Processing file /home/airflow/.local/lib/python3.12/site-packages/airflow/example_dags/example_datasets.py for tasks to queue
[2025-01-07T06:02:55.580+0000] {logging_mixin.py:190} INFO - [2025-01-07T06:02:55.579+0000] {dagbag.py:588} INFO - Filling up the DagBag from /home/airflow/.local/lib/python3.12/site-packages/airflow/example_dags/example_datasets.py
[2025-01-07T06:02:55.805+0000] {processor.py:925} INFO - DAG(s) 'dataset_consumes_1_and_2', 'consume_1_or_2_with_dataset_expressions', 'dataset_produces_2', 'dataset_consumes_unknown_never_scheduled', 'consume_1_and_2_with_dataset_expressions', 'conditional_dataset_and_time_based_timetable', 'dataset_produces_1', 'dataset_consumes_1', 'consume_1_or_both_2_and_3_with_dataset_expressions', 'dataset_consumes_1_never_scheduled' retrieved from /home/airflow/.local/lib/python3.12/site-packages/airflow/example_dags/example_datasets.py
[2025-01-07T06:02:55.870+0000] {logging_mixin.py:190} INFO - [2025-01-07T06:02:55.870+0000] {dag.py:3239} INFO - Sync 10 DAGs
[2025-01-07T06:02:55.905+0000] {logging_mixin.py:190} INFO - [2025-01-07T06:02:55.904+0000] {dag.py:4180} INFO - Setting next_dagrun for conditional_dataset_and_time_based_timetable to 2025-01-01 01:00:00+00:00, run_after=2025-01-01 01:00:00+00:00
[2025-01-07T06:02:55.910+0000] {logging_mixin.py:190} INFO - [2025-01-07T06:02:55.910+0000] {dag.py:4180} INFO - Setting next_dagrun for consume_1_and_2_with_dataset_expressions to None, run_after=None
[2025-01-07T06:02:55.913+0000] {logging_mixin.py:190} INFO - [2025-01-07T06:02:55.913+0000] {dag.py:4180} INFO - Setting next_dagrun for consume_1_or_2_with_dataset_expressions to None, run_after=None
[2025-01-07T06:02:55.915+0000] {logging_mixin.py:190} INFO - [2025-01-07T06:02:55.915+0000] {dag.py:4180} INFO - Setting next_dagrun for consume_1_or_both_2_and_3_with_dataset_expressions to None, run_after=None
[2025-01-07T06:02:55.917+0000] {logging_mixin.py:190} INFO - [2025-01-07T06:02:55.917+0000] {dag.py:4180} INFO - Setting next_dagrun for dataset_consumes_1 to None, run_after=None
[2025-01-07T06:02:55.920+0000] {logging_mixin.py:190} INFO - [2025-01-07T06:02:55.920+0000] {dag.py:4180} INFO - Setting next_dagrun for dataset_consumes_1_and_2 to None, run_after=None
[2025-01-07T06:02:55.923+0000] {logging_mixin.py:190} INFO - [2025-01-07T06:02:55.922+0000] {dag.py:4180} INFO - Setting next_dagrun for dataset_consumes_1_never_scheduled to None, run_after=None
[2025-01-07T06:02:55.925+0000] {logging_mixin.py:190} INFO - [2025-01-07T06:02:55.925+0000] {dag.py:4180} INFO - Setting next_dagrun for dataset_consumes_unknown_never_scheduled to None, run_after=None
[2025-01-07T06:02:55.928+0000] {logging_mixin.py:190} INFO - [2025-01-07T06:02:55.928+0000] {dag.py:4180} INFO - Setting next_dagrun for dataset_produces_1 to 2025-01-06 00:00:00+00:00, run_after=2025-01-07 00:00:00+00:00
[2025-01-07T06:02:55.930+0000] {logging_mixin.py:190} INFO - [2025-01-07T06:02:55.930+0000] {dag.py:4180} INFO - Setting next_dagrun for dataset_produces_2 to None, run_after=None
[2025-01-07T06:02:55.983+0000] {processor.py:208} INFO - Processing /home/airflow/.local/lib/python3.12/site-packages/airflow/example_dags/example_datasets.py took 0.421 seconds
[2025-01-07T06:03:26.226+0000] {processor.py:186} INFO - Started process (PID=782) to work on /home/airflow/.local/lib/python3.12/site-packages/airflow/example_dags/example_datasets.py
[2025-01-07T06:03:26.229+0000] {processor.py:914} INFO - Processing file /home/airflow/.local/lib/python3.12/site-packages/airflow/example_dags/example_datasets.py for tasks to queue
[2025-01-07T06:03:26.237+0000] {logging_mixin.py:190} INFO - [2025-01-07T06:03:26.236+0000] {dagbag.py:588} INFO - Filling up the DagBag from /home/airflow/.local/lib/python3.12/site-packages/airflow/example_dags/example_datasets.py
[2025-01-07T06:03:26.584+0000] {processor.py:925} INFO - DAG(s) 'conditional_dataset_and_time_based_timetable', 'dataset_consumes_1_never_scheduled', 'dataset_consumes_1', 'consume_1_or_both_2_and_3_with_dataset_expressions', 'dataset_produces_2', 'dataset_consumes_unknown_never_scheduled', 'consume_1_or_2_with_dataset_expressions', 'dataset_produces_1', 'dataset_consumes_1_and_2', 'consume_1_and_2_with_dataset_expressions' retrieved from /home/airflow/.local/lib/python3.12/site-packages/airflow/example_dags/example_datasets.py
[2025-01-07T06:03:26.669+0000] {logging_mixin.py:190} INFO - [2025-01-07T06:03:26.669+0000] {dag.py:3239} INFO - Sync 10 DAGs
[2025-01-07T06:03:26.715+0000] {logging_mixin.py:190} INFO - [2025-01-07T06:03:26.715+0000] {dag.py:4180} INFO - Setting next_dagrun for conditional_dataset_and_time_based_timetable to 2025-01-01 01:00:00+00:00, run_after=2025-01-01 01:00:00+00:00
[2025-01-07T06:03:26.721+0000] {logging_mixin.py:190} INFO - [2025-01-07T06:03:26.720+0000] {dag.py:4180} INFO - Setting next_dagrun for consume_1_and_2_with_dataset_expressions to None, run_after=None
[2025-01-07T06:03:26.726+0000] {logging_mixin.py:190} INFO - [2025-01-07T06:03:26.726+0000] {dag.py:4180} INFO - Setting next_dagrun for consume_1_or_2_with_dataset_expressions to None, run_after=None
[2025-01-07T06:03:26.729+0000] {logging_mixin.py:190} INFO - [2025-01-07T06:03:26.729+0000] {dag.py:4180} INFO - Setting next_dagrun for consume_1_or_both_2_and_3_with_dataset_expressions to None, run_after=None
[2025-01-07T06:03:26.735+0000] {logging_mixin.py:190} INFO - [2025-01-07T06:03:26.734+0000] {dag.py:4180} INFO - Setting next_dagrun for dataset_consumes_1 to None, run_after=None
[2025-01-07T06:03:26.738+0000] {logging_mixin.py:190} INFO - [2025-01-07T06:03:26.737+0000] {dag.py:4180} INFO - Setting next_dagrun for dataset_consumes_1_and_2 to None, run_after=None
[2025-01-07T06:03:26.742+0000] {logging_mixin.py:190} INFO - [2025-01-07T06:03:26.741+0000] {dag.py:4180} INFO - Setting next_dagrun for dataset_consumes_1_never_scheduled to None, run_after=None
[2025-01-07T06:03:26.745+0000] {logging_mixin.py:190} INFO - [2025-01-07T06:03:26.745+0000] {dag.py:4180} INFO - Setting next_dagrun for dataset_consumes_unknown_never_scheduled to None, run_after=None
[2025-01-07T06:03:26.751+0000] {logging_mixin.py:190} INFO - [2025-01-07T06:03:26.751+0000] {dag.py:4180} INFO - Setting next_dagrun for dataset_produces_1 to 2025-01-06 00:00:00+00:00, run_after=2025-01-07 00:00:00+00:00
[2025-01-07T06:03:26.756+0000] {logging_mixin.py:190} INFO - [2025-01-07T06:03:26.756+0000] {dag.py:4180} INFO - Setting next_dagrun for dataset_produces_2 to None, run_after=None
[2025-01-07T06:03:26.832+0000] {processor.py:208} INFO - Processing /home/airflow/.local/lib/python3.12/site-packages/airflow/example_dags/example_datasets.py took 0.622 seconds
