[2025-01-07T05:57:43.116+0000] {processor.py:186} INFO - Started process (PID=45) to work on /home/airflow/.local/lib/python3.12/site-packages/airflow/example_dags/example_dataset_alias_with_no_taskflow.py
[2025-01-07T05:57:43.121+0000] {processor.py:914} INFO - Processing file /home/airflow/.local/lib/python3.12/site-packages/airflow/example_dags/example_dataset_alias_with_no_taskflow.py for tasks to queue
[2025-01-07T05:57:43.135+0000] {logging_mixin.py:190} INFO - [2025-01-07T05:57:43.133+0000] {dagbag.py:588} INFO - Filling up the DagBag from /home/airflow/.local/lib/python3.12/site-packages/airflow/example_dags/example_dataset_alias_with_no_taskflow.py
[2025-01-07T05:57:44.209+0000] {processor.py:925} INFO - DAG(s) 'dataset_s3_bucket_consumer_with_no_taskflow', 'dataset_s3_bucket_producer_with_no_taskflow', 'dataset_alias_example_alias_consumer_with_no_taskflow', 'dataset_alias_example_alias_producer_with_no_taskflow' retrieved from /home/airflow/.local/lib/python3.12/site-packages/airflow/example_dags/example_dataset_alias_with_no_taskflow.py
[2025-01-07T05:57:44.268+0000] {logging_mixin.py:190} INFO - [2025-01-07T05:57:44.266+0000] {dag.py:3239} INFO - Sync 4 DAGs
[2025-01-07T05:57:44.312+0000] {logging_mixin.py:190} INFO - [2025-01-07T05:57:44.312+0000] {dag.py:4180} INFO - Setting next_dagrun for dataset_alias_example_alias_consumer_with_no_taskflow to None, run_after=None
[2025-01-07T05:57:44.319+0000] {logging_mixin.py:190} INFO - [2025-01-07T05:57:44.319+0000] {dag.py:4180} INFO - Setting next_dagrun for dataset_alias_example_alias_producer_with_no_taskflow to None, run_after=None
[2025-01-07T05:57:44.323+0000] {logging_mixin.py:190} INFO - [2025-01-07T05:57:44.323+0000] {dag.py:4180} INFO - Setting next_dagrun for dataset_s3_bucket_consumer_with_no_taskflow to None, run_after=None
[2025-01-07T05:57:44.326+0000] {logging_mixin.py:190} INFO - [2025-01-07T05:57:44.326+0000] {dag.py:4180} INFO - Setting next_dagrun for dataset_s3_bucket_producer_with_no_taskflow to None, run_after=None
[2025-01-07T05:57:44.383+0000] {processor.py:208} INFO - Processing /home/airflow/.local/lib/python3.12/site-packages/airflow/example_dags/example_dataset_alias_with_no_taskflow.py took 1.335 seconds
[2025-01-07T05:58:14.459+0000] {processor.py:186} INFO - Started process (PID=112) to work on /home/airflow/.local/lib/python3.12/site-packages/airflow/example_dags/example_dataset_alias_with_no_taskflow.py
[2025-01-07T05:58:14.461+0000] {processor.py:914} INFO - Processing file /home/airflow/.local/lib/python3.12/site-packages/airflow/example_dags/example_dataset_alias_with_no_taskflow.py for tasks to queue
[2025-01-07T05:58:14.464+0000] {logging_mixin.py:190} INFO - [2025-01-07T05:58:14.464+0000] {dagbag.py:588} INFO - Filling up the DagBag from /home/airflow/.local/lib/python3.12/site-packages/airflow/example_dags/example_dataset_alias_with_no_taskflow.py
[2025-01-07T05:58:14.784+0000] {processor.py:925} INFO - DAG(s) 'dataset_s3_bucket_producer_with_no_taskflow', 'dataset_s3_bucket_consumer_with_no_taskflow', 'dataset_alias_example_alias_producer_with_no_taskflow', 'dataset_alias_example_alias_consumer_with_no_taskflow' retrieved from /home/airflow/.local/lib/python3.12/site-packages/airflow/example_dags/example_dataset_alias_with_no_taskflow.py
[2025-01-07T05:58:14.831+0000] {logging_mixin.py:190} INFO - [2025-01-07T05:58:14.830+0000] {dag.py:3239} INFO - Sync 4 DAGs
[2025-01-07T05:58:14.887+0000] {logging_mixin.py:190} INFO - [2025-01-07T05:58:14.887+0000] {dag.py:4180} INFO - Setting next_dagrun for dataset_alias_example_alias_consumer_with_no_taskflow to None, run_after=None
[2025-01-07T05:58:14.892+0000] {logging_mixin.py:190} INFO - [2025-01-07T05:58:14.891+0000] {dag.py:4180} INFO - Setting next_dagrun for dataset_alias_example_alias_producer_with_no_taskflow to None, run_after=None
[2025-01-07T05:58:14.895+0000] {logging_mixin.py:190} INFO - [2025-01-07T05:58:14.895+0000] {dag.py:4180} INFO - Setting next_dagrun for dataset_s3_bucket_consumer_with_no_taskflow to None, run_after=None
[2025-01-07T05:58:14.899+0000] {logging_mixin.py:190} INFO - [2025-01-07T05:58:14.899+0000] {dag.py:4180} INFO - Setting next_dagrun for dataset_s3_bucket_producer_with_no_taskflow to None, run_after=None
[2025-01-07T05:58:14.941+0000] {processor.py:208} INFO - Processing /home/airflow/.local/lib/python3.12/site-packages/airflow/example_dags/example_dataset_alias_with_no_taskflow.py took 0.489 seconds
[2025-01-07T05:58:45.382+0000] {processor.py:186} INFO - Started process (PID=177) to work on /home/airflow/.local/lib/python3.12/site-packages/airflow/example_dags/example_dataset_alias_with_no_taskflow.py
[2025-01-07T05:58:45.384+0000] {processor.py:914} INFO - Processing file /home/airflow/.local/lib/python3.12/site-packages/airflow/example_dags/example_dataset_alias_with_no_taskflow.py for tasks to queue
[2025-01-07T05:58:45.389+0000] {logging_mixin.py:190} INFO - [2025-01-07T05:58:45.388+0000] {dagbag.py:588} INFO - Filling up the DagBag from /home/airflow/.local/lib/python3.12/site-packages/airflow/example_dags/example_dataset_alias_with_no_taskflow.py
[2025-01-07T05:58:45.683+0000] {processor.py:925} INFO - DAG(s) 'dataset_s3_bucket_consumer_with_no_taskflow', 'dataset_alias_example_alias_producer_with_no_taskflow', 'dataset_s3_bucket_producer_with_no_taskflow', 'dataset_alias_example_alias_consumer_with_no_taskflow' retrieved from /home/airflow/.local/lib/python3.12/site-packages/airflow/example_dags/example_dataset_alias_with_no_taskflow.py
[2025-01-07T05:58:45.774+0000] {logging_mixin.py:190} INFO - [2025-01-07T05:58:45.774+0000] {dag.py:3239} INFO - Sync 4 DAGs
[2025-01-07T05:58:45.839+0000] {logging_mixin.py:190} INFO - [2025-01-07T05:58:45.839+0000] {dag.py:4180} INFO - Setting next_dagrun for dataset_alias_example_alias_consumer_with_no_taskflow to None, run_after=None
[2025-01-07T05:58:45.844+0000] {logging_mixin.py:190} INFO - [2025-01-07T05:58:45.844+0000] {dag.py:4180} INFO - Setting next_dagrun for dataset_alias_example_alias_producer_with_no_taskflow to None, run_after=None
[2025-01-07T05:58:45.847+0000] {logging_mixin.py:190} INFO - [2025-01-07T05:58:45.847+0000] {dag.py:4180} INFO - Setting next_dagrun for dataset_s3_bucket_consumer_with_no_taskflow to None, run_after=None
[2025-01-07T05:58:45.850+0000] {logging_mixin.py:190} INFO - [2025-01-07T05:58:45.849+0000] {dag.py:4180} INFO - Setting next_dagrun for dataset_s3_bucket_producer_with_no_taskflow to None, run_after=None
[2025-01-07T05:58:45.882+0000] {processor.py:208} INFO - Processing /home/airflow/.local/lib/python3.12/site-packages/airflow/example_dags/example_dataset_alias_with_no_taskflow.py took 0.511 seconds
[2025-01-07T05:59:16.170+0000] {processor.py:186} INFO - Started process (PID=243) to work on /home/airflow/.local/lib/python3.12/site-packages/airflow/example_dags/example_dataset_alias_with_no_taskflow.py
[2025-01-07T05:59:16.173+0000] {processor.py:914} INFO - Processing file /home/airflow/.local/lib/python3.12/site-packages/airflow/example_dags/example_dataset_alias_with_no_taskflow.py for tasks to queue
[2025-01-07T05:59:16.177+0000] {logging_mixin.py:190} INFO - [2025-01-07T05:59:16.176+0000] {dagbag.py:588} INFO - Filling up the DagBag from /home/airflow/.local/lib/python3.12/site-packages/airflow/example_dags/example_dataset_alias_with_no_taskflow.py
[2025-01-07T05:59:16.392+0000] {processor.py:925} INFO - DAG(s) 'dataset_s3_bucket_consumer_with_no_taskflow', 'dataset_alias_example_alias_consumer_with_no_taskflow', 'dataset_alias_example_alias_producer_with_no_taskflow', 'dataset_s3_bucket_producer_with_no_taskflow' retrieved from /home/airflow/.local/lib/python3.12/site-packages/airflow/example_dags/example_dataset_alias_with_no_taskflow.py
[2025-01-07T05:59:16.440+0000] {logging_mixin.py:190} INFO - [2025-01-07T05:59:16.439+0000] {dag.py:3239} INFO - Sync 4 DAGs
[2025-01-07T05:59:16.532+0000] {logging_mixin.py:190} INFO - [2025-01-07T05:59:16.532+0000] {dag.py:4180} INFO - Setting next_dagrun for dataset_alias_example_alias_consumer_with_no_taskflow to None, run_after=None
[2025-01-07T05:59:16.539+0000] {logging_mixin.py:190} INFO - [2025-01-07T05:59:16.539+0000] {dag.py:4180} INFO - Setting next_dagrun for dataset_alias_example_alias_producer_with_no_taskflow to None, run_after=None
[2025-01-07T05:59:16.546+0000] {logging_mixin.py:190} INFO - [2025-01-07T05:59:16.545+0000] {dag.py:4180} INFO - Setting next_dagrun for dataset_s3_bucket_consumer_with_no_taskflow to None, run_after=None
[2025-01-07T05:59:16.549+0000] {logging_mixin.py:190} INFO - [2025-01-07T05:59:16.549+0000] {dag.py:4180} INFO - Setting next_dagrun for dataset_s3_bucket_producer_with_no_taskflow to None, run_after=None
[2025-01-07T05:59:16.586+0000] {processor.py:208} INFO - Processing /home/airflow/.local/lib/python3.12/site-packages/airflow/example_dags/example_dataset_alias_with_no_taskflow.py took 0.430 seconds
[2025-01-07T05:59:46.898+0000] {processor.py:186} INFO - Started process (PID=310) to work on /home/airflow/.local/lib/python3.12/site-packages/airflow/example_dags/example_dataset_alias_with_no_taskflow.py
[2025-01-07T05:59:46.899+0000] {processor.py:914} INFO - Processing file /home/airflow/.local/lib/python3.12/site-packages/airflow/example_dags/example_dataset_alias_with_no_taskflow.py for tasks to queue
[2025-01-07T05:59:46.903+0000] {logging_mixin.py:190} INFO - [2025-01-07T05:59:46.903+0000] {dagbag.py:588} INFO - Filling up the DagBag from /home/airflow/.local/lib/python3.12/site-packages/airflow/example_dags/example_dataset_alias_with_no_taskflow.py
[2025-01-07T05:59:47.104+0000] {processor.py:925} INFO - DAG(s) 'dataset_alias_example_alias_consumer_with_no_taskflow', 'dataset_s3_bucket_consumer_with_no_taskflow', 'dataset_s3_bucket_producer_with_no_taskflow', 'dataset_alias_example_alias_producer_with_no_taskflow' retrieved from /home/airflow/.local/lib/python3.12/site-packages/airflow/example_dags/example_dataset_alias_with_no_taskflow.py
[2025-01-07T05:59:47.148+0000] {logging_mixin.py:190} INFO - [2025-01-07T05:59:47.147+0000] {dag.py:3239} INFO - Sync 4 DAGs
[2025-01-07T05:59:47.185+0000] {logging_mixin.py:190} INFO - [2025-01-07T05:59:47.184+0000] {dag.py:4180} INFO - Setting next_dagrun for dataset_alias_example_alias_consumer_with_no_taskflow to None, run_after=None
[2025-01-07T05:59:47.188+0000] {logging_mixin.py:190} INFO - [2025-01-07T05:59:47.188+0000] {dag.py:4180} INFO - Setting next_dagrun for dataset_alias_example_alias_producer_with_no_taskflow to None, run_after=None
[2025-01-07T05:59:47.191+0000] {logging_mixin.py:190} INFO - [2025-01-07T05:59:47.190+0000] {dag.py:4180} INFO - Setting next_dagrun for dataset_s3_bucket_consumer_with_no_taskflow to None, run_after=None
[2025-01-07T05:59:47.194+0000] {logging_mixin.py:190} INFO - [2025-01-07T05:59:47.194+0000] {dag.py:4180} INFO - Setting next_dagrun for dataset_s3_bucket_producer_with_no_taskflow to None, run_after=None
[2025-01-07T05:59:47.225+0000] {processor.py:208} INFO - Processing /home/airflow/.local/lib/python3.12/site-packages/airflow/example_dags/example_dataset_alias_with_no_taskflow.py took 0.336 seconds
[2025-01-07T06:00:17.332+0000] {processor.py:186} INFO - Started process (PID=376) to work on /home/airflow/.local/lib/python3.12/site-packages/airflow/example_dags/example_dataset_alias_with_no_taskflow.py
[2025-01-07T06:00:17.334+0000] {processor.py:914} INFO - Processing file /home/airflow/.local/lib/python3.12/site-packages/airflow/example_dags/example_dataset_alias_with_no_taskflow.py for tasks to queue
[2025-01-07T06:00:17.341+0000] {logging_mixin.py:190} INFO - [2025-01-07T06:00:17.341+0000] {dagbag.py:588} INFO - Filling up the DagBag from /home/airflow/.local/lib/python3.12/site-packages/airflow/example_dags/example_dataset_alias_with_no_taskflow.py
[2025-01-07T06:00:17.851+0000] {processor.py:925} INFO - DAG(s) 'dataset_s3_bucket_producer_with_no_taskflow', 'dataset_alias_example_alias_producer_with_no_taskflow', 'dataset_alias_example_alias_consumer_with_no_taskflow', 'dataset_s3_bucket_consumer_with_no_taskflow' retrieved from /home/airflow/.local/lib/python3.12/site-packages/airflow/example_dags/example_dataset_alias_with_no_taskflow.py
[2025-01-07T06:00:17.928+0000] {logging_mixin.py:190} INFO - [2025-01-07T06:00:17.927+0000] {dag.py:3239} INFO - Sync 4 DAGs
[2025-01-07T06:00:17.983+0000] {logging_mixin.py:190} INFO - [2025-01-07T06:00:17.982+0000] {dag.py:4180} INFO - Setting next_dagrun for dataset_alias_example_alias_consumer_with_no_taskflow to None, run_after=None
[2025-01-07T06:00:17.991+0000] {logging_mixin.py:190} INFO - [2025-01-07T06:00:17.991+0000] {dag.py:4180} INFO - Setting next_dagrun for dataset_alias_example_alias_producer_with_no_taskflow to None, run_after=None
[2025-01-07T06:00:18.000+0000] {logging_mixin.py:190} INFO - [2025-01-07T06:00:18.000+0000] {dag.py:4180} INFO - Setting next_dagrun for dataset_s3_bucket_consumer_with_no_taskflow to None, run_after=None
[2025-01-07T06:00:18.005+0000] {logging_mixin.py:190} INFO - [2025-01-07T06:00:18.004+0000] {dag.py:4180} INFO - Setting next_dagrun for dataset_s3_bucket_producer_with_no_taskflow to None, run_after=None
[2025-01-07T06:00:18.065+0000] {processor.py:208} INFO - Processing /home/airflow/.local/lib/python3.12/site-packages/airflow/example_dags/example_dataset_alias_with_no_taskflow.py took 0.746 seconds
[2025-01-07T06:00:48.222+0000] {processor.py:186} INFO - Started process (PID=443) to work on /home/airflow/.local/lib/python3.12/site-packages/airflow/example_dags/example_dataset_alias_with_no_taskflow.py
[2025-01-07T06:00:48.223+0000] {processor.py:914} INFO - Processing file /home/airflow/.local/lib/python3.12/site-packages/airflow/example_dags/example_dataset_alias_with_no_taskflow.py for tasks to queue
[2025-01-07T06:00:48.227+0000] {logging_mixin.py:190} INFO - [2025-01-07T06:00:48.226+0000] {dagbag.py:588} INFO - Filling up the DagBag from /home/airflow/.local/lib/python3.12/site-packages/airflow/example_dags/example_dataset_alias_with_no_taskflow.py
[2025-01-07T06:00:48.430+0000] {processor.py:925} INFO - DAG(s) 'dataset_s3_bucket_producer_with_no_taskflow', 'dataset_alias_example_alias_consumer_with_no_taskflow', 'dataset_s3_bucket_consumer_with_no_taskflow', 'dataset_alias_example_alias_producer_with_no_taskflow' retrieved from /home/airflow/.local/lib/python3.12/site-packages/airflow/example_dags/example_dataset_alias_with_no_taskflow.py
[2025-01-07T06:00:48.466+0000] {logging_mixin.py:190} INFO - [2025-01-07T06:00:48.465+0000] {dag.py:3239} INFO - Sync 4 DAGs
[2025-01-07T06:00:48.498+0000] {logging_mixin.py:190} INFO - [2025-01-07T06:00:48.498+0000] {dag.py:4180} INFO - Setting next_dagrun for dataset_alias_example_alias_consumer_with_no_taskflow to None, run_after=None
[2025-01-07T06:00:48.506+0000] {logging_mixin.py:190} INFO - [2025-01-07T06:00:48.505+0000] {dag.py:4180} INFO - Setting next_dagrun for dataset_alias_example_alias_producer_with_no_taskflow to None, run_after=None
[2025-01-07T06:00:48.511+0000] {logging_mixin.py:190} INFO - [2025-01-07T06:00:48.510+0000] {dag.py:4180} INFO - Setting next_dagrun for dataset_s3_bucket_consumer_with_no_taskflow to None, run_after=None
[2025-01-07T06:00:48.517+0000] {logging_mixin.py:190} INFO - [2025-01-07T06:00:48.516+0000] {dag.py:4180} INFO - Setting next_dagrun for dataset_s3_bucket_producer_with_no_taskflow to None, run_after=None
[2025-01-07T06:00:48.564+0000] {processor.py:208} INFO - Processing /home/airflow/.local/lib/python3.12/site-packages/airflow/example_dags/example_dataset_alias_with_no_taskflow.py took 0.351 seconds
[2025-01-07T06:01:19.503+0000] {processor.py:186} INFO - Started process (PID=509) to work on /home/airflow/.local/lib/python3.12/site-packages/airflow/example_dags/example_dataset_alias_with_no_taskflow.py
[2025-01-07T06:01:19.506+0000] {processor.py:914} INFO - Processing file /home/airflow/.local/lib/python3.12/site-packages/airflow/example_dags/example_dataset_alias_with_no_taskflow.py for tasks to queue
[2025-01-07T06:01:19.514+0000] {logging_mixin.py:190} INFO - [2025-01-07T06:01:19.513+0000] {dagbag.py:588} INFO - Filling up the DagBag from /home/airflow/.local/lib/python3.12/site-packages/airflow/example_dags/example_dataset_alias_with_no_taskflow.py
[2025-01-07T06:01:19.733+0000] {processor.py:925} INFO - DAG(s) 'dataset_alias_example_alias_producer_with_no_taskflow', 'dataset_s3_bucket_producer_with_no_taskflow', 'dataset_s3_bucket_consumer_with_no_taskflow', 'dataset_alias_example_alias_consumer_with_no_taskflow' retrieved from /home/airflow/.local/lib/python3.12/site-packages/airflow/example_dags/example_dataset_alias_with_no_taskflow.py
[2025-01-07T06:01:19.777+0000] {logging_mixin.py:190} INFO - [2025-01-07T06:01:19.776+0000] {dag.py:3239} INFO - Sync 4 DAGs
[2025-01-07T06:01:19.815+0000] {logging_mixin.py:190} INFO - [2025-01-07T06:01:19.814+0000] {dag.py:4180} INFO - Setting next_dagrun for dataset_alias_example_alias_consumer_with_no_taskflow to None, run_after=None
[2025-01-07T06:01:19.819+0000] {logging_mixin.py:190} INFO - [2025-01-07T06:01:19.819+0000] {dag.py:4180} INFO - Setting next_dagrun for dataset_alias_example_alias_producer_with_no_taskflow to None, run_after=None
[2025-01-07T06:01:19.824+0000] {logging_mixin.py:190} INFO - [2025-01-07T06:01:19.824+0000] {dag.py:4180} INFO - Setting next_dagrun for dataset_s3_bucket_consumer_with_no_taskflow to None, run_after=None
[2025-01-07T06:01:19.827+0000] {logging_mixin.py:190} INFO - [2025-01-07T06:01:19.827+0000] {dag.py:4180} INFO - Setting next_dagrun for dataset_s3_bucket_producer_with_no_taskflow to None, run_after=None
[2025-01-07T06:01:19.870+0000] {processor.py:208} INFO - Processing /home/airflow/.local/lib/python3.12/site-packages/airflow/example_dags/example_dataset_alias_with_no_taskflow.py took 0.378 seconds
[2025-01-07T06:01:50.423+0000] {processor.py:186} INFO - Started process (PID=575) to work on /home/airflow/.local/lib/python3.12/site-packages/airflow/example_dags/example_dataset_alias_with_no_taskflow.py
[2025-01-07T06:01:50.426+0000] {processor.py:914} INFO - Processing file /home/airflow/.local/lib/python3.12/site-packages/airflow/example_dags/example_dataset_alias_with_no_taskflow.py for tasks to queue
[2025-01-07T06:01:50.432+0000] {logging_mixin.py:190} INFO - [2025-01-07T06:01:50.431+0000] {dagbag.py:588} INFO - Filling up the DagBag from /home/airflow/.local/lib/python3.12/site-packages/airflow/example_dags/example_dataset_alias_with_no_taskflow.py
[2025-01-07T06:01:50.773+0000] {processor.py:925} INFO - DAG(s) 'dataset_s3_bucket_producer_with_no_taskflow', 'dataset_alias_example_alias_consumer_with_no_taskflow', 'dataset_s3_bucket_consumer_with_no_taskflow', 'dataset_alias_example_alias_producer_with_no_taskflow' retrieved from /home/airflow/.local/lib/python3.12/site-packages/airflow/example_dags/example_dataset_alias_with_no_taskflow.py
[2025-01-07T06:01:50.816+0000] {logging_mixin.py:190} INFO - [2025-01-07T06:01:50.815+0000] {dag.py:3239} INFO - Sync 4 DAGs
[2025-01-07T06:01:50.857+0000] {logging_mixin.py:190} INFO - [2025-01-07T06:01:50.856+0000] {dag.py:4180} INFO - Setting next_dagrun for dataset_alias_example_alias_consumer_with_no_taskflow to None, run_after=None
[2025-01-07T06:01:50.863+0000] {logging_mixin.py:190} INFO - [2025-01-07T06:01:50.863+0000] {dag.py:4180} INFO - Setting next_dagrun for dataset_alias_example_alias_producer_with_no_taskflow to None, run_after=None
[2025-01-07T06:01:50.867+0000] {logging_mixin.py:190} INFO - [2025-01-07T06:01:50.867+0000] {dag.py:4180} INFO - Setting next_dagrun for dataset_s3_bucket_consumer_with_no_taskflow to None, run_after=None
[2025-01-07T06:01:50.870+0000] {logging_mixin.py:190} INFO - [2025-01-07T06:01:50.869+0000] {dag.py:4180} INFO - Setting next_dagrun for dataset_s3_bucket_producer_with_no_taskflow to None, run_after=None
[2025-01-07T06:01:50.908+0000] {processor.py:208} INFO - Processing /home/airflow/.local/lib/python3.12/site-packages/airflow/example_dags/example_dataset_alias_with_no_taskflow.py took 0.518 seconds
[2025-01-07T06:02:21.218+0000] {processor.py:186} INFO - Started process (PID=641) to work on /home/airflow/.local/lib/python3.12/site-packages/airflow/example_dags/example_dataset_alias_with_no_taskflow.py
[2025-01-07T06:02:21.219+0000] {processor.py:914} INFO - Processing file /home/airflow/.local/lib/python3.12/site-packages/airflow/example_dags/example_dataset_alias_with_no_taskflow.py for tasks to queue
[2025-01-07T06:02:21.224+0000] {logging_mixin.py:190} INFO - [2025-01-07T06:02:21.224+0000] {dagbag.py:588} INFO - Filling up the DagBag from /home/airflow/.local/lib/python3.12/site-packages/airflow/example_dags/example_dataset_alias_with_no_taskflow.py
[2025-01-07T06:02:21.431+0000] {processor.py:925} INFO - DAG(s) 'dataset_s3_bucket_producer_with_no_taskflow', 'dataset_s3_bucket_consumer_with_no_taskflow', 'dataset_alias_example_alias_producer_with_no_taskflow', 'dataset_alias_example_alias_consumer_with_no_taskflow' retrieved from /home/airflow/.local/lib/python3.12/site-packages/airflow/example_dags/example_dataset_alias_with_no_taskflow.py
[2025-01-07T06:02:21.491+0000] {logging_mixin.py:190} INFO - [2025-01-07T06:02:21.490+0000] {dag.py:3239} INFO - Sync 4 DAGs
[2025-01-07T06:02:21.532+0000] {logging_mixin.py:190} INFO - [2025-01-07T06:02:21.532+0000] {dag.py:4180} INFO - Setting next_dagrun for dataset_alias_example_alias_consumer_with_no_taskflow to None, run_after=None
[2025-01-07T06:02:21.538+0000] {logging_mixin.py:190} INFO - [2025-01-07T06:02:21.538+0000] {dag.py:4180} INFO - Setting next_dagrun for dataset_alias_example_alias_producer_with_no_taskflow to None, run_after=None
[2025-01-07T06:02:21.542+0000] {logging_mixin.py:190} INFO - [2025-01-07T06:02:21.542+0000] {dag.py:4180} INFO - Setting next_dagrun for dataset_s3_bucket_consumer_with_no_taskflow to None, run_after=None
[2025-01-07T06:02:21.546+0000] {logging_mixin.py:190} INFO - [2025-01-07T06:02:21.546+0000] {dag.py:4180} INFO - Setting next_dagrun for dataset_s3_bucket_producer_with_no_taskflow to None, run_after=None
[2025-01-07T06:02:21.583+0000] {processor.py:208} INFO - Processing /home/airflow/.local/lib/python3.12/site-packages/airflow/example_dags/example_dataset_alias_with_no_taskflow.py took 0.375 seconds
[2025-01-07T06:02:52.264+0000] {processor.py:186} INFO - Started process (PID=707) to work on /home/airflow/.local/lib/python3.12/site-packages/airflow/example_dags/example_dataset_alias_with_no_taskflow.py
[2025-01-07T06:02:52.266+0000] {processor.py:914} INFO - Processing file /home/airflow/.local/lib/python3.12/site-packages/airflow/example_dags/example_dataset_alias_with_no_taskflow.py for tasks to queue
[2025-01-07T06:02:52.271+0000] {logging_mixin.py:190} INFO - [2025-01-07T06:02:52.270+0000] {dagbag.py:588} INFO - Filling up the DagBag from /home/airflow/.local/lib/python3.12/site-packages/airflow/example_dags/example_dataset_alias_with_no_taskflow.py
[2025-01-07T06:02:52.512+0000] {processor.py:925} INFO - DAG(s) 'dataset_s3_bucket_producer_with_no_taskflow', 'dataset_s3_bucket_consumer_with_no_taskflow', 'dataset_alias_example_alias_consumer_with_no_taskflow', 'dataset_alias_example_alias_producer_with_no_taskflow' retrieved from /home/airflow/.local/lib/python3.12/site-packages/airflow/example_dags/example_dataset_alias_with_no_taskflow.py
[2025-01-07T06:02:52.559+0000] {logging_mixin.py:190} INFO - [2025-01-07T06:02:52.558+0000] {dag.py:3239} INFO - Sync 4 DAGs
[2025-01-07T06:02:52.600+0000] {logging_mixin.py:190} INFO - [2025-01-07T06:02:52.599+0000] {dag.py:4180} INFO - Setting next_dagrun for dataset_alias_example_alias_consumer_with_no_taskflow to None, run_after=None
[2025-01-07T06:02:52.606+0000] {logging_mixin.py:190} INFO - [2025-01-07T06:02:52.606+0000] {dag.py:4180} INFO - Setting next_dagrun for dataset_alias_example_alias_producer_with_no_taskflow to None, run_after=None
[2025-01-07T06:02:52.611+0000] {logging_mixin.py:190} INFO - [2025-01-07T06:02:52.611+0000] {dag.py:4180} INFO - Setting next_dagrun for dataset_s3_bucket_consumer_with_no_taskflow to None, run_after=None
[2025-01-07T06:02:52.615+0000] {logging_mixin.py:190} INFO - [2025-01-07T06:02:52.614+0000] {dag.py:4180} INFO - Setting next_dagrun for dataset_s3_bucket_producer_with_no_taskflow to None, run_after=None
[2025-01-07T06:02:52.659+0000] {processor.py:208} INFO - Processing /home/airflow/.local/lib/python3.12/site-packages/airflow/example_dags/example_dataset_alias_with_no_taskflow.py took 0.406 seconds
[2025-01-07T06:03:22.833+0000] {processor.py:186} INFO - Started process (PID=773) to work on /home/airflow/.local/lib/python3.12/site-packages/airflow/example_dags/example_dataset_alias_with_no_taskflow.py
[2025-01-07T06:03:22.836+0000] {processor.py:914} INFO - Processing file /home/airflow/.local/lib/python3.12/site-packages/airflow/example_dags/example_dataset_alias_with_no_taskflow.py for tasks to queue
[2025-01-07T06:03:22.841+0000] {logging_mixin.py:190} INFO - [2025-01-07T06:03:22.840+0000] {dagbag.py:588} INFO - Filling up the DagBag from /home/airflow/.local/lib/python3.12/site-packages/airflow/example_dags/example_dataset_alias_with_no_taskflow.py
[2025-01-07T06:03:23.021+0000] {processor.py:925} INFO - DAG(s) 'dataset_s3_bucket_consumer_with_no_taskflow', 'dataset_alias_example_alias_consumer_with_no_taskflow', 'dataset_s3_bucket_producer_with_no_taskflow', 'dataset_alias_example_alias_producer_with_no_taskflow' retrieved from /home/airflow/.local/lib/python3.12/site-packages/airflow/example_dags/example_dataset_alias_with_no_taskflow.py
[2025-01-07T06:03:23.053+0000] {logging_mixin.py:190} INFO - [2025-01-07T06:03:23.053+0000] {dag.py:3239} INFO - Sync 4 DAGs
[2025-01-07T06:03:23.083+0000] {logging_mixin.py:190} INFO - [2025-01-07T06:03:23.083+0000] {dag.py:4180} INFO - Setting next_dagrun for dataset_alias_example_alias_consumer_with_no_taskflow to None, run_after=None
[2025-01-07T06:03:23.086+0000] {logging_mixin.py:190} INFO - [2025-01-07T06:03:23.086+0000] {dag.py:4180} INFO - Setting next_dagrun for dataset_alias_example_alias_producer_with_no_taskflow to None, run_after=None
[2025-01-07T06:03:23.089+0000] {logging_mixin.py:190} INFO - [2025-01-07T06:03:23.088+0000] {dag.py:4180} INFO - Setting next_dagrun for dataset_s3_bucket_consumer_with_no_taskflow to None, run_after=None
[2025-01-07T06:03:23.092+0000] {logging_mixin.py:190} INFO - [2025-01-07T06:03:23.092+0000] {dag.py:4180} INFO - Setting next_dagrun for dataset_s3_bucket_producer_with_no_taskflow to None, run_after=None
[2025-01-07T06:03:23.121+0000] {processor.py:208} INFO - Processing /home/airflow/.local/lib/python3.12/site-packages/airflow/example_dags/example_dataset_alias_with_no_taskflow.py took 0.296 seconds
