[2025-01-07T05:57:46.607+0000] {processor.py:186} INFO - Started process (PID=59) to work on /home/airflow/.local/lib/python3.12/site-packages/airflow/example_dags/example_latest_only_with_trigger.py
[2025-01-07T05:57:46.608+0000] {processor.py:914} INFO - Processing file /home/airflow/.local/lib/python3.12/site-packages/airflow/example_dags/example_latest_only_with_trigger.py for tasks to queue
[2025-01-07T05:57:46.614+0000] {logging_mixin.py:190} INFO - [2025-01-07T05:57:46.613+0000] {dagbag.py:588} INFO - Filling up the DagBag from /home/airflow/.local/lib/python3.12/site-packages/airflow/example_dags/example_latest_only_with_trigger.py
[2025-01-07T05:57:46.633+0000] {processor.py:925} INFO - DAG(s) 'latest_only_with_trigger' retrieved from /home/airflow/.local/lib/python3.12/site-packages/airflow/example_dags/example_latest_only_with_trigger.py
[2025-01-07T05:57:46.687+0000] {logging_mixin.py:190} INFO - [2025-01-07T05:57:46.686+0000] {dag.py:3239} INFO - Sync 1 DAGs
[2025-01-07T05:57:46.734+0000] {logging_mixin.py:190} INFO - [2025-01-07T05:57:46.733+0000] {dag.py:4180} INFO - Setting next_dagrun for latest_only_with_trigger to 2025-01-07 00:00:00+00:00, run_after=2025-01-07 04:00:00+00:00
[2025-01-07T05:57:46.771+0000] {processor.py:208} INFO - Processing /home/airflow/.local/lib/python3.12/site-packages/airflow/example_dags/example_latest_only_with_trigger.py took 0.177 seconds
[2025-01-07T05:58:17.172+0000] {processor.py:186} INFO - Started process (PID=125) to work on /home/airflow/.local/lib/python3.12/site-packages/airflow/example_dags/example_latest_only_with_trigger.py
[2025-01-07T05:58:17.173+0000] {processor.py:914} INFO - Processing file /home/airflow/.local/lib/python3.12/site-packages/airflow/example_dags/example_latest_only_with_trigger.py for tasks to queue
[2025-01-07T05:58:17.177+0000] {logging_mixin.py:190} INFO - [2025-01-07T05:58:17.177+0000] {dagbag.py:588} INFO - Filling up the DagBag from /home/airflow/.local/lib/python3.12/site-packages/airflow/example_dags/example_latest_only_with_trigger.py
[2025-01-07T05:58:17.189+0000] {processor.py:925} INFO - DAG(s) 'latest_only_with_trigger' retrieved from /home/airflow/.local/lib/python3.12/site-packages/airflow/example_dags/example_latest_only_with_trigger.py
[2025-01-07T05:58:17.231+0000] {logging_mixin.py:190} INFO - [2025-01-07T05:58:17.230+0000] {dag.py:3239} INFO - Sync 1 DAGs
[2025-01-07T05:58:17.270+0000] {logging_mixin.py:190} INFO - [2025-01-07T05:58:17.270+0000] {dag.py:4180} INFO - Setting next_dagrun for latest_only_with_trigger to 2025-01-07 00:00:00+00:00, run_after=2025-01-07 04:00:00+00:00
[2025-01-07T05:58:17.306+0000] {processor.py:208} INFO - Processing /home/airflow/.local/lib/python3.12/site-packages/airflow/example_dags/example_latest_only_with_trigger.py took 0.143 seconds
[2025-01-07T05:58:48.735+0000] {processor.py:186} INFO - Started process (PID=191) to work on /home/airflow/.local/lib/python3.12/site-packages/airflow/example_dags/example_latest_only_with_trigger.py
[2025-01-07T05:58:48.737+0000] {processor.py:914} INFO - Processing file /home/airflow/.local/lib/python3.12/site-packages/airflow/example_dags/example_latest_only_with_trigger.py for tasks to queue
[2025-01-07T05:58:48.740+0000] {logging_mixin.py:190} INFO - [2025-01-07T05:58:48.740+0000] {dagbag.py:588} INFO - Filling up the DagBag from /home/airflow/.local/lib/python3.12/site-packages/airflow/example_dags/example_latest_only_with_trigger.py
[2025-01-07T05:58:48.755+0000] {processor.py:925} INFO - DAG(s) 'latest_only_with_trigger' retrieved from /home/airflow/.local/lib/python3.12/site-packages/airflow/example_dags/example_latest_only_with_trigger.py
[2025-01-07T05:58:48.791+0000] {logging_mixin.py:190} INFO - [2025-01-07T05:58:48.791+0000] {dag.py:3239} INFO - Sync 1 DAGs
[2025-01-07T05:58:48.829+0000] {logging_mixin.py:190} INFO - [2025-01-07T05:58:48.829+0000] {dag.py:4180} INFO - Setting next_dagrun for latest_only_with_trigger to 2025-01-07 00:00:00+00:00, run_after=2025-01-07 04:00:00+00:00
[2025-01-07T05:58:48.864+0000] {processor.py:208} INFO - Processing /home/airflow/.local/lib/python3.12/site-packages/airflow/example_dags/example_latest_only_with_trigger.py took 0.136 seconds
[2025-01-07T05:59:19.619+0000] {processor.py:186} INFO - Started process (PID=257) to work on /home/airflow/.local/lib/python3.12/site-packages/airflow/example_dags/example_latest_only_with_trigger.py
[2025-01-07T05:59:19.624+0000] {processor.py:914} INFO - Processing file /home/airflow/.local/lib/python3.12/site-packages/airflow/example_dags/example_latest_only_with_trigger.py for tasks to queue
[2025-01-07T05:59:19.630+0000] {logging_mixin.py:190} INFO - [2025-01-07T05:59:19.629+0000] {dagbag.py:588} INFO - Filling up the DagBag from /home/airflow/.local/lib/python3.12/site-packages/airflow/example_dags/example_latest_only_with_trigger.py
[2025-01-07T05:59:19.648+0000] {processor.py:925} INFO - DAG(s) 'latest_only_with_trigger' retrieved from /home/airflow/.local/lib/python3.12/site-packages/airflow/example_dags/example_latest_only_with_trigger.py
[2025-01-07T05:59:19.698+0000] {logging_mixin.py:190} INFO - [2025-01-07T05:59:19.697+0000] {dag.py:3239} INFO - Sync 1 DAGs
[2025-01-07T05:59:19.764+0000] {logging_mixin.py:190} INFO - [2025-01-07T05:59:19.762+0000] {dag.py:4180} INFO - Setting next_dagrun for latest_only_with_trigger to 2025-01-07 00:00:00+00:00, run_after=2025-01-07 04:00:00+00:00
[2025-01-07T05:59:19.826+0000] {processor.py:208} INFO - Processing /home/airflow/.local/lib/python3.12/site-packages/airflow/example_dags/example_latest_only_with_trigger.py took 0.219 seconds
[2025-01-07T05:59:50.487+0000] {processor.py:186} INFO - Started process (PID=324) to work on /home/airflow/.local/lib/python3.12/site-packages/airflow/example_dags/example_latest_only_with_trigger.py
[2025-01-07T05:59:50.489+0000] {processor.py:914} INFO - Processing file /home/airflow/.local/lib/python3.12/site-packages/airflow/example_dags/example_latest_only_with_trigger.py for tasks to queue
[2025-01-07T05:59:50.493+0000] {logging_mixin.py:190} INFO - [2025-01-07T05:59:50.492+0000] {dagbag.py:588} INFO - Filling up the DagBag from /home/airflow/.local/lib/python3.12/site-packages/airflow/example_dags/example_latest_only_with_trigger.py
[2025-01-07T05:59:50.505+0000] {processor.py:925} INFO - DAG(s) 'latest_only_with_trigger' retrieved from /home/airflow/.local/lib/python3.12/site-packages/airflow/example_dags/example_latest_only_with_trigger.py
[2025-01-07T05:59:50.538+0000] {logging_mixin.py:190} INFO - [2025-01-07T05:59:50.537+0000] {dag.py:3239} INFO - Sync 1 DAGs
[2025-01-07T05:59:50.569+0000] {logging_mixin.py:190} INFO - [2025-01-07T05:59:50.568+0000] {dag.py:4180} INFO - Setting next_dagrun for latest_only_with_trigger to 2025-01-07 00:00:00+00:00, run_after=2025-01-07 04:00:00+00:00
[2025-01-07T05:59:50.598+0000] {processor.py:208} INFO - Processing /home/airflow/.local/lib/python3.12/site-packages/airflow/example_dags/example_latest_only_with_trigger.py took 0.120 seconds
[2025-01-07T06:00:21.816+0000] {processor.py:186} INFO - Started process (PID=390) to work on /home/airflow/.local/lib/python3.12/site-packages/airflow/example_dags/example_latest_only_with_trigger.py
[2025-01-07T06:00:21.818+0000] {processor.py:914} INFO - Processing file /home/airflow/.local/lib/python3.12/site-packages/airflow/example_dags/example_latest_only_with_trigger.py for tasks to queue
[2025-01-07T06:00:21.824+0000] {logging_mixin.py:190} INFO - [2025-01-07T06:00:21.823+0000] {dagbag.py:588} INFO - Filling up the DagBag from /home/airflow/.local/lib/python3.12/site-packages/airflow/example_dags/example_latest_only_with_trigger.py
[2025-01-07T06:00:21.840+0000] {processor.py:925} INFO - DAG(s) 'latest_only_with_trigger' retrieved from /home/airflow/.local/lib/python3.12/site-packages/airflow/example_dags/example_latest_only_with_trigger.py
[2025-01-07T06:00:21.882+0000] {logging_mixin.py:190} INFO - [2025-01-07T06:00:21.881+0000] {dag.py:3239} INFO - Sync 1 DAGs
[2025-01-07T06:00:21.924+0000] {logging_mixin.py:190} INFO - [2025-01-07T06:00:21.924+0000] {dag.py:4180} INFO - Setting next_dagrun for latest_only_with_trigger to 2025-01-07 00:00:00+00:00, run_after=2025-01-07 04:00:00+00:00
[2025-01-07T06:00:21.969+0000] {processor.py:208} INFO - Processing /home/airflow/.local/lib/python3.12/site-packages/airflow/example_dags/example_latest_only_with_trigger.py took 0.166 seconds
[2025-01-07T06:00:52.900+0000] {processor.py:186} INFO - Started process (PID=456) to work on /home/airflow/.local/lib/python3.12/site-packages/airflow/example_dags/example_latest_only_with_trigger.py
[2025-01-07T06:00:52.901+0000] {processor.py:914} INFO - Processing file /home/airflow/.local/lib/python3.12/site-packages/airflow/example_dags/example_latest_only_with_trigger.py for tasks to queue
[2025-01-07T06:00:52.906+0000] {logging_mixin.py:190} INFO - [2025-01-07T06:00:52.905+0000] {dagbag.py:588} INFO - Filling up the DagBag from /home/airflow/.local/lib/python3.12/site-packages/airflow/example_dags/example_latest_only_with_trigger.py
[2025-01-07T06:00:52.917+0000] {processor.py:925} INFO - DAG(s) 'latest_only_with_trigger' retrieved from /home/airflow/.local/lib/python3.12/site-packages/airflow/example_dags/example_latest_only_with_trigger.py
[2025-01-07T06:00:52.952+0000] {logging_mixin.py:190} INFO - [2025-01-07T06:00:52.951+0000] {dag.py:3239} INFO - Sync 1 DAGs
[2025-01-07T06:00:52.992+0000] {logging_mixin.py:190} INFO - [2025-01-07T06:00:52.991+0000] {dag.py:4180} INFO - Setting next_dagrun for latest_only_with_trigger to 2025-01-07 00:00:00+00:00, run_after=2025-01-07 04:00:00+00:00
[2025-01-07T06:00:53.024+0000] {processor.py:208} INFO - Processing /home/airflow/.local/lib/python3.12/site-packages/airflow/example_dags/example_latest_only_with_trigger.py took 0.135 seconds
[2025-01-07T06:01:23.317+0000] {processor.py:186} INFO - Started process (PID=522) to work on /home/airflow/.local/lib/python3.12/site-packages/airflow/example_dags/example_latest_only_with_trigger.py
[2025-01-07T06:01:23.318+0000] {processor.py:914} INFO - Processing file /home/airflow/.local/lib/python3.12/site-packages/airflow/example_dags/example_latest_only_with_trigger.py for tasks to queue
[2025-01-07T06:01:23.322+0000] {logging_mixin.py:190} INFO - [2025-01-07T06:01:23.321+0000] {dagbag.py:588} INFO - Filling up the DagBag from /home/airflow/.local/lib/python3.12/site-packages/airflow/example_dags/example_latest_only_with_trigger.py
[2025-01-07T06:01:23.332+0000] {processor.py:925} INFO - DAG(s) 'latest_only_with_trigger' retrieved from /home/airflow/.local/lib/python3.12/site-packages/airflow/example_dags/example_latest_only_with_trigger.py
[2025-01-07T06:01:23.365+0000] {logging_mixin.py:190} INFO - [2025-01-07T06:01:23.364+0000] {dag.py:3239} INFO - Sync 1 DAGs
[2025-01-07T06:01:23.396+0000] {logging_mixin.py:190} INFO - [2025-01-07T06:01:23.396+0000] {dag.py:4180} INFO - Setting next_dagrun for latest_only_with_trigger to 2025-01-07 00:00:00+00:00, run_after=2025-01-07 04:00:00+00:00
[2025-01-07T06:01:23.422+0000] {processor.py:208} INFO - Processing /home/airflow/.local/lib/python3.12/site-packages/airflow/example_dags/example_latest_only_with_trigger.py took 0.113 seconds
[2025-01-07T06:01:54.127+0000] {processor.py:186} INFO - Started process (PID=588) to work on /home/airflow/.local/lib/python3.12/site-packages/airflow/example_dags/example_latest_only_with_trigger.py
[2025-01-07T06:01:54.128+0000] {processor.py:914} INFO - Processing file /home/airflow/.local/lib/python3.12/site-packages/airflow/example_dags/example_latest_only_with_trigger.py for tasks to queue
[2025-01-07T06:01:54.132+0000] {logging_mixin.py:190} INFO - [2025-01-07T06:01:54.132+0000] {dagbag.py:588} INFO - Filling up the DagBag from /home/airflow/.local/lib/python3.12/site-packages/airflow/example_dags/example_latest_only_with_trigger.py
[2025-01-07T06:01:54.144+0000] {processor.py:925} INFO - DAG(s) 'latest_only_with_trigger' retrieved from /home/airflow/.local/lib/python3.12/site-packages/airflow/example_dags/example_latest_only_with_trigger.py
[2025-01-07T06:01:54.177+0000] {logging_mixin.py:190} INFO - [2025-01-07T06:01:54.176+0000] {dag.py:3239} INFO - Sync 1 DAGs
[2025-01-07T06:01:54.207+0000] {logging_mixin.py:190} INFO - [2025-01-07T06:01:54.207+0000] {dag.py:4180} INFO - Setting next_dagrun for latest_only_with_trigger to 2025-01-07 00:00:00+00:00, run_after=2025-01-07 04:00:00+00:00
[2025-01-07T06:01:54.235+0000] {processor.py:208} INFO - Processing /home/airflow/.local/lib/python3.12/site-packages/airflow/example_dags/example_latest_only_with_trigger.py took 0.117 seconds
[2025-01-07T06:02:25.244+0000] {processor.py:186} INFO - Started process (PID=654) to work on /home/airflow/.local/lib/python3.12/site-packages/airflow/example_dags/example_latest_only_with_trigger.py
[2025-01-07T06:02:25.246+0000] {processor.py:914} INFO - Processing file /home/airflow/.local/lib/python3.12/site-packages/airflow/example_dags/example_latest_only_with_trigger.py for tasks to queue
[2025-01-07T06:02:25.249+0000] {logging_mixin.py:190} INFO - [2025-01-07T06:02:25.249+0000] {dagbag.py:588} INFO - Filling up the DagBag from /home/airflow/.local/lib/python3.12/site-packages/airflow/example_dags/example_latest_only_with_trigger.py
[2025-01-07T06:02:25.261+0000] {processor.py:925} INFO - DAG(s) 'latest_only_with_trigger' retrieved from /home/airflow/.local/lib/python3.12/site-packages/airflow/example_dags/example_latest_only_with_trigger.py
[2025-01-07T06:02:25.296+0000] {logging_mixin.py:190} INFO - [2025-01-07T06:02:25.295+0000] {dag.py:3239} INFO - Sync 1 DAGs
[2025-01-07T06:02:25.327+0000] {logging_mixin.py:190} INFO - [2025-01-07T06:02:25.327+0000] {dag.py:4180} INFO - Setting next_dagrun for latest_only_with_trigger to 2025-01-07 00:00:00+00:00, run_after=2025-01-07 04:00:00+00:00
[2025-01-07T06:02:25.357+0000] {processor.py:208} INFO - Processing /home/airflow/.local/lib/python3.12/site-packages/airflow/example_dags/example_latest_only_with_trigger.py took 0.122 seconds
[2025-01-07T06:02:56.027+0000] {processor.py:186} INFO - Started process (PID=720) to work on /home/airflow/.local/lib/python3.12/site-packages/airflow/example_dags/example_latest_only_with_trigger.py
[2025-01-07T06:02:56.028+0000] {processor.py:914} INFO - Processing file /home/airflow/.local/lib/python3.12/site-packages/airflow/example_dags/example_latest_only_with_trigger.py for tasks to queue
[2025-01-07T06:02:56.031+0000] {logging_mixin.py:190} INFO - [2025-01-07T06:02:56.031+0000] {dagbag.py:588} INFO - Filling up the DagBag from /home/airflow/.local/lib/python3.12/site-packages/airflow/example_dags/example_latest_only_with_trigger.py
[2025-01-07T06:02:56.043+0000] {processor.py:925} INFO - DAG(s) 'latest_only_with_trigger' retrieved from /home/airflow/.local/lib/python3.12/site-packages/airflow/example_dags/example_latest_only_with_trigger.py
[2025-01-07T06:02:56.073+0000] {logging_mixin.py:190} INFO - [2025-01-07T06:02:56.072+0000] {dag.py:3239} INFO - Sync 1 DAGs
[2025-01-07T06:02:56.103+0000] {logging_mixin.py:190} INFO - [2025-01-07T06:02:56.103+0000] {dag.py:4180} INFO - Setting next_dagrun for latest_only_with_trigger to 2025-01-07 00:00:00+00:00, run_after=2025-01-07 04:00:00+00:00
[2025-01-07T06:02:56.129+0000] {processor.py:208} INFO - Processing /home/airflow/.local/lib/python3.12/site-packages/airflow/example_dags/example_latest_only_with_trigger.py took 0.110 seconds
[2025-01-07T06:03:26.884+0000] {processor.py:186} INFO - Started process (PID=785) to work on /home/airflow/.local/lib/python3.12/site-packages/airflow/example_dags/example_latest_only_with_trigger.py
[2025-01-07T06:03:26.886+0000] {processor.py:914} INFO - Processing file /home/airflow/.local/lib/python3.12/site-packages/airflow/example_dags/example_latest_only_with_trigger.py for tasks to queue
[2025-01-07T06:03:26.893+0000] {logging_mixin.py:190} INFO - [2025-01-07T06:03:26.893+0000] {dagbag.py:588} INFO - Filling up the DagBag from /home/airflow/.local/lib/python3.12/site-packages/airflow/example_dags/example_latest_only_with_trigger.py
[2025-01-07T06:03:26.908+0000] {processor.py:925} INFO - DAG(s) 'latest_only_with_trigger' retrieved from /home/airflow/.local/lib/python3.12/site-packages/airflow/example_dags/example_latest_only_with_trigger.py
[2025-01-07T06:03:26.949+0000] {logging_mixin.py:190} INFO - [2025-01-07T06:03:26.949+0000] {dag.py:3239} INFO - Sync 1 DAGs
[2025-01-07T06:03:26.994+0000] {logging_mixin.py:190} INFO - [2025-01-07T06:03:26.994+0000] {dag.py:4180} INFO - Setting next_dagrun for latest_only_with_trigger to 2025-01-07 00:00:00+00:00, run_after=2025-01-07 04:00:00+00:00
[2025-01-07T06:03:27.029+0000] {processor.py:208} INFO - Processing /home/airflow/.local/lib/python3.12/site-packages/airflow/example_dags/example_latest_only_with_trigger.py took 0.156 seconds
