[2024-12-24T07:28:59.718+0000] {processor.py:186} INFO - Started process (PID=62) to work on /home/airflow/.local/lib/python3.12/site-packages/airflow/example_dags/example_trigger_target_dag.py
[2024-12-24T07:28:59.721+0000] {processor.py:914} INFO - Processing file /home/airflow/.local/lib/python3.12/site-packages/airflow/example_dags/example_trigger_target_dag.py for tasks to queue
[2024-12-24T07:28:59.727+0000] {logging_mixin.py:190} INFO - [2024-12-24T07:28:59.726+0000] {dagbag.py:588} INFO - Filling up the DagBag from /home/airflow/.local/lib/python3.12/site-packages/airflow/example_dags/example_trigger_target_dag.py
[2024-12-24T07:28:59.741+0000] {processor.py:925} INFO - DAG(s) 'example_trigger_target_dag' retrieved from /home/airflow/.local/lib/python3.12/site-packages/airflow/example_dags/example_trigger_target_dag.py
[2024-12-24T07:28:59.899+0000] {logging_mixin.py:190} INFO - [2024-12-24T07:28:59.898+0000] {override.py:1911} INFO - Created Permission View: can read on DAG:example_trigger_target_dag
[2024-12-24T07:28:59.917+0000] {logging_mixin.py:190} INFO - [2024-12-24T07:28:59.917+0000] {override.py:1911} INFO - Created Permission View: can edit on DAG:example_trigger_target_dag
[2024-12-24T07:28:59.930+0000] {logging_mixin.py:190} INFO - [2024-12-24T07:28:59.929+0000] {override.py:1911} INFO - Created Permission View: can delete on DAG:example_trigger_target_dag
[2024-12-24T07:28:59.944+0000] {logging_mixin.py:190} INFO - [2024-12-24T07:28:59.943+0000] {override.py:1911} INFO - Created Permission View: can read on DAG Run:example_trigger_target_dag
[2024-12-24T07:28:59.955+0000] {logging_mixin.py:190} INFO - [2024-12-24T07:28:59.954+0000] {override.py:1911} INFO - Created Permission View: can create on DAG Run:example_trigger_target_dag
[2024-12-24T07:28:59.966+0000] {logging_mixin.py:190} INFO - [2024-12-24T07:28:59.966+0000] {override.py:1911} INFO - Created Permission View: can delete on DAG Run:example_trigger_target_dag
[2024-12-24T07:28:59.980+0000] {logging_mixin.py:190} INFO - [2024-12-24T07:28:59.979+0000] {override.py:1911} INFO - Created Permission View: menu access on DAG Run:example_trigger_target_dag
[2024-12-24T07:28:59.982+0000] {logging_mixin.py:190} INFO - [2024-12-24T07:28:59.981+0000] {dag.py:3239} INFO - Sync 1 DAGs
[2024-12-24T07:29:00.000+0000] {logging_mixin.py:190} INFO - [2024-12-24T07:28:59.999+0000] {dag.py:3262} INFO - Creating ORM DAG for example_trigger_target_dag
[2024-12-24T07:29:00.002+0000] {logging_mixin.py:190} INFO - [2024-12-24T07:29:00.001+0000] {dag.py:4180} INFO - Setting next_dagrun for example_trigger_target_dag to None, run_after=None
[2024-12-24T07:29:00.029+0000] {processor.py:208} INFO - Processing /home/airflow/.local/lib/python3.12/site-packages/airflow/example_dags/example_trigger_target_dag.py took 0.322 seconds
[2024-12-24T07:29:30.220+0000] {processor.py:186} INFO - Started process (PID=127) to work on /home/airflow/.local/lib/python3.12/site-packages/airflow/example_dags/example_trigger_target_dag.py
[2024-12-24T07:29:30.222+0000] {processor.py:914} INFO - Processing file /home/airflow/.local/lib/python3.12/site-packages/airflow/example_dags/example_trigger_target_dag.py for tasks to queue
[2024-12-24T07:29:30.226+0000] {logging_mixin.py:190} INFO - [2024-12-24T07:29:30.225+0000] {dagbag.py:588} INFO - Filling up the DagBag from /home/airflow/.local/lib/python3.12/site-packages/airflow/example_dags/example_trigger_target_dag.py
[2024-12-24T07:29:30.238+0000] {processor.py:925} INFO - DAG(s) 'example_trigger_target_dag' retrieved from /home/airflow/.local/lib/python3.12/site-packages/airflow/example_dags/example_trigger_target_dag.py
[2024-12-24T07:29:30.274+0000] {logging_mixin.py:190} INFO - [2024-12-24T07:29:30.274+0000] {dag.py:3239} INFO - Sync 1 DAGs
[2024-12-24T07:29:30.293+0000] {logging_mixin.py:190} INFO - [2024-12-24T07:29:30.293+0000] {dag.py:4180} INFO - Setting next_dagrun for example_trigger_target_dag to None, run_after=None
[2024-12-24T07:29:30.332+0000] {processor.py:208} INFO - Processing /home/airflow/.local/lib/python3.12/site-packages/airflow/example_dags/example_trigger_target_dag.py took 0.118 seconds
[2024-12-24T07:30:01.372+0000] {processor.py:186} INFO - Started process (PID=194) to work on /home/airflow/.local/lib/python3.12/site-packages/airflow/example_dags/example_trigger_target_dag.py
[2024-12-24T07:30:01.376+0000] {processor.py:914} INFO - Processing file /home/airflow/.local/lib/python3.12/site-packages/airflow/example_dags/example_trigger_target_dag.py for tasks to queue
[2024-12-24T07:30:01.382+0000] {logging_mixin.py:190} INFO - [2024-12-24T07:30:01.381+0000] {dagbag.py:588} INFO - Filling up the DagBag from /home/airflow/.local/lib/python3.12/site-packages/airflow/example_dags/example_trigger_target_dag.py
[2024-12-24T07:30:01.403+0000] {processor.py:925} INFO - DAG(s) 'example_trigger_target_dag' retrieved from /home/airflow/.local/lib/python3.12/site-packages/airflow/example_dags/example_trigger_target_dag.py
[2024-12-24T07:30:01.458+0000] {logging_mixin.py:190} INFO - [2024-12-24T07:30:01.458+0000] {dag.py:3239} INFO - Sync 1 DAGs
[2024-12-24T07:30:01.494+0000] {logging_mixin.py:190} INFO - [2024-12-24T07:30:01.494+0000] {dag.py:4180} INFO - Setting next_dagrun for example_trigger_target_dag to None, run_after=None
[2024-12-24T07:30:01.539+0000] {processor.py:208} INFO - Processing /home/airflow/.local/lib/python3.12/site-packages/airflow/example_dags/example_trigger_target_dag.py took 0.179 seconds
[2024-12-24T07:30:32.568+0000] {processor.py:186} INFO - Started process (PID=260) to work on /home/airflow/.local/lib/python3.12/site-packages/airflow/example_dags/example_trigger_target_dag.py
[2024-12-24T07:30:32.572+0000] {processor.py:914} INFO - Processing file /home/airflow/.local/lib/python3.12/site-packages/airflow/example_dags/example_trigger_target_dag.py for tasks to queue
[2024-12-24T07:30:32.577+0000] {logging_mixin.py:190} INFO - [2024-12-24T07:30:32.576+0000] {dagbag.py:588} INFO - Filling up the DagBag from /home/airflow/.local/lib/python3.12/site-packages/airflow/example_dags/example_trigger_target_dag.py
[2024-12-24T07:30:32.598+0000] {processor.py:925} INFO - DAG(s) 'example_trigger_target_dag' retrieved from /home/airflow/.local/lib/python3.12/site-packages/airflow/example_dags/example_trigger_target_dag.py
[2024-12-24T07:30:32.643+0000] {logging_mixin.py:190} INFO - [2024-12-24T07:30:32.642+0000] {dag.py:3239} INFO - Sync 1 DAGs
[2024-12-24T07:30:32.684+0000] {logging_mixin.py:190} INFO - [2024-12-24T07:30:32.683+0000] {dag.py:4180} INFO - Setting next_dagrun for example_trigger_target_dag to None, run_after=None
[2024-12-24T07:30:32.728+0000] {processor.py:208} INFO - Processing /home/airflow/.local/lib/python3.12/site-packages/airflow/example_dags/example_trigger_target_dag.py took 0.172 seconds
[2024-12-24T07:31:04.535+0000] {processor.py:186} INFO - Started process (PID=326) to work on /home/airflow/.local/lib/python3.12/site-packages/airflow/example_dags/example_trigger_target_dag.py
[2024-12-24T07:31:04.541+0000] {processor.py:914} INFO - Processing file /home/airflow/.local/lib/python3.12/site-packages/airflow/example_dags/example_trigger_target_dag.py for tasks to queue
[2024-12-24T07:31:04.553+0000] {logging_mixin.py:190} INFO - [2024-12-24T07:31:04.551+0000] {dagbag.py:588} INFO - Filling up the DagBag from /home/airflow/.local/lib/python3.12/site-packages/airflow/example_dags/example_trigger_target_dag.py
[2024-12-24T07:31:04.680+0000] {processor.py:925} INFO - DAG(s) 'example_trigger_target_dag' retrieved from /home/airflow/.local/lib/python3.12/site-packages/airflow/example_dags/example_trigger_target_dag.py
[2024-12-24T07:31:04.768+0000] {logging_mixin.py:190} INFO - [2024-12-24T07:31:04.768+0000] {dag.py:3239} INFO - Sync 1 DAGs
[2024-12-24T07:31:04.833+0000] {logging_mixin.py:190} INFO - [2024-12-24T07:31:04.830+0000] {dag.py:4180} INFO - Setting next_dagrun for example_trigger_target_dag to None, run_after=None
[2024-12-24T07:31:04.888+0000] {processor.py:208} INFO - Processing /home/airflow/.local/lib/python3.12/site-packages/airflow/example_dags/example_trigger_target_dag.py took 0.409 seconds
[2024-12-24T07:31:35.828+0000] {processor.py:186} INFO - Started process (PID=391) to work on /home/airflow/.local/lib/python3.12/site-packages/airflow/example_dags/example_trigger_target_dag.py
[2024-12-24T07:31:35.832+0000] {processor.py:914} INFO - Processing file /home/airflow/.local/lib/python3.12/site-packages/airflow/example_dags/example_trigger_target_dag.py for tasks to queue
[2024-12-24T07:31:35.838+0000] {logging_mixin.py:190} INFO - [2024-12-24T07:31:35.838+0000] {dagbag.py:588} INFO - Filling up the DagBag from /home/airflow/.local/lib/python3.12/site-packages/airflow/example_dags/example_trigger_target_dag.py
[2024-12-24T07:31:35.859+0000] {processor.py:925} INFO - DAG(s) 'example_trigger_target_dag' retrieved from /home/airflow/.local/lib/python3.12/site-packages/airflow/example_dags/example_trigger_target_dag.py
[2024-12-24T07:31:35.908+0000] {logging_mixin.py:190} INFO - [2024-12-24T07:31:35.907+0000] {dag.py:3239} INFO - Sync 1 DAGs
[2024-12-24T07:31:35.940+0000] {logging_mixin.py:190} INFO - [2024-12-24T07:31:35.940+0000] {dag.py:4180} INFO - Setting next_dagrun for example_trigger_target_dag to None, run_after=None
[2024-12-24T07:31:35.989+0000] {processor.py:208} INFO - Processing /home/airflow/.local/lib/python3.12/site-packages/airflow/example_dags/example_trigger_target_dag.py took 0.175 seconds
[2024-12-24T07:32:06.050+0000] {processor.py:186} INFO - Started process (PID=456) to work on /home/airflow/.local/lib/python3.12/site-packages/airflow/example_dags/example_trigger_target_dag.py
[2024-12-24T07:32:06.052+0000] {processor.py:914} INFO - Processing file /home/airflow/.local/lib/python3.12/site-packages/airflow/example_dags/example_trigger_target_dag.py for tasks to queue
[2024-12-24T07:32:06.064+0000] {logging_mixin.py:190} INFO - [2024-12-24T07:32:06.063+0000] {dagbag.py:588} INFO - Filling up the DagBag from /home/airflow/.local/lib/python3.12/site-packages/airflow/example_dags/example_trigger_target_dag.py
[2024-12-24T07:32:06.109+0000] {processor.py:925} INFO - DAG(s) 'example_trigger_target_dag' retrieved from /home/airflow/.local/lib/python3.12/site-packages/airflow/example_dags/example_trigger_target_dag.py
[2024-12-24T07:32:06.163+0000] {logging_mixin.py:190} INFO - [2024-12-24T07:32:06.163+0000] {dag.py:3239} INFO - Sync 1 DAGs
[2024-12-24T07:32:06.193+0000] {logging_mixin.py:190} INFO - [2024-12-24T07:32:06.193+0000] {dag.py:4180} INFO - Setting next_dagrun for example_trigger_target_dag to None, run_after=None
[2024-12-24T07:32:06.231+0000] {processor.py:208} INFO - Processing /home/airflow/.local/lib/python3.12/site-packages/airflow/example_dags/example_trigger_target_dag.py took 0.193 seconds
[2024-12-24T07:32:36.675+0000] {processor.py:186} INFO - Started process (PID=522) to work on /home/airflow/.local/lib/python3.12/site-packages/airflow/example_dags/example_trigger_target_dag.py
[2024-12-24T07:32:36.677+0000] {processor.py:914} INFO - Processing file /home/airflow/.local/lib/python3.12/site-packages/airflow/example_dags/example_trigger_target_dag.py for tasks to queue
[2024-12-24T07:32:36.682+0000] {logging_mixin.py:190} INFO - [2024-12-24T07:32:36.681+0000] {dagbag.py:588} INFO - Filling up the DagBag from /home/airflow/.local/lib/python3.12/site-packages/airflow/example_dags/example_trigger_target_dag.py
[2024-12-24T07:32:36.702+0000] {processor.py:925} INFO - DAG(s) 'example_trigger_target_dag' retrieved from /home/airflow/.local/lib/python3.12/site-packages/airflow/example_dags/example_trigger_target_dag.py
[2024-12-24T07:32:36.743+0000] {logging_mixin.py:190} INFO - [2024-12-24T07:32:36.742+0000] {dag.py:3239} INFO - Sync 1 DAGs
[2024-12-24T07:32:36.763+0000] {logging_mixin.py:190} INFO - [2024-12-24T07:32:36.763+0000] {dag.py:4180} INFO - Setting next_dagrun for example_trigger_target_dag to None, run_after=None
[2024-12-24T07:32:36.794+0000] {processor.py:208} INFO - Processing /home/airflow/.local/lib/python3.12/site-packages/airflow/example_dags/example_trigger_target_dag.py took 0.129 seconds
[2024-12-24T07:33:07.583+0000] {processor.py:186} INFO - Started process (PID=588) to work on /home/airflow/.local/lib/python3.12/site-packages/airflow/example_dags/example_trigger_target_dag.py
[2024-12-24T07:33:07.585+0000] {processor.py:914} INFO - Processing file /home/airflow/.local/lib/python3.12/site-packages/airflow/example_dags/example_trigger_target_dag.py for tasks to queue
[2024-12-24T07:33:07.589+0000] {logging_mixin.py:190} INFO - [2024-12-24T07:33:07.589+0000] {dagbag.py:588} INFO - Filling up the DagBag from /home/airflow/.local/lib/python3.12/site-packages/airflow/example_dags/example_trigger_target_dag.py
[2024-12-24T07:33:07.601+0000] {processor.py:925} INFO - DAG(s) 'example_trigger_target_dag' retrieved from /home/airflow/.local/lib/python3.12/site-packages/airflow/example_dags/example_trigger_target_dag.py
[2024-12-24T07:33:07.640+0000] {logging_mixin.py:190} INFO - [2024-12-24T07:33:07.639+0000] {dag.py:3239} INFO - Sync 1 DAGs
[2024-12-24T07:33:07.661+0000] {logging_mixin.py:190} INFO - [2024-12-24T07:33:07.661+0000] {dag.py:4180} INFO - Setting next_dagrun for example_trigger_target_dag to None, run_after=None
[2024-12-24T07:33:07.693+0000] {processor.py:208} INFO - Processing /home/airflow/.local/lib/python3.12/site-packages/airflow/example_dags/example_trigger_target_dag.py took 0.118 seconds
[2024-12-24T07:33:37.784+0000] {processor.py:186} INFO - Started process (PID=654) to work on /home/airflow/.local/lib/python3.12/site-packages/airflow/example_dags/example_trigger_target_dag.py
[2024-12-24T07:33:37.786+0000] {processor.py:914} INFO - Processing file /home/airflow/.local/lib/python3.12/site-packages/airflow/example_dags/example_trigger_target_dag.py for tasks to queue
[2024-12-24T07:33:37.794+0000] {logging_mixin.py:190} INFO - [2024-12-24T07:33:37.794+0000] {dagbag.py:588} INFO - Filling up the DagBag from /home/airflow/.local/lib/python3.12/site-packages/airflow/example_dags/example_trigger_target_dag.py
[2024-12-24T07:33:37.814+0000] {processor.py:925} INFO - DAG(s) 'example_trigger_target_dag' retrieved from /home/airflow/.local/lib/python3.12/site-packages/airflow/example_dags/example_trigger_target_dag.py
[2024-12-24T07:33:37.860+0000] {logging_mixin.py:190} INFO - [2024-12-24T07:33:37.859+0000] {dag.py:3239} INFO - Sync 1 DAGs
[2024-12-24T07:33:37.893+0000] {logging_mixin.py:190} INFO - [2024-12-24T07:33:37.892+0000] {dag.py:4180} INFO - Setting next_dagrun for example_trigger_target_dag to None, run_after=None
[2024-12-24T07:33:37.935+0000] {processor.py:208} INFO - Processing /home/airflow/.local/lib/python3.12/site-packages/airflow/example_dags/example_trigger_target_dag.py took 0.160 seconds
[2024-12-24T07:34:08.014+0000] {processor.py:186} INFO - Started process (PID=720) to work on /home/airflow/.local/lib/python3.12/site-packages/airflow/example_dags/example_trigger_target_dag.py
[2024-12-24T07:34:08.016+0000] {processor.py:914} INFO - Processing file /home/airflow/.local/lib/python3.12/site-packages/airflow/example_dags/example_trigger_target_dag.py for tasks to queue
[2024-12-24T07:34:08.021+0000] {logging_mixin.py:190} INFO - [2024-12-24T07:34:08.020+0000] {dagbag.py:588} INFO - Filling up the DagBag from /home/airflow/.local/lib/python3.12/site-packages/airflow/example_dags/example_trigger_target_dag.py
[2024-12-24T07:34:08.037+0000] {processor.py:925} INFO - DAG(s) 'example_trigger_target_dag' retrieved from /home/airflow/.local/lib/python3.12/site-packages/airflow/example_dags/example_trigger_target_dag.py
[2024-12-24T07:34:08.068+0000] {logging_mixin.py:190} INFO - [2024-12-24T07:34:08.067+0000] {dag.py:3239} INFO - Sync 1 DAGs
[2024-12-24T07:34:08.088+0000] {logging_mixin.py:190} INFO - [2024-12-24T07:34:08.088+0000] {dag.py:4180} INFO - Setting next_dagrun for example_trigger_target_dag to None, run_after=None
[2024-12-24T07:34:08.124+0000] {processor.py:208} INFO - Processing /home/airflow/.local/lib/python3.12/site-packages/airflow/example_dags/example_trigger_target_dag.py took 0.123 seconds
[2024-12-24T07:34:38.627+0000] {processor.py:186} INFO - Started process (PID=787) to work on /home/airflow/.local/lib/python3.12/site-packages/airflow/example_dags/example_trigger_target_dag.py
[2024-12-24T07:34:38.630+0000] {processor.py:914} INFO - Processing file /home/airflow/.local/lib/python3.12/site-packages/airflow/example_dags/example_trigger_target_dag.py for tasks to queue
[2024-12-24T07:34:38.634+0000] {logging_mixin.py:190} INFO - [2024-12-24T07:34:38.633+0000] {dagbag.py:588} INFO - Filling up the DagBag from /home/airflow/.local/lib/python3.12/site-packages/airflow/example_dags/example_trigger_target_dag.py
[2024-12-24T07:34:38.645+0000] {processor.py:925} INFO - DAG(s) 'example_trigger_target_dag' retrieved from /home/airflow/.local/lib/python3.12/site-packages/airflow/example_dags/example_trigger_target_dag.py
[2024-12-24T07:34:38.672+0000] {logging_mixin.py:190} INFO - [2024-12-24T07:34:38.672+0000] {dag.py:3239} INFO - Sync 1 DAGs
[2024-12-24T07:34:38.689+0000] {logging_mixin.py:190} INFO - [2024-12-24T07:34:38.689+0000] {dag.py:4180} INFO - Setting next_dagrun for example_trigger_target_dag to None, run_after=None
[2024-12-24T07:34:38.716+0000] {processor.py:208} INFO - Processing /home/airflow/.local/lib/python3.12/site-packages/airflow/example_dags/example_trigger_target_dag.py took 0.097 seconds
[2024-12-24T07:35:09.089+0000] {processor.py:186} INFO - Started process (PID=853) to work on /home/airflow/.local/lib/python3.12/site-packages/airflow/example_dags/example_trigger_target_dag.py
[2024-12-24T07:35:09.091+0000] {processor.py:914} INFO - Processing file /home/airflow/.local/lib/python3.12/site-packages/airflow/example_dags/example_trigger_target_dag.py for tasks to queue
[2024-12-24T07:35:09.095+0000] {logging_mixin.py:190} INFO - [2024-12-24T07:35:09.094+0000] {dagbag.py:588} INFO - Filling up the DagBag from /home/airflow/.local/lib/python3.12/site-packages/airflow/example_dags/example_trigger_target_dag.py
[2024-12-24T07:35:09.107+0000] {processor.py:925} INFO - DAG(s) 'example_trigger_target_dag' retrieved from /home/airflow/.local/lib/python3.12/site-packages/airflow/example_dags/example_trigger_target_dag.py
[2024-12-24T07:35:09.136+0000] {logging_mixin.py:190} INFO - [2024-12-24T07:35:09.136+0000] {dag.py:3239} INFO - Sync 1 DAGs
[2024-12-24T07:35:09.156+0000] {logging_mixin.py:190} INFO - [2024-12-24T07:35:09.155+0000] {dag.py:4180} INFO - Setting next_dagrun for example_trigger_target_dag to None, run_after=None
[2024-12-24T07:35:09.180+0000] {processor.py:208} INFO - Processing /home/airflow/.local/lib/python3.12/site-packages/airflow/example_dags/example_trigger_target_dag.py took 0.098 seconds
[2024-12-24T07:35:40.137+0000] {processor.py:186} INFO - Started process (PID=919) to work on /home/airflow/.local/lib/python3.12/site-packages/airflow/example_dags/example_trigger_target_dag.py
[2024-12-24T07:35:40.139+0000] {processor.py:914} INFO - Processing file /home/airflow/.local/lib/python3.12/site-packages/airflow/example_dags/example_trigger_target_dag.py for tasks to queue
[2024-12-24T07:35:40.144+0000] {logging_mixin.py:190} INFO - [2024-12-24T07:35:40.144+0000] {dagbag.py:588} INFO - Filling up the DagBag from /home/airflow/.local/lib/python3.12/site-packages/airflow/example_dags/example_trigger_target_dag.py
[2024-12-24T07:35:40.163+0000] {processor.py:925} INFO - DAG(s) 'example_trigger_target_dag' retrieved from /home/airflow/.local/lib/python3.12/site-packages/airflow/example_dags/example_trigger_target_dag.py
[2024-12-24T07:35:40.200+0000] {logging_mixin.py:190} INFO - [2024-12-24T07:35:40.199+0000] {dag.py:3239} INFO - Sync 1 DAGs
[2024-12-24T07:35:40.224+0000] {logging_mixin.py:190} INFO - [2024-12-24T07:35:40.224+0000] {dag.py:4180} INFO - Setting next_dagrun for example_trigger_target_dag to None, run_after=None
[2024-12-24T07:35:40.255+0000] {processor.py:208} INFO - Processing /home/airflow/.local/lib/python3.12/site-packages/airflow/example_dags/example_trigger_target_dag.py took 0.126 seconds
[2024-12-24T07:36:10.962+0000] {processor.py:186} INFO - Started process (PID=985) to work on /home/airflow/.local/lib/python3.12/site-packages/airflow/example_dags/example_trigger_target_dag.py
[2024-12-24T07:36:10.963+0000] {processor.py:914} INFO - Processing file /home/airflow/.local/lib/python3.12/site-packages/airflow/example_dags/example_trigger_target_dag.py for tasks to queue
[2024-12-24T07:36:10.970+0000] {logging_mixin.py:190} INFO - [2024-12-24T07:36:10.969+0000] {dagbag.py:588} INFO - Filling up the DagBag from /home/airflow/.local/lib/python3.12/site-packages/airflow/example_dags/example_trigger_target_dag.py
[2024-12-24T07:36:10.986+0000] {processor.py:925} INFO - DAG(s) 'example_trigger_target_dag' retrieved from /home/airflow/.local/lib/python3.12/site-packages/airflow/example_dags/example_trigger_target_dag.py
[2024-12-24T07:36:11.024+0000] {logging_mixin.py:190} INFO - [2024-12-24T07:36:11.023+0000] {dag.py:3239} INFO - Sync 1 DAGs
[2024-12-24T07:36:11.052+0000] {logging_mixin.py:190} INFO - [2024-12-24T07:36:11.051+0000] {dag.py:4180} INFO - Setting next_dagrun for example_trigger_target_dag to None, run_after=None
[2024-12-24T07:36:11.079+0000] {processor.py:208} INFO - Processing /home/airflow/.local/lib/python3.12/site-packages/airflow/example_dags/example_trigger_target_dag.py took 0.126 seconds
[2024-12-24T07:36:41.937+0000] {processor.py:186} INFO - Started process (PID=1051) to work on /home/airflow/.local/lib/python3.12/site-packages/airflow/example_dags/example_trigger_target_dag.py
[2024-12-24T07:36:41.938+0000] {processor.py:914} INFO - Processing file /home/airflow/.local/lib/python3.12/site-packages/airflow/example_dags/example_trigger_target_dag.py for tasks to queue
[2024-12-24T07:36:41.942+0000] {logging_mixin.py:190} INFO - [2024-12-24T07:36:41.941+0000] {dagbag.py:588} INFO - Filling up the DagBag from /home/airflow/.local/lib/python3.12/site-packages/airflow/example_dags/example_trigger_target_dag.py
[2024-12-24T07:36:41.954+0000] {processor.py:925} INFO - DAG(s) 'example_trigger_target_dag' retrieved from /home/airflow/.local/lib/python3.12/site-packages/airflow/example_dags/example_trigger_target_dag.py
[2024-12-24T07:36:41.982+0000] {logging_mixin.py:190} INFO - [2024-12-24T07:36:41.982+0000] {dag.py:3239} INFO - Sync 1 DAGs
[2024-12-24T07:36:42.003+0000] {logging_mixin.py:190} INFO - [2024-12-24T07:36:42.003+0000] {dag.py:4180} INFO - Setting next_dagrun for example_trigger_target_dag to None, run_after=None
[2024-12-24T07:36:42.028+0000] {processor.py:208} INFO - Processing /home/airflow/.local/lib/python3.12/site-packages/airflow/example_dags/example_trigger_target_dag.py took 0.098 seconds
[2024-12-24T07:37:12.867+0000] {processor.py:186} INFO - Started process (PID=1117) to work on /home/airflow/.local/lib/python3.12/site-packages/airflow/example_dags/example_trigger_target_dag.py
[2024-12-24T07:37:12.869+0000] {processor.py:914} INFO - Processing file /home/airflow/.local/lib/python3.12/site-packages/airflow/example_dags/example_trigger_target_dag.py for tasks to queue
[2024-12-24T07:37:12.874+0000] {logging_mixin.py:190} INFO - [2024-12-24T07:37:12.873+0000] {dagbag.py:588} INFO - Filling up the DagBag from /home/airflow/.local/lib/python3.12/site-packages/airflow/example_dags/example_trigger_target_dag.py
[2024-12-24T07:37:12.890+0000] {processor.py:925} INFO - DAG(s) 'example_trigger_target_dag' retrieved from /home/airflow/.local/lib/python3.12/site-packages/airflow/example_dags/example_trigger_target_dag.py
[2024-12-24T07:37:12.938+0000] {logging_mixin.py:190} INFO - [2024-12-24T07:37:12.938+0000] {dag.py:3239} INFO - Sync 1 DAGs
[2024-12-24T07:37:12.958+0000] {logging_mixin.py:190} INFO - [2024-12-24T07:37:12.958+0000] {dag.py:4180} INFO - Setting next_dagrun for example_trigger_target_dag to None, run_after=None
[2024-12-24T07:37:12.993+0000] {processor.py:208} INFO - Processing /home/airflow/.local/lib/python3.12/site-packages/airflow/example_dags/example_trigger_target_dag.py took 0.140 seconds
[2024-12-24T07:37:43.127+0000] {processor.py:186} INFO - Started process (PID=1183) to work on /home/airflow/.local/lib/python3.12/site-packages/airflow/example_dags/example_trigger_target_dag.py
[2024-12-24T07:37:43.129+0000] {processor.py:914} INFO - Processing file /home/airflow/.local/lib/python3.12/site-packages/airflow/example_dags/example_trigger_target_dag.py for tasks to queue
[2024-12-24T07:37:43.134+0000] {logging_mixin.py:190} INFO - [2024-12-24T07:37:43.133+0000] {dagbag.py:588} INFO - Filling up the DagBag from /home/airflow/.local/lib/python3.12/site-packages/airflow/example_dags/example_trigger_target_dag.py
[2024-12-24T07:37:43.146+0000] {processor.py:925} INFO - DAG(s) 'example_trigger_target_dag' retrieved from /home/airflow/.local/lib/python3.12/site-packages/airflow/example_dags/example_trigger_target_dag.py
[2024-12-24T07:37:43.176+0000] {logging_mixin.py:190} INFO - [2024-12-24T07:37:43.176+0000] {dag.py:3239} INFO - Sync 1 DAGs
[2024-12-24T07:37:43.195+0000] {logging_mixin.py:190} INFO - [2024-12-24T07:37:43.194+0000] {dag.py:4180} INFO - Setting next_dagrun for example_trigger_target_dag to None, run_after=None
[2024-12-24T07:37:43.226+0000] {processor.py:208} INFO - Processing /home/airflow/.local/lib/python3.12/site-packages/airflow/example_dags/example_trigger_target_dag.py took 0.108 seconds
[2024-12-24T07:38:13.867+0000] {processor.py:186} INFO - Started process (PID=1249) to work on /home/airflow/.local/lib/python3.12/site-packages/airflow/example_dags/example_trigger_target_dag.py
[2024-12-24T07:38:13.869+0000] {processor.py:914} INFO - Processing file /home/airflow/.local/lib/python3.12/site-packages/airflow/example_dags/example_trigger_target_dag.py for tasks to queue
[2024-12-24T07:38:13.875+0000] {logging_mixin.py:190} INFO - [2024-12-24T07:38:13.874+0000] {dagbag.py:588} INFO - Filling up the DagBag from /home/airflow/.local/lib/python3.12/site-packages/airflow/example_dags/example_trigger_target_dag.py
[2024-12-24T07:38:13.895+0000] {processor.py:925} INFO - DAG(s) 'example_trigger_target_dag' retrieved from /home/airflow/.local/lib/python3.12/site-packages/airflow/example_dags/example_trigger_target_dag.py
[2024-12-24T07:38:13.939+0000] {logging_mixin.py:190} INFO - [2024-12-24T07:38:13.938+0000] {dag.py:3239} INFO - Sync 1 DAGs
[2024-12-24T07:38:13.970+0000] {logging_mixin.py:190} INFO - [2024-12-24T07:38:13.970+0000] {dag.py:4180} INFO - Setting next_dagrun for example_trigger_target_dag to None, run_after=None
[2024-12-24T07:38:14.009+0000] {processor.py:208} INFO - Processing /home/airflow/.local/lib/python3.12/site-packages/airflow/example_dags/example_trigger_target_dag.py took 0.155 seconds
[2024-12-24T07:38:44.628+0000] {processor.py:186} INFO - Started process (PID=1313) to work on /home/airflow/.local/lib/python3.12/site-packages/airflow/example_dags/example_trigger_target_dag.py
[2024-12-24T07:38:44.634+0000] {processor.py:914} INFO - Processing file /home/airflow/.local/lib/python3.12/site-packages/airflow/example_dags/example_trigger_target_dag.py for tasks to queue
[2024-12-24T07:38:44.644+0000] {logging_mixin.py:190} INFO - [2024-12-24T07:38:44.643+0000] {dagbag.py:588} INFO - Filling up the DagBag from /home/airflow/.local/lib/python3.12/site-packages/airflow/example_dags/example_trigger_target_dag.py
[2024-12-24T07:38:44.665+0000] {processor.py:925} INFO - DAG(s) 'example_trigger_target_dag' retrieved from /home/airflow/.local/lib/python3.12/site-packages/airflow/example_dags/example_trigger_target_dag.py
[2024-12-24T07:38:44.718+0000] {logging_mixin.py:190} INFO - [2024-12-24T07:38:44.717+0000] {dag.py:3239} INFO - Sync 1 DAGs
[2024-12-24T07:38:44.746+0000] {logging_mixin.py:190} INFO - [2024-12-24T07:38:44.745+0000] {dag.py:4180} INFO - Setting next_dagrun for example_trigger_target_dag to None, run_after=None
[2024-12-24T07:38:44.785+0000] {processor.py:208} INFO - Processing /home/airflow/.local/lib/python3.12/site-packages/airflow/example_dags/example_trigger_target_dag.py took 0.189 seconds
[2024-12-24T07:39:15.182+0000] {processor.py:186} INFO - Started process (PID=1379) to work on /home/airflow/.local/lib/python3.12/site-packages/airflow/example_dags/example_trigger_target_dag.py
[2024-12-24T07:39:15.184+0000] {processor.py:914} INFO - Processing file /home/airflow/.local/lib/python3.12/site-packages/airflow/example_dags/example_trigger_target_dag.py for tasks to queue
[2024-12-24T07:39:15.188+0000] {logging_mixin.py:190} INFO - [2024-12-24T07:39:15.188+0000] {dagbag.py:588} INFO - Filling up the DagBag from /home/airflow/.local/lib/python3.12/site-packages/airflow/example_dags/example_trigger_target_dag.py
[2024-12-24T07:39:15.213+0000] {processor.py:925} INFO - DAG(s) 'example_trigger_target_dag' retrieved from /home/airflow/.local/lib/python3.12/site-packages/airflow/example_dags/example_trigger_target_dag.py
[2024-12-24T07:39:15.277+0000] {logging_mixin.py:190} INFO - [2024-12-24T07:39:15.277+0000] {dag.py:3239} INFO - Sync 1 DAGs
[2024-12-24T07:39:15.304+0000] {logging_mixin.py:190} INFO - [2024-12-24T07:39:15.303+0000] {dag.py:4180} INFO - Setting next_dagrun for example_trigger_target_dag to None, run_after=None
[2024-12-24T07:39:15.348+0000] {processor.py:208} INFO - Processing /home/airflow/.local/lib/python3.12/site-packages/airflow/example_dags/example_trigger_target_dag.py took 0.175 seconds
[2024-12-24T07:39:45.633+0000] {processor.py:186} INFO - Started process (PID=1445) to work on /home/airflow/.local/lib/python3.12/site-packages/airflow/example_dags/example_trigger_target_dag.py
[2024-12-24T07:39:45.635+0000] {processor.py:914} INFO - Processing file /home/airflow/.local/lib/python3.12/site-packages/airflow/example_dags/example_trigger_target_dag.py for tasks to queue
[2024-12-24T07:39:45.639+0000] {logging_mixin.py:190} INFO - [2024-12-24T07:39:45.638+0000] {dagbag.py:588} INFO - Filling up the DagBag from /home/airflow/.local/lib/python3.12/site-packages/airflow/example_dags/example_trigger_target_dag.py
[2024-12-24T07:39:45.654+0000] {processor.py:925} INFO - DAG(s) 'example_trigger_target_dag' retrieved from /home/airflow/.local/lib/python3.12/site-packages/airflow/example_dags/example_trigger_target_dag.py
[2024-12-24T07:39:45.686+0000] {logging_mixin.py:190} INFO - [2024-12-24T07:39:45.686+0000] {dag.py:3239} INFO - Sync 1 DAGs
[2024-12-24T07:39:45.704+0000] {logging_mixin.py:190} INFO - [2024-12-24T07:39:45.704+0000] {dag.py:4180} INFO - Setting next_dagrun for example_trigger_target_dag to None, run_after=None
[2024-12-24T07:39:45.735+0000] {processor.py:208} INFO - Processing /home/airflow/.local/lib/python3.12/site-packages/airflow/example_dags/example_trigger_target_dag.py took 0.111 seconds
[2024-12-24T07:40:16.140+0000] {processor.py:186} INFO - Started process (PID=1511) to work on /home/airflow/.local/lib/python3.12/site-packages/airflow/example_dags/example_trigger_target_dag.py
[2024-12-24T07:40:16.142+0000] {processor.py:914} INFO - Processing file /home/airflow/.local/lib/python3.12/site-packages/airflow/example_dags/example_trigger_target_dag.py for tasks to queue
[2024-12-24T07:40:16.145+0000] {logging_mixin.py:190} INFO - [2024-12-24T07:40:16.145+0000] {dagbag.py:588} INFO - Filling up the DagBag from /home/airflow/.local/lib/python3.12/site-packages/airflow/example_dags/example_trigger_target_dag.py
[2024-12-24T07:40:16.164+0000] {processor.py:925} INFO - DAG(s) 'example_trigger_target_dag' retrieved from /home/airflow/.local/lib/python3.12/site-packages/airflow/example_dags/example_trigger_target_dag.py
[2024-12-24T07:40:16.203+0000] {logging_mixin.py:190} INFO - [2024-12-24T07:40:16.203+0000] {dag.py:3239} INFO - Sync 1 DAGs
[2024-12-24T07:40:16.234+0000] {logging_mixin.py:190} INFO - [2024-12-24T07:40:16.234+0000] {dag.py:4180} INFO - Setting next_dagrun for example_trigger_target_dag to None, run_after=None
[2024-12-24T07:40:16.284+0000] {processor.py:208} INFO - Processing /home/airflow/.local/lib/python3.12/site-packages/airflow/example_dags/example_trigger_target_dag.py took 0.153 seconds
[2024-12-24T07:40:47.085+0000] {processor.py:186} INFO - Started process (PID=1577) to work on /home/airflow/.local/lib/python3.12/site-packages/airflow/example_dags/example_trigger_target_dag.py
[2024-12-24T07:40:47.088+0000] {processor.py:914} INFO - Processing file /home/airflow/.local/lib/python3.12/site-packages/airflow/example_dags/example_trigger_target_dag.py for tasks to queue
[2024-12-24T07:40:47.092+0000] {logging_mixin.py:190} INFO - [2024-12-24T07:40:47.092+0000] {dagbag.py:588} INFO - Filling up the DagBag from /home/airflow/.local/lib/python3.12/site-packages/airflow/example_dags/example_trigger_target_dag.py
[2024-12-24T07:40:47.117+0000] {processor.py:925} INFO - DAG(s) 'example_trigger_target_dag' retrieved from /home/airflow/.local/lib/python3.12/site-packages/airflow/example_dags/example_trigger_target_dag.py
[2024-12-24T07:40:47.165+0000] {logging_mixin.py:190} INFO - [2024-12-24T07:40:47.165+0000] {dag.py:3239} INFO - Sync 1 DAGs
[2024-12-24T07:40:47.199+0000] {logging_mixin.py:190} INFO - [2024-12-24T07:40:47.199+0000] {dag.py:4180} INFO - Setting next_dagrun for example_trigger_target_dag to None, run_after=None
[2024-12-24T07:40:47.235+0000] {processor.py:208} INFO - Processing /home/airflow/.local/lib/python3.12/site-packages/airflow/example_dags/example_trigger_target_dag.py took 0.161 seconds
[2024-12-24T07:41:17.853+0000] {processor.py:186} INFO - Started process (PID=1643) to work on /home/airflow/.local/lib/python3.12/site-packages/airflow/example_dags/example_trigger_target_dag.py
[2024-12-24T07:41:17.854+0000] {processor.py:914} INFO - Processing file /home/airflow/.local/lib/python3.12/site-packages/airflow/example_dags/example_trigger_target_dag.py for tasks to queue
[2024-12-24T07:41:17.857+0000] {logging_mixin.py:190} INFO - [2024-12-24T07:41:17.856+0000] {dagbag.py:588} INFO - Filling up the DagBag from /home/airflow/.local/lib/python3.12/site-packages/airflow/example_dags/example_trigger_target_dag.py
[2024-12-24T07:41:17.876+0000] {processor.py:925} INFO - DAG(s) 'example_trigger_target_dag' retrieved from /home/airflow/.local/lib/python3.12/site-packages/airflow/example_dags/example_trigger_target_dag.py
[2024-12-24T07:41:17.923+0000] {logging_mixin.py:190} INFO - [2024-12-24T07:41:17.923+0000] {dag.py:3239} INFO - Sync 1 DAGs
[2024-12-24T07:41:17.945+0000] {logging_mixin.py:190} INFO - [2024-12-24T07:41:17.945+0000] {dag.py:4180} INFO - Setting next_dagrun for example_trigger_target_dag to None, run_after=None
[2024-12-24T07:41:17.975+0000] {processor.py:208} INFO - Processing /home/airflow/.local/lib/python3.12/site-packages/airflow/example_dags/example_trigger_target_dag.py took 0.131 seconds
[2024-12-24T07:41:48.977+0000] {processor.py:186} INFO - Started process (PID=1710) to work on /home/airflow/.local/lib/python3.12/site-packages/airflow/example_dags/example_trigger_target_dag.py
[2024-12-24T07:41:48.979+0000] {processor.py:914} INFO - Processing file /home/airflow/.local/lib/python3.12/site-packages/airflow/example_dags/example_trigger_target_dag.py for tasks to queue
[2024-12-24T07:41:48.981+0000] {logging_mixin.py:190} INFO - [2024-12-24T07:41:48.980+0000] {dagbag.py:588} INFO - Filling up the DagBag from /home/airflow/.local/lib/python3.12/site-packages/airflow/example_dags/example_trigger_target_dag.py
[2024-12-24T07:41:48.996+0000] {processor.py:925} INFO - DAG(s) 'example_trigger_target_dag' retrieved from /home/airflow/.local/lib/python3.12/site-packages/airflow/example_dags/example_trigger_target_dag.py
[2024-12-24T07:41:49.038+0000] {logging_mixin.py:190} INFO - [2024-12-24T07:41:49.037+0000] {dag.py:3239} INFO - Sync 1 DAGs
[2024-12-24T07:41:49.062+0000] {logging_mixin.py:190} INFO - [2024-12-24T07:41:49.062+0000] {dag.py:4180} INFO - Setting next_dagrun for example_trigger_target_dag to None, run_after=None
[2024-12-24T07:41:49.095+0000] {processor.py:208} INFO - Processing /home/airflow/.local/lib/python3.12/site-packages/airflow/example_dags/example_trigger_target_dag.py took 0.132 seconds
