[2024-12-24T07:28:55.539+0000] {processor.py:186} INFO - Started process (PID=49) to work on /home/airflow/.local/lib/python3.12/site-packages/airflow/example_dags/example_sensors.py
[2024-12-24T07:28:55.541+0000] {processor.py:914} INFO - Processing file /home/airflow/.local/lib/python3.12/site-packages/airflow/example_dags/example_sensors.py for tasks to queue
[2024-12-24T07:28:55.544+0000] {logging_mixin.py:190} INFO - [2024-12-24T07:28:55.544+0000] {dagbag.py:588} INFO - Filling up the DagBag from /home/airflow/.local/lib/python3.12/site-packages/airflow/example_dags/example_sensors.py
[2024-12-24T07:28:55.568+0000] {processor.py:925} INFO - DAG(s) 'example_sensors' retrieved from /home/airflow/.local/lib/python3.12/site-packages/airflow/example_dags/example_sensors.py
[2024-12-24T07:28:55.755+0000] {logging_mixin.py:190} INFO - [2024-12-24T07:28:55.753+0000] {override.py:1911} INFO - Created Permission View: can read on DAG:example_sensors
[2024-12-24T07:28:55.780+0000] {logging_mixin.py:190} INFO - [2024-12-24T07:28:55.780+0000] {override.py:1911} INFO - Created Permission View: can edit on DAG:example_sensors
[2024-12-24T07:28:55.794+0000] {logging_mixin.py:190} INFO - [2024-12-24T07:28:55.794+0000] {override.py:1911} INFO - Created Permission View: can delete on DAG:example_sensors
[2024-12-24T07:28:55.813+0000] {logging_mixin.py:190} INFO - [2024-12-24T07:28:55.813+0000] {override.py:1911} INFO - Created Permission View: can read on DAG Run:example_sensors
[2024-12-24T07:28:55.826+0000] {logging_mixin.py:190} INFO - [2024-12-24T07:28:55.826+0000] {override.py:1911} INFO - Created Permission View: can create on DAG Run:example_sensors
[2024-12-24T07:28:55.841+0000] {logging_mixin.py:190} INFO - [2024-12-24T07:28:55.840+0000] {override.py:1911} INFO - Created Permission View: can delete on DAG Run:example_sensors
[2024-12-24T07:28:55.853+0000] {logging_mixin.py:190} INFO - [2024-12-24T07:28:55.853+0000] {override.py:1911} INFO - Created Permission View: menu access on DAG Run:example_sensors
[2024-12-24T07:28:55.854+0000] {logging_mixin.py:190} INFO - [2024-12-24T07:28:55.854+0000] {dag.py:3239} INFO - Sync 1 DAGs
[2024-12-24T07:28:55.872+0000] {logging_mixin.py:190} INFO - [2024-12-24T07:28:55.872+0000] {dag.py:3262} INFO - Creating ORM DAG for example_sensors
[2024-12-24T07:28:55.874+0000] {logging_mixin.py:190} INFO - [2024-12-24T07:28:55.874+0000] {dag.py:4180} INFO - Setting next_dagrun for example_sensors to None, run_after=None
[2024-12-24T07:28:55.901+0000] {processor.py:208} INFO - Processing /home/airflow/.local/lib/python3.12/site-packages/airflow/example_dags/example_sensors.py took 0.371 seconds
[2024-12-24T07:29:26.538+0000] {processor.py:186} INFO - Started process (PID=115) to work on /home/airflow/.local/lib/python3.12/site-packages/airflow/example_dags/example_sensors.py
[2024-12-24T07:29:26.541+0000] {processor.py:914} INFO - Processing file /home/airflow/.local/lib/python3.12/site-packages/airflow/example_dags/example_sensors.py for tasks to queue
[2024-12-24T07:29:26.545+0000] {logging_mixin.py:190} INFO - [2024-12-24T07:29:26.545+0000] {dagbag.py:588} INFO - Filling up the DagBag from /home/airflow/.local/lib/python3.12/site-packages/airflow/example_dags/example_sensors.py
[2024-12-24T07:29:26.572+0000] {processor.py:925} INFO - DAG(s) 'example_sensors' retrieved from /home/airflow/.local/lib/python3.12/site-packages/airflow/example_dags/example_sensors.py
[2024-12-24T07:29:26.623+0000] {logging_mixin.py:190} INFO - [2024-12-24T07:29:26.623+0000] {dag.py:3239} INFO - Sync 1 DAGs
[2024-12-24T07:29:26.646+0000] {logging_mixin.py:190} INFO - [2024-12-24T07:29:26.645+0000] {dag.py:4180} INFO - Setting next_dagrun for example_sensors to None, run_after=None
[2024-12-24T07:29:26.692+0000] {processor.py:208} INFO - Processing /home/airflow/.local/lib/python3.12/site-packages/airflow/example_dags/example_sensors.py took 0.163 seconds
[2024-12-24T07:29:57.092+0000] {processor.py:186} INFO - Started process (PID=181) to work on /home/airflow/.local/lib/python3.12/site-packages/airflow/example_dags/example_sensors.py
[2024-12-24T07:29:57.094+0000] {processor.py:914} INFO - Processing file /home/airflow/.local/lib/python3.12/site-packages/airflow/example_dags/example_sensors.py for tasks to queue
[2024-12-24T07:29:57.098+0000] {logging_mixin.py:190} INFO - [2024-12-24T07:29:57.097+0000] {dagbag.py:588} INFO - Filling up the DagBag from /home/airflow/.local/lib/python3.12/site-packages/airflow/example_dags/example_sensors.py
[2024-12-24T07:29:57.114+0000] {processor.py:925} INFO - DAG(s) 'example_sensors' retrieved from /home/airflow/.local/lib/python3.12/site-packages/airflow/example_dags/example_sensors.py
[2024-12-24T07:29:57.158+0000] {logging_mixin.py:190} INFO - [2024-12-24T07:29:57.158+0000] {dag.py:3239} INFO - Sync 1 DAGs
[2024-12-24T07:29:57.179+0000] {logging_mixin.py:190} INFO - [2024-12-24T07:29:57.179+0000] {dag.py:4180} INFO - Setting next_dagrun for example_sensors to None, run_after=None
[2024-12-24T07:29:57.208+0000] {processor.py:208} INFO - Processing /home/airflow/.local/lib/python3.12/site-packages/airflow/example_dags/example_sensors.py took 0.124 seconds
[2024-12-24T07:30:27.649+0000] {processor.py:186} INFO - Started process (PID=247) to work on /home/airflow/.local/lib/python3.12/site-packages/airflow/example_dags/example_sensors.py
[2024-12-24T07:30:27.651+0000] {processor.py:914} INFO - Processing file /home/airflow/.local/lib/python3.12/site-packages/airflow/example_dags/example_sensors.py for tasks to queue
[2024-12-24T07:30:27.654+0000] {logging_mixin.py:190} INFO - [2024-12-24T07:30:27.654+0000] {dagbag.py:588} INFO - Filling up the DagBag from /home/airflow/.local/lib/python3.12/site-packages/airflow/example_dags/example_sensors.py
[2024-12-24T07:30:27.670+0000] {processor.py:925} INFO - DAG(s) 'example_sensors' retrieved from /home/airflow/.local/lib/python3.12/site-packages/airflow/example_dags/example_sensors.py
[2024-12-24T07:30:27.728+0000] {logging_mixin.py:190} INFO - [2024-12-24T07:30:27.728+0000] {dag.py:3239} INFO - Sync 1 DAGs
[2024-12-24T07:30:27.768+0000] {logging_mixin.py:190} INFO - [2024-12-24T07:30:27.768+0000] {dag.py:4180} INFO - Setting next_dagrun for example_sensors to None, run_after=None
[2024-12-24T07:30:27.825+0000] {processor.py:208} INFO - Processing /home/airflow/.local/lib/python3.12/site-packages/airflow/example_dags/example_sensors.py took 0.184 seconds
[2024-12-24T07:30:58.099+0000] {processor.py:186} INFO - Started process (PID=313) to work on /home/airflow/.local/lib/python3.12/site-packages/airflow/example_dags/example_sensors.py
[2024-12-24T07:30:58.101+0000] {processor.py:914} INFO - Processing file /home/airflow/.local/lib/python3.12/site-packages/airflow/example_dags/example_sensors.py for tasks to queue
[2024-12-24T07:30:58.106+0000] {logging_mixin.py:190} INFO - [2024-12-24T07:30:58.105+0000] {dagbag.py:588} INFO - Filling up the DagBag from /home/airflow/.local/lib/python3.12/site-packages/airflow/example_dags/example_sensors.py
[2024-12-24T07:30:58.122+0000] {processor.py:925} INFO - DAG(s) 'example_sensors' retrieved from /home/airflow/.local/lib/python3.12/site-packages/airflow/example_dags/example_sensors.py
[2024-12-24T07:30:58.162+0000] {logging_mixin.py:190} INFO - [2024-12-24T07:30:58.161+0000] {dag.py:3239} INFO - Sync 1 DAGs
[2024-12-24T07:30:58.180+0000] {logging_mixin.py:190} INFO - [2024-12-24T07:30:58.180+0000] {dag.py:4180} INFO - Setting next_dagrun for example_sensors to None, run_after=None
[2024-12-24T07:30:58.221+0000] {processor.py:208} INFO - Processing /home/airflow/.local/lib/python3.12/site-packages/airflow/example_dags/example_sensors.py took 0.129 seconds
[2024-12-24T07:31:28.640+0000] {processor.py:186} INFO - Started process (PID=377) to work on /home/airflow/.local/lib/python3.12/site-packages/airflow/example_dags/example_sensors.py
[2024-12-24T07:31:28.643+0000] {processor.py:914} INFO - Processing file /home/airflow/.local/lib/python3.12/site-packages/airflow/example_dags/example_sensors.py for tasks to queue
[2024-12-24T07:31:28.648+0000] {logging_mixin.py:190} INFO - [2024-12-24T07:31:28.648+0000] {dagbag.py:588} INFO - Filling up the DagBag from /home/airflow/.local/lib/python3.12/site-packages/airflow/example_dags/example_sensors.py
[2024-12-24T07:31:28.678+0000] {processor.py:925} INFO - DAG(s) 'example_sensors' retrieved from /home/airflow/.local/lib/python3.12/site-packages/airflow/example_dags/example_sensors.py
[2024-12-24T07:31:28.736+0000] {logging_mixin.py:190} INFO - [2024-12-24T07:31:28.735+0000] {dag.py:3239} INFO - Sync 1 DAGs
[2024-12-24T07:31:28.767+0000] {logging_mixin.py:190} INFO - [2024-12-24T07:31:28.767+0000] {dag.py:4180} INFO - Setting next_dagrun for example_sensors to None, run_after=None
[2024-12-24T07:31:28.808+0000] {processor.py:208} INFO - Processing /home/airflow/.local/lib/python3.12/site-packages/airflow/example_dags/example_sensors.py took 0.178 seconds
[2024-12-24T07:31:59.083+0000] {processor.py:186} INFO - Started process (PID=443) to work on /home/airflow/.local/lib/python3.12/site-packages/airflow/example_dags/example_sensors.py
[2024-12-24T07:31:59.097+0000] {processor.py:914} INFO - Processing file /home/airflow/.local/lib/python3.12/site-packages/airflow/example_dags/example_sensors.py for tasks to queue
[2024-12-24T07:31:59.111+0000] {logging_mixin.py:190} INFO - [2024-12-24T07:31:59.110+0000] {dagbag.py:588} INFO - Filling up the DagBag from /home/airflow/.local/lib/python3.12/site-packages/airflow/example_dags/example_sensors.py
[2024-12-24T07:31:59.150+0000] {processor.py:925} INFO - DAG(s) 'example_sensors' retrieved from /home/airflow/.local/lib/python3.12/site-packages/airflow/example_dags/example_sensors.py
[2024-12-24T07:31:59.237+0000] {logging_mixin.py:190} INFO - [2024-12-24T07:31:59.236+0000] {dag.py:3239} INFO - Sync 1 DAGs
[2024-12-24T07:31:59.299+0000] {logging_mixin.py:190} INFO - [2024-12-24T07:31:59.298+0000] {dag.py:4180} INFO - Setting next_dagrun for example_sensors to None, run_after=None
[2024-12-24T07:31:59.341+0000] {processor.py:208} INFO - Processing /home/airflow/.local/lib/python3.12/site-packages/airflow/example_dags/example_sensors.py took 0.283 seconds
[2024-12-24T07:32:29.713+0000] {processor.py:186} INFO - Started process (PID=509) to work on /home/airflow/.local/lib/python3.12/site-packages/airflow/example_dags/example_sensors.py
[2024-12-24T07:32:29.715+0000] {processor.py:914} INFO - Processing file /home/airflow/.local/lib/python3.12/site-packages/airflow/example_dags/example_sensors.py for tasks to queue
[2024-12-24T07:32:29.720+0000] {logging_mixin.py:190} INFO - [2024-12-24T07:32:29.720+0000] {dagbag.py:588} INFO - Filling up the DagBag from /home/airflow/.local/lib/python3.12/site-packages/airflow/example_dags/example_sensors.py
[2024-12-24T07:32:29.741+0000] {processor.py:925} INFO - DAG(s) 'example_sensors' retrieved from /home/airflow/.local/lib/python3.12/site-packages/airflow/example_dags/example_sensors.py
[2024-12-24T07:32:29.788+0000] {logging_mixin.py:190} INFO - [2024-12-24T07:32:29.787+0000] {dag.py:3239} INFO - Sync 1 DAGs
[2024-12-24T07:32:29.810+0000] {logging_mixin.py:190} INFO - [2024-12-24T07:32:29.810+0000] {dag.py:4180} INFO - Setting next_dagrun for example_sensors to None, run_after=None
[2024-12-24T07:32:29.848+0000] {processor.py:208} INFO - Processing /home/airflow/.local/lib/python3.12/site-packages/airflow/example_dags/example_sensors.py took 0.145 seconds
[2024-12-24T07:33:01.317+0000] {processor.py:186} INFO - Started process (PID=574) to work on /home/airflow/.local/lib/python3.12/site-packages/airflow/example_dags/example_sensors.py
[2024-12-24T07:33:01.319+0000] {processor.py:914} INFO - Processing file /home/airflow/.local/lib/python3.12/site-packages/airflow/example_dags/example_sensors.py for tasks to queue
[2024-12-24T07:33:01.326+0000] {logging_mixin.py:190} INFO - [2024-12-24T07:33:01.326+0000] {dagbag.py:588} INFO - Filling up the DagBag from /home/airflow/.local/lib/python3.12/site-packages/airflow/example_dags/example_sensors.py
[2024-12-24T07:33:01.353+0000] {processor.py:925} INFO - DAG(s) 'example_sensors' retrieved from /home/airflow/.local/lib/python3.12/site-packages/airflow/example_dags/example_sensors.py
[2024-12-24T07:33:01.411+0000] {logging_mixin.py:190} INFO - [2024-12-24T07:33:01.411+0000] {dag.py:3239} INFO - Sync 1 DAGs
[2024-12-24T07:33:01.436+0000] {logging_mixin.py:190} INFO - [2024-12-24T07:33:01.436+0000] {dag.py:4180} INFO - Setting next_dagrun for example_sensors to None, run_after=None
[2024-12-24T07:33:01.473+0000] {processor.py:208} INFO - Processing /home/airflow/.local/lib/python3.12/site-packages/airflow/example_dags/example_sensors.py took 0.171 seconds
[2024-12-24T07:33:32.518+0000] {processor.py:186} INFO - Started process (PID=642) to work on /home/airflow/.local/lib/python3.12/site-packages/airflow/example_dags/example_sensors.py
[2024-12-24T07:33:32.521+0000] {processor.py:914} INFO - Processing file /home/airflow/.local/lib/python3.12/site-packages/airflow/example_dags/example_sensors.py for tasks to queue
[2024-12-24T07:33:32.527+0000] {logging_mixin.py:190} INFO - [2024-12-24T07:33:32.527+0000] {dagbag.py:588} INFO - Filling up the DagBag from /home/airflow/.local/lib/python3.12/site-packages/airflow/example_dags/example_sensors.py
[2024-12-24T07:33:32.551+0000] {processor.py:925} INFO - DAG(s) 'example_sensors' retrieved from /home/airflow/.local/lib/python3.12/site-packages/airflow/example_dags/example_sensors.py
[2024-12-24T07:33:32.620+0000] {logging_mixin.py:190} INFO - [2024-12-24T07:33:32.619+0000] {dag.py:3239} INFO - Sync 1 DAGs
[2024-12-24T07:33:32.651+0000] {logging_mixin.py:190} INFO - [2024-12-24T07:33:32.650+0000] {dag.py:4180} INFO - Setting next_dagrun for example_sensors to None, run_after=None
[2024-12-24T07:33:32.693+0000] {processor.py:208} INFO - Processing /home/airflow/.local/lib/python3.12/site-packages/airflow/example_dags/example_sensors.py took 0.189 seconds
[2024-12-24T07:34:03.369+0000] {processor.py:186} INFO - Started process (PID=708) to work on /home/airflow/.local/lib/python3.12/site-packages/airflow/example_dags/example_sensors.py
[2024-12-24T07:34:03.370+0000] {processor.py:914} INFO - Processing file /home/airflow/.local/lib/python3.12/site-packages/airflow/example_dags/example_sensors.py for tasks to queue
[2024-12-24T07:34:03.374+0000] {logging_mixin.py:190} INFO - [2024-12-24T07:34:03.374+0000] {dagbag.py:588} INFO - Filling up the DagBag from /home/airflow/.local/lib/python3.12/site-packages/airflow/example_dags/example_sensors.py
[2024-12-24T07:34:03.391+0000] {processor.py:925} INFO - DAG(s) 'example_sensors' retrieved from /home/airflow/.local/lib/python3.12/site-packages/airflow/example_dags/example_sensors.py
[2024-12-24T07:34:03.429+0000] {logging_mixin.py:190} INFO - [2024-12-24T07:34:03.428+0000] {dag.py:3239} INFO - Sync 1 DAGs
[2024-12-24T07:34:03.451+0000] {logging_mixin.py:190} INFO - [2024-12-24T07:34:03.450+0000] {dag.py:4180} INFO - Setting next_dagrun for example_sensors to None, run_after=None
[2024-12-24T07:34:03.483+0000] {processor.py:208} INFO - Processing /home/airflow/.local/lib/python3.12/site-packages/airflow/example_dags/example_sensors.py took 0.122 seconds
[2024-12-24T07:34:33.738+0000] {processor.py:186} INFO - Started process (PID=775) to work on /home/airflow/.local/lib/python3.12/site-packages/airflow/example_dags/example_sensors.py
[2024-12-24T07:34:33.739+0000] {processor.py:914} INFO - Processing file /home/airflow/.local/lib/python3.12/site-packages/airflow/example_dags/example_sensors.py for tasks to queue
[2024-12-24T07:34:33.742+0000] {logging_mixin.py:190} INFO - [2024-12-24T07:34:33.742+0000] {dagbag.py:588} INFO - Filling up the DagBag from /home/airflow/.local/lib/python3.12/site-packages/airflow/example_dags/example_sensors.py
[2024-12-24T07:34:33.763+0000] {processor.py:925} INFO - DAG(s) 'example_sensors' retrieved from /home/airflow/.local/lib/python3.12/site-packages/airflow/example_dags/example_sensors.py
[2024-12-24T07:34:33.799+0000] {logging_mixin.py:190} INFO - [2024-12-24T07:34:33.799+0000] {dag.py:3239} INFO - Sync 1 DAGs
[2024-12-24T07:34:33.820+0000] {logging_mixin.py:190} INFO - [2024-12-24T07:34:33.819+0000] {dag.py:4180} INFO - Setting next_dagrun for example_sensors to None, run_after=None
[2024-12-24T07:34:33.853+0000] {processor.py:208} INFO - Processing /home/airflow/.local/lib/python3.12/site-packages/airflow/example_dags/example_sensors.py took 0.124 seconds
[2024-12-24T07:35:04.888+0000] {processor.py:186} INFO - Started process (PID=841) to work on /home/airflow/.local/lib/python3.12/site-packages/airflow/example_dags/example_sensors.py
[2024-12-24T07:35:04.889+0000] {processor.py:914} INFO - Processing file /home/airflow/.local/lib/python3.12/site-packages/airflow/example_dags/example_sensors.py for tasks to queue
[2024-12-24T07:35:04.894+0000] {logging_mixin.py:190} INFO - [2024-12-24T07:35:04.893+0000] {dagbag.py:588} INFO - Filling up the DagBag from /home/airflow/.local/lib/python3.12/site-packages/airflow/example_dags/example_sensors.py
[2024-12-24T07:35:04.913+0000] {processor.py:925} INFO - DAG(s) 'example_sensors' retrieved from /home/airflow/.local/lib/python3.12/site-packages/airflow/example_dags/example_sensors.py
[2024-12-24T07:35:04.955+0000] {logging_mixin.py:190} INFO - [2024-12-24T07:35:04.955+0000] {dag.py:3239} INFO - Sync 1 DAGs
[2024-12-24T07:35:04.976+0000] {logging_mixin.py:190} INFO - [2024-12-24T07:35:04.976+0000] {dag.py:4180} INFO - Setting next_dagrun for example_sensors to None, run_after=None
[2024-12-24T07:35:05.004+0000] {processor.py:208} INFO - Processing /home/airflow/.local/lib/python3.12/site-packages/airflow/example_dags/example_sensors.py took 0.125 seconds
[2024-12-24T07:35:35.557+0000] {processor.py:186} INFO - Started process (PID=907) to work on /home/airflow/.local/lib/python3.12/site-packages/airflow/example_dags/example_sensors.py
[2024-12-24T07:35:35.558+0000] {processor.py:914} INFO - Processing file /home/airflow/.local/lib/python3.12/site-packages/airflow/example_dags/example_sensors.py for tasks to queue
[2024-12-24T07:35:35.562+0000] {logging_mixin.py:190} INFO - [2024-12-24T07:35:35.562+0000] {dagbag.py:588} INFO - Filling up the DagBag from /home/airflow/.local/lib/python3.12/site-packages/airflow/example_dags/example_sensors.py
[2024-12-24T07:35:35.579+0000] {processor.py:925} INFO - DAG(s) 'example_sensors' retrieved from /home/airflow/.local/lib/python3.12/site-packages/airflow/example_dags/example_sensors.py
[2024-12-24T07:35:35.654+0000] {logging_mixin.py:190} INFO - [2024-12-24T07:35:35.654+0000] {dag.py:3239} INFO - Sync 1 DAGs
[2024-12-24T07:35:35.691+0000] {logging_mixin.py:190} INFO - [2024-12-24T07:35:35.691+0000] {dag.py:4180} INFO - Setting next_dagrun for example_sensors to None, run_after=None
[2024-12-24T07:35:35.746+0000] {processor.py:208} INFO - Processing /home/airflow/.local/lib/python3.12/site-packages/airflow/example_dags/example_sensors.py took 0.197 seconds
[2024-12-24T07:36:06.587+0000] {processor.py:186} INFO - Started process (PID=973) to work on /home/airflow/.local/lib/python3.12/site-packages/airflow/example_dags/example_sensors.py
[2024-12-24T07:36:06.589+0000] {processor.py:914} INFO - Processing file /home/airflow/.local/lib/python3.12/site-packages/airflow/example_dags/example_sensors.py for tasks to queue
[2024-12-24T07:36:06.596+0000] {logging_mixin.py:190} INFO - [2024-12-24T07:36:06.594+0000] {dagbag.py:588} INFO - Filling up the DagBag from /home/airflow/.local/lib/python3.12/site-packages/airflow/example_dags/example_sensors.py
[2024-12-24T07:36:06.616+0000] {processor.py:925} INFO - DAG(s) 'example_sensors' retrieved from /home/airflow/.local/lib/python3.12/site-packages/airflow/example_dags/example_sensors.py
[2024-12-24T07:36:06.659+0000] {logging_mixin.py:190} INFO - [2024-12-24T07:36:06.658+0000] {dag.py:3239} INFO - Sync 1 DAGs
[2024-12-24T07:36:06.684+0000] {logging_mixin.py:190} INFO - [2024-12-24T07:36:06.684+0000] {dag.py:4180} INFO - Setting next_dagrun for example_sensors to None, run_after=None
[2024-12-24T07:36:06.722+0000] {processor.py:208} INFO - Processing /home/airflow/.local/lib/python3.12/site-packages/airflow/example_dags/example_sensors.py took 0.143 seconds
[2024-12-24T07:36:37.545+0000] {processor.py:186} INFO - Started process (PID=1039) to work on /home/airflow/.local/lib/python3.12/site-packages/airflow/example_dags/example_sensors.py
[2024-12-24T07:36:37.548+0000] {processor.py:914} INFO - Processing file /home/airflow/.local/lib/python3.12/site-packages/airflow/example_dags/example_sensors.py for tasks to queue
[2024-12-24T07:36:37.554+0000] {logging_mixin.py:190} INFO - [2024-12-24T07:36:37.553+0000] {dagbag.py:588} INFO - Filling up the DagBag from /home/airflow/.local/lib/python3.12/site-packages/airflow/example_dags/example_sensors.py
[2024-12-24T07:36:37.578+0000] {processor.py:925} INFO - DAG(s) 'example_sensors' retrieved from /home/airflow/.local/lib/python3.12/site-packages/airflow/example_dags/example_sensors.py
[2024-12-24T07:36:37.625+0000] {logging_mixin.py:190} INFO - [2024-12-24T07:36:37.625+0000] {dag.py:3239} INFO - Sync 1 DAGs
[2024-12-24T07:36:37.647+0000] {logging_mixin.py:190} INFO - [2024-12-24T07:36:37.647+0000] {dag.py:4180} INFO - Setting next_dagrun for example_sensors to None, run_after=None
[2024-12-24T07:36:37.703+0000] {processor.py:208} INFO - Processing /home/airflow/.local/lib/python3.12/site-packages/airflow/example_dags/example_sensors.py took 0.170 seconds
[2024-12-24T07:37:08.087+0000] {processor.py:186} INFO - Started process (PID=1105) to work on /home/airflow/.local/lib/python3.12/site-packages/airflow/example_dags/example_sensors.py
[2024-12-24T07:37:08.089+0000] {processor.py:914} INFO - Processing file /home/airflow/.local/lib/python3.12/site-packages/airflow/example_dags/example_sensors.py for tasks to queue
[2024-12-24T07:37:08.093+0000] {logging_mixin.py:190} INFO - [2024-12-24T07:37:08.093+0000] {dagbag.py:588} INFO - Filling up the DagBag from /home/airflow/.local/lib/python3.12/site-packages/airflow/example_dags/example_sensors.py
[2024-12-24T07:37:08.111+0000] {processor.py:925} INFO - DAG(s) 'example_sensors' retrieved from /home/airflow/.local/lib/python3.12/site-packages/airflow/example_dags/example_sensors.py
[2024-12-24T07:37:08.149+0000] {logging_mixin.py:190} INFO - [2024-12-24T07:37:08.149+0000] {dag.py:3239} INFO - Sync 1 DAGs
[2024-12-24T07:37:08.171+0000] {logging_mixin.py:190} INFO - [2024-12-24T07:37:08.170+0000] {dag.py:4180} INFO - Setting next_dagrun for example_sensors to None, run_after=None
[2024-12-24T07:37:08.199+0000] {processor.py:208} INFO - Processing /home/airflow/.local/lib/python3.12/site-packages/airflow/example_dags/example_sensors.py took 0.120 seconds
[2024-12-24T07:37:38.571+0000] {processor.py:186} INFO - Started process (PID=1171) to work on /home/airflow/.local/lib/python3.12/site-packages/airflow/example_dags/example_sensors.py
[2024-12-24T07:37:38.574+0000] {processor.py:914} INFO - Processing file /home/airflow/.local/lib/python3.12/site-packages/airflow/example_dags/example_sensors.py for tasks to queue
[2024-12-24T07:37:38.583+0000] {logging_mixin.py:190} INFO - [2024-12-24T07:37:38.582+0000] {dagbag.py:588} INFO - Filling up the DagBag from /home/airflow/.local/lib/python3.12/site-packages/airflow/example_dags/example_sensors.py
[2024-12-24T07:37:38.606+0000] {processor.py:925} INFO - DAG(s) 'example_sensors' retrieved from /home/airflow/.local/lib/python3.12/site-packages/airflow/example_dags/example_sensors.py
[2024-12-24T07:37:38.660+0000] {logging_mixin.py:190} INFO - [2024-12-24T07:37:38.660+0000] {dag.py:3239} INFO - Sync 1 DAGs
[2024-12-24T07:37:38.686+0000] {logging_mixin.py:190} INFO - [2024-12-24T07:37:38.685+0000] {dag.py:4180} INFO - Setting next_dagrun for example_sensors to None, run_after=None
[2024-12-24T07:37:38.729+0000] {processor.py:208} INFO - Processing /home/airflow/.local/lib/python3.12/site-packages/airflow/example_dags/example_sensors.py took 0.169 seconds
[2024-12-24T07:38:09.088+0000] {processor.py:186} INFO - Started process (PID=1237) to work on /home/airflow/.local/lib/python3.12/site-packages/airflow/example_dags/example_sensors.py
[2024-12-24T07:38:09.090+0000] {processor.py:914} INFO - Processing file /home/airflow/.local/lib/python3.12/site-packages/airflow/example_dags/example_sensors.py for tasks to queue
[2024-12-24T07:38:09.094+0000] {logging_mixin.py:190} INFO - [2024-12-24T07:38:09.094+0000] {dagbag.py:588} INFO - Filling up the DagBag from /home/airflow/.local/lib/python3.12/site-packages/airflow/example_dags/example_sensors.py
[2024-12-24T07:38:09.117+0000] {processor.py:925} INFO - DAG(s) 'example_sensors' retrieved from /home/airflow/.local/lib/python3.12/site-packages/airflow/example_dags/example_sensors.py
[2024-12-24T07:38:09.185+0000] {logging_mixin.py:190} INFO - [2024-12-24T07:38:09.184+0000] {dag.py:3239} INFO - Sync 1 DAGs
[2024-12-24T07:38:09.213+0000] {logging_mixin.py:190} INFO - [2024-12-24T07:38:09.212+0000] {dag.py:4180} INFO - Setting next_dagrun for example_sensors to None, run_after=None
[2024-12-24T07:38:09.247+0000] {processor.py:208} INFO - Processing /home/airflow/.local/lib/python3.12/site-packages/airflow/example_dags/example_sensors.py took 0.168 seconds
[2024-12-24T07:38:40.344+0000] {processor.py:186} INFO - Started process (PID=1302) to work on /home/airflow/.local/lib/python3.12/site-packages/airflow/example_dags/example_sensors.py
[2024-12-24T07:38:40.347+0000] {processor.py:914} INFO - Processing file /home/airflow/.local/lib/python3.12/site-packages/airflow/example_dags/example_sensors.py for tasks to queue
[2024-12-24T07:38:40.353+0000] {logging_mixin.py:190} INFO - [2024-12-24T07:38:40.353+0000] {dagbag.py:588} INFO - Filling up the DagBag from /home/airflow/.local/lib/python3.12/site-packages/airflow/example_dags/example_sensors.py
[2024-12-24T07:38:40.390+0000] {processor.py:925} INFO - DAG(s) 'example_sensors' retrieved from /home/airflow/.local/lib/python3.12/site-packages/airflow/example_dags/example_sensors.py
[2024-12-24T07:38:40.458+0000] {logging_mixin.py:190} INFO - [2024-12-24T07:38:40.457+0000] {dag.py:3239} INFO - Sync 1 DAGs
[2024-12-24T07:38:40.478+0000] {logging_mixin.py:190} INFO - [2024-12-24T07:38:40.478+0000] {dag.py:4180} INFO - Setting next_dagrun for example_sensors to None, run_after=None
[2024-12-24T07:38:40.508+0000] {processor.py:208} INFO - Processing /home/airflow/.local/lib/python3.12/site-packages/airflow/example_dags/example_sensors.py took 0.180 seconds
[2024-12-24T07:39:10.633+0000] {processor.py:186} INFO - Started process (PID=1368) to work on /home/airflow/.local/lib/python3.12/site-packages/airflow/example_dags/example_sensors.py
[2024-12-24T07:39:10.635+0000] {processor.py:914} INFO - Processing file /home/airflow/.local/lib/python3.12/site-packages/airflow/example_dags/example_sensors.py for tasks to queue
[2024-12-24T07:39:10.639+0000] {logging_mixin.py:190} INFO - [2024-12-24T07:39:10.638+0000] {dagbag.py:588} INFO - Filling up the DagBag from /home/airflow/.local/lib/python3.12/site-packages/airflow/example_dags/example_sensors.py
[2024-12-24T07:39:10.655+0000] {processor.py:925} INFO - DAG(s) 'example_sensors' retrieved from /home/airflow/.local/lib/python3.12/site-packages/airflow/example_dags/example_sensors.py
[2024-12-24T07:39:10.701+0000] {logging_mixin.py:190} INFO - [2024-12-24T07:39:10.701+0000] {dag.py:3239} INFO - Sync 1 DAGs
[2024-12-24T07:39:10.735+0000] {logging_mixin.py:190} INFO - [2024-12-24T07:39:10.734+0000] {dag.py:4180} INFO - Setting next_dagrun for example_sensors to None, run_after=None
[2024-12-24T07:39:10.794+0000] {processor.py:208} INFO - Processing /home/airflow/.local/lib/python3.12/site-packages/airflow/example_dags/example_sensors.py took 0.169 seconds
[2024-12-24T07:39:41.403+0000] {processor.py:186} INFO - Started process (PID=1434) to work on /home/airflow/.local/lib/python3.12/site-packages/airflow/example_dags/example_sensors.py
[2024-12-24T07:39:41.404+0000] {processor.py:914} INFO - Processing file /home/airflow/.local/lib/python3.12/site-packages/airflow/example_dags/example_sensors.py for tasks to queue
[2024-12-24T07:39:41.408+0000] {logging_mixin.py:190} INFO - [2024-12-24T07:39:41.407+0000] {dagbag.py:588} INFO - Filling up the DagBag from /home/airflow/.local/lib/python3.12/site-packages/airflow/example_dags/example_sensors.py
[2024-12-24T07:39:41.425+0000] {processor.py:925} INFO - DAG(s) 'example_sensors' retrieved from /home/airflow/.local/lib/python3.12/site-packages/airflow/example_dags/example_sensors.py
[2024-12-24T07:39:41.464+0000] {logging_mixin.py:190} INFO - [2024-12-24T07:39:41.463+0000] {dag.py:3239} INFO - Sync 1 DAGs
[2024-12-24T07:39:41.482+0000] {logging_mixin.py:190} INFO - [2024-12-24T07:39:41.482+0000] {dag.py:4180} INFO - Setting next_dagrun for example_sensors to None, run_after=None
[2024-12-24T07:39:41.508+0000] {processor.py:208} INFO - Processing /home/airflow/.local/lib/python3.12/site-packages/airflow/example_dags/example_sensors.py took 0.114 seconds
[2024-12-24T07:40:11.828+0000] {processor.py:186} INFO - Started process (PID=1500) to work on /home/airflow/.local/lib/python3.12/site-packages/airflow/example_dags/example_sensors.py
[2024-12-24T07:40:11.830+0000] {processor.py:914} INFO - Processing file /home/airflow/.local/lib/python3.12/site-packages/airflow/example_dags/example_sensors.py for tasks to queue
[2024-12-24T07:40:11.832+0000] {logging_mixin.py:190} INFO - [2024-12-24T07:40:11.832+0000] {dagbag.py:588} INFO - Filling up the DagBag from /home/airflow/.local/lib/python3.12/site-packages/airflow/example_dags/example_sensors.py
[2024-12-24T07:40:11.851+0000] {processor.py:925} INFO - DAG(s) 'example_sensors' retrieved from /home/airflow/.local/lib/python3.12/site-packages/airflow/example_dags/example_sensors.py
[2024-12-24T07:40:11.896+0000] {logging_mixin.py:190} INFO - [2024-12-24T07:40:11.896+0000] {dag.py:3239} INFO - Sync 1 DAGs
[2024-12-24T07:40:11.915+0000] {logging_mixin.py:190} INFO - [2024-12-24T07:40:11.914+0000] {dag.py:4180} INFO - Setting next_dagrun for example_sensors to None, run_after=None
[2024-12-24T07:40:11.942+0000] {processor.py:208} INFO - Processing /home/airflow/.local/lib/python3.12/site-packages/airflow/example_dags/example_sensors.py took 0.121 seconds
[2024-12-24T07:40:42.666+0000] {processor.py:186} INFO - Started process (PID=1566) to work on /home/airflow/.local/lib/python3.12/site-packages/airflow/example_dags/example_sensors.py
[2024-12-24T07:40:42.668+0000] {processor.py:914} INFO - Processing file /home/airflow/.local/lib/python3.12/site-packages/airflow/example_dags/example_sensors.py for tasks to queue
[2024-12-24T07:40:42.672+0000] {logging_mixin.py:190} INFO - [2024-12-24T07:40:42.671+0000] {dagbag.py:588} INFO - Filling up the DagBag from /home/airflow/.local/lib/python3.12/site-packages/airflow/example_dags/example_sensors.py
[2024-12-24T07:40:42.720+0000] {processor.py:925} INFO - DAG(s) 'example_sensors' retrieved from /home/airflow/.local/lib/python3.12/site-packages/airflow/example_dags/example_sensors.py
[2024-12-24T07:40:42.777+0000] {logging_mixin.py:190} INFO - [2024-12-24T07:40:42.777+0000] {dag.py:3239} INFO - Sync 1 DAGs
[2024-12-24T07:40:42.804+0000] {logging_mixin.py:190} INFO - [2024-12-24T07:40:42.803+0000] {dag.py:4180} INFO - Setting next_dagrun for example_sensors to None, run_after=None
[2024-12-24T07:40:42.839+0000] {processor.py:208} INFO - Processing /home/airflow/.local/lib/python3.12/site-packages/airflow/example_dags/example_sensors.py took 0.187 seconds
[2024-12-24T07:41:13.605+0000] {processor.py:186} INFO - Started process (PID=1632) to work on /home/airflow/.local/lib/python3.12/site-packages/airflow/example_dags/example_sensors.py
[2024-12-24T07:41:13.608+0000] {processor.py:914} INFO - Processing file /home/airflow/.local/lib/python3.12/site-packages/airflow/example_dags/example_sensors.py for tasks to queue
[2024-12-24T07:41:13.613+0000] {logging_mixin.py:190} INFO - [2024-12-24T07:41:13.612+0000] {dagbag.py:588} INFO - Filling up the DagBag from /home/airflow/.local/lib/python3.12/site-packages/airflow/example_dags/example_sensors.py
[2024-12-24T07:41:13.647+0000] {processor.py:925} INFO - DAG(s) 'example_sensors' retrieved from /home/airflow/.local/lib/python3.12/site-packages/airflow/example_dags/example_sensors.py
[2024-12-24T07:41:13.706+0000] {logging_mixin.py:190} INFO - [2024-12-24T07:41:13.705+0000] {dag.py:3239} INFO - Sync 1 DAGs
[2024-12-24T07:41:13.734+0000] {logging_mixin.py:190} INFO - [2024-12-24T07:41:13.733+0000] {dag.py:4180} INFO - Setting next_dagrun for example_sensors to None, run_after=None
[2024-12-24T07:41:13.778+0000] {processor.py:208} INFO - Processing /home/airflow/.local/lib/python3.12/site-packages/airflow/example_dags/example_sensors.py took 0.186 seconds
[2024-12-24T07:41:44.754+0000] {processor.py:186} INFO - Started process (PID=1699) to work on /home/airflow/.local/lib/python3.12/site-packages/airflow/example_dags/example_sensors.py
[2024-12-24T07:41:44.755+0000] {processor.py:914} INFO - Processing file /home/airflow/.local/lib/python3.12/site-packages/airflow/example_dags/example_sensors.py for tasks to queue
[2024-12-24T07:41:44.758+0000] {logging_mixin.py:190} INFO - [2024-12-24T07:41:44.757+0000] {dagbag.py:588} INFO - Filling up the DagBag from /home/airflow/.local/lib/python3.12/site-packages/airflow/example_dags/example_sensors.py
[2024-12-24T07:41:44.780+0000] {processor.py:925} INFO - DAG(s) 'example_sensors' retrieved from /home/airflow/.local/lib/python3.12/site-packages/airflow/example_dags/example_sensors.py
[2024-12-24T07:41:44.825+0000] {logging_mixin.py:190} INFO - [2024-12-24T07:41:44.824+0000] {dag.py:3239} INFO - Sync 1 DAGs
[2024-12-24T07:41:44.846+0000] {logging_mixin.py:190} INFO - [2024-12-24T07:41:44.846+0000] {dag.py:4180} INFO - Setting next_dagrun for example_sensors to None, run_after=None
[2024-12-24T07:41:44.879+0000] {processor.py:208} INFO - Processing /home/airflow/.local/lib/python3.12/site-packages/airflow/example_dags/example_sensors.py took 0.135 seconds
