[2024-12-24T07:28:59.077+0000] {processor.py:186} INFO - Started process (PID=59) to work on /home/airflow/.local/lib/python3.12/site-packages/airflow/example_dags/example_latest_only_with_trigger.py
[2024-12-24T07:28:59.079+0000] {processor.py:914} INFO - Processing file /home/airflow/.local/lib/python3.12/site-packages/airflow/example_dags/example_latest_only_with_trigger.py for tasks to queue
[2024-12-24T07:28:59.083+0000] {logging_mixin.py:190} INFO - [2024-12-24T07:28:59.083+0000] {dagbag.py:588} INFO - Filling up the DagBag from /home/airflow/.local/lib/python3.12/site-packages/airflow/example_dags/example_latest_only_with_trigger.py
[2024-12-24T07:28:59.096+0000] {processor.py:925} INFO - DAG(s) 'latest_only_with_trigger' retrieved from /home/airflow/.local/lib/python3.12/site-packages/airflow/example_dags/example_latest_only_with_trigger.py
[2024-12-24T07:28:59.272+0000] {logging_mixin.py:190} INFO - [2024-12-24T07:28:59.269+0000] {override.py:1911} INFO - Created Permission View: can read on DAG:latest_only_with_trigger
[2024-12-24T07:28:59.289+0000] {logging_mixin.py:190} INFO - [2024-12-24T07:28:59.289+0000] {override.py:1911} INFO - Created Permission View: can edit on DAG:latest_only_with_trigger
[2024-12-24T07:28:59.303+0000] {logging_mixin.py:190} INFO - [2024-12-24T07:28:59.302+0000] {override.py:1911} INFO - Created Permission View: can delete on DAG:latest_only_with_trigger
[2024-12-24T07:28:59.322+0000] {logging_mixin.py:190} INFO - [2024-12-24T07:28:59.322+0000] {override.py:1911} INFO - Created Permission View: can read on DAG Run:latest_only_with_trigger
[2024-12-24T07:28:59.334+0000] {logging_mixin.py:190} INFO - [2024-12-24T07:28:59.334+0000] {override.py:1911} INFO - Created Permission View: can create on DAG Run:latest_only_with_trigger
[2024-12-24T07:28:59.360+0000] {logging_mixin.py:190} INFO - [2024-12-24T07:28:59.359+0000] {override.py:1911} INFO - Created Permission View: can delete on DAG Run:latest_only_with_trigger
[2024-12-24T07:28:59.374+0000] {logging_mixin.py:190} INFO - [2024-12-24T07:28:59.374+0000] {override.py:1911} INFO - Created Permission View: menu access on DAG Run:latest_only_with_trigger
[2024-12-24T07:28:59.376+0000] {logging_mixin.py:190} INFO - [2024-12-24T07:28:59.375+0000] {dag.py:3239} INFO - Sync 1 DAGs
[2024-12-24T07:28:59.395+0000] {logging_mixin.py:190} INFO - [2024-12-24T07:28:59.394+0000] {dag.py:3262} INFO - Creating ORM DAG for latest_only_with_trigger
[2024-12-24T07:28:59.410+0000] {logging_mixin.py:190} INFO - [2024-12-24T07:28:59.409+0000] {dag.py:4180} INFO - Setting next_dagrun for latest_only_with_trigger to 2024-12-24 00:00:00+00:00, run_after=2024-12-24 04:00:00+00:00
[2024-12-24T07:28:59.439+0000] {processor.py:208} INFO - Processing /home/airflow/.local/lib/python3.12/site-packages/airflow/example_dags/example_latest_only_with_trigger.py took 0.374 seconds
[2024-12-24T07:29:30.057+0000] {processor.py:186} INFO - Started process (PID=125) to work on /home/airflow/.local/lib/python3.12/site-packages/airflow/example_dags/example_latest_only_with_trigger.py
[2024-12-24T07:29:30.059+0000] {processor.py:914} INFO - Processing file /home/airflow/.local/lib/python3.12/site-packages/airflow/example_dags/example_latest_only_with_trigger.py for tasks to queue
[2024-12-24T07:29:30.064+0000] {logging_mixin.py:190} INFO - [2024-12-24T07:29:30.064+0000] {dagbag.py:588} INFO - Filling up the DagBag from /home/airflow/.local/lib/python3.12/site-packages/airflow/example_dags/example_latest_only_with_trigger.py
[2024-12-24T07:29:30.077+0000] {processor.py:925} INFO - DAG(s) 'latest_only_with_trigger' retrieved from /home/airflow/.local/lib/python3.12/site-packages/airflow/example_dags/example_latest_only_with_trigger.py
[2024-12-24T07:29:30.121+0000] {logging_mixin.py:190} INFO - [2024-12-24T07:29:30.120+0000] {dag.py:3239} INFO - Sync 1 DAGs
[2024-12-24T07:29:30.153+0000] {logging_mixin.py:190} INFO - [2024-12-24T07:29:30.153+0000] {dag.py:4180} INFO - Setting next_dagrun for latest_only_with_trigger to 2024-12-24 00:00:00+00:00, run_after=2024-12-24 04:00:00+00:00
[2024-12-24T07:29:30.182+0000] {processor.py:208} INFO - Processing /home/airflow/.local/lib/python3.12/site-packages/airflow/example_dags/example_latest_only_with_trigger.py took 0.133 seconds
[2024-12-24T07:30:00.929+0000] {processor.py:186} INFO - Started process (PID=191) to work on /home/airflow/.local/lib/python3.12/site-packages/airflow/example_dags/example_latest_only_with_trigger.py
[2024-12-24T07:30:00.933+0000] {processor.py:914} INFO - Processing file /home/airflow/.local/lib/python3.12/site-packages/airflow/example_dags/example_latest_only_with_trigger.py for tasks to queue
[2024-12-24T07:30:00.940+0000] {logging_mixin.py:190} INFO - [2024-12-24T07:30:00.939+0000] {dagbag.py:588} INFO - Filling up the DagBag from /home/airflow/.local/lib/python3.12/site-packages/airflow/example_dags/example_latest_only_with_trigger.py
[2024-12-24T07:30:00.969+0000] {processor.py:925} INFO - DAG(s) 'latest_only_with_trigger' retrieved from /home/airflow/.local/lib/python3.12/site-packages/airflow/example_dags/example_latest_only_with_trigger.py
[2024-12-24T07:30:01.058+0000] {logging_mixin.py:190} INFO - [2024-12-24T07:30:01.057+0000] {dag.py:3239} INFO - Sync 1 DAGs
[2024-12-24T07:30:01.133+0000] {logging_mixin.py:190} INFO - [2024-12-24T07:30:01.132+0000] {dag.py:4180} INFO - Setting next_dagrun for latest_only_with_trigger to 2024-12-24 00:00:00+00:00, run_after=2024-12-24 04:00:00+00:00
[2024-12-24T07:30:01.183+0000] {processor.py:208} INFO - Processing /home/airflow/.local/lib/python3.12/site-packages/airflow/example_dags/example_latest_only_with_trigger.py took 0.269 seconds
[2024-12-24T07:30:32.196+0000] {processor.py:186} INFO - Started process (PID=257) to work on /home/airflow/.local/lib/python3.12/site-packages/airflow/example_dags/example_latest_only_with_trigger.py
[2024-12-24T07:30:32.198+0000] {processor.py:914} INFO - Processing file /home/airflow/.local/lib/python3.12/site-packages/airflow/example_dags/example_latest_only_with_trigger.py for tasks to queue
[2024-12-24T07:30:32.208+0000] {logging_mixin.py:190} INFO - [2024-12-24T07:30:32.207+0000] {dagbag.py:588} INFO - Filling up the DagBag from /home/airflow/.local/lib/python3.12/site-packages/airflow/example_dags/example_latest_only_with_trigger.py
[2024-12-24T07:30:32.228+0000] {processor.py:925} INFO - DAG(s) 'latest_only_with_trigger' retrieved from /home/airflow/.local/lib/python3.12/site-packages/airflow/example_dags/example_latest_only_with_trigger.py
[2024-12-24T07:30:32.271+0000] {logging_mixin.py:190} INFO - [2024-12-24T07:30:32.271+0000] {dag.py:3239} INFO - Sync 1 DAGs
[2024-12-24T07:30:32.322+0000] {logging_mixin.py:190} INFO - [2024-12-24T07:30:32.322+0000] {dag.py:4180} INFO - Setting next_dagrun for latest_only_with_trigger to 2024-12-24 00:00:00+00:00, run_after=2024-12-24 04:00:00+00:00
[2024-12-24T07:30:32.376+0000] {processor.py:208} INFO - Processing /home/airflow/.local/lib/python3.12/site-packages/airflow/example_dags/example_latest_only_with_trigger.py took 0.187 seconds
[2024-12-24T07:31:03.666+0000] {processor.py:186} INFO - Started process (PID=323) to work on /home/airflow/.local/lib/python3.12/site-packages/airflow/example_dags/example_latest_only_with_trigger.py
[2024-12-24T07:31:03.668+0000] {processor.py:914} INFO - Processing file /home/airflow/.local/lib/python3.12/site-packages/airflow/example_dags/example_latest_only_with_trigger.py for tasks to queue
[2024-12-24T07:31:03.673+0000] {logging_mixin.py:190} INFO - [2024-12-24T07:31:03.673+0000] {dagbag.py:588} INFO - Filling up the DagBag from /home/airflow/.local/lib/python3.12/site-packages/airflow/example_dags/example_latest_only_with_trigger.py
[2024-12-24T07:31:03.695+0000] {processor.py:925} INFO - DAG(s) 'latest_only_with_trigger' retrieved from /home/airflow/.local/lib/python3.12/site-packages/airflow/example_dags/example_latest_only_with_trigger.py
[2024-12-24T07:31:03.746+0000] {logging_mixin.py:190} INFO - [2024-12-24T07:31:03.744+0000] {dag.py:3239} INFO - Sync 1 DAGs
[2024-12-24T07:31:03.830+0000] {logging_mixin.py:190} INFO - [2024-12-24T07:31:03.830+0000] {dag.py:4180} INFO - Setting next_dagrun for latest_only_with_trigger to 2024-12-24 00:00:00+00:00, run_after=2024-12-24 04:00:00+00:00
[2024-12-24T07:31:03.875+0000] {processor.py:208} INFO - Processing /home/airflow/.local/lib/python3.12/site-packages/airflow/example_dags/example_latest_only_with_trigger.py took 0.223 seconds
[2024-12-24T07:31:34.340+0000] {processor.py:186} INFO - Started process (PID=388) to work on /home/airflow/.local/lib/python3.12/site-packages/airflow/example_dags/example_latest_only_with_trigger.py
[2024-12-24T07:31:34.343+0000] {processor.py:914} INFO - Processing file /home/airflow/.local/lib/python3.12/site-packages/airflow/example_dags/example_latest_only_with_trigger.py for tasks to queue
[2024-12-24T07:31:34.351+0000] {logging_mixin.py:190} INFO - [2024-12-24T07:31:34.349+0000] {dagbag.py:588} INFO - Filling up the DagBag from /home/airflow/.local/lib/python3.12/site-packages/airflow/example_dags/example_latest_only_with_trigger.py
[2024-12-24T07:31:34.378+0000] {processor.py:925} INFO - DAG(s) 'latest_only_with_trigger' retrieved from /home/airflow/.local/lib/python3.12/site-packages/airflow/example_dags/example_latest_only_with_trigger.py
[2024-12-24T07:31:34.430+0000] {logging_mixin.py:190} INFO - [2024-12-24T07:31:34.429+0000] {dag.py:3239} INFO - Sync 1 DAGs
[2024-12-24T07:31:34.467+0000] {logging_mixin.py:190} INFO - [2024-12-24T07:31:34.467+0000] {dag.py:4180} INFO - Setting next_dagrun for latest_only_with_trigger to 2024-12-24 00:00:00+00:00, run_after=2024-12-24 04:00:00+00:00
[2024-12-24T07:31:34.502+0000] {processor.py:208} INFO - Processing /home/airflow/.local/lib/python3.12/site-packages/airflow/example_dags/example_latest_only_with_trigger.py took 0.175 seconds
[2024-12-24T07:32:04.754+0000] {processor.py:186} INFO - Started process (PID=454) to work on /home/airflow/.local/lib/python3.12/site-packages/airflow/example_dags/example_latest_only_with_trigger.py
[2024-12-24T07:32:04.755+0000] {processor.py:914} INFO - Processing file /home/airflow/.local/lib/python3.12/site-packages/airflow/example_dags/example_latest_only_with_trigger.py for tasks to queue
[2024-12-24T07:32:04.759+0000] {logging_mixin.py:190} INFO - [2024-12-24T07:32:04.759+0000] {dagbag.py:588} INFO - Filling up the DagBag from /home/airflow/.local/lib/python3.12/site-packages/airflow/example_dags/example_latest_only_with_trigger.py
[2024-12-24T07:32:04.769+0000] {processor.py:925} INFO - DAG(s) 'latest_only_with_trigger' retrieved from /home/airflow/.local/lib/python3.12/site-packages/airflow/example_dags/example_latest_only_with_trigger.py
[2024-12-24T07:32:04.803+0000] {logging_mixin.py:190} INFO - [2024-12-24T07:32:04.802+0000] {dag.py:3239} INFO - Sync 1 DAGs
[2024-12-24T07:32:04.832+0000] {logging_mixin.py:190} INFO - [2024-12-24T07:32:04.832+0000] {dag.py:4180} INFO - Setting next_dagrun for latest_only_with_trigger to 2024-12-24 00:00:00+00:00, run_after=2024-12-24 04:00:00+00:00
[2024-12-24T07:32:04.859+0000] {processor.py:208} INFO - Processing /home/airflow/.local/lib/python3.12/site-packages/airflow/example_dags/example_latest_only_with_trigger.py took 0.112 seconds
[2024-12-24T07:32:35.402+0000] {processor.py:186} INFO - Started process (PID=520) to work on /home/airflow/.local/lib/python3.12/site-packages/airflow/example_dags/example_latest_only_with_trigger.py
[2024-12-24T07:32:35.404+0000] {processor.py:914} INFO - Processing file /home/airflow/.local/lib/python3.12/site-packages/airflow/example_dags/example_latest_only_with_trigger.py for tasks to queue
[2024-12-24T07:32:35.407+0000] {logging_mixin.py:190} INFO - [2024-12-24T07:32:35.407+0000] {dagbag.py:588} INFO - Filling up the DagBag from /home/airflow/.local/lib/python3.12/site-packages/airflow/example_dags/example_latest_only_with_trigger.py
[2024-12-24T07:32:35.420+0000] {processor.py:925} INFO - DAG(s) 'latest_only_with_trigger' retrieved from /home/airflow/.local/lib/python3.12/site-packages/airflow/example_dags/example_latest_only_with_trigger.py
[2024-12-24T07:32:35.456+0000] {logging_mixin.py:190} INFO - [2024-12-24T07:32:35.456+0000] {dag.py:3239} INFO - Sync 1 DAGs
[2024-12-24T07:32:35.500+0000] {logging_mixin.py:190} INFO - [2024-12-24T07:32:35.499+0000] {dag.py:4180} INFO - Setting next_dagrun for latest_only_with_trigger to 2024-12-24 00:00:00+00:00, run_after=2024-12-24 04:00:00+00:00
[2024-12-24T07:32:35.539+0000] {processor.py:208} INFO - Processing /home/airflow/.local/lib/python3.12/site-packages/airflow/example_dags/example_latest_only_with_trigger.py took 0.147 seconds
[2024-12-24T07:33:06.347+0000] {processor.py:186} INFO - Started process (PID=586) to work on /home/airflow/.local/lib/python3.12/site-packages/airflow/example_dags/example_latest_only_with_trigger.py
[2024-12-24T07:33:06.348+0000] {processor.py:914} INFO - Processing file /home/airflow/.local/lib/python3.12/site-packages/airflow/example_dags/example_latest_only_with_trigger.py for tasks to queue
[2024-12-24T07:33:06.355+0000] {logging_mixin.py:190} INFO - [2024-12-24T07:33:06.354+0000] {dagbag.py:588} INFO - Filling up the DagBag from /home/airflow/.local/lib/python3.12/site-packages/airflow/example_dags/example_latest_only_with_trigger.py
[2024-12-24T07:33:06.376+0000] {processor.py:925} INFO - DAG(s) 'latest_only_with_trigger' retrieved from /home/airflow/.local/lib/python3.12/site-packages/airflow/example_dags/example_latest_only_with_trigger.py
[2024-12-24T07:33:06.420+0000] {logging_mixin.py:190} INFO - [2024-12-24T07:33:06.419+0000] {dag.py:3239} INFO - Sync 1 DAGs
[2024-12-24T07:33:06.476+0000] {logging_mixin.py:190} INFO - [2024-12-24T07:33:06.476+0000] {dag.py:4180} INFO - Setting next_dagrun for latest_only_with_trigger to 2024-12-24 00:00:00+00:00, run_after=2024-12-24 04:00:00+00:00
[2024-12-24T07:33:06.509+0000] {processor.py:208} INFO - Processing /home/airflow/.local/lib/python3.12/site-packages/airflow/example_dags/example_latest_only_with_trigger.py took 0.170 seconds
[2024-12-24T07:33:37.315+0000] {processor.py:186} INFO - Started process (PID=652) to work on /home/airflow/.local/lib/python3.12/site-packages/airflow/example_dags/example_latest_only_with_trigger.py
[2024-12-24T07:33:37.317+0000] {processor.py:914} INFO - Processing file /home/airflow/.local/lib/python3.12/site-packages/airflow/example_dags/example_latest_only_with_trigger.py for tasks to queue
[2024-12-24T07:33:37.323+0000] {logging_mixin.py:190} INFO - [2024-12-24T07:33:37.323+0000] {dagbag.py:588} INFO - Filling up the DagBag from /home/airflow/.local/lib/python3.12/site-packages/airflow/example_dags/example_latest_only_with_trigger.py
[2024-12-24T07:33:37.343+0000] {processor.py:925} INFO - DAG(s) 'latest_only_with_trigger' retrieved from /home/airflow/.local/lib/python3.12/site-packages/airflow/example_dags/example_latest_only_with_trigger.py
[2024-12-24T07:33:37.396+0000] {logging_mixin.py:190} INFO - [2024-12-24T07:33:37.395+0000] {dag.py:3239} INFO - Sync 1 DAGs
[2024-12-24T07:33:37.468+0000] {logging_mixin.py:190} INFO - [2024-12-24T07:33:37.467+0000] {dag.py:4180} INFO - Setting next_dagrun for latest_only_with_trigger to 2024-12-24 00:00:00+00:00, run_after=2024-12-24 04:00:00+00:00
[2024-12-24T07:33:37.581+0000] {processor.py:208} INFO - Processing /home/airflow/.local/lib/python3.12/site-packages/airflow/example_dags/example_latest_only_with_trigger.py took 0.279 seconds
[2024-12-24T07:34:07.670+0000] {processor.py:186} INFO - Started process (PID=718) to work on /home/airflow/.local/lib/python3.12/site-packages/airflow/example_dags/example_latest_only_with_trigger.py
[2024-12-24T07:34:07.672+0000] {processor.py:914} INFO - Processing file /home/airflow/.local/lib/python3.12/site-packages/airflow/example_dags/example_latest_only_with_trigger.py for tasks to queue
[2024-12-24T07:34:07.676+0000] {logging_mixin.py:190} INFO - [2024-12-24T07:34:07.676+0000] {dagbag.py:588} INFO - Filling up the DagBag from /home/airflow/.local/lib/python3.12/site-packages/airflow/example_dags/example_latest_only_with_trigger.py
[2024-12-24T07:34:07.689+0000] {processor.py:925} INFO - DAG(s) 'latest_only_with_trigger' retrieved from /home/airflow/.local/lib/python3.12/site-packages/airflow/example_dags/example_latest_only_with_trigger.py
[2024-12-24T07:34:07.725+0000] {logging_mixin.py:190} INFO - [2024-12-24T07:34:07.724+0000] {dag.py:3239} INFO - Sync 1 DAGs
[2024-12-24T07:34:07.759+0000] {logging_mixin.py:190} INFO - [2024-12-24T07:34:07.759+0000] {dag.py:4180} INFO - Setting next_dagrun for latest_only_with_trigger to 2024-12-24 00:00:00+00:00, run_after=2024-12-24 04:00:00+00:00
[2024-12-24T07:34:07.791+0000] {processor.py:208} INFO - Processing /home/airflow/.local/lib/python3.12/site-packages/airflow/example_dags/example_latest_only_with_trigger.py took 0.129 seconds
[2024-12-24T07:34:37.928+0000] {processor.py:186} INFO - Started process (PID=784) to work on /home/airflow/.local/lib/python3.12/site-packages/airflow/example_dags/example_latest_only_with_trigger.py
[2024-12-24T07:34:37.930+0000] {processor.py:914} INFO - Processing file /home/airflow/.local/lib/python3.12/site-packages/airflow/example_dags/example_latest_only_with_trigger.py for tasks to queue
[2024-12-24T07:34:37.933+0000] {logging_mixin.py:190} INFO - [2024-12-24T07:34:37.933+0000] {dagbag.py:588} INFO - Filling up the DagBag from /home/airflow/.local/lib/python3.12/site-packages/airflow/example_dags/example_latest_only_with_trigger.py
[2024-12-24T07:34:37.944+0000] {processor.py:925} INFO - DAG(s) 'latest_only_with_trigger' retrieved from /home/airflow/.local/lib/python3.12/site-packages/airflow/example_dags/example_latest_only_with_trigger.py
[2024-12-24T07:34:37.975+0000] {logging_mixin.py:190} INFO - [2024-12-24T07:34:37.974+0000] {dag.py:3239} INFO - Sync 1 DAGs
[2024-12-24T07:34:38.007+0000] {logging_mixin.py:190} INFO - [2024-12-24T07:34:38.007+0000] {dag.py:4180} INFO - Setting next_dagrun for latest_only_with_trigger to 2024-12-24 00:00:00+00:00, run_after=2024-12-24 04:00:00+00:00
[2024-12-24T07:34:38.054+0000] {processor.py:208} INFO - Processing /home/airflow/.local/lib/python3.12/site-packages/airflow/example_dags/example_latest_only_with_trigger.py took 0.134 seconds
[2024-12-24T07:35:08.939+0000] {processor.py:186} INFO - Started process (PID=851) to work on /home/airflow/.local/lib/python3.12/site-packages/airflow/example_dags/example_latest_only_with_trigger.py
[2024-12-24T07:35:08.942+0000] {processor.py:914} INFO - Processing file /home/airflow/.local/lib/python3.12/site-packages/airflow/example_dags/example_latest_only_with_trigger.py for tasks to queue
[2024-12-24T07:35:08.946+0000] {logging_mixin.py:190} INFO - [2024-12-24T07:35:08.945+0000] {dagbag.py:588} INFO - Filling up the DagBag from /home/airflow/.local/lib/python3.12/site-packages/airflow/example_dags/example_latest_only_with_trigger.py
[2024-12-24T07:35:08.956+0000] {processor.py:925} INFO - DAG(s) 'latest_only_with_trigger' retrieved from /home/airflow/.local/lib/python3.12/site-packages/airflow/example_dags/example_latest_only_with_trigger.py
[2024-12-24T07:35:08.989+0000] {logging_mixin.py:190} INFO - [2024-12-24T07:35:08.989+0000] {dag.py:3239} INFO - Sync 1 DAGs
[2024-12-24T07:35:09.022+0000] {logging_mixin.py:190} INFO - [2024-12-24T07:35:09.022+0000] {dag.py:4180} INFO - Setting next_dagrun for latest_only_with_trigger to 2024-12-24 00:00:00+00:00, run_after=2024-12-24 04:00:00+00:00
[2024-12-24T07:35:09.050+0000] {processor.py:208} INFO - Processing /home/airflow/.local/lib/python3.12/site-packages/airflow/example_dags/example_latest_only_with_trigger.py took 0.118 seconds
[2024-12-24T07:35:39.945+0000] {processor.py:186} INFO - Started process (PID=917) to work on /home/airflow/.local/lib/python3.12/site-packages/airflow/example_dags/example_latest_only_with_trigger.py
[2024-12-24T07:35:39.946+0000] {processor.py:914} INFO - Processing file /home/airflow/.local/lib/python3.12/site-packages/airflow/example_dags/example_latest_only_with_trigger.py for tasks to queue
[2024-12-24T07:35:39.952+0000] {logging_mixin.py:190} INFO - [2024-12-24T07:35:39.951+0000] {dagbag.py:588} INFO - Filling up the DagBag from /home/airflow/.local/lib/python3.12/site-packages/airflow/example_dags/example_latest_only_with_trigger.py
[2024-12-24T07:35:39.965+0000] {processor.py:925} INFO - DAG(s) 'latest_only_with_trigger' retrieved from /home/airflow/.local/lib/python3.12/site-packages/airflow/example_dags/example_latest_only_with_trigger.py
[2024-12-24T07:35:40.005+0000] {logging_mixin.py:190} INFO - [2024-12-24T07:35:40.005+0000] {dag.py:3239} INFO - Sync 1 DAGs
[2024-12-24T07:35:40.047+0000] {logging_mixin.py:190} INFO - [2024-12-24T07:35:40.047+0000] {dag.py:4180} INFO - Setting next_dagrun for latest_only_with_trigger to 2024-12-24 00:00:00+00:00, run_after=2024-12-24 04:00:00+00:00
[2024-12-24T07:35:40.089+0000] {processor.py:208} INFO - Processing /home/airflow/.local/lib/python3.12/site-packages/airflow/example_dags/example_latest_only_with_trigger.py took 0.154 seconds
[2024-12-24T07:36:10.796+0000] {processor.py:186} INFO - Started process (PID=983) to work on /home/airflow/.local/lib/python3.12/site-packages/airflow/example_dags/example_latest_only_with_trigger.py
[2024-12-24T07:36:10.797+0000] {processor.py:914} INFO - Processing file /home/airflow/.local/lib/python3.12/site-packages/airflow/example_dags/example_latest_only_with_trigger.py for tasks to queue
[2024-12-24T07:36:10.801+0000] {logging_mixin.py:190} INFO - [2024-12-24T07:36:10.801+0000] {dagbag.py:588} INFO - Filling up the DagBag from /home/airflow/.local/lib/python3.12/site-packages/airflow/example_dags/example_latest_only_with_trigger.py
[2024-12-24T07:36:10.814+0000] {processor.py:925} INFO - DAG(s) 'latest_only_with_trigger' retrieved from /home/airflow/.local/lib/python3.12/site-packages/airflow/example_dags/example_latest_only_with_trigger.py
[2024-12-24T07:36:10.852+0000] {logging_mixin.py:190} INFO - [2024-12-24T07:36:10.851+0000] {dag.py:3239} INFO - Sync 1 DAGs
[2024-12-24T07:36:10.884+0000] {logging_mixin.py:190} INFO - [2024-12-24T07:36:10.884+0000] {dag.py:4180} INFO - Setting next_dagrun for latest_only_with_trigger to 2024-12-24 00:00:00+00:00, run_after=2024-12-24 04:00:00+00:00
[2024-12-24T07:36:10.917+0000] {processor.py:208} INFO - Processing /home/airflow/.local/lib/python3.12/site-packages/airflow/example_dags/example_latest_only_with_trigger.py took 0.129 seconds
[2024-12-24T07:36:41.788+0000] {processor.py:186} INFO - Started process (PID=1049) to work on /home/airflow/.local/lib/python3.12/site-packages/airflow/example_dags/example_latest_only_with_trigger.py
[2024-12-24T07:36:41.790+0000] {processor.py:914} INFO - Processing file /home/airflow/.local/lib/python3.12/site-packages/airflow/example_dags/example_latest_only_with_trigger.py for tasks to queue
[2024-12-24T07:36:41.794+0000] {logging_mixin.py:190} INFO - [2024-12-24T07:36:41.793+0000] {dagbag.py:588} INFO - Filling up the DagBag from /home/airflow/.local/lib/python3.12/site-packages/airflow/example_dags/example_latest_only_with_trigger.py
[2024-12-24T07:36:41.805+0000] {processor.py:925} INFO - DAG(s) 'latest_only_with_trigger' retrieved from /home/airflow/.local/lib/python3.12/site-packages/airflow/example_dags/example_latest_only_with_trigger.py
[2024-12-24T07:36:41.838+0000] {logging_mixin.py:190} INFO - [2024-12-24T07:36:41.837+0000] {dag.py:3239} INFO - Sync 1 DAGs
[2024-12-24T07:36:41.872+0000] {logging_mixin.py:190} INFO - [2024-12-24T07:36:41.872+0000] {dag.py:4180} INFO - Setting next_dagrun for latest_only_with_trigger to 2024-12-24 00:00:00+00:00, run_after=2024-12-24 04:00:00+00:00
[2024-12-24T07:36:41.899+0000] {processor.py:208} INFO - Processing /home/airflow/.local/lib/python3.12/site-packages/airflow/example_dags/example_latest_only_with_trigger.py took 0.118 seconds
[2024-12-24T07:37:12.491+0000] {processor.py:186} INFO - Started process (PID=1115) to work on /home/airflow/.local/lib/python3.12/site-packages/airflow/example_dags/example_latest_only_with_trigger.py
[2024-12-24T07:37:12.493+0000] {processor.py:914} INFO - Processing file /home/airflow/.local/lib/python3.12/site-packages/airflow/example_dags/example_latest_only_with_trigger.py for tasks to queue
[2024-12-24T07:37:12.497+0000] {logging_mixin.py:190} INFO - [2024-12-24T07:37:12.497+0000] {dagbag.py:588} INFO - Filling up the DagBag from /home/airflow/.local/lib/python3.12/site-packages/airflow/example_dags/example_latest_only_with_trigger.py
[2024-12-24T07:37:12.511+0000] {processor.py:925} INFO - DAG(s) 'latest_only_with_trigger' retrieved from /home/airflow/.local/lib/python3.12/site-packages/airflow/example_dags/example_latest_only_with_trigger.py
[2024-12-24T07:37:12.560+0000] {logging_mixin.py:190} INFO - [2024-12-24T07:37:12.559+0000] {dag.py:3239} INFO - Sync 1 DAGs
[2024-12-24T07:37:12.597+0000] {logging_mixin.py:190} INFO - [2024-12-24T07:37:12.596+0000] {dag.py:4180} INFO - Setting next_dagrun for latest_only_with_trigger to 2024-12-24 00:00:00+00:00, run_after=2024-12-24 04:00:00+00:00
[2024-12-24T07:37:12.645+0000] {processor.py:208} INFO - Processing /home/airflow/.local/lib/python3.12/site-packages/airflow/example_dags/example_latest_only_with_trigger.py took 0.162 seconds
[2024-12-24T07:37:42.762+0000] {processor.py:186} INFO - Started process (PID=1180) to work on /home/airflow/.local/lib/python3.12/site-packages/airflow/example_dags/example_latest_only_with_trigger.py
[2024-12-24T07:37:42.763+0000] {processor.py:914} INFO - Processing file /home/airflow/.local/lib/python3.12/site-packages/airflow/example_dags/example_latest_only_with_trigger.py for tasks to queue
[2024-12-24T07:37:42.767+0000] {logging_mixin.py:190} INFO - [2024-12-24T07:37:42.767+0000] {dagbag.py:588} INFO - Filling up the DagBag from /home/airflow/.local/lib/python3.12/site-packages/airflow/example_dags/example_latest_only_with_trigger.py
[2024-12-24T07:37:42.779+0000] {processor.py:925} INFO - DAG(s) 'latest_only_with_trigger' retrieved from /home/airflow/.local/lib/python3.12/site-packages/airflow/example_dags/example_latest_only_with_trigger.py
[2024-12-24T07:37:42.812+0000] {logging_mixin.py:190} INFO - [2024-12-24T07:37:42.811+0000] {dag.py:3239} INFO - Sync 1 DAGs
[2024-12-24T07:37:42.866+0000] {logging_mixin.py:190} INFO - [2024-12-24T07:37:42.865+0000] {dag.py:4180} INFO - Setting next_dagrun for latest_only_with_trigger to 2024-12-24 00:00:00+00:00, run_after=2024-12-24 04:00:00+00:00
[2024-12-24T07:37:42.907+0000] {processor.py:208} INFO - Processing /home/airflow/.local/lib/python3.12/site-packages/airflow/example_dags/example_latest_only_with_trigger.py took 0.154 seconds
[2024-12-24T07:38:13.430+0000] {processor.py:186} INFO - Started process (PID=1246) to work on /home/airflow/.local/lib/python3.12/site-packages/airflow/example_dags/example_latest_only_with_trigger.py
[2024-12-24T07:38:13.432+0000] {processor.py:914} INFO - Processing file /home/airflow/.local/lib/python3.12/site-packages/airflow/example_dags/example_latest_only_with_trigger.py for tasks to queue
[2024-12-24T07:38:13.438+0000] {logging_mixin.py:190} INFO - [2024-12-24T07:38:13.437+0000] {dagbag.py:588} INFO - Filling up the DagBag from /home/airflow/.local/lib/python3.12/site-packages/airflow/example_dags/example_latest_only_with_trigger.py
[2024-12-24T07:38:13.455+0000] {processor.py:925} INFO - DAG(s) 'latest_only_with_trigger' retrieved from /home/airflow/.local/lib/python3.12/site-packages/airflow/example_dags/example_latest_only_with_trigger.py
[2024-12-24T07:38:13.504+0000] {logging_mixin.py:190} INFO - [2024-12-24T07:38:13.504+0000] {dag.py:3239} INFO - Sync 1 DAGs
[2024-12-24T07:38:13.545+0000] {logging_mixin.py:190} INFO - [2024-12-24T07:38:13.544+0000] {dag.py:4180} INFO - Setting next_dagrun for latest_only_with_trigger to 2024-12-24 00:00:00+00:00, run_after=2024-12-24 04:00:00+00:00
[2024-12-24T07:38:13.578+0000] {processor.py:208} INFO - Processing /home/airflow/.local/lib/python3.12/site-packages/airflow/example_dags/example_latest_only_with_trigger.py took 0.158 seconds
[2024-12-24T07:38:44.232+0000] {processor.py:186} INFO - Started process (PID=1311) to work on /home/airflow/.local/lib/python3.12/site-packages/airflow/example_dags/example_latest_only_with_trigger.py
[2024-12-24T07:38:44.234+0000] {processor.py:914} INFO - Processing file /home/airflow/.local/lib/python3.12/site-packages/airflow/example_dags/example_latest_only_with_trigger.py for tasks to queue
[2024-12-24T07:38:44.238+0000] {logging_mixin.py:190} INFO - [2024-12-24T07:38:44.238+0000] {dagbag.py:588} INFO - Filling up the DagBag from /home/airflow/.local/lib/python3.12/site-packages/airflow/example_dags/example_latest_only_with_trigger.py
[2024-12-24T07:38:44.253+0000] {processor.py:925} INFO - DAG(s) 'latest_only_with_trigger' retrieved from /home/airflow/.local/lib/python3.12/site-packages/airflow/example_dags/example_latest_only_with_trigger.py
[2024-12-24T07:38:44.295+0000] {logging_mixin.py:190} INFO - [2024-12-24T07:38:44.294+0000] {dag.py:3239} INFO - Sync 1 DAGs
[2024-12-24T07:38:44.335+0000] {logging_mixin.py:190} INFO - [2024-12-24T07:38:44.335+0000] {dag.py:4180} INFO - Setting next_dagrun for latest_only_with_trigger to 2024-12-24 00:00:00+00:00, run_after=2024-12-24 04:00:00+00:00
[2024-12-24T07:38:44.374+0000] {processor.py:208} INFO - Processing /home/airflow/.local/lib/python3.12/site-packages/airflow/example_dags/example_latest_only_with_trigger.py took 0.150 seconds
[2024-12-24T07:39:14.896+0000] {processor.py:186} INFO - Started process (PID=1377) to work on /home/airflow/.local/lib/python3.12/site-packages/airflow/example_dags/example_latest_only_with_trigger.py
[2024-12-24T07:39:14.899+0000] {processor.py:914} INFO - Processing file /home/airflow/.local/lib/python3.12/site-packages/airflow/example_dags/example_latest_only_with_trigger.py for tasks to queue
[2024-12-24T07:39:14.907+0000] {logging_mixin.py:190} INFO - [2024-12-24T07:39:14.906+0000] {dagbag.py:588} INFO - Filling up the DagBag from /home/airflow/.local/lib/python3.12/site-packages/airflow/example_dags/example_latest_only_with_trigger.py
[2024-12-24T07:39:14.925+0000] {processor.py:925} INFO - DAG(s) 'latest_only_with_trigger' retrieved from /home/airflow/.local/lib/python3.12/site-packages/airflow/example_dags/example_latest_only_with_trigger.py
[2024-12-24T07:39:14.975+0000] {logging_mixin.py:190} INFO - [2024-12-24T07:39:14.974+0000] {dag.py:3239} INFO - Sync 1 DAGs
[2024-12-24T07:39:15.026+0000] {logging_mixin.py:190} INFO - [2024-12-24T07:39:15.026+0000] {dag.py:4180} INFO - Setting next_dagrun for latest_only_with_trigger to 2024-12-24 00:00:00+00:00, run_after=2024-12-24 04:00:00+00:00
[2024-12-24T07:39:15.068+0000] {processor.py:208} INFO - Processing /home/airflow/.local/lib/python3.12/site-packages/airflow/example_dags/example_latest_only_with_trigger.py took 0.180 seconds
[2024-12-24T07:39:45.138+0000] {processor.py:186} INFO - Started process (PID=1442) to work on /home/airflow/.local/lib/python3.12/site-packages/airflow/example_dags/example_latest_only_with_trigger.py
[2024-12-24T07:39:45.140+0000] {processor.py:914} INFO - Processing file /home/airflow/.local/lib/python3.12/site-packages/airflow/example_dags/example_latest_only_with_trigger.py for tasks to queue
[2024-12-24T07:39:45.143+0000] {logging_mixin.py:190} INFO - [2024-12-24T07:39:45.143+0000] {dagbag.py:588} INFO - Filling up the DagBag from /home/airflow/.local/lib/python3.12/site-packages/airflow/example_dags/example_latest_only_with_trigger.py
[2024-12-24T07:39:45.154+0000] {processor.py:925} INFO - DAG(s) 'latest_only_with_trigger' retrieved from /home/airflow/.local/lib/python3.12/site-packages/airflow/example_dags/example_latest_only_with_trigger.py
[2024-12-24T07:39:45.184+0000] {logging_mixin.py:190} INFO - [2024-12-24T07:39:45.183+0000] {dag.py:3239} INFO - Sync 1 DAGs
[2024-12-24T07:39:45.213+0000] {logging_mixin.py:190} INFO - [2024-12-24T07:39:45.213+0000] {dag.py:4180} INFO - Setting next_dagrun for latest_only_with_trigger to 2024-12-24 00:00:00+00:00, run_after=2024-12-24 04:00:00+00:00
[2024-12-24T07:39:45.238+0000] {processor.py:208} INFO - Processing /home/airflow/.local/lib/python3.12/site-packages/airflow/example_dags/example_latest_only_with_trigger.py took 0.107 seconds
[2024-12-24T07:40:15.482+0000] {processor.py:186} INFO - Started process (PID=1508) to work on /home/airflow/.local/lib/python3.12/site-packages/airflow/example_dags/example_latest_only_with_trigger.py
[2024-12-24T07:40:15.484+0000] {processor.py:914} INFO - Processing file /home/airflow/.local/lib/python3.12/site-packages/airflow/example_dags/example_latest_only_with_trigger.py for tasks to queue
[2024-12-24T07:40:15.487+0000] {logging_mixin.py:190} INFO - [2024-12-24T07:40:15.486+0000] {dagbag.py:588} INFO - Filling up the DagBag from /home/airflow/.local/lib/python3.12/site-packages/airflow/example_dags/example_latest_only_with_trigger.py
[2024-12-24T07:40:15.507+0000] {processor.py:925} INFO - DAG(s) 'latest_only_with_trigger' retrieved from /home/airflow/.local/lib/python3.12/site-packages/airflow/example_dags/example_latest_only_with_trigger.py
[2024-12-24T07:40:15.548+0000] {logging_mixin.py:190} INFO - [2024-12-24T07:40:15.547+0000] {dag.py:3239} INFO - Sync 1 DAGs
[2024-12-24T07:40:15.593+0000] {logging_mixin.py:190} INFO - [2024-12-24T07:40:15.593+0000] {dag.py:4180} INFO - Setting next_dagrun for latest_only_with_trigger to 2024-12-24 00:00:00+00:00, run_after=2024-12-24 04:00:00+00:00
[2024-12-24T07:40:15.637+0000] {processor.py:208} INFO - Processing /home/airflow/.local/lib/python3.12/site-packages/airflow/example_dags/example_latest_only_with_trigger.py took 0.165 seconds
[2024-12-24T07:40:46.767+0000] {processor.py:186} INFO - Started process (PID=1575) to work on /home/airflow/.local/lib/python3.12/site-packages/airflow/example_dags/example_latest_only_with_trigger.py
[2024-12-24T07:40:46.771+0000] {processor.py:914} INFO - Processing file /home/airflow/.local/lib/python3.12/site-packages/airflow/example_dags/example_latest_only_with_trigger.py for tasks to queue
[2024-12-24T07:40:46.774+0000] {logging_mixin.py:190} INFO - [2024-12-24T07:40:46.774+0000] {dagbag.py:588} INFO - Filling up the DagBag from /home/airflow/.local/lib/python3.12/site-packages/airflow/example_dags/example_latest_only_with_trigger.py
[2024-12-24T07:40:46.795+0000] {processor.py:925} INFO - DAG(s) 'latest_only_with_trigger' retrieved from /home/airflow/.local/lib/python3.12/site-packages/airflow/example_dags/example_latest_only_with_trigger.py
[2024-12-24T07:40:46.846+0000] {logging_mixin.py:190} INFO - [2024-12-24T07:40:46.845+0000] {dag.py:3239} INFO - Sync 1 DAGs
[2024-12-24T07:40:46.903+0000] {logging_mixin.py:190} INFO - [2024-12-24T07:40:46.902+0000] {dag.py:4180} INFO - Setting next_dagrun for latest_only_with_trigger to 2024-12-24 00:00:00+00:00, run_after=2024-12-24 04:00:00+00:00
[2024-12-24T07:40:46.951+0000] {processor.py:208} INFO - Processing /home/airflow/.local/lib/python3.12/site-packages/airflow/example_dags/example_latest_only_with_trigger.py took 0.203 seconds
[2024-12-24T07:41:17.643+0000] {processor.py:186} INFO - Started process (PID=1641) to work on /home/airflow/.local/lib/python3.12/site-packages/airflow/example_dags/example_latest_only_with_trigger.py
[2024-12-24T07:41:17.644+0000] {processor.py:914} INFO - Processing file /home/airflow/.local/lib/python3.12/site-packages/airflow/example_dags/example_latest_only_with_trigger.py for tasks to queue
[2024-12-24T07:41:17.646+0000] {logging_mixin.py:190} INFO - [2024-12-24T07:41:17.646+0000] {dagbag.py:588} INFO - Filling up the DagBag from /home/airflow/.local/lib/python3.12/site-packages/airflow/example_dags/example_latest_only_with_trigger.py
[2024-12-24T07:41:17.658+0000] {processor.py:925} INFO - DAG(s) 'latest_only_with_trigger' retrieved from /home/airflow/.local/lib/python3.12/site-packages/airflow/example_dags/example_latest_only_with_trigger.py
[2024-12-24T07:41:17.689+0000] {logging_mixin.py:190} INFO - [2024-12-24T07:41:17.689+0000] {dag.py:3239} INFO - Sync 1 DAGs
[2024-12-24T07:41:17.720+0000] {logging_mixin.py:190} INFO - [2024-12-24T07:41:17.720+0000] {dag.py:4180} INFO - Setting next_dagrun for latest_only_with_trigger to 2024-12-24 00:00:00+00:00, run_after=2024-12-24 04:00:00+00:00
[2024-12-24T07:41:17.751+0000] {processor.py:208} INFO - Processing /home/airflow/.local/lib/python3.12/site-packages/airflow/example_dags/example_latest_only_with_trigger.py took 0.116 seconds
[2024-12-24T07:41:48.613+0000] {processor.py:186} INFO - Started process (PID=1708) to work on /home/airflow/.local/lib/python3.12/site-packages/airflow/example_dags/example_latest_only_with_trigger.py
[2024-12-24T07:41:48.616+0000] {processor.py:914} INFO - Processing file /home/airflow/.local/lib/python3.12/site-packages/airflow/example_dags/example_latest_only_with_trigger.py for tasks to queue
[2024-12-24T07:41:48.618+0000] {logging_mixin.py:190} INFO - [2024-12-24T07:41:48.618+0000] {dagbag.py:588} INFO - Filling up the DagBag from /home/airflow/.local/lib/python3.12/site-packages/airflow/example_dags/example_latest_only_with_trigger.py
[2024-12-24T07:41:48.633+0000] {processor.py:925} INFO - DAG(s) 'latest_only_with_trigger' retrieved from /home/airflow/.local/lib/python3.12/site-packages/airflow/example_dags/example_latest_only_with_trigger.py
[2024-12-24T07:41:48.675+0000] {logging_mixin.py:190} INFO - [2024-12-24T07:41:48.675+0000] {dag.py:3239} INFO - Sync 1 DAGs
[2024-12-24T07:41:48.730+0000] {logging_mixin.py:190} INFO - [2024-12-24T07:41:48.729+0000] {dag.py:4180} INFO - Setting next_dagrun for latest_only_with_trigger to 2024-12-24 00:00:00+00:00, run_after=2024-12-24 04:00:00+00:00
[2024-12-24T07:41:48.793+0000] {processor.py:208} INFO - Processing /home/airflow/.local/lib/python3.12/site-packages/airflow/example_dags/example_latest_only_with_trigger.py took 0.191 seconds
