[2024-12-24T07:28:56.582+0000] {processor.py:186} INFO - Started process (PID=53) to work on /home/airflow/.local/lib/python3.12/site-packages/airflow/example_dags/example_external_task_marker_dag.py
[2024-12-24T07:28:56.585+0000] {processor.py:914} INFO - Processing file /home/airflow/.local/lib/python3.12/site-packages/airflow/example_dags/example_external_task_marker_dag.py for tasks to queue
[2024-12-24T07:28:56.590+0000] {logging_mixin.py:190} INFO - [2024-12-24T07:28:56.589+0000] {dagbag.py:588} INFO - Filling up the DagBag from /home/airflow/.local/lib/python3.12/site-packages/airflow/example_dags/example_external_task_marker_dag.py
[2024-12-24T07:28:56.606+0000] {processor.py:925} INFO - DAG(s) 'example_external_task_marker_parent', 'example_external_task_marker_child' retrieved from /home/airflow/.local/lib/python3.12/site-packages/airflow/example_dags/example_external_task_marker_dag.py
[2024-12-24T07:28:56.885+0000] {logging_mixin.py:190} INFO - [2024-12-24T07:28:56.880+0000] {override.py:1911} INFO - Created Permission View: can read on DAG:example_external_task_marker_parent
[2024-12-24T07:28:56.914+0000] {logging_mixin.py:190} INFO - [2024-12-24T07:28:56.913+0000] {override.py:1911} INFO - Created Permission View: can edit on DAG:example_external_task_marker_parent
[2024-12-24T07:28:56.937+0000] {logging_mixin.py:190} INFO - [2024-12-24T07:28:56.936+0000] {override.py:1911} INFO - Created Permission View: can delete on DAG:example_external_task_marker_parent
[2024-12-24T07:28:56.964+0000] {logging_mixin.py:190} INFO - [2024-12-24T07:28:56.963+0000] {override.py:1911} INFO - Created Permission View: can read on DAG Run:example_external_task_marker_parent
[2024-12-24T07:28:56.987+0000] {logging_mixin.py:190} INFO - [2024-12-24T07:28:56.986+0000] {override.py:1911} INFO - Created Permission View: can create on DAG Run:example_external_task_marker_parent
[2024-12-24T07:28:57.009+0000] {logging_mixin.py:190} INFO - [2024-12-24T07:28:57.009+0000] {override.py:1911} INFO - Created Permission View: can delete on DAG Run:example_external_task_marker_parent
[2024-12-24T07:28:57.044+0000] {logging_mixin.py:190} INFO - [2024-12-24T07:28:57.044+0000] {override.py:1911} INFO - Created Permission View: menu access on DAG Run:example_external_task_marker_parent
[2024-12-24T07:28:57.076+0000] {logging_mixin.py:190} INFO - [2024-12-24T07:28:57.075+0000] {override.py:1911} INFO - Created Permission View: can read on DAG:example_external_task_marker_child
[2024-12-24T07:28:57.091+0000] {logging_mixin.py:190} INFO - [2024-12-24T07:28:57.090+0000] {override.py:1911} INFO - Created Permission View: can edit on DAG:example_external_task_marker_child
[2024-12-24T07:28:57.105+0000] {logging_mixin.py:190} INFO - [2024-12-24T07:28:57.104+0000] {override.py:1911} INFO - Created Permission View: can delete on DAG:example_external_task_marker_child
[2024-12-24T07:28:57.125+0000] {logging_mixin.py:190} INFO - [2024-12-24T07:28:57.124+0000] {override.py:1911} INFO - Created Permission View: can read on DAG Run:example_external_task_marker_child
[2024-12-24T07:28:57.138+0000] {logging_mixin.py:190} INFO - [2024-12-24T07:28:57.138+0000] {override.py:1911} INFO - Created Permission View: can create on DAG Run:example_external_task_marker_child
[2024-12-24T07:28:57.153+0000] {logging_mixin.py:190} INFO - [2024-12-24T07:28:57.153+0000] {override.py:1911} INFO - Created Permission View: can delete on DAG Run:example_external_task_marker_child
[2024-12-24T07:28:57.170+0000] {logging_mixin.py:190} INFO - [2024-12-24T07:28:57.170+0000] {override.py:1911} INFO - Created Permission View: menu access on DAG Run:example_external_task_marker_child
[2024-12-24T07:28:57.173+0000] {logging_mixin.py:190} INFO - [2024-12-24T07:28:57.172+0000] {dag.py:3239} INFO - Sync 2 DAGs
[2024-12-24T07:28:57.195+0000] {logging_mixin.py:190} INFO - [2024-12-24T07:28:57.194+0000] {dag.py:3262} INFO - Creating ORM DAG for example_external_task_marker_parent
[2024-12-24T07:28:57.196+0000] {logging_mixin.py:190} INFO - [2024-12-24T07:28:57.196+0000] {dag.py:3262} INFO - Creating ORM DAG for example_external_task_marker_child
[2024-12-24T07:28:57.199+0000] {logging_mixin.py:190} INFO - [2024-12-24T07:28:57.198+0000] {dag.py:4180} INFO - Setting next_dagrun for example_external_task_marker_child to None, run_after=None
[2024-12-24T07:28:57.200+0000] {logging_mixin.py:190} INFO - [2024-12-24T07:28:57.200+0000] {dag.py:4180} INFO - Setting next_dagrun for example_external_task_marker_parent to None, run_after=None
[2024-12-24T07:28:57.233+0000] {processor.py:208} INFO - Processing /home/airflow/.local/lib/python3.12/site-packages/airflow/example_dags/example_external_task_marker_dag.py took 0.662 seconds
[2024-12-24T07:29:27.295+0000] {processor.py:186} INFO - Started process (PID=119) to work on /home/airflow/.local/lib/python3.12/site-packages/airflow/example_dags/example_external_task_marker_dag.py
[2024-12-24T07:29:27.297+0000] {processor.py:914} INFO - Processing file /home/airflow/.local/lib/python3.12/site-packages/airflow/example_dags/example_external_task_marker_dag.py for tasks to queue
[2024-12-24T07:29:27.303+0000] {logging_mixin.py:190} INFO - [2024-12-24T07:29:27.302+0000] {dagbag.py:588} INFO - Filling up the DagBag from /home/airflow/.local/lib/python3.12/site-packages/airflow/example_dags/example_external_task_marker_dag.py
[2024-12-24T07:29:27.318+0000] {processor.py:925} INFO - DAG(s) 'example_external_task_marker_parent', 'example_external_task_marker_child' retrieved from /home/airflow/.local/lib/python3.12/site-packages/airflow/example_dags/example_external_task_marker_dag.py
[2024-12-24T07:29:27.369+0000] {logging_mixin.py:190} INFO - [2024-12-24T07:29:27.368+0000] {dag.py:3239} INFO - Sync 2 DAGs
[2024-12-24T07:29:27.415+0000] {logging_mixin.py:190} INFO - [2024-12-24T07:29:27.415+0000] {dag.py:4180} INFO - Setting next_dagrun for example_external_task_marker_child to None, run_after=None
[2024-12-24T07:29:27.425+0000] {logging_mixin.py:190} INFO - [2024-12-24T07:29:27.425+0000] {dag.py:4180} INFO - Setting next_dagrun for example_external_task_marker_parent to None, run_after=None
[2024-12-24T07:29:27.467+0000] {processor.py:208} INFO - Processing /home/airflow/.local/lib/python3.12/site-packages/airflow/example_dags/example_external_task_marker_dag.py took 0.180 seconds
[2024-12-24T07:29:57.508+0000] {processor.py:186} INFO - Started process (PID=185) to work on /home/airflow/.local/lib/python3.12/site-packages/airflow/example_dags/example_external_task_marker_dag.py
[2024-12-24T07:29:57.510+0000] {processor.py:914} INFO - Processing file /home/airflow/.local/lib/python3.12/site-packages/airflow/example_dags/example_external_task_marker_dag.py for tasks to queue
[2024-12-24T07:29:57.517+0000] {logging_mixin.py:190} INFO - [2024-12-24T07:29:57.516+0000] {dagbag.py:588} INFO - Filling up the DagBag from /home/airflow/.local/lib/python3.12/site-packages/airflow/example_dags/example_external_task_marker_dag.py
[2024-12-24T07:29:57.529+0000] {processor.py:925} INFO - DAG(s) 'example_external_task_marker_parent', 'example_external_task_marker_child' retrieved from /home/airflow/.local/lib/python3.12/site-packages/airflow/example_dags/example_external_task_marker_dag.py
[2024-12-24T07:29:57.563+0000] {logging_mixin.py:190} INFO - [2024-12-24T07:29:57.562+0000] {dag.py:3239} INFO - Sync 2 DAGs
[2024-12-24T07:29:57.584+0000] {logging_mixin.py:190} INFO - [2024-12-24T07:29:57.583+0000] {dag.py:4180} INFO - Setting next_dagrun for example_external_task_marker_child to None, run_after=None
[2024-12-24T07:29:57.591+0000] {logging_mixin.py:190} INFO - [2024-12-24T07:29:57.591+0000] {dag.py:4180} INFO - Setting next_dagrun for example_external_task_marker_parent to None, run_after=None
[2024-12-24T07:29:57.618+0000] {processor.py:208} INFO - Processing /home/airflow/.local/lib/python3.12/site-packages/airflow/example_dags/example_external_task_marker_dag.py took 0.120 seconds
[2024-12-24T07:30:28.234+0000] {processor.py:186} INFO - Started process (PID=251) to work on /home/airflow/.local/lib/python3.12/site-packages/airflow/example_dags/example_external_task_marker_dag.py
[2024-12-24T07:30:28.235+0000] {processor.py:914} INFO - Processing file /home/airflow/.local/lib/python3.12/site-packages/airflow/example_dags/example_external_task_marker_dag.py for tasks to queue
[2024-12-24T07:30:28.239+0000] {logging_mixin.py:190} INFO - [2024-12-24T07:30:28.239+0000] {dagbag.py:588} INFO - Filling up the DagBag from /home/airflow/.local/lib/python3.12/site-packages/airflow/example_dags/example_external_task_marker_dag.py
[2024-12-24T07:30:28.251+0000] {processor.py:925} INFO - DAG(s) 'example_external_task_marker_parent', 'example_external_task_marker_child' retrieved from /home/airflow/.local/lib/python3.12/site-packages/airflow/example_dags/example_external_task_marker_dag.py
[2024-12-24T07:30:28.309+0000] {logging_mixin.py:190} INFO - [2024-12-24T07:30:28.308+0000] {dag.py:3239} INFO - Sync 2 DAGs
[2024-12-24T07:30:28.337+0000] {logging_mixin.py:190} INFO - [2024-12-24T07:30:28.336+0000] {dag.py:4180} INFO - Setting next_dagrun for example_external_task_marker_child to None, run_after=None
[2024-12-24T07:30:28.345+0000] {logging_mixin.py:190} INFO - [2024-12-24T07:30:28.345+0000] {dag.py:4180} INFO - Setting next_dagrun for example_external_task_marker_parent to None, run_after=None
[2024-12-24T07:30:28.376+0000] {processor.py:208} INFO - Processing /home/airflow/.local/lib/python3.12/site-packages/airflow/example_dags/example_external_task_marker_dag.py took 0.150 seconds
[2024-12-24T07:30:59.206+0000] {processor.py:186} INFO - Started process (PID=317) to work on /home/airflow/.local/lib/python3.12/site-packages/airflow/example_dags/example_external_task_marker_dag.py
[2024-12-24T07:30:59.209+0000] {processor.py:914} INFO - Processing file /home/airflow/.local/lib/python3.12/site-packages/airflow/example_dags/example_external_task_marker_dag.py for tasks to queue
[2024-12-24T07:30:59.217+0000] {logging_mixin.py:190} INFO - [2024-12-24T07:30:59.217+0000] {dagbag.py:588} INFO - Filling up the DagBag from /home/airflow/.local/lib/python3.12/site-packages/airflow/example_dags/example_external_task_marker_dag.py
[2024-12-24T07:30:59.242+0000] {processor.py:925} INFO - DAG(s) 'example_external_task_marker_child', 'example_external_task_marker_parent' retrieved from /home/airflow/.local/lib/python3.12/site-packages/airflow/example_dags/example_external_task_marker_dag.py
[2024-12-24T07:30:59.310+0000] {logging_mixin.py:190} INFO - [2024-12-24T07:30:59.309+0000] {dag.py:3239} INFO - Sync 2 DAGs
[2024-12-24T07:30:59.339+0000] {logging_mixin.py:190} INFO - [2024-12-24T07:30:59.339+0000] {dag.py:4180} INFO - Setting next_dagrun for example_external_task_marker_child to None, run_after=None
[2024-12-24T07:30:59.346+0000] {logging_mixin.py:190} INFO - [2024-12-24T07:30:59.346+0000] {dag.py:4180} INFO - Setting next_dagrun for example_external_task_marker_parent to None, run_after=None
[2024-12-24T07:30:59.387+0000] {processor.py:208} INFO - Processing /home/airflow/.local/lib/python3.12/site-packages/airflow/example_dags/example_external_task_marker_dag.py took 0.198 seconds
[2024-12-24T07:31:29.495+0000] {processor.py:186} INFO - Started process (PID=382) to work on /home/airflow/.local/lib/python3.12/site-packages/airflow/example_dags/example_external_task_marker_dag.py
[2024-12-24T07:31:29.497+0000] {processor.py:914} INFO - Processing file /home/airflow/.local/lib/python3.12/site-packages/airflow/example_dags/example_external_task_marker_dag.py for tasks to queue
[2024-12-24T07:31:29.503+0000] {logging_mixin.py:190} INFO - [2024-12-24T07:31:29.503+0000] {dagbag.py:588} INFO - Filling up the DagBag from /home/airflow/.local/lib/python3.12/site-packages/airflow/example_dags/example_external_task_marker_dag.py
[2024-12-24T07:31:29.524+0000] {processor.py:925} INFO - DAG(s) 'example_external_task_marker_child', 'example_external_task_marker_parent' retrieved from /home/airflow/.local/lib/python3.12/site-packages/airflow/example_dags/example_external_task_marker_dag.py
[2024-12-24T07:31:29.583+0000] {logging_mixin.py:190} INFO - [2024-12-24T07:31:29.583+0000] {dag.py:3239} INFO - Sync 2 DAGs
[2024-12-24T07:31:29.603+0000] {logging_mixin.py:190} INFO - [2024-12-24T07:31:29.603+0000] {dag.py:4180} INFO - Setting next_dagrun for example_external_task_marker_child to None, run_after=None
[2024-12-24T07:31:29.609+0000] {logging_mixin.py:190} INFO - [2024-12-24T07:31:29.609+0000] {dag.py:4180} INFO - Setting next_dagrun for example_external_task_marker_parent to None, run_after=None
[2024-12-24T07:31:29.636+0000] {processor.py:208} INFO - Processing /home/airflow/.local/lib/python3.12/site-packages/airflow/example_dags/example_external_task_marker_dag.py took 0.156 seconds
[2024-12-24T07:32:00.017+0000] {processor.py:186} INFO - Started process (PID=448) to work on /home/airflow/.local/lib/python3.12/site-packages/airflow/example_dags/example_external_task_marker_dag.py
[2024-12-24T07:32:00.019+0000] {processor.py:914} INFO - Processing file /home/airflow/.local/lib/python3.12/site-packages/airflow/example_dags/example_external_task_marker_dag.py for tasks to queue
[2024-12-24T07:32:00.023+0000] {logging_mixin.py:190} INFO - [2024-12-24T07:32:00.023+0000] {dagbag.py:588} INFO - Filling up the DagBag from /home/airflow/.local/lib/python3.12/site-packages/airflow/example_dags/example_external_task_marker_dag.py
[2024-12-24T07:32:00.036+0000] {processor.py:925} INFO - DAG(s) 'example_external_task_marker_child', 'example_external_task_marker_parent' retrieved from /home/airflow/.local/lib/python3.12/site-packages/airflow/example_dags/example_external_task_marker_dag.py
[2024-12-24T07:32:00.083+0000] {logging_mixin.py:190} INFO - [2024-12-24T07:32:00.082+0000] {dag.py:3239} INFO - Sync 2 DAGs
[2024-12-24T07:32:00.109+0000] {logging_mixin.py:190} INFO - [2024-12-24T07:32:00.109+0000] {dag.py:4180} INFO - Setting next_dagrun for example_external_task_marker_child to None, run_after=None
[2024-12-24T07:32:00.119+0000] {logging_mixin.py:190} INFO - [2024-12-24T07:32:00.119+0000] {dag.py:4180} INFO - Setting next_dagrun for example_external_task_marker_parent to None, run_after=None
[2024-12-24T07:32:00.159+0000] {processor.py:208} INFO - Processing /home/airflow/.local/lib/python3.12/site-packages/airflow/example_dags/example_external_task_marker_dag.py took 0.153 seconds
[2024-12-24T07:32:30.464+0000] {processor.py:186} INFO - Started process (PID=514) to work on /home/airflow/.local/lib/python3.12/site-packages/airflow/example_dags/example_external_task_marker_dag.py
[2024-12-24T07:32:30.466+0000] {processor.py:914} INFO - Processing file /home/airflow/.local/lib/python3.12/site-packages/airflow/example_dags/example_external_task_marker_dag.py for tasks to queue
[2024-12-24T07:32:30.472+0000] {logging_mixin.py:190} INFO - [2024-12-24T07:32:30.471+0000] {dagbag.py:588} INFO - Filling up the DagBag from /home/airflow/.local/lib/python3.12/site-packages/airflow/example_dags/example_external_task_marker_dag.py
[2024-12-24T07:32:30.487+0000] {processor.py:925} INFO - DAG(s) 'example_external_task_marker_child', 'example_external_task_marker_parent' retrieved from /home/airflow/.local/lib/python3.12/site-packages/airflow/example_dags/example_external_task_marker_dag.py
[2024-12-24T07:32:30.534+0000] {logging_mixin.py:190} INFO - [2024-12-24T07:32:30.533+0000] {dag.py:3239} INFO - Sync 2 DAGs
[2024-12-24T07:32:30.558+0000] {logging_mixin.py:190} INFO - [2024-12-24T07:32:30.558+0000] {dag.py:4180} INFO - Setting next_dagrun for example_external_task_marker_child to None, run_after=None
[2024-12-24T07:32:30.567+0000] {logging_mixin.py:190} INFO - [2024-12-24T07:32:30.567+0000] {dag.py:4180} INFO - Setting next_dagrun for example_external_task_marker_parent to None, run_after=None
[2024-12-24T07:32:30.598+0000] {processor.py:208} INFO - Processing /home/airflow/.local/lib/python3.12/site-packages/airflow/example_dags/example_external_task_marker_dag.py took 0.147 seconds
[2024-12-24T07:33:02.190+0000] {processor.py:186} INFO - Started process (PID=580) to work on /home/airflow/.local/lib/python3.12/site-packages/airflow/example_dags/example_external_task_marker_dag.py
[2024-12-24T07:33:02.193+0000] {processor.py:914} INFO - Processing file /home/airflow/.local/lib/python3.12/site-packages/airflow/example_dags/example_external_task_marker_dag.py for tasks to queue
[2024-12-24T07:33:02.198+0000] {logging_mixin.py:190} INFO - [2024-12-24T07:33:02.198+0000] {dagbag.py:588} INFO - Filling up the DagBag from /home/airflow/.local/lib/python3.12/site-packages/airflow/example_dags/example_external_task_marker_dag.py
[2024-12-24T07:33:02.222+0000] {processor.py:925} INFO - DAG(s) 'example_external_task_marker_parent', 'example_external_task_marker_child' retrieved from /home/airflow/.local/lib/python3.12/site-packages/airflow/example_dags/example_external_task_marker_dag.py
[2024-12-24T07:33:02.288+0000] {logging_mixin.py:190} INFO - [2024-12-24T07:33:02.287+0000] {dag.py:3239} INFO - Sync 2 DAGs
[2024-12-24T07:33:02.331+0000] {logging_mixin.py:190} INFO - [2024-12-24T07:33:02.330+0000] {dag.py:4180} INFO - Setting next_dagrun for example_external_task_marker_child to None, run_after=None
[2024-12-24T07:33:02.342+0000] {logging_mixin.py:190} INFO - [2024-12-24T07:33:02.341+0000] {dag.py:4180} INFO - Setting next_dagrun for example_external_task_marker_parent to None, run_after=None
[2024-12-24T07:33:02.473+0000] {processor.py:208} INFO - Processing /home/airflow/.local/lib/python3.12/site-packages/airflow/example_dags/example_external_task_marker_dag.py took 0.292 seconds
[2024-12-24T07:33:32.969+0000] {processor.py:186} INFO - Started process (PID=646) to work on /home/airflow/.local/lib/python3.12/site-packages/airflow/example_dags/example_external_task_marker_dag.py
[2024-12-24T07:33:32.973+0000] {processor.py:914} INFO - Processing file /home/airflow/.local/lib/python3.12/site-packages/airflow/example_dags/example_external_task_marker_dag.py for tasks to queue
[2024-12-24T07:33:32.977+0000] {logging_mixin.py:190} INFO - [2024-12-24T07:33:32.976+0000] {dagbag.py:588} INFO - Filling up the DagBag from /home/airflow/.local/lib/python3.12/site-packages/airflow/example_dags/example_external_task_marker_dag.py
[2024-12-24T07:33:32.998+0000] {processor.py:925} INFO - DAG(s) 'example_external_task_marker_parent', 'example_external_task_marker_child' retrieved from /home/airflow/.local/lib/python3.12/site-packages/airflow/example_dags/example_external_task_marker_dag.py
[2024-12-24T07:33:33.065+0000] {logging_mixin.py:190} INFO - [2024-12-24T07:33:33.064+0000] {dag.py:3239} INFO - Sync 2 DAGs
[2024-12-24T07:33:33.092+0000] {logging_mixin.py:190} INFO - [2024-12-24T07:33:33.091+0000] {dag.py:4180} INFO - Setting next_dagrun for example_external_task_marker_child to None, run_after=None
[2024-12-24T07:33:33.099+0000] {logging_mixin.py:190} INFO - [2024-12-24T07:33:33.098+0000] {dag.py:4180} INFO - Setting next_dagrun for example_external_task_marker_parent to None, run_after=None
[2024-12-24T07:33:33.156+0000] {processor.py:208} INFO - Processing /home/airflow/.local/lib/python3.12/site-packages/airflow/example_dags/example_external_task_marker_dag.py took 0.208 seconds
[2024-12-24T07:34:03.751+0000] {processor.py:186} INFO - Started process (PID=712) to work on /home/airflow/.local/lib/python3.12/site-packages/airflow/example_dags/example_external_task_marker_dag.py
[2024-12-24T07:34:03.754+0000] {processor.py:914} INFO - Processing file /home/airflow/.local/lib/python3.12/site-packages/airflow/example_dags/example_external_task_marker_dag.py for tasks to queue
[2024-12-24T07:34:03.759+0000] {logging_mixin.py:190} INFO - [2024-12-24T07:34:03.758+0000] {dagbag.py:588} INFO - Filling up the DagBag from /home/airflow/.local/lib/python3.12/site-packages/airflow/example_dags/example_external_task_marker_dag.py
[2024-12-24T07:34:03.776+0000] {processor.py:925} INFO - DAG(s) 'example_external_task_marker_child', 'example_external_task_marker_parent' retrieved from /home/airflow/.local/lib/python3.12/site-packages/airflow/example_dags/example_external_task_marker_dag.py
[2024-12-24T07:34:03.814+0000] {logging_mixin.py:190} INFO - [2024-12-24T07:34:03.813+0000] {dag.py:3239} INFO - Sync 2 DAGs
[2024-12-24T07:34:03.835+0000] {logging_mixin.py:190} INFO - [2024-12-24T07:34:03.834+0000] {dag.py:4180} INFO - Setting next_dagrun for example_external_task_marker_child to None, run_after=None
[2024-12-24T07:34:03.842+0000] {logging_mixin.py:190} INFO - [2024-12-24T07:34:03.841+0000] {dag.py:4180} INFO - Setting next_dagrun for example_external_task_marker_parent to None, run_after=None
[2024-12-24T07:34:03.877+0000] {processor.py:208} INFO - Processing /home/airflow/.local/lib/python3.12/site-packages/airflow/example_dags/example_external_task_marker_dag.py took 0.138 seconds
[2024-12-24T07:34:34.194+0000] {processor.py:186} INFO - Started process (PID=779) to work on /home/airflow/.local/lib/python3.12/site-packages/airflow/example_dags/example_external_task_marker_dag.py
[2024-12-24T07:34:34.196+0000] {processor.py:914} INFO - Processing file /home/airflow/.local/lib/python3.12/site-packages/airflow/example_dags/example_external_task_marker_dag.py for tasks to queue
[2024-12-24T07:34:34.200+0000] {logging_mixin.py:190} INFO - [2024-12-24T07:34:34.199+0000] {dagbag.py:588} INFO - Filling up the DagBag from /home/airflow/.local/lib/python3.12/site-packages/airflow/example_dags/example_external_task_marker_dag.py
[2024-12-24T07:34:34.216+0000] {processor.py:925} INFO - DAG(s) 'example_external_task_marker_child', 'example_external_task_marker_parent' retrieved from /home/airflow/.local/lib/python3.12/site-packages/airflow/example_dags/example_external_task_marker_dag.py
[2024-12-24T07:34:34.256+0000] {logging_mixin.py:190} INFO - [2024-12-24T07:34:34.255+0000] {dag.py:3239} INFO - Sync 2 DAGs
[2024-12-24T07:34:34.281+0000] {logging_mixin.py:190} INFO - [2024-12-24T07:34:34.281+0000] {dag.py:4180} INFO - Setting next_dagrun for example_external_task_marker_child to None, run_after=None
[2024-12-24T07:34:34.287+0000] {logging_mixin.py:190} INFO - [2024-12-24T07:34:34.286+0000] {dag.py:4180} INFO - Setting next_dagrun for example_external_task_marker_parent to None, run_after=None
[2024-12-24T07:34:34.318+0000] {processor.py:208} INFO - Processing /home/airflow/.local/lib/python3.12/site-packages/airflow/example_dags/example_external_task_marker_dag.py took 0.133 seconds
[2024-12-24T07:35:05.188+0000] {processor.py:186} INFO - Started process (PID=845) to work on /home/airflow/.local/lib/python3.12/site-packages/airflow/example_dags/example_external_task_marker_dag.py
[2024-12-24T07:35:05.190+0000] {processor.py:914} INFO - Processing file /home/airflow/.local/lib/python3.12/site-packages/airflow/example_dags/example_external_task_marker_dag.py for tasks to queue
[2024-12-24T07:35:05.194+0000] {logging_mixin.py:190} INFO - [2024-12-24T07:35:05.194+0000] {dagbag.py:588} INFO - Filling up the DagBag from /home/airflow/.local/lib/python3.12/site-packages/airflow/example_dags/example_external_task_marker_dag.py
[2024-12-24T07:35:05.207+0000] {processor.py:925} INFO - DAG(s) 'example_external_task_marker_parent', 'example_external_task_marker_child' retrieved from /home/airflow/.local/lib/python3.12/site-packages/airflow/example_dags/example_external_task_marker_dag.py
[2024-12-24T07:35:05.242+0000] {logging_mixin.py:190} INFO - [2024-12-24T07:35:05.242+0000] {dag.py:3239} INFO - Sync 2 DAGs
[2024-12-24T07:35:05.263+0000] {logging_mixin.py:190} INFO - [2024-12-24T07:35:05.263+0000] {dag.py:4180} INFO - Setting next_dagrun for example_external_task_marker_child to None, run_after=None
[2024-12-24T07:35:05.271+0000] {logging_mixin.py:190} INFO - [2024-12-24T07:35:05.271+0000] {dag.py:4180} INFO - Setting next_dagrun for example_external_task_marker_parent to None, run_after=None
[2024-12-24T07:35:05.297+0000] {processor.py:208} INFO - Processing /home/airflow/.local/lib/python3.12/site-packages/airflow/example_dags/example_external_task_marker_dag.py took 0.117 seconds
[2024-12-24T07:35:36.012+0000] {processor.py:186} INFO - Started process (PID=911) to work on /home/airflow/.local/lib/python3.12/site-packages/airflow/example_dags/example_external_task_marker_dag.py
[2024-12-24T07:35:36.014+0000] {processor.py:914} INFO - Processing file /home/airflow/.local/lib/python3.12/site-packages/airflow/example_dags/example_external_task_marker_dag.py for tasks to queue
[2024-12-24T07:35:36.021+0000] {logging_mixin.py:190} INFO - [2024-12-24T07:35:36.020+0000] {dagbag.py:588} INFO - Filling up the DagBag from /home/airflow/.local/lib/python3.12/site-packages/airflow/example_dags/example_external_task_marker_dag.py
[2024-12-24T07:35:36.043+0000] {processor.py:925} INFO - DAG(s) 'example_external_task_marker_child', 'example_external_task_marker_parent' retrieved from /home/airflow/.local/lib/python3.12/site-packages/airflow/example_dags/example_external_task_marker_dag.py
[2024-12-24T07:35:36.097+0000] {logging_mixin.py:190} INFO - [2024-12-24T07:35:36.096+0000] {dag.py:3239} INFO - Sync 2 DAGs
[2024-12-24T07:35:36.121+0000] {logging_mixin.py:190} INFO - [2024-12-24T07:35:36.121+0000] {dag.py:4180} INFO - Setting next_dagrun for example_external_task_marker_child to None, run_after=None
[2024-12-24T07:35:36.127+0000] {logging_mixin.py:190} INFO - [2024-12-24T07:35:36.127+0000] {dag.py:4180} INFO - Setting next_dagrun for example_external_task_marker_parent to None, run_after=None
[2024-12-24T07:35:36.153+0000] {processor.py:208} INFO - Processing /home/airflow/.local/lib/python3.12/site-packages/airflow/example_dags/example_external_task_marker_dag.py took 0.150 seconds
[2024-12-24T07:36:06.934+0000] {processor.py:186} INFO - Started process (PID=977) to work on /home/airflow/.local/lib/python3.12/site-packages/airflow/example_dags/example_external_task_marker_dag.py
[2024-12-24T07:36:06.936+0000] {processor.py:914} INFO - Processing file /home/airflow/.local/lib/python3.12/site-packages/airflow/example_dags/example_external_task_marker_dag.py for tasks to queue
[2024-12-24T07:36:06.940+0000] {logging_mixin.py:190} INFO - [2024-12-24T07:36:06.939+0000] {dagbag.py:588} INFO - Filling up the DagBag from /home/airflow/.local/lib/python3.12/site-packages/airflow/example_dags/example_external_task_marker_dag.py
[2024-12-24T07:36:06.953+0000] {processor.py:925} INFO - DAG(s) 'example_external_task_marker_parent', 'example_external_task_marker_child' retrieved from /home/airflow/.local/lib/python3.12/site-packages/airflow/example_dags/example_external_task_marker_dag.py
[2024-12-24T07:36:06.997+0000] {logging_mixin.py:190} INFO - [2024-12-24T07:36:06.996+0000] {dag.py:3239} INFO - Sync 2 DAGs
[2024-12-24T07:36:07.025+0000] {logging_mixin.py:190} INFO - [2024-12-24T07:36:07.024+0000] {dag.py:4180} INFO - Setting next_dagrun for example_external_task_marker_child to None, run_after=None
[2024-12-24T07:36:07.030+0000] {logging_mixin.py:190} INFO - [2024-12-24T07:36:07.030+0000] {dag.py:4180} INFO - Setting next_dagrun for example_external_task_marker_parent to None, run_after=None
[2024-12-24T07:36:07.063+0000] {processor.py:208} INFO - Processing /home/airflow/.local/lib/python3.12/site-packages/airflow/example_dags/example_external_task_marker_dag.py took 0.138 seconds
[2024-12-24T07:36:37.958+0000] {processor.py:186} INFO - Started process (PID=1043) to work on /home/airflow/.local/lib/python3.12/site-packages/airflow/example_dags/example_external_task_marker_dag.py
[2024-12-24T07:36:37.961+0000] {processor.py:914} INFO - Processing file /home/airflow/.local/lib/python3.12/site-packages/airflow/example_dags/example_external_task_marker_dag.py for tasks to queue
[2024-12-24T07:36:37.967+0000] {logging_mixin.py:190} INFO - [2024-12-24T07:36:37.967+0000] {dagbag.py:588} INFO - Filling up the DagBag from /home/airflow/.local/lib/python3.12/site-packages/airflow/example_dags/example_external_task_marker_dag.py
[2024-12-24T07:36:37.989+0000] {processor.py:925} INFO - DAG(s) 'example_external_task_marker_parent', 'example_external_task_marker_child' retrieved from /home/airflow/.local/lib/python3.12/site-packages/airflow/example_dags/example_external_task_marker_dag.py
[2024-12-24T07:36:38.069+0000] {logging_mixin.py:190} INFO - [2024-12-24T07:36:38.068+0000] {dag.py:3239} INFO - Sync 2 DAGs
[2024-12-24T07:36:38.102+0000] {logging_mixin.py:190} INFO - [2024-12-24T07:36:38.101+0000] {dag.py:4180} INFO - Setting next_dagrun for example_external_task_marker_child to None, run_after=None
[2024-12-24T07:36:38.112+0000] {logging_mixin.py:190} INFO - [2024-12-24T07:36:38.112+0000] {dag.py:4180} INFO - Setting next_dagrun for example_external_task_marker_parent to None, run_after=None
[2024-12-24T07:36:38.147+0000] {processor.py:208} INFO - Processing /home/airflow/.local/lib/python3.12/site-packages/airflow/example_dags/example_external_task_marker_dag.py took 0.201 seconds
[2024-12-24T07:37:08.389+0000] {processor.py:186} INFO - Started process (PID=1109) to work on /home/airflow/.local/lib/python3.12/site-packages/airflow/example_dags/example_external_task_marker_dag.py
[2024-12-24T07:37:08.391+0000] {processor.py:914} INFO - Processing file /home/airflow/.local/lib/python3.12/site-packages/airflow/example_dags/example_external_task_marker_dag.py for tasks to queue
[2024-12-24T07:37:08.396+0000] {logging_mixin.py:190} INFO - [2024-12-24T07:37:08.395+0000] {dagbag.py:588} INFO - Filling up the DagBag from /home/airflow/.local/lib/python3.12/site-packages/airflow/example_dags/example_external_task_marker_dag.py
[2024-12-24T07:37:08.409+0000] {processor.py:925} INFO - DAG(s) 'example_external_task_marker_parent', 'example_external_task_marker_child' retrieved from /home/airflow/.local/lib/python3.12/site-packages/airflow/example_dags/example_external_task_marker_dag.py
[2024-12-24T07:37:08.453+0000] {logging_mixin.py:190} INFO - [2024-12-24T07:37:08.452+0000] {dag.py:3239} INFO - Sync 2 DAGs
[2024-12-24T07:37:08.474+0000] {logging_mixin.py:190} INFO - [2024-12-24T07:37:08.474+0000] {dag.py:4180} INFO - Setting next_dagrun for example_external_task_marker_child to None, run_after=None
[2024-12-24T07:37:08.480+0000] {logging_mixin.py:190} INFO - [2024-12-24T07:37:08.479+0000] {dag.py:4180} INFO - Setting next_dagrun for example_external_task_marker_parent to None, run_after=None
[2024-12-24T07:37:08.509+0000] {processor.py:208} INFO - Processing /home/airflow/.local/lib/python3.12/site-packages/airflow/example_dags/example_external_task_marker_dag.py took 0.128 seconds
[2024-12-24T07:37:38.955+0000] {processor.py:186} INFO - Started process (PID=1175) to work on /home/airflow/.local/lib/python3.12/site-packages/airflow/example_dags/example_external_task_marker_dag.py
[2024-12-24T07:37:38.957+0000] {processor.py:914} INFO - Processing file /home/airflow/.local/lib/python3.12/site-packages/airflow/example_dags/example_external_task_marker_dag.py for tasks to queue
[2024-12-24T07:37:38.963+0000] {logging_mixin.py:190} INFO - [2024-12-24T07:37:38.962+0000] {dagbag.py:588} INFO - Filling up the DagBag from /home/airflow/.local/lib/python3.12/site-packages/airflow/example_dags/example_external_task_marker_dag.py
[2024-12-24T07:37:38.979+0000] {processor.py:925} INFO - DAG(s) 'example_external_task_marker_child', 'example_external_task_marker_parent' retrieved from /home/airflow/.local/lib/python3.12/site-packages/airflow/example_dags/example_external_task_marker_dag.py
[2024-12-24T07:37:39.021+0000] {logging_mixin.py:190} INFO - [2024-12-24T07:37:39.020+0000] {dag.py:3239} INFO - Sync 2 DAGs
[2024-12-24T07:37:39.058+0000] {logging_mixin.py:190} INFO - [2024-12-24T07:37:39.056+0000] {dag.py:4180} INFO - Setting next_dagrun for example_external_task_marker_child to None, run_after=None
[2024-12-24T07:37:39.069+0000] {logging_mixin.py:190} INFO - [2024-12-24T07:37:39.069+0000] {dag.py:4180} INFO - Setting next_dagrun for example_external_task_marker_parent to None, run_after=None
[2024-12-24T07:37:39.120+0000] {processor.py:208} INFO - Processing /home/airflow/.local/lib/python3.12/site-packages/airflow/example_dags/example_external_task_marker_dag.py took 0.175 seconds
[2024-12-24T07:38:09.735+0000] {processor.py:186} INFO - Started process (PID=1241) to work on /home/airflow/.local/lib/python3.12/site-packages/airflow/example_dags/example_external_task_marker_dag.py
[2024-12-24T07:38:09.739+0000] {processor.py:914} INFO - Processing file /home/airflow/.local/lib/python3.12/site-packages/airflow/example_dags/example_external_task_marker_dag.py for tasks to queue
[2024-12-24T07:38:09.759+0000] {logging_mixin.py:190} INFO - [2024-12-24T07:38:09.757+0000] {dagbag.py:588} INFO - Filling up the DagBag from /home/airflow/.local/lib/python3.12/site-packages/airflow/example_dags/example_external_task_marker_dag.py
[2024-12-24T07:38:09.794+0000] {processor.py:925} INFO - DAG(s) 'example_external_task_marker_child', 'example_external_task_marker_parent' retrieved from /home/airflow/.local/lib/python3.12/site-packages/airflow/example_dags/example_external_task_marker_dag.py
[2024-12-24T07:38:09.855+0000] {logging_mixin.py:190} INFO - [2024-12-24T07:38:09.854+0000] {dag.py:3239} INFO - Sync 2 DAGs
[2024-12-24T07:38:09.885+0000] {logging_mixin.py:190} INFO - [2024-12-24T07:38:09.885+0000] {dag.py:4180} INFO - Setting next_dagrun for example_external_task_marker_child to None, run_after=None
[2024-12-24T07:38:09.894+0000] {logging_mixin.py:190} INFO - [2024-12-24T07:38:09.893+0000] {dag.py:4180} INFO - Setting next_dagrun for example_external_task_marker_parent to None, run_after=None
[2024-12-24T07:38:09.934+0000] {processor.py:208} INFO - Processing /home/airflow/.local/lib/python3.12/site-packages/airflow/example_dags/example_external_task_marker_dag.py took 0.221 seconds
[2024-12-24T07:38:40.719+0000] {processor.py:186} INFO - Started process (PID=1306) to work on /home/airflow/.local/lib/python3.12/site-packages/airflow/example_dags/example_external_task_marker_dag.py
[2024-12-24T07:38:40.722+0000] {processor.py:914} INFO - Processing file /home/airflow/.local/lib/python3.12/site-packages/airflow/example_dags/example_external_task_marker_dag.py for tasks to queue
[2024-12-24T07:38:40.726+0000] {logging_mixin.py:190} INFO - [2024-12-24T07:38:40.725+0000] {dagbag.py:588} INFO - Filling up the DagBag from /home/airflow/.local/lib/python3.12/site-packages/airflow/example_dags/example_external_task_marker_dag.py
[2024-12-24T07:38:40.741+0000] {processor.py:925} INFO - DAG(s) 'example_external_task_marker_parent', 'example_external_task_marker_child' retrieved from /home/airflow/.local/lib/python3.12/site-packages/airflow/example_dags/example_external_task_marker_dag.py
[2024-12-24T07:38:40.787+0000] {logging_mixin.py:190} INFO - [2024-12-24T07:38:40.787+0000] {dag.py:3239} INFO - Sync 2 DAGs
[2024-12-24T07:38:40.809+0000] {logging_mixin.py:190} INFO - [2024-12-24T07:38:40.808+0000] {dag.py:4180} INFO - Setting next_dagrun for example_external_task_marker_child to None, run_after=None
[2024-12-24T07:38:40.817+0000] {logging_mixin.py:190} INFO - [2024-12-24T07:38:40.816+0000] {dag.py:4180} INFO - Setting next_dagrun for example_external_task_marker_parent to None, run_after=None
[2024-12-24T07:38:40.844+0000] {processor.py:208} INFO - Processing /home/airflow/.local/lib/python3.12/site-packages/airflow/example_dags/example_external_task_marker_dag.py took 0.133 seconds
[2024-12-24T07:39:11.227+0000] {processor.py:186} INFO - Started process (PID=1372) to work on /home/airflow/.local/lib/python3.12/site-packages/airflow/example_dags/example_external_task_marker_dag.py
[2024-12-24T07:39:11.229+0000] {processor.py:914} INFO - Processing file /home/airflow/.local/lib/python3.12/site-packages/airflow/example_dags/example_external_task_marker_dag.py for tasks to queue
[2024-12-24T07:39:11.233+0000] {logging_mixin.py:190} INFO - [2024-12-24T07:39:11.233+0000] {dagbag.py:588} INFO - Filling up the DagBag from /home/airflow/.local/lib/python3.12/site-packages/airflow/example_dags/example_external_task_marker_dag.py
[2024-12-24T07:39:11.248+0000] {processor.py:925} INFO - DAG(s) 'example_external_task_marker_child', 'example_external_task_marker_parent' retrieved from /home/airflow/.local/lib/python3.12/site-packages/airflow/example_dags/example_external_task_marker_dag.py
[2024-12-24T07:39:11.323+0000] {logging_mixin.py:190} INFO - [2024-12-24T07:39:11.322+0000] {dag.py:3239} INFO - Sync 2 DAGs
[2024-12-24T07:39:11.369+0000] {logging_mixin.py:190} INFO - [2024-12-24T07:39:11.368+0000] {dag.py:4180} INFO - Setting next_dagrun for example_external_task_marker_child to None, run_after=None
[2024-12-24T07:39:11.378+0000] {logging_mixin.py:190} INFO - [2024-12-24T07:39:11.378+0000] {dag.py:4180} INFO - Setting next_dagrun for example_external_task_marker_parent to None, run_after=None
[2024-12-24T07:39:11.421+0000] {processor.py:208} INFO - Processing /home/airflow/.local/lib/python3.12/site-packages/airflow/example_dags/example_external_task_marker_dag.py took 0.202 seconds
[2024-12-24T07:39:41.684+0000] {processor.py:186} INFO - Started process (PID=1438) to work on /home/airflow/.local/lib/python3.12/site-packages/airflow/example_dags/example_external_task_marker_dag.py
[2024-12-24T07:39:41.686+0000] {processor.py:914} INFO - Processing file /home/airflow/.local/lib/python3.12/site-packages/airflow/example_dags/example_external_task_marker_dag.py for tasks to queue
[2024-12-24T07:39:41.689+0000] {logging_mixin.py:190} INFO - [2024-12-24T07:39:41.689+0000] {dagbag.py:588} INFO - Filling up the DagBag from /home/airflow/.local/lib/python3.12/site-packages/airflow/example_dags/example_external_task_marker_dag.py
[2024-12-24T07:39:41.701+0000] {processor.py:925} INFO - DAG(s) 'example_external_task_marker_child', 'example_external_task_marker_parent' retrieved from /home/airflow/.local/lib/python3.12/site-packages/airflow/example_dags/example_external_task_marker_dag.py
[2024-12-24T07:39:41.737+0000] {logging_mixin.py:190} INFO - [2024-12-24T07:39:41.736+0000] {dag.py:3239} INFO - Sync 2 DAGs
[2024-12-24T07:39:41.757+0000] {logging_mixin.py:190} INFO - [2024-12-24T07:39:41.757+0000] {dag.py:4180} INFO - Setting next_dagrun for example_external_task_marker_child to None, run_after=None
[2024-12-24T07:39:41.765+0000] {logging_mixin.py:190} INFO - [2024-12-24T07:39:41.764+0000] {dag.py:4180} INFO - Setting next_dagrun for example_external_task_marker_parent to None, run_after=None
[2024-12-24T07:39:41.819+0000] {processor.py:208} INFO - Processing /home/airflow/.local/lib/python3.12/site-packages/airflow/example_dags/example_external_task_marker_dag.py took 0.142 seconds
[2024-12-24T07:40:12.118+0000] {processor.py:186} INFO - Started process (PID=1504) to work on /home/airflow/.local/lib/python3.12/site-packages/airflow/example_dags/example_external_task_marker_dag.py
[2024-12-24T07:40:12.121+0000] {processor.py:914} INFO - Processing file /home/airflow/.local/lib/python3.12/site-packages/airflow/example_dags/example_external_task_marker_dag.py for tasks to queue
[2024-12-24T07:40:12.122+0000] {logging_mixin.py:190} INFO - [2024-12-24T07:40:12.122+0000] {dagbag.py:588} INFO - Filling up the DagBag from /home/airflow/.local/lib/python3.12/site-packages/airflow/example_dags/example_external_task_marker_dag.py
[2024-12-24T07:40:12.135+0000] {processor.py:925} INFO - DAG(s) 'example_external_task_marker_parent', 'example_external_task_marker_child' retrieved from /home/airflow/.local/lib/python3.12/site-packages/airflow/example_dags/example_external_task_marker_dag.py
[2024-12-24T07:40:12.172+0000] {logging_mixin.py:190} INFO - [2024-12-24T07:40:12.172+0000] {dag.py:3239} INFO - Sync 2 DAGs
[2024-12-24T07:40:12.193+0000] {logging_mixin.py:190} INFO - [2024-12-24T07:40:12.193+0000] {dag.py:4180} INFO - Setting next_dagrun for example_external_task_marker_child to None, run_after=None
[2024-12-24T07:40:12.199+0000] {logging_mixin.py:190} INFO - [2024-12-24T07:40:12.199+0000] {dag.py:4180} INFO - Setting next_dagrun for example_external_task_marker_parent to None, run_after=None
[2024-12-24T07:40:12.251+0000] {processor.py:208} INFO - Processing /home/airflow/.local/lib/python3.12/site-packages/airflow/example_dags/example_external_task_marker_dag.py took 0.141 seconds
[2024-12-24T07:40:43.075+0000] {processor.py:186} INFO - Started process (PID=1570) to work on /home/airflow/.local/lib/python3.12/site-packages/airflow/example_dags/example_external_task_marker_dag.py
[2024-12-24T07:40:43.077+0000] {processor.py:914} INFO - Processing file /home/airflow/.local/lib/python3.12/site-packages/airflow/example_dags/example_external_task_marker_dag.py for tasks to queue
[2024-12-24T07:40:43.080+0000] {logging_mixin.py:190} INFO - [2024-12-24T07:40:43.079+0000] {dagbag.py:588} INFO - Filling up the DagBag from /home/airflow/.local/lib/python3.12/site-packages/airflow/example_dags/example_external_task_marker_dag.py
[2024-12-24T07:40:43.096+0000] {processor.py:925} INFO - DAG(s) 'example_external_task_marker_parent', 'example_external_task_marker_child' retrieved from /home/airflow/.local/lib/python3.12/site-packages/airflow/example_dags/example_external_task_marker_dag.py
[2024-12-24T07:40:43.150+0000] {logging_mixin.py:190} INFO - [2024-12-24T07:40:43.150+0000] {dag.py:3239} INFO - Sync 2 DAGs
[2024-12-24T07:40:43.179+0000] {logging_mixin.py:190} INFO - [2024-12-24T07:40:43.179+0000] {dag.py:4180} INFO - Setting next_dagrun for example_external_task_marker_child to None, run_after=None
[2024-12-24T07:40:43.185+0000] {logging_mixin.py:190} INFO - [2024-12-24T07:40:43.185+0000] {dag.py:4180} INFO - Setting next_dagrun for example_external_task_marker_parent to None, run_after=None
[2024-12-24T07:40:43.223+0000] {processor.py:208} INFO - Processing /home/airflow/.local/lib/python3.12/site-packages/airflow/example_dags/example_external_task_marker_dag.py took 0.161 seconds
[2024-12-24T07:41:14.029+0000] {processor.py:186} INFO - Started process (PID=1636) to work on /home/airflow/.local/lib/python3.12/site-packages/airflow/example_dags/example_external_task_marker_dag.py
[2024-12-24T07:41:14.031+0000] {processor.py:914} INFO - Processing file /home/airflow/.local/lib/python3.12/site-packages/airflow/example_dags/example_external_task_marker_dag.py for tasks to queue
[2024-12-24T07:41:14.033+0000] {logging_mixin.py:190} INFO - [2024-12-24T07:41:14.033+0000] {dagbag.py:588} INFO - Filling up the DagBag from /home/airflow/.local/lib/python3.12/site-packages/airflow/example_dags/example_external_task_marker_dag.py
[2024-12-24T07:41:14.053+0000] {processor.py:925} INFO - DAG(s) 'example_external_task_marker_child', 'example_external_task_marker_parent' retrieved from /home/airflow/.local/lib/python3.12/site-packages/airflow/example_dags/example_external_task_marker_dag.py
[2024-12-24T07:41:14.108+0000] {logging_mixin.py:190} INFO - [2024-12-24T07:41:14.107+0000] {dag.py:3239} INFO - Sync 2 DAGs
[2024-12-24T07:41:14.143+0000] {logging_mixin.py:190} INFO - [2024-12-24T07:41:14.143+0000] {dag.py:4180} INFO - Setting next_dagrun for example_external_task_marker_child to None, run_after=None
[2024-12-24T07:41:14.151+0000] {logging_mixin.py:190} INFO - [2024-12-24T07:41:14.150+0000] {dag.py:4180} INFO - Setting next_dagrun for example_external_task_marker_parent to None, run_after=None
[2024-12-24T07:41:14.182+0000] {processor.py:208} INFO - Processing /home/airflow/.local/lib/python3.12/site-packages/airflow/example_dags/example_external_task_marker_dag.py took 0.167 seconds
[2024-12-24T07:41:45.090+0000] {processor.py:186} INFO - Started process (PID=1703) to work on /home/airflow/.local/lib/python3.12/site-packages/airflow/example_dags/example_external_task_marker_dag.py
[2024-12-24T07:41:45.092+0000] {processor.py:914} INFO - Processing file /home/airflow/.local/lib/python3.12/site-packages/airflow/example_dags/example_external_task_marker_dag.py for tasks to queue
[2024-12-24T07:41:45.094+0000] {logging_mixin.py:190} INFO - [2024-12-24T07:41:45.093+0000] {dagbag.py:588} INFO - Filling up the DagBag from /home/airflow/.local/lib/python3.12/site-packages/airflow/example_dags/example_external_task_marker_dag.py
[2024-12-24T07:41:45.109+0000] {processor.py:925} INFO - DAG(s) 'example_external_task_marker_child', 'example_external_task_marker_parent' retrieved from /home/airflow/.local/lib/python3.12/site-packages/airflow/example_dags/example_external_task_marker_dag.py
[2024-12-24T07:41:45.145+0000] {logging_mixin.py:190} INFO - [2024-12-24T07:41:45.145+0000] {dag.py:3239} INFO - Sync 2 DAGs
[2024-12-24T07:41:45.168+0000] {logging_mixin.py:190} INFO - [2024-12-24T07:41:45.167+0000] {dag.py:4180} INFO - Setting next_dagrun for example_external_task_marker_child to None, run_after=None
[2024-12-24T07:41:45.174+0000] {logging_mixin.py:190} INFO - [2024-12-24T07:41:45.174+0000] {dag.py:4180} INFO - Setting next_dagrun for example_external_task_marker_parent to None, run_after=None
[2024-12-24T07:41:45.205+0000] {processor.py:208} INFO - Processing /home/airflow/.local/lib/python3.12/site-packages/airflow/example_dags/example_external_task_marker_dag.py took 0.125 seconds
