[2024-12-24T07:29:00.593+0000] {processor.py:186} INFO - Started process (PID=66) to work on /home/airflow/.local/lib/python3.12/site-packages/airflow/example_dags/example_setup_teardown_taskflow.py
[2024-12-24T07:29:00.595+0000] {processor.py:914} INFO - Processing file /home/airflow/.local/lib/python3.12/site-packages/airflow/example_dags/example_setup_teardown_taskflow.py for tasks to queue
[2024-12-24T07:29:00.598+0000] {logging_mixin.py:190} INFO - [2024-12-24T07:29:00.598+0000] {dagbag.py:588} INFO - Filling up the DagBag from /home/airflow/.local/lib/python3.12/site-packages/airflow/example_dags/example_setup_teardown_taskflow.py
[2024-12-24T07:29:00.621+0000] {processor.py:925} INFO - DAG(s) 'example_setup_teardown_taskflow' retrieved from /home/airflow/.local/lib/python3.12/site-packages/airflow/example_dags/example_setup_teardown_taskflow.py
[2024-12-24T07:29:00.781+0000] {logging_mixin.py:190} INFO - [2024-12-24T07:29:00.780+0000] {override.py:1911} INFO - Created Permission View: can read on DAG:example_setup_teardown_taskflow
[2024-12-24T07:29:00.798+0000] {logging_mixin.py:190} INFO - [2024-12-24T07:29:00.797+0000] {override.py:1911} INFO - Created Permission View: can edit on DAG:example_setup_teardown_taskflow
[2024-12-24T07:29:00.810+0000] {logging_mixin.py:190} INFO - [2024-12-24T07:29:00.810+0000] {override.py:1911} INFO - Created Permission View: can delete on DAG:example_setup_teardown_taskflow
[2024-12-24T07:29:00.825+0000] {logging_mixin.py:190} INFO - [2024-12-24T07:29:00.825+0000] {override.py:1911} INFO - Created Permission View: can read on DAG Run:example_setup_teardown_taskflow
[2024-12-24T07:29:00.837+0000] {logging_mixin.py:190} INFO - [2024-12-24T07:29:00.837+0000] {override.py:1911} INFO - Created Permission View: can create on DAG Run:example_setup_teardown_taskflow
[2024-12-24T07:29:00.879+0000] {logging_mixin.py:190} INFO - [2024-12-24T07:29:00.879+0000] {override.py:1911} INFO - Created Permission View: can delete on DAG Run:example_setup_teardown_taskflow
[2024-12-24T07:29:00.899+0000] {logging_mixin.py:190} INFO - [2024-12-24T07:29:00.898+0000] {override.py:1911} INFO - Created Permission View: menu access on DAG Run:example_setup_teardown_taskflow
[2024-12-24T07:29:00.901+0000] {logging_mixin.py:190} INFO - [2024-12-24T07:29:00.900+0000] {dag.py:3239} INFO - Sync 1 DAGs
[2024-12-24T07:29:00.927+0000] {logging_mixin.py:190} INFO - [2024-12-24T07:29:00.926+0000] {dag.py:3262} INFO - Creating ORM DAG for example_setup_teardown_taskflow
[2024-12-24T07:29:00.928+0000] {logging_mixin.py:190} INFO - [2024-12-24T07:29:00.928+0000] {dag.py:4180} INFO - Setting next_dagrun for example_setup_teardown_taskflow to None, run_after=None
[2024-12-24T07:29:00.955+0000] {processor.py:208} INFO - Processing /home/airflow/.local/lib/python3.12/site-packages/airflow/example_dags/example_setup_teardown_taskflow.py took 0.371 seconds
[2024-12-24T07:29:31.105+0000] {processor.py:186} INFO - Started process (PID=132) to work on /home/airflow/.local/lib/python3.12/site-packages/airflow/example_dags/example_setup_teardown_taskflow.py
[2024-12-24T07:29:31.107+0000] {processor.py:914} INFO - Processing file /home/airflow/.local/lib/python3.12/site-packages/airflow/example_dags/example_setup_teardown_taskflow.py for tasks to queue
[2024-12-24T07:29:31.111+0000] {logging_mixin.py:190} INFO - [2024-12-24T07:29:31.110+0000] {dagbag.py:588} INFO - Filling up the DagBag from /home/airflow/.local/lib/python3.12/site-packages/airflow/example_dags/example_setup_teardown_taskflow.py
[2024-12-24T07:29:31.125+0000] {processor.py:925} INFO - DAG(s) 'example_setup_teardown_taskflow' retrieved from /home/airflow/.local/lib/python3.12/site-packages/airflow/example_dags/example_setup_teardown_taskflow.py
[2024-12-24T07:29:31.156+0000] {logging_mixin.py:190} INFO - [2024-12-24T07:29:31.156+0000] {dag.py:3239} INFO - Sync 1 DAGs
[2024-12-24T07:29:31.175+0000] {logging_mixin.py:190} INFO - [2024-12-24T07:29:31.175+0000] {dag.py:4180} INFO - Setting next_dagrun for example_setup_teardown_taskflow to None, run_after=None
[2024-12-24T07:29:31.199+0000] {processor.py:208} INFO - Processing /home/airflow/.local/lib/python3.12/site-packages/airflow/example_dags/example_setup_teardown_taskflow.py took 0.101 seconds
[2024-12-24T07:30:02.263+0000] {processor.py:186} INFO - Started process (PID=198) to work on /home/airflow/.local/lib/python3.12/site-packages/airflow/example_dags/example_setup_teardown_taskflow.py
[2024-12-24T07:30:02.266+0000] {processor.py:914} INFO - Processing file /home/airflow/.local/lib/python3.12/site-packages/airflow/example_dags/example_setup_teardown_taskflow.py for tasks to queue
[2024-12-24T07:30:02.291+0000] {logging_mixin.py:190} INFO - [2024-12-24T07:30:02.283+0000] {dagbag.py:588} INFO - Filling up the DagBag from /home/airflow/.local/lib/python3.12/site-packages/airflow/example_dags/example_setup_teardown_taskflow.py
[2024-12-24T07:30:02.319+0000] {processor.py:925} INFO - DAG(s) 'example_setup_teardown_taskflow' retrieved from /home/airflow/.local/lib/python3.12/site-packages/airflow/example_dags/example_setup_teardown_taskflow.py
[2024-12-24T07:30:02.432+0000] {logging_mixin.py:190} INFO - [2024-12-24T07:30:02.430+0000] {dag.py:3239} INFO - Sync 1 DAGs
[2024-12-24T07:30:02.540+0000] {logging_mixin.py:190} INFO - [2024-12-24T07:30:02.540+0000] {dag.py:4180} INFO - Setting next_dagrun for example_setup_teardown_taskflow to None, run_after=None
[2024-12-24T07:30:02.615+0000] {processor.py:208} INFO - Processing /home/airflow/.local/lib/python3.12/site-packages/airflow/example_dags/example_setup_teardown_taskflow.py took 0.374 seconds
[2024-12-24T07:30:33.135+0000] {processor.py:186} INFO - Started process (PID=264) to work on /home/airflow/.local/lib/python3.12/site-packages/airflow/example_dags/example_setup_teardown_taskflow.py
[2024-12-24T07:30:33.138+0000] {processor.py:914} INFO - Processing file /home/airflow/.local/lib/python3.12/site-packages/airflow/example_dags/example_setup_teardown_taskflow.py for tasks to queue
[2024-12-24T07:30:33.145+0000] {logging_mixin.py:190} INFO - [2024-12-24T07:30:33.144+0000] {dagbag.py:588} INFO - Filling up the DagBag from /home/airflow/.local/lib/python3.12/site-packages/airflow/example_dags/example_setup_teardown_taskflow.py
[2024-12-24T07:30:33.169+0000] {processor.py:925} INFO - DAG(s) 'example_setup_teardown_taskflow' retrieved from /home/airflow/.local/lib/python3.12/site-packages/airflow/example_dags/example_setup_teardown_taskflow.py
[2024-12-24T07:30:33.215+0000] {logging_mixin.py:190} INFO - [2024-12-24T07:30:33.214+0000] {dag.py:3239} INFO - Sync 1 DAGs
[2024-12-24T07:30:33.238+0000] {logging_mixin.py:190} INFO - [2024-12-24T07:30:33.237+0000] {dag.py:4180} INFO - Setting next_dagrun for example_setup_teardown_taskflow to None, run_after=None
[2024-12-24T07:30:33.278+0000] {processor.py:208} INFO - Processing /home/airflow/.local/lib/python3.12/site-packages/airflow/example_dags/example_setup_teardown_taskflow.py took 0.151 seconds
[2024-12-24T07:31:05.231+0000] {processor.py:186} INFO - Started process (PID=330) to work on /home/airflow/.local/lib/python3.12/site-packages/airflow/example_dags/example_setup_teardown_taskflow.py
[2024-12-24T07:31:05.233+0000] {processor.py:914} INFO - Processing file /home/airflow/.local/lib/python3.12/site-packages/airflow/example_dags/example_setup_teardown_taskflow.py for tasks to queue
[2024-12-24T07:31:05.236+0000] {logging_mixin.py:190} INFO - [2024-12-24T07:31:05.236+0000] {dagbag.py:588} INFO - Filling up the DagBag from /home/airflow/.local/lib/python3.12/site-packages/airflow/example_dags/example_setup_teardown_taskflow.py
[2024-12-24T07:31:05.254+0000] {processor.py:925} INFO - DAG(s) 'example_setup_teardown_taskflow' retrieved from /home/airflow/.local/lib/python3.12/site-packages/airflow/example_dags/example_setup_teardown_taskflow.py
[2024-12-24T07:31:05.288+0000] {logging_mixin.py:190} INFO - [2024-12-24T07:31:05.288+0000] {dag.py:3239} INFO - Sync 1 DAGs
[2024-12-24T07:31:05.310+0000] {logging_mixin.py:190} INFO - [2024-12-24T07:31:05.309+0000] {dag.py:4180} INFO - Setting next_dagrun for example_setup_teardown_taskflow to None, run_after=None
[2024-12-24T07:31:05.360+0000] {processor.py:208} INFO - Processing /home/airflow/.local/lib/python3.12/site-packages/airflow/example_dags/example_setup_teardown_taskflow.py took 0.136 seconds
[2024-12-24T07:31:36.584+0000] {processor.py:186} INFO - Started process (PID=395) to work on /home/airflow/.local/lib/python3.12/site-packages/airflow/example_dags/example_setup_teardown_taskflow.py
[2024-12-24T07:31:36.586+0000] {processor.py:914} INFO - Processing file /home/airflow/.local/lib/python3.12/site-packages/airflow/example_dags/example_setup_teardown_taskflow.py for tasks to queue
[2024-12-24T07:31:36.590+0000] {logging_mixin.py:190} INFO - [2024-12-24T07:31:36.590+0000] {dagbag.py:588} INFO - Filling up the DagBag from /home/airflow/.local/lib/python3.12/site-packages/airflow/example_dags/example_setup_teardown_taskflow.py
[2024-12-24T07:31:36.608+0000] {processor.py:925} INFO - DAG(s) 'example_setup_teardown_taskflow' retrieved from /home/airflow/.local/lib/python3.12/site-packages/airflow/example_dags/example_setup_teardown_taskflow.py
[2024-12-24T07:31:36.643+0000] {logging_mixin.py:190} INFO - [2024-12-24T07:31:36.643+0000] {dag.py:3239} INFO - Sync 1 DAGs
[2024-12-24T07:31:36.662+0000] {logging_mixin.py:190} INFO - [2024-12-24T07:31:36.661+0000] {dag.py:4180} INFO - Setting next_dagrun for example_setup_teardown_taskflow to None, run_after=None
[2024-12-24T07:31:36.714+0000] {processor.py:208} INFO - Processing /home/airflow/.local/lib/python3.12/site-packages/airflow/example_dags/example_setup_teardown_taskflow.py took 0.138 seconds
[2024-12-24T07:32:07.575+0000] {processor.py:186} INFO - Started process (PID=461) to work on /home/airflow/.local/lib/python3.12/site-packages/airflow/example_dags/example_setup_teardown_taskflow.py
[2024-12-24T07:32:07.576+0000] {processor.py:914} INFO - Processing file /home/airflow/.local/lib/python3.12/site-packages/airflow/example_dags/example_setup_teardown_taskflow.py for tasks to queue
[2024-12-24T07:32:07.580+0000] {logging_mixin.py:190} INFO - [2024-12-24T07:32:07.580+0000] {dagbag.py:588} INFO - Filling up the DagBag from /home/airflow/.local/lib/python3.12/site-packages/airflow/example_dags/example_setup_teardown_taskflow.py
[2024-12-24T07:32:07.597+0000] {processor.py:925} INFO - DAG(s) 'example_setup_teardown_taskflow' retrieved from /home/airflow/.local/lib/python3.12/site-packages/airflow/example_dags/example_setup_teardown_taskflow.py
[2024-12-24T07:32:07.637+0000] {logging_mixin.py:190} INFO - [2024-12-24T07:32:07.636+0000] {dag.py:3239} INFO - Sync 1 DAGs
[2024-12-24T07:32:07.656+0000] {logging_mixin.py:190} INFO - [2024-12-24T07:32:07.655+0000] {dag.py:4180} INFO - Setting next_dagrun for example_setup_teardown_taskflow to None, run_after=None
[2024-12-24T07:32:07.687+0000] {processor.py:208} INFO - Processing /home/airflow/.local/lib/python3.12/site-packages/airflow/example_dags/example_setup_teardown_taskflow.py took 0.123 seconds
[2024-12-24T07:32:38.170+0000] {processor.py:186} INFO - Started process (PID=527) to work on /home/airflow/.local/lib/python3.12/site-packages/airflow/example_dags/example_setup_teardown_taskflow.py
[2024-12-24T07:32:38.172+0000] {processor.py:914} INFO - Processing file /home/airflow/.local/lib/python3.12/site-packages/airflow/example_dags/example_setup_teardown_taskflow.py for tasks to queue
[2024-12-24T07:32:38.176+0000] {logging_mixin.py:190} INFO - [2024-12-24T07:32:38.176+0000] {dagbag.py:588} INFO - Filling up the DagBag from /home/airflow/.local/lib/python3.12/site-packages/airflow/example_dags/example_setup_teardown_taskflow.py
[2024-12-24T07:32:38.194+0000] {processor.py:925} INFO - DAG(s) 'example_setup_teardown_taskflow' retrieved from /home/airflow/.local/lib/python3.12/site-packages/airflow/example_dags/example_setup_teardown_taskflow.py
[2024-12-24T07:32:38.245+0000] {logging_mixin.py:190} INFO - [2024-12-24T07:32:38.244+0000] {dag.py:3239} INFO - Sync 1 DAGs
[2024-12-24T07:32:38.280+0000] {logging_mixin.py:190} INFO - [2024-12-24T07:32:38.280+0000] {dag.py:4180} INFO - Setting next_dagrun for example_setup_teardown_taskflow to None, run_after=None
[2024-12-24T07:32:38.333+0000] {processor.py:208} INFO - Processing /home/airflow/.local/lib/python3.12/site-packages/airflow/example_dags/example_setup_teardown_taskflow.py took 0.172 seconds
[2024-12-24T07:33:09.231+0000] {processor.py:186} INFO - Started process (PID=593) to work on /home/airflow/.local/lib/python3.12/site-packages/airflow/example_dags/example_setup_teardown_taskflow.py
[2024-12-24T07:33:09.233+0000] {processor.py:914} INFO - Processing file /home/airflow/.local/lib/python3.12/site-packages/airflow/example_dags/example_setup_teardown_taskflow.py for tasks to queue
[2024-12-24T07:33:09.237+0000] {logging_mixin.py:190} INFO - [2024-12-24T07:33:09.236+0000] {dagbag.py:588} INFO - Filling up the DagBag from /home/airflow/.local/lib/python3.12/site-packages/airflow/example_dags/example_setup_teardown_taskflow.py
[2024-12-24T07:33:09.254+0000] {processor.py:925} INFO - DAG(s) 'example_setup_teardown_taskflow' retrieved from /home/airflow/.local/lib/python3.12/site-packages/airflow/example_dags/example_setup_teardown_taskflow.py
[2024-12-24T07:33:09.291+0000] {logging_mixin.py:190} INFO - [2024-12-24T07:33:09.290+0000] {dag.py:3239} INFO - Sync 1 DAGs
[2024-12-24T07:33:09.314+0000] {logging_mixin.py:190} INFO - [2024-12-24T07:33:09.313+0000] {dag.py:4180} INFO - Setting next_dagrun for example_setup_teardown_taskflow to None, run_after=None
[2024-12-24T07:33:09.346+0000] {processor.py:208} INFO - Processing /home/airflow/.local/lib/python3.12/site-packages/airflow/example_dags/example_setup_teardown_taskflow.py took 0.122 seconds
[2024-12-24T07:33:39.648+0000] {processor.py:186} INFO - Started process (PID=659) to work on /home/airflow/.local/lib/python3.12/site-packages/airflow/example_dags/example_setup_teardown_taskflow.py
[2024-12-24T07:33:39.650+0000] {processor.py:914} INFO - Processing file /home/airflow/.local/lib/python3.12/site-packages/airflow/example_dags/example_setup_teardown_taskflow.py for tasks to queue
[2024-12-24T07:33:39.656+0000] {logging_mixin.py:190} INFO - [2024-12-24T07:33:39.656+0000] {dagbag.py:588} INFO - Filling up the DagBag from /home/airflow/.local/lib/python3.12/site-packages/airflow/example_dags/example_setup_teardown_taskflow.py
[2024-12-24T07:33:39.690+0000] {processor.py:925} INFO - DAG(s) 'example_setup_teardown_taskflow' retrieved from /home/airflow/.local/lib/python3.12/site-packages/airflow/example_dags/example_setup_teardown_taskflow.py
[2024-12-24T07:33:39.738+0000] {logging_mixin.py:190} INFO - [2024-12-24T07:33:39.738+0000] {dag.py:3239} INFO - Sync 1 DAGs
[2024-12-24T07:33:39.778+0000] {logging_mixin.py:190} INFO - [2024-12-24T07:33:39.778+0000] {dag.py:4180} INFO - Setting next_dagrun for example_setup_teardown_taskflow to None, run_after=None
[2024-12-24T07:33:39.827+0000] {processor.py:208} INFO - Processing /home/airflow/.local/lib/python3.12/site-packages/airflow/example_dags/example_setup_teardown_taskflow.py took 0.189 seconds
[2024-12-24T07:34:10.689+0000] {processor.py:186} INFO - Started process (PID=725) to work on /home/airflow/.local/lib/python3.12/site-packages/airflow/example_dags/example_setup_teardown_taskflow.py
[2024-12-24T07:34:10.692+0000] {processor.py:914} INFO - Processing file /home/airflow/.local/lib/python3.12/site-packages/airflow/example_dags/example_setup_teardown_taskflow.py for tasks to queue
[2024-12-24T07:34:10.699+0000] {logging_mixin.py:190} INFO - [2024-12-24T07:34:10.698+0000] {dagbag.py:588} INFO - Filling up the DagBag from /home/airflow/.local/lib/python3.12/site-packages/airflow/example_dags/example_setup_teardown_taskflow.py
[2024-12-24T07:34:10.744+0000] {processor.py:925} INFO - DAG(s) 'example_setup_teardown_taskflow' retrieved from /home/airflow/.local/lib/python3.12/site-packages/airflow/example_dags/example_setup_teardown_taskflow.py
[2024-12-24T07:34:10.840+0000] {logging_mixin.py:190} INFO - [2024-12-24T07:34:10.838+0000] {dag.py:3239} INFO - Sync 1 DAGs
[2024-12-24T07:34:10.916+0000] {logging_mixin.py:190} INFO - [2024-12-24T07:34:10.914+0000] {dag.py:4180} INFO - Setting next_dagrun for example_setup_teardown_taskflow to None, run_after=None
[2024-12-24T07:34:11.033+0000] {processor.py:208} INFO - Processing /home/airflow/.local/lib/python3.12/site-packages/airflow/example_dags/example_setup_teardown_taskflow.py took 0.366 seconds
[2024-12-24T07:34:41.155+0000] {processor.py:186} INFO - Started process (PID=792) to work on /home/airflow/.local/lib/python3.12/site-packages/airflow/example_dags/example_setup_teardown_taskflow.py
[2024-12-24T07:34:41.158+0000] {processor.py:914} INFO - Processing file /home/airflow/.local/lib/python3.12/site-packages/airflow/example_dags/example_setup_teardown_taskflow.py for tasks to queue
[2024-12-24T07:34:41.164+0000] {logging_mixin.py:190} INFO - [2024-12-24T07:34:41.163+0000] {dagbag.py:588} INFO - Filling up the DagBag from /home/airflow/.local/lib/python3.12/site-packages/airflow/example_dags/example_setup_teardown_taskflow.py
[2024-12-24T07:34:41.192+0000] {processor.py:925} INFO - DAG(s) 'example_setup_teardown_taskflow' retrieved from /home/airflow/.local/lib/python3.12/site-packages/airflow/example_dags/example_setup_teardown_taskflow.py
[2024-12-24T07:34:41.244+0000] {logging_mixin.py:190} INFO - [2024-12-24T07:34:41.243+0000] {dag.py:3239} INFO - Sync 1 DAGs
[2024-12-24T07:34:41.284+0000] {logging_mixin.py:190} INFO - [2024-12-24T07:34:41.283+0000] {dag.py:4180} INFO - Setting next_dagrun for example_setup_teardown_taskflow to None, run_after=None
[2024-12-24T07:34:41.311+0000] {processor.py:208} INFO - Processing /home/airflow/.local/lib/python3.12/site-packages/airflow/example_dags/example_setup_teardown_taskflow.py took 0.167 seconds
[2024-12-24T07:35:11.574+0000] {processor.py:186} INFO - Started process (PID=858) to work on /home/airflow/.local/lib/python3.12/site-packages/airflow/example_dags/example_setup_teardown_taskflow.py
[2024-12-24T07:35:11.575+0000] {processor.py:914} INFO - Processing file /home/airflow/.local/lib/python3.12/site-packages/airflow/example_dags/example_setup_teardown_taskflow.py for tasks to queue
[2024-12-24T07:35:11.579+0000] {logging_mixin.py:190} INFO - [2024-12-24T07:35:11.579+0000] {dagbag.py:588} INFO - Filling up the DagBag from /home/airflow/.local/lib/python3.12/site-packages/airflow/example_dags/example_setup_teardown_taskflow.py
[2024-12-24T07:35:11.600+0000] {processor.py:925} INFO - DAG(s) 'example_setup_teardown_taskflow' retrieved from /home/airflow/.local/lib/python3.12/site-packages/airflow/example_dags/example_setup_teardown_taskflow.py
[2024-12-24T07:35:11.633+0000] {logging_mixin.py:190} INFO - [2024-12-24T07:35:11.632+0000] {dag.py:3239} INFO - Sync 1 DAGs
[2024-12-24T07:35:11.651+0000] {logging_mixin.py:190} INFO - [2024-12-24T07:35:11.651+0000] {dag.py:4180} INFO - Setting next_dagrun for example_setup_teardown_taskflow to None, run_after=None
[2024-12-24T07:35:11.678+0000] {processor.py:208} INFO - Processing /home/airflow/.local/lib/python3.12/site-packages/airflow/example_dags/example_setup_teardown_taskflow.py took 0.112 seconds
[2024-12-24T07:35:42.678+0000] {processor.py:186} INFO - Started process (PID=924) to work on /home/airflow/.local/lib/python3.12/site-packages/airflow/example_dags/example_setup_teardown_taskflow.py
[2024-12-24T07:35:42.679+0000] {processor.py:914} INFO - Processing file /home/airflow/.local/lib/python3.12/site-packages/airflow/example_dags/example_setup_teardown_taskflow.py for tasks to queue
[2024-12-24T07:35:42.683+0000] {logging_mixin.py:190} INFO - [2024-12-24T07:35:42.683+0000] {dagbag.py:588} INFO - Filling up the DagBag from /home/airflow/.local/lib/python3.12/site-packages/airflow/example_dags/example_setup_teardown_taskflow.py
[2024-12-24T07:35:42.701+0000] {processor.py:925} INFO - DAG(s) 'example_setup_teardown_taskflow' retrieved from /home/airflow/.local/lib/python3.12/site-packages/airflow/example_dags/example_setup_teardown_taskflow.py
[2024-12-24T07:35:42.734+0000] {logging_mixin.py:190} INFO - [2024-12-24T07:35:42.734+0000] {dag.py:3239} INFO - Sync 1 DAGs
[2024-12-24T07:35:42.754+0000] {logging_mixin.py:190} INFO - [2024-12-24T07:35:42.754+0000] {dag.py:4180} INFO - Setting next_dagrun for example_setup_teardown_taskflow to None, run_after=None
[2024-12-24T07:35:42.785+0000] {processor.py:208} INFO - Processing /home/airflow/.local/lib/python3.12/site-packages/airflow/example_dags/example_setup_teardown_taskflow.py took 0.115 seconds
[2024-12-24T07:36:13.580+0000] {processor.py:186} INFO - Started process (PID=990) to work on /home/airflow/.local/lib/python3.12/site-packages/airflow/example_dags/example_setup_teardown_taskflow.py
[2024-12-24T07:36:13.582+0000] {processor.py:914} INFO - Processing file /home/airflow/.local/lib/python3.12/site-packages/airflow/example_dags/example_setup_teardown_taskflow.py for tasks to queue
[2024-12-24T07:36:13.587+0000] {logging_mixin.py:190} INFO - [2024-12-24T07:36:13.586+0000] {dagbag.py:588} INFO - Filling up the DagBag from /home/airflow/.local/lib/python3.12/site-packages/airflow/example_dags/example_setup_teardown_taskflow.py
[2024-12-24T07:36:13.615+0000] {processor.py:925} INFO - DAG(s) 'example_setup_teardown_taskflow' retrieved from /home/airflow/.local/lib/python3.12/site-packages/airflow/example_dags/example_setup_teardown_taskflow.py
[2024-12-24T07:36:13.664+0000] {logging_mixin.py:190} INFO - [2024-12-24T07:36:13.663+0000] {dag.py:3239} INFO - Sync 1 DAGs
[2024-12-24T07:36:13.693+0000] {logging_mixin.py:190} INFO - [2024-12-24T07:36:13.692+0000] {dag.py:4180} INFO - Setting next_dagrun for example_setup_teardown_taskflow to None, run_after=None
[2024-12-24T07:36:13.740+0000] {processor.py:208} INFO - Processing /home/airflow/.local/lib/python3.12/site-packages/airflow/example_dags/example_setup_teardown_taskflow.py took 0.167 seconds
[2024-12-24T07:36:44.419+0000] {processor.py:186} INFO - Started process (PID=1056) to work on /home/airflow/.local/lib/python3.12/site-packages/airflow/example_dags/example_setup_teardown_taskflow.py
[2024-12-24T07:36:44.421+0000] {processor.py:914} INFO - Processing file /home/airflow/.local/lib/python3.12/site-packages/airflow/example_dags/example_setup_teardown_taskflow.py for tasks to queue
[2024-12-24T07:36:44.425+0000] {logging_mixin.py:190} INFO - [2024-12-24T07:36:44.424+0000] {dagbag.py:588} INFO - Filling up the DagBag from /home/airflow/.local/lib/python3.12/site-packages/airflow/example_dags/example_setup_teardown_taskflow.py
[2024-12-24T07:36:44.440+0000] {processor.py:925} INFO - DAG(s) 'example_setup_teardown_taskflow' retrieved from /home/airflow/.local/lib/python3.12/site-packages/airflow/example_dags/example_setup_teardown_taskflow.py
[2024-12-24T07:36:44.477+0000] {logging_mixin.py:190} INFO - [2024-12-24T07:36:44.476+0000] {dag.py:3239} INFO - Sync 1 DAGs
[2024-12-24T07:36:44.496+0000] {logging_mixin.py:190} INFO - [2024-12-24T07:36:44.496+0000] {dag.py:4180} INFO - Setting next_dagrun for example_setup_teardown_taskflow to None, run_after=None
[2024-12-24T07:36:44.524+0000] {processor.py:208} INFO - Processing /home/airflow/.local/lib/python3.12/site-packages/airflow/example_dags/example_setup_teardown_taskflow.py took 0.113 seconds
[2024-12-24T07:37:15.437+0000] {processor.py:186} INFO - Started process (PID=1122) to work on /home/airflow/.local/lib/python3.12/site-packages/airflow/example_dags/example_setup_teardown_taskflow.py
[2024-12-24T07:37:15.439+0000] {processor.py:914} INFO - Processing file /home/airflow/.local/lib/python3.12/site-packages/airflow/example_dags/example_setup_teardown_taskflow.py for tasks to queue
[2024-12-24T07:37:15.444+0000] {logging_mixin.py:190} INFO - [2024-12-24T07:37:15.442+0000] {dagbag.py:588} INFO - Filling up the DagBag from /home/airflow/.local/lib/python3.12/site-packages/airflow/example_dags/example_setup_teardown_taskflow.py
[2024-12-24T07:37:15.465+0000] {processor.py:925} INFO - DAG(s) 'example_setup_teardown_taskflow' retrieved from /home/airflow/.local/lib/python3.12/site-packages/airflow/example_dags/example_setup_teardown_taskflow.py
[2024-12-24T07:37:15.510+0000] {logging_mixin.py:190} INFO - [2024-12-24T07:37:15.509+0000] {dag.py:3239} INFO - Sync 1 DAGs
[2024-12-24T07:37:15.537+0000] {logging_mixin.py:190} INFO - [2024-12-24T07:37:15.537+0000] {dag.py:4180} INFO - Setting next_dagrun for example_setup_teardown_taskflow to None, run_after=None
[2024-12-24T07:37:15.573+0000] {processor.py:208} INFO - Processing /home/airflow/.local/lib/python3.12/site-packages/airflow/example_dags/example_setup_teardown_taskflow.py took 0.144 seconds
[2024-12-24T07:37:45.944+0000] {processor.py:186} INFO - Started process (PID=1188) to work on /home/airflow/.local/lib/python3.12/site-packages/airflow/example_dags/example_setup_teardown_taskflow.py
[2024-12-24T07:37:45.945+0000] {processor.py:914} INFO - Processing file /home/airflow/.local/lib/python3.12/site-packages/airflow/example_dags/example_setup_teardown_taskflow.py for tasks to queue
[2024-12-24T07:37:45.949+0000] {logging_mixin.py:190} INFO - [2024-12-24T07:37:45.949+0000] {dagbag.py:588} INFO - Filling up the DagBag from /home/airflow/.local/lib/python3.12/site-packages/airflow/example_dags/example_setup_teardown_taskflow.py
[2024-12-24T07:37:45.967+0000] {processor.py:925} INFO - DAG(s) 'example_setup_teardown_taskflow' retrieved from /home/airflow/.local/lib/python3.12/site-packages/airflow/example_dags/example_setup_teardown_taskflow.py
[2024-12-24T07:37:46.004+0000] {logging_mixin.py:190} INFO - [2024-12-24T07:37:46.003+0000] {dag.py:3239} INFO - Sync 1 DAGs
[2024-12-24T07:37:46.025+0000] {logging_mixin.py:190} INFO - [2024-12-24T07:37:46.024+0000] {dag.py:4180} INFO - Setting next_dagrun for example_setup_teardown_taskflow to None, run_after=None
[2024-12-24T07:37:46.056+0000] {processor.py:208} INFO - Processing /home/airflow/.local/lib/python3.12/site-packages/airflow/example_dags/example_setup_teardown_taskflow.py took 0.121 seconds
[2024-12-24T07:38:16.796+0000] {processor.py:186} INFO - Started process (PID=1254) to work on /home/airflow/.local/lib/python3.12/site-packages/airflow/example_dags/example_setup_teardown_taskflow.py
[2024-12-24T07:38:16.799+0000] {processor.py:914} INFO - Processing file /home/airflow/.local/lib/python3.12/site-packages/airflow/example_dags/example_setup_teardown_taskflow.py for tasks to queue
[2024-12-24T07:38:16.804+0000] {logging_mixin.py:190} INFO - [2024-12-24T07:38:16.804+0000] {dagbag.py:588} INFO - Filling up the DagBag from /home/airflow/.local/lib/python3.12/site-packages/airflow/example_dags/example_setup_teardown_taskflow.py
[2024-12-24T07:38:16.825+0000] {processor.py:925} INFO - DAG(s) 'example_setup_teardown_taskflow' retrieved from /home/airflow/.local/lib/python3.12/site-packages/airflow/example_dags/example_setup_teardown_taskflow.py
[2024-12-24T07:38:16.887+0000] {logging_mixin.py:190} INFO - [2024-12-24T07:38:16.886+0000] {dag.py:3239} INFO - Sync 1 DAGs
[2024-12-24T07:38:16.919+0000] {logging_mixin.py:190} INFO - [2024-12-24T07:38:16.918+0000] {dag.py:4180} INFO - Setting next_dagrun for example_setup_teardown_taskflow to None, run_after=None
[2024-12-24T07:38:16.956+0000] {processor.py:208} INFO - Processing /home/airflow/.local/lib/python3.12/site-packages/airflow/example_dags/example_setup_teardown_taskflow.py took 0.170 seconds
[2024-12-24T07:38:47.521+0000] {processor.py:186} INFO - Started process (PID=1319) to work on /home/airflow/.local/lib/python3.12/site-packages/airflow/example_dags/example_setup_teardown_taskflow.py
[2024-12-24T07:38:47.523+0000] {processor.py:914} INFO - Processing file /home/airflow/.local/lib/python3.12/site-packages/airflow/example_dags/example_setup_teardown_taskflow.py for tasks to queue
[2024-12-24T07:38:47.526+0000] {logging_mixin.py:190} INFO - [2024-12-24T07:38:47.526+0000] {dagbag.py:588} INFO - Filling up the DagBag from /home/airflow/.local/lib/python3.12/site-packages/airflow/example_dags/example_setup_teardown_taskflow.py
[2024-12-24T07:38:47.545+0000] {processor.py:925} INFO - DAG(s) 'example_setup_teardown_taskflow' retrieved from /home/airflow/.local/lib/python3.12/site-packages/airflow/example_dags/example_setup_teardown_taskflow.py
[2024-12-24T07:38:47.584+0000] {logging_mixin.py:190} INFO - [2024-12-24T07:38:47.584+0000] {dag.py:3239} INFO - Sync 1 DAGs
[2024-12-24T07:38:47.604+0000] {logging_mixin.py:190} INFO - [2024-12-24T07:38:47.604+0000] {dag.py:4180} INFO - Setting next_dagrun for example_setup_teardown_taskflow to None, run_after=None
[2024-12-24T07:38:47.640+0000] {processor.py:208} INFO - Processing /home/airflow/.local/lib/python3.12/site-packages/airflow/example_dags/example_setup_teardown_taskflow.py took 0.129 seconds
[2024-12-24T07:39:18.068+0000] {processor.py:186} INFO - Started process (PID=1385) to work on /home/airflow/.local/lib/python3.12/site-packages/airflow/example_dags/example_setup_teardown_taskflow.py
[2024-12-24T07:39:18.072+0000] {processor.py:914} INFO - Processing file /home/airflow/.local/lib/python3.12/site-packages/airflow/example_dags/example_setup_teardown_taskflow.py for tasks to queue
[2024-12-24T07:39:18.081+0000] {logging_mixin.py:190} INFO - [2024-12-24T07:39:18.081+0000] {dagbag.py:588} INFO - Filling up the DagBag from /home/airflow/.local/lib/python3.12/site-packages/airflow/example_dags/example_setup_teardown_taskflow.py
[2024-12-24T07:39:18.115+0000] {processor.py:925} INFO - DAG(s) 'example_setup_teardown_taskflow' retrieved from /home/airflow/.local/lib/python3.12/site-packages/airflow/example_dags/example_setup_teardown_taskflow.py
[2024-12-24T07:39:18.225+0000] {logging_mixin.py:190} INFO - [2024-12-24T07:39:18.224+0000] {dag.py:3239} INFO - Sync 1 DAGs
[2024-12-24T07:39:18.256+0000] {logging_mixin.py:190} INFO - [2024-12-24T07:39:18.256+0000] {dag.py:4180} INFO - Setting next_dagrun for example_setup_teardown_taskflow to None, run_after=None
[2024-12-24T07:39:18.302+0000] {processor.py:208} INFO - Processing /home/airflow/.local/lib/python3.12/site-packages/airflow/example_dags/example_setup_teardown_taskflow.py took 0.254 seconds
[2024-12-24T07:39:48.466+0000] {processor.py:186} INFO - Started process (PID=1451) to work on /home/airflow/.local/lib/python3.12/site-packages/airflow/example_dags/example_setup_teardown_taskflow.py
[2024-12-24T07:39:48.468+0000] {processor.py:914} INFO - Processing file /home/airflow/.local/lib/python3.12/site-packages/airflow/example_dags/example_setup_teardown_taskflow.py for tasks to queue
[2024-12-24T07:39:48.471+0000] {logging_mixin.py:190} INFO - [2024-12-24T07:39:48.471+0000] {dagbag.py:588} INFO - Filling up the DagBag from /home/airflow/.local/lib/python3.12/site-packages/airflow/example_dags/example_setup_teardown_taskflow.py
[2024-12-24T07:39:48.486+0000] {processor.py:925} INFO - DAG(s) 'example_setup_teardown_taskflow' retrieved from /home/airflow/.local/lib/python3.12/site-packages/airflow/example_dags/example_setup_teardown_taskflow.py
[2024-12-24T07:39:48.520+0000] {logging_mixin.py:190} INFO - [2024-12-24T07:39:48.519+0000] {dag.py:3239} INFO - Sync 1 DAGs
[2024-12-24T07:39:48.540+0000] {logging_mixin.py:190} INFO - [2024-12-24T07:39:48.539+0000] {dag.py:4180} INFO - Setting next_dagrun for example_setup_teardown_taskflow to None, run_after=None
[2024-12-24T07:39:48.594+0000] {processor.py:208} INFO - Processing /home/airflow/.local/lib/python3.12/site-packages/airflow/example_dags/example_setup_teardown_taskflow.py took 0.137 seconds
[2024-12-24T07:40:19.083+0000] {processor.py:186} INFO - Started process (PID=1517) to work on /home/airflow/.local/lib/python3.12/site-packages/airflow/example_dags/example_setup_teardown_taskflow.py
[2024-12-24T07:40:19.085+0000] {processor.py:914} INFO - Processing file /home/airflow/.local/lib/python3.12/site-packages/airflow/example_dags/example_setup_teardown_taskflow.py for tasks to queue
[2024-12-24T07:40:19.088+0000] {logging_mixin.py:190} INFO - [2024-12-24T07:40:19.088+0000] {dagbag.py:588} INFO - Filling up the DagBag from /home/airflow/.local/lib/python3.12/site-packages/airflow/example_dags/example_setup_teardown_taskflow.py
[2024-12-24T07:40:19.109+0000] {processor.py:925} INFO - DAG(s) 'example_setup_teardown_taskflow' retrieved from /home/airflow/.local/lib/python3.12/site-packages/airflow/example_dags/example_setup_teardown_taskflow.py
[2024-12-24T07:40:19.159+0000] {logging_mixin.py:190} INFO - [2024-12-24T07:40:19.158+0000] {dag.py:3239} INFO - Sync 1 DAGs
[2024-12-24T07:40:19.195+0000] {logging_mixin.py:190} INFO - [2024-12-24T07:40:19.195+0000] {dag.py:4180} INFO - Setting next_dagrun for example_setup_teardown_taskflow to None, run_after=None
[2024-12-24T07:40:19.255+0000] {processor.py:208} INFO - Processing /home/airflow/.local/lib/python3.12/site-packages/airflow/example_dags/example_setup_teardown_taskflow.py took 0.181 seconds
[2024-12-24T07:40:50.178+0000] {processor.py:186} INFO - Started process (PID=1590) to work on /home/airflow/.local/lib/python3.12/site-packages/airflow/example_dags/example_setup_teardown_taskflow.py
[2024-12-24T07:40:50.183+0000] {processor.py:914} INFO - Processing file /home/airflow/.local/lib/python3.12/site-packages/airflow/example_dags/example_setup_teardown_taskflow.py for tasks to queue
[2024-12-24T07:40:50.187+0000] {logging_mixin.py:190} INFO - [2024-12-24T07:40:50.186+0000] {dagbag.py:588} INFO - Filling up the DagBag from /home/airflow/.local/lib/python3.12/site-packages/airflow/example_dags/example_setup_teardown_taskflow.py
[2024-12-24T07:40:50.207+0000] {processor.py:925} INFO - DAG(s) 'example_setup_teardown_taskflow' retrieved from /home/airflow/.local/lib/python3.12/site-packages/airflow/example_dags/example_setup_teardown_taskflow.py
[2024-12-24T07:40:50.263+0000] {logging_mixin.py:190} INFO - [2024-12-24T07:40:50.262+0000] {dag.py:3239} INFO - Sync 1 DAGs
[2024-12-24T07:40:50.292+0000] {logging_mixin.py:190} INFO - [2024-12-24T07:40:50.292+0000] {dag.py:4180} INFO - Setting next_dagrun for example_setup_teardown_taskflow to None, run_after=None
[2024-12-24T07:40:50.328+0000] {processor.py:208} INFO - Processing /home/airflow/.local/lib/python3.12/site-packages/airflow/example_dags/example_setup_teardown_taskflow.py took 0.161 seconds
[2024-12-24T07:41:20.741+0000] {processor.py:186} INFO - Started process (PID=1656) to work on /home/airflow/.local/lib/python3.12/site-packages/airflow/example_dags/example_setup_teardown_taskflow.py
[2024-12-24T07:41:20.743+0000] {processor.py:914} INFO - Processing file /home/airflow/.local/lib/python3.12/site-packages/airflow/example_dags/example_setup_teardown_taskflow.py for tasks to queue
[2024-12-24T07:41:20.746+0000] {logging_mixin.py:190} INFO - [2024-12-24T07:41:20.746+0000] {dagbag.py:588} INFO - Filling up the DagBag from /home/airflow/.local/lib/python3.12/site-packages/airflow/example_dags/example_setup_teardown_taskflow.py
[2024-12-24T07:41:20.797+0000] {processor.py:925} INFO - DAG(s) 'example_setup_teardown_taskflow' retrieved from /home/airflow/.local/lib/python3.12/site-packages/airflow/example_dags/example_setup_teardown_taskflow.py
[2024-12-24T07:41:20.875+0000] {logging_mixin.py:190} INFO - [2024-12-24T07:41:20.874+0000] {dag.py:3239} INFO - Sync 1 DAGs
[2024-12-24T07:41:20.927+0000] {logging_mixin.py:190} INFO - [2024-12-24T07:41:20.927+0000] {dag.py:4180} INFO - Setting next_dagrun for example_setup_teardown_taskflow to None, run_after=None
[2024-12-24T07:41:20.980+0000] {processor.py:208} INFO - Processing /home/airflow/.local/lib/python3.12/site-packages/airflow/example_dags/example_setup_teardown_taskflow.py took 0.248 seconds
[2024-12-24T07:41:51.145+0000] {processor.py:186} INFO - Started process (PID=1722) to work on /home/airflow/.local/lib/python3.12/site-packages/airflow/example_dags/example_setup_teardown_taskflow.py
[2024-12-24T07:41:51.147+0000] {processor.py:914} INFO - Processing file /home/airflow/.local/lib/python3.12/site-packages/airflow/example_dags/example_setup_teardown_taskflow.py for tasks to queue
[2024-12-24T07:41:51.150+0000] {logging_mixin.py:190} INFO - [2024-12-24T07:41:51.149+0000] {dagbag.py:588} INFO - Filling up the DagBag from /home/airflow/.local/lib/python3.12/site-packages/airflow/example_dags/example_setup_teardown_taskflow.py
[2024-12-24T07:41:51.181+0000] {processor.py:925} INFO - DAG(s) 'example_setup_teardown_taskflow' retrieved from /home/airflow/.local/lib/python3.12/site-packages/airflow/example_dags/example_setup_teardown_taskflow.py
[2024-12-24T07:41:51.238+0000] {logging_mixin.py:190} INFO - [2024-12-24T07:41:51.238+0000] {dag.py:3239} INFO - Sync 1 DAGs
[2024-12-24T07:41:51.262+0000] {logging_mixin.py:190} INFO - [2024-12-24T07:41:51.262+0000] {dag.py:4180} INFO - Setting next_dagrun for example_setup_teardown_taskflow to None, run_after=None
[2024-12-24T07:41:51.294+0000] {processor.py:208} INFO - Processing /home/airflow/.local/lib/python3.12/site-packages/airflow/example_dags/example_setup_teardown_taskflow.py took 0.166 seconds
