[2024-12-24T07:29:00.478+0000] {processor.py:186} INFO - Started process (PID=65) to work on /home/airflow/.local/lib/python3.12/site-packages/airflow/example_dags/example_branch_operator.py
[2024-12-24T07:29:00.479+0000] {processor.py:914} INFO - Processing file /home/airflow/.local/lib/python3.12/site-packages/airflow/example_dags/example_branch_operator.py for tasks to queue
[2024-12-24T07:29:00.483+0000] {logging_mixin.py:190} INFO - [2024-12-24T07:29:00.483+0000] {dagbag.py:588} INFO - Filling up the DagBag from /home/airflow/.local/lib/python3.12/site-packages/airflow/example_dags/example_branch_operator.py
[2024-12-24T07:29:00.519+0000] {processor.py:925} INFO - DAG(s) 'example_branch_operator' retrieved from /home/airflow/.local/lib/python3.12/site-packages/airflow/example_dags/example_branch_operator.py
[2024-12-24T07:29:00.703+0000] {logging_mixin.py:190} INFO - [2024-12-24T07:29:00.702+0000] {override.py:1911} INFO - Created Permission View: can read on DAG:example_branch_operator
[2024-12-24T07:29:00.719+0000] {logging_mixin.py:190} INFO - [2024-12-24T07:29:00.718+0000] {override.py:1911} INFO - Created Permission View: can edit on DAG:example_branch_operator
[2024-12-24T07:29:00.734+0000] {logging_mixin.py:190} INFO - [2024-12-24T07:29:00.734+0000] {override.py:1911} INFO - Created Permission View: can delete on DAG:example_branch_operator
[2024-12-24T07:29:00.749+0000] {logging_mixin.py:190} INFO - [2024-12-24T07:29:00.749+0000] {override.py:1911} INFO - Created Permission View: can read on DAG Run:example_branch_operator
[2024-12-24T07:29:00.762+0000] {logging_mixin.py:190} INFO - [2024-12-24T07:29:00.762+0000] {override.py:1911} INFO - Created Permission View: can create on DAG Run:example_branch_operator
[2024-12-24T07:29:00.775+0000] {logging_mixin.py:190} INFO - [2024-12-24T07:29:00.775+0000] {override.py:1911} INFO - Created Permission View: can delete on DAG Run:example_branch_operator
[2024-12-24T07:29:00.787+0000] {logging_mixin.py:190} INFO - [2024-12-24T07:29:00.787+0000] {override.py:1911} INFO - Created Permission View: menu access on DAG Run:example_branch_operator
[2024-12-24T07:29:00.789+0000] {logging_mixin.py:190} INFO - [2024-12-24T07:29:00.788+0000] {dag.py:3239} INFO - Sync 1 DAGs
[2024-12-24T07:29:00.805+0000] {logging_mixin.py:190} INFO - [2024-12-24T07:29:00.805+0000] {dag.py:3262} INFO - Creating ORM DAG for example_branch_operator
[2024-12-24T07:29:00.820+0000] {logging_mixin.py:190} INFO - [2024-12-24T07:29:00.820+0000] {dag.py:4180} INFO - Setting next_dagrun for example_branch_operator to 2024-12-23 00:00:00+00:00, run_after=2024-12-24 00:00:00+00:00
[2024-12-24T07:29:00.849+0000] {processor.py:208} INFO - Processing /home/airflow/.local/lib/python3.12/site-packages/airflow/example_dags/example_branch_operator.py took 0.378 seconds
[2024-12-24T07:29:30.925+0000] {processor.py:186} INFO - Started process (PID=131) to work on /home/airflow/.local/lib/python3.12/site-packages/airflow/example_dags/example_branch_operator.py
[2024-12-24T07:29:30.927+0000] {processor.py:914} INFO - Processing file /home/airflow/.local/lib/python3.12/site-packages/airflow/example_dags/example_branch_operator.py for tasks to queue
[2024-12-24T07:29:30.932+0000] {logging_mixin.py:190} INFO - [2024-12-24T07:29:30.932+0000] {dagbag.py:588} INFO - Filling up the DagBag from /home/airflow/.local/lib/python3.12/site-packages/airflow/example_dags/example_branch_operator.py
[2024-12-24T07:29:30.963+0000] {processor.py:925} INFO - DAG(s) 'example_branch_operator' retrieved from /home/airflow/.local/lib/python3.12/site-packages/airflow/example_dags/example_branch_operator.py
[2024-12-24T07:29:31.002+0000] {logging_mixin.py:190} INFO - [2024-12-24T07:29:31.001+0000] {dag.py:3239} INFO - Sync 1 DAGs
[2024-12-24T07:29:31.034+0000] {logging_mixin.py:190} INFO - [2024-12-24T07:29:31.034+0000] {dag.py:4180} INFO - Setting next_dagrun for example_branch_operator to 2024-12-23 00:00:00+00:00, run_after=2024-12-24 00:00:00+00:00
[2024-12-24T07:29:31.068+0000] {processor.py:208} INFO - Processing /home/airflow/.local/lib/python3.12/site-packages/airflow/example_dags/example_branch_operator.py took 0.151 seconds
[2024-12-24T07:30:02.028+0000] {processor.py:186} INFO - Started process (PID=197) to work on /home/airflow/.local/lib/python3.12/site-packages/airflow/example_dags/example_branch_operator.py
[2024-12-24T07:30:02.030+0000] {processor.py:914} INFO - Processing file /home/airflow/.local/lib/python3.12/site-packages/airflow/example_dags/example_branch_operator.py for tasks to queue
[2024-12-24T07:30:02.035+0000] {logging_mixin.py:190} INFO - [2024-12-24T07:30:02.035+0000] {dagbag.py:588} INFO - Filling up the DagBag from /home/airflow/.local/lib/python3.12/site-packages/airflow/example_dags/example_branch_operator.py
[2024-12-24T07:30:02.084+0000] {processor.py:925} INFO - DAG(s) 'example_branch_operator' retrieved from /home/airflow/.local/lib/python3.12/site-packages/airflow/example_dags/example_branch_operator.py
[2024-12-24T07:30:02.166+0000] {logging_mixin.py:190} INFO - [2024-12-24T07:30:02.165+0000] {dag.py:3239} INFO - Sync 1 DAGs
[2024-12-24T07:30:02.256+0000] {logging_mixin.py:190} INFO - [2024-12-24T07:30:02.255+0000] {dag.py:4180} INFO - Setting next_dagrun for example_branch_operator to 2024-12-23 00:00:00+00:00, run_after=2024-12-24 00:00:00+00:00
[2024-12-24T07:30:02.343+0000] {processor.py:208} INFO - Processing /home/airflow/.local/lib/python3.12/site-packages/airflow/example_dags/example_branch_operator.py took 0.326 seconds
[2024-12-24T07:30:32.999+0000] {processor.py:186} INFO - Started process (PID=263) to work on /home/airflow/.local/lib/python3.12/site-packages/airflow/example_dags/example_branch_operator.py
[2024-12-24T07:30:33.000+0000] {processor.py:914} INFO - Processing file /home/airflow/.local/lib/python3.12/site-packages/airflow/example_dags/example_branch_operator.py for tasks to queue
[2024-12-24T07:30:33.005+0000] {logging_mixin.py:190} INFO - [2024-12-24T07:30:33.005+0000] {dagbag.py:588} INFO - Filling up the DagBag from /home/airflow/.local/lib/python3.12/site-packages/airflow/example_dags/example_branch_operator.py
[2024-12-24T07:30:33.035+0000] {processor.py:925} INFO - DAG(s) 'example_branch_operator' retrieved from /home/airflow/.local/lib/python3.12/site-packages/airflow/example_dags/example_branch_operator.py
[2024-12-24T07:30:33.084+0000] {logging_mixin.py:190} INFO - [2024-12-24T07:30:33.083+0000] {dag.py:3239} INFO - Sync 1 DAGs
[2024-12-24T07:30:33.125+0000] {logging_mixin.py:190} INFO - [2024-12-24T07:30:33.124+0000] {dag.py:4180} INFO - Setting next_dagrun for example_branch_operator to 2024-12-23 00:00:00+00:00, run_after=2024-12-24 00:00:00+00:00
[2024-12-24T07:30:33.166+0000] {processor.py:208} INFO - Processing /home/airflow/.local/lib/python3.12/site-packages/airflow/example_dags/example_branch_operator.py took 0.174 seconds
[2024-12-24T07:31:05.105+0000] {processor.py:186} INFO - Started process (PID=329) to work on /home/airflow/.local/lib/python3.12/site-packages/airflow/example_dags/example_branch_operator.py
[2024-12-24T07:31:05.108+0000] {processor.py:914} INFO - Processing file /home/airflow/.local/lib/python3.12/site-packages/airflow/example_dags/example_branch_operator.py for tasks to queue
[2024-12-24T07:31:05.113+0000] {logging_mixin.py:190} INFO - [2024-12-24T07:31:05.112+0000] {dagbag.py:588} INFO - Filling up the DagBag from /home/airflow/.local/lib/python3.12/site-packages/airflow/example_dags/example_branch_operator.py
[2024-12-24T07:31:05.140+0000] {processor.py:925} INFO - DAG(s) 'example_branch_operator' retrieved from /home/airflow/.local/lib/python3.12/site-packages/airflow/example_dags/example_branch_operator.py
[2024-12-24T07:31:05.183+0000] {logging_mixin.py:190} INFO - [2024-12-24T07:31:05.182+0000] {dag.py:3239} INFO - Sync 1 DAGs
[2024-12-24T07:31:05.219+0000] {logging_mixin.py:190} INFO - [2024-12-24T07:31:05.218+0000] {dag.py:4180} INFO - Setting next_dagrun for example_branch_operator to 2024-12-23 00:00:00+00:00, run_after=2024-12-24 00:00:00+00:00
[2024-12-24T07:31:05.247+0000] {processor.py:208} INFO - Processing /home/airflow/.local/lib/python3.12/site-packages/airflow/example_dags/example_branch_operator.py took 0.152 seconds
[2024-12-24T07:31:36.463+0000] {processor.py:186} INFO - Started process (PID=394) to work on /home/airflow/.local/lib/python3.12/site-packages/airflow/example_dags/example_branch_operator.py
[2024-12-24T07:31:36.465+0000] {processor.py:914} INFO - Processing file /home/airflow/.local/lib/python3.12/site-packages/airflow/example_dags/example_branch_operator.py for tasks to queue
[2024-12-24T07:31:36.469+0000] {logging_mixin.py:190} INFO - [2024-12-24T07:31:36.468+0000] {dagbag.py:588} INFO - Filling up the DagBag from /home/airflow/.local/lib/python3.12/site-packages/airflow/example_dags/example_branch_operator.py
[2024-12-24T07:31:36.495+0000] {processor.py:925} INFO - DAG(s) 'example_branch_operator' retrieved from /home/airflow/.local/lib/python3.12/site-packages/airflow/example_dags/example_branch_operator.py
[2024-12-24T07:31:36.536+0000] {logging_mixin.py:190} INFO - [2024-12-24T07:31:36.534+0000] {dag.py:3239} INFO - Sync 1 DAGs
[2024-12-24T07:31:36.576+0000] {logging_mixin.py:190} INFO - [2024-12-24T07:31:36.576+0000] {dag.py:4180} INFO - Setting next_dagrun for example_branch_operator to 2024-12-23 00:00:00+00:00, run_after=2024-12-24 00:00:00+00:00
[2024-12-24T07:31:36.606+0000] {processor.py:208} INFO - Processing /home/airflow/.local/lib/python3.12/site-packages/airflow/example_dags/example_branch_operator.py took 0.150 seconds
[2024-12-24T07:32:07.392+0000] {processor.py:186} INFO - Started process (PID=460) to work on /home/airflow/.local/lib/python3.12/site-packages/airflow/example_dags/example_branch_operator.py
[2024-12-24T07:32:07.393+0000] {processor.py:914} INFO - Processing file /home/airflow/.local/lib/python3.12/site-packages/airflow/example_dags/example_branch_operator.py for tasks to queue
[2024-12-24T07:32:07.397+0000] {logging_mixin.py:190} INFO - [2024-12-24T07:32:07.396+0000] {dagbag.py:588} INFO - Filling up the DagBag from /home/airflow/.local/lib/python3.12/site-packages/airflow/example_dags/example_branch_operator.py
[2024-12-24T07:32:07.419+0000] {processor.py:925} INFO - DAG(s) 'example_branch_operator' retrieved from /home/airflow/.local/lib/python3.12/site-packages/airflow/example_dags/example_branch_operator.py
[2024-12-24T07:32:07.457+0000] {logging_mixin.py:190} INFO - [2024-12-24T07:32:07.456+0000] {dag.py:3239} INFO - Sync 1 DAGs
[2024-12-24T07:32:07.487+0000] {logging_mixin.py:190} INFO - [2024-12-24T07:32:07.487+0000] {dag.py:4180} INFO - Setting next_dagrun for example_branch_operator to 2024-12-23 00:00:00+00:00, run_after=2024-12-24 00:00:00+00:00
[2024-12-24T07:32:07.515+0000] {processor.py:208} INFO - Processing /home/airflow/.local/lib/python3.12/site-packages/airflow/example_dags/example_branch_operator.py took 0.130 seconds
[2024-12-24T07:32:38.145+0000] {processor.py:186} INFO - Started process (PID=526) to work on /home/airflow/.local/lib/python3.12/site-packages/airflow/example_dags/example_branch_operator.py
[2024-12-24T07:32:38.147+0000] {processor.py:914} INFO - Processing file /home/airflow/.local/lib/python3.12/site-packages/airflow/example_dags/example_branch_operator.py for tasks to queue
[2024-12-24T07:32:38.153+0000] {logging_mixin.py:190} INFO - [2024-12-24T07:32:38.152+0000] {dagbag.py:588} INFO - Filling up the DagBag from /home/airflow/.local/lib/python3.12/site-packages/airflow/example_dags/example_branch_operator.py
[2024-12-24T07:32:38.186+0000] {processor.py:925} INFO - DAG(s) 'example_branch_operator' retrieved from /home/airflow/.local/lib/python3.12/site-packages/airflow/example_dags/example_branch_operator.py
[2024-12-24T07:32:38.247+0000] {logging_mixin.py:190} INFO - [2024-12-24T07:32:38.246+0000] {dag.py:3239} INFO - Sync 1 DAGs
[2024-12-24T07:32:38.316+0000] {logging_mixin.py:190} INFO - [2024-12-24T07:32:38.316+0000] {dag.py:4180} INFO - Setting next_dagrun for example_branch_operator to 2024-12-23 00:00:00+00:00, run_after=2024-12-24 00:00:00+00:00
[2024-12-24T07:32:38.352+0000] {processor.py:208} INFO - Processing /home/airflow/.local/lib/python3.12/site-packages/airflow/example_dags/example_branch_operator.py took 0.214 seconds
[2024-12-24T07:33:09.045+0000] {processor.py:186} INFO - Started process (PID=592) to work on /home/airflow/.local/lib/python3.12/site-packages/airflow/example_dags/example_branch_operator.py
[2024-12-24T07:33:09.046+0000] {processor.py:914} INFO - Processing file /home/airflow/.local/lib/python3.12/site-packages/airflow/example_dags/example_branch_operator.py for tasks to queue
[2024-12-24T07:33:09.050+0000] {logging_mixin.py:190} INFO - [2024-12-24T07:33:09.049+0000] {dagbag.py:588} INFO - Filling up the DagBag from /home/airflow/.local/lib/python3.12/site-packages/airflow/example_dags/example_branch_operator.py
[2024-12-24T07:33:09.075+0000] {processor.py:925} INFO - DAG(s) 'example_branch_operator' retrieved from /home/airflow/.local/lib/python3.12/site-packages/airflow/example_dags/example_branch_operator.py
[2024-12-24T07:33:09.115+0000] {logging_mixin.py:190} INFO - [2024-12-24T07:33:09.114+0000] {dag.py:3239} INFO - Sync 1 DAGs
[2024-12-24T07:33:09.157+0000] {logging_mixin.py:190} INFO - [2024-12-24T07:33:09.157+0000] {dag.py:4180} INFO - Setting next_dagrun for example_branch_operator to 2024-12-23 00:00:00+00:00, run_after=2024-12-24 00:00:00+00:00
[2024-12-24T07:33:09.192+0000] {processor.py:208} INFO - Processing /home/airflow/.local/lib/python3.12/site-packages/airflow/example_dags/example_branch_operator.py took 0.156 seconds
[2024-12-24T07:33:39.451+0000] {processor.py:186} INFO - Started process (PID=658) to work on /home/airflow/.local/lib/python3.12/site-packages/airflow/example_dags/example_branch_operator.py
[2024-12-24T07:33:39.453+0000] {processor.py:914} INFO - Processing file /home/airflow/.local/lib/python3.12/site-packages/airflow/example_dags/example_branch_operator.py for tasks to queue
[2024-12-24T07:33:39.458+0000] {logging_mixin.py:190} INFO - [2024-12-24T07:33:39.458+0000] {dagbag.py:588} INFO - Filling up the DagBag from /home/airflow/.local/lib/python3.12/site-packages/airflow/example_dags/example_branch_operator.py
[2024-12-24T07:33:39.497+0000] {processor.py:925} INFO - DAG(s) 'example_branch_operator' retrieved from /home/airflow/.local/lib/python3.12/site-packages/airflow/example_dags/example_branch_operator.py
[2024-12-24T07:33:39.562+0000] {logging_mixin.py:190} INFO - [2024-12-24T07:33:39.560+0000] {dag.py:3239} INFO - Sync 1 DAGs
[2024-12-24T07:33:39.609+0000] {logging_mixin.py:190} INFO - [2024-12-24T07:33:39.608+0000] {dag.py:4180} INFO - Setting next_dagrun for example_branch_operator to 2024-12-23 00:00:00+00:00, run_after=2024-12-24 00:00:00+00:00
[2024-12-24T07:33:39.679+0000] {processor.py:208} INFO - Processing /home/airflow/.local/lib/python3.12/site-packages/airflow/example_dags/example_branch_operator.py took 0.236 seconds
[2024-12-24T07:34:10.513+0000] {processor.py:186} INFO - Started process (PID=724) to work on /home/airflow/.local/lib/python3.12/site-packages/airflow/example_dags/example_branch_operator.py
[2024-12-24T07:34:10.514+0000] {processor.py:914} INFO - Processing file /home/airflow/.local/lib/python3.12/site-packages/airflow/example_dags/example_branch_operator.py for tasks to queue
[2024-12-24T07:34:10.519+0000] {logging_mixin.py:190} INFO - [2024-12-24T07:34:10.518+0000] {dagbag.py:588} INFO - Filling up the DagBag from /home/airflow/.local/lib/python3.12/site-packages/airflow/example_dags/example_branch_operator.py
[2024-12-24T07:34:10.565+0000] {processor.py:925} INFO - DAG(s) 'example_branch_operator' retrieved from /home/airflow/.local/lib/python3.12/site-packages/airflow/example_dags/example_branch_operator.py
[2024-12-24T07:34:10.651+0000] {logging_mixin.py:190} INFO - [2024-12-24T07:34:10.648+0000] {dag.py:3239} INFO - Sync 1 DAGs
[2024-12-24T07:34:10.734+0000] {logging_mixin.py:190} INFO - [2024-12-24T07:34:10.734+0000] {dag.py:4180} INFO - Setting next_dagrun for example_branch_operator to 2024-12-23 00:00:00+00:00, run_after=2024-12-24 00:00:00+00:00
[2024-12-24T07:34:10.809+0000] {processor.py:208} INFO - Processing /home/airflow/.local/lib/python3.12/site-packages/airflow/example_dags/example_branch_operator.py took 0.312 seconds
[2024-12-24T07:34:40.972+0000] {processor.py:186} INFO - Started process (PID=791) to work on /home/airflow/.local/lib/python3.12/site-packages/airflow/example_dags/example_branch_operator.py
[2024-12-24T07:34:40.974+0000] {processor.py:914} INFO - Processing file /home/airflow/.local/lib/python3.12/site-packages/airflow/example_dags/example_branch_operator.py for tasks to queue
[2024-12-24T07:34:40.977+0000] {logging_mixin.py:190} INFO - [2024-12-24T07:34:40.977+0000] {dagbag.py:588} INFO - Filling up the DagBag from /home/airflow/.local/lib/python3.12/site-packages/airflow/example_dags/example_branch_operator.py
[2024-12-24T07:34:41.003+0000] {processor.py:925} INFO - DAG(s) 'example_branch_operator' retrieved from /home/airflow/.local/lib/python3.12/site-packages/airflow/example_dags/example_branch_operator.py
[2024-12-24T07:34:41.048+0000] {logging_mixin.py:190} INFO - [2024-12-24T07:34:41.047+0000] {dag.py:3239} INFO - Sync 1 DAGs
[2024-12-24T07:34:41.081+0000] {logging_mixin.py:190} INFO - [2024-12-24T07:34:41.080+0000] {dag.py:4180} INFO - Setting next_dagrun for example_branch_operator to 2024-12-23 00:00:00+00:00, run_after=2024-12-24 00:00:00+00:00
[2024-12-24T07:34:41.110+0000] {processor.py:208} INFO - Processing /home/airflow/.local/lib/python3.12/site-packages/airflow/example_dags/example_branch_operator.py took 0.146 seconds
[2024-12-24T07:35:11.443+0000] {processor.py:186} INFO - Started process (PID=857) to work on /home/airflow/.local/lib/python3.12/site-packages/airflow/example_dags/example_branch_operator.py
[2024-12-24T07:35:11.444+0000] {processor.py:914} INFO - Processing file /home/airflow/.local/lib/python3.12/site-packages/airflow/example_dags/example_branch_operator.py for tasks to queue
[2024-12-24T07:35:11.449+0000] {logging_mixin.py:190} INFO - [2024-12-24T07:35:11.448+0000] {dagbag.py:588} INFO - Filling up the DagBag from /home/airflow/.local/lib/python3.12/site-packages/airflow/example_dags/example_branch_operator.py
[2024-12-24T07:35:11.476+0000] {processor.py:925} INFO - DAG(s) 'example_branch_operator' retrieved from /home/airflow/.local/lib/python3.12/site-packages/airflow/example_dags/example_branch_operator.py
[2024-12-24T07:35:11.520+0000] {logging_mixin.py:190} INFO - [2024-12-24T07:35:11.519+0000] {dag.py:3239} INFO - Sync 1 DAGs
[2024-12-24T07:35:11.557+0000] {logging_mixin.py:190} INFO - [2024-12-24T07:35:11.557+0000] {dag.py:4180} INFO - Setting next_dagrun for example_branch_operator to 2024-12-23 00:00:00+00:00, run_after=2024-12-24 00:00:00+00:00
[2024-12-24T07:35:11.586+0000] {processor.py:208} INFO - Processing /home/airflow/.local/lib/python3.12/site-packages/airflow/example_dags/example_branch_operator.py took 0.151 seconds
[2024-12-24T07:35:42.547+0000] {processor.py:186} INFO - Started process (PID=923) to work on /home/airflow/.local/lib/python3.12/site-packages/airflow/example_dags/example_branch_operator.py
[2024-12-24T07:35:42.548+0000] {processor.py:914} INFO - Processing file /home/airflow/.local/lib/python3.12/site-packages/airflow/example_dags/example_branch_operator.py for tasks to queue
[2024-12-24T07:35:42.553+0000] {logging_mixin.py:190} INFO - [2024-12-24T07:35:42.552+0000] {dagbag.py:588} INFO - Filling up the DagBag from /home/airflow/.local/lib/python3.12/site-packages/airflow/example_dags/example_branch_operator.py
[2024-12-24T07:35:42.580+0000] {processor.py:925} INFO - DAG(s) 'example_branch_operator' retrieved from /home/airflow/.local/lib/python3.12/site-packages/airflow/example_dags/example_branch_operator.py
[2024-12-24T07:35:42.620+0000] {logging_mixin.py:190} INFO - [2024-12-24T07:35:42.619+0000] {dag.py:3239} INFO - Sync 1 DAGs
[2024-12-24T07:35:42.655+0000] {logging_mixin.py:190} INFO - [2024-12-24T07:35:42.654+0000] {dag.py:4180} INFO - Setting next_dagrun for example_branch_operator to 2024-12-23 00:00:00+00:00, run_after=2024-12-24 00:00:00+00:00
[2024-12-24T07:35:42.683+0000] {processor.py:208} INFO - Processing /home/airflow/.local/lib/python3.12/site-packages/airflow/example_dags/example_branch_operator.py took 0.145 seconds
[2024-12-24T07:36:13.396+0000] {processor.py:186} INFO - Started process (PID=989) to work on /home/airflow/.local/lib/python3.12/site-packages/airflow/example_dags/example_branch_operator.py
[2024-12-24T07:36:13.398+0000] {processor.py:914} INFO - Processing file /home/airflow/.local/lib/python3.12/site-packages/airflow/example_dags/example_branch_operator.py for tasks to queue
[2024-12-24T07:36:13.402+0000] {logging_mixin.py:190} INFO - [2024-12-24T07:36:13.401+0000] {dagbag.py:588} INFO - Filling up the DagBag from /home/airflow/.local/lib/python3.12/site-packages/airflow/example_dags/example_branch_operator.py
[2024-12-24T07:36:13.432+0000] {processor.py:925} INFO - DAG(s) 'example_branch_operator' retrieved from /home/airflow/.local/lib/python3.12/site-packages/airflow/example_dags/example_branch_operator.py
[2024-12-24T07:36:13.500+0000] {logging_mixin.py:190} INFO - [2024-12-24T07:36:13.498+0000] {dag.py:3239} INFO - Sync 1 DAGs
[2024-12-24T07:36:13.552+0000] {logging_mixin.py:190} INFO - [2024-12-24T07:36:13.551+0000] {dag.py:4180} INFO - Setting next_dagrun for example_branch_operator to 2024-12-23 00:00:00+00:00, run_after=2024-12-24 00:00:00+00:00
[2024-12-24T07:36:13.593+0000] {processor.py:208} INFO - Processing /home/airflow/.local/lib/python3.12/site-packages/airflow/example_dags/example_branch_operator.py took 0.210 seconds
[2024-12-24T07:36:44.282+0000] {processor.py:186} INFO - Started process (PID=1055) to work on /home/airflow/.local/lib/python3.12/site-packages/airflow/example_dags/example_branch_operator.py
[2024-12-24T07:36:44.284+0000] {processor.py:914} INFO - Processing file /home/airflow/.local/lib/python3.12/site-packages/airflow/example_dags/example_branch_operator.py for tasks to queue
[2024-12-24T07:36:44.287+0000] {logging_mixin.py:190} INFO - [2024-12-24T07:36:44.287+0000] {dagbag.py:588} INFO - Filling up the DagBag from /home/airflow/.local/lib/python3.12/site-packages/airflow/example_dags/example_branch_operator.py
[2024-12-24T07:36:44.314+0000] {processor.py:925} INFO - DAG(s) 'example_branch_operator' retrieved from /home/airflow/.local/lib/python3.12/site-packages/airflow/example_dags/example_branch_operator.py
[2024-12-24T07:36:44.362+0000] {logging_mixin.py:190} INFO - [2024-12-24T07:36:44.361+0000] {dag.py:3239} INFO - Sync 1 DAGs
[2024-12-24T07:36:44.396+0000] {logging_mixin.py:190} INFO - [2024-12-24T07:36:44.395+0000] {dag.py:4180} INFO - Setting next_dagrun for example_branch_operator to 2024-12-23 00:00:00+00:00, run_after=2024-12-24 00:00:00+00:00
[2024-12-24T07:36:44.424+0000] {processor.py:208} INFO - Processing /home/airflow/.local/lib/python3.12/site-packages/airflow/example_dags/example_branch_operator.py took 0.149 seconds
[2024-12-24T07:37:15.278+0000] {processor.py:186} INFO - Started process (PID=1121) to work on /home/airflow/.local/lib/python3.12/site-packages/airflow/example_dags/example_branch_operator.py
[2024-12-24T07:37:15.279+0000] {processor.py:914} INFO - Processing file /home/airflow/.local/lib/python3.12/site-packages/airflow/example_dags/example_branch_operator.py for tasks to queue
[2024-12-24T07:37:15.283+0000] {logging_mixin.py:190} INFO - [2024-12-24T07:37:15.283+0000] {dagbag.py:588} INFO - Filling up the DagBag from /home/airflow/.local/lib/python3.12/site-packages/airflow/example_dags/example_branch_operator.py
[2024-12-24T07:37:15.317+0000] {processor.py:925} INFO - DAG(s) 'example_branch_operator' retrieved from /home/airflow/.local/lib/python3.12/site-packages/airflow/example_dags/example_branch_operator.py
[2024-12-24T07:37:15.367+0000] {logging_mixin.py:190} INFO - [2024-12-24T07:37:15.366+0000] {dag.py:3239} INFO - Sync 1 DAGs
[2024-12-24T07:37:15.420+0000] {logging_mixin.py:190} INFO - [2024-12-24T07:37:15.419+0000] {dag.py:4180} INFO - Setting next_dagrun for example_branch_operator to 2024-12-23 00:00:00+00:00, run_after=2024-12-24 00:00:00+00:00
[2024-12-24T07:37:15.454+0000] {processor.py:208} INFO - Processing /home/airflow/.local/lib/python3.12/site-packages/airflow/example_dags/example_branch_operator.py took 0.184 seconds
[2024-12-24T07:37:45.687+0000] {processor.py:186} INFO - Started process (PID=1187) to work on /home/airflow/.local/lib/python3.12/site-packages/airflow/example_dags/example_branch_operator.py
[2024-12-24T07:37:45.689+0000] {processor.py:914} INFO - Processing file /home/airflow/.local/lib/python3.12/site-packages/airflow/example_dags/example_branch_operator.py for tasks to queue
[2024-12-24T07:37:45.693+0000] {logging_mixin.py:190} INFO - [2024-12-24T07:37:45.693+0000] {dagbag.py:588} INFO - Filling up the DagBag from /home/airflow/.local/lib/python3.12/site-packages/airflow/example_dags/example_branch_operator.py
[2024-12-24T07:37:45.734+0000] {processor.py:925} INFO - DAG(s) 'example_branch_operator' retrieved from /home/airflow/.local/lib/python3.12/site-packages/airflow/example_dags/example_branch_operator.py
[2024-12-24T07:37:45.805+0000] {logging_mixin.py:190} INFO - [2024-12-24T07:37:45.804+0000] {dag.py:3239} INFO - Sync 1 DAGs
[2024-12-24T07:37:45.855+0000] {logging_mixin.py:190} INFO - [2024-12-24T07:37:45.855+0000] {dag.py:4180} INFO - Setting next_dagrun for example_branch_operator to 2024-12-23 00:00:00+00:00, run_after=2024-12-24 00:00:00+00:00
[2024-12-24T07:37:45.896+0000] {processor.py:208} INFO - Processing /home/airflow/.local/lib/python3.12/site-packages/airflow/example_dags/example_branch_operator.py took 0.221 seconds
[2024-12-24T07:38:16.636+0000] {processor.py:186} INFO - Started process (PID=1253) to work on /home/airflow/.local/lib/python3.12/site-packages/airflow/example_dags/example_branch_operator.py
[2024-12-24T07:38:16.638+0000] {processor.py:914} INFO - Processing file /home/airflow/.local/lib/python3.12/site-packages/airflow/example_dags/example_branch_operator.py for tasks to queue
[2024-12-24T07:38:16.642+0000] {logging_mixin.py:190} INFO - [2024-12-24T07:38:16.642+0000] {dagbag.py:588} INFO - Filling up the DagBag from /home/airflow/.local/lib/python3.12/site-packages/airflow/example_dags/example_branch_operator.py
[2024-12-24T07:38:16.681+0000] {processor.py:925} INFO - DAG(s) 'example_branch_operator' retrieved from /home/airflow/.local/lib/python3.12/site-packages/airflow/example_dags/example_branch_operator.py
[2024-12-24T07:38:16.737+0000] {logging_mixin.py:190} INFO - [2024-12-24T07:38:16.737+0000] {dag.py:3239} INFO - Sync 1 DAGs
[2024-12-24T07:38:16.786+0000] {logging_mixin.py:190} INFO - [2024-12-24T07:38:16.785+0000] {dag.py:4180} INFO - Setting next_dagrun for example_branch_operator to 2024-12-23 00:00:00+00:00, run_after=2024-12-24 00:00:00+00:00
[2024-12-24T07:38:16.825+0000] {processor.py:208} INFO - Processing /home/airflow/.local/lib/python3.12/site-packages/airflow/example_dags/example_branch_operator.py took 0.203 seconds
[2024-12-24T07:38:47.337+0000] {processor.py:186} INFO - Started process (PID=1318) to work on /home/airflow/.local/lib/python3.12/site-packages/airflow/example_dags/example_branch_operator.py
[2024-12-24T07:38:47.338+0000] {processor.py:914} INFO - Processing file /home/airflow/.local/lib/python3.12/site-packages/airflow/example_dags/example_branch_operator.py for tasks to queue
[2024-12-24T07:38:47.342+0000] {logging_mixin.py:190} INFO - [2024-12-24T07:38:47.342+0000] {dagbag.py:588} INFO - Filling up the DagBag from /home/airflow/.local/lib/python3.12/site-packages/airflow/example_dags/example_branch_operator.py
[2024-12-24T07:38:47.368+0000] {processor.py:925} INFO - DAG(s) 'example_branch_operator' retrieved from /home/airflow/.local/lib/python3.12/site-packages/airflow/example_dags/example_branch_operator.py
[2024-12-24T07:38:47.411+0000] {logging_mixin.py:190} INFO - [2024-12-24T07:38:47.410+0000] {dag.py:3239} INFO - Sync 1 DAGs
[2024-12-24T07:38:47.445+0000] {logging_mixin.py:190} INFO - [2024-12-24T07:38:47.445+0000] {dag.py:4180} INFO - Setting next_dagrun for example_branch_operator to 2024-12-23 00:00:00+00:00, run_after=2024-12-24 00:00:00+00:00
[2024-12-24T07:38:47.475+0000] {processor.py:208} INFO - Processing /home/airflow/.local/lib/python3.12/site-packages/airflow/example_dags/example_branch_operator.py took 0.147 seconds
[2024-12-24T07:39:17.725+0000] {processor.py:186} INFO - Started process (PID=1384) to work on /home/airflow/.local/lib/python3.12/site-packages/airflow/example_dags/example_branch_operator.py
[2024-12-24T07:39:17.728+0000] {processor.py:914} INFO - Processing file /home/airflow/.local/lib/python3.12/site-packages/airflow/example_dags/example_branch_operator.py for tasks to queue
[2024-12-24T07:39:17.734+0000] {logging_mixin.py:190} INFO - [2024-12-24T07:39:17.733+0000] {dagbag.py:588} INFO - Filling up the DagBag from /home/airflow/.local/lib/python3.12/site-packages/airflow/example_dags/example_branch_operator.py
[2024-12-24T07:39:17.795+0000] {processor.py:925} INFO - DAG(s) 'example_branch_operator' retrieved from /home/airflow/.local/lib/python3.12/site-packages/airflow/example_dags/example_branch_operator.py
[2024-12-24T07:39:17.932+0000] {logging_mixin.py:190} INFO - [2024-12-24T07:39:17.930+0000] {dag.py:3239} INFO - Sync 1 DAGs
[2024-12-24T07:39:18.055+0000] {logging_mixin.py:190} INFO - [2024-12-24T07:39:18.054+0000] {dag.py:4180} INFO - Setting next_dagrun for example_branch_operator to 2024-12-23 00:00:00+00:00, run_after=2024-12-24 00:00:00+00:00
[2024-12-24T07:39:18.115+0000] {processor.py:208} INFO - Processing /home/airflow/.local/lib/python3.12/site-packages/airflow/example_dags/example_branch_operator.py took 0.407 seconds
[2024-12-24T07:39:48.457+0000] {processor.py:186} INFO - Started process (PID=1450) to work on /home/airflow/.local/lib/python3.12/site-packages/airflow/example_dags/example_branch_operator.py
[2024-12-24T07:39:48.459+0000] {processor.py:914} INFO - Processing file /home/airflow/.local/lib/python3.12/site-packages/airflow/example_dags/example_branch_operator.py for tasks to queue
[2024-12-24T07:39:48.463+0000] {logging_mixin.py:190} INFO - [2024-12-24T07:39:48.463+0000] {dagbag.py:588} INFO - Filling up the DagBag from /home/airflow/.local/lib/python3.12/site-packages/airflow/example_dags/example_branch_operator.py
[2024-12-24T07:39:48.489+0000] {processor.py:925} INFO - DAG(s) 'example_branch_operator' retrieved from /home/airflow/.local/lib/python3.12/site-packages/airflow/example_dags/example_branch_operator.py
[2024-12-24T07:39:48.529+0000] {logging_mixin.py:190} INFO - [2024-12-24T07:39:48.528+0000] {dag.py:3239} INFO - Sync 1 DAGs
[2024-12-24T07:39:48.565+0000] {logging_mixin.py:190} INFO - [2024-12-24T07:39:48.564+0000] {dag.py:4180} INFO - Setting next_dagrun for example_branch_operator to 2024-12-23 00:00:00+00:00, run_after=2024-12-24 00:00:00+00:00
[2024-12-24T07:39:48.632+0000] {processor.py:208} INFO - Processing /home/airflow/.local/lib/python3.12/site-packages/airflow/example_dags/example_branch_operator.py took 0.184 seconds
[2024-12-24T07:40:18.937+0000] {processor.py:186} INFO - Started process (PID=1516) to work on /home/airflow/.local/lib/python3.12/site-packages/airflow/example_dags/example_branch_operator.py
[2024-12-24T07:40:18.939+0000] {processor.py:914} INFO - Processing file /home/airflow/.local/lib/python3.12/site-packages/airflow/example_dags/example_branch_operator.py for tasks to queue
[2024-12-24T07:40:18.943+0000] {logging_mixin.py:190} INFO - [2024-12-24T07:40:18.942+0000] {dagbag.py:588} INFO - Filling up the DagBag from /home/airflow/.local/lib/python3.12/site-packages/airflow/example_dags/example_branch_operator.py
[2024-12-24T07:40:18.976+0000] {processor.py:925} INFO - DAG(s) 'example_branch_operator' retrieved from /home/airflow/.local/lib/python3.12/site-packages/airflow/example_dags/example_branch_operator.py
[2024-12-24T07:40:19.033+0000] {logging_mixin.py:190} INFO - [2024-12-24T07:40:19.033+0000] {dag.py:3239} INFO - Sync 1 DAGs
[2024-12-24T07:40:19.079+0000] {logging_mixin.py:190} INFO - [2024-12-24T07:40:19.078+0000] {dag.py:4180} INFO - Setting next_dagrun for example_branch_operator to 2024-12-23 00:00:00+00:00, run_after=2024-12-24 00:00:00+00:00
[2024-12-24T07:40:19.112+0000] {processor.py:208} INFO - Processing /home/airflow/.local/lib/python3.12/site-packages/airflow/example_dags/example_branch_operator.py took 0.183 seconds
[2024-12-24T07:40:50.127+0000] {processor.py:186} INFO - Started process (PID=1589) to work on /home/airflow/.local/lib/python3.12/site-packages/airflow/example_dags/example_branch_operator.py
[2024-12-24T07:40:50.129+0000] {processor.py:914} INFO - Processing file /home/airflow/.local/lib/python3.12/site-packages/airflow/example_dags/example_branch_operator.py for tasks to queue
[2024-12-24T07:40:50.132+0000] {logging_mixin.py:190} INFO - [2024-12-24T07:40:50.132+0000] {dagbag.py:588} INFO - Filling up the DagBag from /home/airflow/.local/lib/python3.12/site-packages/airflow/example_dags/example_branch_operator.py
[2024-12-24T07:40:50.170+0000] {processor.py:925} INFO - DAG(s) 'example_branch_operator' retrieved from /home/airflow/.local/lib/python3.12/site-packages/airflow/example_dags/example_branch_operator.py
[2024-12-24T07:40:50.230+0000] {logging_mixin.py:190} INFO - [2024-12-24T07:40:50.230+0000] {dag.py:3239} INFO - Sync 1 DAGs
[2024-12-24T07:40:50.287+0000] {logging_mixin.py:190} INFO - [2024-12-24T07:40:50.287+0000] {dag.py:4180} INFO - Setting next_dagrun for example_branch_operator to 2024-12-23 00:00:00+00:00, run_after=2024-12-24 00:00:00+00:00
[2024-12-24T07:40:50.325+0000] {processor.py:208} INFO - Processing /home/airflow/.local/lib/python3.12/site-packages/airflow/example_dags/example_branch_operator.py took 0.209 seconds
[2024-12-24T07:41:20.691+0000] {processor.py:186} INFO - Started process (PID=1655) to work on /home/airflow/.local/lib/python3.12/site-packages/airflow/example_dags/example_branch_operator.py
[2024-12-24T07:41:20.694+0000] {processor.py:914} INFO - Processing file /home/airflow/.local/lib/python3.12/site-packages/airflow/example_dags/example_branch_operator.py for tasks to queue
[2024-12-24T07:41:20.699+0000] {logging_mixin.py:190} INFO - [2024-12-24T07:41:20.698+0000] {dagbag.py:588} INFO - Filling up the DagBag from /home/airflow/.local/lib/python3.12/site-packages/airflow/example_dags/example_branch_operator.py
[2024-12-24T07:41:20.743+0000] {processor.py:925} INFO - DAG(s) 'example_branch_operator' retrieved from /home/airflow/.local/lib/python3.12/site-packages/airflow/example_dags/example_branch_operator.py
[2024-12-24T07:41:20.859+0000] {logging_mixin.py:190} INFO - [2024-12-24T07:41:20.858+0000] {dag.py:3239} INFO - Sync 1 DAGs
[2024-12-24T07:41:20.942+0000] {logging_mixin.py:190} INFO - [2024-12-24T07:41:20.942+0000] {dag.py:4180} INFO - Setting next_dagrun for example_branch_operator to 2024-12-23 00:00:00+00:00, run_after=2024-12-24 00:00:00+00:00
[2024-12-24T07:41:20.993+0000] {processor.py:208} INFO - Processing /home/airflow/.local/lib/python3.12/site-packages/airflow/example_dags/example_branch_operator.py took 0.326 seconds
[2024-12-24T07:41:51.129+0000] {processor.py:186} INFO - Started process (PID=1721) to work on /home/airflow/.local/lib/python3.12/site-packages/airflow/example_dags/example_branch_operator.py
[2024-12-24T07:41:51.132+0000] {processor.py:914} INFO - Processing file /home/airflow/.local/lib/python3.12/site-packages/airflow/example_dags/example_branch_operator.py for tasks to queue
[2024-12-24T07:41:51.135+0000] {logging_mixin.py:190} INFO - [2024-12-24T07:41:51.135+0000] {dagbag.py:588} INFO - Filling up the DagBag from /home/airflow/.local/lib/python3.12/site-packages/airflow/example_dags/example_branch_operator.py
[2024-12-24T07:41:51.202+0000] {processor.py:925} INFO - DAG(s) 'example_branch_operator' retrieved from /home/airflow/.local/lib/python3.12/site-packages/airflow/example_dags/example_branch_operator.py
[2024-12-24T07:41:51.249+0000] {logging_mixin.py:190} INFO - [2024-12-24T07:41:51.249+0000] {dag.py:3239} INFO - Sync 1 DAGs
[2024-12-24T07:41:51.287+0000] {logging_mixin.py:190} INFO - [2024-12-24T07:41:51.287+0000] {dag.py:4180} INFO - Setting next_dagrun for example_branch_operator to 2024-12-23 00:00:00+00:00, run_after=2024-12-24 00:00:00+00:00
[2024-12-24T07:41:51.319+0000] {processor.py:208} INFO - Processing /home/airflow/.local/lib/python3.12/site-packages/airflow/example_dags/example_branch_operator.py took 0.211 seconds
