[2024-12-24T07:29:03.807+0000] {processor.py:186} INFO - Started process (PID=78) to work on /home/airflow/.local/lib/python3.12/site-packages/airflow/example_dags/example_branch_datetime_operator.py
[2024-12-24T07:29:03.808+0000] {processor.py:914} INFO - Processing file /home/airflow/.local/lib/python3.12/site-packages/airflow/example_dags/example_branch_datetime_operator.py for tasks to queue
[2024-12-24T07:29:03.814+0000] {logging_mixin.py:190} INFO - [2024-12-24T07:29:03.814+0000] {dagbag.py:588} INFO - Filling up the DagBag from /home/airflow/.local/lib/python3.12/site-packages/airflow/example_dags/example_branch_datetime_operator.py
[2024-12-24T07:29:03.845+0000] {processor.py:925} INFO - DAG(s) 'example_branch_datetime_operator', 'example_branch_datetime_operator_2', 'example_branch_datetime_operator_3' retrieved from /home/airflow/.local/lib/python3.12/site-packages/airflow/example_dags/example_branch_datetime_operator.py
[2024-12-24T07:29:04.001+0000] {logging_mixin.py:190} INFO - [2024-12-24T07:29:04.000+0000] {override.py:1911} INFO - Created Permission View: can read on DAG:example_branch_datetime_operator
[2024-12-24T07:29:04.021+0000] {logging_mixin.py:190} INFO - [2024-12-24T07:29:04.020+0000] {override.py:1911} INFO - Created Permission View: can edit on DAG:example_branch_datetime_operator
[2024-12-24T07:29:04.033+0000] {logging_mixin.py:190} INFO - [2024-12-24T07:29:04.033+0000] {override.py:1911} INFO - Created Permission View: can delete on DAG:example_branch_datetime_operator
[2024-12-24T07:29:04.047+0000] {logging_mixin.py:190} INFO - [2024-12-24T07:29:04.047+0000] {override.py:1911} INFO - Created Permission View: can read on DAG Run:example_branch_datetime_operator
[2024-12-24T07:29:04.062+0000] {logging_mixin.py:190} INFO - [2024-12-24T07:29:04.062+0000] {override.py:1911} INFO - Created Permission View: can create on DAG Run:example_branch_datetime_operator
[2024-12-24T07:29:04.074+0000] {logging_mixin.py:190} INFO - [2024-12-24T07:29:04.074+0000] {override.py:1911} INFO - Created Permission View: can delete on DAG Run:example_branch_datetime_operator
[2024-12-24T07:29:04.086+0000] {logging_mixin.py:190} INFO - [2024-12-24T07:29:04.086+0000] {override.py:1911} INFO - Created Permission View: menu access on DAG Run:example_branch_datetime_operator
[2024-12-24T07:29:04.108+0000] {logging_mixin.py:190} INFO - [2024-12-24T07:29:04.107+0000] {override.py:1911} INFO - Created Permission View: can read on DAG:example_branch_datetime_operator_2
[2024-12-24T07:29:04.120+0000] {logging_mixin.py:190} INFO - [2024-12-24T07:29:04.120+0000] {override.py:1911} INFO - Created Permission View: can edit on DAG:example_branch_datetime_operator_2
[2024-12-24T07:29:04.132+0000] {logging_mixin.py:190} INFO - [2024-12-24T07:29:04.131+0000] {override.py:1911} INFO - Created Permission View: can delete on DAG:example_branch_datetime_operator_2
[2024-12-24T07:29:04.150+0000] {logging_mixin.py:190} INFO - [2024-12-24T07:29:04.150+0000] {override.py:1911} INFO - Created Permission View: can read on DAG Run:example_branch_datetime_operator_2
[2024-12-24T07:29:04.163+0000] {logging_mixin.py:190} INFO - [2024-12-24T07:29:04.163+0000] {override.py:1911} INFO - Created Permission View: can create on DAG Run:example_branch_datetime_operator_2
[2024-12-24T07:29:04.177+0000] {logging_mixin.py:190} INFO - [2024-12-24T07:29:04.176+0000] {override.py:1911} INFO - Created Permission View: can delete on DAG Run:example_branch_datetime_operator_2
[2024-12-24T07:29:04.188+0000] {logging_mixin.py:190} INFO - [2024-12-24T07:29:04.188+0000] {override.py:1911} INFO - Created Permission View: menu access on DAG Run:example_branch_datetime_operator_2
[2024-12-24T07:29:04.212+0000] {logging_mixin.py:190} INFO - [2024-12-24T07:29:04.211+0000] {override.py:1911} INFO - Created Permission View: can read on DAG:example_branch_datetime_operator_3
[2024-12-24T07:29:04.223+0000] {logging_mixin.py:190} INFO - [2024-12-24T07:29:04.223+0000] {override.py:1911} INFO - Created Permission View: can edit on DAG:example_branch_datetime_operator_3
[2024-12-24T07:29:04.235+0000] {logging_mixin.py:190} INFO - [2024-12-24T07:29:04.235+0000] {override.py:1911} INFO - Created Permission View: can delete on DAG:example_branch_datetime_operator_3
[2024-12-24T07:29:04.250+0000] {logging_mixin.py:190} INFO - [2024-12-24T07:29:04.249+0000] {override.py:1911} INFO - Created Permission View: can read on DAG Run:example_branch_datetime_operator_3
[2024-12-24T07:29:04.264+0000] {logging_mixin.py:190} INFO - [2024-12-24T07:29:04.263+0000] {override.py:1911} INFO - Created Permission View: can create on DAG Run:example_branch_datetime_operator_3
[2024-12-24T07:29:04.277+0000] {logging_mixin.py:190} INFO - [2024-12-24T07:29:04.276+0000] {override.py:1911} INFO - Created Permission View: can delete on DAG Run:example_branch_datetime_operator_3
[2024-12-24T07:29:04.288+0000] {logging_mixin.py:190} INFO - [2024-12-24T07:29:04.288+0000] {override.py:1911} INFO - Created Permission View: menu access on DAG Run:example_branch_datetime_operator_3
[2024-12-24T07:29:04.290+0000] {logging_mixin.py:190} INFO - [2024-12-24T07:29:04.289+0000] {dag.py:3239} INFO - Sync 3 DAGs
[2024-12-24T07:29:04.308+0000] {logging_mixin.py:190} INFO - [2024-12-24T07:29:04.308+0000] {dag.py:3262} INFO - Creating ORM DAG for example_branch_datetime_operator
[2024-12-24T07:29:04.310+0000] {logging_mixin.py:190} INFO - [2024-12-24T07:29:04.309+0000] {dag.py:3262} INFO - Creating ORM DAG for example_branch_datetime_operator_3
[2024-12-24T07:29:04.311+0000] {logging_mixin.py:190} INFO - [2024-12-24T07:29:04.311+0000] {dag.py:3262} INFO - Creating ORM DAG for example_branch_datetime_operator_2
[2024-12-24T07:29:04.327+0000] {logging_mixin.py:190} INFO - [2024-12-24T07:29:04.327+0000] {dag.py:4180} INFO - Setting next_dagrun for example_branch_datetime_operator to 2024-12-23 00:00:00+00:00, run_after=2024-12-24 00:00:00+00:00
[2024-12-24T07:29:04.330+0000] {logging_mixin.py:190} INFO - [2024-12-24T07:29:04.330+0000] {dag.py:4180} INFO - Setting next_dagrun for example_branch_datetime_operator_2 to 2024-12-23 00:00:00+00:00, run_after=2024-12-24 00:00:00+00:00
[2024-12-24T07:29:04.333+0000] {logging_mixin.py:190} INFO - [2024-12-24T07:29:04.333+0000] {dag.py:4180} INFO - Setting next_dagrun for example_branch_datetime_operator_3 to 2024-12-23 00:00:00+00:00, run_after=2024-12-24 00:00:00+00:00
[2024-12-24T07:29:04.368+0000] {processor.py:208} INFO - Processing /home/airflow/.local/lib/python3.12/site-packages/airflow/example_dags/example_branch_datetime_operator.py took 0.575 seconds
[2024-12-24T07:29:35.080+0000] {processor.py:186} INFO - Started process (PID=144) to work on /home/airflow/.local/lib/python3.12/site-packages/airflow/example_dags/example_branch_datetime_operator.py
[2024-12-24T07:29:35.081+0000] {processor.py:914} INFO - Processing file /home/airflow/.local/lib/python3.12/site-packages/airflow/example_dags/example_branch_datetime_operator.py for tasks to queue
[2024-12-24T07:29:35.085+0000] {logging_mixin.py:190} INFO - [2024-12-24T07:29:35.084+0000] {dagbag.py:588} INFO - Filling up the DagBag from /home/airflow/.local/lib/python3.12/site-packages/airflow/example_dags/example_branch_datetime_operator.py
[2024-12-24T07:29:35.100+0000] {processor.py:925} INFO - DAG(s) 'example_branch_datetime_operator', 'example_branch_datetime_operator_2', 'example_branch_datetime_operator_3' retrieved from /home/airflow/.local/lib/python3.12/site-packages/airflow/example_dags/example_branch_datetime_operator.py
[2024-12-24T07:29:35.141+0000] {logging_mixin.py:190} INFO - [2024-12-24T07:29:35.140+0000] {dag.py:3239} INFO - Sync 3 DAGs
[2024-12-24T07:29:35.185+0000] {logging_mixin.py:190} INFO - [2024-12-24T07:29:35.185+0000] {dag.py:4180} INFO - Setting next_dagrun for example_branch_datetime_operator to 2024-12-23 00:00:00+00:00, run_after=2024-12-24 00:00:00+00:00
[2024-12-24T07:29:35.195+0000] {logging_mixin.py:190} INFO - [2024-12-24T07:29:35.195+0000] {dag.py:4180} INFO - Setting next_dagrun for example_branch_datetime_operator_2 to 2024-12-23 00:00:00+00:00, run_after=2024-12-24 00:00:00+00:00
[2024-12-24T07:29:35.203+0000] {logging_mixin.py:190} INFO - [2024-12-24T07:29:35.202+0000] {dag.py:4180} INFO - Setting next_dagrun for example_branch_datetime_operator_3 to 2024-12-23 00:00:00+00:00, run_after=2024-12-24 00:00:00+00:00
[2024-12-24T07:29:35.239+0000] {processor.py:208} INFO - Processing /home/airflow/.local/lib/python3.12/site-packages/airflow/example_dags/example_branch_datetime_operator.py took 0.166 seconds
[2024-12-24T07:30:05.744+0000] {processor.py:186} INFO - Started process (PID=210) to work on /home/airflow/.local/lib/python3.12/site-packages/airflow/example_dags/example_branch_datetime_operator.py
[2024-12-24T07:30:05.747+0000] {processor.py:914} INFO - Processing file /home/airflow/.local/lib/python3.12/site-packages/airflow/example_dags/example_branch_datetime_operator.py for tasks to queue
[2024-12-24T07:30:05.760+0000] {logging_mixin.py:190} INFO - [2024-12-24T07:30:05.759+0000] {dagbag.py:588} INFO - Filling up the DagBag from /home/airflow/.local/lib/python3.12/site-packages/airflow/example_dags/example_branch_datetime_operator.py
[2024-12-24T07:30:05.806+0000] {processor.py:925} INFO - DAG(s) 'example_branch_datetime_operator_3', 'example_branch_datetime_operator_2', 'example_branch_datetime_operator' retrieved from /home/airflow/.local/lib/python3.12/site-packages/airflow/example_dags/example_branch_datetime_operator.py
[2024-12-24T07:30:05.914+0000] {logging_mixin.py:190} INFO - [2024-12-24T07:30:05.912+0000] {dag.py:3239} INFO - Sync 3 DAGs
[2024-12-24T07:30:05.988+0000] {logging_mixin.py:190} INFO - [2024-12-24T07:30:05.987+0000] {dag.py:4180} INFO - Setting next_dagrun for example_branch_datetime_operator to 2024-12-23 00:00:00+00:00, run_after=2024-12-24 00:00:00+00:00
[2024-12-24T07:30:06.008+0000] {logging_mixin.py:190} INFO - [2024-12-24T07:30:06.008+0000] {dag.py:4180} INFO - Setting next_dagrun for example_branch_datetime_operator_2 to 2024-12-23 00:00:00+00:00, run_after=2024-12-24 00:00:00+00:00
[2024-12-24T07:30:06.028+0000] {logging_mixin.py:190} INFO - [2024-12-24T07:30:06.027+0000] {dag.py:4180} INFO - Setting next_dagrun for example_branch_datetime_operator_3 to 2024-12-23 00:00:00+00:00, run_after=2024-12-24 00:00:00+00:00
[2024-12-24T07:30:06.109+0000] {processor.py:208} INFO - Processing /home/airflow/.local/lib/python3.12/site-packages/airflow/example_dags/example_branch_datetime_operator.py took 0.395 seconds
[2024-12-24T07:30:36.498+0000] {processor.py:186} INFO - Started process (PID=277) to work on /home/airflow/.local/lib/python3.12/site-packages/airflow/example_dags/example_branch_datetime_operator.py
[2024-12-24T07:30:36.504+0000] {processor.py:914} INFO - Processing file /home/airflow/.local/lib/python3.12/site-packages/airflow/example_dags/example_branch_datetime_operator.py for tasks to queue
[2024-12-24T07:30:36.517+0000] {logging_mixin.py:190} INFO - [2024-12-24T07:30:36.515+0000] {dagbag.py:588} INFO - Filling up the DagBag from /home/airflow/.local/lib/python3.12/site-packages/airflow/example_dags/example_branch_datetime_operator.py
[2024-12-24T07:30:36.611+0000] {processor.py:925} INFO - DAG(s) 'example_branch_datetime_operator_2', 'example_branch_datetime_operator', 'example_branch_datetime_operator_3' retrieved from /home/airflow/.local/lib/python3.12/site-packages/airflow/example_dags/example_branch_datetime_operator.py
[2024-12-24T07:30:36.716+0000] {logging_mixin.py:190} INFO - [2024-12-24T07:30:36.713+0000] {dag.py:3239} INFO - Sync 3 DAGs
[2024-12-24T07:30:36.786+0000] {logging_mixin.py:190} INFO - [2024-12-24T07:30:36.786+0000] {dag.py:4180} INFO - Setting next_dagrun for example_branch_datetime_operator to 2024-12-23 00:00:00+00:00, run_after=2024-12-24 00:00:00+00:00
[2024-12-24T07:30:36.803+0000] {logging_mixin.py:190} INFO - [2024-12-24T07:30:36.803+0000] {dag.py:4180} INFO - Setting next_dagrun for example_branch_datetime_operator_2 to 2024-12-23 00:00:00+00:00, run_after=2024-12-24 00:00:00+00:00
[2024-12-24T07:30:36.824+0000] {logging_mixin.py:190} INFO - [2024-12-24T07:30:36.822+0000] {dag.py:4180} INFO - Setting next_dagrun for example_branch_datetime_operator_3 to 2024-12-23 00:00:00+00:00, run_after=2024-12-24 00:00:00+00:00
[2024-12-24T07:30:36.906+0000] {processor.py:208} INFO - Processing /home/airflow/.local/lib/python3.12/site-packages/airflow/example_dags/example_branch_datetime_operator.py took 0.430 seconds
[2024-12-24T07:31:07.673+0000] {processor.py:186} INFO - Started process (PID=343) to work on /home/airflow/.local/lib/python3.12/site-packages/airflow/example_dags/example_branch_datetime_operator.py
[2024-12-24T07:31:07.676+0000] {processor.py:914} INFO - Processing file /home/airflow/.local/lib/python3.12/site-packages/airflow/example_dags/example_branch_datetime_operator.py for tasks to queue
[2024-12-24T07:31:07.680+0000] {logging_mixin.py:190} INFO - [2024-12-24T07:31:07.680+0000] {dagbag.py:588} INFO - Filling up the DagBag from /home/airflow/.local/lib/python3.12/site-packages/airflow/example_dags/example_branch_datetime_operator.py
[2024-12-24T07:31:07.698+0000] {processor.py:925} INFO - DAG(s) 'example_branch_datetime_operator_3', 'example_branch_datetime_operator', 'example_branch_datetime_operator_2' retrieved from /home/airflow/.local/lib/python3.12/site-packages/airflow/example_dags/example_branch_datetime_operator.py
[2024-12-24T07:31:07.749+0000] {logging_mixin.py:190} INFO - [2024-12-24T07:31:07.748+0000] {dag.py:3239} INFO - Sync 3 DAGs
[2024-12-24T07:31:07.799+0000] {logging_mixin.py:190} INFO - [2024-12-24T07:31:07.798+0000] {dag.py:4180} INFO - Setting next_dagrun for example_branch_datetime_operator to 2024-12-23 00:00:00+00:00, run_after=2024-12-24 00:00:00+00:00
[2024-12-24T07:31:07.820+0000] {logging_mixin.py:190} INFO - [2024-12-24T07:31:07.820+0000] {dag.py:4180} INFO - Setting next_dagrun for example_branch_datetime_operator_2 to 2024-12-23 00:00:00+00:00, run_after=2024-12-24 00:00:00+00:00
[2024-12-24T07:31:07.839+0000] {logging_mixin.py:190} INFO - [2024-12-24T07:31:07.838+0000] {dag.py:4180} INFO - Setting next_dagrun for example_branch_datetime_operator_3 to 2024-12-23 00:00:00+00:00, run_after=2024-12-24 00:00:00+00:00
[2024-12-24T07:31:07.916+0000] {processor.py:208} INFO - Processing /home/airflow/.local/lib/python3.12/site-packages/airflow/example_dags/example_branch_datetime_operator.py took 0.260 seconds
[2024-12-24T07:31:38.023+0000] {processor.py:186} INFO - Started process (PID=408) to work on /home/airflow/.local/lib/python3.12/site-packages/airflow/example_dags/example_branch_datetime_operator.py
[2024-12-24T07:31:38.025+0000] {processor.py:914} INFO - Processing file /home/airflow/.local/lib/python3.12/site-packages/airflow/example_dags/example_branch_datetime_operator.py for tasks to queue
[2024-12-24T07:31:38.028+0000] {logging_mixin.py:190} INFO - [2024-12-24T07:31:38.028+0000] {dagbag.py:588} INFO - Filling up the DagBag from /home/airflow/.local/lib/python3.12/site-packages/airflow/example_dags/example_branch_datetime_operator.py
[2024-12-24T07:31:38.046+0000] {processor.py:925} INFO - DAG(s) 'example_branch_datetime_operator_3', 'example_branch_datetime_operator_2', 'example_branch_datetime_operator' retrieved from /home/airflow/.local/lib/python3.12/site-packages/airflow/example_dags/example_branch_datetime_operator.py
[2024-12-24T07:31:38.090+0000] {logging_mixin.py:190} INFO - [2024-12-24T07:31:38.090+0000] {dag.py:3239} INFO - Sync 3 DAGs
[2024-12-24T07:31:38.130+0000] {logging_mixin.py:190} INFO - [2024-12-24T07:31:38.129+0000] {dag.py:4180} INFO - Setting next_dagrun for example_branch_datetime_operator to 2024-12-23 00:00:00+00:00, run_after=2024-12-24 00:00:00+00:00
[2024-12-24T07:31:38.138+0000] {logging_mixin.py:190} INFO - [2024-12-24T07:31:38.138+0000] {dag.py:4180} INFO - Setting next_dagrun for example_branch_datetime_operator_2 to 2024-12-23 00:00:00+00:00, run_after=2024-12-24 00:00:00+00:00
[2024-12-24T07:31:38.142+0000] {logging_mixin.py:190} INFO - [2024-12-24T07:31:38.142+0000] {dag.py:4180} INFO - Setting next_dagrun for example_branch_datetime_operator_3 to 2024-12-23 00:00:00+00:00, run_after=2024-12-24 00:00:00+00:00
[2024-12-24T07:31:38.172+0000] {processor.py:208} INFO - Processing /home/airflow/.local/lib/python3.12/site-packages/airflow/example_dags/example_branch_datetime_operator.py took 0.159 seconds
[2024-12-24T07:32:08.652+0000] {processor.py:186} INFO - Started process (PID=473) to work on /home/airflow/.local/lib/python3.12/site-packages/airflow/example_dags/example_branch_datetime_operator.py
[2024-12-24T07:32:08.654+0000] {processor.py:914} INFO - Processing file /home/airflow/.local/lib/python3.12/site-packages/airflow/example_dags/example_branch_datetime_operator.py for tasks to queue
[2024-12-24T07:32:08.661+0000] {logging_mixin.py:190} INFO - [2024-12-24T07:32:08.660+0000] {dagbag.py:588} INFO - Filling up the DagBag from /home/airflow/.local/lib/python3.12/site-packages/airflow/example_dags/example_branch_datetime_operator.py
[2024-12-24T07:32:08.684+0000] {processor.py:925} INFO - DAG(s) 'example_branch_datetime_operator_2', 'example_branch_datetime_operator_3', 'example_branch_datetime_operator' retrieved from /home/airflow/.local/lib/python3.12/site-packages/airflow/example_dags/example_branch_datetime_operator.py
[2024-12-24T07:32:08.734+0000] {logging_mixin.py:190} INFO - [2024-12-24T07:32:08.733+0000] {dag.py:3239} INFO - Sync 3 DAGs
[2024-12-24T07:32:08.774+0000] {logging_mixin.py:190} INFO - [2024-12-24T07:32:08.774+0000] {dag.py:4180} INFO - Setting next_dagrun for example_branch_datetime_operator to 2024-12-23 00:00:00+00:00, run_after=2024-12-24 00:00:00+00:00
[2024-12-24T07:32:08.783+0000] {logging_mixin.py:190} INFO - [2024-12-24T07:32:08.783+0000] {dag.py:4180} INFO - Setting next_dagrun for example_branch_datetime_operator_2 to 2024-12-23 00:00:00+00:00, run_after=2024-12-24 00:00:00+00:00
[2024-12-24T07:32:08.788+0000] {logging_mixin.py:190} INFO - [2024-12-24T07:32:08.787+0000] {dag.py:4180} INFO - Setting next_dagrun for example_branch_datetime_operator_3 to 2024-12-23 00:00:00+00:00, run_after=2024-12-24 00:00:00+00:00
[2024-12-24T07:32:08.826+0000] {processor.py:208} INFO - Processing /home/airflow/.local/lib/python3.12/site-packages/airflow/example_dags/example_branch_datetime_operator.py took 0.182 seconds
[2024-12-24T07:32:39.560+0000] {processor.py:186} INFO - Started process (PID=539) to work on /home/airflow/.local/lib/python3.12/site-packages/airflow/example_dags/example_branch_datetime_operator.py
[2024-12-24T07:32:39.563+0000] {processor.py:914} INFO - Processing file /home/airflow/.local/lib/python3.12/site-packages/airflow/example_dags/example_branch_datetime_operator.py for tasks to queue
[2024-12-24T07:32:39.570+0000] {logging_mixin.py:190} INFO - [2024-12-24T07:32:39.569+0000] {dagbag.py:588} INFO - Filling up the DagBag from /home/airflow/.local/lib/python3.12/site-packages/airflow/example_dags/example_branch_datetime_operator.py
[2024-12-24T07:32:39.590+0000] {processor.py:925} INFO - DAG(s) 'example_branch_datetime_operator_3', 'example_branch_datetime_operator', 'example_branch_datetime_operator_2' retrieved from /home/airflow/.local/lib/python3.12/site-packages/airflow/example_dags/example_branch_datetime_operator.py
[2024-12-24T07:32:39.642+0000] {logging_mixin.py:190} INFO - [2024-12-24T07:32:39.641+0000] {dag.py:3239} INFO - Sync 3 DAGs
[2024-12-24T07:32:39.690+0000] {logging_mixin.py:190} INFO - [2024-12-24T07:32:39.690+0000] {dag.py:4180} INFO - Setting next_dagrun for example_branch_datetime_operator to 2024-12-23 00:00:00+00:00, run_after=2024-12-24 00:00:00+00:00
[2024-12-24T07:32:39.697+0000] {logging_mixin.py:190} INFO - [2024-12-24T07:32:39.697+0000] {dag.py:4180} INFO - Setting next_dagrun for example_branch_datetime_operator_2 to 2024-12-23 00:00:00+00:00, run_after=2024-12-24 00:00:00+00:00
[2024-12-24T07:32:39.705+0000] {logging_mixin.py:190} INFO - [2024-12-24T07:32:39.705+0000] {dag.py:4180} INFO - Setting next_dagrun for example_branch_datetime_operator_3 to 2024-12-23 00:00:00+00:00, run_after=2024-12-24 00:00:00+00:00
[2024-12-24T07:32:39.737+0000] {processor.py:208} INFO - Processing /home/airflow/.local/lib/python3.12/site-packages/airflow/example_dags/example_branch_datetime_operator.py took 0.189 seconds
[2024-12-24T07:33:10.380+0000] {processor.py:186} INFO - Started process (PID=605) to work on /home/airflow/.local/lib/python3.12/site-packages/airflow/example_dags/example_branch_datetime_operator.py
[2024-12-24T07:33:10.382+0000] {processor.py:914} INFO - Processing file /home/airflow/.local/lib/python3.12/site-packages/airflow/example_dags/example_branch_datetime_operator.py for tasks to queue
[2024-12-24T07:33:10.386+0000] {logging_mixin.py:190} INFO - [2024-12-24T07:33:10.386+0000] {dagbag.py:588} INFO - Filling up the DagBag from /home/airflow/.local/lib/python3.12/site-packages/airflow/example_dags/example_branch_datetime_operator.py
[2024-12-24T07:33:10.404+0000] {processor.py:925} INFO - DAG(s) 'example_branch_datetime_operator', 'example_branch_datetime_operator_3', 'example_branch_datetime_operator_2' retrieved from /home/airflow/.local/lib/python3.12/site-packages/airflow/example_dags/example_branch_datetime_operator.py
[2024-12-24T07:33:10.487+0000] {logging_mixin.py:190} INFO - [2024-12-24T07:33:10.485+0000] {dag.py:3239} INFO - Sync 3 DAGs
[2024-12-24T07:33:10.548+0000] {logging_mixin.py:190} INFO - [2024-12-24T07:33:10.547+0000] {dag.py:4180} INFO - Setting next_dagrun for example_branch_datetime_operator to 2024-12-23 00:00:00+00:00, run_after=2024-12-24 00:00:00+00:00
[2024-12-24T07:33:10.562+0000] {logging_mixin.py:190} INFO - [2024-12-24T07:33:10.561+0000] {dag.py:4180} INFO - Setting next_dagrun for example_branch_datetime_operator_2 to 2024-12-23 00:00:00+00:00, run_after=2024-12-24 00:00:00+00:00
[2024-12-24T07:33:10.574+0000] {logging_mixin.py:190} INFO - [2024-12-24T07:33:10.573+0000] {dag.py:4180} INFO - Setting next_dagrun for example_branch_datetime_operator_3 to 2024-12-23 00:00:00+00:00, run_after=2024-12-24 00:00:00+00:00
[2024-12-24T07:33:10.624+0000] {processor.py:208} INFO - Processing /home/airflow/.local/lib/python3.12/site-packages/airflow/example_dags/example_branch_datetime_operator.py took 0.252 seconds
[2024-12-24T07:33:41.369+0000] {processor.py:186} INFO - Started process (PID=671) to work on /home/airflow/.local/lib/python3.12/site-packages/airflow/example_dags/example_branch_datetime_operator.py
[2024-12-24T07:33:41.372+0000] {processor.py:914} INFO - Processing file /home/airflow/.local/lib/python3.12/site-packages/airflow/example_dags/example_branch_datetime_operator.py for tasks to queue
[2024-12-24T07:33:41.377+0000] {logging_mixin.py:190} INFO - [2024-12-24T07:33:41.376+0000] {dagbag.py:588} INFO - Filling up the DagBag from /home/airflow/.local/lib/python3.12/site-packages/airflow/example_dags/example_branch_datetime_operator.py
[2024-12-24T07:33:41.399+0000] {processor.py:925} INFO - DAG(s) 'example_branch_datetime_operator', 'example_branch_datetime_operator_3', 'example_branch_datetime_operator_2' retrieved from /home/airflow/.local/lib/python3.12/site-packages/airflow/example_dags/example_branch_datetime_operator.py
[2024-12-24T07:33:41.467+0000] {logging_mixin.py:190} INFO - [2024-12-24T07:33:41.466+0000] {dag.py:3239} INFO - Sync 3 DAGs
[2024-12-24T07:33:41.514+0000] {logging_mixin.py:190} INFO - [2024-12-24T07:33:41.514+0000] {dag.py:4180} INFO - Setting next_dagrun for example_branch_datetime_operator to 2024-12-23 00:00:00+00:00, run_after=2024-12-24 00:00:00+00:00
[2024-12-24T07:33:41.524+0000] {logging_mixin.py:190} INFO - [2024-12-24T07:33:41.524+0000] {dag.py:4180} INFO - Setting next_dagrun for example_branch_datetime_operator_2 to 2024-12-23 00:00:00+00:00, run_after=2024-12-24 00:00:00+00:00
[2024-12-24T07:33:41.530+0000] {logging_mixin.py:190} INFO - [2024-12-24T07:33:41.530+0000] {dag.py:4180} INFO - Setting next_dagrun for example_branch_datetime_operator_3 to 2024-12-23 00:00:00+00:00, run_after=2024-12-24 00:00:00+00:00
[2024-12-24T07:33:41.566+0000] {processor.py:208} INFO - Processing /home/airflow/.local/lib/python3.12/site-packages/airflow/example_dags/example_branch_datetime_operator.py took 0.210 seconds
[2024-12-24T07:34:12.287+0000] {processor.py:186} INFO - Started process (PID=737) to work on /home/airflow/.local/lib/python3.12/site-packages/airflow/example_dags/example_branch_datetime_operator.py
[2024-12-24T07:34:12.291+0000] {processor.py:914} INFO - Processing file /home/airflow/.local/lib/python3.12/site-packages/airflow/example_dags/example_branch_datetime_operator.py for tasks to queue
[2024-12-24T07:34:12.297+0000] {logging_mixin.py:190} INFO - [2024-12-24T07:34:12.296+0000] {dagbag.py:588} INFO - Filling up the DagBag from /home/airflow/.local/lib/python3.12/site-packages/airflow/example_dags/example_branch_datetime_operator.py
[2024-12-24T07:34:12.326+0000] {processor.py:925} INFO - DAG(s) 'example_branch_datetime_operator_3', 'example_branch_datetime_operator_2', 'example_branch_datetime_operator' retrieved from /home/airflow/.local/lib/python3.12/site-packages/airflow/example_dags/example_branch_datetime_operator.py
[2024-12-24T07:34:12.380+0000] {logging_mixin.py:190} INFO - [2024-12-24T07:34:12.379+0000] {dag.py:3239} INFO - Sync 3 DAGs
[2024-12-24T07:34:12.417+0000] {logging_mixin.py:190} INFO - [2024-12-24T07:34:12.416+0000] {dag.py:4180} INFO - Setting next_dagrun for example_branch_datetime_operator to 2024-12-23 00:00:00+00:00, run_after=2024-12-24 00:00:00+00:00
[2024-12-24T07:34:12.427+0000] {logging_mixin.py:190} INFO - [2024-12-24T07:34:12.427+0000] {dag.py:4180} INFO - Setting next_dagrun for example_branch_datetime_operator_2 to 2024-12-23 00:00:00+00:00, run_after=2024-12-24 00:00:00+00:00
[2024-12-24T07:34:12.432+0000] {logging_mixin.py:190} INFO - [2024-12-24T07:34:12.432+0000] {dag.py:4180} INFO - Setting next_dagrun for example_branch_datetime_operator_3 to 2024-12-23 00:00:00+00:00, run_after=2024-12-24 00:00:00+00:00
[2024-12-24T07:34:12.463+0000] {processor.py:208} INFO - Processing /home/airflow/.local/lib/python3.12/site-packages/airflow/example_dags/example_branch_datetime_operator.py took 0.190 seconds
[2024-12-24T07:34:42.686+0000] {processor.py:186} INFO - Started process (PID=804) to work on /home/airflow/.local/lib/python3.12/site-packages/airflow/example_dags/example_branch_datetime_operator.py
[2024-12-24T07:34:42.688+0000] {processor.py:914} INFO - Processing file /home/airflow/.local/lib/python3.12/site-packages/airflow/example_dags/example_branch_datetime_operator.py for tasks to queue
[2024-12-24T07:34:42.692+0000] {logging_mixin.py:190} INFO - [2024-12-24T07:34:42.692+0000] {dagbag.py:588} INFO - Filling up the DagBag from /home/airflow/.local/lib/python3.12/site-packages/airflow/example_dags/example_branch_datetime_operator.py
[2024-12-24T07:34:42.717+0000] {processor.py:925} INFO - DAG(s) 'example_branch_datetime_operator_2', 'example_branch_datetime_operator_3', 'example_branch_datetime_operator' retrieved from /home/airflow/.local/lib/python3.12/site-packages/airflow/example_dags/example_branch_datetime_operator.py
[2024-12-24T07:34:42.769+0000] {logging_mixin.py:190} INFO - [2024-12-24T07:34:42.768+0000] {dag.py:3239} INFO - Sync 3 DAGs
[2024-12-24T07:34:42.812+0000] {logging_mixin.py:190} INFO - [2024-12-24T07:34:42.812+0000] {dag.py:4180} INFO - Setting next_dagrun for example_branch_datetime_operator to 2024-12-23 00:00:00+00:00, run_after=2024-12-24 00:00:00+00:00
[2024-12-24T07:34:42.820+0000] {logging_mixin.py:190} INFO - [2024-12-24T07:34:42.820+0000] {dag.py:4180} INFO - Setting next_dagrun for example_branch_datetime_operator_2 to 2024-12-23 00:00:00+00:00, run_after=2024-12-24 00:00:00+00:00
[2024-12-24T07:34:42.824+0000] {logging_mixin.py:190} INFO - [2024-12-24T07:34:42.824+0000] {dag.py:4180} INFO - Setting next_dagrun for example_branch_datetime_operator_3 to 2024-12-23 00:00:00+00:00, run_after=2024-12-24 00:00:00+00:00
[2024-12-24T07:34:42.853+0000] {processor.py:208} INFO - Processing /home/airflow/.local/lib/python3.12/site-packages/airflow/example_dags/example_branch_datetime_operator.py took 0.176 seconds
[2024-12-24T07:35:13.767+0000] {processor.py:186} INFO - Started process (PID=870) to work on /home/airflow/.local/lib/python3.12/site-packages/airflow/example_dags/example_branch_datetime_operator.py
[2024-12-24T07:35:13.768+0000] {processor.py:914} INFO - Processing file /home/airflow/.local/lib/python3.12/site-packages/airflow/example_dags/example_branch_datetime_operator.py for tasks to queue
[2024-12-24T07:35:13.773+0000] {logging_mixin.py:190} INFO - [2024-12-24T07:35:13.773+0000] {dagbag.py:588} INFO - Filling up the DagBag from /home/airflow/.local/lib/python3.12/site-packages/airflow/example_dags/example_branch_datetime_operator.py
[2024-12-24T07:35:13.789+0000] {processor.py:925} INFO - DAG(s) 'example_branch_datetime_operator_2', 'example_branch_datetime_operator', 'example_branch_datetime_operator_3' retrieved from /home/airflow/.local/lib/python3.12/site-packages/airflow/example_dags/example_branch_datetime_operator.py
[2024-12-24T07:35:13.835+0000] {logging_mixin.py:190} INFO - [2024-12-24T07:35:13.834+0000] {dag.py:3239} INFO - Sync 3 DAGs
[2024-12-24T07:35:13.872+0000] {logging_mixin.py:190} INFO - [2024-12-24T07:35:13.871+0000] {dag.py:4180} INFO - Setting next_dagrun for example_branch_datetime_operator to 2024-12-23 00:00:00+00:00, run_after=2024-12-24 00:00:00+00:00
[2024-12-24T07:35:13.879+0000] {logging_mixin.py:190} INFO - [2024-12-24T07:35:13.878+0000] {dag.py:4180} INFO - Setting next_dagrun for example_branch_datetime_operator_2 to 2024-12-23 00:00:00+00:00, run_after=2024-12-24 00:00:00+00:00
[2024-12-24T07:35:13.884+0000] {logging_mixin.py:190} INFO - [2024-12-24T07:35:13.884+0000] {dag.py:4180} INFO - Setting next_dagrun for example_branch_datetime_operator_3 to 2024-12-23 00:00:00+00:00, run_after=2024-12-24 00:00:00+00:00
[2024-12-24T07:35:13.910+0000] {processor.py:208} INFO - Processing /home/airflow/.local/lib/python3.12/site-packages/airflow/example_dags/example_branch_datetime_operator.py took 0.154 seconds
[2024-12-24T07:35:44.064+0000] {processor.py:186} INFO - Started process (PID=936) to work on /home/airflow/.local/lib/python3.12/site-packages/airflow/example_dags/example_branch_datetime_operator.py
[2024-12-24T07:35:44.066+0000] {processor.py:914} INFO - Processing file /home/airflow/.local/lib/python3.12/site-packages/airflow/example_dags/example_branch_datetime_operator.py for tasks to queue
[2024-12-24T07:35:44.073+0000] {logging_mixin.py:190} INFO - [2024-12-24T07:35:44.072+0000] {dagbag.py:588} INFO - Filling up the DagBag from /home/airflow/.local/lib/python3.12/site-packages/airflow/example_dags/example_branch_datetime_operator.py
[2024-12-24T07:35:44.103+0000] {processor.py:925} INFO - DAG(s) 'example_branch_datetime_operator_3', 'example_branch_datetime_operator_2', 'example_branch_datetime_operator' retrieved from /home/airflow/.local/lib/python3.12/site-packages/airflow/example_dags/example_branch_datetime_operator.py
[2024-12-24T07:35:44.181+0000] {logging_mixin.py:190} INFO - [2024-12-24T07:35:44.181+0000] {dag.py:3239} INFO - Sync 3 DAGs
[2024-12-24T07:35:44.235+0000] {logging_mixin.py:190} INFO - [2024-12-24T07:35:44.234+0000] {dag.py:4180} INFO - Setting next_dagrun for example_branch_datetime_operator to 2024-12-23 00:00:00+00:00, run_after=2024-12-24 00:00:00+00:00
[2024-12-24T07:35:44.246+0000] {logging_mixin.py:190} INFO - [2024-12-24T07:35:44.246+0000] {dag.py:4180} INFO - Setting next_dagrun for example_branch_datetime_operator_2 to 2024-12-23 00:00:00+00:00, run_after=2024-12-24 00:00:00+00:00
[2024-12-24T07:35:44.257+0000] {logging_mixin.py:190} INFO - [2024-12-24T07:35:44.256+0000] {dag.py:4180} INFO - Setting next_dagrun for example_branch_datetime_operator_3 to 2024-12-23 00:00:00+00:00, run_after=2024-12-24 00:00:00+00:00
[2024-12-24T07:35:44.295+0000] {processor.py:208} INFO - Processing /home/airflow/.local/lib/python3.12/site-packages/airflow/example_dags/example_branch_datetime_operator.py took 0.246 seconds
[2024-12-24T07:36:15.485+0000] {processor.py:186} INFO - Started process (PID=1002) to work on /home/airflow/.local/lib/python3.12/site-packages/airflow/example_dags/example_branch_datetime_operator.py
[2024-12-24T07:36:15.488+0000] {processor.py:914} INFO - Processing file /home/airflow/.local/lib/python3.12/site-packages/airflow/example_dags/example_branch_datetime_operator.py for tasks to queue
[2024-12-24T07:36:15.496+0000] {logging_mixin.py:190} INFO - [2024-12-24T07:36:15.495+0000] {dagbag.py:588} INFO - Filling up the DagBag from /home/airflow/.local/lib/python3.12/site-packages/airflow/example_dags/example_branch_datetime_operator.py
[2024-12-24T07:36:15.538+0000] {processor.py:925} INFO - DAG(s) 'example_branch_datetime_operator_3', 'example_branch_datetime_operator_2', 'example_branch_datetime_operator' retrieved from /home/airflow/.local/lib/python3.12/site-packages/airflow/example_dags/example_branch_datetime_operator.py
[2024-12-24T07:36:15.614+0000] {logging_mixin.py:190} INFO - [2024-12-24T07:36:15.609+0000] {dag.py:3239} INFO - Sync 3 DAGs
[2024-12-24T07:36:15.666+0000] {logging_mixin.py:190} INFO - [2024-12-24T07:36:15.666+0000] {dag.py:4180} INFO - Setting next_dagrun for example_branch_datetime_operator to 2024-12-23 00:00:00+00:00, run_after=2024-12-24 00:00:00+00:00
[2024-12-24T07:36:15.682+0000] {logging_mixin.py:190} INFO - [2024-12-24T07:36:15.681+0000] {dag.py:4180} INFO - Setting next_dagrun for example_branch_datetime_operator_2 to 2024-12-23 00:00:00+00:00, run_after=2024-12-24 00:00:00+00:00
[2024-12-24T07:36:15.689+0000] {logging_mixin.py:190} INFO - [2024-12-24T07:36:15.689+0000] {dag.py:4180} INFO - Setting next_dagrun for example_branch_datetime_operator_3 to 2024-12-23 00:00:00+00:00, run_after=2024-12-24 00:00:00+00:00
[2024-12-24T07:36:15.734+0000] {processor.py:208} INFO - Processing /home/airflow/.local/lib/python3.12/site-packages/airflow/example_dags/example_branch_datetime_operator.py took 0.258 seconds
[2024-12-24T07:36:45.914+0000] {processor.py:186} INFO - Started process (PID=1068) to work on /home/airflow/.local/lib/python3.12/site-packages/airflow/example_dags/example_branch_datetime_operator.py
[2024-12-24T07:36:45.916+0000] {processor.py:914} INFO - Processing file /home/airflow/.local/lib/python3.12/site-packages/airflow/example_dags/example_branch_datetime_operator.py for tasks to queue
[2024-12-24T07:36:45.920+0000] {logging_mixin.py:190} INFO - [2024-12-24T07:36:45.920+0000] {dagbag.py:588} INFO - Filling up the DagBag from /home/airflow/.local/lib/python3.12/site-packages/airflow/example_dags/example_branch_datetime_operator.py
[2024-12-24T07:36:45.939+0000] {processor.py:925} INFO - DAG(s) 'example_branch_datetime_operator_3', 'example_branch_datetime_operator', 'example_branch_datetime_operator_2' retrieved from /home/airflow/.local/lib/python3.12/site-packages/airflow/example_dags/example_branch_datetime_operator.py
[2024-12-24T07:36:45.986+0000] {logging_mixin.py:190} INFO - [2024-12-24T07:36:45.984+0000] {dag.py:3239} INFO - Sync 3 DAGs
[2024-12-24T07:36:46.025+0000] {logging_mixin.py:190} INFO - [2024-12-24T07:36:46.025+0000] {dag.py:4180} INFO - Setting next_dagrun for example_branch_datetime_operator to 2024-12-23 00:00:00+00:00, run_after=2024-12-24 00:00:00+00:00
[2024-12-24T07:36:46.033+0000] {logging_mixin.py:190} INFO - [2024-12-24T07:36:46.033+0000] {dag.py:4180} INFO - Setting next_dagrun for example_branch_datetime_operator_2 to 2024-12-23 00:00:00+00:00, run_after=2024-12-24 00:00:00+00:00
[2024-12-24T07:36:46.037+0000] {logging_mixin.py:190} INFO - [2024-12-24T07:36:46.037+0000] {dag.py:4180} INFO - Setting next_dagrun for example_branch_datetime_operator_3 to 2024-12-23 00:00:00+00:00, run_after=2024-12-24 00:00:00+00:00
[2024-12-24T07:36:46.067+0000] {processor.py:208} INFO - Processing /home/airflow/.local/lib/python3.12/site-packages/airflow/example_dags/example_branch_datetime_operator.py took 0.162 seconds
[2024-12-24T07:37:16.812+0000] {processor.py:186} INFO - Started process (PID=1134) to work on /home/airflow/.local/lib/python3.12/site-packages/airflow/example_dags/example_branch_datetime_operator.py
[2024-12-24T07:37:16.815+0000] {processor.py:914} INFO - Processing file /home/airflow/.local/lib/python3.12/site-packages/airflow/example_dags/example_branch_datetime_operator.py for tasks to queue
[2024-12-24T07:37:16.820+0000] {logging_mixin.py:190} INFO - [2024-12-24T07:37:16.820+0000] {dagbag.py:588} INFO - Filling up the DagBag from /home/airflow/.local/lib/python3.12/site-packages/airflow/example_dags/example_branch_datetime_operator.py
[2024-12-24T07:37:16.842+0000] {processor.py:925} INFO - DAG(s) 'example_branch_datetime_operator_3', 'example_branch_datetime_operator', 'example_branch_datetime_operator_2' retrieved from /home/airflow/.local/lib/python3.12/site-packages/airflow/example_dags/example_branch_datetime_operator.py
[2024-12-24T07:37:16.903+0000] {logging_mixin.py:190} INFO - [2024-12-24T07:37:16.901+0000] {dag.py:3239} INFO - Sync 3 DAGs
[2024-12-24T07:37:16.952+0000] {logging_mixin.py:190} INFO - [2024-12-24T07:37:16.952+0000] {dag.py:4180} INFO - Setting next_dagrun for example_branch_datetime_operator to 2024-12-23 00:00:00+00:00, run_after=2024-12-24 00:00:00+00:00
[2024-12-24T07:37:16.966+0000] {logging_mixin.py:190} INFO - [2024-12-24T07:37:16.966+0000] {dag.py:4180} INFO - Setting next_dagrun for example_branch_datetime_operator_2 to 2024-12-23 00:00:00+00:00, run_after=2024-12-24 00:00:00+00:00
[2024-12-24T07:37:16.973+0000] {logging_mixin.py:190} INFO - [2024-12-24T07:37:16.973+0000] {dag.py:4180} INFO - Setting next_dagrun for example_branch_datetime_operator_3 to 2024-12-23 00:00:00+00:00, run_after=2024-12-24 00:00:00+00:00
[2024-12-24T07:37:17.006+0000] {processor.py:208} INFO - Processing /home/airflow/.local/lib/python3.12/site-packages/airflow/example_dags/example_branch_datetime_operator.py took 0.207 seconds
[2024-12-24T07:37:47.310+0000] {processor.py:186} INFO - Started process (PID=1200) to work on /home/airflow/.local/lib/python3.12/site-packages/airflow/example_dags/example_branch_datetime_operator.py
[2024-12-24T07:37:47.314+0000] {processor.py:914} INFO - Processing file /home/airflow/.local/lib/python3.12/site-packages/airflow/example_dags/example_branch_datetime_operator.py for tasks to queue
[2024-12-24T07:37:47.321+0000] {logging_mixin.py:190} INFO - [2024-12-24T07:37:47.321+0000] {dagbag.py:588} INFO - Filling up the DagBag from /home/airflow/.local/lib/python3.12/site-packages/airflow/example_dags/example_branch_datetime_operator.py
[2024-12-24T07:37:47.341+0000] {processor.py:925} INFO - DAG(s) 'example_branch_datetime_operator', 'example_branch_datetime_operator_2', 'example_branch_datetime_operator_3' retrieved from /home/airflow/.local/lib/python3.12/site-packages/airflow/example_dags/example_branch_datetime_operator.py
[2024-12-24T07:37:47.395+0000] {logging_mixin.py:190} INFO - [2024-12-24T07:37:47.394+0000] {dag.py:3239} INFO - Sync 3 DAGs
[2024-12-24T07:37:47.435+0000] {logging_mixin.py:190} INFO - [2024-12-24T07:37:47.435+0000] {dag.py:4180} INFO - Setting next_dagrun for example_branch_datetime_operator to 2024-12-23 00:00:00+00:00, run_after=2024-12-24 00:00:00+00:00
[2024-12-24T07:37:47.444+0000] {logging_mixin.py:190} INFO - [2024-12-24T07:37:47.444+0000] {dag.py:4180} INFO - Setting next_dagrun for example_branch_datetime_operator_2 to 2024-12-23 00:00:00+00:00, run_after=2024-12-24 00:00:00+00:00
[2024-12-24T07:37:47.448+0000] {logging_mixin.py:190} INFO - [2024-12-24T07:37:47.448+0000] {dag.py:4180} INFO - Setting next_dagrun for example_branch_datetime_operator_3 to 2024-12-23 00:00:00+00:00, run_after=2024-12-24 00:00:00+00:00
[2024-12-24T07:37:47.483+0000] {processor.py:208} INFO - Processing /home/airflow/.local/lib/python3.12/site-packages/airflow/example_dags/example_branch_datetime_operator.py took 0.185 seconds
[2024-12-24T07:38:18.258+0000] {processor.py:186} INFO - Started process (PID=1266) to work on /home/airflow/.local/lib/python3.12/site-packages/airflow/example_dags/example_branch_datetime_operator.py
[2024-12-24T07:38:18.261+0000] {processor.py:914} INFO - Processing file /home/airflow/.local/lib/python3.12/site-packages/airflow/example_dags/example_branch_datetime_operator.py for tasks to queue
[2024-12-24T07:38:18.267+0000] {logging_mixin.py:190} INFO - [2024-12-24T07:38:18.266+0000] {dagbag.py:588} INFO - Filling up the DagBag from /home/airflow/.local/lib/python3.12/site-packages/airflow/example_dags/example_branch_datetime_operator.py
[2024-12-24T07:38:18.288+0000] {processor.py:925} INFO - DAG(s) 'example_branch_datetime_operator', 'example_branch_datetime_operator_2', 'example_branch_datetime_operator_3' retrieved from /home/airflow/.local/lib/python3.12/site-packages/airflow/example_dags/example_branch_datetime_operator.py
[2024-12-24T07:38:18.343+0000] {logging_mixin.py:190} INFO - [2024-12-24T07:38:18.342+0000] {dag.py:3239} INFO - Sync 3 DAGs
[2024-12-24T07:38:18.382+0000] {logging_mixin.py:190} INFO - [2024-12-24T07:38:18.381+0000] {dag.py:4180} INFO - Setting next_dagrun for example_branch_datetime_operator to 2024-12-23 00:00:00+00:00, run_after=2024-12-24 00:00:00+00:00
[2024-12-24T07:38:18.391+0000] {logging_mixin.py:190} INFO - [2024-12-24T07:38:18.391+0000] {dag.py:4180} INFO - Setting next_dagrun for example_branch_datetime_operator_2 to 2024-12-23 00:00:00+00:00, run_after=2024-12-24 00:00:00+00:00
[2024-12-24T07:38:18.397+0000] {logging_mixin.py:190} INFO - [2024-12-24T07:38:18.397+0000] {dag.py:4180} INFO - Setting next_dagrun for example_branch_datetime_operator_3 to 2024-12-23 00:00:00+00:00, run_after=2024-12-24 00:00:00+00:00
[2024-12-24T07:38:18.435+0000] {processor.py:208} INFO - Processing /home/airflow/.local/lib/python3.12/site-packages/airflow/example_dags/example_branch_datetime_operator.py took 0.189 seconds
[2024-12-24T07:38:48.817+0000] {processor.py:186} INFO - Started process (PID=1337) to work on /home/airflow/.local/lib/python3.12/site-packages/airflow/example_dags/example_branch_datetime_operator.py
[2024-12-24T07:38:48.819+0000] {processor.py:914} INFO - Processing file /home/airflow/.local/lib/python3.12/site-packages/airflow/example_dags/example_branch_datetime_operator.py for tasks to queue
[2024-12-24T07:38:48.829+0000] {logging_mixin.py:190} INFO - [2024-12-24T07:38:48.828+0000] {dagbag.py:588} INFO - Filling up the DagBag from /home/airflow/.local/lib/python3.12/site-packages/airflow/example_dags/example_branch_datetime_operator.py
[2024-12-24T07:38:48.857+0000] {processor.py:925} INFO - DAG(s) 'example_branch_datetime_operator_2', 'example_branch_datetime_operator', 'example_branch_datetime_operator_3' retrieved from /home/airflow/.local/lib/python3.12/site-packages/airflow/example_dags/example_branch_datetime_operator.py
[2024-12-24T07:38:48.915+0000] {logging_mixin.py:190} INFO - [2024-12-24T07:38:48.913+0000] {dag.py:3239} INFO - Sync 3 DAGs
[2024-12-24T07:38:48.951+0000] {logging_mixin.py:190} INFO - [2024-12-24T07:38:48.950+0000] {dag.py:4180} INFO - Setting next_dagrun for example_branch_datetime_operator to 2024-12-23 00:00:00+00:00, run_after=2024-12-24 00:00:00+00:00
[2024-12-24T07:38:48.959+0000] {logging_mixin.py:190} INFO - [2024-12-24T07:38:48.959+0000] {dag.py:4180} INFO - Setting next_dagrun for example_branch_datetime_operator_2 to 2024-12-23 00:00:00+00:00, run_after=2024-12-24 00:00:00+00:00
[2024-12-24T07:38:48.965+0000] {logging_mixin.py:190} INFO - [2024-12-24T07:38:48.965+0000] {dag.py:4180} INFO - Setting next_dagrun for example_branch_datetime_operator_3 to 2024-12-23 00:00:00+00:00, run_after=2024-12-24 00:00:00+00:00
[2024-12-24T07:38:48.993+0000] {processor.py:208} INFO - Processing /home/airflow/.local/lib/python3.12/site-packages/airflow/example_dags/example_branch_datetime_operator.py took 0.189 seconds
[2024-12-24T07:39:19.987+0000] {processor.py:186} INFO - Started process (PID=1404) to work on /home/airflow/.local/lib/python3.12/site-packages/airflow/example_dags/example_branch_datetime_operator.py
[2024-12-24T07:39:19.988+0000] {processor.py:914} INFO - Processing file /home/airflow/.local/lib/python3.12/site-packages/airflow/example_dags/example_branch_datetime_operator.py for tasks to queue
[2024-12-24T07:39:19.993+0000] {logging_mixin.py:190} INFO - [2024-12-24T07:39:19.993+0000] {dagbag.py:588} INFO - Filling up the DagBag from /home/airflow/.local/lib/python3.12/site-packages/airflow/example_dags/example_branch_datetime_operator.py
[2024-12-24T07:39:20.015+0000] {processor.py:925} INFO - DAG(s) 'example_branch_datetime_operator', 'example_branch_datetime_operator_3', 'example_branch_datetime_operator_2' retrieved from /home/airflow/.local/lib/python3.12/site-packages/airflow/example_dags/example_branch_datetime_operator.py
[2024-12-24T07:39:20.066+0000] {logging_mixin.py:190} INFO - [2024-12-24T07:39:20.065+0000] {dag.py:3239} INFO - Sync 3 DAGs
[2024-12-24T07:39:20.108+0000] {logging_mixin.py:190} INFO - [2024-12-24T07:39:20.108+0000] {dag.py:4180} INFO - Setting next_dagrun for example_branch_datetime_operator to 2024-12-23 00:00:00+00:00, run_after=2024-12-24 00:00:00+00:00
[2024-12-24T07:39:20.116+0000] {logging_mixin.py:190} INFO - [2024-12-24T07:39:20.116+0000] {dag.py:4180} INFO - Setting next_dagrun for example_branch_datetime_operator_2 to 2024-12-23 00:00:00+00:00, run_after=2024-12-24 00:00:00+00:00
[2024-12-24T07:39:20.121+0000] {logging_mixin.py:190} INFO - [2024-12-24T07:39:20.121+0000] {dag.py:4180} INFO - Setting next_dagrun for example_branch_datetime_operator_3 to 2024-12-23 00:00:00+00:00, run_after=2024-12-24 00:00:00+00:00
[2024-12-24T07:39:20.149+0000] {processor.py:208} INFO - Processing /home/airflow/.local/lib/python3.12/site-packages/airflow/example_dags/example_branch_datetime_operator.py took 0.171 seconds
[2024-12-24T07:39:50.944+0000] {processor.py:186} INFO - Started process (PID=1470) to work on /home/airflow/.local/lib/python3.12/site-packages/airflow/example_dags/example_branch_datetime_operator.py
[2024-12-24T07:39:50.945+0000] {processor.py:914} INFO - Processing file /home/airflow/.local/lib/python3.12/site-packages/airflow/example_dags/example_branch_datetime_operator.py for tasks to queue
[2024-12-24T07:39:50.949+0000] {logging_mixin.py:190} INFO - [2024-12-24T07:39:50.948+0000] {dagbag.py:588} INFO - Filling up the DagBag from /home/airflow/.local/lib/python3.12/site-packages/airflow/example_dags/example_branch_datetime_operator.py
[2024-12-24T07:39:50.968+0000] {processor.py:925} INFO - DAG(s) 'example_branch_datetime_operator_2', 'example_branch_datetime_operator', 'example_branch_datetime_operator_3' retrieved from /home/airflow/.local/lib/python3.12/site-packages/airflow/example_dags/example_branch_datetime_operator.py
[2024-12-24T07:39:51.011+0000] {logging_mixin.py:190} INFO - [2024-12-24T07:39:51.010+0000] {dag.py:3239} INFO - Sync 3 DAGs
[2024-12-24T07:39:51.047+0000] {logging_mixin.py:190} INFO - [2024-12-24T07:39:51.047+0000] {dag.py:4180} INFO - Setting next_dagrun for example_branch_datetime_operator to 2024-12-23 00:00:00+00:00, run_after=2024-12-24 00:00:00+00:00
[2024-12-24T07:39:51.058+0000] {logging_mixin.py:190} INFO - [2024-12-24T07:39:51.058+0000] {dag.py:4180} INFO - Setting next_dagrun for example_branch_datetime_operator_2 to 2024-12-23 00:00:00+00:00, run_after=2024-12-24 00:00:00+00:00
[2024-12-24T07:39:51.064+0000] {logging_mixin.py:190} INFO - [2024-12-24T07:39:51.064+0000] {dag.py:4180} INFO - Setting next_dagrun for example_branch_datetime_operator_3 to 2024-12-23 00:00:00+00:00, run_after=2024-12-24 00:00:00+00:00
[2024-12-24T07:39:51.095+0000] {processor.py:208} INFO - Processing /home/airflow/.local/lib/python3.12/site-packages/airflow/example_dags/example_branch_datetime_operator.py took 0.159 seconds
[2024-12-24T07:40:21.478+0000] {processor.py:186} INFO - Started process (PID=1536) to work on /home/airflow/.local/lib/python3.12/site-packages/airflow/example_dags/example_branch_datetime_operator.py
[2024-12-24T07:40:21.480+0000] {processor.py:914} INFO - Processing file /home/airflow/.local/lib/python3.12/site-packages/airflow/example_dags/example_branch_datetime_operator.py for tasks to queue
[2024-12-24T07:40:21.483+0000] {logging_mixin.py:190} INFO - [2024-12-24T07:40:21.482+0000] {dagbag.py:588} INFO - Filling up the DagBag from /home/airflow/.local/lib/python3.12/site-packages/airflow/example_dags/example_branch_datetime_operator.py
[2024-12-24T07:40:21.504+0000] {processor.py:925} INFO - DAG(s) 'example_branch_datetime_operator_3', 'example_branch_datetime_operator_2', 'example_branch_datetime_operator' retrieved from /home/airflow/.local/lib/python3.12/site-packages/airflow/example_dags/example_branch_datetime_operator.py
[2024-12-24T07:40:21.549+0000] {logging_mixin.py:190} INFO - [2024-12-24T07:40:21.549+0000] {dag.py:3239} INFO - Sync 3 DAGs
[2024-12-24T07:40:21.587+0000] {logging_mixin.py:190} INFO - [2024-12-24T07:40:21.587+0000] {dag.py:4180} INFO - Setting next_dagrun for example_branch_datetime_operator to 2024-12-23 00:00:00+00:00, run_after=2024-12-24 00:00:00+00:00
[2024-12-24T07:40:21.596+0000] {logging_mixin.py:190} INFO - [2024-12-24T07:40:21.596+0000] {dag.py:4180} INFO - Setting next_dagrun for example_branch_datetime_operator_2 to 2024-12-23 00:00:00+00:00, run_after=2024-12-24 00:00:00+00:00
[2024-12-24T07:40:21.604+0000] {logging_mixin.py:190} INFO - [2024-12-24T07:40:21.603+0000] {dag.py:4180} INFO - Setting next_dagrun for example_branch_datetime_operator_3 to 2024-12-23 00:00:00+00:00, run_after=2024-12-24 00:00:00+00:00
[2024-12-24T07:40:21.632+0000] {processor.py:208} INFO - Processing /home/airflow/.local/lib/python3.12/site-packages/airflow/example_dags/example_branch_datetime_operator.py took 0.162 seconds
[2024-12-24T07:40:52.191+0000] {processor.py:186} INFO - Started process (PID=1602) to work on /home/airflow/.local/lib/python3.12/site-packages/airflow/example_dags/example_branch_datetime_operator.py
[2024-12-24T07:40:52.217+0000] {processor.py:914} INFO - Processing file /home/airflow/.local/lib/python3.12/site-packages/airflow/example_dags/example_branch_datetime_operator.py for tasks to queue
[2024-12-24T07:40:52.230+0000] {logging_mixin.py:190} INFO - [2024-12-24T07:40:52.228+0000] {dagbag.py:588} INFO - Filling up the DagBag from /home/airflow/.local/lib/python3.12/site-packages/airflow/example_dags/example_branch_datetime_operator.py
[2024-12-24T07:40:52.256+0000] {processor.py:925} INFO - DAG(s) 'example_branch_datetime_operator_2', 'example_branch_datetime_operator', 'example_branch_datetime_operator_3' retrieved from /home/airflow/.local/lib/python3.12/site-packages/airflow/example_dags/example_branch_datetime_operator.py
[2024-12-24T07:40:52.325+0000] {logging_mixin.py:190} INFO - [2024-12-24T07:40:52.325+0000] {dag.py:3239} INFO - Sync 3 DAGs
[2024-12-24T07:40:52.373+0000] {logging_mixin.py:190} INFO - [2024-12-24T07:40:52.373+0000] {dag.py:4180} INFO - Setting next_dagrun for example_branch_datetime_operator to 2024-12-23 00:00:00+00:00, run_after=2024-12-24 00:00:00+00:00
[2024-12-24T07:40:52.382+0000] {logging_mixin.py:190} INFO - [2024-12-24T07:40:52.381+0000] {dag.py:4180} INFO - Setting next_dagrun for example_branch_datetime_operator_2 to 2024-12-23 00:00:00+00:00, run_after=2024-12-24 00:00:00+00:00
[2024-12-24T07:40:52.390+0000] {logging_mixin.py:190} INFO - [2024-12-24T07:40:52.389+0000] {dag.py:4180} INFO - Setting next_dagrun for example_branch_datetime_operator_3 to 2024-12-23 00:00:00+00:00, run_after=2024-12-24 00:00:00+00:00
[2024-12-24T07:40:52.432+0000] {processor.py:208} INFO - Processing /home/airflow/.local/lib/python3.12/site-packages/airflow/example_dags/example_branch_datetime_operator.py took 0.256 seconds
[2024-12-24T07:41:22.820+0000] {processor.py:186} INFO - Started process (PID=1668) to work on /home/airflow/.local/lib/python3.12/site-packages/airflow/example_dags/example_branch_datetime_operator.py
[2024-12-24T07:41:22.823+0000] {processor.py:914} INFO - Processing file /home/airflow/.local/lib/python3.12/site-packages/airflow/example_dags/example_branch_datetime_operator.py for tasks to queue
[2024-12-24T07:41:22.826+0000] {logging_mixin.py:190} INFO - [2024-12-24T07:41:22.826+0000] {dagbag.py:588} INFO - Filling up the DagBag from /home/airflow/.local/lib/python3.12/site-packages/airflow/example_dags/example_branch_datetime_operator.py
[2024-12-24T07:41:22.849+0000] {processor.py:925} INFO - DAG(s) 'example_branch_datetime_operator', 'example_branch_datetime_operator_3', 'example_branch_datetime_operator_2' retrieved from /home/airflow/.local/lib/python3.12/site-packages/airflow/example_dags/example_branch_datetime_operator.py
[2024-12-24T07:41:22.928+0000] {logging_mixin.py:190} INFO - [2024-12-24T07:41:22.928+0000] {dag.py:3239} INFO - Sync 3 DAGs
[2024-12-24T07:41:22.985+0000] {logging_mixin.py:190} INFO - [2024-12-24T07:41:22.985+0000] {dag.py:4180} INFO - Setting next_dagrun for example_branch_datetime_operator to 2024-12-23 00:00:00+00:00, run_after=2024-12-24 00:00:00+00:00
[2024-12-24T07:41:22.995+0000] {logging_mixin.py:190} INFO - [2024-12-24T07:41:22.994+0000] {dag.py:4180} INFO - Setting next_dagrun for example_branch_datetime_operator_2 to 2024-12-23 00:00:00+00:00, run_after=2024-12-24 00:00:00+00:00
[2024-12-24T07:41:23.001+0000] {logging_mixin.py:190} INFO - [2024-12-24T07:41:23.001+0000] {dag.py:4180} INFO - Setting next_dagrun for example_branch_datetime_operator_3 to 2024-12-23 00:00:00+00:00, run_after=2024-12-24 00:00:00+00:00
[2024-12-24T07:41:23.037+0000] {processor.py:208} INFO - Processing /home/airflow/.local/lib/python3.12/site-packages/airflow/example_dags/example_branch_datetime_operator.py took 0.228 seconds
[2024-12-24T07:41:53.836+0000] {processor.py:186} INFO - Started process (PID=1734) to work on /home/airflow/.local/lib/python3.12/site-packages/airflow/example_dags/example_branch_datetime_operator.py
[2024-12-24T07:41:53.842+0000] {processor.py:914} INFO - Processing file /home/airflow/.local/lib/python3.12/site-packages/airflow/example_dags/example_branch_datetime_operator.py for tasks to queue
[2024-12-24T07:41:53.847+0000] {logging_mixin.py:190} INFO - [2024-12-24T07:41:53.846+0000] {dagbag.py:588} INFO - Filling up the DagBag from /home/airflow/.local/lib/python3.12/site-packages/airflow/example_dags/example_branch_datetime_operator.py
[2024-12-24T07:41:53.898+0000] {processor.py:925} INFO - DAG(s) 'example_branch_datetime_operator_2', 'example_branch_datetime_operator_3', 'example_branch_datetime_operator' retrieved from /home/airflow/.local/lib/python3.12/site-packages/airflow/example_dags/example_branch_datetime_operator.py
[2024-12-24T07:41:54.030+0000] {logging_mixin.py:190} INFO - [2024-12-24T07:41:54.029+0000] {dag.py:3239} INFO - Sync 3 DAGs
[2024-12-24T07:41:54.087+0000] {logging_mixin.py:190} INFO - [2024-12-24T07:41:54.087+0000] {dag.py:4180} INFO - Setting next_dagrun for example_branch_datetime_operator to 2024-12-23 00:00:00+00:00, run_after=2024-12-24 00:00:00+00:00
[2024-12-24T07:41:54.096+0000] {logging_mixin.py:190} INFO - [2024-12-24T07:41:54.096+0000] {dag.py:4180} INFO - Setting next_dagrun for example_branch_datetime_operator_2 to 2024-12-23 00:00:00+00:00, run_after=2024-12-24 00:00:00+00:00
[2024-12-24T07:41:54.103+0000] {logging_mixin.py:190} INFO - [2024-12-24T07:41:54.103+0000] {dag.py:4180} INFO - Setting next_dagrun for example_branch_datetime_operator_3 to 2024-12-23 00:00:00+00:00, run_after=2024-12-24 00:00:00+00:00
[2024-12-24T07:41:54.173+0000] {processor.py:208} INFO - Processing /home/airflow/.local/lib/python3.12/site-packages/airflow/example_dags/example_branch_datetime_operator.py took 0.365 seconds
