[2024-12-24T07:29:04.430+0000] {processor.py:186} INFO - Started process (PID=81) to work on /home/airflow/.local/lib/python3.12/site-packages/airflow/example_dags/example_short_circuit_operator.py
[2024-12-24T07:29:04.432+0000] {processor.py:914} INFO - Processing file /home/airflow/.local/lib/python3.12/site-packages/airflow/example_dags/example_short_circuit_operator.py for tasks to queue
[2024-12-24T07:29:04.436+0000] {logging_mixin.py:190} INFO - [2024-12-24T07:29:04.436+0000] {dagbag.py:588} INFO - Filling up the DagBag from /home/airflow/.local/lib/python3.12/site-packages/airflow/example_dags/example_short_circuit_operator.py
[2024-12-24T07:29:04.451+0000] {processor.py:925} INFO - DAG(s) 'example_short_circuit_operator' retrieved from /home/airflow/.local/lib/python3.12/site-packages/airflow/example_dags/example_short_circuit_operator.py
[2024-12-24T07:29:04.613+0000] {logging_mixin.py:190} INFO - [2024-12-24T07:29:04.612+0000] {override.py:1911} INFO - Created Permission View: can read on DAG:example_short_circuit_operator
[2024-12-24T07:29:04.631+0000] {logging_mixin.py:190} INFO - [2024-12-24T07:29:04.630+0000] {override.py:1911} INFO - Created Permission View: can edit on DAG:example_short_circuit_operator
[2024-12-24T07:29:04.647+0000] {logging_mixin.py:190} INFO - [2024-12-24T07:29:04.646+0000] {override.py:1911} INFO - Created Permission View: can delete on DAG:example_short_circuit_operator
[2024-12-24T07:29:04.661+0000] {logging_mixin.py:190} INFO - [2024-12-24T07:29:04.660+0000] {override.py:1911} INFO - Created Permission View: can read on DAG Run:example_short_circuit_operator
[2024-12-24T07:29:04.672+0000] {logging_mixin.py:190} INFO - [2024-12-24T07:29:04.672+0000] {override.py:1911} INFO - Created Permission View: can create on DAG Run:example_short_circuit_operator
[2024-12-24T07:29:04.685+0000] {logging_mixin.py:190} INFO - [2024-12-24T07:29:04.684+0000] {override.py:1911} INFO - Created Permission View: can delete on DAG Run:example_short_circuit_operator
[2024-12-24T07:29:04.697+0000] {logging_mixin.py:190} INFO - [2024-12-24T07:29:04.697+0000] {override.py:1911} INFO - Created Permission View: menu access on DAG Run:example_short_circuit_operator
[2024-12-24T07:29:04.699+0000] {logging_mixin.py:190} INFO - [2024-12-24T07:29:04.698+0000] {dag.py:3239} INFO - Sync 1 DAGs
[2024-12-24T07:29:04.715+0000] {logging_mixin.py:190} INFO - [2024-12-24T07:29:04.715+0000] {dag.py:3262} INFO - Creating ORM DAG for example_short_circuit_operator
[2024-12-24T07:29:04.717+0000] {logging_mixin.py:190} INFO - [2024-12-24T07:29:04.716+0000] {dag.py:4180} INFO - Setting next_dagrun for example_short_circuit_operator to None, run_after=None
[2024-12-24T07:29:04.743+0000] {processor.py:208} INFO - Processing /home/airflow/.local/lib/python3.12/site-packages/airflow/example_dags/example_short_circuit_operator.py took 0.321 seconds
[2024-12-24T07:29:35.305+0000] {processor.py:186} INFO - Started process (PID=147) to work on /home/airflow/.local/lib/python3.12/site-packages/airflow/example_dags/example_short_circuit_operator.py
[2024-12-24T07:29:35.308+0000] {processor.py:914} INFO - Processing file /home/airflow/.local/lib/python3.12/site-packages/airflow/example_dags/example_short_circuit_operator.py for tasks to queue
[2024-12-24T07:29:35.317+0000] {logging_mixin.py:190} INFO - [2024-12-24T07:29:35.316+0000] {dagbag.py:588} INFO - Filling up the DagBag from /home/airflow/.local/lib/python3.12/site-packages/airflow/example_dags/example_short_circuit_operator.py
[2024-12-24T07:29:35.336+0000] {processor.py:925} INFO - DAG(s) 'example_short_circuit_operator' retrieved from /home/airflow/.local/lib/python3.12/site-packages/airflow/example_dags/example_short_circuit_operator.py
[2024-12-24T07:29:35.388+0000] {logging_mixin.py:190} INFO - [2024-12-24T07:29:35.387+0000] {dag.py:3239} INFO - Sync 1 DAGs
[2024-12-24T07:29:35.423+0000] {logging_mixin.py:190} INFO - [2024-12-24T07:29:35.423+0000] {dag.py:4180} INFO - Setting next_dagrun for example_short_circuit_operator to None, run_after=None
[2024-12-24T07:29:35.474+0000] {processor.py:208} INFO - Processing /home/airflow/.local/lib/python3.12/site-packages/airflow/example_dags/example_short_circuit_operator.py took 0.180 seconds
[2024-12-24T07:30:06.233+0000] {processor.py:186} INFO - Started process (PID=213) to work on /home/airflow/.local/lib/python3.12/site-packages/airflow/example_dags/example_short_circuit_operator.py
[2024-12-24T07:30:06.235+0000] {processor.py:914} INFO - Processing file /home/airflow/.local/lib/python3.12/site-packages/airflow/example_dags/example_short_circuit_operator.py for tasks to queue
[2024-12-24T07:30:06.239+0000] {logging_mixin.py:190} INFO - [2024-12-24T07:30:06.239+0000] {dagbag.py:588} INFO - Filling up the DagBag from /home/airflow/.local/lib/python3.12/site-packages/airflow/example_dags/example_short_circuit_operator.py
[2024-12-24T07:30:06.260+0000] {processor.py:925} INFO - DAG(s) 'example_short_circuit_operator' retrieved from /home/airflow/.local/lib/python3.12/site-packages/airflow/example_dags/example_short_circuit_operator.py
[2024-12-24T07:30:06.322+0000] {logging_mixin.py:190} INFO - [2024-12-24T07:30:06.322+0000] {dag.py:3239} INFO - Sync 1 DAGs
[2024-12-24T07:30:06.351+0000] {logging_mixin.py:190} INFO - [2024-12-24T07:30:06.350+0000] {dag.py:4180} INFO - Setting next_dagrun for example_short_circuit_operator to None, run_after=None
[2024-12-24T07:30:06.419+0000] {processor.py:208} INFO - Processing /home/airflow/.local/lib/python3.12/site-packages/airflow/example_dags/example_short_circuit_operator.py took 0.197 seconds
[2024-12-24T07:30:36.942+0000] {processor.py:186} INFO - Started process (PID=279) to work on /home/airflow/.local/lib/python3.12/site-packages/airflow/example_dags/example_short_circuit_operator.py
[2024-12-24T07:30:36.946+0000] {processor.py:914} INFO - Processing file /home/airflow/.local/lib/python3.12/site-packages/airflow/example_dags/example_short_circuit_operator.py for tasks to queue
[2024-12-24T07:30:36.954+0000] {logging_mixin.py:190} INFO - [2024-12-24T07:30:36.952+0000] {dagbag.py:588} INFO - Filling up the DagBag from /home/airflow/.local/lib/python3.12/site-packages/airflow/example_dags/example_short_circuit_operator.py
[2024-12-24T07:30:37.009+0000] {processor.py:925} INFO - DAG(s) 'example_short_circuit_operator' retrieved from /home/airflow/.local/lib/python3.12/site-packages/airflow/example_dags/example_short_circuit_operator.py
[2024-12-24T07:30:37.248+0000] {logging_mixin.py:190} INFO - [2024-12-24T07:30:37.247+0000] {dag.py:3239} INFO - Sync 1 DAGs
[2024-12-24T07:30:37.293+0000] {logging_mixin.py:190} INFO - [2024-12-24T07:30:37.293+0000] {dag.py:4180} INFO - Setting next_dagrun for example_short_circuit_operator to None, run_after=None
[2024-12-24T07:30:37.372+0000] {processor.py:208} INFO - Processing /home/airflow/.local/lib/python3.12/site-packages/airflow/example_dags/example_short_circuit_operator.py took 0.448 seconds
[2024-12-24T07:31:07.950+0000] {processor.py:186} INFO - Started process (PID=345) to work on /home/airflow/.local/lib/python3.12/site-packages/airflow/example_dags/example_short_circuit_operator.py
[2024-12-24T07:31:07.952+0000] {processor.py:914} INFO - Processing file /home/airflow/.local/lib/python3.12/site-packages/airflow/example_dags/example_short_circuit_operator.py for tasks to queue
[2024-12-24T07:31:07.956+0000] {logging_mixin.py:190} INFO - [2024-12-24T07:31:07.955+0000] {dagbag.py:588} INFO - Filling up the DagBag from /home/airflow/.local/lib/python3.12/site-packages/airflow/example_dags/example_short_circuit_operator.py
[2024-12-24T07:31:08.095+0000] {processor.py:925} INFO - DAG(s) 'example_short_circuit_operator' retrieved from /home/airflow/.local/lib/python3.12/site-packages/airflow/example_dags/example_short_circuit_operator.py
[2024-12-24T07:31:08.172+0000] {logging_mixin.py:190} INFO - [2024-12-24T07:31:08.172+0000] {dag.py:3239} INFO - Sync 1 DAGs
[2024-12-24T07:31:08.192+0000] {logging_mixin.py:190} INFO - [2024-12-24T07:31:08.192+0000] {dag.py:4180} INFO - Setting next_dagrun for example_short_circuit_operator to None, run_after=None
[2024-12-24T07:31:08.229+0000] {processor.py:208} INFO - Processing /home/airflow/.local/lib/python3.12/site-packages/airflow/example_dags/example_short_circuit_operator.py took 0.291 seconds
[2024-12-24T07:31:39.208+0000] {processor.py:186} INFO - Started process (PID=410) to work on /home/airflow/.local/lib/python3.12/site-packages/airflow/example_dags/example_short_circuit_operator.py
[2024-12-24T07:31:39.211+0000] {processor.py:914} INFO - Processing file /home/airflow/.local/lib/python3.12/site-packages/airflow/example_dags/example_short_circuit_operator.py for tasks to queue
[2024-12-24T07:31:39.217+0000] {logging_mixin.py:190} INFO - [2024-12-24T07:31:39.216+0000] {dagbag.py:588} INFO - Filling up the DagBag from /home/airflow/.local/lib/python3.12/site-packages/airflow/example_dags/example_short_circuit_operator.py
[2024-12-24T07:31:39.231+0000] {processor.py:925} INFO - DAG(s) 'example_short_circuit_operator' retrieved from /home/airflow/.local/lib/python3.12/site-packages/airflow/example_dags/example_short_circuit_operator.py
[2024-12-24T07:31:39.270+0000] {logging_mixin.py:190} INFO - [2024-12-24T07:31:39.269+0000] {dag.py:3239} INFO - Sync 1 DAGs
[2024-12-24T07:31:39.288+0000] {logging_mixin.py:190} INFO - [2024-12-24T07:31:39.288+0000] {dag.py:4180} INFO - Setting next_dagrun for example_short_circuit_operator to None, run_after=None
[2024-12-24T07:31:39.324+0000] {processor.py:208} INFO - Processing /home/airflow/.local/lib/python3.12/site-packages/airflow/example_dags/example_short_circuit_operator.py took 0.128 seconds
[2024-12-24T07:32:09.959+0000] {processor.py:186} INFO - Started process (PID=476) to work on /home/airflow/.local/lib/python3.12/site-packages/airflow/example_dags/example_short_circuit_operator.py
[2024-12-24T07:32:09.962+0000] {processor.py:914} INFO - Processing file /home/airflow/.local/lib/python3.12/site-packages/airflow/example_dags/example_short_circuit_operator.py for tasks to queue
[2024-12-24T07:32:09.966+0000] {logging_mixin.py:190} INFO - [2024-12-24T07:32:09.965+0000] {dagbag.py:588} INFO - Filling up the DagBag from /home/airflow/.local/lib/python3.12/site-packages/airflow/example_dags/example_short_circuit_operator.py
[2024-12-24T07:32:09.986+0000] {processor.py:925} INFO - DAG(s) 'example_short_circuit_operator' retrieved from /home/airflow/.local/lib/python3.12/site-packages/airflow/example_dags/example_short_circuit_operator.py
[2024-12-24T07:32:10.029+0000] {logging_mixin.py:190} INFO - [2024-12-24T07:32:10.028+0000] {dag.py:3239} INFO - Sync 1 DAGs
[2024-12-24T07:32:10.052+0000] {logging_mixin.py:190} INFO - [2024-12-24T07:32:10.052+0000] {dag.py:4180} INFO - Setting next_dagrun for example_short_circuit_operator to None, run_after=None
[2024-12-24T07:32:10.088+0000] {processor.py:208} INFO - Processing /home/airflow/.local/lib/python3.12/site-packages/airflow/example_dags/example_short_circuit_operator.py took 0.139 seconds
[2024-12-24T07:32:40.839+0000] {processor.py:186} INFO - Started process (PID=542) to work on /home/airflow/.local/lib/python3.12/site-packages/airflow/example_dags/example_short_circuit_operator.py
[2024-12-24T07:32:40.840+0000] {processor.py:914} INFO - Processing file /home/airflow/.local/lib/python3.12/site-packages/airflow/example_dags/example_short_circuit_operator.py for tasks to queue
[2024-12-24T07:32:40.844+0000] {logging_mixin.py:190} INFO - [2024-12-24T07:32:40.844+0000] {dagbag.py:588} INFO - Filling up the DagBag from /home/airflow/.local/lib/python3.12/site-packages/airflow/example_dags/example_short_circuit_operator.py
[2024-12-24T07:32:40.860+0000] {processor.py:925} INFO - DAG(s) 'example_short_circuit_operator' retrieved from /home/airflow/.local/lib/python3.12/site-packages/airflow/example_dags/example_short_circuit_operator.py
[2024-12-24T07:32:40.899+0000] {logging_mixin.py:190} INFO - [2024-12-24T07:32:40.899+0000] {dag.py:3239} INFO - Sync 1 DAGs
[2024-12-24T07:32:40.923+0000] {logging_mixin.py:190} INFO - [2024-12-24T07:32:40.922+0000] {dag.py:4180} INFO - Setting next_dagrun for example_short_circuit_operator to None, run_after=None
[2024-12-24T07:32:40.950+0000] {processor.py:208} INFO - Processing /home/airflow/.local/lib/python3.12/site-packages/airflow/example_dags/example_short_circuit_operator.py took 0.119 seconds
[2024-12-24T07:33:11.726+0000] {processor.py:186} INFO - Started process (PID=608) to work on /home/airflow/.local/lib/python3.12/site-packages/airflow/example_dags/example_short_circuit_operator.py
[2024-12-24T07:33:11.728+0000] {processor.py:914} INFO - Processing file /home/airflow/.local/lib/python3.12/site-packages/airflow/example_dags/example_short_circuit_operator.py for tasks to queue
[2024-12-24T07:33:11.731+0000] {logging_mixin.py:190} INFO - [2024-12-24T07:33:11.731+0000] {dagbag.py:588} INFO - Filling up the DagBag from /home/airflow/.local/lib/python3.12/site-packages/airflow/example_dags/example_short_circuit_operator.py
[2024-12-24T07:33:11.744+0000] {processor.py:925} INFO - DAG(s) 'example_short_circuit_operator' retrieved from /home/airflow/.local/lib/python3.12/site-packages/airflow/example_dags/example_short_circuit_operator.py
[2024-12-24T07:33:11.786+0000] {logging_mixin.py:190} INFO - [2024-12-24T07:33:11.785+0000] {dag.py:3239} INFO - Sync 1 DAGs
[2024-12-24T07:33:11.818+0000] {logging_mixin.py:190} INFO - [2024-12-24T07:33:11.818+0000] {dag.py:4180} INFO - Setting next_dagrun for example_short_circuit_operator to None, run_after=None
[2024-12-24T07:33:11.863+0000] {processor.py:208} INFO - Processing /home/airflow/.local/lib/python3.12/site-packages/airflow/example_dags/example_short_circuit_operator.py took 0.146 seconds
[2024-12-24T07:33:42.675+0000] {processor.py:186} INFO - Started process (PID=674) to work on /home/airflow/.local/lib/python3.12/site-packages/airflow/example_dags/example_short_circuit_operator.py
[2024-12-24T07:33:42.676+0000] {processor.py:914} INFO - Processing file /home/airflow/.local/lib/python3.12/site-packages/airflow/example_dags/example_short_circuit_operator.py for tasks to queue
[2024-12-24T07:33:42.684+0000] {logging_mixin.py:190} INFO - [2024-12-24T07:33:42.684+0000] {dagbag.py:588} INFO - Filling up the DagBag from /home/airflow/.local/lib/python3.12/site-packages/airflow/example_dags/example_short_circuit_operator.py
[2024-12-24T07:33:42.707+0000] {processor.py:925} INFO - DAG(s) 'example_short_circuit_operator' retrieved from /home/airflow/.local/lib/python3.12/site-packages/airflow/example_dags/example_short_circuit_operator.py
[2024-12-24T07:33:42.766+0000] {logging_mixin.py:190} INFO - [2024-12-24T07:33:42.765+0000] {dag.py:3239} INFO - Sync 1 DAGs
[2024-12-24T07:33:42.794+0000] {logging_mixin.py:190} INFO - [2024-12-24T07:33:42.794+0000] {dag.py:4180} INFO - Setting next_dagrun for example_short_circuit_operator to None, run_after=None
[2024-12-24T07:33:42.842+0000] {processor.py:208} INFO - Processing /home/airflow/.local/lib/python3.12/site-packages/airflow/example_dags/example_short_circuit_operator.py took 0.183 seconds
[2024-12-24T07:34:13.538+0000] {processor.py:186} INFO - Started process (PID=740) to work on /home/airflow/.local/lib/python3.12/site-packages/airflow/example_dags/example_short_circuit_operator.py
[2024-12-24T07:34:13.540+0000] {processor.py:914} INFO - Processing file /home/airflow/.local/lib/python3.12/site-packages/airflow/example_dags/example_short_circuit_operator.py for tasks to queue
[2024-12-24T07:34:13.546+0000] {logging_mixin.py:190} INFO - [2024-12-24T07:34:13.545+0000] {dagbag.py:588} INFO - Filling up the DagBag from /home/airflow/.local/lib/python3.12/site-packages/airflow/example_dags/example_short_circuit_operator.py
[2024-12-24T07:34:13.569+0000] {processor.py:925} INFO - DAG(s) 'example_short_circuit_operator' retrieved from /home/airflow/.local/lib/python3.12/site-packages/airflow/example_dags/example_short_circuit_operator.py
[2024-12-24T07:34:13.623+0000] {logging_mixin.py:190} INFO - [2024-12-24T07:34:13.622+0000] {dag.py:3239} INFO - Sync 1 DAGs
[2024-12-24T07:34:13.644+0000] {logging_mixin.py:190} INFO - [2024-12-24T07:34:13.643+0000] {dag.py:4180} INFO - Setting next_dagrun for example_short_circuit_operator to None, run_after=None
[2024-12-24T07:34:13.681+0000] {processor.py:208} INFO - Processing /home/airflow/.local/lib/python3.12/site-packages/airflow/example_dags/example_short_circuit_operator.py took 0.154 seconds
[2024-12-24T07:34:43.924+0000] {processor.py:186} INFO - Started process (PID=807) to work on /home/airflow/.local/lib/python3.12/site-packages/airflow/example_dags/example_short_circuit_operator.py
[2024-12-24T07:34:43.925+0000] {processor.py:914} INFO - Processing file /home/airflow/.local/lib/python3.12/site-packages/airflow/example_dags/example_short_circuit_operator.py for tasks to queue
[2024-12-24T07:34:43.930+0000] {logging_mixin.py:190} INFO - [2024-12-24T07:34:43.930+0000] {dagbag.py:588} INFO - Filling up the DagBag from /home/airflow/.local/lib/python3.12/site-packages/airflow/example_dags/example_short_circuit_operator.py
[2024-12-24T07:34:43.944+0000] {processor.py:925} INFO - DAG(s) 'example_short_circuit_operator' retrieved from /home/airflow/.local/lib/python3.12/site-packages/airflow/example_dags/example_short_circuit_operator.py
[2024-12-24T07:34:43.989+0000] {logging_mixin.py:190} INFO - [2024-12-24T07:34:43.988+0000] {dag.py:3239} INFO - Sync 1 DAGs
[2024-12-24T07:34:44.019+0000] {logging_mixin.py:190} INFO - [2024-12-24T07:34:44.019+0000] {dag.py:4180} INFO - Setting next_dagrun for example_short_circuit_operator to None, run_after=None
[2024-12-24T07:34:44.070+0000] {processor.py:208} INFO - Processing /home/airflow/.local/lib/python3.12/site-packages/airflow/example_dags/example_short_circuit_operator.py took 0.156 seconds
[2024-12-24T07:35:14.256+0000] {processor.py:186} INFO - Started process (PID=874) to work on /home/airflow/.local/lib/python3.12/site-packages/airflow/example_dags/example_short_circuit_operator.py
[2024-12-24T07:35:14.259+0000] {processor.py:914} INFO - Processing file /home/airflow/.local/lib/python3.12/site-packages/airflow/example_dags/example_short_circuit_operator.py for tasks to queue
[2024-12-24T07:35:14.267+0000] {logging_mixin.py:190} INFO - [2024-12-24T07:35:14.267+0000] {dagbag.py:588} INFO - Filling up the DagBag from /home/airflow/.local/lib/python3.12/site-packages/airflow/example_dags/example_short_circuit_operator.py
[2024-12-24T07:35:14.280+0000] {processor.py:925} INFO - DAG(s) 'example_short_circuit_operator' retrieved from /home/airflow/.local/lib/python3.12/site-packages/airflow/example_dags/example_short_circuit_operator.py
[2024-12-24T07:35:14.324+0000] {logging_mixin.py:190} INFO - [2024-12-24T07:35:14.324+0000] {dag.py:3239} INFO - Sync 1 DAGs
[2024-12-24T07:35:14.344+0000] {logging_mixin.py:190} INFO - [2024-12-24T07:35:14.344+0000] {dag.py:4180} INFO - Setting next_dagrun for example_short_circuit_operator to None, run_after=None
[2024-12-24T07:35:14.383+0000] {processor.py:208} INFO - Processing /home/airflow/.local/lib/python3.12/site-packages/airflow/example_dags/example_short_circuit_operator.py took 0.139 seconds
[2024-12-24T07:35:44.642+0000] {processor.py:186} INFO - Started process (PID=940) to work on /home/airflow/.local/lib/python3.12/site-packages/airflow/example_dags/example_short_circuit_operator.py
[2024-12-24T07:35:44.643+0000] {processor.py:914} INFO - Processing file /home/airflow/.local/lib/python3.12/site-packages/airflow/example_dags/example_short_circuit_operator.py for tasks to queue
[2024-12-24T07:35:44.650+0000] {logging_mixin.py:190} INFO - [2024-12-24T07:35:44.648+0000] {dagbag.py:588} INFO - Filling up the DagBag from /home/airflow/.local/lib/python3.12/site-packages/airflow/example_dags/example_short_circuit_operator.py
[2024-12-24T07:35:44.676+0000] {processor.py:925} INFO - DAG(s) 'example_short_circuit_operator' retrieved from /home/airflow/.local/lib/python3.12/site-packages/airflow/example_dags/example_short_circuit_operator.py
[2024-12-24T07:35:44.739+0000] {logging_mixin.py:190} INFO - [2024-12-24T07:35:44.738+0000] {dag.py:3239} INFO - Sync 1 DAGs
[2024-12-24T07:35:44.771+0000] {logging_mixin.py:190} INFO - [2024-12-24T07:35:44.771+0000] {dag.py:4180} INFO - Setting next_dagrun for example_short_circuit_operator to None, run_after=None
[2024-12-24T07:35:44.817+0000] {processor.py:208} INFO - Processing /home/airflow/.local/lib/python3.12/site-packages/airflow/example_dags/example_short_circuit_operator.py took 0.188 seconds
[2024-12-24T07:36:16.012+0000] {processor.py:186} INFO - Started process (PID=1005) to work on /home/airflow/.local/lib/python3.12/site-packages/airflow/example_dags/example_short_circuit_operator.py
[2024-12-24T07:36:16.014+0000] {processor.py:914} INFO - Processing file /home/airflow/.local/lib/python3.12/site-packages/airflow/example_dags/example_short_circuit_operator.py for tasks to queue
[2024-12-24T07:36:16.019+0000] {logging_mixin.py:190} INFO - [2024-12-24T07:36:16.018+0000] {dagbag.py:588} INFO - Filling up the DagBag from /home/airflow/.local/lib/python3.12/site-packages/airflow/example_dags/example_short_circuit_operator.py
[2024-12-24T07:36:16.036+0000] {processor.py:925} INFO - DAG(s) 'example_short_circuit_operator' retrieved from /home/airflow/.local/lib/python3.12/site-packages/airflow/example_dags/example_short_circuit_operator.py
[2024-12-24T07:36:16.082+0000] {logging_mixin.py:190} INFO - [2024-12-24T07:36:16.082+0000] {dag.py:3239} INFO - Sync 1 DAGs
[2024-12-24T07:36:16.105+0000] {logging_mixin.py:190} INFO - [2024-12-24T07:36:16.105+0000] {dag.py:4180} INFO - Setting next_dagrun for example_short_circuit_operator to None, run_after=None
[2024-12-24T07:36:16.140+0000] {processor.py:208} INFO - Processing /home/airflow/.local/lib/python3.12/site-packages/airflow/example_dags/example_short_circuit_operator.py took 0.147 seconds
[2024-12-24T07:36:46.267+0000] {processor.py:186} INFO - Started process (PID=1071) to work on /home/airflow/.local/lib/python3.12/site-packages/airflow/example_dags/example_short_circuit_operator.py
[2024-12-24T07:36:46.270+0000] {processor.py:914} INFO - Processing file /home/airflow/.local/lib/python3.12/site-packages/airflow/example_dags/example_short_circuit_operator.py for tasks to queue
[2024-12-24T07:36:46.277+0000] {logging_mixin.py:190} INFO - [2024-12-24T07:36:46.276+0000] {dagbag.py:588} INFO - Filling up the DagBag from /home/airflow/.local/lib/python3.12/site-packages/airflow/example_dags/example_short_circuit_operator.py
[2024-12-24T07:36:46.295+0000] {processor.py:925} INFO - DAG(s) 'example_short_circuit_operator' retrieved from /home/airflow/.local/lib/python3.12/site-packages/airflow/example_dags/example_short_circuit_operator.py
[2024-12-24T07:36:46.334+0000] {logging_mixin.py:190} INFO - [2024-12-24T07:36:46.333+0000] {dag.py:3239} INFO - Sync 1 DAGs
[2024-12-24T07:36:46.359+0000] {logging_mixin.py:190} INFO - [2024-12-24T07:36:46.359+0000] {dag.py:4180} INFO - Setting next_dagrun for example_short_circuit_operator to None, run_after=None
[2024-12-24T07:36:46.395+0000] {processor.py:208} INFO - Processing /home/airflow/.local/lib/python3.12/site-packages/airflow/example_dags/example_short_circuit_operator.py took 0.142 seconds
[2024-12-24T07:37:17.246+0000] {processor.py:186} INFO - Started process (PID=1137) to work on /home/airflow/.local/lib/python3.12/site-packages/airflow/example_dags/example_short_circuit_operator.py
[2024-12-24T07:37:17.247+0000] {processor.py:914} INFO - Processing file /home/airflow/.local/lib/python3.12/site-packages/airflow/example_dags/example_short_circuit_operator.py for tasks to queue
[2024-12-24T07:37:17.252+0000] {logging_mixin.py:190} INFO - [2024-12-24T07:37:17.252+0000] {dagbag.py:588} INFO - Filling up the DagBag from /home/airflow/.local/lib/python3.12/site-packages/airflow/example_dags/example_short_circuit_operator.py
[2024-12-24T07:37:17.268+0000] {processor.py:925} INFO - DAG(s) 'example_short_circuit_operator' retrieved from /home/airflow/.local/lib/python3.12/site-packages/airflow/example_dags/example_short_circuit_operator.py
[2024-12-24T07:37:17.311+0000] {logging_mixin.py:190} INFO - [2024-12-24T07:37:17.310+0000] {dag.py:3239} INFO - Sync 1 DAGs
[2024-12-24T07:37:17.337+0000] {logging_mixin.py:190} INFO - [2024-12-24T07:37:17.337+0000] {dag.py:4180} INFO - Setting next_dagrun for example_short_circuit_operator to None, run_after=None
[2024-12-24T07:37:17.384+0000] {processor.py:208} INFO - Processing /home/airflow/.local/lib/python3.12/site-packages/airflow/example_dags/example_short_circuit_operator.py took 0.147 seconds
[2024-12-24T07:37:47.690+0000] {processor.py:186} INFO - Started process (PID=1203) to work on /home/airflow/.local/lib/python3.12/site-packages/airflow/example_dags/example_short_circuit_operator.py
[2024-12-24T07:37:47.692+0000] {processor.py:914} INFO - Processing file /home/airflow/.local/lib/python3.12/site-packages/airflow/example_dags/example_short_circuit_operator.py for tasks to queue
[2024-12-24T07:37:47.696+0000] {logging_mixin.py:190} INFO - [2024-12-24T07:37:47.695+0000] {dagbag.py:588} INFO - Filling up the DagBag from /home/airflow/.local/lib/python3.12/site-packages/airflow/example_dags/example_short_circuit_operator.py
[2024-12-24T07:37:47.714+0000] {processor.py:925} INFO - DAG(s) 'example_short_circuit_operator' retrieved from /home/airflow/.local/lib/python3.12/site-packages/airflow/example_dags/example_short_circuit_operator.py
[2024-12-24T07:37:47.748+0000] {logging_mixin.py:190} INFO - [2024-12-24T07:37:47.747+0000] {dag.py:3239} INFO - Sync 1 DAGs
[2024-12-24T07:37:47.772+0000] {logging_mixin.py:190} INFO - [2024-12-24T07:37:47.772+0000] {dag.py:4180} INFO - Setting next_dagrun for example_short_circuit_operator to None, run_after=None
[2024-12-24T07:37:47.799+0000] {processor.py:208} INFO - Processing /home/airflow/.local/lib/python3.12/site-packages/airflow/example_dags/example_short_circuit_operator.py took 0.118 seconds
[2024-12-24T07:38:18.773+0000] {processor.py:186} INFO - Started process (PID=1274) to work on /home/airflow/.local/lib/python3.12/site-packages/airflow/example_dags/example_short_circuit_operator.py
[2024-12-24T07:38:18.776+0000] {processor.py:914} INFO - Processing file /home/airflow/.local/lib/python3.12/site-packages/airflow/example_dags/example_short_circuit_operator.py for tasks to queue
[2024-12-24T07:38:18.782+0000] {logging_mixin.py:190} INFO - [2024-12-24T07:38:18.781+0000] {dagbag.py:588} INFO - Filling up the DagBag from /home/airflow/.local/lib/python3.12/site-packages/airflow/example_dags/example_short_circuit_operator.py
[2024-12-24T07:38:18.800+0000] {processor.py:925} INFO - DAG(s) 'example_short_circuit_operator' retrieved from /home/airflow/.local/lib/python3.12/site-packages/airflow/example_dags/example_short_circuit_operator.py
[2024-12-24T07:38:18.847+0000] {logging_mixin.py:190} INFO - [2024-12-24T07:38:18.845+0000] {dag.py:3239} INFO - Sync 1 DAGs
[2024-12-24T07:38:18.874+0000] {logging_mixin.py:190} INFO - [2024-12-24T07:38:18.874+0000] {dag.py:4180} INFO - Setting next_dagrun for example_short_circuit_operator to None, run_after=None
[2024-12-24T07:38:18.921+0000] {processor.py:208} INFO - Processing /home/airflow/.local/lib/python3.12/site-packages/airflow/example_dags/example_short_circuit_operator.py took 0.163 seconds
[2024-12-24T07:38:49.106+0000] {processor.py:186} INFO - Started process (PID=1340) to work on /home/airflow/.local/lib/python3.12/site-packages/airflow/example_dags/example_short_circuit_operator.py
[2024-12-24T07:38:49.108+0000] {processor.py:914} INFO - Processing file /home/airflow/.local/lib/python3.12/site-packages/airflow/example_dags/example_short_circuit_operator.py for tasks to queue
[2024-12-24T07:38:49.113+0000] {logging_mixin.py:190} INFO - [2024-12-24T07:38:49.113+0000] {dagbag.py:588} INFO - Filling up the DagBag from /home/airflow/.local/lib/python3.12/site-packages/airflow/example_dags/example_short_circuit_operator.py
[2024-12-24T07:38:49.127+0000] {processor.py:925} INFO - DAG(s) 'example_short_circuit_operator' retrieved from /home/airflow/.local/lib/python3.12/site-packages/airflow/example_dags/example_short_circuit_operator.py
[2024-12-24T07:38:49.169+0000] {logging_mixin.py:190} INFO - [2024-12-24T07:38:49.168+0000] {dag.py:3239} INFO - Sync 1 DAGs
[2024-12-24T07:38:49.192+0000] {logging_mixin.py:190} INFO - [2024-12-24T07:38:49.192+0000] {dag.py:4180} INFO - Setting next_dagrun for example_short_circuit_operator to None, run_after=None
[2024-12-24T07:38:49.226+0000] {processor.py:208} INFO - Processing /home/airflow/.local/lib/python3.12/site-packages/airflow/example_dags/example_short_circuit_operator.py took 0.130 seconds
[2024-12-24T07:39:20.260+0000] {processor.py:186} INFO - Started process (PID=1407) to work on /home/airflow/.local/lib/python3.12/site-packages/airflow/example_dags/example_short_circuit_operator.py
[2024-12-24T07:39:20.263+0000] {processor.py:914} INFO - Processing file /home/airflow/.local/lib/python3.12/site-packages/airflow/example_dags/example_short_circuit_operator.py for tasks to queue
[2024-12-24T07:39:20.267+0000] {logging_mixin.py:190} INFO - [2024-12-24T07:39:20.267+0000] {dagbag.py:588} INFO - Filling up the DagBag from /home/airflow/.local/lib/python3.12/site-packages/airflow/example_dags/example_short_circuit_operator.py
[2024-12-24T07:39:20.282+0000] {processor.py:925} INFO - DAG(s) 'example_short_circuit_operator' retrieved from /home/airflow/.local/lib/python3.12/site-packages/airflow/example_dags/example_short_circuit_operator.py
[2024-12-24T07:39:20.326+0000] {logging_mixin.py:190} INFO - [2024-12-24T07:39:20.325+0000] {dag.py:3239} INFO - Sync 1 DAGs
[2024-12-24T07:39:20.349+0000] {logging_mixin.py:190} INFO - [2024-12-24T07:39:20.349+0000] {dag.py:4180} INFO - Setting next_dagrun for example_short_circuit_operator to None, run_after=None
[2024-12-24T07:39:20.393+0000] {processor.py:208} INFO - Processing /home/airflow/.local/lib/python3.12/site-packages/airflow/example_dags/example_short_circuit_operator.py took 0.143 seconds
[2024-12-24T07:39:51.229+0000] {processor.py:186} INFO - Started process (PID=1473) to work on /home/airflow/.local/lib/python3.12/site-packages/airflow/example_dags/example_short_circuit_operator.py
[2024-12-24T07:39:51.230+0000] {processor.py:914} INFO - Processing file /home/airflow/.local/lib/python3.12/site-packages/airflow/example_dags/example_short_circuit_operator.py for tasks to queue
[2024-12-24T07:39:51.234+0000] {logging_mixin.py:190} INFO - [2024-12-24T07:39:51.234+0000] {dagbag.py:588} INFO - Filling up the DagBag from /home/airflow/.local/lib/python3.12/site-packages/airflow/example_dags/example_short_circuit_operator.py
[2024-12-24T07:39:51.247+0000] {processor.py:925} INFO - DAG(s) 'example_short_circuit_operator' retrieved from /home/airflow/.local/lib/python3.12/site-packages/airflow/example_dags/example_short_circuit_operator.py
[2024-12-24T07:39:51.286+0000] {logging_mixin.py:190} INFO - [2024-12-24T07:39:51.286+0000] {dag.py:3239} INFO - Sync 1 DAGs
[2024-12-24T07:39:51.310+0000] {logging_mixin.py:190} INFO - [2024-12-24T07:39:51.309+0000] {dag.py:4180} INFO - Setting next_dagrun for example_short_circuit_operator to None, run_after=None
[2024-12-24T07:39:51.343+0000] {processor.py:208} INFO - Processing /home/airflow/.local/lib/python3.12/site-packages/airflow/example_dags/example_short_circuit_operator.py took 0.122 seconds
[2024-12-24T07:40:21.744+0000] {processor.py:186} INFO - Started process (PID=1539) to work on /home/airflow/.local/lib/python3.12/site-packages/airflow/example_dags/example_short_circuit_operator.py
[2024-12-24T07:40:21.746+0000] {processor.py:914} INFO - Processing file /home/airflow/.local/lib/python3.12/site-packages/airflow/example_dags/example_short_circuit_operator.py for tasks to queue
[2024-12-24T07:40:21.749+0000] {logging_mixin.py:190} INFO - [2024-12-24T07:40:21.747+0000] {dagbag.py:588} INFO - Filling up the DagBag from /home/airflow/.local/lib/python3.12/site-packages/airflow/example_dags/example_short_circuit_operator.py
[2024-12-24T07:40:21.765+0000] {processor.py:925} INFO - DAG(s) 'example_short_circuit_operator' retrieved from /home/airflow/.local/lib/python3.12/site-packages/airflow/example_dags/example_short_circuit_operator.py
[2024-12-24T07:40:21.815+0000] {logging_mixin.py:190} INFO - [2024-12-24T07:40:21.814+0000] {dag.py:3239} INFO - Sync 1 DAGs
[2024-12-24T07:40:21.839+0000] {logging_mixin.py:190} INFO - [2024-12-24T07:40:21.839+0000] {dag.py:4180} INFO - Setting next_dagrun for example_short_circuit_operator to None, run_after=None
[2024-12-24T07:40:21.883+0000] {processor.py:208} INFO - Processing /home/airflow/.local/lib/python3.12/site-packages/airflow/example_dags/example_short_circuit_operator.py took 0.148 seconds
[2024-12-24T07:40:52.530+0000] {processor.py:186} INFO - Started process (PID=1605) to work on /home/airflow/.local/lib/python3.12/site-packages/airflow/example_dags/example_short_circuit_operator.py
[2024-12-24T07:40:52.532+0000] {processor.py:914} INFO - Processing file /home/airflow/.local/lib/python3.12/site-packages/airflow/example_dags/example_short_circuit_operator.py for tasks to queue
[2024-12-24T07:40:52.536+0000] {logging_mixin.py:190} INFO - [2024-12-24T07:40:52.535+0000] {dagbag.py:588} INFO - Filling up the DagBag from /home/airflow/.local/lib/python3.12/site-packages/airflow/example_dags/example_short_circuit_operator.py
[2024-12-24T07:40:52.551+0000] {processor.py:925} INFO - DAG(s) 'example_short_circuit_operator' retrieved from /home/airflow/.local/lib/python3.12/site-packages/airflow/example_dags/example_short_circuit_operator.py
[2024-12-24T07:40:52.598+0000] {logging_mixin.py:190} INFO - [2024-12-24T07:40:52.597+0000] {dag.py:3239} INFO - Sync 1 DAGs
[2024-12-24T07:40:52.625+0000] {logging_mixin.py:190} INFO - [2024-12-24T07:40:52.625+0000] {dag.py:4180} INFO - Setting next_dagrun for example_short_circuit_operator to None, run_after=None
[2024-12-24T07:40:52.672+0000] {processor.py:208} INFO - Processing /home/airflow/.local/lib/python3.12/site-packages/airflow/example_dags/example_short_circuit_operator.py took 0.152 seconds
[2024-12-24T07:41:23.119+0000] {processor.py:186} INFO - Started process (PID=1671) to work on /home/airflow/.local/lib/python3.12/site-packages/airflow/example_dags/example_short_circuit_operator.py
[2024-12-24T07:41:23.120+0000] {processor.py:914} INFO - Processing file /home/airflow/.local/lib/python3.12/site-packages/airflow/example_dags/example_short_circuit_operator.py for tasks to queue
[2024-12-24T07:41:23.124+0000] {logging_mixin.py:190} INFO - [2024-12-24T07:41:23.123+0000] {dagbag.py:588} INFO - Filling up the DagBag from /home/airflow/.local/lib/python3.12/site-packages/airflow/example_dags/example_short_circuit_operator.py
[2024-12-24T07:41:23.139+0000] {processor.py:925} INFO - DAG(s) 'example_short_circuit_operator' retrieved from /home/airflow/.local/lib/python3.12/site-packages/airflow/example_dags/example_short_circuit_operator.py
[2024-12-24T07:41:23.179+0000] {logging_mixin.py:190} INFO - [2024-12-24T07:41:23.178+0000] {dag.py:3239} INFO - Sync 1 DAGs
[2024-12-24T07:41:23.207+0000] {logging_mixin.py:190} INFO - [2024-12-24T07:41:23.207+0000] {dag.py:4180} INFO - Setting next_dagrun for example_short_circuit_operator to None, run_after=None
[2024-12-24T07:41:23.244+0000] {processor.py:208} INFO - Processing /home/airflow/.local/lib/python3.12/site-packages/airflow/example_dags/example_short_circuit_operator.py took 0.137 seconds
[2024-12-24T07:41:54.281+0000] {processor.py:186} INFO - Started process (PID=1737) to work on /home/airflow/.local/lib/python3.12/site-packages/airflow/example_dags/example_short_circuit_operator.py
[2024-12-24T07:41:54.284+0000] {processor.py:914} INFO - Processing file /home/airflow/.local/lib/python3.12/site-packages/airflow/example_dags/example_short_circuit_operator.py for tasks to queue
[2024-12-24T07:41:54.288+0000] {logging_mixin.py:190} INFO - [2024-12-24T07:41:54.288+0000] {dagbag.py:588} INFO - Filling up the DagBag from /home/airflow/.local/lib/python3.12/site-packages/airflow/example_dags/example_short_circuit_operator.py
[2024-12-24T07:41:54.315+0000] {processor.py:925} INFO - DAG(s) 'example_short_circuit_operator' retrieved from /home/airflow/.local/lib/python3.12/site-packages/airflow/example_dags/example_short_circuit_operator.py
[2024-12-24T07:41:54.385+0000] {logging_mixin.py:190} INFO - [2024-12-24T07:41:54.384+0000] {dag.py:3239} INFO - Sync 1 DAGs
[2024-12-24T07:41:54.423+0000] {logging_mixin.py:190} INFO - [2024-12-24T07:41:54.423+0000] {dag.py:4180} INFO - Setting next_dagrun for example_short_circuit_operator to None, run_after=None
[2024-12-24T07:41:54.475+0000] {processor.py:208} INFO - Processing /home/airflow/.local/lib/python3.12/site-packages/airflow/example_dags/example_short_circuit_operator.py took 0.206 seconds
