[2024-12-24T07:28:59.493+0000] {processor.py:186} INFO - Started process (PID=61) to work on /home/airflow/.local/lib/python3.12/site-packages/airflow/example_dags/example_inlet_event_extra.py
[2024-12-24T07:28:59.495+0000] {processor.py:914} INFO - Processing file /home/airflow/.local/lib/python3.12/site-packages/airflow/example_dags/example_inlet_event_extra.py for tasks to queue
[2024-12-24T07:28:59.499+0000] {logging_mixin.py:190} INFO - [2024-12-24T07:28:59.498+0000] {dagbag.py:588} INFO - Filling up the DagBag from /home/airflow/.local/lib/python3.12/site-packages/airflow/example_dags/example_inlet_event_extra.py
[2024-12-24T07:28:59.673+0000] {processor.py:925} INFO - DAG(s) 'read_dataset_event', 'read_dataset_event_from_classic' retrieved from /home/airflow/.local/lib/python3.12/site-packages/airflow/example_dags/example_inlet_event_extra.py
[2024-12-24T07:28:59.833+0000] {logging_mixin.py:190} INFO - [2024-12-24T07:28:59.832+0000] {override.py:1911} INFO - Created Permission View: can read on DAG:read_dataset_event
[2024-12-24T07:28:59.852+0000] {logging_mixin.py:190} INFO - [2024-12-24T07:28:59.851+0000] {override.py:1911} INFO - Created Permission View: can edit on DAG:read_dataset_event
[2024-12-24T07:28:59.867+0000] {logging_mixin.py:190} INFO - [2024-12-24T07:28:59.867+0000] {override.py:1911} INFO - Created Permission View: can delete on DAG:read_dataset_event
[2024-12-24T07:28:59.883+0000] {logging_mixin.py:190} INFO - [2024-12-24T07:28:59.883+0000] {override.py:1911} INFO - Created Permission View: can read on DAG Run:read_dataset_event
[2024-12-24T07:28:59.895+0000] {logging_mixin.py:190} INFO - [2024-12-24T07:28:59.895+0000] {override.py:1911} INFO - Created Permission View: can create on DAG Run:read_dataset_event
[2024-12-24T07:28:59.909+0000] {logging_mixin.py:190} INFO - [2024-12-24T07:28:59.908+0000] {override.py:1911} INFO - Created Permission View: can delete on DAG Run:read_dataset_event
[2024-12-24T07:28:59.921+0000] {logging_mixin.py:190} INFO - [2024-12-24T07:28:59.920+0000] {override.py:1911} INFO - Created Permission View: menu access on DAG Run:read_dataset_event
[2024-12-24T07:28:59.941+0000] {logging_mixin.py:190} INFO - [2024-12-24T07:28:59.941+0000] {override.py:1911} INFO - Created Permission View: can read on DAG:read_dataset_event_from_classic
[2024-12-24T07:28:59.953+0000] {logging_mixin.py:190} INFO - [2024-12-24T07:28:59.953+0000] {override.py:1911} INFO - Created Permission View: can edit on DAG:read_dataset_event_from_classic
[2024-12-24T07:28:59.966+0000] {logging_mixin.py:190} INFO - [2024-12-24T07:28:59.965+0000] {override.py:1911} INFO - Created Permission View: can delete on DAG:read_dataset_event_from_classic
[2024-12-24T07:28:59.979+0000] {logging_mixin.py:190} INFO - [2024-12-24T07:28:59.978+0000] {override.py:1911} INFO - Created Permission View: can read on DAG Run:read_dataset_event_from_classic
[2024-12-24T07:28:59.991+0000] {logging_mixin.py:190} INFO - [2024-12-24T07:28:59.990+0000] {override.py:1911} INFO - Created Permission View: can create on DAG Run:read_dataset_event_from_classic
[2024-12-24T07:29:00.002+0000] {logging_mixin.py:190} INFO - [2024-12-24T07:29:00.002+0000] {override.py:1911} INFO - Created Permission View: can delete on DAG Run:read_dataset_event_from_classic
[2024-12-24T07:29:00.015+0000] {logging_mixin.py:190} INFO - [2024-12-24T07:29:00.015+0000] {override.py:1911} INFO - Created Permission View: menu access on DAG Run:read_dataset_event_from_classic
[2024-12-24T07:29:00.016+0000] {logging_mixin.py:190} INFO - [2024-12-24T07:29:00.016+0000] {dag.py:3239} INFO - Sync 2 DAGs
[2024-12-24T07:29:00.036+0000] {logging_mixin.py:190} INFO - [2024-12-24T07:29:00.035+0000] {dag.py:3262} INFO - Creating ORM DAG for read_dataset_event
[2024-12-24T07:29:00.038+0000] {logging_mixin.py:190} INFO - [2024-12-24T07:29:00.037+0000] {dag.py:3262} INFO - Creating ORM DAG for read_dataset_event_from_classic
[2024-12-24T07:29:00.056+0000] {logging_mixin.py:190} INFO - [2024-12-24T07:29:00.055+0000] {dag.py:4180} INFO - Setting next_dagrun for read_dataset_event to 2024-12-23 00:00:00+00:00, run_after=2024-12-24 00:00:00+00:00
[2024-12-24T07:29:00.063+0000] {logging_mixin.py:190} INFO - [2024-12-24T07:29:00.061+0000] {dag.py:4180} INFO - Setting next_dagrun for read_dataset_event_from_classic to 2024-12-23 00:00:00+00:00, run_after=2024-12-24 00:00:00+00:00
[2024-12-24T07:29:00.111+0000] {processor.py:208} INFO - Processing /home/airflow/.local/lib/python3.12/site-packages/airflow/example_dags/example_inlet_event_extra.py took 0.627 seconds
[2024-12-24T07:29:30.304+0000] {processor.py:186} INFO - Started process (PID=128) to work on /home/airflow/.local/lib/python3.12/site-packages/airflow/example_dags/example_inlet_event_extra.py
[2024-12-24T07:29:30.307+0000] {processor.py:914} INFO - Processing file /home/airflow/.local/lib/python3.12/site-packages/airflow/example_dags/example_inlet_event_extra.py for tasks to queue
[2024-12-24T07:29:30.314+0000] {logging_mixin.py:190} INFO - [2024-12-24T07:29:30.313+0000] {dagbag.py:588} INFO - Filling up the DagBag from /home/airflow/.local/lib/python3.12/site-packages/airflow/example_dags/example_inlet_event_extra.py
[2024-12-24T07:29:30.507+0000] {processor.py:925} INFO - DAG(s) 'read_dataset_event', 'read_dataset_event_from_classic' retrieved from /home/airflow/.local/lib/python3.12/site-packages/airflow/example_dags/example_inlet_event_extra.py
[2024-12-24T07:29:30.546+0000] {logging_mixin.py:190} INFO - [2024-12-24T07:29:30.546+0000] {dag.py:3239} INFO - Sync 2 DAGs
[2024-12-24T07:29:30.613+0000] {logging_mixin.py:190} INFO - [2024-12-24T07:29:30.613+0000] {dag.py:4180} INFO - Setting next_dagrun for read_dataset_event to 2024-12-23 00:00:00+00:00, run_after=2024-12-24 00:00:00+00:00
[2024-12-24T07:29:30.625+0000] {logging_mixin.py:190} INFO - [2024-12-24T07:29:30.624+0000] {dag.py:4180} INFO - Setting next_dagrun for read_dataset_event_from_classic to 2024-12-23 00:00:00+00:00, run_after=2024-12-24 00:00:00+00:00
[2024-12-24T07:29:30.653+0000] {processor.py:208} INFO - Processing /home/airflow/.local/lib/python3.12/site-packages/airflow/example_dags/example_inlet_event_extra.py took 0.357 seconds
[2024-12-24T07:30:01.249+0000] {processor.py:186} INFO - Started process (PID=193) to work on /home/airflow/.local/lib/python3.12/site-packages/airflow/example_dags/example_inlet_event_extra.py
[2024-12-24T07:30:01.253+0000] {processor.py:914} INFO - Processing file /home/airflow/.local/lib/python3.12/site-packages/airflow/example_dags/example_inlet_event_extra.py for tasks to queue
[2024-12-24T07:30:01.259+0000] {logging_mixin.py:190} INFO - [2024-12-24T07:30:01.258+0000] {dagbag.py:588} INFO - Filling up the DagBag from /home/airflow/.local/lib/python3.12/site-packages/airflow/example_dags/example_inlet_event_extra.py
[2024-12-24T07:30:01.510+0000] {processor.py:925} INFO - DAG(s) 'read_dataset_event', 'read_dataset_event_from_classic' retrieved from /home/airflow/.local/lib/python3.12/site-packages/airflow/example_dags/example_inlet_event_extra.py
[2024-12-24T07:30:01.562+0000] {logging_mixin.py:190} INFO - [2024-12-24T07:30:01.561+0000] {dag.py:3239} INFO - Sync 2 DAGs
[2024-12-24T07:30:01.608+0000] {logging_mixin.py:190} INFO - [2024-12-24T07:30:01.608+0000] {dag.py:4180} INFO - Setting next_dagrun for read_dataset_event to 2024-12-23 00:00:00+00:00, run_after=2024-12-24 00:00:00+00:00
[2024-12-24T07:30:01.618+0000] {logging_mixin.py:190} INFO - [2024-12-24T07:30:01.617+0000] {dag.py:4180} INFO - Setting next_dagrun for read_dataset_event_from_classic to 2024-12-23 00:00:00+00:00, run_after=2024-12-24 00:00:00+00:00
[2024-12-24T07:30:01.663+0000] {processor.py:208} INFO - Processing /home/airflow/.local/lib/python3.12/site-packages/airflow/example_dags/example_inlet_event_extra.py took 0.427 seconds
[2024-12-24T07:30:32.444+0000] {processor.py:186} INFO - Started process (PID=259) to work on /home/airflow/.local/lib/python3.12/site-packages/airflow/example_dags/example_inlet_event_extra.py
[2024-12-24T07:30:32.446+0000] {processor.py:914} INFO - Processing file /home/airflow/.local/lib/python3.12/site-packages/airflow/example_dags/example_inlet_event_extra.py for tasks to queue
[2024-12-24T07:30:32.451+0000] {logging_mixin.py:190} INFO - [2024-12-24T07:30:32.450+0000] {dagbag.py:588} INFO - Filling up the DagBag from /home/airflow/.local/lib/python3.12/site-packages/airflow/example_dags/example_inlet_event_extra.py
[2024-12-24T07:30:32.686+0000] {processor.py:925} INFO - DAG(s) 'read_dataset_event', 'read_dataset_event_from_classic' retrieved from /home/airflow/.local/lib/python3.12/site-packages/airflow/example_dags/example_inlet_event_extra.py
[2024-12-24T07:30:32.763+0000] {logging_mixin.py:190} INFO - [2024-12-24T07:30:32.762+0000] {dag.py:3239} INFO - Sync 2 DAGs
[2024-12-24T07:30:32.832+0000] {logging_mixin.py:190} INFO - [2024-12-24T07:30:32.832+0000] {dag.py:4180} INFO - Setting next_dagrun for read_dataset_event to 2024-12-23 00:00:00+00:00, run_after=2024-12-24 00:00:00+00:00
[2024-12-24T07:30:32.843+0000] {logging_mixin.py:190} INFO - [2024-12-24T07:30:32.843+0000] {dag.py:4180} INFO - Setting next_dagrun for read_dataset_event_from_classic to 2024-12-23 00:00:00+00:00, run_after=2024-12-24 00:00:00+00:00
[2024-12-24T07:30:32.878+0000] {processor.py:208} INFO - Processing /home/airflow/.local/lib/python3.12/site-packages/airflow/example_dags/example_inlet_event_extra.py took 0.451 seconds
[2024-12-24T07:31:03.940+0000] {processor.py:186} INFO - Started process (PID=325) to work on /home/airflow/.local/lib/python3.12/site-packages/airflow/example_dags/example_inlet_event_extra.py
[2024-12-24T07:31:03.943+0000] {processor.py:914} INFO - Processing file /home/airflow/.local/lib/python3.12/site-packages/airflow/example_dags/example_inlet_event_extra.py for tasks to queue
[2024-12-24T07:31:03.951+0000] {logging_mixin.py:190} INFO - [2024-12-24T07:31:03.950+0000] {dagbag.py:588} INFO - Filling up the DagBag from /home/airflow/.local/lib/python3.12/site-packages/airflow/example_dags/example_inlet_event_extra.py
[2024-12-24T07:31:04.857+0000] {processor.py:925} INFO - DAG(s) 'read_dataset_event', 'read_dataset_event_from_classic' retrieved from /home/airflow/.local/lib/python3.12/site-packages/airflow/example_dags/example_inlet_event_extra.py
[2024-12-24T07:31:04.916+0000] {logging_mixin.py:190} INFO - [2024-12-24T07:31:04.916+0000] {dag.py:3239} INFO - Sync 2 DAGs
[2024-12-24T07:31:04.954+0000] {logging_mixin.py:190} INFO - [2024-12-24T07:31:04.954+0000] {dag.py:4180} INFO - Setting next_dagrun for read_dataset_event to 2024-12-23 00:00:00+00:00, run_after=2024-12-24 00:00:00+00:00
[2024-12-24T07:31:04.965+0000] {logging_mixin.py:190} INFO - [2024-12-24T07:31:04.965+0000] {dag.py:4180} INFO - Setting next_dagrun for read_dataset_event_from_classic to 2024-12-23 00:00:00+00:00, run_after=2024-12-24 00:00:00+00:00
[2024-12-24T07:31:04.995+0000] {processor.py:208} INFO - Processing /home/airflow/.local/lib/python3.12/site-packages/airflow/example_dags/example_inlet_event_extra.py took 1.069 seconds
[2024-12-24T07:31:35.828+0000] {processor.py:186} INFO - Started process (PID=390) to work on /home/airflow/.local/lib/python3.12/site-packages/airflow/example_dags/example_inlet_event_extra.py
[2024-12-24T07:31:35.831+0000] {processor.py:914} INFO - Processing file /home/airflow/.local/lib/python3.12/site-packages/airflow/example_dags/example_inlet_event_extra.py for tasks to queue
[2024-12-24T07:31:35.838+0000] {logging_mixin.py:190} INFO - [2024-12-24T07:31:35.837+0000] {dagbag.py:588} INFO - Filling up the DagBag from /home/airflow/.local/lib/python3.12/site-packages/airflow/example_dags/example_inlet_event_extra.py
[2024-12-24T07:31:36.261+0000] {processor.py:925} INFO - DAG(s) 'read_dataset_event_from_classic', 'read_dataset_event' retrieved from /home/airflow/.local/lib/python3.12/site-packages/airflow/example_dags/example_inlet_event_extra.py
[2024-12-24T07:31:36.340+0000] {logging_mixin.py:190} INFO - [2024-12-24T07:31:36.339+0000] {dag.py:3239} INFO - Sync 2 DAGs
[2024-12-24T07:31:36.380+0000] {logging_mixin.py:190} INFO - [2024-12-24T07:31:36.379+0000] {dag.py:4180} INFO - Setting next_dagrun for read_dataset_event to 2024-12-23 00:00:00+00:00, run_after=2024-12-24 00:00:00+00:00
[2024-12-24T07:31:36.387+0000] {logging_mixin.py:190} INFO - [2024-12-24T07:31:36.387+0000] {dag.py:4180} INFO - Setting next_dagrun for read_dataset_event_from_classic to 2024-12-23 00:00:00+00:00, run_after=2024-12-24 00:00:00+00:00
[2024-12-24T07:31:36.418+0000] {processor.py:208} INFO - Processing /home/airflow/.local/lib/python3.12/site-packages/airflow/example_dags/example_inlet_event_extra.py took 0.608 seconds
[2024-12-24T07:32:07.074+0000] {processor.py:186} INFO - Started process (PID=457) to work on /home/airflow/.local/lib/python3.12/site-packages/airflow/example_dags/example_inlet_event_extra.py
[2024-12-24T07:32:07.075+0000] {processor.py:914} INFO - Processing file /home/airflow/.local/lib/python3.12/site-packages/airflow/example_dags/example_inlet_event_extra.py for tasks to queue
[2024-12-24T07:32:07.078+0000] {logging_mixin.py:190} INFO - [2024-12-24T07:32:07.078+0000] {dagbag.py:588} INFO - Filling up the DagBag from /home/airflow/.local/lib/python3.12/site-packages/airflow/example_dags/example_inlet_event_extra.py
[2024-12-24T07:32:07.252+0000] {processor.py:925} INFO - DAG(s) 'read_dataset_event_from_classic', 'read_dataset_event' retrieved from /home/airflow/.local/lib/python3.12/site-packages/airflow/example_dags/example_inlet_event_extra.py
[2024-12-24T07:32:07.290+0000] {logging_mixin.py:190} INFO - [2024-12-24T07:32:07.290+0000] {dag.py:3239} INFO - Sync 2 DAGs
[2024-12-24T07:32:07.323+0000] {logging_mixin.py:190} INFO - [2024-12-24T07:32:07.323+0000] {dag.py:4180} INFO - Setting next_dagrun for read_dataset_event to 2024-12-23 00:00:00+00:00, run_after=2024-12-24 00:00:00+00:00
[2024-12-24T07:32:07.329+0000] {logging_mixin.py:190} INFO - [2024-12-24T07:32:07.329+0000] {dag.py:4180} INFO - Setting next_dagrun for read_dataset_event_from_classic to 2024-12-23 00:00:00+00:00, run_after=2024-12-24 00:00:00+00:00
[2024-12-24T07:32:07.354+0000] {processor.py:208} INFO - Processing /home/airflow/.local/lib/python3.12/site-packages/airflow/example_dags/example_inlet_event_extra.py took 0.288 seconds
[2024-12-24T07:32:37.791+0000] {processor.py:186} INFO - Started process (PID=523) to work on /home/airflow/.local/lib/python3.12/site-packages/airflow/example_dags/example_inlet_event_extra.py
[2024-12-24T07:32:37.792+0000] {processor.py:914} INFO - Processing file /home/airflow/.local/lib/python3.12/site-packages/airflow/example_dags/example_inlet_event_extra.py for tasks to queue
[2024-12-24T07:32:37.796+0000] {logging_mixin.py:190} INFO - [2024-12-24T07:32:37.796+0000] {dagbag.py:588} INFO - Filling up the DagBag from /home/airflow/.local/lib/python3.12/site-packages/airflow/example_dags/example_inlet_event_extra.py
[2024-12-24T07:32:37.966+0000] {processor.py:925} INFO - DAG(s) 'read_dataset_event_from_classic', 'read_dataset_event' retrieved from /home/airflow/.local/lib/python3.12/site-packages/airflow/example_dags/example_inlet_event_extra.py
[2024-12-24T07:32:38.005+0000] {logging_mixin.py:190} INFO - [2024-12-24T07:32:38.004+0000] {dag.py:3239} INFO - Sync 2 DAGs
[2024-12-24T07:32:38.047+0000] {logging_mixin.py:190} INFO - [2024-12-24T07:32:38.047+0000] {dag.py:4180} INFO - Setting next_dagrun for read_dataset_event to 2024-12-23 00:00:00+00:00, run_after=2024-12-24 00:00:00+00:00
[2024-12-24T07:32:38.056+0000] {logging_mixin.py:190} INFO - [2024-12-24T07:32:38.056+0000] {dag.py:4180} INFO - Setting next_dagrun for read_dataset_event_from_classic to 2024-12-23 00:00:00+00:00, run_after=2024-12-24 00:00:00+00:00
[2024-12-24T07:32:38.093+0000] {processor.py:208} INFO - Processing /home/airflow/.local/lib/python3.12/site-packages/airflow/example_dags/example_inlet_event_extra.py took 0.310 seconds
[2024-12-24T07:33:08.695+0000] {processor.py:186} INFO - Started process (PID=589) to work on /home/airflow/.local/lib/python3.12/site-packages/airflow/example_dags/example_inlet_event_extra.py
[2024-12-24T07:33:08.697+0000] {processor.py:914} INFO - Processing file /home/airflow/.local/lib/python3.12/site-packages/airflow/example_dags/example_inlet_event_extra.py for tasks to queue
[2024-12-24T07:33:08.703+0000] {logging_mixin.py:190} INFO - [2024-12-24T07:33:08.702+0000] {dagbag.py:588} INFO - Filling up the DagBag from /home/airflow/.local/lib/python3.12/site-packages/airflow/example_dags/example_inlet_event_extra.py
[2024-12-24T07:33:08.871+0000] {processor.py:925} INFO - DAG(s) 'read_dataset_event_from_classic', 'read_dataset_event' retrieved from /home/airflow/.local/lib/python3.12/site-packages/airflow/example_dags/example_inlet_event_extra.py
[2024-12-24T07:33:08.904+0000] {logging_mixin.py:190} INFO - [2024-12-24T07:33:08.904+0000] {dag.py:3239} INFO - Sync 2 DAGs
[2024-12-24T07:33:08.946+0000] {logging_mixin.py:190} INFO - [2024-12-24T07:33:08.945+0000] {dag.py:4180} INFO - Setting next_dagrun for read_dataset_event to 2024-12-23 00:00:00+00:00, run_after=2024-12-24 00:00:00+00:00
[2024-12-24T07:33:08.956+0000] {logging_mixin.py:190} INFO - [2024-12-24T07:33:08.956+0000] {dag.py:4180} INFO - Setting next_dagrun for read_dataset_event_from_classic to 2024-12-23 00:00:00+00:00, run_after=2024-12-24 00:00:00+00:00
[2024-12-24T07:33:08.999+0000] {processor.py:208} INFO - Processing /home/airflow/.local/lib/python3.12/site-packages/airflow/example_dags/example_inlet_event_extra.py took 0.319 seconds
[2024-12-24T07:33:39.184+0000] {processor.py:186} INFO - Started process (PID=656) to work on /home/airflow/.local/lib/python3.12/site-packages/airflow/example_dags/example_inlet_event_extra.py
[2024-12-24T07:33:39.186+0000] {processor.py:914} INFO - Processing file /home/airflow/.local/lib/python3.12/site-packages/airflow/example_dags/example_inlet_event_extra.py for tasks to queue
[2024-12-24T07:33:39.193+0000] {logging_mixin.py:190} INFO - [2024-12-24T07:33:39.193+0000] {dagbag.py:588} INFO - Filling up the DagBag from /home/airflow/.local/lib/python3.12/site-packages/airflow/example_dags/example_inlet_event_extra.py
[2024-12-24T07:33:39.430+0000] {processor.py:925} INFO - DAG(s) 'read_dataset_event', 'read_dataset_event_from_classic' retrieved from /home/airflow/.local/lib/python3.12/site-packages/airflow/example_dags/example_inlet_event_extra.py
[2024-12-24T07:33:39.476+0000] {logging_mixin.py:190} INFO - [2024-12-24T07:33:39.476+0000] {dag.py:3239} INFO - Sync 2 DAGs
[2024-12-24T07:33:39.525+0000] {logging_mixin.py:190} INFO - [2024-12-24T07:33:39.525+0000] {dag.py:4180} INFO - Setting next_dagrun for read_dataset_event to 2024-12-23 00:00:00+00:00, run_after=2024-12-24 00:00:00+00:00
[2024-12-24T07:33:39.539+0000] {logging_mixin.py:190} INFO - [2024-12-24T07:33:39.539+0000] {dag.py:4180} INFO - Setting next_dagrun for read_dataset_event_from_classic to 2024-12-23 00:00:00+00:00, run_after=2024-12-24 00:00:00+00:00
[2024-12-24T07:33:39.577+0000] {processor.py:208} INFO - Processing /home/airflow/.local/lib/python3.12/site-packages/airflow/example_dags/example_inlet_event_extra.py took 0.402 seconds
[2024-12-24T07:34:10.200+0000] {processor.py:186} INFO - Started process (PID=722) to work on /home/airflow/.local/lib/python3.12/site-packages/airflow/example_dags/example_inlet_event_extra.py
[2024-12-24T07:34:10.202+0000] {processor.py:914} INFO - Processing file /home/airflow/.local/lib/python3.12/site-packages/airflow/example_dags/example_inlet_event_extra.py for tasks to queue
[2024-12-24T07:34:10.206+0000] {logging_mixin.py:190} INFO - [2024-12-24T07:34:10.205+0000] {dagbag.py:588} INFO - Filling up the DagBag from /home/airflow/.local/lib/python3.12/site-packages/airflow/example_dags/example_inlet_event_extra.py
[2024-12-24T07:34:10.456+0000] {processor.py:925} INFO - DAG(s) 'read_dataset_event', 'read_dataset_event_from_classic' retrieved from /home/airflow/.local/lib/python3.12/site-packages/airflow/example_dags/example_inlet_event_extra.py
[2024-12-24T07:34:10.510+0000] {logging_mixin.py:190} INFO - [2024-12-24T07:34:10.509+0000] {dag.py:3239} INFO - Sync 2 DAGs
[2024-12-24T07:34:10.558+0000] {logging_mixin.py:190} INFO - [2024-12-24T07:34:10.557+0000] {dag.py:4180} INFO - Setting next_dagrun for read_dataset_event to 2024-12-23 00:00:00+00:00, run_after=2024-12-24 00:00:00+00:00
[2024-12-24T07:34:10.574+0000] {logging_mixin.py:190} INFO - [2024-12-24T07:34:10.574+0000] {dag.py:4180} INFO - Setting next_dagrun for read_dataset_event_from_classic to 2024-12-23 00:00:00+00:00, run_after=2024-12-24 00:00:00+00:00
[2024-12-24T07:34:10.612+0000] {processor.py:208} INFO - Processing /home/airflow/.local/lib/python3.12/site-packages/airflow/example_dags/example_inlet_event_extra.py took 0.420 seconds
[2024-12-24T07:34:40.794+0000] {processor.py:186} INFO - Started process (PID=789) to work on /home/airflow/.local/lib/python3.12/site-packages/airflow/example_dags/example_inlet_event_extra.py
[2024-12-24T07:34:40.795+0000] {processor.py:914} INFO - Processing file /home/airflow/.local/lib/python3.12/site-packages/airflow/example_dags/example_inlet_event_extra.py for tasks to queue
[2024-12-24T07:34:40.799+0000] {logging_mixin.py:190} INFO - [2024-12-24T07:34:40.799+0000] {dagbag.py:588} INFO - Filling up the DagBag from /home/airflow/.local/lib/python3.12/site-packages/airflow/example_dags/example_inlet_event_extra.py
[2024-12-24T07:34:40.946+0000] {processor.py:925} INFO - DAG(s) 'read_dataset_event', 'read_dataset_event_from_classic' retrieved from /home/airflow/.local/lib/python3.12/site-packages/airflow/example_dags/example_inlet_event_extra.py
[2024-12-24T07:34:40.981+0000] {logging_mixin.py:190} INFO - [2024-12-24T07:34:40.980+0000] {dag.py:3239} INFO - Sync 2 DAGs
[2024-12-24T07:34:41.015+0000] {logging_mixin.py:190} INFO - [2024-12-24T07:34:41.014+0000] {dag.py:4180} INFO - Setting next_dagrun for read_dataset_event to 2024-12-23 00:00:00+00:00, run_after=2024-12-24 00:00:00+00:00
[2024-12-24T07:34:41.021+0000] {logging_mixin.py:190} INFO - [2024-12-24T07:34:41.021+0000] {dag.py:4180} INFO - Setting next_dagrun for read_dataset_event_from_classic to 2024-12-23 00:00:00+00:00, run_after=2024-12-24 00:00:00+00:00
[2024-12-24T07:34:41.046+0000] {processor.py:208} INFO - Processing /home/airflow/.local/lib/python3.12/site-packages/airflow/example_dags/example_inlet_event_extra.py took 0.261 seconds
[2024-12-24T07:35:11.259+0000] {processor.py:186} INFO - Started process (PID=855) to work on /home/airflow/.local/lib/python3.12/site-packages/airflow/example_dags/example_inlet_event_extra.py
[2024-12-24T07:35:11.260+0000] {processor.py:914} INFO - Processing file /home/airflow/.local/lib/python3.12/site-packages/airflow/example_dags/example_inlet_event_extra.py for tasks to queue
[2024-12-24T07:35:11.266+0000] {logging_mixin.py:190} INFO - [2024-12-24T07:35:11.265+0000] {dagbag.py:588} INFO - Filling up the DagBag from /home/airflow/.local/lib/python3.12/site-packages/airflow/example_dags/example_inlet_event_extra.py
[2024-12-24T07:35:11.426+0000] {processor.py:925} INFO - DAG(s) 'read_dataset_event_from_classic', 'read_dataset_event' retrieved from /home/airflow/.local/lib/python3.12/site-packages/airflow/example_dags/example_inlet_event_extra.py
[2024-12-24T07:35:11.458+0000] {logging_mixin.py:190} INFO - [2024-12-24T07:35:11.457+0000] {dag.py:3239} INFO - Sync 2 DAGs
[2024-12-24T07:35:11.492+0000] {logging_mixin.py:190} INFO - [2024-12-24T07:35:11.492+0000] {dag.py:4180} INFO - Setting next_dagrun for read_dataset_event to 2024-12-23 00:00:00+00:00, run_after=2024-12-24 00:00:00+00:00
[2024-12-24T07:35:11.499+0000] {logging_mixin.py:190} INFO - [2024-12-24T07:35:11.499+0000] {dag.py:4180} INFO - Setting next_dagrun for read_dataset_event_from_classic to 2024-12-23 00:00:00+00:00, run_after=2024-12-24 00:00:00+00:00
[2024-12-24T07:35:11.527+0000] {processor.py:208} INFO - Processing /home/airflow/.local/lib/python3.12/site-packages/airflow/example_dags/example_inlet_event_extra.py took 0.277 seconds
[2024-12-24T07:35:42.333+0000] {processor.py:186} INFO - Started process (PID=921) to work on /home/airflow/.local/lib/python3.12/site-packages/airflow/example_dags/example_inlet_event_extra.py
[2024-12-24T07:35:42.335+0000] {processor.py:914} INFO - Processing file /home/airflow/.local/lib/python3.12/site-packages/airflow/example_dags/example_inlet_event_extra.py for tasks to queue
[2024-12-24T07:35:42.339+0000] {logging_mixin.py:190} INFO - [2024-12-24T07:35:42.338+0000] {dagbag.py:588} INFO - Filling up the DagBag from /home/airflow/.local/lib/python3.12/site-packages/airflow/example_dags/example_inlet_event_extra.py
[2024-12-24T07:35:42.537+0000] {processor.py:925} INFO - DAG(s) 'read_dataset_event', 'read_dataset_event_from_classic' retrieved from /home/airflow/.local/lib/python3.12/site-packages/airflow/example_dags/example_inlet_event_extra.py
[2024-12-24T07:35:42.570+0000] {logging_mixin.py:190} INFO - [2024-12-24T07:35:42.569+0000] {dag.py:3239} INFO - Sync 2 DAGs
[2024-12-24T07:35:42.602+0000] {logging_mixin.py:190} INFO - [2024-12-24T07:35:42.602+0000] {dag.py:4180} INFO - Setting next_dagrun for read_dataset_event to 2024-12-23 00:00:00+00:00, run_after=2024-12-24 00:00:00+00:00
[2024-12-24T07:35:42.609+0000] {logging_mixin.py:190} INFO - [2024-12-24T07:35:42.608+0000] {dag.py:4180} INFO - Setting next_dagrun for read_dataset_event_from_classic to 2024-12-23 00:00:00+00:00, run_after=2024-12-24 00:00:00+00:00
[2024-12-24T07:35:42.634+0000] {processor.py:208} INFO - Processing /home/airflow/.local/lib/python3.12/site-packages/airflow/example_dags/example_inlet_event_extra.py took 0.311 seconds
[2024-12-24T07:36:13.166+0000] {processor.py:186} INFO - Started process (PID=987) to work on /home/airflow/.local/lib/python3.12/site-packages/airflow/example_dags/example_inlet_event_extra.py
[2024-12-24T07:36:13.168+0000] {processor.py:914} INFO - Processing file /home/airflow/.local/lib/python3.12/site-packages/airflow/example_dags/example_inlet_event_extra.py for tasks to queue
[2024-12-24T07:36:13.173+0000] {logging_mixin.py:190} INFO - [2024-12-24T07:36:13.172+0000] {dagbag.py:588} INFO - Filling up the DagBag from /home/airflow/.local/lib/python3.12/site-packages/airflow/example_dags/example_inlet_event_extra.py
[2024-12-24T07:36:13.382+0000] {processor.py:925} INFO - DAG(s) 'read_dataset_event', 'read_dataset_event_from_classic' retrieved from /home/airflow/.local/lib/python3.12/site-packages/airflow/example_dags/example_inlet_event_extra.py
[2024-12-24T07:36:13.423+0000] {logging_mixin.py:190} INFO - [2024-12-24T07:36:13.423+0000] {dag.py:3239} INFO - Sync 2 DAGs
[2024-12-24T07:36:13.472+0000] {logging_mixin.py:190} INFO - [2024-12-24T07:36:13.471+0000] {dag.py:4180} INFO - Setting next_dagrun for read_dataset_event to 2024-12-23 00:00:00+00:00, run_after=2024-12-24 00:00:00+00:00
[2024-12-24T07:36:13.484+0000] {logging_mixin.py:190} INFO - [2024-12-24T07:36:13.483+0000] {dag.py:4180} INFO - Setting next_dagrun for read_dataset_event_from_classic to 2024-12-23 00:00:00+00:00, run_after=2024-12-24 00:00:00+00:00
[2024-12-24T07:36:13.519+0000] {processor.py:208} INFO - Processing /home/airflow/.local/lib/python3.12/site-packages/airflow/example_dags/example_inlet_event_extra.py took 0.362 seconds
[2024-12-24T07:36:44.102+0000] {processor.py:186} INFO - Started process (PID=1053) to work on /home/airflow/.local/lib/python3.12/site-packages/airflow/example_dags/example_inlet_event_extra.py
[2024-12-24T07:36:44.104+0000] {processor.py:914} INFO - Processing file /home/airflow/.local/lib/python3.12/site-packages/airflow/example_dags/example_inlet_event_extra.py for tasks to queue
[2024-12-24T07:36:44.108+0000] {logging_mixin.py:190} INFO - [2024-12-24T07:36:44.107+0000] {dagbag.py:588} INFO - Filling up the DagBag from /home/airflow/.local/lib/python3.12/site-packages/airflow/example_dags/example_inlet_event_extra.py
[2024-12-24T07:36:44.269+0000] {processor.py:925} INFO - DAG(s) 'read_dataset_event', 'read_dataset_event_from_classic' retrieved from /home/airflow/.local/lib/python3.12/site-packages/airflow/example_dags/example_inlet_event_extra.py
[2024-12-24T07:36:44.301+0000] {logging_mixin.py:190} INFO - [2024-12-24T07:36:44.301+0000] {dag.py:3239} INFO - Sync 2 DAGs
[2024-12-24T07:36:44.337+0000] {logging_mixin.py:190} INFO - [2024-12-24T07:36:44.337+0000] {dag.py:4180} INFO - Setting next_dagrun for read_dataset_event to 2024-12-23 00:00:00+00:00, run_after=2024-12-24 00:00:00+00:00
[2024-12-24T07:36:44.346+0000] {logging_mixin.py:190} INFO - [2024-12-24T07:36:44.345+0000] {dag.py:4180} INFO - Setting next_dagrun for read_dataset_event_from_classic to 2024-12-23 00:00:00+00:00, run_after=2024-12-24 00:00:00+00:00
[2024-12-24T07:36:44.377+0000] {processor.py:208} INFO - Processing /home/airflow/.local/lib/python3.12/site-packages/airflow/example_dags/example_inlet_event_extra.py took 0.284 seconds
[2024-12-24T07:37:15.076+0000] {processor.py:186} INFO - Started process (PID=1119) to work on /home/airflow/.local/lib/python3.12/site-packages/airflow/example_dags/example_inlet_event_extra.py
[2024-12-24T07:37:15.078+0000] {processor.py:914} INFO - Processing file /home/airflow/.local/lib/python3.12/site-packages/airflow/example_dags/example_inlet_event_extra.py for tasks to queue
[2024-12-24T07:37:15.083+0000] {logging_mixin.py:190} INFO - [2024-12-24T07:37:15.082+0000] {dagbag.py:588} INFO - Filling up the DagBag from /home/airflow/.local/lib/python3.12/site-packages/airflow/example_dags/example_inlet_event_extra.py
[2024-12-24T07:37:15.262+0000] {processor.py:925} INFO - DAG(s) 'read_dataset_event_from_classic', 'read_dataset_event' retrieved from /home/airflow/.local/lib/python3.12/site-packages/airflow/example_dags/example_inlet_event_extra.py
[2024-12-24T07:37:15.295+0000] {logging_mixin.py:190} INFO - [2024-12-24T07:37:15.295+0000] {dag.py:3239} INFO - Sync 2 DAGs
[2024-12-24T07:37:15.340+0000] {logging_mixin.py:190} INFO - [2024-12-24T07:37:15.339+0000] {dag.py:4180} INFO - Setting next_dagrun for read_dataset_event to 2024-12-23 00:00:00+00:00, run_after=2024-12-24 00:00:00+00:00
[2024-12-24T07:37:15.348+0000] {logging_mixin.py:190} INFO - [2024-12-24T07:37:15.348+0000] {dag.py:4180} INFO - Setting next_dagrun for read_dataset_event_from_classic to 2024-12-23 00:00:00+00:00, run_after=2024-12-24 00:00:00+00:00
[2024-12-24T07:37:15.377+0000] {processor.py:208} INFO - Processing /home/airflow/.local/lib/python3.12/site-packages/airflow/example_dags/example_inlet_event_extra.py took 0.310 seconds
[2024-12-24T07:37:45.498+0000] {processor.py:186} INFO - Started process (PID=1186) to work on /home/airflow/.local/lib/python3.12/site-packages/airflow/example_dags/example_inlet_event_extra.py
[2024-12-24T07:37:45.500+0000] {processor.py:914} INFO - Processing file /home/airflow/.local/lib/python3.12/site-packages/airflow/example_dags/example_inlet_event_extra.py for tasks to queue
[2024-12-24T07:37:45.506+0000] {logging_mixin.py:190} INFO - [2024-12-24T07:37:45.506+0000] {dagbag.py:588} INFO - Filling up the DagBag from /home/airflow/.local/lib/python3.12/site-packages/airflow/example_dags/example_inlet_event_extra.py
[2024-12-24T07:37:45.767+0000] {processor.py:925} INFO - DAG(s) 'read_dataset_event', 'read_dataset_event_from_classic' retrieved from /home/airflow/.local/lib/python3.12/site-packages/airflow/example_dags/example_inlet_event_extra.py
[2024-12-24T07:37:45.820+0000] {logging_mixin.py:190} INFO - [2024-12-24T07:37:45.819+0000] {dag.py:3239} INFO - Sync 2 DAGs
[2024-12-24T07:37:45.869+0000] {logging_mixin.py:190} INFO - [2024-12-24T07:37:45.869+0000] {dag.py:4180} INFO - Setting next_dagrun for read_dataset_event to 2024-12-23 00:00:00+00:00, run_after=2024-12-24 00:00:00+00:00
[2024-12-24T07:37:45.879+0000] {logging_mixin.py:190} INFO - [2024-12-24T07:37:45.879+0000] {dag.py:4180} INFO - Setting next_dagrun for read_dataset_event_from_classic to 2024-12-23 00:00:00+00:00, run_after=2024-12-24 00:00:00+00:00
[2024-12-24T07:37:45.911+0000] {processor.py:208} INFO - Processing /home/airflow/.local/lib/python3.12/site-packages/airflow/example_dags/example_inlet_event_extra.py took 0.425 seconds
[2024-12-24T07:38:16.228+0000] {processor.py:186} INFO - Started process (PID=1251) to work on /home/airflow/.local/lib/python3.12/site-packages/airflow/example_dags/example_inlet_event_extra.py
[2024-12-24T07:38:16.230+0000] {processor.py:914} INFO - Processing file /home/airflow/.local/lib/python3.12/site-packages/airflow/example_dags/example_inlet_event_extra.py for tasks to queue
[2024-12-24T07:38:16.238+0000] {logging_mixin.py:190} INFO - [2024-12-24T07:38:16.237+0000] {dagbag.py:588} INFO - Filling up the DagBag from /home/airflow/.local/lib/python3.12/site-packages/airflow/example_dags/example_inlet_event_extra.py
[2024-12-24T07:38:16.602+0000] {processor.py:925} INFO - DAG(s) 'read_dataset_event', 'read_dataset_event_from_classic' retrieved from /home/airflow/.local/lib/python3.12/site-packages/airflow/example_dags/example_inlet_event_extra.py
[2024-12-24T07:38:16.654+0000] {logging_mixin.py:190} INFO - [2024-12-24T07:38:16.654+0000] {dag.py:3239} INFO - Sync 2 DAGs
[2024-12-24T07:38:16.698+0000] {logging_mixin.py:190} INFO - [2024-12-24T07:38:16.698+0000] {dag.py:4180} INFO - Setting next_dagrun for read_dataset_event to 2024-12-23 00:00:00+00:00, run_after=2024-12-24 00:00:00+00:00
[2024-12-24T07:38:16.707+0000] {logging_mixin.py:190} INFO - [2024-12-24T07:38:16.706+0000] {dag.py:4180} INFO - Setting next_dagrun for read_dataset_event_from_classic to 2024-12-23 00:00:00+00:00, run_after=2024-12-24 00:00:00+00:00
[2024-12-24T07:38:16.740+0000] {processor.py:208} INFO - Processing /home/airflow/.local/lib/python3.12/site-packages/airflow/example_dags/example_inlet_event_extra.py took 0.531 seconds
[2024-12-24T07:38:46.914+0000] {processor.py:186} INFO - Started process (PID=1316) to work on /home/airflow/.local/lib/python3.12/site-packages/airflow/example_dags/example_inlet_event_extra.py
[2024-12-24T07:38:46.917+0000] {processor.py:914} INFO - Processing file /home/airflow/.local/lib/python3.12/site-packages/airflow/example_dags/example_inlet_event_extra.py for tasks to queue
[2024-12-24T07:38:46.924+0000] {logging_mixin.py:190} INFO - [2024-12-24T07:38:46.923+0000] {dagbag.py:588} INFO - Filling up the DagBag from /home/airflow/.local/lib/python3.12/site-packages/airflow/example_dags/example_inlet_event_extra.py
[2024-12-24T07:38:47.159+0000] {processor.py:925} INFO - DAG(s) 'read_dataset_event_from_classic', 'read_dataset_event' retrieved from /home/airflow/.local/lib/python3.12/site-packages/airflow/example_dags/example_inlet_event_extra.py
[2024-12-24T07:38:47.208+0000] {logging_mixin.py:190} INFO - [2024-12-24T07:38:47.208+0000] {dag.py:3239} INFO - Sync 2 DAGs
[2024-12-24T07:38:47.254+0000] {logging_mixin.py:190} INFO - [2024-12-24T07:38:47.253+0000] {dag.py:4180} INFO - Setting next_dagrun for read_dataset_event to 2024-12-23 00:00:00+00:00, run_after=2024-12-24 00:00:00+00:00
[2024-12-24T07:38:47.265+0000] {logging_mixin.py:190} INFO - [2024-12-24T07:38:47.264+0000] {dag.py:4180} INFO - Setting next_dagrun for read_dataset_event_from_classic to 2024-12-23 00:00:00+00:00, run_after=2024-12-24 00:00:00+00:00
[2024-12-24T07:38:47.291+0000] {processor.py:208} INFO - Processing /home/airflow/.local/lib/python3.12/site-packages/airflow/example_dags/example_inlet_event_extra.py took 0.396 seconds
[2024-12-24T07:39:17.430+0000] {processor.py:186} INFO - Started process (PID=1382) to work on /home/airflow/.local/lib/python3.12/site-packages/airflow/example_dags/example_inlet_event_extra.py
[2024-12-24T07:39:17.432+0000] {processor.py:914} INFO - Processing file /home/airflow/.local/lib/python3.12/site-packages/airflow/example_dags/example_inlet_event_extra.py for tasks to queue
[2024-12-24T07:39:17.437+0000] {logging_mixin.py:190} INFO - [2024-12-24T07:39:17.436+0000] {dagbag.py:588} INFO - Filling up the DagBag from /home/airflow/.local/lib/python3.12/site-packages/airflow/example_dags/example_inlet_event_extra.py
[2024-12-24T07:39:17.696+0000] {processor.py:925} INFO - DAG(s) 'read_dataset_event_from_classic', 'read_dataset_event' retrieved from /home/airflow/.local/lib/python3.12/site-packages/airflow/example_dags/example_inlet_event_extra.py
[2024-12-24T07:39:17.753+0000] {logging_mixin.py:190} INFO - [2024-12-24T07:39:17.752+0000] {dag.py:3239} INFO - Sync 2 DAGs
[2024-12-24T07:39:17.843+0000] {logging_mixin.py:190} INFO - [2024-12-24T07:39:17.842+0000] {dag.py:4180} INFO - Setting next_dagrun for read_dataset_event to 2024-12-23 00:00:00+00:00, run_after=2024-12-24 00:00:00+00:00
[2024-12-24T07:39:17.864+0000] {logging_mixin.py:190} INFO - [2024-12-24T07:39:17.863+0000] {dag.py:4180} INFO - Setting next_dagrun for read_dataset_event_from_classic to 2024-12-23 00:00:00+00:00, run_after=2024-12-24 00:00:00+00:00
[2024-12-24T07:39:17.940+0000] {processor.py:208} INFO - Processing /home/airflow/.local/lib/python3.12/site-packages/airflow/example_dags/example_inlet_event_extra.py took 0.520 seconds
[2024-12-24T07:39:48.134+0000] {processor.py:186} INFO - Started process (PID=1449) to work on /home/airflow/.local/lib/python3.12/site-packages/airflow/example_dags/example_inlet_event_extra.py
[2024-12-24T07:39:48.136+0000] {processor.py:914} INFO - Processing file /home/airflow/.local/lib/python3.12/site-packages/airflow/example_dags/example_inlet_event_extra.py for tasks to queue
[2024-12-24T07:39:48.140+0000] {logging_mixin.py:190} INFO - [2024-12-24T07:39:48.140+0000] {dagbag.py:588} INFO - Filling up the DagBag from /home/airflow/.local/lib/python3.12/site-packages/airflow/example_dags/example_inlet_event_extra.py
[2024-12-24T07:39:48.298+0000] {processor.py:925} INFO - DAG(s) 'read_dataset_event', 'read_dataset_event_from_classic' retrieved from /home/airflow/.local/lib/python3.12/site-packages/airflow/example_dags/example_inlet_event_extra.py
[2024-12-24T07:39:48.347+0000] {logging_mixin.py:190} INFO - [2024-12-24T07:39:48.347+0000] {dag.py:3239} INFO - Sync 2 DAGs
[2024-12-24T07:39:48.388+0000] {logging_mixin.py:190} INFO - [2024-12-24T07:39:48.387+0000] {dag.py:4180} INFO - Setting next_dagrun for read_dataset_event to 2024-12-23 00:00:00+00:00, run_after=2024-12-24 00:00:00+00:00
[2024-12-24T07:39:48.394+0000] {logging_mixin.py:190} INFO - [2024-12-24T07:39:48.394+0000] {dag.py:4180} INFO - Setting next_dagrun for read_dataset_event_from_classic to 2024-12-23 00:00:00+00:00, run_after=2024-12-24 00:00:00+00:00
[2024-12-24T07:39:48.417+0000] {processor.py:208} INFO - Processing /home/airflow/.local/lib/python3.12/site-packages/airflow/example_dags/example_inlet_event_extra.py took 0.292 seconds
[2024-12-24T07:40:18.596+0000] {processor.py:186} INFO - Started process (PID=1514) to work on /home/airflow/.local/lib/python3.12/site-packages/airflow/example_dags/example_inlet_event_extra.py
[2024-12-24T07:40:18.597+0000] {processor.py:914} INFO - Processing file /home/airflow/.local/lib/python3.12/site-packages/airflow/example_dags/example_inlet_event_extra.py for tasks to queue
[2024-12-24T07:40:18.599+0000] {logging_mixin.py:190} INFO - [2024-12-24T07:40:18.598+0000] {dagbag.py:588} INFO - Filling up the DagBag from /home/airflow/.local/lib/python3.12/site-packages/airflow/example_dags/example_inlet_event_extra.py
[2024-12-24T07:40:18.910+0000] {processor.py:925} INFO - DAG(s) 'read_dataset_event', 'read_dataset_event_from_classic' retrieved from /home/airflow/.local/lib/python3.12/site-packages/airflow/example_dags/example_inlet_event_extra.py
[2024-12-24T07:40:18.947+0000] {logging_mixin.py:190} INFO - [2024-12-24T07:40:18.947+0000] {dag.py:3239} INFO - Sync 2 DAGs
[2024-12-24T07:40:18.989+0000] {logging_mixin.py:190} INFO - [2024-12-24T07:40:18.989+0000] {dag.py:4180} INFO - Setting next_dagrun for read_dataset_event to 2024-12-23 00:00:00+00:00, run_after=2024-12-24 00:00:00+00:00
[2024-12-24T07:40:18.998+0000] {logging_mixin.py:190} INFO - [2024-12-24T07:40:18.998+0000] {dag.py:4180} INFO - Setting next_dagrun for read_dataset_event_from_classic to 2024-12-23 00:00:00+00:00, run_after=2024-12-24 00:00:00+00:00
[2024-12-24T07:40:19.031+0000] {processor.py:208} INFO - Processing /home/airflow/.local/lib/python3.12/site-packages/airflow/example_dags/example_inlet_event_extra.py took 0.444 seconds
[2024-12-24T07:40:49.534+0000] {processor.py:186} INFO - Started process (PID=1587) to work on /home/airflow/.local/lib/python3.12/site-packages/airflow/example_dags/example_inlet_event_extra.py
[2024-12-24T07:40:49.539+0000] {processor.py:914} INFO - Processing file /home/airflow/.local/lib/python3.12/site-packages/airflow/example_dags/example_inlet_event_extra.py for tasks to queue
[2024-12-24T07:40:49.542+0000] {logging_mixin.py:190} INFO - [2024-12-24T07:40:49.542+0000] {dagbag.py:588} INFO - Filling up the DagBag from /home/airflow/.local/lib/python3.12/site-packages/airflow/example_dags/example_inlet_event_extra.py
[2024-12-24T07:40:49.951+0000] {processor.py:925} INFO - DAG(s) 'read_dataset_event_from_classic', 'read_dataset_event' retrieved from /home/airflow/.local/lib/python3.12/site-packages/airflow/example_dags/example_inlet_event_extra.py
[2024-12-24T07:40:50.007+0000] {logging_mixin.py:190} INFO - [2024-12-24T07:40:50.006+0000] {dag.py:3239} INFO - Sync 2 DAGs
[2024-12-24T07:40:50.072+0000] {logging_mixin.py:190} INFO - [2024-12-24T07:40:50.072+0000] {dag.py:4180} INFO - Setting next_dagrun for read_dataset_event to 2024-12-23 00:00:00+00:00, run_after=2024-12-24 00:00:00+00:00
[2024-12-24T07:40:50.084+0000] {logging_mixin.py:190} INFO - [2024-12-24T07:40:50.083+0000] {dag.py:4180} INFO - Setting next_dagrun for read_dataset_event_from_classic to 2024-12-23 00:00:00+00:00, run_after=2024-12-24 00:00:00+00:00
[2024-12-24T07:40:50.124+0000] {processor.py:208} INFO - Processing /home/airflow/.local/lib/python3.12/site-packages/airflow/example_dags/example_inlet_event_extra.py took 0.610 seconds
[2024-12-24T07:41:20.254+0000] {processor.py:186} INFO - Started process (PID=1653) to work on /home/airflow/.local/lib/python3.12/site-packages/airflow/example_dags/example_inlet_event_extra.py
[2024-12-24T07:41:20.260+0000] {processor.py:914} INFO - Processing file /home/airflow/.local/lib/python3.12/site-packages/airflow/example_dags/example_inlet_event_extra.py for tasks to queue
[2024-12-24T07:41:20.264+0000] {logging_mixin.py:190} INFO - [2024-12-24T07:41:20.263+0000] {dagbag.py:588} INFO - Filling up the DagBag from /home/airflow/.local/lib/python3.12/site-packages/airflow/example_dags/example_inlet_event_extra.py
[2024-12-24T07:41:20.507+0000] {processor.py:925} INFO - DAG(s) 'read_dataset_event', 'read_dataset_event_from_classic' retrieved from /home/airflow/.local/lib/python3.12/site-packages/airflow/example_dags/example_inlet_event_extra.py
[2024-12-24T07:41:20.550+0000] {logging_mixin.py:190} INFO - [2024-12-24T07:41:20.549+0000] {dag.py:3239} INFO - Sync 2 DAGs
[2024-12-24T07:41:20.614+0000] {logging_mixin.py:190} INFO - [2024-12-24T07:41:20.613+0000] {dag.py:4180} INFO - Setting next_dagrun for read_dataset_event to 2024-12-23 00:00:00+00:00, run_after=2024-12-24 00:00:00+00:00
[2024-12-24T07:41:20.624+0000] {logging_mixin.py:190} INFO - [2024-12-24T07:41:20.623+0000] {dag.py:4180} INFO - Setting next_dagrun for read_dataset_event_from_classic to 2024-12-23 00:00:00+00:00, run_after=2024-12-24 00:00:00+00:00
[2024-12-24T07:41:20.660+0000] {processor.py:208} INFO - Processing /home/airflow/.local/lib/python3.12/site-packages/airflow/example_dags/example_inlet_event_extra.py took 0.419 seconds
[2024-12-24T07:41:50.743+0000] {processor.py:186} INFO - Started process (PID=1719) to work on /home/airflow/.local/lib/python3.12/site-packages/airflow/example_dags/example_inlet_event_extra.py
[2024-12-24T07:41:50.746+0000] {processor.py:914} INFO - Processing file /home/airflow/.local/lib/python3.12/site-packages/airflow/example_dags/example_inlet_event_extra.py for tasks to queue
[2024-12-24T07:41:50.749+0000] {logging_mixin.py:190} INFO - [2024-12-24T07:41:50.748+0000] {dagbag.py:588} INFO - Filling up the DagBag from /home/airflow/.local/lib/python3.12/site-packages/airflow/example_dags/example_inlet_event_extra.py
[2024-12-24T07:41:50.926+0000] {processor.py:925} INFO - DAG(s) 'read_dataset_event', 'read_dataset_event_from_classic' retrieved from /home/airflow/.local/lib/python3.12/site-packages/airflow/example_dags/example_inlet_event_extra.py
[2024-12-24T07:41:50.967+0000] {logging_mixin.py:190} INFO - [2024-12-24T07:41:50.967+0000] {dag.py:3239} INFO - Sync 2 DAGs
[2024-12-24T07:41:51.015+0000] {logging_mixin.py:190} INFO - [2024-12-24T07:41:51.015+0000] {dag.py:4180} INFO - Setting next_dagrun for read_dataset_event to 2024-12-23 00:00:00+00:00, run_after=2024-12-24 00:00:00+00:00
[2024-12-24T07:41:51.026+0000] {logging_mixin.py:190} INFO - [2024-12-24T07:41:51.026+0000] {dag.py:4180} INFO - Setting next_dagrun for read_dataset_event_from_classic to 2024-12-23 00:00:00+00:00, run_after=2024-12-24 00:00:00+00:00
[2024-12-24T07:41:51.065+0000] {processor.py:208} INFO - Processing /home/airflow/.local/lib/python3.12/site-packages/airflow/example_dags/example_inlet_event_extra.py took 0.335 seconds
