[2024-12-24T07:28:57.491+0000] {processor.py:186} INFO - Started process (PID=56) to work on /home/airflow/.local/lib/python3.12/site-packages/airflow/example_dags/example_python_operator.py
[2024-12-24T07:28:57.494+0000] {processor.py:914} INFO - Processing file /home/airflow/.local/lib/python3.12/site-packages/airflow/example_dags/example_python_operator.py for tasks to queue
[2024-12-24T07:28:57.498+0000] {logging_mixin.py:190} INFO - [2024-12-24T07:28:57.498+0000] {dagbag.py:588} INFO - Filling up the DagBag from /home/airflow/.local/lib/python3.12/site-packages/airflow/example_dags/example_python_operator.py
[2024-12-24T07:28:57.524+0000] {processor.py:925} INFO - DAG(s) 'example_python_operator' retrieved from /home/airflow/.local/lib/python3.12/site-packages/airflow/example_dags/example_python_operator.py
[2024-12-24T07:28:57.718+0000] {logging_mixin.py:190} INFO - [2024-12-24T07:28:57.716+0000] {override.py:1911} INFO - Created Permission View: can read on DAG:example_python_operator
[2024-12-24T07:28:57.736+0000] {logging_mixin.py:190} INFO - [2024-12-24T07:28:57.736+0000] {override.py:1911} INFO - Created Permission View: can edit on DAG:example_python_operator
[2024-12-24T07:28:57.749+0000] {logging_mixin.py:190} INFO - [2024-12-24T07:28:57.748+0000] {override.py:1911} INFO - Created Permission View: can delete on DAG:example_python_operator
[2024-12-24T07:28:57.769+0000] {logging_mixin.py:190} INFO - [2024-12-24T07:28:57.768+0000] {override.py:1911} INFO - Created Permission View: can read on DAG Run:example_python_operator
[2024-12-24T07:28:57.785+0000] {logging_mixin.py:190} INFO - [2024-12-24T07:28:57.784+0000] {override.py:1911} INFO - Created Permission View: can create on DAG Run:example_python_operator
[2024-12-24T07:28:57.800+0000] {logging_mixin.py:190} INFO - [2024-12-24T07:28:57.800+0000] {override.py:1911} INFO - Created Permission View: can delete on DAG Run:example_python_operator
[2024-12-24T07:28:57.814+0000] {logging_mixin.py:190} INFO - [2024-12-24T07:28:57.814+0000] {override.py:1911} INFO - Created Permission View: menu access on DAG Run:example_python_operator
[2024-12-24T07:28:57.816+0000] {logging_mixin.py:190} INFO - [2024-12-24T07:28:57.815+0000] {dag.py:3239} INFO - Sync 1 DAGs
[2024-12-24T07:28:57.839+0000] {logging_mixin.py:190} INFO - [2024-12-24T07:28:57.839+0000] {dag.py:3262} INFO - Creating ORM DAG for example_python_operator
[2024-12-24T07:28:57.841+0000] {logging_mixin.py:190} INFO - [2024-12-24T07:28:57.841+0000] {dag.py:4180} INFO - Setting next_dagrun for example_python_operator to None, run_after=None
[2024-12-24T07:28:57.891+0000] {processor.py:208} INFO - Processing /home/airflow/.local/lib/python3.12/site-packages/airflow/example_dags/example_python_operator.py took 0.409 seconds
[2024-12-24T07:29:28.545+0000] {processor.py:186} INFO - Started process (PID=121) to work on /home/airflow/.local/lib/python3.12/site-packages/airflow/example_dags/example_python_operator.py
[2024-12-24T07:29:28.547+0000] {processor.py:914} INFO - Processing file /home/airflow/.local/lib/python3.12/site-packages/airflow/example_dags/example_python_operator.py for tasks to queue
[2024-12-24T07:29:28.567+0000] {logging_mixin.py:190} INFO - [2024-12-24T07:29:28.564+0000] {dagbag.py:588} INFO - Filling up the DagBag from /home/airflow/.local/lib/python3.12/site-packages/airflow/example_dags/example_python_operator.py
[2024-12-24T07:29:28.594+0000] {processor.py:925} INFO - DAG(s) 'example_python_operator' retrieved from /home/airflow/.local/lib/python3.12/site-packages/airflow/example_dags/example_python_operator.py
[2024-12-24T07:29:28.627+0000] {logging_mixin.py:190} INFO - [2024-12-24T07:29:28.626+0000] {dag.py:3239} INFO - Sync 1 DAGs
[2024-12-24T07:29:28.646+0000] {logging_mixin.py:190} INFO - [2024-12-24T07:29:28.645+0000] {dag.py:4180} INFO - Setting next_dagrun for example_python_operator to None, run_after=None
[2024-12-24T07:29:28.682+0000] {processor.py:208} INFO - Processing /home/airflow/.local/lib/python3.12/site-packages/airflow/example_dags/example_python_operator.py took 0.146 seconds
[2024-12-24T07:29:58.884+0000] {processor.py:186} INFO - Started process (PID=187) to work on /home/airflow/.local/lib/python3.12/site-packages/airflow/example_dags/example_python_operator.py
[2024-12-24T07:29:58.889+0000] {processor.py:914} INFO - Processing file /home/airflow/.local/lib/python3.12/site-packages/airflow/example_dags/example_python_operator.py for tasks to queue
[2024-12-24T07:29:58.896+0000] {logging_mixin.py:190} INFO - [2024-12-24T07:29:58.895+0000] {dagbag.py:588} INFO - Filling up the DagBag from /home/airflow/.local/lib/python3.12/site-packages/airflow/example_dags/example_python_operator.py
[2024-12-24T07:29:58.962+0000] {processor.py:925} INFO - DAG(s) 'example_python_operator' retrieved from /home/airflow/.local/lib/python3.12/site-packages/airflow/example_dags/example_python_operator.py
[2024-12-24T07:29:59.052+0000] {logging_mixin.py:190} INFO - [2024-12-24T07:29:59.050+0000] {dag.py:3239} INFO - Sync 1 DAGs
[2024-12-24T07:29:59.102+0000] {logging_mixin.py:190} INFO - [2024-12-24T07:29:59.102+0000] {dag.py:4180} INFO - Setting next_dagrun for example_python_operator to None, run_after=None
[2024-12-24T07:29:59.177+0000] {processor.py:208} INFO - Processing /home/airflow/.local/lib/python3.12/site-packages/airflow/example_dags/example_python_operator.py took 0.303 seconds
[2024-12-24T07:30:29.277+0000] {processor.py:186} INFO - Started process (PID=253) to work on /home/airflow/.local/lib/python3.12/site-packages/airflow/example_dags/example_python_operator.py
[2024-12-24T07:30:29.279+0000] {processor.py:914} INFO - Processing file /home/airflow/.local/lib/python3.12/site-packages/airflow/example_dags/example_python_operator.py for tasks to queue
[2024-12-24T07:30:29.283+0000] {logging_mixin.py:190} INFO - [2024-12-24T07:30:29.283+0000] {dagbag.py:588} INFO - Filling up the DagBag from /home/airflow/.local/lib/python3.12/site-packages/airflow/example_dags/example_python_operator.py
[2024-12-24T07:30:29.303+0000] {processor.py:925} INFO - DAG(s) 'example_python_operator' retrieved from /home/airflow/.local/lib/python3.12/site-packages/airflow/example_dags/example_python_operator.py
[2024-12-24T07:30:29.340+0000] {logging_mixin.py:190} INFO - [2024-12-24T07:30:29.340+0000] {dag.py:3239} INFO - Sync 1 DAGs
[2024-12-24T07:30:29.362+0000] {logging_mixin.py:190} INFO - [2024-12-24T07:30:29.362+0000] {dag.py:4180} INFO - Setting next_dagrun for example_python_operator to None, run_after=None
[2024-12-24T07:30:29.394+0000] {processor.py:208} INFO - Processing /home/airflow/.local/lib/python3.12/site-packages/airflow/example_dags/example_python_operator.py took 0.126 seconds
[2024-12-24T07:30:59.443+0000] {processor.py:186} INFO - Started process (PID=318) to work on /home/airflow/.local/lib/python3.12/site-packages/airflow/example_dags/example_python_operator.py
[2024-12-24T07:30:59.444+0000] {processor.py:914} INFO - Processing file /home/airflow/.local/lib/python3.12/site-packages/airflow/example_dags/example_python_operator.py for tasks to queue
[2024-12-24T07:30:59.450+0000] {logging_mixin.py:190} INFO - [2024-12-24T07:30:59.449+0000] {dagbag.py:588} INFO - Filling up the DagBag from /home/airflow/.local/lib/python3.12/site-packages/airflow/example_dags/example_python_operator.py
[2024-12-24T07:30:59.476+0000] {processor.py:925} INFO - DAG(s) 'example_python_operator' retrieved from /home/airflow/.local/lib/python3.12/site-packages/airflow/example_dags/example_python_operator.py
[2024-12-24T07:30:59.520+0000] {logging_mixin.py:190} INFO - [2024-12-24T07:30:59.520+0000] {dag.py:3239} INFO - Sync 1 DAGs
[2024-12-24T07:30:59.543+0000] {logging_mixin.py:190} INFO - [2024-12-24T07:30:59.542+0000] {dag.py:4180} INFO - Setting next_dagrun for example_python_operator to None, run_after=None
[2024-12-24T07:30:59.575+0000] {processor.py:208} INFO - Processing /home/airflow/.local/lib/python3.12/site-packages/airflow/example_dags/example_python_operator.py took 0.139 seconds
[2024-12-24T07:31:29.631+0000] {processor.py:186} INFO - Started process (PID=383) to work on /home/airflow/.local/lib/python3.12/site-packages/airflow/example_dags/example_python_operator.py
[2024-12-24T07:31:29.633+0000] {processor.py:914} INFO - Processing file /home/airflow/.local/lib/python3.12/site-packages/airflow/example_dags/example_python_operator.py for tasks to queue
[2024-12-24T07:31:29.636+0000] {logging_mixin.py:190} INFO - [2024-12-24T07:31:29.636+0000] {dagbag.py:588} INFO - Filling up the DagBag from /home/airflow/.local/lib/python3.12/site-packages/airflow/example_dags/example_python_operator.py
[2024-12-24T07:31:29.654+0000] {processor.py:925} INFO - DAG(s) 'example_python_operator' retrieved from /home/airflow/.local/lib/python3.12/site-packages/airflow/example_dags/example_python_operator.py
[2024-12-24T07:31:29.683+0000] {logging_mixin.py:190} INFO - [2024-12-24T07:31:29.683+0000] {dag.py:3239} INFO - Sync 1 DAGs
[2024-12-24T07:31:29.700+0000] {logging_mixin.py:190} INFO - [2024-12-24T07:31:29.699+0000] {dag.py:4180} INFO - Setting next_dagrun for example_python_operator to None, run_after=None
[2024-12-24T07:31:29.729+0000] {processor.py:208} INFO - Processing /home/airflow/.local/lib/python3.12/site-packages/airflow/example_dags/example_python_operator.py took 0.106 seconds
[2024-12-24T07:32:00.213+0000] {processor.py:186} INFO - Started process (PID=449) to work on /home/airflow/.local/lib/python3.12/site-packages/airflow/example_dags/example_python_operator.py
[2024-12-24T07:32:00.214+0000] {processor.py:914} INFO - Processing file /home/airflow/.local/lib/python3.12/site-packages/airflow/example_dags/example_python_operator.py for tasks to queue
[2024-12-24T07:32:00.220+0000] {logging_mixin.py:190} INFO - [2024-12-24T07:32:00.219+0000] {dagbag.py:588} INFO - Filling up the DagBag from /home/airflow/.local/lib/python3.12/site-packages/airflow/example_dags/example_python_operator.py
[2024-12-24T07:32:00.259+0000] {processor.py:925} INFO - DAG(s) 'example_python_operator' retrieved from /home/airflow/.local/lib/python3.12/site-packages/airflow/example_dags/example_python_operator.py
[2024-12-24T07:32:00.327+0000] {logging_mixin.py:190} INFO - [2024-12-24T07:32:00.325+0000] {dag.py:3239} INFO - Sync 1 DAGs
[2024-12-24T07:32:00.475+0000] {logging_mixin.py:190} INFO - [2024-12-24T07:32:00.475+0000] {dag.py:4180} INFO - Setting next_dagrun for example_python_operator to None, run_after=None
[2024-12-24T07:32:00.538+0000] {processor.py:208} INFO - Processing /home/airflow/.local/lib/python3.12/site-packages/airflow/example_dags/example_python_operator.py took 0.338 seconds
[2024-12-24T07:32:30.649+0000] {processor.py:186} INFO - Started process (PID=515) to work on /home/airflow/.local/lib/python3.12/site-packages/airflow/example_dags/example_python_operator.py
[2024-12-24T07:32:30.651+0000] {processor.py:914} INFO - Processing file /home/airflow/.local/lib/python3.12/site-packages/airflow/example_dags/example_python_operator.py for tasks to queue
[2024-12-24T07:32:30.657+0000] {logging_mixin.py:190} INFO - [2024-12-24T07:32:30.656+0000] {dagbag.py:588} INFO - Filling up the DagBag from /home/airflow/.local/lib/python3.12/site-packages/airflow/example_dags/example_python_operator.py
[2024-12-24T07:32:30.679+0000] {processor.py:925} INFO - DAG(s) 'example_python_operator' retrieved from /home/airflow/.local/lib/python3.12/site-packages/airflow/example_dags/example_python_operator.py
[2024-12-24T07:32:30.722+0000] {logging_mixin.py:190} INFO - [2024-12-24T07:32:30.721+0000] {dag.py:3239} INFO - Sync 1 DAGs
[2024-12-24T07:32:30.742+0000] {logging_mixin.py:190} INFO - [2024-12-24T07:32:30.742+0000] {dag.py:4180} INFO - Setting next_dagrun for example_python_operator to None, run_after=None
[2024-12-24T07:32:30.782+0000] {processor.py:208} INFO - Processing /home/airflow/.local/lib/python3.12/site-packages/airflow/example_dags/example_python_operator.py took 0.142 seconds
[2024-12-24T07:33:02.435+0000] {processor.py:186} INFO - Started process (PID=581) to work on /home/airflow/.local/lib/python3.12/site-packages/airflow/example_dags/example_python_operator.py
[2024-12-24T07:33:02.437+0000] {processor.py:914} INFO - Processing file /home/airflow/.local/lib/python3.12/site-packages/airflow/example_dags/example_python_operator.py for tasks to queue
[2024-12-24T07:33:02.444+0000] {logging_mixin.py:190} INFO - [2024-12-24T07:33:02.443+0000] {dagbag.py:588} INFO - Filling up the DagBag from /home/airflow/.local/lib/python3.12/site-packages/airflow/example_dags/example_python_operator.py
[2024-12-24T07:33:02.477+0000] {processor.py:925} INFO - DAG(s) 'example_python_operator' retrieved from /home/airflow/.local/lib/python3.12/site-packages/airflow/example_dags/example_python_operator.py
[2024-12-24T07:33:02.531+0000] {logging_mixin.py:190} INFO - [2024-12-24T07:33:02.530+0000] {dag.py:3239} INFO - Sync 1 DAGs
[2024-12-24T07:33:02.610+0000] {logging_mixin.py:190} INFO - [2024-12-24T07:33:02.609+0000] {dag.py:4180} INFO - Setting next_dagrun for example_python_operator to None, run_after=None
[2024-12-24T07:33:02.648+0000] {processor.py:208} INFO - Processing /home/airflow/.local/lib/python3.12/site-packages/airflow/example_dags/example_python_operator.py took 0.308 seconds
[2024-12-24T07:33:33.226+0000] {processor.py:186} INFO - Started process (PID=648) to work on /home/airflow/.local/lib/python3.12/site-packages/airflow/example_dags/example_python_operator.py
[2024-12-24T07:33:33.228+0000] {processor.py:914} INFO - Processing file /home/airflow/.local/lib/python3.12/site-packages/airflow/example_dags/example_python_operator.py for tasks to queue
[2024-12-24T07:33:33.233+0000] {logging_mixin.py:190} INFO - [2024-12-24T07:33:33.233+0000] {dagbag.py:588} INFO - Filling up the DagBag from /home/airflow/.local/lib/python3.12/site-packages/airflow/example_dags/example_python_operator.py
[2024-12-24T07:33:33.260+0000] {processor.py:925} INFO - DAG(s) 'example_python_operator' retrieved from /home/airflow/.local/lib/python3.12/site-packages/airflow/example_dags/example_python_operator.py
[2024-12-24T07:33:33.313+0000] {logging_mixin.py:190} INFO - [2024-12-24T07:33:33.311+0000] {dag.py:3239} INFO - Sync 1 DAGs
[2024-12-24T07:33:33.342+0000] {logging_mixin.py:190} INFO - [2024-12-24T07:33:33.342+0000] {dag.py:4180} INFO - Setting next_dagrun for example_python_operator to None, run_after=None
[2024-12-24T07:33:33.403+0000] {processor.py:208} INFO - Processing /home/airflow/.local/lib/python3.12/site-packages/airflow/example_dags/example_python_operator.py took 0.193 seconds
[2024-12-24T07:34:03.928+0000] {processor.py:186} INFO - Started process (PID=714) to work on /home/airflow/.local/lib/python3.12/site-packages/airflow/example_dags/example_python_operator.py
[2024-12-24T07:34:03.929+0000] {processor.py:914} INFO - Processing file /home/airflow/.local/lib/python3.12/site-packages/airflow/example_dags/example_python_operator.py for tasks to queue
[2024-12-24T07:34:03.934+0000] {logging_mixin.py:190} INFO - [2024-12-24T07:34:03.933+0000] {dagbag.py:588} INFO - Filling up the DagBag from /home/airflow/.local/lib/python3.12/site-packages/airflow/example_dags/example_python_operator.py
[2024-12-24T07:34:03.963+0000] {processor.py:925} INFO - DAG(s) 'example_python_operator' retrieved from /home/airflow/.local/lib/python3.12/site-packages/airflow/example_dags/example_python_operator.py
[2024-12-24T07:34:04.003+0000] {logging_mixin.py:190} INFO - [2024-12-24T07:34:04.001+0000] {dag.py:3239} INFO - Sync 1 DAGs
[2024-12-24T07:34:04.027+0000] {logging_mixin.py:190} INFO - [2024-12-24T07:34:04.026+0000] {dag.py:4180} INFO - Setting next_dagrun for example_python_operator to None, run_after=None
[2024-12-24T07:34:04.059+0000] {processor.py:208} INFO - Processing /home/airflow/.local/lib/python3.12/site-packages/airflow/example_dags/example_python_operator.py took 0.143 seconds
[2024-12-24T07:34:34.375+0000] {processor.py:186} INFO - Started process (PID=781) to work on /home/airflow/.local/lib/python3.12/site-packages/airflow/example_dags/example_python_operator.py
[2024-12-24T07:34:34.377+0000] {processor.py:914} INFO - Processing file /home/airflow/.local/lib/python3.12/site-packages/airflow/example_dags/example_python_operator.py for tasks to queue
[2024-12-24T07:34:34.382+0000] {logging_mixin.py:190} INFO - [2024-12-24T07:34:34.381+0000] {dagbag.py:588} INFO - Filling up the DagBag from /home/airflow/.local/lib/python3.12/site-packages/airflow/example_dags/example_python_operator.py
[2024-12-24T07:34:34.407+0000] {processor.py:925} INFO - DAG(s) 'example_python_operator' retrieved from /home/airflow/.local/lib/python3.12/site-packages/airflow/example_dags/example_python_operator.py
[2024-12-24T07:34:34.450+0000] {logging_mixin.py:190} INFO - [2024-12-24T07:34:34.449+0000] {dag.py:3239} INFO - Sync 1 DAGs
[2024-12-24T07:34:34.483+0000] {logging_mixin.py:190} INFO - [2024-12-24T07:34:34.482+0000] {dag.py:4180} INFO - Setting next_dagrun for example_python_operator to None, run_after=None
[2024-12-24T07:34:34.518+0000] {processor.py:208} INFO - Processing /home/airflow/.local/lib/python3.12/site-packages/airflow/example_dags/example_python_operator.py took 0.155 seconds
[2024-12-24T07:35:05.344+0000] {processor.py:186} INFO - Started process (PID=847) to work on /home/airflow/.local/lib/python3.12/site-packages/airflow/example_dags/example_python_operator.py
[2024-12-24T07:35:05.346+0000] {processor.py:914} INFO - Processing file /home/airflow/.local/lib/python3.12/site-packages/airflow/example_dags/example_python_operator.py for tasks to queue
[2024-12-24T07:35:05.349+0000] {logging_mixin.py:190} INFO - [2024-12-24T07:35:05.349+0000] {dagbag.py:588} INFO - Filling up the DagBag from /home/airflow/.local/lib/python3.12/site-packages/airflow/example_dags/example_python_operator.py
[2024-12-24T07:35:05.370+0000] {processor.py:925} INFO - DAG(s) 'example_python_operator' retrieved from /home/airflow/.local/lib/python3.12/site-packages/airflow/example_dags/example_python_operator.py
[2024-12-24T07:35:05.403+0000] {logging_mixin.py:190} INFO - [2024-12-24T07:35:05.401+0000] {dag.py:3239} INFO - Sync 1 DAGs
[2024-12-24T07:35:05.431+0000] {logging_mixin.py:190} INFO - [2024-12-24T07:35:05.431+0000] {dag.py:4180} INFO - Setting next_dagrun for example_python_operator to None, run_after=None
[2024-12-24T07:35:05.476+0000] {processor.py:208} INFO - Processing /home/airflow/.local/lib/python3.12/site-packages/airflow/example_dags/example_python_operator.py took 0.139 seconds
[2024-12-24T07:35:36.203+0000] {processor.py:186} INFO - Started process (PID=913) to work on /home/airflow/.local/lib/python3.12/site-packages/airflow/example_dags/example_python_operator.py
[2024-12-24T07:35:36.205+0000] {processor.py:914} INFO - Processing file /home/airflow/.local/lib/python3.12/site-packages/airflow/example_dags/example_python_operator.py for tasks to queue
[2024-12-24T07:35:36.211+0000] {logging_mixin.py:190} INFO - [2024-12-24T07:35:36.211+0000] {dagbag.py:588} INFO - Filling up the DagBag from /home/airflow/.local/lib/python3.12/site-packages/airflow/example_dags/example_python_operator.py
[2024-12-24T07:35:36.234+0000] {processor.py:925} INFO - DAG(s) 'example_python_operator' retrieved from /home/airflow/.local/lib/python3.12/site-packages/airflow/example_dags/example_python_operator.py
[2024-12-24T07:35:36.275+0000] {logging_mixin.py:190} INFO - [2024-12-24T07:35:36.274+0000] {dag.py:3239} INFO - Sync 1 DAGs
[2024-12-24T07:35:36.295+0000] {logging_mixin.py:190} INFO - [2024-12-24T07:35:36.294+0000] {dag.py:4180} INFO - Setting next_dagrun for example_python_operator to None, run_after=None
[2024-12-24T07:35:36.337+0000] {processor.py:208} INFO - Processing /home/airflow/.local/lib/python3.12/site-packages/airflow/example_dags/example_python_operator.py took 0.142 seconds
[2024-12-24T07:36:07.122+0000] {processor.py:186} INFO - Started process (PID=979) to work on /home/airflow/.local/lib/python3.12/site-packages/airflow/example_dags/example_python_operator.py
[2024-12-24T07:36:07.125+0000] {processor.py:914} INFO - Processing file /home/airflow/.local/lib/python3.12/site-packages/airflow/example_dags/example_python_operator.py for tasks to queue
[2024-12-24T07:36:07.131+0000] {logging_mixin.py:190} INFO - [2024-12-24T07:36:07.130+0000] {dagbag.py:588} INFO - Filling up the DagBag from /home/airflow/.local/lib/python3.12/site-packages/airflow/example_dags/example_python_operator.py
[2024-12-24T07:36:07.166+0000] {processor.py:925} INFO - DAG(s) 'example_python_operator' retrieved from /home/airflow/.local/lib/python3.12/site-packages/airflow/example_dags/example_python_operator.py
[2024-12-24T07:36:07.218+0000] {logging_mixin.py:190} INFO - [2024-12-24T07:36:07.216+0000] {dag.py:3239} INFO - Sync 1 DAGs
[2024-12-24T07:36:07.245+0000] {logging_mixin.py:190} INFO - [2024-12-24T07:36:07.245+0000] {dag.py:4180} INFO - Setting next_dagrun for example_python_operator to None, run_after=None
[2024-12-24T07:36:07.286+0000] {processor.py:208} INFO - Processing /home/airflow/.local/lib/python3.12/site-packages/airflow/example_dags/example_python_operator.py took 0.174 seconds
[2024-12-24T07:36:38.209+0000] {processor.py:186} INFO - Started process (PID=1045) to work on /home/airflow/.local/lib/python3.12/site-packages/airflow/example_dags/example_python_operator.py
[2024-12-24T07:36:38.212+0000] {processor.py:914} INFO - Processing file /home/airflow/.local/lib/python3.12/site-packages/airflow/example_dags/example_python_operator.py for tasks to queue
[2024-12-24T07:36:38.218+0000] {logging_mixin.py:190} INFO - [2024-12-24T07:36:38.217+0000] {dagbag.py:588} INFO - Filling up the DagBag from /home/airflow/.local/lib/python3.12/site-packages/airflow/example_dags/example_python_operator.py
[2024-12-24T07:36:38.244+0000] {processor.py:925} INFO - DAG(s) 'example_python_operator' retrieved from /home/airflow/.local/lib/python3.12/site-packages/airflow/example_dags/example_python_operator.py
[2024-12-24T07:36:38.289+0000] {logging_mixin.py:190} INFO - [2024-12-24T07:36:38.288+0000] {dag.py:3239} INFO - Sync 1 DAGs
[2024-12-24T07:36:38.323+0000] {logging_mixin.py:190} INFO - [2024-12-24T07:36:38.323+0000] {dag.py:4180} INFO - Setting next_dagrun for example_python_operator to None, run_after=None
[2024-12-24T07:36:38.382+0000] {processor.py:208} INFO - Processing /home/airflow/.local/lib/python3.12/site-packages/airflow/example_dags/example_python_operator.py took 0.184 seconds
[2024-12-24T07:37:08.555+0000] {processor.py:186} INFO - Started process (PID=1111) to work on /home/airflow/.local/lib/python3.12/site-packages/airflow/example_dags/example_python_operator.py
[2024-12-24T07:37:08.557+0000] {processor.py:914} INFO - Processing file /home/airflow/.local/lib/python3.12/site-packages/airflow/example_dags/example_python_operator.py for tasks to queue
[2024-12-24T07:37:08.563+0000] {logging_mixin.py:190} INFO - [2024-12-24T07:37:08.562+0000] {dagbag.py:588} INFO - Filling up the DagBag from /home/airflow/.local/lib/python3.12/site-packages/airflow/example_dags/example_python_operator.py
[2024-12-24T07:37:08.581+0000] {processor.py:925} INFO - DAG(s) 'example_python_operator' retrieved from /home/airflow/.local/lib/python3.12/site-packages/airflow/example_dags/example_python_operator.py
[2024-12-24T07:37:08.620+0000] {logging_mixin.py:190} INFO - [2024-12-24T07:37:08.619+0000] {dag.py:3239} INFO - Sync 1 DAGs
[2024-12-24T07:37:08.644+0000] {logging_mixin.py:190} INFO - [2024-12-24T07:37:08.644+0000] {dag.py:4180} INFO - Setting next_dagrun for example_python_operator to None, run_after=None
[2024-12-24T07:37:08.679+0000] {processor.py:208} INFO - Processing /home/airflow/.local/lib/python3.12/site-packages/airflow/example_dags/example_python_operator.py took 0.134 seconds
[2024-12-24T07:37:39.192+0000] {processor.py:186} INFO - Started process (PID=1177) to work on /home/airflow/.local/lib/python3.12/site-packages/airflow/example_dags/example_python_operator.py
[2024-12-24T07:37:39.193+0000] {processor.py:914} INFO - Processing file /home/airflow/.local/lib/python3.12/site-packages/airflow/example_dags/example_python_operator.py for tasks to queue
[2024-12-24T07:37:39.199+0000] {logging_mixin.py:190} INFO - [2024-12-24T07:37:39.198+0000] {dagbag.py:588} INFO - Filling up the DagBag from /home/airflow/.local/lib/python3.12/site-packages/airflow/example_dags/example_python_operator.py
[2024-12-24T07:37:39.224+0000] {processor.py:925} INFO - DAG(s) 'example_python_operator' retrieved from /home/airflow/.local/lib/python3.12/site-packages/airflow/example_dags/example_python_operator.py
[2024-12-24T07:37:39.279+0000] {logging_mixin.py:190} INFO - [2024-12-24T07:37:39.278+0000] {dag.py:3239} INFO - Sync 1 DAGs
[2024-12-24T07:37:39.309+0000] {logging_mixin.py:190} INFO - [2024-12-24T07:37:39.309+0000] {dag.py:4180} INFO - Setting next_dagrun for example_python_operator to None, run_after=None
[2024-12-24T07:37:39.344+0000] {processor.py:208} INFO - Processing /home/airflow/.local/lib/python3.12/site-packages/airflow/example_dags/example_python_operator.py took 0.161 seconds
[2024-12-24T07:38:09.992+0000] {processor.py:186} INFO - Started process (PID=1243) to work on /home/airflow/.local/lib/python3.12/site-packages/airflow/example_dags/example_python_operator.py
[2024-12-24T07:38:09.994+0000] {processor.py:914} INFO - Processing file /home/airflow/.local/lib/python3.12/site-packages/airflow/example_dags/example_python_operator.py for tasks to queue
[2024-12-24T07:38:09.999+0000] {logging_mixin.py:190} INFO - [2024-12-24T07:38:09.998+0000] {dagbag.py:588} INFO - Filling up the DagBag from /home/airflow/.local/lib/python3.12/site-packages/airflow/example_dags/example_python_operator.py
[2024-12-24T07:38:10.025+0000] {processor.py:925} INFO - DAG(s) 'example_python_operator' retrieved from /home/airflow/.local/lib/python3.12/site-packages/airflow/example_dags/example_python_operator.py
[2024-12-24T07:38:10.073+0000] {logging_mixin.py:190} INFO - [2024-12-24T07:38:10.071+0000] {dag.py:3239} INFO - Sync 1 DAGs
[2024-12-24T07:38:10.095+0000] {logging_mixin.py:190} INFO - [2024-12-24T07:38:10.095+0000] {dag.py:4180} INFO - Setting next_dagrun for example_python_operator to None, run_after=None
[2024-12-24T07:38:10.134+0000] {processor.py:208} INFO - Processing /home/airflow/.local/lib/python3.12/site-packages/airflow/example_dags/example_python_operator.py took 0.151 seconds
[2024-12-24T07:38:40.891+0000] {processor.py:186} INFO - Started process (PID=1308) to work on /home/airflow/.local/lib/python3.12/site-packages/airflow/example_dags/example_python_operator.py
[2024-12-24T07:38:40.893+0000] {processor.py:914} INFO - Processing file /home/airflow/.local/lib/python3.12/site-packages/airflow/example_dags/example_python_operator.py for tasks to queue
[2024-12-24T07:38:40.897+0000] {logging_mixin.py:190} INFO - [2024-12-24T07:38:40.897+0000] {dagbag.py:588} INFO - Filling up the DagBag from /home/airflow/.local/lib/python3.12/site-packages/airflow/example_dags/example_python_operator.py
[2024-12-24T07:38:40.922+0000] {processor.py:925} INFO - DAG(s) 'example_python_operator' retrieved from /home/airflow/.local/lib/python3.12/site-packages/airflow/example_dags/example_python_operator.py
[2024-12-24T07:38:40.965+0000] {logging_mixin.py:190} INFO - [2024-12-24T07:38:40.964+0000] {dag.py:3239} INFO - Sync 1 DAGs
[2024-12-24T07:38:40.989+0000] {logging_mixin.py:190} INFO - [2024-12-24T07:38:40.989+0000] {dag.py:4180} INFO - Setting next_dagrun for example_python_operator to None, run_after=None
[2024-12-24T07:38:41.025+0000] {processor.py:208} INFO - Processing /home/airflow/.local/lib/python3.12/site-packages/airflow/example_dags/example_python_operator.py took 0.142 seconds
[2024-12-24T07:39:11.484+0000] {processor.py:186} INFO - Started process (PID=1374) to work on /home/airflow/.local/lib/python3.12/site-packages/airflow/example_dags/example_python_operator.py
[2024-12-24T07:39:11.489+0000] {processor.py:914} INFO - Processing file /home/airflow/.local/lib/python3.12/site-packages/airflow/example_dags/example_python_operator.py for tasks to queue
[2024-12-24T07:39:11.496+0000] {logging_mixin.py:190} INFO - [2024-12-24T07:39:11.496+0000] {dagbag.py:588} INFO - Filling up the DagBag from /home/airflow/.local/lib/python3.12/site-packages/airflow/example_dags/example_python_operator.py
[2024-12-24T07:39:11.546+0000] {processor.py:925} INFO - DAG(s) 'example_python_operator' retrieved from /home/airflow/.local/lib/python3.12/site-packages/airflow/example_dags/example_python_operator.py
[2024-12-24T07:39:11.626+0000] {logging_mixin.py:190} INFO - [2024-12-24T07:39:11.625+0000] {dag.py:3239} INFO - Sync 1 DAGs
[2024-12-24T07:39:11.653+0000] {logging_mixin.py:190} INFO - [2024-12-24T07:39:11.652+0000] {dag.py:4180} INFO - Setting next_dagrun for example_python_operator to None, run_after=None
[2024-12-24T07:39:11.698+0000] {processor.py:208} INFO - Processing /home/airflow/.local/lib/python3.12/site-packages/airflow/example_dags/example_python_operator.py took 0.227 seconds
[2024-12-24T07:39:41.867+0000] {processor.py:186} INFO - Started process (PID=1440) to work on /home/airflow/.local/lib/python3.12/site-packages/airflow/example_dags/example_python_operator.py
[2024-12-24T07:39:41.869+0000] {processor.py:914} INFO - Processing file /home/airflow/.local/lib/python3.12/site-packages/airflow/example_dags/example_python_operator.py for tasks to queue
[2024-12-24T07:39:41.874+0000] {logging_mixin.py:190} INFO - [2024-12-24T07:39:41.873+0000] {dagbag.py:588} INFO - Filling up the DagBag from /home/airflow/.local/lib/python3.12/site-packages/airflow/example_dags/example_python_operator.py
[2024-12-24T07:39:41.895+0000] {processor.py:925} INFO - DAG(s) 'example_python_operator' retrieved from /home/airflow/.local/lib/python3.12/site-packages/airflow/example_dags/example_python_operator.py
[2024-12-24T07:39:41.934+0000] {logging_mixin.py:190} INFO - [2024-12-24T07:39:41.934+0000] {dag.py:3239} INFO - Sync 1 DAGs
[2024-12-24T07:39:41.954+0000] {logging_mixin.py:190} INFO - [2024-12-24T07:39:41.954+0000] {dag.py:4180} INFO - Setting next_dagrun for example_python_operator to None, run_after=None
[2024-12-24T07:39:41.985+0000] {processor.py:208} INFO - Processing /home/airflow/.local/lib/python3.12/site-packages/airflow/example_dags/example_python_operator.py took 0.128 seconds
[2024-12-24T07:40:12.299+0000] {processor.py:186} INFO - Started process (PID=1506) to work on /home/airflow/.local/lib/python3.12/site-packages/airflow/example_dags/example_python_operator.py
[2024-12-24T07:40:12.302+0000] {processor.py:914} INFO - Processing file /home/airflow/.local/lib/python3.12/site-packages/airflow/example_dags/example_python_operator.py for tasks to queue
[2024-12-24T07:40:12.305+0000] {logging_mixin.py:190} INFO - [2024-12-24T07:40:12.304+0000] {dagbag.py:588} INFO - Filling up the DagBag from /home/airflow/.local/lib/python3.12/site-packages/airflow/example_dags/example_python_operator.py
[2024-12-24T07:40:12.327+0000] {processor.py:925} INFO - DAG(s) 'example_python_operator' retrieved from /home/airflow/.local/lib/python3.12/site-packages/airflow/example_dags/example_python_operator.py
[2024-12-24T07:40:12.367+0000] {logging_mixin.py:190} INFO - [2024-12-24T07:40:12.366+0000] {dag.py:3239} INFO - Sync 1 DAGs
[2024-12-24T07:40:12.390+0000] {logging_mixin.py:190} INFO - [2024-12-24T07:40:12.390+0000] {dag.py:4180} INFO - Setting next_dagrun for example_python_operator to None, run_after=None
[2024-12-24T07:40:12.424+0000] {processor.py:208} INFO - Processing /home/airflow/.local/lib/python3.12/site-packages/airflow/example_dags/example_python_operator.py took 0.132 seconds
[2024-12-24T07:40:43.274+0000] {processor.py:186} INFO - Started process (PID=1572) to work on /home/airflow/.local/lib/python3.12/site-packages/airflow/example_dags/example_python_operator.py
[2024-12-24T07:40:43.277+0000] {processor.py:914} INFO - Processing file /home/airflow/.local/lib/python3.12/site-packages/airflow/example_dags/example_python_operator.py for tasks to queue
[2024-12-24T07:40:43.280+0000] {logging_mixin.py:190} INFO - [2024-12-24T07:40:43.280+0000] {dagbag.py:588} INFO - Filling up the DagBag from /home/airflow/.local/lib/python3.12/site-packages/airflow/example_dags/example_python_operator.py
[2024-12-24T07:40:43.301+0000] {processor.py:925} INFO - DAG(s) 'example_python_operator' retrieved from /home/airflow/.local/lib/python3.12/site-packages/airflow/example_dags/example_python_operator.py
[2024-12-24T07:40:43.346+0000] {logging_mixin.py:190} INFO - [2024-12-24T07:40:43.346+0000] {dag.py:3239} INFO - Sync 1 DAGs
[2024-12-24T07:40:43.395+0000] {logging_mixin.py:190} INFO - [2024-12-24T07:40:43.395+0000] {dag.py:4180} INFO - Setting next_dagrun for example_python_operator to None, run_after=None
[2024-12-24T07:40:43.449+0000] {processor.py:208} INFO - Processing /home/airflow/.local/lib/python3.12/site-packages/airflow/example_dags/example_python_operator.py took 0.185 seconds
[2024-12-24T07:41:14.235+0000] {processor.py:186} INFO - Started process (PID=1638) to work on /home/airflow/.local/lib/python3.12/site-packages/airflow/example_dags/example_python_operator.py
[2024-12-24T07:41:14.237+0000] {processor.py:914} INFO - Processing file /home/airflow/.local/lib/python3.12/site-packages/airflow/example_dags/example_python_operator.py for tasks to queue
[2024-12-24T07:41:14.239+0000] {logging_mixin.py:190} INFO - [2024-12-24T07:41:14.239+0000] {dagbag.py:588} INFO - Filling up the DagBag from /home/airflow/.local/lib/python3.12/site-packages/airflow/example_dags/example_python_operator.py
[2024-12-24T07:41:14.271+0000] {processor.py:925} INFO - DAG(s) 'example_python_operator' retrieved from /home/airflow/.local/lib/python3.12/site-packages/airflow/example_dags/example_python_operator.py
[2024-12-24T07:41:14.326+0000] {logging_mixin.py:190} INFO - [2024-12-24T07:41:14.325+0000] {dag.py:3239} INFO - Sync 1 DAGs
[2024-12-24T07:41:14.364+0000] {logging_mixin.py:190} INFO - [2024-12-24T07:41:14.364+0000] {dag.py:4180} INFO - Setting next_dagrun for example_python_operator to None, run_after=None
[2024-12-24T07:41:14.404+0000] {processor.py:208} INFO - Processing /home/airflow/.local/lib/python3.12/site-packages/airflow/example_dags/example_python_operator.py took 0.177 seconds
[2024-12-24T07:41:45.251+0000] {processor.py:186} INFO - Started process (PID=1705) to work on /home/airflow/.local/lib/python3.12/site-packages/airflow/example_dags/example_python_operator.py
[2024-12-24T07:41:45.253+0000] {processor.py:914} INFO - Processing file /home/airflow/.local/lib/python3.12/site-packages/airflow/example_dags/example_python_operator.py for tasks to queue
[2024-12-24T07:41:45.256+0000] {logging_mixin.py:190} INFO - [2024-12-24T07:41:45.255+0000] {dagbag.py:588} INFO - Filling up the DagBag from /home/airflow/.local/lib/python3.12/site-packages/airflow/example_dags/example_python_operator.py
[2024-12-24T07:41:45.277+0000] {processor.py:925} INFO - DAG(s) 'example_python_operator' retrieved from /home/airflow/.local/lib/python3.12/site-packages/airflow/example_dags/example_python_operator.py
[2024-12-24T07:41:45.315+0000] {logging_mixin.py:190} INFO - [2024-12-24T07:41:45.315+0000] {dag.py:3239} INFO - Sync 1 DAGs
[2024-12-24T07:41:45.338+0000] {logging_mixin.py:190} INFO - [2024-12-24T07:41:45.337+0000] {dag.py:4180} INFO - Setting next_dagrun for example_python_operator to None, run_after=None
[2024-12-24T07:41:45.369+0000] {processor.py:208} INFO - Processing /home/airflow/.local/lib/python3.12/site-packages/airflow/example_dags/example_python_operator.py took 0.127 seconds
