[2024-12-24T07:28:52.891+0000] {processor.py:186} INFO - Started process (PID=42) to work on /home/airflow/.local/lib/python3.12/site-packages/airflow/example_dags/example_task_group.py
[2024-12-24T07:28:52.899+0000] {processor.py:914} INFO - Processing file /home/airflow/.local/lib/python3.12/site-packages/airflow/example_dags/example_task_group.py for tasks to queue
[2024-12-24T07:28:52.913+0000] {logging_mixin.py:190} INFO - [2024-12-24T07:28:52.912+0000] {dagbag.py:588} INFO - Filling up the DagBag from /home/airflow/.local/lib/python3.12/site-packages/airflow/example_dags/example_task_group.py
[2024-12-24T07:28:52.956+0000] {processor.py:925} INFO - DAG(s) 'example_task_group' retrieved from /home/airflow/.local/lib/python3.12/site-packages/airflow/example_dags/example_task_group.py
[2024-12-24T07:28:53.258+0000] {logging_mixin.py:190} INFO - [2024-12-24T07:28:53.257+0000] {override.py:1911} INFO - Created Permission View: can read on DAG:example_task_group
[2024-12-24T07:28:53.276+0000] {logging_mixin.py:190} INFO - [2024-12-24T07:28:53.276+0000] {override.py:1911} INFO - Created Permission View: can edit on DAG:example_task_group
[2024-12-24T07:28:53.285+0000] {logging_mixin.py:190} INFO - [2024-12-24T07:28:53.285+0000] {override.py:1911} INFO - Created Permission View: can delete on DAG:example_task_group
[2024-12-24T07:28:53.301+0000] {logging_mixin.py:190} INFO - [2024-12-24T07:28:53.301+0000] {override.py:1911} INFO - Created Permission View: can read on DAG Run:example_task_group
[2024-12-24T07:28:53.315+0000] {logging_mixin.py:190} INFO - [2024-12-24T07:28:53.314+0000] {override.py:1911} INFO - Created Permission View: can create on DAG Run:example_task_group
[2024-12-24T07:28:53.327+0000] {logging_mixin.py:190} INFO - [2024-12-24T07:28:53.326+0000] {override.py:1911} INFO - Created Permission View: can delete on DAG Run:example_task_group
[2024-12-24T07:28:53.363+0000] {logging_mixin.py:190} INFO - [2024-12-24T07:28:53.362+0000] {override.py:1911} INFO - Created Permission View: menu access on DAG Run:example_task_group
[2024-12-24T07:28:53.365+0000] {logging_mixin.py:190} INFO - [2024-12-24T07:28:53.365+0000] {dag.py:3239} INFO - Sync 1 DAGs
[2024-12-24T07:28:53.385+0000] {logging_mixin.py:190} INFO - [2024-12-24T07:28:53.385+0000] {dag.py:3262} INFO - Creating ORM DAG for example_task_group
[2024-12-24T07:28:53.387+0000] {logging_mixin.py:190} INFO - [2024-12-24T07:28:53.386+0000] {dag.py:4180} INFO - Setting next_dagrun for example_task_group to None, run_after=None
[2024-12-24T07:28:53.419+0000] {processor.py:208} INFO - Processing /home/airflow/.local/lib/python3.12/site-packages/airflow/example_dags/example_task_group.py took 0.561 seconds
[2024-12-24T07:29:24.225+0000] {processor.py:186} INFO - Started process (PID=108) to work on /home/airflow/.local/lib/python3.12/site-packages/airflow/example_dags/example_task_group.py
[2024-12-24T07:29:24.227+0000] {processor.py:914} INFO - Processing file /home/airflow/.local/lib/python3.12/site-packages/airflow/example_dags/example_task_group.py for tasks to queue
[2024-12-24T07:29:24.232+0000] {logging_mixin.py:190} INFO - [2024-12-24T07:29:24.231+0000] {dagbag.py:588} INFO - Filling up the DagBag from /home/airflow/.local/lib/python3.12/site-packages/airflow/example_dags/example_task_group.py
[2024-12-24T07:29:24.245+0000] {processor.py:925} INFO - DAG(s) 'example_task_group' retrieved from /home/airflow/.local/lib/python3.12/site-packages/airflow/example_dags/example_task_group.py
[2024-12-24T07:29:24.315+0000] {logging_mixin.py:190} INFO - [2024-12-24T07:29:24.315+0000] {dag.py:3239} INFO - Sync 1 DAGs
[2024-12-24T07:29:24.392+0000] {logging_mixin.py:190} INFO - [2024-12-24T07:29:24.390+0000] {dag.py:4180} INFO - Setting next_dagrun for example_task_group to None, run_after=None
[2024-12-24T07:29:24.468+0000] {processor.py:208} INFO - Processing /home/airflow/.local/lib/python3.12/site-packages/airflow/example_dags/example_task_group.py took 0.251 seconds
[2024-12-24T07:29:55.347+0000] {processor.py:186} INFO - Started process (PID=174) to work on /home/airflow/.local/lib/python3.12/site-packages/airflow/example_dags/example_task_group.py
[2024-12-24T07:29:55.349+0000] {processor.py:914} INFO - Processing file /home/airflow/.local/lib/python3.12/site-packages/airflow/example_dags/example_task_group.py for tasks to queue
[2024-12-24T07:29:55.354+0000] {logging_mixin.py:190} INFO - [2024-12-24T07:29:55.353+0000] {dagbag.py:588} INFO - Filling up the DagBag from /home/airflow/.local/lib/python3.12/site-packages/airflow/example_dags/example_task_group.py
[2024-12-24T07:29:55.368+0000] {processor.py:925} INFO - DAG(s) 'example_task_group' retrieved from /home/airflow/.local/lib/python3.12/site-packages/airflow/example_dags/example_task_group.py
[2024-12-24T07:29:55.407+0000] {logging_mixin.py:190} INFO - [2024-12-24T07:29:55.406+0000] {dag.py:3239} INFO - Sync 1 DAGs
[2024-12-24T07:29:55.444+0000] {logging_mixin.py:190} INFO - [2024-12-24T07:29:55.443+0000] {dag.py:4180} INFO - Setting next_dagrun for example_task_group to None, run_after=None
[2024-12-24T07:29:55.492+0000] {processor.py:208} INFO - Processing /home/airflow/.local/lib/python3.12/site-packages/airflow/example_dags/example_task_group.py took 0.153 seconds
[2024-12-24T07:30:25.807+0000] {processor.py:186} INFO - Started process (PID=240) to work on /home/airflow/.local/lib/python3.12/site-packages/airflow/example_dags/example_task_group.py
[2024-12-24T07:30:25.810+0000] {processor.py:914} INFO - Processing file /home/airflow/.local/lib/python3.12/site-packages/airflow/example_dags/example_task_group.py for tasks to queue
[2024-12-24T07:30:25.819+0000] {logging_mixin.py:190} INFO - [2024-12-24T07:30:25.818+0000] {dagbag.py:588} INFO - Filling up the DagBag from /home/airflow/.local/lib/python3.12/site-packages/airflow/example_dags/example_task_group.py
[2024-12-24T07:30:25.850+0000] {processor.py:925} INFO - DAG(s) 'example_task_group' retrieved from /home/airflow/.local/lib/python3.12/site-packages/airflow/example_dags/example_task_group.py
[2024-12-24T07:30:25.922+0000] {logging_mixin.py:190} INFO - [2024-12-24T07:30:25.922+0000] {dag.py:3239} INFO - Sync 1 DAGs
[2024-12-24T07:30:25.968+0000] {logging_mixin.py:190} INFO - [2024-12-24T07:30:25.968+0000] {dag.py:4180} INFO - Setting next_dagrun for example_task_group to None, run_after=None
[2024-12-24T07:30:26.024+0000] {processor.py:208} INFO - Processing /home/airflow/.local/lib/python3.12/site-packages/airflow/example_dags/example_task_group.py took 0.235 seconds
[2024-12-24T07:30:56.234+0000] {processor.py:186} INFO - Started process (PID=306) to work on /home/airflow/.local/lib/python3.12/site-packages/airflow/example_dags/example_task_group.py
[2024-12-24T07:30:56.236+0000] {processor.py:914} INFO - Processing file /home/airflow/.local/lib/python3.12/site-packages/airflow/example_dags/example_task_group.py for tasks to queue
[2024-12-24T07:30:56.242+0000] {logging_mixin.py:190} INFO - [2024-12-24T07:30:56.241+0000] {dagbag.py:588} INFO - Filling up the DagBag from /home/airflow/.local/lib/python3.12/site-packages/airflow/example_dags/example_task_group.py
[2024-12-24T07:30:56.264+0000] {processor.py:925} INFO - DAG(s) 'example_task_group' retrieved from /home/airflow/.local/lib/python3.12/site-packages/airflow/example_dags/example_task_group.py
[2024-12-24T07:30:56.302+0000] {logging_mixin.py:190} INFO - [2024-12-24T07:30:56.302+0000] {dag.py:3239} INFO - Sync 1 DAGs
[2024-12-24T07:30:56.330+0000] {logging_mixin.py:190} INFO - [2024-12-24T07:30:56.330+0000] {dag.py:4180} INFO - Setting next_dagrun for example_task_group to None, run_after=None
[2024-12-24T07:30:56.365+0000] {processor.py:208} INFO - Processing /home/airflow/.local/lib/python3.12/site-packages/airflow/example_dags/example_task_group.py took 0.140 seconds
[2024-12-24T07:31:27.177+0000] {processor.py:186} INFO - Started process (PID=371) to work on /home/airflow/.local/lib/python3.12/site-packages/airflow/example_dags/example_task_group.py
[2024-12-24T07:31:27.180+0000] {processor.py:914} INFO - Processing file /home/airflow/.local/lib/python3.12/site-packages/airflow/example_dags/example_task_group.py for tasks to queue
[2024-12-24T07:31:27.191+0000] {logging_mixin.py:190} INFO - [2024-12-24T07:31:27.188+0000] {dagbag.py:588} INFO - Filling up the DagBag from /home/airflow/.local/lib/python3.12/site-packages/airflow/example_dags/example_task_group.py
[2024-12-24T07:31:27.242+0000] {processor.py:925} INFO - DAG(s) 'example_task_group' retrieved from /home/airflow/.local/lib/python3.12/site-packages/airflow/example_dags/example_task_group.py
[2024-12-24T07:31:27.317+0000] {logging_mixin.py:190} INFO - [2024-12-24T07:31:27.316+0000] {dag.py:3239} INFO - Sync 1 DAGs
[2024-12-24T07:31:27.345+0000] {logging_mixin.py:190} INFO - [2024-12-24T07:31:27.345+0000] {dag.py:4180} INFO - Setting next_dagrun for example_task_group to None, run_after=None
[2024-12-24T07:31:27.386+0000] {processor.py:208} INFO - Processing /home/airflow/.local/lib/python3.12/site-packages/airflow/example_dags/example_task_group.py took 0.231 seconds
[2024-12-24T07:31:58.006+0000] {processor.py:186} INFO - Started process (PID=437) to work on /home/airflow/.local/lib/python3.12/site-packages/airflow/example_dags/example_task_group.py
[2024-12-24T07:31:58.019+0000] {processor.py:914} INFO - Processing file /home/airflow/.local/lib/python3.12/site-packages/airflow/example_dags/example_task_group.py for tasks to queue
[2024-12-24T07:31:58.046+0000] {logging_mixin.py:190} INFO - [2024-12-24T07:31:58.045+0000] {dagbag.py:588} INFO - Filling up the DagBag from /home/airflow/.local/lib/python3.12/site-packages/airflow/example_dags/example_task_group.py
[2024-12-24T07:31:58.089+0000] {processor.py:925} INFO - DAG(s) 'example_task_group' retrieved from /home/airflow/.local/lib/python3.12/site-packages/airflow/example_dags/example_task_group.py
[2024-12-24T07:31:58.163+0000] {logging_mixin.py:190} INFO - [2024-12-24T07:31:58.163+0000] {dag.py:3239} INFO - Sync 1 DAGs
[2024-12-24T07:31:58.193+0000] {logging_mixin.py:190} INFO - [2024-12-24T07:31:58.192+0000] {dag.py:4180} INFO - Setting next_dagrun for example_task_group to None, run_after=None
[2024-12-24T07:31:58.236+0000] {processor.py:208} INFO - Processing /home/airflow/.local/lib/python3.12/site-packages/airflow/example_dags/example_task_group.py took 0.287 seconds
[2024-12-24T07:32:29.101+0000] {processor.py:186} INFO - Started process (PID=503) to work on /home/airflow/.local/lib/python3.12/site-packages/airflow/example_dags/example_task_group.py
[2024-12-24T07:32:29.103+0000] {processor.py:914} INFO - Processing file /home/airflow/.local/lib/python3.12/site-packages/airflow/example_dags/example_task_group.py for tasks to queue
[2024-12-24T07:32:29.109+0000] {logging_mixin.py:190} INFO - [2024-12-24T07:32:29.109+0000] {dagbag.py:588} INFO - Filling up the DagBag from /home/airflow/.local/lib/python3.12/site-packages/airflow/example_dags/example_task_group.py
[2024-12-24T07:32:29.130+0000] {processor.py:925} INFO - DAG(s) 'example_task_group' retrieved from /home/airflow/.local/lib/python3.12/site-packages/airflow/example_dags/example_task_group.py
[2024-12-24T07:32:29.183+0000] {logging_mixin.py:190} INFO - [2024-12-24T07:32:29.182+0000] {dag.py:3239} INFO - Sync 1 DAGs
[2024-12-24T07:32:29.220+0000] {logging_mixin.py:190} INFO - [2024-12-24T07:32:29.219+0000] {dag.py:4180} INFO - Setting next_dagrun for example_task_group to None, run_after=None
[2024-12-24T07:32:29.266+0000] {processor.py:208} INFO - Processing /home/airflow/.local/lib/python3.12/site-packages/airflow/example_dags/example_task_group.py took 0.176 seconds
[2024-12-24T07:33:00.294+0000] {processor.py:186} INFO - Started process (PID=569) to work on /home/airflow/.local/lib/python3.12/site-packages/airflow/example_dags/example_task_group.py
[2024-12-24T07:33:00.300+0000] {processor.py:914} INFO - Processing file /home/airflow/.local/lib/python3.12/site-packages/airflow/example_dags/example_task_group.py for tasks to queue
[2024-12-24T07:33:00.340+0000] {logging_mixin.py:190} INFO - [2024-12-24T07:33:00.336+0000] {dagbag.py:588} INFO - Filling up the DagBag from /home/airflow/.local/lib/python3.12/site-packages/airflow/example_dags/example_task_group.py
[2024-12-24T07:33:00.412+0000] {processor.py:925} INFO - DAG(s) 'example_task_group' retrieved from /home/airflow/.local/lib/python3.12/site-packages/airflow/example_dags/example_task_group.py
[2024-12-24T07:33:00.526+0000] {logging_mixin.py:190} INFO - [2024-12-24T07:33:00.525+0000] {dag.py:3239} INFO - Sync 1 DAGs
[2024-12-24T07:33:00.623+0000] {logging_mixin.py:190} INFO - [2024-12-24T07:33:00.623+0000] {dag.py:4180} INFO - Setting next_dagrun for example_task_group to None, run_after=None
[2024-12-24T07:33:00.679+0000] {processor.py:208} INFO - Processing /home/airflow/.local/lib/python3.12/site-packages/airflow/example_dags/example_task_group.py took 0.553 seconds
[2024-12-24T07:33:31.384+0000] {processor.py:186} INFO - Started process (PID=635) to work on /home/airflow/.local/lib/python3.12/site-packages/airflow/example_dags/example_task_group.py
[2024-12-24T07:33:31.386+0000] {processor.py:914} INFO - Processing file /home/airflow/.local/lib/python3.12/site-packages/airflow/example_dags/example_task_group.py for tasks to queue
[2024-12-24T07:33:31.390+0000] {logging_mixin.py:190} INFO - [2024-12-24T07:33:31.389+0000] {dagbag.py:588} INFO - Filling up the DagBag from /home/airflow/.local/lib/python3.12/site-packages/airflow/example_dags/example_task_group.py
[2024-12-24T07:33:31.404+0000] {processor.py:925} INFO - DAG(s) 'example_task_group' retrieved from /home/airflow/.local/lib/python3.12/site-packages/airflow/example_dags/example_task_group.py
[2024-12-24T07:33:31.436+0000] {logging_mixin.py:190} INFO - [2024-12-24T07:33:31.436+0000] {dag.py:3239} INFO - Sync 1 DAGs
[2024-12-24T07:33:31.456+0000] {logging_mixin.py:190} INFO - [2024-12-24T07:33:31.456+0000] {dag.py:4180} INFO - Setting next_dagrun for example_task_group to None, run_after=None
[2024-12-24T07:33:31.483+0000] {processor.py:208} INFO - Processing /home/airflow/.local/lib/python3.12/site-packages/airflow/example_dags/example_task_group.py took 0.109 seconds
[2024-12-24T07:34:01.538+0000] {processor.py:186} INFO - Started process (PID=700) to work on /home/airflow/.local/lib/python3.12/site-packages/airflow/example_dags/example_task_group.py
[2024-12-24T07:34:01.540+0000] {processor.py:914} INFO - Processing file /home/airflow/.local/lib/python3.12/site-packages/airflow/example_dags/example_task_group.py for tasks to queue
[2024-12-24T07:34:01.543+0000] {logging_mixin.py:190} INFO - [2024-12-24T07:34:01.543+0000] {dagbag.py:588} INFO - Filling up the DagBag from /home/airflow/.local/lib/python3.12/site-packages/airflow/example_dags/example_task_group.py
[2024-12-24T07:34:01.558+0000] {processor.py:925} INFO - DAG(s) 'example_task_group' retrieved from /home/airflow/.local/lib/python3.12/site-packages/airflow/example_dags/example_task_group.py
[2024-12-24T07:34:01.595+0000] {logging_mixin.py:190} INFO - [2024-12-24T07:34:01.594+0000] {dag.py:3239} INFO - Sync 1 DAGs
[2024-12-24T07:34:01.617+0000] {logging_mixin.py:190} INFO - [2024-12-24T07:34:01.617+0000] {dag.py:4180} INFO - Setting next_dagrun for example_task_group to None, run_after=None
[2024-12-24T07:34:01.648+0000] {processor.py:208} INFO - Processing /home/airflow/.local/lib/python3.12/site-packages/airflow/example_dags/example_task_group.py took 0.118 seconds
[2024-12-24T07:34:31.796+0000] {processor.py:186} INFO - Started process (PID=768) to work on /home/airflow/.local/lib/python3.12/site-packages/airflow/example_dags/example_task_group.py
[2024-12-24T07:34:31.797+0000] {processor.py:914} INFO - Processing file /home/airflow/.local/lib/python3.12/site-packages/airflow/example_dags/example_task_group.py for tasks to queue
[2024-12-24T07:34:31.802+0000] {logging_mixin.py:190} INFO - [2024-12-24T07:34:31.801+0000] {dagbag.py:588} INFO - Filling up the DagBag from /home/airflow/.local/lib/python3.12/site-packages/airflow/example_dags/example_task_group.py
[2024-12-24T07:34:31.816+0000] {processor.py:925} INFO - DAG(s) 'example_task_group' retrieved from /home/airflow/.local/lib/python3.12/site-packages/airflow/example_dags/example_task_group.py
[2024-12-24T07:34:31.847+0000] {logging_mixin.py:190} INFO - [2024-12-24T07:34:31.847+0000] {dag.py:3239} INFO - Sync 1 DAGs
[2024-12-24T07:34:31.866+0000] {logging_mixin.py:190} INFO - [2024-12-24T07:34:31.866+0000] {dag.py:4180} INFO - Setting next_dagrun for example_task_group to None, run_after=None
[2024-12-24T07:34:31.893+0000] {processor.py:208} INFO - Processing /home/airflow/.local/lib/python3.12/site-packages/airflow/example_dags/example_task_group.py took 0.105 seconds
[2024-12-24T07:35:02.432+0000] {processor.py:186} INFO - Started process (PID=834) to work on /home/airflow/.local/lib/python3.12/site-packages/airflow/example_dags/example_task_group.py
[2024-12-24T07:35:02.433+0000] {processor.py:914} INFO - Processing file /home/airflow/.local/lib/python3.12/site-packages/airflow/example_dags/example_task_group.py for tasks to queue
[2024-12-24T07:35:02.437+0000] {logging_mixin.py:190} INFO - [2024-12-24T07:35:02.437+0000] {dagbag.py:588} INFO - Filling up the DagBag from /home/airflow/.local/lib/python3.12/site-packages/airflow/example_dags/example_task_group.py
[2024-12-24T07:35:02.455+0000] {processor.py:925} INFO - DAG(s) 'example_task_group' retrieved from /home/airflow/.local/lib/python3.12/site-packages/airflow/example_dags/example_task_group.py
[2024-12-24T07:35:02.580+0000] {logging_mixin.py:190} INFO - [2024-12-24T07:35:02.580+0000] {dag.py:3239} INFO - Sync 1 DAGs
[2024-12-24T07:35:02.737+0000] {logging_mixin.py:190} INFO - [2024-12-24T07:35:02.737+0000] {dag.py:4180} INFO - Setting next_dagrun for example_task_group to None, run_after=None
[2024-12-24T07:35:02.826+0000] {processor.py:208} INFO - Processing /home/airflow/.local/lib/python3.12/site-packages/airflow/example_dags/example_task_group.py took 0.403 seconds
[2024-12-24T07:35:33.484+0000] {processor.py:186} INFO - Started process (PID=900) to work on /home/airflow/.local/lib/python3.12/site-packages/airflow/example_dags/example_task_group.py
[2024-12-24T07:35:33.485+0000] {processor.py:914} INFO - Processing file /home/airflow/.local/lib/python3.12/site-packages/airflow/example_dags/example_task_group.py for tasks to queue
[2024-12-24T07:35:33.490+0000] {logging_mixin.py:190} INFO - [2024-12-24T07:35:33.489+0000] {dagbag.py:588} INFO - Filling up the DagBag from /home/airflow/.local/lib/python3.12/site-packages/airflow/example_dags/example_task_group.py
[2024-12-24T07:35:33.508+0000] {processor.py:925} INFO - DAG(s) 'example_task_group' retrieved from /home/airflow/.local/lib/python3.12/site-packages/airflow/example_dags/example_task_group.py
[2024-12-24T07:35:33.545+0000] {logging_mixin.py:190} INFO - [2024-12-24T07:35:33.545+0000] {dag.py:3239} INFO - Sync 1 DAGs
[2024-12-24T07:35:33.572+0000] {logging_mixin.py:190} INFO - [2024-12-24T07:35:33.571+0000] {dag.py:4180} INFO - Setting next_dagrun for example_task_group to None, run_after=None
[2024-12-24T07:35:33.605+0000] {processor.py:208} INFO - Processing /home/airflow/.local/lib/python3.12/site-packages/airflow/example_dags/example_task_group.py took 0.131 seconds
[2024-12-24T07:36:04.581+0000] {processor.py:186} INFO - Started process (PID=966) to work on /home/airflow/.local/lib/python3.12/site-packages/airflow/example_dags/example_task_group.py
[2024-12-24T07:36:04.583+0000] {processor.py:914} INFO - Processing file /home/airflow/.local/lib/python3.12/site-packages/airflow/example_dags/example_task_group.py for tasks to queue
[2024-12-24T07:36:04.587+0000] {logging_mixin.py:190} INFO - [2024-12-24T07:36:04.587+0000] {dagbag.py:588} INFO - Filling up the DagBag from /home/airflow/.local/lib/python3.12/site-packages/airflow/example_dags/example_task_group.py
[2024-12-24T07:36:04.603+0000] {processor.py:925} INFO - DAG(s) 'example_task_group' retrieved from /home/airflow/.local/lib/python3.12/site-packages/airflow/example_dags/example_task_group.py
[2024-12-24T07:36:04.639+0000] {logging_mixin.py:190} INFO - [2024-12-24T07:36:04.639+0000] {dag.py:3239} INFO - Sync 1 DAGs
[2024-12-24T07:36:04.663+0000] {logging_mixin.py:190} INFO - [2024-12-24T07:36:04.662+0000] {dag.py:4180} INFO - Setting next_dagrun for example_task_group to None, run_after=None
[2024-12-24T07:36:04.694+0000] {processor.py:208} INFO - Processing /home/airflow/.local/lib/python3.12/site-packages/airflow/example_dags/example_task_group.py took 0.126 seconds
[2024-12-24T07:36:35.401+0000] {processor.py:186} INFO - Started process (PID=1032) to work on /home/airflow/.local/lib/python3.12/site-packages/airflow/example_dags/example_task_group.py
[2024-12-24T07:36:35.405+0000] {processor.py:914} INFO - Processing file /home/airflow/.local/lib/python3.12/site-packages/airflow/example_dags/example_task_group.py for tasks to queue
[2024-12-24T07:36:35.413+0000] {logging_mixin.py:190} INFO - [2024-12-24T07:36:35.412+0000] {dagbag.py:588} INFO - Filling up the DagBag from /home/airflow/.local/lib/python3.12/site-packages/airflow/example_dags/example_task_group.py
[2024-12-24T07:36:35.436+0000] {processor.py:925} INFO - DAG(s) 'example_task_group' retrieved from /home/airflow/.local/lib/python3.12/site-packages/airflow/example_dags/example_task_group.py
[2024-12-24T07:36:35.490+0000] {logging_mixin.py:190} INFO - [2024-12-24T07:36:35.490+0000] {dag.py:3239} INFO - Sync 1 DAGs
[2024-12-24T07:36:35.519+0000] {logging_mixin.py:190} INFO - [2024-12-24T07:36:35.518+0000] {dag.py:4180} INFO - Setting next_dagrun for example_task_group to None, run_after=None
[2024-12-24T07:36:35.562+0000] {processor.py:208} INFO - Processing /home/airflow/.local/lib/python3.12/site-packages/airflow/example_dags/example_task_group.py took 0.171 seconds
[2024-12-24T07:37:06.171+0000] {processor.py:186} INFO - Started process (PID=1098) to work on /home/airflow/.local/lib/python3.12/site-packages/airflow/example_dags/example_task_group.py
[2024-12-24T07:37:06.173+0000] {processor.py:914} INFO - Processing file /home/airflow/.local/lib/python3.12/site-packages/airflow/example_dags/example_task_group.py for tasks to queue
[2024-12-24T07:37:06.177+0000] {logging_mixin.py:190} INFO - [2024-12-24T07:37:06.177+0000] {dagbag.py:588} INFO - Filling up the DagBag from /home/airflow/.local/lib/python3.12/site-packages/airflow/example_dags/example_task_group.py
[2024-12-24T07:37:06.195+0000] {processor.py:925} INFO - DAG(s) 'example_task_group' retrieved from /home/airflow/.local/lib/python3.12/site-packages/airflow/example_dags/example_task_group.py
[2024-12-24T07:37:06.228+0000] {logging_mixin.py:190} INFO - [2024-12-24T07:37:06.228+0000] {dag.py:3239} INFO - Sync 1 DAGs
[2024-12-24T07:37:06.249+0000] {logging_mixin.py:190} INFO - [2024-12-24T07:37:06.249+0000] {dag.py:4180} INFO - Setting next_dagrun for example_task_group to None, run_after=None
[2024-12-24T07:37:06.289+0000] {processor.py:208} INFO - Processing /home/airflow/.local/lib/python3.12/site-packages/airflow/example_dags/example_task_group.py took 0.125 seconds
[2024-12-24T07:37:36.524+0000] {processor.py:186} INFO - Started process (PID=1164) to work on /home/airflow/.local/lib/python3.12/site-packages/airflow/example_dags/example_task_group.py
[2024-12-24T07:37:36.526+0000] {processor.py:914} INFO - Processing file /home/airflow/.local/lib/python3.12/site-packages/airflow/example_dags/example_task_group.py for tasks to queue
[2024-12-24T07:37:36.530+0000] {logging_mixin.py:190} INFO - [2024-12-24T07:37:36.530+0000] {dagbag.py:588} INFO - Filling up the DagBag from /home/airflow/.local/lib/python3.12/site-packages/airflow/example_dags/example_task_group.py
[2024-12-24T07:37:36.550+0000] {processor.py:925} INFO - DAG(s) 'example_task_group' retrieved from /home/airflow/.local/lib/python3.12/site-packages/airflow/example_dags/example_task_group.py
[2024-12-24T07:37:36.589+0000] {logging_mixin.py:190} INFO - [2024-12-24T07:37:36.589+0000] {dag.py:3239} INFO - Sync 1 DAGs
[2024-12-24T07:37:36.611+0000] {logging_mixin.py:190} INFO - [2024-12-24T07:37:36.611+0000] {dag.py:4180} INFO - Setting next_dagrun for example_task_group to None, run_after=None
[2024-12-24T07:37:36.662+0000] {processor.py:208} INFO - Processing /home/airflow/.local/lib/python3.12/site-packages/airflow/example_dags/example_task_group.py took 0.155 seconds
[2024-12-24T07:38:06.921+0000] {processor.py:186} INFO - Started process (PID=1230) to work on /home/airflow/.local/lib/python3.12/site-packages/airflow/example_dags/example_task_group.py
[2024-12-24T07:38:06.923+0000] {processor.py:914} INFO - Processing file /home/airflow/.local/lib/python3.12/site-packages/airflow/example_dags/example_task_group.py for tasks to queue
[2024-12-24T07:38:06.929+0000] {logging_mixin.py:190} INFO - [2024-12-24T07:38:06.928+0000] {dagbag.py:588} INFO - Filling up the DagBag from /home/airflow/.local/lib/python3.12/site-packages/airflow/example_dags/example_task_group.py
[2024-12-24T07:38:06.953+0000] {processor.py:925} INFO - DAG(s) 'example_task_group' retrieved from /home/airflow/.local/lib/python3.12/site-packages/airflow/example_dags/example_task_group.py
[2024-12-24T07:38:07.012+0000] {logging_mixin.py:190} INFO - [2024-12-24T07:38:07.012+0000] {dag.py:3239} INFO - Sync 1 DAGs
[2024-12-24T07:38:07.035+0000] {logging_mixin.py:190} INFO - [2024-12-24T07:38:07.034+0000] {dag.py:4180} INFO - Setting next_dagrun for example_task_group to None, run_after=None
[2024-12-24T07:38:07.073+0000] {processor.py:208} INFO - Processing /home/airflow/.local/lib/python3.12/site-packages/airflow/example_dags/example_task_group.py took 0.163 seconds
[2024-12-24T07:38:37.273+0000] {processor.py:186} INFO - Started process (PID=1295) to work on /home/airflow/.local/lib/python3.12/site-packages/airflow/example_dags/example_task_group.py
[2024-12-24T07:38:37.278+0000] {processor.py:914} INFO - Processing file /home/airflow/.local/lib/python3.12/site-packages/airflow/example_dags/example_task_group.py for tasks to queue
[2024-12-24T07:38:37.284+0000] {logging_mixin.py:190} INFO - [2024-12-24T07:38:37.283+0000] {dagbag.py:588} INFO - Filling up the DagBag from /home/airflow/.local/lib/python3.12/site-packages/airflow/example_dags/example_task_group.py
[2024-12-24T07:38:37.303+0000] {processor.py:925} INFO - DAG(s) 'example_task_group' retrieved from /home/airflow/.local/lib/python3.12/site-packages/airflow/example_dags/example_task_group.py
[2024-12-24T07:38:37.344+0000] {logging_mixin.py:190} INFO - [2024-12-24T07:38:37.343+0000] {dag.py:3239} INFO - Sync 1 DAGs
[2024-12-24T07:38:37.367+0000] {logging_mixin.py:190} INFO - [2024-12-24T07:38:37.367+0000] {dag.py:4180} INFO - Setting next_dagrun for example_task_group to None, run_after=None
[2024-12-24T07:38:37.409+0000] {processor.py:208} INFO - Processing /home/airflow/.local/lib/python3.12/site-packages/airflow/example_dags/example_task_group.py took 0.146 seconds
[2024-12-24T07:39:07.561+0000] {processor.py:186} INFO - Started process (PID=1361) to work on /home/airflow/.local/lib/python3.12/site-packages/airflow/example_dags/example_task_group.py
[2024-12-24T07:39:07.563+0000] {processor.py:914} INFO - Processing file /home/airflow/.local/lib/python3.12/site-packages/airflow/example_dags/example_task_group.py for tasks to queue
[2024-12-24T07:39:07.567+0000] {logging_mixin.py:190} INFO - [2024-12-24T07:39:07.566+0000] {dagbag.py:588} INFO - Filling up the DagBag from /home/airflow/.local/lib/python3.12/site-packages/airflow/example_dags/example_task_group.py
[2024-12-24T07:39:07.586+0000] {processor.py:925} INFO - DAG(s) 'example_task_group' retrieved from /home/airflow/.local/lib/python3.12/site-packages/airflow/example_dags/example_task_group.py
[2024-12-24T07:39:07.621+0000] {logging_mixin.py:190} INFO - [2024-12-24T07:39:07.620+0000] {dag.py:3239} INFO - Sync 1 DAGs
[2024-12-24T07:39:07.644+0000] {logging_mixin.py:190} INFO - [2024-12-24T07:39:07.644+0000] {dag.py:4180} INFO - Setting next_dagrun for example_task_group to None, run_after=None
[2024-12-24T07:39:07.675+0000] {processor.py:208} INFO - Processing /home/airflow/.local/lib/python3.12/site-packages/airflow/example_dags/example_task_group.py took 0.123 seconds
[2024-12-24T07:39:38.564+0000] {processor.py:186} INFO - Started process (PID=1427) to work on /home/airflow/.local/lib/python3.12/site-packages/airflow/example_dags/example_task_group.py
[2024-12-24T07:39:38.565+0000] {processor.py:914} INFO - Processing file /home/airflow/.local/lib/python3.12/site-packages/airflow/example_dags/example_task_group.py for tasks to queue
[2024-12-24T07:39:38.571+0000] {logging_mixin.py:190} INFO - [2024-12-24T07:39:38.570+0000] {dagbag.py:588} INFO - Filling up the DagBag from /home/airflow/.local/lib/python3.12/site-packages/airflow/example_dags/example_task_group.py
[2024-12-24T07:39:38.587+0000] {processor.py:925} INFO - DAG(s) 'example_task_group' retrieved from /home/airflow/.local/lib/python3.12/site-packages/airflow/example_dags/example_task_group.py
[2024-12-24T07:39:38.622+0000] {logging_mixin.py:190} INFO - [2024-12-24T07:39:38.622+0000] {dag.py:3239} INFO - Sync 1 DAGs
[2024-12-24T07:39:38.643+0000] {logging_mixin.py:190} INFO - [2024-12-24T07:39:38.643+0000] {dag.py:4180} INFO - Setting next_dagrun for example_task_group to None, run_after=None
[2024-12-24T07:39:38.672+0000] {processor.py:208} INFO - Processing /home/airflow/.local/lib/python3.12/site-packages/airflow/example_dags/example_task_group.py took 0.117 seconds
[2024-12-24T07:40:09.056+0000] {processor.py:186} INFO - Started process (PID=1493) to work on /home/airflow/.local/lib/python3.12/site-packages/airflow/example_dags/example_task_group.py
[2024-12-24T07:40:09.058+0000] {processor.py:914} INFO - Processing file /home/airflow/.local/lib/python3.12/site-packages/airflow/example_dags/example_task_group.py for tasks to queue
[2024-12-24T07:40:09.061+0000] {logging_mixin.py:190} INFO - [2024-12-24T07:40:09.061+0000] {dagbag.py:588} INFO - Filling up the DagBag from /home/airflow/.local/lib/python3.12/site-packages/airflow/example_dags/example_task_group.py
[2024-12-24T07:40:09.074+0000] {processor.py:925} INFO - DAG(s) 'example_task_group' retrieved from /home/airflow/.local/lib/python3.12/site-packages/airflow/example_dags/example_task_group.py
[2024-12-24T07:40:09.108+0000] {logging_mixin.py:190} INFO - [2024-12-24T07:40:09.107+0000] {dag.py:3239} INFO - Sync 1 DAGs
[2024-12-24T07:40:09.129+0000] {logging_mixin.py:190} INFO - [2024-12-24T07:40:09.128+0000] {dag.py:4180} INFO - Setting next_dagrun for example_task_group to None, run_after=None
[2024-12-24T07:40:09.157+0000] {processor.py:208} INFO - Processing /home/airflow/.local/lib/python3.12/site-packages/airflow/example_dags/example_task_group.py took 0.111 seconds
[2024-12-24T07:40:39.212+0000] {processor.py:186} INFO - Started process (PID=1558) to work on /home/airflow/.local/lib/python3.12/site-packages/airflow/example_dags/example_task_group.py
[2024-12-24T07:40:39.213+0000] {processor.py:914} INFO - Processing file /home/airflow/.local/lib/python3.12/site-packages/airflow/example_dags/example_task_group.py for tasks to queue
[2024-12-24T07:40:39.215+0000] {logging_mixin.py:190} INFO - [2024-12-24T07:40:39.215+0000] {dagbag.py:588} INFO - Filling up the DagBag from /home/airflow/.local/lib/python3.12/site-packages/airflow/example_dags/example_task_group.py
[2024-12-24T07:40:39.230+0000] {processor.py:925} INFO - DAG(s) 'example_task_group' retrieved from /home/airflow/.local/lib/python3.12/site-packages/airflow/example_dags/example_task_group.py
[2024-12-24T07:40:39.272+0000] {logging_mixin.py:190} INFO - [2024-12-24T07:40:39.271+0000] {dag.py:3239} INFO - Sync 1 DAGs
[2024-12-24T07:40:39.313+0000] {logging_mixin.py:190} INFO - [2024-12-24T07:40:39.313+0000] {dag.py:4180} INFO - Setting next_dagrun for example_task_group to None, run_after=None
[2024-12-24T07:40:39.378+0000] {processor.py:208} INFO - Processing /home/airflow/.local/lib/python3.12/site-packages/airflow/example_dags/example_task_group.py took 0.174 seconds
[2024-12-24T07:41:09.457+0000] {processor.py:186} INFO - Started process (PID=1624) to work on /home/airflow/.local/lib/python3.12/site-packages/airflow/example_dags/example_task_group.py
[2024-12-24T07:41:09.459+0000] {processor.py:914} INFO - Processing file /home/airflow/.local/lib/python3.12/site-packages/airflow/example_dags/example_task_group.py for tasks to queue
[2024-12-24T07:41:09.462+0000] {logging_mixin.py:190} INFO - [2024-12-24T07:41:09.461+0000] {dagbag.py:588} INFO - Filling up the DagBag from /home/airflow/.local/lib/python3.12/site-packages/airflow/example_dags/example_task_group.py
[2024-12-24T07:41:09.478+0000] {processor.py:925} INFO - DAG(s) 'example_task_group' retrieved from /home/airflow/.local/lib/python3.12/site-packages/airflow/example_dags/example_task_group.py
[2024-12-24T07:41:09.528+0000] {logging_mixin.py:190} INFO - [2024-12-24T07:41:09.527+0000] {dag.py:3239} INFO - Sync 1 DAGs
[2024-12-24T07:41:09.582+0000] {logging_mixin.py:190} INFO - [2024-12-24T07:41:09.581+0000] {dag.py:4180} INFO - Setting next_dagrun for example_task_group to None, run_after=None
[2024-12-24T07:41:09.646+0000] {processor.py:208} INFO - Processing /home/airflow/.local/lib/python3.12/site-packages/airflow/example_dags/example_task_group.py took 0.198 seconds
[2024-12-24T07:41:39.827+0000] {processor.py:186} INFO - Started process (PID=1691) to work on /home/airflow/.local/lib/python3.12/site-packages/airflow/example_dags/example_task_group.py
[2024-12-24T07:41:39.828+0000] {processor.py:914} INFO - Processing file /home/airflow/.local/lib/python3.12/site-packages/airflow/example_dags/example_task_group.py for tasks to queue
[2024-12-24T07:41:39.832+0000] {logging_mixin.py:190} INFO - [2024-12-24T07:41:39.832+0000] {dagbag.py:588} INFO - Filling up the DagBag from /home/airflow/.local/lib/python3.12/site-packages/airflow/example_dags/example_task_group.py
[2024-12-24T07:41:39.848+0000] {processor.py:925} INFO - DAG(s) 'example_task_group' retrieved from /home/airflow/.local/lib/python3.12/site-packages/airflow/example_dags/example_task_group.py
[2024-12-24T07:41:39.885+0000] {logging_mixin.py:190} INFO - [2024-12-24T07:41:39.885+0000] {dag.py:3239} INFO - Sync 1 DAGs
[2024-12-24T07:41:39.909+0000] {logging_mixin.py:190} INFO - [2024-12-24T07:41:39.908+0000] {dag.py:4180} INFO - Setting next_dagrun for example_task_group to None, run_after=None
[2024-12-24T07:41:39.942+0000] {processor.py:208} INFO - Processing /home/airflow/.local/lib/python3.12/site-packages/airflow/example_dags/example_task_group.py took 0.123 seconds
[2024-12-24T07:42:10.063+0000] {processor.py:186} INFO - Started process (PID=1759) to work on /home/airflow/.local/lib/python3.12/site-packages/airflow/example_dags/example_task_group.py
[2024-12-24T07:42:10.065+0000] {processor.py:914} INFO - Processing file /home/airflow/.local/lib/python3.12/site-packages/airflow/example_dags/example_task_group.py for tasks to queue
[2024-12-24T07:42:10.068+0000] {logging_mixin.py:190} INFO - [2024-12-24T07:42:10.068+0000] {dagbag.py:588} INFO - Filling up the DagBag from /home/airflow/.local/lib/python3.12/site-packages/airflow/example_dags/example_task_group.py
[2024-12-24T07:42:10.082+0000] {processor.py:925} INFO - DAG(s) 'example_task_group' retrieved from /home/airflow/.local/lib/python3.12/site-packages/airflow/example_dags/example_task_group.py
[2024-12-24T07:42:10.116+0000] {logging_mixin.py:190} INFO - [2024-12-24T07:42:10.116+0000] {dag.py:3239} INFO - Sync 1 DAGs
[2024-12-24T07:42:10.156+0000] {logging_mixin.py:190} INFO - [2024-12-24T07:42:10.156+0000] {dag.py:4180} INFO - Setting next_dagrun for example_task_group to None, run_after=None
[2024-12-24T07:42:10.214+0000] {processor.py:208} INFO - Processing /home/airflow/.local/lib/python3.12/site-packages/airflow/example_dags/example_task_group.py took 0.158 seconds
