[2024-12-24T07:29:01.411+0000] {processor.py:186} INFO - Started process (PID=70) to work on /home/airflow/.local/lib/python3.12/site-packages/airflow/example_dags/example_params_trigger_ui.py
[2024-12-24T07:29:01.413+0000] {processor.py:914} INFO - Processing file /home/airflow/.local/lib/python3.12/site-packages/airflow/example_dags/example_params_trigger_ui.py for tasks to queue
[2024-12-24T07:29:01.417+0000] {logging_mixin.py:190} INFO - [2024-12-24T07:29:01.416+0000] {dagbag.py:588} INFO - Filling up the DagBag from /home/airflow/.local/lib/python3.12/site-packages/airflow/example_dags/example_params_trigger_ui.py
[2024-12-24T07:29:01.438+0000] {processor.py:925} INFO - DAG(s) 'example_params_trigger_ui' retrieved from /home/airflow/.local/lib/python3.12/site-packages/airflow/example_dags/example_params_trigger_ui.py
[2024-12-24T07:29:01.623+0000] {logging_mixin.py:190} INFO - [2024-12-24T07:29:01.622+0000] {override.py:1911} INFO - Created Permission View: can read on DAG:example_params_trigger_ui
[2024-12-24T07:29:01.640+0000] {logging_mixin.py:190} INFO - [2024-12-24T07:29:01.640+0000] {override.py:1911} INFO - Created Permission View: can edit on DAG:example_params_trigger_ui
[2024-12-24T07:29:01.655+0000] {logging_mixin.py:190} INFO - [2024-12-24T07:29:01.654+0000] {override.py:1911} INFO - Created Permission View: can delete on DAG:example_params_trigger_ui
[2024-12-24T07:29:01.681+0000] {logging_mixin.py:190} INFO - [2024-12-24T07:29:01.680+0000] {override.py:1911} INFO - Created Permission View: can read on DAG Run:example_params_trigger_ui
[2024-12-24T07:29:01.704+0000] {logging_mixin.py:190} INFO - [2024-12-24T07:29:01.703+0000] {override.py:1911} INFO - Created Permission View: can create on DAG Run:example_params_trigger_ui
[2024-12-24T07:29:01.735+0000] {logging_mixin.py:190} INFO - [2024-12-24T07:29:01.734+0000] {override.py:1911} INFO - Created Permission View: can delete on DAG Run:example_params_trigger_ui
[2024-12-24T07:29:01.765+0000] {logging_mixin.py:190} INFO - [2024-12-24T07:29:01.764+0000] {override.py:1911} INFO - Created Permission View: menu access on DAG Run:example_params_trigger_ui
[2024-12-24T07:29:01.769+0000] {logging_mixin.py:190} INFO - [2024-12-24T07:29:01.768+0000] {dag.py:3239} INFO - Sync 1 DAGs
[2024-12-24T07:29:01.817+0000] {logging_mixin.py:190} INFO - [2024-12-24T07:29:01.816+0000] {dag.py:3262} INFO - Creating ORM DAG for example_params_trigger_ui
[2024-12-24T07:29:01.820+0000] {logging_mixin.py:190} INFO - [2024-12-24T07:29:01.819+0000] {dag.py:4180} INFO - Setting next_dagrun for example_params_trigger_ui to None, run_after=None
[2024-12-24T07:29:01.883+0000] {processor.py:208} INFO - Processing /home/airflow/.local/lib/python3.12/site-packages/airflow/example_dags/example_params_trigger_ui.py took 0.480 seconds
[2024-12-24T07:29:32.308+0000] {processor.py:186} INFO - Started process (PID=136) to work on /home/airflow/.local/lib/python3.12/site-packages/airflow/example_dags/example_params_trigger_ui.py
[2024-12-24T07:29:32.311+0000] {processor.py:914} INFO - Processing file /home/airflow/.local/lib/python3.12/site-packages/airflow/example_dags/example_params_trigger_ui.py for tasks to queue
[2024-12-24T07:29:32.316+0000] {logging_mixin.py:190} INFO - [2024-12-24T07:29:32.315+0000] {dagbag.py:588} INFO - Filling up the DagBag from /home/airflow/.local/lib/python3.12/site-packages/airflow/example_dags/example_params_trigger_ui.py
[2024-12-24T07:29:32.334+0000] {processor.py:925} INFO - DAG(s) 'example_params_trigger_ui' retrieved from /home/airflow/.local/lib/python3.12/site-packages/airflow/example_dags/example_params_trigger_ui.py
[2024-12-24T07:29:32.395+0000] {logging_mixin.py:190} INFO - [2024-12-24T07:29:32.395+0000] {dag.py:3239} INFO - Sync 1 DAGs
[2024-12-24T07:29:32.419+0000] {logging_mixin.py:190} INFO - [2024-12-24T07:29:32.419+0000] {dag.py:4180} INFO - Setting next_dagrun for example_params_trigger_ui to None, run_after=None
[2024-12-24T07:29:32.453+0000] {processor.py:208} INFO - Processing /home/airflow/.local/lib/python3.12/site-packages/airflow/example_dags/example_params_trigger_ui.py took 0.153 seconds
[2024-12-24T07:30:03.036+0000] {processor.py:186} INFO - Started process (PID=202) to work on /home/airflow/.local/lib/python3.12/site-packages/airflow/example_dags/example_params_trigger_ui.py
[2024-12-24T07:30:03.037+0000] {processor.py:914} INFO - Processing file /home/airflow/.local/lib/python3.12/site-packages/airflow/example_dags/example_params_trigger_ui.py for tasks to queue
[2024-12-24T07:30:03.042+0000] {logging_mixin.py:190} INFO - [2024-12-24T07:30:03.040+0000] {dagbag.py:588} INFO - Filling up the DagBag from /home/airflow/.local/lib/python3.12/site-packages/airflow/example_dags/example_params_trigger_ui.py
[2024-12-24T07:30:03.068+0000] {processor.py:925} INFO - DAG(s) 'example_params_trigger_ui' retrieved from /home/airflow/.local/lib/python3.12/site-packages/airflow/example_dags/example_params_trigger_ui.py
[2024-12-24T07:30:03.226+0000] {logging_mixin.py:190} INFO - [2024-12-24T07:30:03.224+0000] {dag.py:3239} INFO - Sync 1 DAGs
[2024-12-24T07:30:03.365+0000] {logging_mixin.py:190} INFO - [2024-12-24T07:30:03.364+0000] {dag.py:4180} INFO - Setting next_dagrun for example_params_trigger_ui to None, run_after=None
[2024-12-24T07:30:03.495+0000] {processor.py:208} INFO - Processing /home/airflow/.local/lib/python3.12/site-packages/airflow/example_dags/example_params_trigger_ui.py took 0.471 seconds
[2024-12-24T07:30:33.553+0000] {processor.py:186} INFO - Started process (PID=268) to work on /home/airflow/.local/lib/python3.12/site-packages/airflow/example_dags/example_params_trigger_ui.py
[2024-12-24T07:30:33.555+0000] {processor.py:914} INFO - Processing file /home/airflow/.local/lib/python3.12/site-packages/airflow/example_dags/example_params_trigger_ui.py for tasks to queue
[2024-12-24T07:30:33.562+0000] {logging_mixin.py:190} INFO - [2024-12-24T07:30:33.560+0000] {dagbag.py:588} INFO - Filling up the DagBag from /home/airflow/.local/lib/python3.12/site-packages/airflow/example_dags/example_params_trigger_ui.py
[2024-12-24T07:30:33.594+0000] {processor.py:925} INFO - DAG(s) 'example_params_trigger_ui' retrieved from /home/airflow/.local/lib/python3.12/site-packages/airflow/example_dags/example_params_trigger_ui.py
[2024-12-24T07:30:33.675+0000] {logging_mixin.py:190} INFO - [2024-12-24T07:30:33.674+0000] {dag.py:3239} INFO - Sync 1 DAGs
[2024-12-24T07:30:33.695+0000] {logging_mixin.py:190} INFO - [2024-12-24T07:30:33.695+0000] {dag.py:4180} INFO - Setting next_dagrun for example_params_trigger_ui to None, run_after=None
[2024-12-24T07:30:33.734+0000] {processor.py:208} INFO - Processing /home/airflow/.local/lib/python3.12/site-packages/airflow/example_dags/example_params_trigger_ui.py took 0.190 seconds
[2024-12-24T07:31:05.608+0000] {processor.py:186} INFO - Started process (PID=334) to work on /home/airflow/.local/lib/python3.12/site-packages/airflow/example_dags/example_params_trigger_ui.py
[2024-12-24T07:31:05.609+0000] {processor.py:914} INFO - Processing file /home/airflow/.local/lib/python3.12/site-packages/airflow/example_dags/example_params_trigger_ui.py for tasks to queue
[2024-12-24T07:31:05.616+0000] {logging_mixin.py:190} INFO - [2024-12-24T07:31:05.615+0000] {dagbag.py:588} INFO - Filling up the DagBag from /home/airflow/.local/lib/python3.12/site-packages/airflow/example_dags/example_params_trigger_ui.py
[2024-12-24T07:31:05.637+0000] {processor.py:925} INFO - DAG(s) 'example_params_trigger_ui' retrieved from /home/airflow/.local/lib/python3.12/site-packages/airflow/example_dags/example_params_trigger_ui.py
[2024-12-24T07:31:05.705+0000] {logging_mixin.py:190} INFO - [2024-12-24T07:31:05.704+0000] {dag.py:3239} INFO - Sync 1 DAGs
[2024-12-24T07:31:05.729+0000] {logging_mixin.py:190} INFO - [2024-12-24T07:31:05.728+0000] {dag.py:4180} INFO - Setting next_dagrun for example_params_trigger_ui to None, run_after=None
[2024-12-24T07:31:05.759+0000] {processor.py:208} INFO - Processing /home/airflow/.local/lib/python3.12/site-packages/airflow/example_dags/example_params_trigger_ui.py took 0.163 seconds
[2024-12-24T07:31:37.035+0000] {processor.py:186} INFO - Started process (PID=399) to work on /home/airflow/.local/lib/python3.12/site-packages/airflow/example_dags/example_params_trigger_ui.py
[2024-12-24T07:31:37.039+0000] {processor.py:914} INFO - Processing file /home/airflow/.local/lib/python3.12/site-packages/airflow/example_dags/example_params_trigger_ui.py for tasks to queue
[2024-12-24T07:31:37.045+0000] {logging_mixin.py:190} INFO - [2024-12-24T07:31:37.044+0000] {dagbag.py:588} INFO - Filling up the DagBag from /home/airflow/.local/lib/python3.12/site-packages/airflow/example_dags/example_params_trigger_ui.py
[2024-12-24T07:31:37.072+0000] {processor.py:925} INFO - DAG(s) 'example_params_trigger_ui' retrieved from /home/airflow/.local/lib/python3.12/site-packages/airflow/example_dags/example_params_trigger_ui.py
[2024-12-24T07:31:37.166+0000] {logging_mixin.py:190} INFO - [2024-12-24T07:31:37.165+0000] {dag.py:3239} INFO - Sync 1 DAGs
[2024-12-24T07:31:37.189+0000] {logging_mixin.py:190} INFO - [2024-12-24T07:31:37.189+0000] {dag.py:4180} INFO - Setting next_dagrun for example_params_trigger_ui to None, run_after=None
[2024-12-24T07:31:37.227+0000] {processor.py:208} INFO - Processing /home/airflow/.local/lib/python3.12/site-packages/airflow/example_dags/example_params_trigger_ui.py took 0.203 seconds
[2024-12-24T07:32:07.900+0000] {processor.py:186} INFO - Started process (PID=465) to work on /home/airflow/.local/lib/python3.12/site-packages/airflow/example_dags/example_params_trigger_ui.py
[2024-12-24T07:32:07.902+0000] {processor.py:914} INFO - Processing file /home/airflow/.local/lib/python3.12/site-packages/airflow/example_dags/example_params_trigger_ui.py for tasks to queue
[2024-12-24T07:32:07.909+0000] {logging_mixin.py:190} INFO - [2024-12-24T07:32:07.908+0000] {dagbag.py:588} INFO - Filling up the DagBag from /home/airflow/.local/lib/python3.12/site-packages/airflow/example_dags/example_params_trigger_ui.py
[2024-12-24T07:32:07.935+0000] {processor.py:925} INFO - DAG(s) 'example_params_trigger_ui' retrieved from /home/airflow/.local/lib/python3.12/site-packages/airflow/example_dags/example_params_trigger_ui.py
[2024-12-24T07:32:08.003+0000] {logging_mixin.py:190} INFO - [2024-12-24T07:32:08.002+0000] {dag.py:3239} INFO - Sync 1 DAGs
[2024-12-24T07:32:08.024+0000] {logging_mixin.py:190} INFO - [2024-12-24T07:32:08.024+0000] {dag.py:4180} INFO - Setting next_dagrun for example_params_trigger_ui to None, run_after=None
[2024-12-24T07:32:08.051+0000] {processor.py:208} INFO - Processing /home/airflow/.local/lib/python3.12/site-packages/airflow/example_dags/example_params_trigger_ui.py took 0.160 seconds
[2024-12-24T07:32:38.673+0000] {processor.py:186} INFO - Started process (PID=531) to work on /home/airflow/.local/lib/python3.12/site-packages/airflow/example_dags/example_params_trigger_ui.py
[2024-12-24T07:32:38.675+0000] {processor.py:914} INFO - Processing file /home/airflow/.local/lib/python3.12/site-packages/airflow/example_dags/example_params_trigger_ui.py for tasks to queue
[2024-12-24T07:32:38.679+0000] {logging_mixin.py:190} INFO - [2024-12-24T07:32:38.678+0000] {dagbag.py:588} INFO - Filling up the DagBag from /home/airflow/.local/lib/python3.12/site-packages/airflow/example_dags/example_params_trigger_ui.py
[2024-12-24T07:32:38.698+0000] {processor.py:925} INFO - DAG(s) 'example_params_trigger_ui' retrieved from /home/airflow/.local/lib/python3.12/site-packages/airflow/example_dags/example_params_trigger_ui.py
[2024-12-24T07:32:38.773+0000] {logging_mixin.py:190} INFO - [2024-12-24T07:32:38.773+0000] {dag.py:3239} INFO - Sync 1 DAGs
[2024-12-24T07:32:38.799+0000] {logging_mixin.py:190} INFO - [2024-12-24T07:32:38.799+0000] {dag.py:4180} INFO - Setting next_dagrun for example_params_trigger_ui to None, run_after=None
[2024-12-24T07:32:38.833+0000] {processor.py:208} INFO - Processing /home/airflow/.local/lib/python3.12/site-packages/airflow/example_dags/example_params_trigger_ui.py took 0.170 seconds
[2024-12-24T07:33:09.591+0000] {processor.py:186} INFO - Started process (PID=597) to work on /home/airflow/.local/lib/python3.12/site-packages/airflow/example_dags/example_params_trigger_ui.py
[2024-12-24T07:33:09.595+0000] {processor.py:914} INFO - Processing file /home/airflow/.local/lib/python3.12/site-packages/airflow/example_dags/example_params_trigger_ui.py for tasks to queue
[2024-12-24T07:33:09.601+0000] {logging_mixin.py:190} INFO - [2024-12-24T07:33:09.600+0000] {dagbag.py:588} INFO - Filling up the DagBag from /home/airflow/.local/lib/python3.12/site-packages/airflow/example_dags/example_params_trigger_ui.py
[2024-12-24T07:33:09.620+0000] {processor.py:925} INFO - DAG(s) 'example_params_trigger_ui' retrieved from /home/airflow/.local/lib/python3.12/site-packages/airflow/example_dags/example_params_trigger_ui.py
[2024-12-24T07:33:09.679+0000] {logging_mixin.py:190} INFO - [2024-12-24T07:33:09.679+0000] {dag.py:3239} INFO - Sync 1 DAGs
[2024-12-24T07:33:09.699+0000] {logging_mixin.py:190} INFO - [2024-12-24T07:33:09.699+0000] {dag.py:4180} INFO - Setting next_dagrun for example_params_trigger_ui to None, run_after=None
[2024-12-24T07:33:09.731+0000] {processor.py:208} INFO - Processing /home/airflow/.local/lib/python3.12/site-packages/airflow/example_dags/example_params_trigger_ui.py took 0.153 seconds
[2024-12-24T07:33:40.184+0000] {processor.py:186} INFO - Started process (PID=663) to work on /home/airflow/.local/lib/python3.12/site-packages/airflow/example_dags/example_params_trigger_ui.py
[2024-12-24T07:33:40.186+0000] {processor.py:914} INFO - Processing file /home/airflow/.local/lib/python3.12/site-packages/airflow/example_dags/example_params_trigger_ui.py for tasks to queue
[2024-12-24T07:33:40.192+0000] {logging_mixin.py:190} INFO - [2024-12-24T07:33:40.191+0000] {dagbag.py:588} INFO - Filling up the DagBag from /home/airflow/.local/lib/python3.12/site-packages/airflow/example_dags/example_params_trigger_ui.py
[2024-12-24T07:33:40.221+0000] {processor.py:925} INFO - DAG(s) 'example_params_trigger_ui' retrieved from /home/airflow/.local/lib/python3.12/site-packages/airflow/example_dags/example_params_trigger_ui.py
[2024-12-24T07:33:40.334+0000] {logging_mixin.py:190} INFO - [2024-12-24T07:33:40.333+0000] {dag.py:3239} INFO - Sync 1 DAGs
[2024-12-24T07:33:40.383+0000] {logging_mixin.py:190} INFO - [2024-12-24T07:33:40.383+0000] {dag.py:4180} INFO - Setting next_dagrun for example_params_trigger_ui to None, run_after=None
[2024-12-24T07:33:40.428+0000] {processor.py:208} INFO - Processing /home/airflow/.local/lib/python3.12/site-packages/airflow/example_dags/example_params_trigger_ui.py took 0.257 seconds
[2024-12-24T07:34:11.456+0000] {processor.py:186} INFO - Started process (PID=729) to work on /home/airflow/.local/lib/python3.12/site-packages/airflow/example_dags/example_params_trigger_ui.py
[2024-12-24T07:34:11.458+0000] {processor.py:914} INFO - Processing file /home/airflow/.local/lib/python3.12/site-packages/airflow/example_dags/example_params_trigger_ui.py for tasks to queue
[2024-12-24T07:34:11.464+0000] {logging_mixin.py:190} INFO - [2024-12-24T07:34:11.463+0000] {dagbag.py:588} INFO - Filling up the DagBag from /home/airflow/.local/lib/python3.12/site-packages/airflow/example_dags/example_params_trigger_ui.py
[2024-12-24T07:34:11.485+0000] {processor.py:925} INFO - DAG(s) 'example_params_trigger_ui' retrieved from /home/airflow/.local/lib/python3.12/site-packages/airflow/example_dags/example_params_trigger_ui.py
[2024-12-24T07:34:11.575+0000] {logging_mixin.py:190} INFO - [2024-12-24T07:34:11.574+0000] {dag.py:3239} INFO - Sync 1 DAGs
[2024-12-24T07:34:11.598+0000] {logging_mixin.py:190} INFO - [2024-12-24T07:34:11.598+0000] {dag.py:4180} INFO - Setting next_dagrun for example_params_trigger_ui to None, run_after=None
[2024-12-24T07:34:11.627+0000] {processor.py:208} INFO - Processing /home/airflow/.local/lib/python3.12/site-packages/airflow/example_dags/example_params_trigger_ui.py took 0.183 seconds
[2024-12-24T07:34:41.765+0000] {processor.py:186} INFO - Started process (PID=796) to work on /home/airflow/.local/lib/python3.12/site-packages/airflow/example_dags/example_params_trigger_ui.py
[2024-12-24T07:34:41.767+0000] {processor.py:914} INFO - Processing file /home/airflow/.local/lib/python3.12/site-packages/airflow/example_dags/example_params_trigger_ui.py for tasks to queue
[2024-12-24T07:34:41.775+0000] {logging_mixin.py:190} INFO - [2024-12-24T07:34:41.775+0000] {dagbag.py:588} INFO - Filling up the DagBag from /home/airflow/.local/lib/python3.12/site-packages/airflow/example_dags/example_params_trigger_ui.py
[2024-12-24T07:34:41.794+0000] {processor.py:925} INFO - DAG(s) 'example_params_trigger_ui' retrieved from /home/airflow/.local/lib/python3.12/site-packages/airflow/example_dags/example_params_trigger_ui.py
[2024-12-24T07:34:41.879+0000] {logging_mixin.py:190} INFO - [2024-12-24T07:34:41.878+0000] {dag.py:3239} INFO - Sync 1 DAGs
[2024-12-24T07:34:41.900+0000] {logging_mixin.py:190} INFO - [2024-12-24T07:34:41.899+0000] {dag.py:4180} INFO - Setting next_dagrun for example_params_trigger_ui to None, run_after=None
[2024-12-24T07:34:41.943+0000] {processor.py:208} INFO - Processing /home/airflow/.local/lib/python3.12/site-packages/airflow/example_dags/example_params_trigger_ui.py took 0.198 seconds
[2024-12-24T07:35:12.829+0000] {processor.py:186} INFO - Started process (PID=862) to work on /home/airflow/.local/lib/python3.12/site-packages/airflow/example_dags/example_params_trigger_ui.py
[2024-12-24T07:35:12.831+0000] {processor.py:914} INFO - Processing file /home/airflow/.local/lib/python3.12/site-packages/airflow/example_dags/example_params_trigger_ui.py for tasks to queue
[2024-12-24T07:35:12.834+0000] {logging_mixin.py:190} INFO - [2024-12-24T07:35:12.834+0000] {dagbag.py:588} INFO - Filling up the DagBag from /home/airflow/.local/lib/python3.12/site-packages/airflow/example_dags/example_params_trigger_ui.py
[2024-12-24T07:35:12.850+0000] {processor.py:925} INFO - DAG(s) 'example_params_trigger_ui' retrieved from /home/airflow/.local/lib/python3.12/site-packages/airflow/example_dags/example_params_trigger_ui.py
[2024-12-24T07:35:12.906+0000] {logging_mixin.py:190} INFO - [2024-12-24T07:35:12.906+0000] {dag.py:3239} INFO - Sync 1 DAGs
[2024-12-24T07:35:12.926+0000] {logging_mixin.py:190} INFO - [2024-12-24T07:35:12.926+0000] {dag.py:4180} INFO - Setting next_dagrun for example_params_trigger_ui to None, run_after=None
[2024-12-24T07:35:12.956+0000] {processor.py:208} INFO - Processing /home/airflow/.local/lib/python3.12/site-packages/airflow/example_dags/example_params_trigger_ui.py took 0.135 seconds
[2024-12-24T07:35:43.028+0000] {processor.py:186} INFO - Started process (PID=928) to work on /home/airflow/.local/lib/python3.12/site-packages/airflow/example_dags/example_params_trigger_ui.py
[2024-12-24T07:35:43.030+0000] {processor.py:914} INFO - Processing file /home/airflow/.local/lib/python3.12/site-packages/airflow/example_dags/example_params_trigger_ui.py for tasks to queue
[2024-12-24T07:35:43.034+0000] {logging_mixin.py:190} INFO - [2024-12-24T07:35:43.034+0000] {dagbag.py:588} INFO - Filling up the DagBag from /home/airflow/.local/lib/python3.12/site-packages/airflow/example_dags/example_params_trigger_ui.py
[2024-12-24T07:35:43.057+0000] {processor.py:925} INFO - DAG(s) 'example_params_trigger_ui' retrieved from /home/airflow/.local/lib/python3.12/site-packages/airflow/example_dags/example_params_trigger_ui.py
[2024-12-24T07:35:43.129+0000] {logging_mixin.py:190} INFO - [2024-12-24T07:35:43.129+0000] {dag.py:3239} INFO - Sync 1 DAGs
[2024-12-24T07:35:43.155+0000] {logging_mixin.py:190} INFO - [2024-12-24T07:35:43.154+0000] {dag.py:4180} INFO - Setting next_dagrun for example_params_trigger_ui to None, run_after=None
[2024-12-24T07:35:43.190+0000] {processor.py:208} INFO - Processing /home/airflow/.local/lib/python3.12/site-packages/airflow/example_dags/example_params_trigger_ui.py took 0.173 seconds
[2024-12-24T07:36:14.116+0000] {processor.py:186} INFO - Started process (PID=994) to work on /home/airflow/.local/lib/python3.12/site-packages/airflow/example_dags/example_params_trigger_ui.py
[2024-12-24T07:36:14.118+0000] {processor.py:914} INFO - Processing file /home/airflow/.local/lib/python3.12/site-packages/airflow/example_dags/example_params_trigger_ui.py for tasks to queue
[2024-12-24T07:36:14.134+0000] {logging_mixin.py:190} INFO - [2024-12-24T07:36:14.132+0000] {dagbag.py:588} INFO - Filling up the DagBag from /home/airflow/.local/lib/python3.12/site-packages/airflow/example_dags/example_params_trigger_ui.py
[2024-12-24T07:36:14.187+0000] {processor.py:925} INFO - DAG(s) 'example_params_trigger_ui' retrieved from /home/airflow/.local/lib/python3.12/site-packages/airflow/example_dags/example_params_trigger_ui.py
[2024-12-24T07:36:14.396+0000] {logging_mixin.py:190} INFO - [2024-12-24T07:36:14.394+0000] {dag.py:3239} INFO - Sync 1 DAGs
[2024-12-24T07:36:14.433+0000] {logging_mixin.py:190} INFO - [2024-12-24T07:36:14.432+0000] {dag.py:4180} INFO - Setting next_dagrun for example_params_trigger_ui to None, run_after=None
[2024-12-24T07:36:14.482+0000] {processor.py:208} INFO - Processing /home/airflow/.local/lib/python3.12/site-packages/airflow/example_dags/example_params_trigger_ui.py took 0.382 seconds
[2024-12-24T07:36:44.766+0000] {processor.py:186} INFO - Started process (PID=1060) to work on /home/airflow/.local/lib/python3.12/site-packages/airflow/example_dags/example_params_trigger_ui.py
[2024-12-24T07:36:44.768+0000] {processor.py:914} INFO - Processing file /home/airflow/.local/lib/python3.12/site-packages/airflow/example_dags/example_params_trigger_ui.py for tasks to queue
[2024-12-24T07:36:44.774+0000] {logging_mixin.py:190} INFO - [2024-12-24T07:36:44.774+0000] {dagbag.py:588} INFO - Filling up the DagBag from /home/airflow/.local/lib/python3.12/site-packages/airflow/example_dags/example_params_trigger_ui.py
[2024-12-24T07:36:44.797+0000] {processor.py:925} INFO - DAG(s) 'example_params_trigger_ui' retrieved from /home/airflow/.local/lib/python3.12/site-packages/airflow/example_dags/example_params_trigger_ui.py
[2024-12-24T07:36:44.877+0000] {logging_mixin.py:190} INFO - [2024-12-24T07:36:44.877+0000] {dag.py:3239} INFO - Sync 1 DAGs
[2024-12-24T07:36:44.900+0000] {logging_mixin.py:190} INFO - [2024-12-24T07:36:44.900+0000] {dag.py:4180} INFO - Setting next_dagrun for example_params_trigger_ui to None, run_after=None
[2024-12-24T07:36:44.958+0000] {processor.py:208} INFO - Processing /home/airflow/.local/lib/python3.12/site-packages/airflow/example_dags/example_params_trigger_ui.py took 0.203 seconds
[2024-12-24T07:37:15.970+0000] {processor.py:186} INFO - Started process (PID=1126) to work on /home/airflow/.local/lib/python3.12/site-packages/airflow/example_dags/example_params_trigger_ui.py
[2024-12-24T07:37:15.973+0000] {processor.py:914} INFO - Processing file /home/airflow/.local/lib/python3.12/site-packages/airflow/example_dags/example_params_trigger_ui.py for tasks to queue
[2024-12-24T07:37:15.979+0000] {logging_mixin.py:190} INFO - [2024-12-24T07:37:15.978+0000] {dagbag.py:588} INFO - Filling up the DagBag from /home/airflow/.local/lib/python3.12/site-packages/airflow/example_dags/example_params_trigger_ui.py
[2024-12-24T07:37:16.003+0000] {processor.py:925} INFO - DAG(s) 'example_params_trigger_ui' retrieved from /home/airflow/.local/lib/python3.12/site-packages/airflow/example_dags/example_params_trigger_ui.py
[2024-12-24T07:37:16.092+0000] {logging_mixin.py:190} INFO - [2024-12-24T07:37:16.091+0000] {dag.py:3239} INFO - Sync 1 DAGs
[2024-12-24T07:37:16.122+0000] {logging_mixin.py:190} INFO - [2024-12-24T07:37:16.121+0000] {dag.py:4180} INFO - Setting next_dagrun for example_params_trigger_ui to None, run_after=None
[2024-12-24T07:37:16.154+0000] {processor.py:208} INFO - Processing /home/airflow/.local/lib/python3.12/site-packages/airflow/example_dags/example_params_trigger_ui.py took 0.197 seconds
[2024-12-24T07:37:46.400+0000] {processor.py:186} INFO - Started process (PID=1192) to work on /home/airflow/.local/lib/python3.12/site-packages/airflow/example_dags/example_params_trigger_ui.py
[2024-12-24T07:37:46.404+0000] {processor.py:914} INFO - Processing file /home/airflow/.local/lib/python3.12/site-packages/airflow/example_dags/example_params_trigger_ui.py for tasks to queue
[2024-12-24T07:37:46.413+0000] {logging_mixin.py:190} INFO - [2024-12-24T07:37:46.412+0000] {dagbag.py:588} INFO - Filling up the DagBag from /home/airflow/.local/lib/python3.12/site-packages/airflow/example_dags/example_params_trigger_ui.py
[2024-12-24T07:37:46.470+0000] {processor.py:925} INFO - DAG(s) 'example_params_trigger_ui' retrieved from /home/airflow/.local/lib/python3.12/site-packages/airflow/example_dags/example_params_trigger_ui.py
[2024-12-24T07:37:46.552+0000] {logging_mixin.py:190} INFO - [2024-12-24T07:37:46.550+0000] {dag.py:3239} INFO - Sync 1 DAGs
[2024-12-24T07:37:46.585+0000] {logging_mixin.py:190} INFO - [2024-12-24T07:37:46.585+0000] {dag.py:4180} INFO - Setting next_dagrun for example_params_trigger_ui to None, run_after=None
[2024-12-24T07:37:46.631+0000] {processor.py:208} INFO - Processing /home/airflow/.local/lib/python3.12/site-packages/airflow/example_dags/example_params_trigger_ui.py took 0.244 seconds
[2024-12-24T07:38:17.228+0000] {processor.py:186} INFO - Started process (PID=1258) to work on /home/airflow/.local/lib/python3.12/site-packages/airflow/example_dags/example_params_trigger_ui.py
[2024-12-24T07:38:17.230+0000] {processor.py:914} INFO - Processing file /home/airflow/.local/lib/python3.12/site-packages/airflow/example_dags/example_params_trigger_ui.py for tasks to queue
[2024-12-24T07:38:17.234+0000] {logging_mixin.py:190} INFO - [2024-12-24T07:38:17.234+0000] {dagbag.py:588} INFO - Filling up the DagBag from /home/airflow/.local/lib/python3.12/site-packages/airflow/example_dags/example_params_trigger_ui.py
[2024-12-24T07:38:17.256+0000] {processor.py:925} INFO - DAG(s) 'example_params_trigger_ui' retrieved from /home/airflow/.local/lib/python3.12/site-packages/airflow/example_dags/example_params_trigger_ui.py
[2024-12-24T07:38:17.338+0000] {logging_mixin.py:190} INFO - [2024-12-24T07:38:17.337+0000] {dag.py:3239} INFO - Sync 1 DAGs
[2024-12-24T07:38:17.363+0000] {logging_mixin.py:190} INFO - [2024-12-24T07:38:17.363+0000] {dag.py:4180} INFO - Setting next_dagrun for example_params_trigger_ui to None, run_after=None
[2024-12-24T07:38:17.397+0000] {processor.py:208} INFO - Processing /home/airflow/.local/lib/python3.12/site-packages/airflow/example_dags/example_params_trigger_ui.py took 0.178 seconds
[2024-12-24T07:38:47.904+0000] {processor.py:186} INFO - Started process (PID=1323) to work on /home/airflow/.local/lib/python3.12/site-packages/airflow/example_dags/example_params_trigger_ui.py
[2024-12-24T07:38:47.907+0000] {processor.py:914} INFO - Processing file /home/airflow/.local/lib/python3.12/site-packages/airflow/example_dags/example_params_trigger_ui.py for tasks to queue
[2024-12-24T07:38:47.912+0000] {logging_mixin.py:190} INFO - [2024-12-24T07:38:47.912+0000] {dagbag.py:588} INFO - Filling up the DagBag from /home/airflow/.local/lib/python3.12/site-packages/airflow/example_dags/example_params_trigger_ui.py
[2024-12-24T07:38:47.932+0000] {processor.py:925} INFO - DAG(s) 'example_params_trigger_ui' retrieved from /home/airflow/.local/lib/python3.12/site-packages/airflow/example_dags/example_params_trigger_ui.py
[2024-12-24T07:38:48.012+0000] {logging_mixin.py:190} INFO - [2024-12-24T07:38:48.010+0000] {dag.py:3239} INFO - Sync 1 DAGs
[2024-12-24T07:38:48.034+0000] {logging_mixin.py:190} INFO - [2024-12-24T07:38:48.034+0000] {dag.py:4180} INFO - Setting next_dagrun for example_params_trigger_ui to None, run_after=None
[2024-12-24T07:38:48.074+0000] {processor.py:208} INFO - Processing /home/airflow/.local/lib/python3.12/site-packages/airflow/example_dags/example_params_trigger_ui.py took 0.181 seconds
[2024-12-24T07:39:18.713+0000] {processor.py:186} INFO - Started process (PID=1390) to work on /home/airflow/.local/lib/python3.12/site-packages/airflow/example_dags/example_params_trigger_ui.py
[2024-12-24T07:39:18.716+0000] {processor.py:914} INFO - Processing file /home/airflow/.local/lib/python3.12/site-packages/airflow/example_dags/example_params_trigger_ui.py for tasks to queue
[2024-12-24T07:39:18.721+0000] {logging_mixin.py:190} INFO - [2024-12-24T07:39:18.720+0000] {dagbag.py:588} INFO - Filling up the DagBag from /home/airflow/.local/lib/python3.12/site-packages/airflow/example_dags/example_params_trigger_ui.py
[2024-12-24T07:39:18.749+0000] {processor.py:925} INFO - DAG(s) 'example_params_trigger_ui' retrieved from /home/airflow/.local/lib/python3.12/site-packages/airflow/example_dags/example_params_trigger_ui.py
[2024-12-24T07:39:18.870+0000] {logging_mixin.py:190} INFO - [2024-12-24T07:39:18.868+0000] {dag.py:3239} INFO - Sync 1 DAGs
[2024-12-24T07:39:18.914+0000] {logging_mixin.py:190} INFO - [2024-12-24T07:39:18.914+0000] {dag.py:4180} INFO - Setting next_dagrun for example_params_trigger_ui to None, run_after=None
[2024-12-24T07:39:18.969+0000] {processor.py:208} INFO - Processing /home/airflow/.local/lib/python3.12/site-packages/airflow/example_dags/example_params_trigger_ui.py took 0.269 seconds
[2024-12-24T07:39:49.124+0000] {processor.py:186} INFO - Started process (PID=1462) to work on /home/airflow/.local/lib/python3.12/site-packages/airflow/example_dags/example_params_trigger_ui.py
[2024-12-24T07:39:49.125+0000] {processor.py:914} INFO - Processing file /home/airflow/.local/lib/python3.12/site-packages/airflow/example_dags/example_params_trigger_ui.py for tasks to queue
[2024-12-24T07:39:49.129+0000] {logging_mixin.py:190} INFO - [2024-12-24T07:39:49.128+0000] {dagbag.py:588} INFO - Filling up the DagBag from /home/airflow/.local/lib/python3.12/site-packages/airflow/example_dags/example_params_trigger_ui.py
[2024-12-24T07:39:49.148+0000] {processor.py:925} INFO - DAG(s) 'example_params_trigger_ui' retrieved from /home/airflow/.local/lib/python3.12/site-packages/airflow/example_dags/example_params_trigger_ui.py
[2024-12-24T07:39:49.237+0000] {logging_mixin.py:190} INFO - [2024-12-24T07:39:49.236+0000] {dag.py:3239} INFO - Sync 1 DAGs
[2024-12-24T07:39:49.260+0000] {logging_mixin.py:190} INFO - [2024-12-24T07:39:49.259+0000] {dag.py:4180} INFO - Setting next_dagrun for example_params_trigger_ui to None, run_after=None
[2024-12-24T07:39:49.291+0000] {processor.py:208} INFO - Processing /home/airflow/.local/lib/python3.12/site-packages/airflow/example_dags/example_params_trigger_ui.py took 0.175 seconds
[2024-12-24T07:40:19.586+0000] {processor.py:186} INFO - Started process (PID=1528) to work on /home/airflow/.local/lib/python3.12/site-packages/airflow/example_dags/example_params_trigger_ui.py
[2024-12-24T07:40:19.587+0000] {processor.py:914} INFO - Processing file /home/airflow/.local/lib/python3.12/site-packages/airflow/example_dags/example_params_trigger_ui.py for tasks to queue
[2024-12-24T07:40:19.592+0000] {logging_mixin.py:190} INFO - [2024-12-24T07:40:19.591+0000] {dagbag.py:588} INFO - Filling up the DagBag from /home/airflow/.local/lib/python3.12/site-packages/airflow/example_dags/example_params_trigger_ui.py
[2024-12-24T07:40:19.613+0000] {processor.py:925} INFO - DAG(s) 'example_params_trigger_ui' retrieved from /home/airflow/.local/lib/python3.12/site-packages/airflow/example_dags/example_params_trigger_ui.py
[2024-12-24T07:40:19.688+0000] {logging_mixin.py:190} INFO - [2024-12-24T07:40:19.688+0000] {dag.py:3239} INFO - Sync 1 DAGs
[2024-12-24T07:40:19.718+0000] {logging_mixin.py:190} INFO - [2024-12-24T07:40:19.718+0000] {dag.py:4180} INFO - Setting next_dagrun for example_params_trigger_ui to None, run_after=None
[2024-12-24T07:40:19.760+0000] {processor.py:208} INFO - Processing /home/airflow/.local/lib/python3.12/site-packages/airflow/example_dags/example_params_trigger_ui.py took 0.182 seconds
[2024-12-24T07:40:50.961+0000] {processor.py:186} INFO - Started process (PID=1594) to work on /home/airflow/.local/lib/python3.12/site-packages/airflow/example_dags/example_params_trigger_ui.py
[2024-12-24T07:40:50.965+0000] {processor.py:914} INFO - Processing file /home/airflow/.local/lib/python3.12/site-packages/airflow/example_dags/example_params_trigger_ui.py for tasks to queue
[2024-12-24T07:40:50.971+0000] {logging_mixin.py:190} INFO - [2024-12-24T07:40:50.970+0000] {dagbag.py:588} INFO - Filling up the DagBag from /home/airflow/.local/lib/python3.12/site-packages/airflow/example_dags/example_params_trigger_ui.py
[2024-12-24T07:40:51.043+0000] {processor.py:925} INFO - DAG(s) 'example_params_trigger_ui' retrieved from /home/airflow/.local/lib/python3.12/site-packages/airflow/example_dags/example_params_trigger_ui.py
[2024-12-24T07:40:51.139+0000] {logging_mixin.py:190} INFO - [2024-12-24T07:40:51.138+0000] {dag.py:3239} INFO - Sync 1 DAGs
[2024-12-24T07:40:51.168+0000] {logging_mixin.py:190} INFO - [2024-12-24T07:40:51.167+0000] {dag.py:4180} INFO - Setting next_dagrun for example_params_trigger_ui to None, run_after=None
[2024-12-24T07:40:51.225+0000] {processor.py:208} INFO - Processing /home/airflow/.local/lib/python3.12/site-packages/airflow/example_dags/example_params_trigger_ui.py took 0.289 seconds
[2024-12-24T07:41:21.580+0000] {processor.py:186} INFO - Started process (PID=1660) to work on /home/airflow/.local/lib/python3.12/site-packages/airflow/example_dags/example_params_trigger_ui.py
[2024-12-24T07:41:21.582+0000] {processor.py:914} INFO - Processing file /home/airflow/.local/lib/python3.12/site-packages/airflow/example_dags/example_params_trigger_ui.py for tasks to queue
[2024-12-24T07:41:21.586+0000] {logging_mixin.py:190} INFO - [2024-12-24T07:41:21.584+0000] {dagbag.py:588} INFO - Filling up the DagBag from /home/airflow/.local/lib/python3.12/site-packages/airflow/example_dags/example_params_trigger_ui.py
[2024-12-24T07:41:21.614+0000] {processor.py:925} INFO - DAG(s) 'example_params_trigger_ui' retrieved from /home/airflow/.local/lib/python3.12/site-packages/airflow/example_dags/example_params_trigger_ui.py
[2024-12-24T07:41:21.694+0000] {logging_mixin.py:190} INFO - [2024-12-24T07:41:21.694+0000] {dag.py:3239} INFO - Sync 1 DAGs
[2024-12-24T07:41:21.721+0000] {logging_mixin.py:190} INFO - [2024-12-24T07:41:21.720+0000] {dag.py:4180} INFO - Setting next_dagrun for example_params_trigger_ui to None, run_after=None
[2024-12-24T07:41:21.757+0000] {processor.py:208} INFO - Processing /home/airflow/.local/lib/python3.12/site-packages/airflow/example_dags/example_params_trigger_ui.py took 0.190 seconds
[2024-12-24T07:41:52.642+0000] {processor.py:186} INFO - Started process (PID=1726) to work on /home/airflow/.local/lib/python3.12/site-packages/airflow/example_dags/example_params_trigger_ui.py
[2024-12-24T07:41:52.647+0000] {processor.py:914} INFO - Processing file /home/airflow/.local/lib/python3.12/site-packages/airflow/example_dags/example_params_trigger_ui.py for tasks to queue
[2024-12-24T07:41:52.655+0000] {logging_mixin.py:190} INFO - [2024-12-24T07:41:52.653+0000] {dagbag.py:588} INFO - Filling up the DagBag from /home/airflow/.local/lib/python3.12/site-packages/airflow/example_dags/example_params_trigger_ui.py
[2024-12-24T07:41:52.695+0000] {processor.py:925} INFO - DAG(s) 'example_params_trigger_ui' retrieved from /home/airflow/.local/lib/python3.12/site-packages/airflow/example_dags/example_params_trigger_ui.py
[2024-12-24T07:41:52.799+0000] {logging_mixin.py:190} INFO - [2024-12-24T07:41:52.799+0000] {dag.py:3239} INFO - Sync 1 DAGs
[2024-12-24T07:41:52.824+0000] {logging_mixin.py:190} INFO - [2024-12-24T07:41:52.824+0000] {dag.py:4180} INFO - Setting next_dagrun for example_params_trigger_ui to None, run_after=None
[2024-12-24T07:41:52.851+0000] {processor.py:208} INFO - Processing /home/airflow/.local/lib/python3.12/site-packages/airflow/example_dags/example_params_trigger_ui.py took 0.229 seconds
