[2024-12-24T07:28:56.446+0000] {processor.py:186} INFO - Started process (PID=52) to work on /home/airflow/.local/lib/python3.12/site-packages/airflow/example_dags/example_sensor_decorator.py
[2024-12-24T07:28:56.447+0000] {processor.py:914} INFO - Processing file /home/airflow/.local/lib/python3.12/site-packages/airflow/example_dags/example_sensor_decorator.py for tasks to queue
[2024-12-24T07:28:56.452+0000] {logging_mixin.py:190} INFO - [2024-12-24T07:28:56.451+0000] {dagbag.py:588} INFO - Filling up the DagBag from /home/airflow/.local/lib/python3.12/site-packages/airflow/example_dags/example_sensor_decorator.py
[2024-12-24T07:28:56.473+0000] {processor.py:925} INFO - DAG(s) 'example_sensor_decorator' retrieved from /home/airflow/.local/lib/python3.12/site-packages/airflow/example_dags/example_sensor_decorator.py
[2024-12-24T07:28:56.661+0000] {logging_mixin.py:190} INFO - [2024-12-24T07:28:56.659+0000] {override.py:1911} INFO - Created Permission View: can read on DAG:example_sensor_decorator
[2024-12-24T07:28:56.689+0000] {logging_mixin.py:190} INFO - [2024-12-24T07:28:56.689+0000] {override.py:1911} INFO - Created Permission View: can edit on DAG:example_sensor_decorator
[2024-12-24T07:28:56.709+0000] {logging_mixin.py:190} INFO - [2024-12-24T07:28:56.708+0000] {override.py:1911} INFO - Created Permission View: can delete on DAG:example_sensor_decorator
[2024-12-24T07:28:56.732+0000] {logging_mixin.py:190} INFO - [2024-12-24T07:28:56.731+0000] {override.py:1911} INFO - Created Permission View: can read on DAG Run:example_sensor_decorator
[2024-12-24T07:28:56.755+0000] {logging_mixin.py:190} INFO - [2024-12-24T07:28:56.755+0000] {override.py:1911} INFO - Created Permission View: can create on DAG Run:example_sensor_decorator
[2024-12-24T07:28:56.779+0000] {logging_mixin.py:190} INFO - [2024-12-24T07:28:56.778+0000] {override.py:1911} INFO - Created Permission View: can delete on DAG Run:example_sensor_decorator
[2024-12-24T07:28:56.804+0000] {logging_mixin.py:190} INFO - [2024-12-24T07:28:56.804+0000] {override.py:1911} INFO - Created Permission View: menu access on DAG Run:example_sensor_decorator
[2024-12-24T07:28:56.807+0000] {logging_mixin.py:190} INFO - [2024-12-24T07:28:56.805+0000] {dag.py:3239} INFO - Sync 1 DAGs
[2024-12-24T07:28:56.846+0000] {logging_mixin.py:190} INFO - [2024-12-24T07:28:56.846+0000] {dag.py:3262} INFO - Creating ORM DAG for example_sensor_decorator
[2024-12-24T07:28:56.849+0000] {logging_mixin.py:190} INFO - [2024-12-24T07:28:56.848+0000] {dag.py:4180} INFO - Setting next_dagrun for example_sensor_decorator to None, run_after=None
[2024-12-24T07:28:56.903+0000] {processor.py:208} INFO - Processing /home/airflow/.local/lib/python3.12/site-packages/airflow/example_dags/example_sensor_decorator.py took 0.466 seconds
[2024-12-24T07:29:27.088+0000] {processor.py:186} INFO - Started process (PID=118) to work on /home/airflow/.local/lib/python3.12/site-packages/airflow/example_dags/example_sensor_decorator.py
[2024-12-24T07:29:27.090+0000] {processor.py:914} INFO - Processing file /home/airflow/.local/lib/python3.12/site-packages/airflow/example_dags/example_sensor_decorator.py for tasks to queue
[2024-12-24T07:29:27.094+0000] {logging_mixin.py:190} INFO - [2024-12-24T07:29:27.094+0000] {dagbag.py:588} INFO - Filling up the DagBag from /home/airflow/.local/lib/python3.12/site-packages/airflow/example_dags/example_sensor_decorator.py
[2024-12-24T07:29:27.109+0000] {processor.py:925} INFO - DAG(s) 'example_sensor_decorator' retrieved from /home/airflow/.local/lib/python3.12/site-packages/airflow/example_dags/example_sensor_decorator.py
[2024-12-24T07:29:27.157+0000] {logging_mixin.py:190} INFO - [2024-12-24T07:29:27.155+0000] {dag.py:3239} INFO - Sync 1 DAGs
[2024-12-24T07:29:27.192+0000] {logging_mixin.py:190} INFO - [2024-12-24T07:29:27.191+0000] {dag.py:4180} INFO - Setting next_dagrun for example_sensor_decorator to None, run_after=None
[2024-12-24T07:29:27.246+0000] {processor.py:208} INFO - Processing /home/airflow/.local/lib/python3.12/site-packages/airflow/example_dags/example_sensor_decorator.py took 0.165 seconds
[2024-12-24T07:29:57.381+0000] {processor.py:186} INFO - Started process (PID=184) to work on /home/airflow/.local/lib/python3.12/site-packages/airflow/example_dags/example_sensor_decorator.py
[2024-12-24T07:29:57.382+0000] {processor.py:914} INFO - Processing file /home/airflow/.local/lib/python3.12/site-packages/airflow/example_dags/example_sensor_decorator.py for tasks to queue
[2024-12-24T07:29:57.386+0000] {logging_mixin.py:190} INFO - [2024-12-24T07:29:57.385+0000] {dagbag.py:588} INFO - Filling up the DagBag from /home/airflow/.local/lib/python3.12/site-packages/airflow/example_dags/example_sensor_decorator.py
[2024-12-24T07:29:57.396+0000] {processor.py:925} INFO - DAG(s) 'example_sensor_decorator' retrieved from /home/airflow/.local/lib/python3.12/site-packages/airflow/example_dags/example_sensor_decorator.py
[2024-12-24T07:29:57.425+0000] {logging_mixin.py:190} INFO - [2024-12-24T07:29:57.424+0000] {dag.py:3239} INFO - Sync 1 DAGs
[2024-12-24T07:29:57.442+0000] {logging_mixin.py:190} INFO - [2024-12-24T07:29:57.442+0000] {dag.py:4180} INFO - Setting next_dagrun for example_sensor_decorator to None, run_after=None
[2024-12-24T07:29:57.468+0000] {processor.py:208} INFO - Processing /home/airflow/.local/lib/python3.12/site-packages/airflow/example_dags/example_sensor_decorator.py took 0.094 seconds
[2024-12-24T07:30:28.084+0000] {processor.py:186} INFO - Started process (PID=250) to work on /home/airflow/.local/lib/python3.12/site-packages/airflow/example_dags/example_sensor_decorator.py
[2024-12-24T07:30:28.087+0000] {processor.py:914} INFO - Processing file /home/airflow/.local/lib/python3.12/site-packages/airflow/example_dags/example_sensor_decorator.py for tasks to queue
[2024-12-24T07:30:28.092+0000] {logging_mixin.py:190} INFO - [2024-12-24T07:30:28.091+0000] {dagbag.py:588} INFO - Filling up the DagBag from /home/airflow/.local/lib/python3.12/site-packages/airflow/example_dags/example_sensor_decorator.py
[2024-12-24T07:30:28.104+0000] {processor.py:925} INFO - DAG(s) 'example_sensor_decorator' retrieved from /home/airflow/.local/lib/python3.12/site-packages/airflow/example_dags/example_sensor_decorator.py
[2024-12-24T07:30:28.138+0000] {logging_mixin.py:190} INFO - [2024-12-24T07:30:28.137+0000] {dag.py:3239} INFO - Sync 1 DAGs
[2024-12-24T07:30:28.157+0000] {logging_mixin.py:190} INFO - [2024-12-24T07:30:28.157+0000] {dag.py:4180} INFO - Setting next_dagrun for example_sensor_decorator to None, run_after=None
[2024-12-24T07:30:28.189+0000] {processor.py:208} INFO - Processing /home/airflow/.local/lib/python3.12/site-packages/airflow/example_dags/example_sensor_decorator.py took 0.113 seconds
[2024-12-24T07:30:59.019+0000] {processor.py:186} INFO - Started process (PID=316) to work on /home/airflow/.local/lib/python3.12/site-packages/airflow/example_dags/example_sensor_decorator.py
[2024-12-24T07:30:59.021+0000] {processor.py:914} INFO - Processing file /home/airflow/.local/lib/python3.12/site-packages/airflow/example_dags/example_sensor_decorator.py for tasks to queue
[2024-12-24T07:30:59.025+0000] {logging_mixin.py:190} INFO - [2024-12-24T07:30:59.025+0000] {dagbag.py:588} INFO - Filling up the DagBag from /home/airflow/.local/lib/python3.12/site-packages/airflow/example_dags/example_sensor_decorator.py
[2024-12-24T07:30:59.040+0000] {processor.py:925} INFO - DAG(s) 'example_sensor_decorator' retrieved from /home/airflow/.local/lib/python3.12/site-packages/airflow/example_dags/example_sensor_decorator.py
[2024-12-24T07:30:59.086+0000] {logging_mixin.py:190} INFO - [2024-12-24T07:30:59.085+0000] {dag.py:3239} INFO - Sync 1 DAGs
[2024-12-24T07:30:59.134+0000] {logging_mixin.py:190} INFO - [2024-12-24T07:30:59.133+0000] {dag.py:4180} INFO - Setting next_dagrun for example_sensor_decorator to None, run_after=None
[2024-12-24T07:30:59.175+0000] {processor.py:208} INFO - Processing /home/airflow/.local/lib/python3.12/site-packages/airflow/example_dags/example_sensor_decorator.py took 0.170 seconds
[2024-12-24T07:31:29.426+0000] {processor.py:186} INFO - Started process (PID=381) to work on /home/airflow/.local/lib/python3.12/site-packages/airflow/example_dags/example_sensor_decorator.py
[2024-12-24T07:31:29.429+0000] {processor.py:914} INFO - Processing file /home/airflow/.local/lib/python3.12/site-packages/airflow/example_dags/example_sensor_decorator.py for tasks to queue
[2024-12-24T07:31:29.436+0000] {logging_mixin.py:190} INFO - [2024-12-24T07:31:29.436+0000] {dagbag.py:588} INFO - Filling up the DagBag from /home/airflow/.local/lib/python3.12/site-packages/airflow/example_dags/example_sensor_decorator.py
[2024-12-24T07:31:29.456+0000] {processor.py:925} INFO - DAG(s) 'example_sensor_decorator' retrieved from /home/airflow/.local/lib/python3.12/site-packages/airflow/example_dags/example_sensor_decorator.py
[2024-12-24T07:31:29.509+0000] {logging_mixin.py:190} INFO - [2024-12-24T07:31:29.507+0000] {dag.py:3239} INFO - Sync 1 DAGs
[2024-12-24T07:31:29.549+0000] {logging_mixin.py:190} INFO - [2024-12-24T07:31:29.549+0000] {dag.py:4180} INFO - Setting next_dagrun for example_sensor_decorator to None, run_after=None
[2024-12-24T07:31:29.590+0000] {processor.py:208} INFO - Processing /home/airflow/.local/lib/python3.12/site-packages/airflow/example_dags/example_sensor_decorator.py took 0.177 seconds
[2024-12-24T07:31:59.838+0000] {processor.py:186} INFO - Started process (PID=447) to work on /home/airflow/.local/lib/python3.12/site-packages/airflow/example_dags/example_sensor_decorator.py
[2024-12-24T07:31:59.840+0000] {processor.py:914} INFO - Processing file /home/airflow/.local/lib/python3.12/site-packages/airflow/example_dags/example_sensor_decorator.py for tasks to queue
[2024-12-24T07:31:59.846+0000] {logging_mixin.py:190} INFO - [2024-12-24T07:31:59.845+0000] {dagbag.py:588} INFO - Filling up the DagBag from /home/airflow/.local/lib/python3.12/site-packages/airflow/example_dags/example_sensor_decorator.py
[2024-12-24T07:31:59.867+0000] {processor.py:925} INFO - DAG(s) 'example_sensor_decorator' retrieved from /home/airflow/.local/lib/python3.12/site-packages/airflow/example_dags/example_sensor_decorator.py
[2024-12-24T07:31:59.905+0000] {logging_mixin.py:190} INFO - [2024-12-24T07:31:59.905+0000] {dag.py:3239} INFO - Sync 1 DAGs
[2024-12-24T07:31:59.929+0000] {logging_mixin.py:190} INFO - [2024-12-24T07:31:59.928+0000] {dag.py:4180} INFO - Setting next_dagrun for example_sensor_decorator to None, run_after=None
[2024-12-24T07:31:59.970+0000] {processor.py:208} INFO - Processing /home/airflow/.local/lib/python3.12/site-packages/airflow/example_dags/example_sensor_decorator.py took 0.142 seconds
[2024-12-24T07:32:30.303+0000] {processor.py:186} INFO - Started process (PID=513) to work on /home/airflow/.local/lib/python3.12/site-packages/airflow/example_dags/example_sensor_decorator.py
[2024-12-24T07:32:30.305+0000] {processor.py:914} INFO - Processing file /home/airflow/.local/lib/python3.12/site-packages/airflow/example_dags/example_sensor_decorator.py for tasks to queue
[2024-12-24T07:32:30.313+0000] {logging_mixin.py:190} INFO - [2024-12-24T07:32:30.311+0000] {dagbag.py:588} INFO - Filling up the DagBag from /home/airflow/.local/lib/python3.12/site-packages/airflow/example_dags/example_sensor_decorator.py
[2024-12-24T07:32:30.328+0000] {processor.py:925} INFO - DAG(s) 'example_sensor_decorator' retrieved from /home/airflow/.local/lib/python3.12/site-packages/airflow/example_dags/example_sensor_decorator.py
[2024-12-24T07:32:30.365+0000] {logging_mixin.py:190} INFO - [2024-12-24T07:32:30.364+0000] {dag.py:3239} INFO - Sync 1 DAGs
[2024-12-24T07:32:30.385+0000] {logging_mixin.py:190} INFO - [2024-12-24T07:32:30.385+0000] {dag.py:4180} INFO - Setting next_dagrun for example_sensor_decorator to None, run_after=None
[2024-12-24T07:32:30.428+0000] {processor.py:208} INFO - Processing /home/airflow/.local/lib/python3.12/site-packages/airflow/example_dags/example_sensor_decorator.py took 0.135 seconds
[2024-12-24T07:33:02.125+0000] {processor.py:186} INFO - Started process (PID=579) to work on /home/airflow/.local/lib/python3.12/site-packages/airflow/example_dags/example_sensor_decorator.py
[2024-12-24T07:33:02.128+0000] {processor.py:914} INFO - Processing file /home/airflow/.local/lib/python3.12/site-packages/airflow/example_dags/example_sensor_decorator.py for tasks to queue
[2024-12-24T07:33:02.134+0000] {logging_mixin.py:190} INFO - [2024-12-24T07:33:02.133+0000] {dagbag.py:588} INFO - Filling up the DagBag from /home/airflow/.local/lib/python3.12/site-packages/airflow/example_dags/example_sensor_decorator.py
[2024-12-24T07:33:02.154+0000] {processor.py:925} INFO - DAG(s) 'example_sensor_decorator' retrieved from /home/airflow/.local/lib/python3.12/site-packages/airflow/example_dags/example_sensor_decorator.py
[2024-12-24T07:33:02.199+0000] {logging_mixin.py:190} INFO - [2024-12-24T07:33:02.198+0000] {dag.py:3239} INFO - Sync 1 DAGs
[2024-12-24T07:33:02.234+0000] {logging_mixin.py:190} INFO - [2024-12-24T07:33:02.234+0000] {dag.py:4180} INFO - Setting next_dagrun for example_sensor_decorator to None, run_after=None
[2024-12-24T07:33:02.287+0000] {processor.py:208} INFO - Processing /home/airflow/.local/lib/python3.12/site-packages/airflow/example_dags/example_sensor_decorator.py took 0.174 seconds
[2024-12-24T07:33:32.876+0000] {processor.py:186} INFO - Started process (PID=645) to work on /home/airflow/.local/lib/python3.12/site-packages/airflow/example_dags/example_sensor_decorator.py
[2024-12-24T07:33:32.881+0000] {processor.py:914} INFO - Processing file /home/airflow/.local/lib/python3.12/site-packages/airflow/example_dags/example_sensor_decorator.py for tasks to queue
[2024-12-24T07:33:32.886+0000] {logging_mixin.py:190} INFO - [2024-12-24T07:33:32.885+0000] {dagbag.py:588} INFO - Filling up the DagBag from /home/airflow/.local/lib/python3.12/site-packages/airflow/example_dags/example_sensor_decorator.py
[2024-12-24T07:33:32.910+0000] {processor.py:925} INFO - DAG(s) 'example_sensor_decorator' retrieved from /home/airflow/.local/lib/python3.12/site-packages/airflow/example_dags/example_sensor_decorator.py
[2024-12-24T07:33:32.953+0000] {logging_mixin.py:190} INFO - [2024-12-24T07:33:32.951+0000] {dag.py:3239} INFO - Sync 1 DAGs
[2024-12-24T07:33:32.995+0000] {logging_mixin.py:190} INFO - [2024-12-24T07:33:32.995+0000] {dag.py:4180} INFO - Setting next_dagrun for example_sensor_decorator to None, run_after=None
[2024-12-24T07:33:33.041+0000] {processor.py:208} INFO - Processing /home/airflow/.local/lib/python3.12/site-packages/airflow/example_dags/example_sensor_decorator.py took 0.181 seconds
[2024-12-24T07:34:03.710+0000] {processor.py:186} INFO - Started process (PID=711) to work on /home/airflow/.local/lib/python3.12/site-packages/airflow/example_dags/example_sensor_decorator.py
[2024-12-24T07:34:03.713+0000] {processor.py:914} INFO - Processing file /home/airflow/.local/lib/python3.12/site-packages/airflow/example_dags/example_sensor_decorator.py for tasks to queue
[2024-12-24T07:34:03.718+0000] {logging_mixin.py:190} INFO - [2024-12-24T07:34:03.718+0000] {dagbag.py:588} INFO - Filling up the DagBag from /home/airflow/.local/lib/python3.12/site-packages/airflow/example_dags/example_sensor_decorator.py
[2024-12-24T07:34:03.734+0000] {processor.py:925} INFO - DAG(s) 'example_sensor_decorator' retrieved from /home/airflow/.local/lib/python3.12/site-packages/airflow/example_dags/example_sensor_decorator.py
[2024-12-24T07:34:03.772+0000] {logging_mixin.py:190} INFO - [2024-12-24T07:34:03.771+0000] {dag.py:3239} INFO - Sync 1 DAGs
[2024-12-24T07:34:03.798+0000] {logging_mixin.py:190} INFO - [2024-12-24T07:34:03.797+0000] {dag.py:4180} INFO - Setting next_dagrun for example_sensor_decorator to None, run_after=None
[2024-12-24T07:34:03.829+0000] {processor.py:208} INFO - Processing /home/airflow/.local/lib/python3.12/site-packages/airflow/example_dags/example_sensor_decorator.py took 0.130 seconds
[2024-12-24T07:34:34.041+0000] {processor.py:186} INFO - Started process (PID=778) to work on /home/airflow/.local/lib/python3.12/site-packages/airflow/example_dags/example_sensor_decorator.py
[2024-12-24T07:34:34.043+0000] {processor.py:914} INFO - Processing file /home/airflow/.local/lib/python3.12/site-packages/airflow/example_dags/example_sensor_decorator.py for tasks to queue
[2024-12-24T07:34:34.047+0000] {logging_mixin.py:190} INFO - [2024-12-24T07:34:34.047+0000] {dagbag.py:588} INFO - Filling up the DagBag from /home/airflow/.local/lib/python3.12/site-packages/airflow/example_dags/example_sensor_decorator.py
[2024-12-24T07:34:34.065+0000] {processor.py:925} INFO - DAG(s) 'example_sensor_decorator' retrieved from /home/airflow/.local/lib/python3.12/site-packages/airflow/example_dags/example_sensor_decorator.py
[2024-12-24T07:34:34.097+0000] {logging_mixin.py:190} INFO - [2024-12-24T07:34:34.096+0000] {dag.py:3239} INFO - Sync 1 DAGs
[2024-12-24T07:34:34.119+0000] {logging_mixin.py:190} INFO - [2024-12-24T07:34:34.119+0000] {dag.py:4180} INFO - Setting next_dagrun for example_sensor_decorator to None, run_after=None
[2024-12-24T07:34:34.150+0000] {processor.py:208} INFO - Processing /home/airflow/.local/lib/python3.12/site-packages/airflow/example_dags/example_sensor_decorator.py took 0.117 seconds
[2024-12-24T07:35:05.161+0000] {processor.py:186} INFO - Started process (PID=844) to work on /home/airflow/.local/lib/python3.12/site-packages/airflow/example_dags/example_sensor_decorator.py
[2024-12-24T07:35:05.163+0000] {processor.py:914} INFO - Processing file /home/airflow/.local/lib/python3.12/site-packages/airflow/example_dags/example_sensor_decorator.py for tasks to queue
[2024-12-24T07:35:05.167+0000] {logging_mixin.py:190} INFO - [2024-12-24T07:35:05.166+0000] {dagbag.py:588} INFO - Filling up the DagBag from /home/airflow/.local/lib/python3.12/site-packages/airflow/example_dags/example_sensor_decorator.py
[2024-12-24T07:35:05.180+0000] {processor.py:925} INFO - DAG(s) 'example_sensor_decorator' retrieved from /home/airflow/.local/lib/python3.12/site-packages/airflow/example_dags/example_sensor_decorator.py
[2024-12-24T07:35:05.209+0000] {logging_mixin.py:190} INFO - [2024-12-24T07:35:05.208+0000] {dag.py:3239} INFO - Sync 1 DAGs
[2024-12-24T07:35:05.227+0000] {logging_mixin.py:190} INFO - [2024-12-24T07:35:05.227+0000] {dag.py:4180} INFO - Setting next_dagrun for example_sensor_decorator to None, run_after=None
[2024-12-24T07:35:05.258+0000] {processor.py:208} INFO - Processing /home/airflow/.local/lib/python3.12/site-packages/airflow/example_dags/example_sensor_decorator.py took 0.105 seconds
[2024-12-24T07:35:35.932+0000] {processor.py:186} INFO - Started process (PID=910) to work on /home/airflow/.local/lib/python3.12/site-packages/airflow/example_dags/example_sensor_decorator.py
[2024-12-24T07:35:35.934+0000] {processor.py:914} INFO - Processing file /home/airflow/.local/lib/python3.12/site-packages/airflow/example_dags/example_sensor_decorator.py for tasks to queue
[2024-12-24T07:35:35.940+0000] {logging_mixin.py:190} INFO - [2024-12-24T07:35:35.940+0000] {dagbag.py:588} INFO - Filling up the DagBag from /home/airflow/.local/lib/python3.12/site-packages/airflow/example_dags/example_sensor_decorator.py
[2024-12-24T07:35:35.958+0000] {processor.py:925} INFO - DAG(s) 'example_sensor_decorator' retrieved from /home/airflow/.local/lib/python3.12/site-packages/airflow/example_dags/example_sensor_decorator.py
[2024-12-24T07:35:36.010+0000] {logging_mixin.py:190} INFO - [2024-12-24T07:35:36.009+0000] {dag.py:3239} INFO - Sync 1 DAGs
[2024-12-24T07:35:36.046+0000] {logging_mixin.py:190} INFO - [2024-12-24T07:35:36.045+0000] {dag.py:4180} INFO - Setting next_dagrun for example_sensor_decorator to None, run_after=None
[2024-12-24T07:35:36.087+0000] {processor.py:208} INFO - Processing /home/airflow/.local/lib/python3.12/site-packages/airflow/example_dags/example_sensor_decorator.py took 0.171 seconds
[2024-12-24T07:36:06.877+0000] {processor.py:186} INFO - Started process (PID=976) to work on /home/airflow/.local/lib/python3.12/site-packages/airflow/example_dags/example_sensor_decorator.py
[2024-12-24T07:36:06.878+0000] {processor.py:914} INFO - Processing file /home/airflow/.local/lib/python3.12/site-packages/airflow/example_dags/example_sensor_decorator.py for tasks to queue
[2024-12-24T07:36:06.883+0000] {logging_mixin.py:190} INFO - [2024-12-24T07:36:06.883+0000] {dagbag.py:588} INFO - Filling up the DagBag from /home/airflow/.local/lib/python3.12/site-packages/airflow/example_dags/example_sensor_decorator.py
[2024-12-24T07:36:06.898+0000] {processor.py:925} INFO - DAG(s) 'example_sensor_decorator' retrieved from /home/airflow/.local/lib/python3.12/site-packages/airflow/example_dags/example_sensor_decorator.py
[2024-12-24T07:36:06.933+0000] {logging_mixin.py:190} INFO - [2024-12-24T07:36:06.932+0000] {dag.py:3239} INFO - Sync 1 DAGs
[2024-12-24T07:36:06.953+0000] {logging_mixin.py:190} INFO - [2024-12-24T07:36:06.953+0000] {dag.py:4180} INFO - Setting next_dagrun for example_sensor_decorator to None, run_after=None
[2024-12-24T07:36:06.985+0000] {processor.py:208} INFO - Processing /home/airflow/.local/lib/python3.12/site-packages/airflow/example_dags/example_sensor_decorator.py took 0.118 seconds
[2024-12-24T07:36:37.885+0000] {processor.py:186} INFO - Started process (PID=1042) to work on /home/airflow/.local/lib/python3.12/site-packages/airflow/example_dags/example_sensor_decorator.py
[2024-12-24T07:36:37.888+0000] {processor.py:914} INFO - Processing file /home/airflow/.local/lib/python3.12/site-packages/airflow/example_dags/example_sensor_decorator.py for tasks to queue
[2024-12-24T07:36:37.893+0000] {logging_mixin.py:190} INFO - [2024-12-24T07:36:37.893+0000] {dagbag.py:588} INFO - Filling up the DagBag from /home/airflow/.local/lib/python3.12/site-packages/airflow/example_dags/example_sensor_decorator.py
[2024-12-24T07:36:37.912+0000] {processor.py:925} INFO - DAG(s) 'example_sensor_decorator' retrieved from /home/airflow/.local/lib/python3.12/site-packages/airflow/example_dags/example_sensor_decorator.py
[2024-12-24T07:36:37.958+0000] {logging_mixin.py:190} INFO - [2024-12-24T07:36:37.957+0000] {dag.py:3239} INFO - Sync 1 DAGs
[2024-12-24T07:36:37.991+0000] {logging_mixin.py:190} INFO - [2024-12-24T07:36:37.991+0000] {dag.py:4180} INFO - Setting next_dagrun for example_sensor_decorator to None, run_after=None
[2024-12-24T07:36:38.049+0000] {processor.py:208} INFO - Processing /home/airflow/.local/lib/python3.12/site-packages/airflow/example_dags/example_sensor_decorator.py took 0.173 seconds
[2024-12-24T07:37:08.337+0000] {processor.py:186} INFO - Started process (PID=1108) to work on /home/airflow/.local/lib/python3.12/site-packages/airflow/example_dags/example_sensor_decorator.py
[2024-12-24T07:37:08.338+0000] {processor.py:914} INFO - Processing file /home/airflow/.local/lib/python3.12/site-packages/airflow/example_dags/example_sensor_decorator.py for tasks to queue
[2024-12-24T07:37:08.342+0000] {logging_mixin.py:190} INFO - [2024-12-24T07:37:08.342+0000] {dagbag.py:588} INFO - Filling up the DagBag from /home/airflow/.local/lib/python3.12/site-packages/airflow/example_dags/example_sensor_decorator.py
[2024-12-24T07:37:08.357+0000] {processor.py:925} INFO - DAG(s) 'example_sensor_decorator' retrieved from /home/airflow/.local/lib/python3.12/site-packages/airflow/example_dags/example_sensor_decorator.py
[2024-12-24T07:37:08.389+0000] {logging_mixin.py:190} INFO - [2024-12-24T07:37:08.389+0000] {dag.py:3239} INFO - Sync 1 DAGs
[2024-12-24T07:37:08.414+0000] {logging_mixin.py:190} INFO - [2024-12-24T07:37:08.413+0000] {dag.py:4180} INFO - Setting next_dagrun for example_sensor_decorator to None, run_after=None
[2024-12-24T07:37:08.446+0000] {processor.py:208} INFO - Processing /home/airflow/.local/lib/python3.12/site-packages/airflow/example_dags/example_sensor_decorator.py took 0.118 seconds
[2024-12-24T07:37:38.901+0000] {processor.py:186} INFO - Started process (PID=1174) to work on /home/airflow/.local/lib/python3.12/site-packages/airflow/example_dags/example_sensor_decorator.py
[2024-12-24T07:37:38.903+0000] {processor.py:914} INFO - Processing file /home/airflow/.local/lib/python3.12/site-packages/airflow/example_dags/example_sensor_decorator.py for tasks to queue
[2024-12-24T07:37:38.908+0000] {logging_mixin.py:190} INFO - [2024-12-24T07:37:38.908+0000] {dagbag.py:588} INFO - Filling up the DagBag from /home/airflow/.local/lib/python3.12/site-packages/airflow/example_dags/example_sensor_decorator.py
[2024-12-24T07:37:38.926+0000] {processor.py:925} INFO - DAG(s) 'example_sensor_decorator' retrieved from /home/airflow/.local/lib/python3.12/site-packages/airflow/example_dags/example_sensor_decorator.py
[2024-12-24T07:37:38.966+0000] {logging_mixin.py:190} INFO - [2024-12-24T07:37:38.964+0000] {dag.py:3239} INFO - Sync 1 DAGs
[2024-12-24T07:37:38.988+0000] {logging_mixin.py:190} INFO - [2024-12-24T07:37:38.988+0000] {dag.py:4180} INFO - Setting next_dagrun for example_sensor_decorator to None, run_after=None
[2024-12-24T07:37:39.021+0000] {processor.py:208} INFO - Processing /home/airflow/.local/lib/python3.12/site-packages/airflow/example_dags/example_sensor_decorator.py took 0.128 seconds
[2024-12-24T07:38:09.566+0000] {processor.py:186} INFO - Started process (PID=1240) to work on /home/airflow/.local/lib/python3.12/site-packages/airflow/example_dags/example_sensor_decorator.py
[2024-12-24T07:38:09.567+0000] {processor.py:914} INFO - Processing file /home/airflow/.local/lib/python3.12/site-packages/airflow/example_dags/example_sensor_decorator.py for tasks to queue
[2024-12-24T07:38:09.575+0000] {logging_mixin.py:190} INFO - [2024-12-24T07:38:09.574+0000] {dagbag.py:588} INFO - Filling up the DagBag from /home/airflow/.local/lib/python3.12/site-packages/airflow/example_dags/example_sensor_decorator.py
[2024-12-24T07:38:09.638+0000] {processor.py:925} INFO - DAG(s) 'example_sensor_decorator' retrieved from /home/airflow/.local/lib/python3.12/site-packages/airflow/example_dags/example_sensor_decorator.py
[2024-12-24T07:38:09.758+0000] {logging_mixin.py:190} INFO - [2024-12-24T07:38:09.754+0000] {dag.py:3239} INFO - Sync 1 DAGs
[2024-12-24T07:38:09.812+0000] {logging_mixin.py:190} INFO - [2024-12-24T07:38:09.812+0000] {dag.py:4180} INFO - Setting next_dagrun for example_sensor_decorator to None, run_after=None
[2024-12-24T07:38:09.860+0000] {processor.py:208} INFO - Processing /home/airflow/.local/lib/python3.12/site-packages/airflow/example_dags/example_sensor_decorator.py took 0.462 seconds
[2024-12-24T07:38:40.652+0000] {processor.py:186} INFO - Started process (PID=1305) to work on /home/airflow/.local/lib/python3.12/site-packages/airflow/example_dags/example_sensor_decorator.py
[2024-12-24T07:38:40.654+0000] {processor.py:914} INFO - Processing file /home/airflow/.local/lib/python3.12/site-packages/airflow/example_dags/example_sensor_decorator.py for tasks to queue
[2024-12-24T07:38:40.660+0000] {logging_mixin.py:190} INFO - [2024-12-24T07:38:40.659+0000] {dagbag.py:588} INFO - Filling up the DagBag from /home/airflow/.local/lib/python3.12/site-packages/airflow/example_dags/example_sensor_decorator.py
[2024-12-24T07:38:40.676+0000] {processor.py:925} INFO - DAG(s) 'example_sensor_decorator' retrieved from /home/airflow/.local/lib/python3.12/site-packages/airflow/example_dags/example_sensor_decorator.py
[2024-12-24T07:38:40.710+0000] {logging_mixin.py:190} INFO - [2024-12-24T07:38:40.708+0000] {dag.py:3239} INFO - Sync 1 DAGs
[2024-12-24T07:38:40.733+0000] {logging_mixin.py:190} INFO - [2024-12-24T07:38:40.732+0000] {dag.py:4180} INFO - Setting next_dagrun for example_sensor_decorator to None, run_after=None
[2024-12-24T07:38:40.770+0000] {processor.py:208} INFO - Processing /home/airflow/.local/lib/python3.12/site-packages/airflow/example_dags/example_sensor_decorator.py took 0.127 seconds
[2024-12-24T07:39:11.091+0000] {processor.py:186} INFO - Started process (PID=1371) to work on /home/airflow/.local/lib/python3.12/site-packages/airflow/example_dags/example_sensor_decorator.py
[2024-12-24T07:39:11.093+0000] {processor.py:914} INFO - Processing file /home/airflow/.local/lib/python3.12/site-packages/airflow/example_dags/example_sensor_decorator.py for tasks to queue
[2024-12-24T07:39:11.097+0000] {logging_mixin.py:190} INFO - [2024-12-24T07:39:11.097+0000] {dagbag.py:588} INFO - Filling up the DagBag from /home/airflow/.local/lib/python3.12/site-packages/airflow/example_dags/example_sensor_decorator.py
[2024-12-24T07:39:11.113+0000] {processor.py:925} INFO - DAG(s) 'example_sensor_decorator' retrieved from /home/airflow/.local/lib/python3.12/site-packages/airflow/example_dags/example_sensor_decorator.py
[2024-12-24T07:39:11.149+0000] {logging_mixin.py:190} INFO - [2024-12-24T07:39:11.148+0000] {dag.py:3239} INFO - Sync 1 DAGs
[2024-12-24T07:39:11.174+0000] {logging_mixin.py:190} INFO - [2024-12-24T07:39:11.174+0000] {dag.py:4180} INFO - Setting next_dagrun for example_sensor_decorator to None, run_after=None
[2024-12-24T07:39:11.210+0000] {processor.py:208} INFO - Processing /home/airflow/.local/lib/python3.12/site-packages/airflow/example_dags/example_sensor_decorator.py took 0.131 seconds
[2024-12-24T07:39:41.642+0000] {processor.py:186} INFO - Started process (PID=1437) to work on /home/airflow/.local/lib/python3.12/site-packages/airflow/example_dags/example_sensor_decorator.py
[2024-12-24T07:39:41.643+0000] {processor.py:914} INFO - Processing file /home/airflow/.local/lib/python3.12/site-packages/airflow/example_dags/example_sensor_decorator.py for tasks to queue
[2024-12-24T07:39:41.647+0000] {logging_mixin.py:190} INFO - [2024-12-24T07:39:41.646+0000] {dagbag.py:588} INFO - Filling up the DagBag from /home/airflow/.local/lib/python3.12/site-packages/airflow/example_dags/example_sensor_decorator.py
[2024-12-24T07:39:41.659+0000] {processor.py:925} INFO - DAG(s) 'example_sensor_decorator' retrieved from /home/airflow/.local/lib/python3.12/site-packages/airflow/example_dags/example_sensor_decorator.py
[2024-12-24T07:39:41.688+0000] {logging_mixin.py:190} INFO - [2024-12-24T07:39:41.687+0000] {dag.py:3239} INFO - Sync 1 DAGs
[2024-12-24T07:39:41.706+0000] {logging_mixin.py:190} INFO - [2024-12-24T07:39:41.706+0000] {dag.py:4180} INFO - Setting next_dagrun for example_sensor_decorator to None, run_after=None
[2024-12-24T07:39:41.732+0000] {processor.py:208} INFO - Processing /home/airflow/.local/lib/python3.12/site-packages/airflow/example_dags/example_sensor_decorator.py took 0.099 seconds
[2024-12-24T07:40:12.075+0000] {processor.py:186} INFO - Started process (PID=1503) to work on /home/airflow/.local/lib/python3.12/site-packages/airflow/example_dags/example_sensor_decorator.py
[2024-12-24T07:40:12.076+0000] {processor.py:914} INFO - Processing file /home/airflow/.local/lib/python3.12/site-packages/airflow/example_dags/example_sensor_decorator.py for tasks to queue
[2024-12-24T07:40:12.078+0000] {logging_mixin.py:190} INFO - [2024-12-24T07:40:12.077+0000] {dagbag.py:588} INFO - Filling up the DagBag from /home/airflow/.local/lib/python3.12/site-packages/airflow/example_dags/example_sensor_decorator.py
[2024-12-24T07:40:12.091+0000] {processor.py:925} INFO - DAG(s) 'example_sensor_decorator' retrieved from /home/airflow/.local/lib/python3.12/site-packages/airflow/example_dags/example_sensor_decorator.py
[2024-12-24T07:40:12.120+0000] {logging_mixin.py:190} INFO - [2024-12-24T07:40:12.120+0000] {dag.py:3239} INFO - Sync 1 DAGs
[2024-12-24T07:40:12.141+0000] {logging_mixin.py:190} INFO - [2024-12-24T07:40:12.141+0000] {dag.py:4180} INFO - Setting next_dagrun for example_sensor_decorator to None, run_after=None
[2024-12-24T07:40:12.169+0000] {processor.py:208} INFO - Processing /home/airflow/.local/lib/python3.12/site-packages/airflow/example_dags/example_sensor_decorator.py took 0.103 seconds
[2024-12-24T07:40:43.018+0000] {processor.py:186} INFO - Started process (PID=1569) to work on /home/airflow/.local/lib/python3.12/site-packages/airflow/example_dags/example_sensor_decorator.py
[2024-12-24T07:40:43.019+0000] {processor.py:914} INFO - Processing file /home/airflow/.local/lib/python3.12/site-packages/airflow/example_dags/example_sensor_decorator.py for tasks to queue
[2024-12-24T07:40:43.022+0000] {logging_mixin.py:190} INFO - [2024-12-24T07:40:43.021+0000] {dagbag.py:588} INFO - Filling up the DagBag from /home/airflow/.local/lib/python3.12/site-packages/airflow/example_dags/example_sensor_decorator.py
[2024-12-24T07:40:43.042+0000] {processor.py:925} INFO - DAG(s) 'example_sensor_decorator' retrieved from /home/airflow/.local/lib/python3.12/site-packages/airflow/example_dags/example_sensor_decorator.py
[2024-12-24T07:40:43.084+0000] {logging_mixin.py:190} INFO - [2024-12-24T07:40:43.083+0000] {dag.py:3239} INFO - Sync 1 DAGs
[2024-12-24T07:40:43.108+0000] {logging_mixin.py:190} INFO - [2024-12-24T07:40:43.108+0000] {dag.py:4180} INFO - Setting next_dagrun for example_sensor_decorator to None, run_after=None
[2024-12-24T07:40:43.157+0000] {processor.py:208} INFO - Processing /home/airflow/.local/lib/python3.12/site-packages/airflow/example_dags/example_sensor_decorator.py took 0.147 seconds
[2024-12-24T07:41:13.969+0000] {processor.py:186} INFO - Started process (PID=1635) to work on /home/airflow/.local/lib/python3.12/site-packages/airflow/example_dags/example_sensor_decorator.py
[2024-12-24T07:41:13.973+0000] {processor.py:914} INFO - Processing file /home/airflow/.local/lib/python3.12/site-packages/airflow/example_dags/example_sensor_decorator.py for tasks to queue
[2024-12-24T07:41:13.978+0000] {logging_mixin.py:190} INFO - [2024-12-24T07:41:13.977+0000] {dagbag.py:588} INFO - Filling up the DagBag from /home/airflow/.local/lib/python3.12/site-packages/airflow/example_dags/example_sensor_decorator.py
[2024-12-24T07:41:13.997+0000] {processor.py:925} INFO - DAG(s) 'example_sensor_decorator' retrieved from /home/airflow/.local/lib/python3.12/site-packages/airflow/example_dags/example_sensor_decorator.py
[2024-12-24T07:41:14.051+0000] {logging_mixin.py:190} INFO - [2024-12-24T07:41:14.050+0000] {dag.py:3239} INFO - Sync 1 DAGs
[2024-12-24T07:41:14.085+0000] {logging_mixin.py:190} INFO - [2024-12-24T07:41:14.084+0000] {dag.py:4180} INFO - Setting next_dagrun for example_sensor_decorator to None, run_after=None
[2024-12-24T07:41:14.131+0000] {processor.py:208} INFO - Processing /home/airflow/.local/lib/python3.12/site-packages/airflow/example_dags/example_sensor_decorator.py took 0.174 seconds
[2024-12-24T07:41:45.046+0000] {processor.py:186} INFO - Started process (PID=1702) to work on /home/airflow/.local/lib/python3.12/site-packages/airflow/example_dags/example_sensor_decorator.py
[2024-12-24T07:41:45.047+0000] {processor.py:914} INFO - Processing file /home/airflow/.local/lib/python3.12/site-packages/airflow/example_dags/example_sensor_decorator.py for tasks to queue
[2024-12-24T07:41:45.049+0000] {logging_mixin.py:190} INFO - [2024-12-24T07:41:45.049+0000] {dagbag.py:588} INFO - Filling up the DagBag from /home/airflow/.local/lib/python3.12/site-packages/airflow/example_dags/example_sensor_decorator.py
[2024-12-24T07:41:45.064+0000] {processor.py:925} INFO - DAG(s) 'example_sensor_decorator' retrieved from /home/airflow/.local/lib/python3.12/site-packages/airflow/example_dags/example_sensor_decorator.py
[2024-12-24T07:41:45.094+0000] {logging_mixin.py:190} INFO - [2024-12-24T07:41:45.093+0000] {dag.py:3239} INFO - Sync 1 DAGs
[2024-12-24T07:41:45.120+0000] {logging_mixin.py:190} INFO - [2024-12-24T07:41:45.119+0000] {dag.py:4180} INFO - Setting next_dagrun for example_sensor_decorator to None, run_after=None
[2024-12-24T07:41:45.147+0000] {processor.py:208} INFO - Processing /home/airflow/.local/lib/python3.12/site-packages/airflow/example_dags/example_sensor_decorator.py took 0.111 seconds
