[2024-12-24T07:29:06.493+0000] {processor.py:186} INFO - Started process (PID=89) to work on /home/airflow/.local/lib/python3.12/site-packages/airflow/example_dags/example_nested_branch_dag.py
[2024-12-24T07:29:06.495+0000] {processor.py:914} INFO - Processing file /home/airflow/.local/lib/python3.12/site-packages/airflow/example_dags/example_nested_branch_dag.py for tasks to queue
[2024-12-24T07:29:06.499+0000] {logging_mixin.py:190} INFO - [2024-12-24T07:29:06.499+0000] {dagbag.py:588} INFO - Filling up the DagBag from /home/airflow/.local/lib/python3.12/site-packages/airflow/example_dags/example_nested_branch_dag.py
[2024-12-24T07:29:06.523+0000] {processor.py:925} INFO - DAG(s) 'example_nested_branch_dag' retrieved from /home/airflow/.local/lib/python3.12/site-packages/airflow/example_dags/example_nested_branch_dag.py
[2024-12-24T07:29:06.686+0000] {logging_mixin.py:190} INFO - [2024-12-24T07:29:06.684+0000] {override.py:1911} INFO - Created Permission View: can read on DAG:example_nested_branch_dag
[2024-12-24T07:29:06.709+0000] {logging_mixin.py:190} INFO - [2024-12-24T07:29:06.709+0000] {override.py:1911} INFO - Created Permission View: can edit on DAG:example_nested_branch_dag
[2024-12-24T07:29:06.732+0000] {logging_mixin.py:190} INFO - [2024-12-24T07:29:06.731+0000] {override.py:1911} INFO - Created Permission View: can delete on DAG:example_nested_branch_dag
[2024-12-24T07:29:06.754+0000] {logging_mixin.py:190} INFO - [2024-12-24T07:29:06.753+0000] {override.py:1911} INFO - Created Permission View: can read on DAG Run:example_nested_branch_dag
[2024-12-24T07:29:06.774+0000] {logging_mixin.py:190} INFO - [2024-12-24T07:29:06.774+0000] {override.py:1911} INFO - Created Permission View: can create on DAG Run:example_nested_branch_dag
[2024-12-24T07:29:06.794+0000] {logging_mixin.py:190} INFO - [2024-12-24T07:29:06.794+0000] {override.py:1911} INFO - Created Permission View: can delete on DAG Run:example_nested_branch_dag
[2024-12-24T07:29:06.815+0000] {logging_mixin.py:190} INFO - [2024-12-24T07:29:06.814+0000] {override.py:1911} INFO - Created Permission View: menu access on DAG Run:example_nested_branch_dag
[2024-12-24T07:29:06.818+0000] {logging_mixin.py:190} INFO - [2024-12-24T07:29:06.817+0000] {dag.py:3239} INFO - Sync 1 DAGs
[2024-12-24T07:29:06.855+0000] {logging_mixin.py:190} INFO - [2024-12-24T07:29:06.855+0000] {dag.py:3262} INFO - Creating ORM DAG for example_nested_branch_dag
[2024-12-24T07:29:06.879+0000] {logging_mixin.py:190} INFO - [2024-12-24T07:29:06.879+0000] {dag.py:4180} INFO - Setting next_dagrun for example_nested_branch_dag to 2024-12-23 00:00:00+00:00, run_after=2024-12-24 00:00:00+00:00
[2024-12-24T07:29:06.931+0000] {processor.py:208} INFO - Processing /home/airflow/.local/lib/python3.12/site-packages/airflow/example_dags/example_nested_branch_dag.py took 0.446 seconds
[2024-12-24T07:29:37.150+0000] {processor.py:186} INFO - Started process (PID=155) to work on /home/airflow/.local/lib/python3.12/site-packages/airflow/example_dags/example_nested_branch_dag.py
[2024-12-24T07:29:37.152+0000] {processor.py:914} INFO - Processing file /home/airflow/.local/lib/python3.12/site-packages/airflow/example_dags/example_nested_branch_dag.py for tasks to queue
[2024-12-24T07:29:37.156+0000] {logging_mixin.py:190} INFO - [2024-12-24T07:29:37.155+0000] {dagbag.py:588} INFO - Filling up the DagBag from /home/airflow/.local/lib/python3.12/site-packages/airflow/example_dags/example_nested_branch_dag.py
[2024-12-24T07:29:37.170+0000] {processor.py:925} INFO - DAG(s) 'example_nested_branch_dag' retrieved from /home/airflow/.local/lib/python3.12/site-packages/airflow/example_dags/example_nested_branch_dag.py
[2024-12-24T07:29:37.199+0000] {logging_mixin.py:190} INFO - [2024-12-24T07:29:37.198+0000] {dag.py:3239} INFO - Sync 1 DAGs
[2024-12-24T07:29:37.229+0000] {logging_mixin.py:190} INFO - [2024-12-24T07:29:37.229+0000] {dag.py:4180} INFO - Setting next_dagrun for example_nested_branch_dag to 2024-12-23 00:00:00+00:00, run_after=2024-12-24 00:00:00+00:00
[2024-12-24T07:29:37.258+0000] {processor.py:208} INFO - Processing /home/airflow/.local/lib/python3.12/site-packages/airflow/example_dags/example_nested_branch_dag.py took 0.115 seconds
[2024-12-24T07:30:07.796+0000] {processor.py:186} INFO - Started process (PID=221) to work on /home/airflow/.local/lib/python3.12/site-packages/airflow/example_dags/example_nested_branch_dag.py
[2024-12-24T07:30:07.801+0000] {processor.py:914} INFO - Processing file /home/airflow/.local/lib/python3.12/site-packages/airflow/example_dags/example_nested_branch_dag.py for tasks to queue
[2024-12-24T07:30:07.809+0000] {logging_mixin.py:190} INFO - [2024-12-24T07:30:07.809+0000] {dagbag.py:588} INFO - Filling up the DagBag from /home/airflow/.local/lib/python3.12/site-packages/airflow/example_dags/example_nested_branch_dag.py
[2024-12-24T07:30:07.837+0000] {processor.py:925} INFO - DAG(s) 'example_nested_branch_dag' retrieved from /home/airflow/.local/lib/python3.12/site-packages/airflow/example_dags/example_nested_branch_dag.py
[2024-12-24T07:30:07.909+0000] {logging_mixin.py:190} INFO - [2024-12-24T07:30:07.909+0000] {dag.py:3239} INFO - Sync 1 DAGs
[2024-12-24T07:30:07.975+0000] {logging_mixin.py:190} INFO - [2024-12-24T07:30:07.974+0000] {dag.py:4180} INFO - Setting next_dagrun for example_nested_branch_dag to 2024-12-23 00:00:00+00:00, run_after=2024-12-24 00:00:00+00:00
[2024-12-24T07:30:08.029+0000] {processor.py:208} INFO - Processing /home/airflow/.local/lib/python3.12/site-packages/airflow/example_dags/example_nested_branch_dag.py took 0.247 seconds
[2024-12-24T07:30:38.136+0000] {processor.py:186} INFO - Started process (PID=286) to work on /home/airflow/.local/lib/python3.12/site-packages/airflow/example_dags/example_nested_branch_dag.py
[2024-12-24T07:30:38.138+0000] {processor.py:914} INFO - Processing file /home/airflow/.local/lib/python3.12/site-packages/airflow/example_dags/example_nested_branch_dag.py for tasks to queue
[2024-12-24T07:30:38.143+0000] {logging_mixin.py:190} INFO - [2024-12-24T07:30:38.143+0000] {dagbag.py:588} INFO - Filling up the DagBag from /home/airflow/.local/lib/python3.12/site-packages/airflow/example_dags/example_nested_branch_dag.py
[2024-12-24T07:30:38.168+0000] {processor.py:925} INFO - DAG(s) 'example_nested_branch_dag' retrieved from /home/airflow/.local/lib/python3.12/site-packages/airflow/example_dags/example_nested_branch_dag.py
[2024-12-24T07:30:38.226+0000] {logging_mixin.py:190} INFO - [2024-12-24T07:30:38.225+0000] {dag.py:3239} INFO - Sync 1 DAGs
[2024-12-24T07:30:38.272+0000] {logging_mixin.py:190} INFO - [2024-12-24T07:30:38.271+0000] {dag.py:4180} INFO - Setting next_dagrun for example_nested_branch_dag to 2024-12-23 00:00:00+00:00, run_after=2024-12-24 00:00:00+00:00
[2024-12-24T07:30:38.310+0000] {processor.py:208} INFO - Processing /home/airflow/.local/lib/python3.12/site-packages/airflow/example_dags/example_nested_branch_dag.py took 0.184 seconds
[2024-12-24T07:31:08.917+0000] {processor.py:186} INFO - Started process (PID=352) to work on /home/airflow/.local/lib/python3.12/site-packages/airflow/example_dags/example_nested_branch_dag.py
[2024-12-24T07:31:08.918+0000] {processor.py:914} INFO - Processing file /home/airflow/.local/lib/python3.12/site-packages/airflow/example_dags/example_nested_branch_dag.py for tasks to queue
[2024-12-24T07:31:08.923+0000] {logging_mixin.py:190} INFO - [2024-12-24T07:31:08.923+0000] {dagbag.py:588} INFO - Filling up the DagBag from /home/airflow/.local/lib/python3.12/site-packages/airflow/example_dags/example_nested_branch_dag.py
[2024-12-24T07:31:08.966+0000] {processor.py:925} INFO - DAG(s) 'example_nested_branch_dag' retrieved from /home/airflow/.local/lib/python3.12/site-packages/airflow/example_dags/example_nested_branch_dag.py
[2024-12-24T07:31:09.034+0000] {logging_mixin.py:190} INFO - [2024-12-24T07:31:09.034+0000] {dag.py:3239} INFO - Sync 1 DAGs
[2024-12-24T07:31:09.115+0000] {logging_mixin.py:190} INFO - [2024-12-24T07:31:09.115+0000] {dag.py:4180} INFO - Setting next_dagrun for example_nested_branch_dag to 2024-12-23 00:00:00+00:00, run_after=2024-12-24 00:00:00+00:00
[2024-12-24T07:31:09.143+0000] {processor.py:208} INFO - Processing /home/airflow/.local/lib/python3.12/site-packages/airflow/example_dags/example_nested_branch_dag.py took 0.235 seconds
[2024-12-24T07:31:39.885+0000] {processor.py:186} INFO - Started process (PID=417) to work on /home/airflow/.local/lib/python3.12/site-packages/airflow/example_dags/example_nested_branch_dag.py
[2024-12-24T07:31:39.887+0000] {processor.py:914} INFO - Processing file /home/airflow/.local/lib/python3.12/site-packages/airflow/example_dags/example_nested_branch_dag.py for tasks to queue
[2024-12-24T07:31:39.892+0000] {logging_mixin.py:190} INFO - [2024-12-24T07:31:39.892+0000] {dagbag.py:588} INFO - Filling up the DagBag from /home/airflow/.local/lib/python3.12/site-packages/airflow/example_dags/example_nested_branch_dag.py
[2024-12-24T07:31:39.912+0000] {processor.py:925} INFO - DAG(s) 'example_nested_branch_dag' retrieved from /home/airflow/.local/lib/python3.12/site-packages/airflow/example_dags/example_nested_branch_dag.py
[2024-12-24T07:31:39.946+0000] {logging_mixin.py:190} INFO - [2024-12-24T07:31:39.945+0000] {dag.py:3239} INFO - Sync 1 DAGs
[2024-12-24T07:31:39.982+0000] {logging_mixin.py:190} INFO - [2024-12-24T07:31:39.982+0000] {dag.py:4180} INFO - Setting next_dagrun for example_nested_branch_dag to 2024-12-23 00:00:00+00:00, run_after=2024-12-24 00:00:00+00:00
[2024-12-24T07:31:40.016+0000] {processor.py:208} INFO - Processing /home/airflow/.local/lib/python3.12/site-packages/airflow/example_dags/example_nested_branch_dag.py took 0.139 seconds
[2024-12-24T07:32:10.777+0000] {processor.py:186} INFO - Started process (PID=484) to work on /home/airflow/.local/lib/python3.12/site-packages/airflow/example_dags/example_nested_branch_dag.py
[2024-12-24T07:32:10.779+0000] {processor.py:914} INFO - Processing file /home/airflow/.local/lib/python3.12/site-packages/airflow/example_dags/example_nested_branch_dag.py for tasks to queue
[2024-12-24T07:32:10.783+0000] {logging_mixin.py:190} INFO - [2024-12-24T07:32:10.783+0000] {dagbag.py:588} INFO - Filling up the DagBag from /home/airflow/.local/lib/python3.12/site-packages/airflow/example_dags/example_nested_branch_dag.py
[2024-12-24T07:32:10.798+0000] {processor.py:925} INFO - DAG(s) 'example_nested_branch_dag' retrieved from /home/airflow/.local/lib/python3.12/site-packages/airflow/example_dags/example_nested_branch_dag.py
[2024-12-24T07:32:10.845+0000] {logging_mixin.py:190} INFO - [2024-12-24T07:32:10.844+0000] {dag.py:3239} INFO - Sync 1 DAGs
[2024-12-24T07:32:10.882+0000] {logging_mixin.py:190} INFO - [2024-12-24T07:32:10.882+0000] {dag.py:4180} INFO - Setting next_dagrun for example_nested_branch_dag to 2024-12-23 00:00:00+00:00, run_after=2024-12-24 00:00:00+00:00
[2024-12-24T07:32:10.918+0000] {processor.py:208} INFO - Processing /home/airflow/.local/lib/python3.12/site-packages/airflow/example_dags/example_nested_branch_dag.py took 0.148 seconds
[2024-12-24T07:32:41.638+0000] {processor.py:186} INFO - Started process (PID=550) to work on /home/airflow/.local/lib/python3.12/site-packages/airflow/example_dags/example_nested_branch_dag.py
[2024-12-24T07:32:41.640+0000] {processor.py:914} INFO - Processing file /home/airflow/.local/lib/python3.12/site-packages/airflow/example_dags/example_nested_branch_dag.py for tasks to queue
[2024-12-24T07:32:41.645+0000] {logging_mixin.py:190} INFO - [2024-12-24T07:32:41.644+0000] {dagbag.py:588} INFO - Filling up the DagBag from /home/airflow/.local/lib/python3.12/site-packages/airflow/example_dags/example_nested_branch_dag.py
[2024-12-24T07:32:41.664+0000] {processor.py:925} INFO - DAG(s) 'example_nested_branch_dag' retrieved from /home/airflow/.local/lib/python3.12/site-packages/airflow/example_dags/example_nested_branch_dag.py
[2024-12-24T07:32:41.697+0000] {logging_mixin.py:190} INFO - [2024-12-24T07:32:41.697+0000] {dag.py:3239} INFO - Sync 1 DAGs
[2024-12-24T07:32:41.732+0000] {logging_mixin.py:190} INFO - [2024-12-24T07:32:41.732+0000] {dag.py:4180} INFO - Setting next_dagrun for example_nested_branch_dag to 2024-12-23 00:00:00+00:00, run_after=2024-12-24 00:00:00+00:00
[2024-12-24T07:32:41.765+0000] {processor.py:208} INFO - Processing /home/airflow/.local/lib/python3.12/site-packages/airflow/example_dags/example_nested_branch_dag.py took 0.136 seconds
[2024-12-24T07:33:12.644+0000] {processor.py:186} INFO - Started process (PID=616) to work on /home/airflow/.local/lib/python3.12/site-packages/airflow/example_dags/example_nested_branch_dag.py
[2024-12-24T07:33:12.645+0000] {processor.py:914} INFO - Processing file /home/airflow/.local/lib/python3.12/site-packages/airflow/example_dags/example_nested_branch_dag.py for tasks to queue
[2024-12-24T07:33:12.649+0000] {logging_mixin.py:190} INFO - [2024-12-24T07:33:12.648+0000] {dagbag.py:588} INFO - Filling up the DagBag from /home/airflow/.local/lib/python3.12/site-packages/airflow/example_dags/example_nested_branch_dag.py
[2024-12-24T07:33:12.673+0000] {processor.py:925} INFO - DAG(s) 'example_nested_branch_dag' retrieved from /home/airflow/.local/lib/python3.12/site-packages/airflow/example_dags/example_nested_branch_dag.py
[2024-12-24T07:33:12.723+0000] {logging_mixin.py:190} INFO - [2024-12-24T07:33:12.721+0000] {dag.py:3239} INFO - Sync 1 DAGs
[2024-12-24T07:33:12.778+0000] {logging_mixin.py:190} INFO - [2024-12-24T07:33:12.778+0000] {dag.py:4180} INFO - Setting next_dagrun for example_nested_branch_dag to 2024-12-23 00:00:00+00:00, run_after=2024-12-24 00:00:00+00:00
[2024-12-24T07:33:12.822+0000] {processor.py:208} INFO - Processing /home/airflow/.local/lib/python3.12/site-packages/airflow/example_dags/example_nested_branch_dag.py took 0.189 seconds
[2024-12-24T07:33:43.913+0000] {processor.py:186} INFO - Started process (PID=682) to work on /home/airflow/.local/lib/python3.12/site-packages/airflow/example_dags/example_nested_branch_dag.py
[2024-12-24T07:33:43.917+0000] {processor.py:914} INFO - Processing file /home/airflow/.local/lib/python3.12/site-packages/airflow/example_dags/example_nested_branch_dag.py for tasks to queue
[2024-12-24T07:33:43.929+0000] {logging_mixin.py:190} INFO - [2024-12-24T07:33:43.928+0000] {dagbag.py:588} INFO - Filling up the DagBag from /home/airflow/.local/lib/python3.12/site-packages/airflow/example_dags/example_nested_branch_dag.py
[2024-12-24T07:33:43.956+0000] {processor.py:925} INFO - DAG(s) 'example_nested_branch_dag' retrieved from /home/airflow/.local/lib/python3.12/site-packages/airflow/example_dags/example_nested_branch_dag.py
[2024-12-24T07:33:44.010+0000] {logging_mixin.py:190} INFO - [2024-12-24T07:33:44.009+0000] {dag.py:3239} INFO - Sync 1 DAGs
[2024-12-24T07:33:44.068+0000] {logging_mixin.py:190} INFO - [2024-12-24T07:33:44.068+0000] {dag.py:4180} INFO - Setting next_dagrun for example_nested_branch_dag to 2024-12-23 00:00:00+00:00, run_after=2024-12-24 00:00:00+00:00
[2024-12-24T07:33:44.116+0000] {processor.py:208} INFO - Processing /home/airflow/.local/lib/python3.12/site-packages/airflow/example_dags/example_nested_branch_dag.py took 0.223 seconds
[2024-12-24T07:34:14.394+0000] {processor.py:186} INFO - Started process (PID=748) to work on /home/airflow/.local/lib/python3.12/site-packages/airflow/example_dags/example_nested_branch_dag.py
[2024-12-24T07:34:14.396+0000] {processor.py:914} INFO - Processing file /home/airflow/.local/lib/python3.12/site-packages/airflow/example_dags/example_nested_branch_dag.py for tasks to queue
[2024-12-24T07:34:14.402+0000] {logging_mixin.py:190} INFO - [2024-12-24T07:34:14.400+0000] {dagbag.py:588} INFO - Filling up the DagBag from /home/airflow/.local/lib/python3.12/site-packages/airflow/example_dags/example_nested_branch_dag.py
[2024-12-24T07:34:14.427+0000] {processor.py:925} INFO - DAG(s) 'example_nested_branch_dag' retrieved from /home/airflow/.local/lib/python3.12/site-packages/airflow/example_dags/example_nested_branch_dag.py
[2024-12-24T07:34:14.476+0000] {logging_mixin.py:190} INFO - [2024-12-24T07:34:14.475+0000] {dag.py:3239} INFO - Sync 1 DAGs
[2024-12-24T07:34:14.519+0000] {logging_mixin.py:190} INFO - [2024-12-24T07:34:14.519+0000] {dag.py:4180} INFO - Setting next_dagrun for example_nested_branch_dag to 2024-12-23 00:00:00+00:00, run_after=2024-12-24 00:00:00+00:00
[2024-12-24T07:34:14.554+0000] {processor.py:208} INFO - Processing /home/airflow/.local/lib/python3.12/site-packages/airflow/example_dags/example_nested_branch_dag.py took 0.170 seconds
[2024-12-24T07:34:44.657+0000] {processor.py:186} INFO - Started process (PID=814) to work on /home/airflow/.local/lib/python3.12/site-packages/airflow/example_dags/example_nested_branch_dag.py
[2024-12-24T07:34:44.659+0000] {processor.py:914} INFO - Processing file /home/airflow/.local/lib/python3.12/site-packages/airflow/example_dags/example_nested_branch_dag.py for tasks to queue
[2024-12-24T07:34:44.665+0000] {logging_mixin.py:190} INFO - [2024-12-24T07:34:44.664+0000] {dagbag.py:588} INFO - Filling up the DagBag from /home/airflow/.local/lib/python3.12/site-packages/airflow/example_dags/example_nested_branch_dag.py
[2024-12-24T07:34:44.685+0000] {processor.py:925} INFO - DAG(s) 'example_nested_branch_dag' retrieved from /home/airflow/.local/lib/python3.12/site-packages/airflow/example_dags/example_nested_branch_dag.py
[2024-12-24T07:34:44.731+0000] {logging_mixin.py:190} INFO - [2024-12-24T07:34:44.731+0000] {dag.py:3239} INFO - Sync 1 DAGs
[2024-12-24T07:34:44.773+0000] {logging_mixin.py:190} INFO - [2024-12-24T07:34:44.773+0000] {dag.py:4180} INFO - Setting next_dagrun for example_nested_branch_dag to 2024-12-23 00:00:00+00:00, run_after=2024-12-24 00:00:00+00:00
[2024-12-24T07:34:44.807+0000] {processor.py:208} INFO - Processing /home/airflow/.local/lib/python3.12/site-packages/airflow/example_dags/example_nested_branch_dag.py took 0.159 seconds
[2024-12-24T07:35:15.999+0000] {processor.py:186} INFO - Started process (PID=881) to work on /home/airflow/.local/lib/python3.12/site-packages/airflow/example_dags/example_nested_branch_dag.py
[2024-12-24T07:35:16.002+0000] {processor.py:914} INFO - Processing file /home/airflow/.local/lib/python3.12/site-packages/airflow/example_dags/example_nested_branch_dag.py for tasks to queue
[2024-12-24T07:35:16.012+0000] {logging_mixin.py:190} INFO - [2024-12-24T07:35:16.011+0000] {dagbag.py:588} INFO - Filling up the DagBag from /home/airflow/.local/lib/python3.12/site-packages/airflow/example_dags/example_nested_branch_dag.py
[2024-12-24T07:35:16.038+0000] {processor.py:925} INFO - DAG(s) 'example_nested_branch_dag' retrieved from /home/airflow/.local/lib/python3.12/site-packages/airflow/example_dags/example_nested_branch_dag.py
[2024-12-24T07:35:16.126+0000] {logging_mixin.py:190} INFO - [2024-12-24T07:35:16.125+0000] {dag.py:3239} INFO - Sync 1 DAGs
[2024-12-24T07:35:16.188+0000] {logging_mixin.py:190} INFO - [2024-12-24T07:35:16.187+0000] {dag.py:4180} INFO - Setting next_dagrun for example_nested_branch_dag to 2024-12-23 00:00:00+00:00, run_after=2024-12-24 00:00:00+00:00
[2024-12-24T07:35:16.247+0000] {processor.py:208} INFO - Processing /home/airflow/.local/lib/python3.12/site-packages/airflow/example_dags/example_nested_branch_dag.py took 0.258 seconds
[2024-12-24T07:35:46.862+0000] {processor.py:186} INFO - Started process (PID=947) to work on /home/airflow/.local/lib/python3.12/site-packages/airflow/example_dags/example_nested_branch_dag.py
[2024-12-24T07:35:46.864+0000] {processor.py:914} INFO - Processing file /home/airflow/.local/lib/python3.12/site-packages/airflow/example_dags/example_nested_branch_dag.py for tasks to queue
[2024-12-24T07:35:46.870+0000] {logging_mixin.py:190} INFO - [2024-12-24T07:35:46.870+0000] {dagbag.py:588} INFO - Filling up the DagBag from /home/airflow/.local/lib/python3.12/site-packages/airflow/example_dags/example_nested_branch_dag.py
[2024-12-24T07:35:46.906+0000] {processor.py:925} INFO - DAG(s) 'example_nested_branch_dag' retrieved from /home/airflow/.local/lib/python3.12/site-packages/airflow/example_dags/example_nested_branch_dag.py
[2024-12-24T07:35:46.990+0000] {logging_mixin.py:190} INFO - [2024-12-24T07:35:46.969+0000] {dag.py:3239} INFO - Sync 1 DAGs
[2024-12-24T07:35:47.041+0000] {logging_mixin.py:190} INFO - [2024-12-24T07:35:47.040+0000] {dag.py:4180} INFO - Setting next_dagrun for example_nested_branch_dag to 2024-12-23 00:00:00+00:00, run_after=2024-12-24 00:00:00+00:00
[2024-12-24T07:35:47.136+0000] {processor.py:208} INFO - Processing /home/airflow/.local/lib/python3.12/site-packages/airflow/example_dags/example_nested_branch_dag.py took 0.288 seconds
[2024-12-24T07:36:18.010+0000] {processor.py:186} INFO - Started process (PID=1019) to work on /home/airflow/.local/lib/python3.12/site-packages/airflow/example_dags/example_nested_branch_dag.py
[2024-12-24T07:36:18.012+0000] {processor.py:914} INFO - Processing file /home/airflow/.local/lib/python3.12/site-packages/airflow/example_dags/example_nested_branch_dag.py for tasks to queue
[2024-12-24T07:36:18.021+0000] {logging_mixin.py:190} INFO - [2024-12-24T07:36:18.019+0000] {dagbag.py:588} INFO - Filling up the DagBag from /home/airflow/.local/lib/python3.12/site-packages/airflow/example_dags/example_nested_branch_dag.py
[2024-12-24T07:36:18.046+0000] {processor.py:925} INFO - DAG(s) 'example_nested_branch_dag' retrieved from /home/airflow/.local/lib/python3.12/site-packages/airflow/example_dags/example_nested_branch_dag.py
[2024-12-24T07:36:18.096+0000] {logging_mixin.py:190} INFO - [2024-12-24T07:36:18.096+0000] {dag.py:3239} INFO - Sync 1 DAGs
[2024-12-24T07:36:18.149+0000] {logging_mixin.py:190} INFO - [2024-12-24T07:36:18.148+0000] {dag.py:4180} INFO - Setting next_dagrun for example_nested_branch_dag to 2024-12-23 00:00:00+00:00, run_after=2024-12-24 00:00:00+00:00
[2024-12-24T07:36:18.191+0000] {processor.py:208} INFO - Processing /home/airflow/.local/lib/python3.12/site-packages/airflow/example_dags/example_nested_branch_dag.py took 0.197 seconds
[2024-12-24T07:36:48.911+0000] {processor.py:186} INFO - Started process (PID=1085) to work on /home/airflow/.local/lib/python3.12/site-packages/airflow/example_dags/example_nested_branch_dag.py
[2024-12-24T07:36:48.913+0000] {processor.py:914} INFO - Processing file /home/airflow/.local/lib/python3.12/site-packages/airflow/example_dags/example_nested_branch_dag.py for tasks to queue
[2024-12-24T07:36:48.917+0000] {logging_mixin.py:190} INFO - [2024-12-24T07:36:48.917+0000] {dagbag.py:588} INFO - Filling up the DagBag from /home/airflow/.local/lib/python3.12/site-packages/airflow/example_dags/example_nested_branch_dag.py
[2024-12-24T07:36:48.934+0000] {processor.py:925} INFO - DAG(s) 'example_nested_branch_dag' retrieved from /home/airflow/.local/lib/python3.12/site-packages/airflow/example_dags/example_nested_branch_dag.py
[2024-12-24T07:36:48.972+0000] {logging_mixin.py:190} INFO - [2024-12-24T07:36:48.971+0000] {dag.py:3239} INFO - Sync 1 DAGs
[2024-12-24T07:36:49.004+0000] {logging_mixin.py:190} INFO - [2024-12-24T07:36:49.004+0000] {dag.py:4180} INFO - Setting next_dagrun for example_nested_branch_dag to 2024-12-23 00:00:00+00:00, run_after=2024-12-24 00:00:00+00:00
[2024-12-24T07:36:49.036+0000] {processor.py:208} INFO - Processing /home/airflow/.local/lib/python3.12/site-packages/airflow/example_dags/example_nested_branch_dag.py took 0.133 seconds
[2024-12-24T07:37:19.673+0000] {processor.py:186} INFO - Started process (PID=1151) to work on /home/airflow/.local/lib/python3.12/site-packages/airflow/example_dags/example_nested_branch_dag.py
[2024-12-24T07:37:19.674+0000] {processor.py:914} INFO - Processing file /home/airflow/.local/lib/python3.12/site-packages/airflow/example_dags/example_nested_branch_dag.py for tasks to queue
[2024-12-24T07:37:19.681+0000] {logging_mixin.py:190} INFO - [2024-12-24T07:37:19.680+0000] {dagbag.py:588} INFO - Filling up the DagBag from /home/airflow/.local/lib/python3.12/site-packages/airflow/example_dags/example_nested_branch_dag.py
[2024-12-24T07:37:19.705+0000] {processor.py:925} INFO - DAG(s) 'example_nested_branch_dag' retrieved from /home/airflow/.local/lib/python3.12/site-packages/airflow/example_dags/example_nested_branch_dag.py
[2024-12-24T07:37:19.756+0000] {logging_mixin.py:190} INFO - [2024-12-24T07:37:19.755+0000] {dag.py:3239} INFO - Sync 1 DAGs
[2024-12-24T07:37:19.803+0000] {logging_mixin.py:190} INFO - [2024-12-24T07:37:19.802+0000] {dag.py:4180} INFO - Setting next_dagrun for example_nested_branch_dag to 2024-12-23 00:00:00+00:00, run_after=2024-12-24 00:00:00+00:00
[2024-12-24T07:37:19.840+0000] {processor.py:208} INFO - Processing /home/airflow/.local/lib/python3.12/site-packages/airflow/example_dags/example_nested_branch_dag.py took 0.179 seconds
[2024-12-24T07:37:50.284+0000] {processor.py:186} INFO - Started process (PID=1217) to work on /home/airflow/.local/lib/python3.12/site-packages/airflow/example_dags/example_nested_branch_dag.py
[2024-12-24T07:37:50.285+0000] {processor.py:914} INFO - Processing file /home/airflow/.local/lib/python3.12/site-packages/airflow/example_dags/example_nested_branch_dag.py for tasks to queue
[2024-12-24T07:37:50.289+0000] {logging_mixin.py:190} INFO - [2024-12-24T07:37:50.289+0000] {dagbag.py:588} INFO - Filling up the DagBag from /home/airflow/.local/lib/python3.12/site-packages/airflow/example_dags/example_nested_branch_dag.py
[2024-12-24T07:37:50.308+0000] {processor.py:925} INFO - DAG(s) 'example_nested_branch_dag' retrieved from /home/airflow/.local/lib/python3.12/site-packages/airflow/example_dags/example_nested_branch_dag.py
[2024-12-24T07:37:50.354+0000] {logging_mixin.py:190} INFO - [2024-12-24T07:37:50.353+0000] {dag.py:3239} INFO - Sync 1 DAGs
[2024-12-24T07:37:50.413+0000] {logging_mixin.py:190} INFO - [2024-12-24T07:37:50.412+0000] {dag.py:4180} INFO - Setting next_dagrun for example_nested_branch_dag to 2024-12-23 00:00:00+00:00, run_after=2024-12-24 00:00:00+00:00
[2024-12-24T07:37:50.449+0000] {processor.py:208} INFO - Processing /home/airflow/.local/lib/python3.12/site-packages/airflow/example_dags/example_nested_branch_dag.py took 0.173 seconds
[2024-12-24T07:38:20.593+0000] {processor.py:186} INFO - Started process (PID=1281) to work on /home/airflow/.local/lib/python3.12/site-packages/airflow/example_dags/example_nested_branch_dag.py
[2024-12-24T07:38:20.594+0000] {processor.py:914} INFO - Processing file /home/airflow/.local/lib/python3.12/site-packages/airflow/example_dags/example_nested_branch_dag.py for tasks to queue
[2024-12-24T07:38:20.600+0000] {logging_mixin.py:190} INFO - [2024-12-24T07:38:20.600+0000] {dagbag.py:588} INFO - Filling up the DagBag from /home/airflow/.local/lib/python3.12/site-packages/airflow/example_dags/example_nested_branch_dag.py
[2024-12-24T07:38:20.623+0000] {processor.py:925} INFO - DAG(s) 'example_nested_branch_dag' retrieved from /home/airflow/.local/lib/python3.12/site-packages/airflow/example_dags/example_nested_branch_dag.py
[2024-12-24T07:38:20.661+0000] {logging_mixin.py:190} INFO - [2024-12-24T07:38:20.660+0000] {dag.py:3239} INFO - Sync 1 DAGs
[2024-12-24T07:38:20.699+0000] {logging_mixin.py:190} INFO - [2024-12-24T07:38:20.698+0000] {dag.py:4180} INFO - Setting next_dagrun for example_nested_branch_dag to 2024-12-23 00:00:00+00:00, run_after=2024-12-24 00:00:00+00:00
[2024-12-24T07:38:20.733+0000] {processor.py:208} INFO - Processing /home/airflow/.local/lib/python3.12/site-packages/airflow/example_dags/example_nested_branch_dag.py took 0.149 seconds
[2024-12-24T07:38:50.848+0000] {processor.py:186} INFO - Started process (PID=1347) to work on /home/airflow/.local/lib/python3.12/site-packages/airflow/example_dags/example_nested_branch_dag.py
[2024-12-24T07:38:50.859+0000] {processor.py:914} INFO - Processing file /home/airflow/.local/lib/python3.12/site-packages/airflow/example_dags/example_nested_branch_dag.py for tasks to queue
[2024-12-24T07:38:50.875+0000] {logging_mixin.py:190} INFO - [2024-12-24T07:38:50.875+0000] {dagbag.py:588} INFO - Filling up the DagBag from /home/airflow/.local/lib/python3.12/site-packages/airflow/example_dags/example_nested_branch_dag.py
[2024-12-24T07:38:50.917+0000] {processor.py:925} INFO - DAG(s) 'example_nested_branch_dag' retrieved from /home/airflow/.local/lib/python3.12/site-packages/airflow/example_dags/example_nested_branch_dag.py
[2024-12-24T07:38:50.972+0000] {logging_mixin.py:190} INFO - [2024-12-24T07:38:50.971+0000] {dag.py:3239} INFO - Sync 1 DAGs
[2024-12-24T07:38:51.027+0000] {logging_mixin.py:190} INFO - [2024-12-24T07:38:51.027+0000] {dag.py:4180} INFO - Setting next_dagrun for example_nested_branch_dag to 2024-12-23 00:00:00+00:00, run_after=2024-12-24 00:00:00+00:00
[2024-12-24T07:38:51.078+0000] {processor.py:208} INFO - Processing /home/airflow/.local/lib/python3.12/site-packages/airflow/example_dags/example_nested_branch_dag.py took 0.256 seconds
[2024-12-24T07:39:22.053+0000] {processor.py:186} INFO - Started process (PID=1415) to work on /home/airflow/.local/lib/python3.12/site-packages/airflow/example_dags/example_nested_branch_dag.py
[2024-12-24T07:39:22.055+0000] {processor.py:914} INFO - Processing file /home/airflow/.local/lib/python3.12/site-packages/airflow/example_dags/example_nested_branch_dag.py for tasks to queue
[2024-12-24T07:39:22.060+0000] {logging_mixin.py:190} INFO - [2024-12-24T07:39:22.060+0000] {dagbag.py:588} INFO - Filling up the DagBag from /home/airflow/.local/lib/python3.12/site-packages/airflow/example_dags/example_nested_branch_dag.py
[2024-12-24T07:39:22.095+0000] {processor.py:925} INFO - DAG(s) 'example_nested_branch_dag' retrieved from /home/airflow/.local/lib/python3.12/site-packages/airflow/example_dags/example_nested_branch_dag.py
[2024-12-24T07:39:22.160+0000] {logging_mixin.py:190} INFO - [2024-12-24T07:39:22.158+0000] {dag.py:3239} INFO - Sync 1 DAGs
[2024-12-24T07:39:22.216+0000] {logging_mixin.py:190} INFO - [2024-12-24T07:39:22.216+0000] {dag.py:4180} INFO - Setting next_dagrun for example_nested_branch_dag to 2024-12-23 00:00:00+00:00, run_after=2024-12-24 00:00:00+00:00
[2024-12-24T07:39:22.326+0000] {processor.py:208} INFO - Processing /home/airflow/.local/lib/python3.12/site-packages/airflow/example_dags/example_nested_branch_dag.py took 0.281 seconds
[2024-12-24T07:39:52.897+0000] {processor.py:186} INFO - Started process (PID=1481) to work on /home/airflow/.local/lib/python3.12/site-packages/airflow/example_dags/example_nested_branch_dag.py
[2024-12-24T07:39:52.899+0000] {processor.py:914} INFO - Processing file /home/airflow/.local/lib/python3.12/site-packages/airflow/example_dags/example_nested_branch_dag.py for tasks to queue
[2024-12-24T07:39:52.903+0000] {logging_mixin.py:190} INFO - [2024-12-24T07:39:52.903+0000] {dagbag.py:588} INFO - Filling up the DagBag from /home/airflow/.local/lib/python3.12/site-packages/airflow/example_dags/example_nested_branch_dag.py
[2024-12-24T07:39:52.921+0000] {processor.py:925} INFO - DAG(s) 'example_nested_branch_dag' retrieved from /home/airflow/.local/lib/python3.12/site-packages/airflow/example_dags/example_nested_branch_dag.py
[2024-12-24T07:39:52.957+0000] {logging_mixin.py:190} INFO - [2024-12-24T07:39:52.956+0000] {dag.py:3239} INFO - Sync 1 DAGs
[2024-12-24T07:39:52.991+0000] {logging_mixin.py:190} INFO - [2024-12-24T07:39:52.990+0000] {dag.py:4180} INFO - Setting next_dagrun for example_nested_branch_dag to 2024-12-23 00:00:00+00:00, run_after=2024-12-24 00:00:00+00:00
[2024-12-24T07:39:53.023+0000] {processor.py:208} INFO - Processing /home/airflow/.local/lib/python3.12/site-packages/airflow/example_dags/example_nested_branch_dag.py took 0.137 seconds
[2024-12-24T07:40:23.551+0000] {processor.py:186} INFO - Started process (PID=1547) to work on /home/airflow/.local/lib/python3.12/site-packages/airflow/example_dags/example_nested_branch_dag.py
[2024-12-24T07:40:23.554+0000] {processor.py:914} INFO - Processing file /home/airflow/.local/lib/python3.12/site-packages/airflow/example_dags/example_nested_branch_dag.py for tasks to queue
[2024-12-24T07:40:23.557+0000] {logging_mixin.py:190} INFO - [2024-12-24T07:40:23.557+0000] {dagbag.py:588} INFO - Filling up the DagBag from /home/airflow/.local/lib/python3.12/site-packages/airflow/example_dags/example_nested_branch_dag.py
[2024-12-24T07:40:23.579+0000] {processor.py:925} INFO - DAG(s) 'example_nested_branch_dag' retrieved from /home/airflow/.local/lib/python3.12/site-packages/airflow/example_dags/example_nested_branch_dag.py
[2024-12-24T07:40:23.647+0000] {logging_mixin.py:190} INFO - [2024-12-24T07:40:23.647+0000] {dag.py:3239} INFO - Sync 1 DAGs
[2024-12-24T07:40:23.713+0000] {logging_mixin.py:190} INFO - [2024-12-24T07:40:23.712+0000] {dag.py:4180} INFO - Setting next_dagrun for example_nested_branch_dag to 2024-12-23 00:00:00+00:00, run_after=2024-12-24 00:00:00+00:00
[2024-12-24T07:40:23.748+0000] {processor.py:208} INFO - Processing /home/airflow/.local/lib/python3.12/site-packages/airflow/example_dags/example_nested_branch_dag.py took 0.208 seconds
[2024-12-24T07:40:54.325+0000] {processor.py:186} INFO - Started process (PID=1613) to work on /home/airflow/.local/lib/python3.12/site-packages/airflow/example_dags/example_nested_branch_dag.py
[2024-12-24T07:40:54.328+0000] {processor.py:914} INFO - Processing file /home/airflow/.local/lib/python3.12/site-packages/airflow/example_dags/example_nested_branch_dag.py for tasks to queue
[2024-12-24T07:40:54.330+0000] {logging_mixin.py:190} INFO - [2024-12-24T07:40:54.330+0000] {dagbag.py:588} INFO - Filling up the DagBag from /home/airflow/.local/lib/python3.12/site-packages/airflow/example_dags/example_nested_branch_dag.py
[2024-12-24T07:40:54.354+0000] {processor.py:925} INFO - DAG(s) 'example_nested_branch_dag' retrieved from /home/airflow/.local/lib/python3.12/site-packages/airflow/example_dags/example_nested_branch_dag.py
[2024-12-24T07:40:54.396+0000] {logging_mixin.py:190} INFO - [2024-12-24T07:40:54.395+0000] {dag.py:3239} INFO - Sync 1 DAGs
[2024-12-24T07:40:54.437+0000] {logging_mixin.py:190} INFO - [2024-12-24T07:40:54.437+0000] {dag.py:4180} INFO - Setting next_dagrun for example_nested_branch_dag to 2024-12-23 00:00:00+00:00, run_after=2024-12-24 00:00:00+00:00
[2024-12-24T07:40:54.472+0000] {processor.py:208} INFO - Processing /home/airflow/.local/lib/python3.12/site-packages/airflow/example_dags/example_nested_branch_dag.py took 0.157 seconds
[2024-12-24T07:41:24.852+0000] {processor.py:186} INFO - Started process (PID=1679) to work on /home/airflow/.local/lib/python3.12/site-packages/airflow/example_dags/example_nested_branch_dag.py
[2024-12-24T07:41:24.854+0000] {processor.py:914} INFO - Processing file /home/airflow/.local/lib/python3.12/site-packages/airflow/example_dags/example_nested_branch_dag.py for tasks to queue
[2024-12-24T07:41:24.858+0000] {logging_mixin.py:190} INFO - [2024-12-24T07:41:24.857+0000] {dagbag.py:588} INFO - Filling up the DagBag from /home/airflow/.local/lib/python3.12/site-packages/airflow/example_dags/example_nested_branch_dag.py
[2024-12-24T07:41:24.880+0000] {processor.py:925} INFO - DAG(s) 'example_nested_branch_dag' retrieved from /home/airflow/.local/lib/python3.12/site-packages/airflow/example_dags/example_nested_branch_dag.py
[2024-12-24T07:41:24.921+0000] {logging_mixin.py:190} INFO - [2024-12-24T07:41:24.920+0000] {dag.py:3239} INFO - Sync 1 DAGs
[2024-12-24T07:41:24.982+0000] {logging_mixin.py:190} INFO - [2024-12-24T07:41:24.981+0000] {dag.py:4180} INFO - Setting next_dagrun for example_nested_branch_dag to 2024-12-23 00:00:00+00:00, run_after=2024-12-24 00:00:00+00:00
[2024-12-24T07:41:25.020+0000] {processor.py:208} INFO - Processing /home/airflow/.local/lib/python3.12/site-packages/airflow/example_dags/example_nested_branch_dag.py took 0.176 seconds
[2024-12-24T07:41:55.247+0000] {processor.py:186} INFO - Started process (PID=1745) to work on /home/airflow/.local/lib/python3.12/site-packages/airflow/example_dags/example_nested_branch_dag.py
[2024-12-24T07:41:55.249+0000] {processor.py:914} INFO - Processing file /home/airflow/.local/lib/python3.12/site-packages/airflow/example_dags/example_nested_branch_dag.py for tasks to queue
[2024-12-24T07:41:55.252+0000] {logging_mixin.py:190} INFO - [2024-12-24T07:41:55.251+0000] {dagbag.py:588} INFO - Filling up the DagBag from /home/airflow/.local/lib/python3.12/site-packages/airflow/example_dags/example_nested_branch_dag.py
[2024-12-24T07:41:55.274+0000] {processor.py:925} INFO - DAG(s) 'example_nested_branch_dag' retrieved from /home/airflow/.local/lib/python3.12/site-packages/airflow/example_dags/example_nested_branch_dag.py
[2024-12-24T07:41:55.315+0000] {logging_mixin.py:190} INFO - [2024-12-24T07:41:55.314+0000] {dag.py:3239} INFO - Sync 1 DAGs
[2024-12-24T07:41:55.351+0000] {logging_mixin.py:190} INFO - [2024-12-24T07:41:55.350+0000] {dag.py:4180} INFO - Setting next_dagrun for example_nested_branch_dag to 2024-12-23 00:00:00+00:00, run_after=2024-12-24 00:00:00+00:00
[2024-12-24T07:41:55.386+0000] {processor.py:208} INFO - Processing /home/airflow/.local/lib/python3.12/site-packages/airflow/example_dags/example_nested_branch_dag.py took 0.147 seconds
