[2024-12-24T07:29:07.110+0000] {processor.py:186} INFO - Started process (PID=92) to work on /home/airflow/.local/lib/python3.12/site-packages/airflow/example_dags/example_dynamic_task_mapping.py
[2024-12-24T07:29:07.113+0000] {processor.py:914} INFO - Processing file /home/airflow/.local/lib/python3.12/site-packages/airflow/example_dags/example_dynamic_task_mapping.py for tasks to queue
[2024-12-24T07:29:07.117+0000] {logging_mixin.py:190} INFO - [2024-12-24T07:29:07.116+0000] {dagbag.py:588} INFO - Filling up the DagBag from /home/airflow/.local/lib/python3.12/site-packages/airflow/example_dags/example_dynamic_task_mapping.py
[2024-12-24T07:29:07.131+0000] {processor.py:925} INFO - DAG(s) 'example_dynamic_task_mapping' retrieved from /home/airflow/.local/lib/python3.12/site-packages/airflow/example_dags/example_dynamic_task_mapping.py
[2024-12-24T07:29:07.305+0000] {logging_mixin.py:190} INFO - [2024-12-24T07:29:07.303+0000] {override.py:1911} INFO - Created Permission View: can read on DAG:example_dynamic_task_mapping
[2024-12-24T07:29:07.322+0000] {logging_mixin.py:190} INFO - [2024-12-24T07:29:07.321+0000] {override.py:1911} INFO - Created Permission View: can edit on DAG:example_dynamic_task_mapping
[2024-12-24T07:29:07.336+0000] {logging_mixin.py:190} INFO - [2024-12-24T07:29:07.335+0000] {override.py:1911} INFO - Created Permission View: can delete on DAG:example_dynamic_task_mapping
[2024-12-24T07:29:07.352+0000] {logging_mixin.py:190} INFO - [2024-12-24T07:29:07.352+0000] {override.py:1911} INFO - Created Permission View: can read on DAG Run:example_dynamic_task_mapping
[2024-12-24T07:29:07.369+0000] {logging_mixin.py:190} INFO - [2024-12-24T07:29:07.369+0000] {override.py:1911} INFO - Created Permission View: can create on DAG Run:example_dynamic_task_mapping
[2024-12-24T07:29:07.388+0000] {logging_mixin.py:190} INFO - [2024-12-24T07:29:07.388+0000] {override.py:1911} INFO - Created Permission View: can delete on DAG Run:example_dynamic_task_mapping
[2024-12-24T07:29:07.406+0000] {logging_mixin.py:190} INFO - [2024-12-24T07:29:07.405+0000] {override.py:1911} INFO - Created Permission View: menu access on DAG Run:example_dynamic_task_mapping
[2024-12-24T07:29:07.407+0000] {logging_mixin.py:190} INFO - [2024-12-24T07:29:07.407+0000] {dag.py:3239} INFO - Sync 1 DAGs
[2024-12-24T07:29:07.436+0000] {logging_mixin.py:190} INFO - [2024-12-24T07:29:07.436+0000] {dag.py:3262} INFO - Creating ORM DAG for example_dynamic_task_mapping
[2024-12-24T07:29:07.438+0000] {logging_mixin.py:190} INFO - [2024-12-24T07:29:07.438+0000] {dag.py:4180} INFO - Setting next_dagrun for example_dynamic_task_mapping to None, run_after=None
[2024-12-24T07:29:07.468+0000] {processor.py:208} INFO - Processing /home/airflow/.local/lib/python3.12/site-packages/airflow/example_dags/example_dynamic_task_mapping.py took 0.368 seconds
[2024-12-24T07:29:38.354+0000] {processor.py:186} INFO - Started process (PID=158) to work on /home/airflow/.local/lib/python3.12/site-packages/airflow/example_dags/example_dynamic_task_mapping.py
[2024-12-24T07:29:38.355+0000] {processor.py:914} INFO - Processing file /home/airflow/.local/lib/python3.12/site-packages/airflow/example_dags/example_dynamic_task_mapping.py for tasks to queue
[2024-12-24T07:29:38.360+0000] {logging_mixin.py:190} INFO - [2024-12-24T07:29:38.359+0000] {dagbag.py:588} INFO - Filling up the DagBag from /home/airflow/.local/lib/python3.12/site-packages/airflow/example_dags/example_dynamic_task_mapping.py
[2024-12-24T07:29:38.372+0000] {processor.py:925} INFO - DAG(s) 'example_dynamic_task_mapping' retrieved from /home/airflow/.local/lib/python3.12/site-packages/airflow/example_dags/example_dynamic_task_mapping.py
[2024-12-24T07:29:38.400+0000] {logging_mixin.py:190} INFO - [2024-12-24T07:29:38.399+0000] {dag.py:3239} INFO - Sync 1 DAGs
[2024-12-24T07:29:38.418+0000] {logging_mixin.py:190} INFO - [2024-12-24T07:29:38.418+0000] {dag.py:4180} INFO - Setting next_dagrun for example_dynamic_task_mapping to None, run_after=None
[2024-12-24T07:29:38.478+0000] {processor.py:208} INFO - Processing /home/airflow/.local/lib/python3.12/site-packages/airflow/example_dags/example_dynamic_task_mapping.py took 0.132 seconds
[2024-12-24T07:30:09.204+0000] {processor.py:186} INFO - Started process (PID=224) to work on /home/airflow/.local/lib/python3.12/site-packages/airflow/example_dags/example_dynamic_task_mapping.py
[2024-12-24T07:30:09.208+0000] {processor.py:914} INFO - Processing file /home/airflow/.local/lib/python3.12/site-packages/airflow/example_dags/example_dynamic_task_mapping.py for tasks to queue
[2024-12-24T07:30:09.216+0000] {logging_mixin.py:190} INFO - [2024-12-24T07:30:09.215+0000] {dagbag.py:588} INFO - Filling up the DagBag from /home/airflow/.local/lib/python3.12/site-packages/airflow/example_dags/example_dynamic_task_mapping.py
[2024-12-24T07:30:09.234+0000] {processor.py:925} INFO - DAG(s) 'example_dynamic_task_mapping' retrieved from /home/airflow/.local/lib/python3.12/site-packages/airflow/example_dags/example_dynamic_task_mapping.py
[2024-12-24T07:30:09.286+0000] {logging_mixin.py:190} INFO - [2024-12-24T07:30:09.285+0000] {dag.py:3239} INFO - Sync 1 DAGs
[2024-12-24T07:30:09.318+0000] {logging_mixin.py:190} INFO - [2024-12-24T07:30:09.318+0000] {dag.py:4180} INFO - Setting next_dagrun for example_dynamic_task_mapping to None, run_after=None
[2024-12-24T07:30:09.373+0000] {processor.py:208} INFO - Processing /home/airflow/.local/lib/python3.12/site-packages/airflow/example_dags/example_dynamic_task_mapping.py took 0.183 seconds
[2024-12-24T07:30:39.608+0000] {processor.py:186} INFO - Started process (PID=290) to work on /home/airflow/.local/lib/python3.12/site-packages/airflow/example_dags/example_dynamic_task_mapping.py
[2024-12-24T07:30:39.611+0000] {processor.py:914} INFO - Processing file /home/airflow/.local/lib/python3.12/site-packages/airflow/example_dags/example_dynamic_task_mapping.py for tasks to queue
[2024-12-24T07:30:39.617+0000] {logging_mixin.py:190} INFO - [2024-12-24T07:30:39.617+0000] {dagbag.py:588} INFO - Filling up the DagBag from /home/airflow/.local/lib/python3.12/site-packages/airflow/example_dags/example_dynamic_task_mapping.py
[2024-12-24T07:30:39.635+0000] {processor.py:925} INFO - DAG(s) 'example_dynamic_task_mapping' retrieved from /home/airflow/.local/lib/python3.12/site-packages/airflow/example_dags/example_dynamic_task_mapping.py
[2024-12-24T07:30:39.684+0000] {logging_mixin.py:190} INFO - [2024-12-24T07:30:39.683+0000] {dag.py:3239} INFO - Sync 1 DAGs
[2024-12-24T07:30:39.716+0000] {logging_mixin.py:190} INFO - [2024-12-24T07:30:39.715+0000] {dag.py:4180} INFO - Setting next_dagrun for example_dynamic_task_mapping to None, run_after=None
[2024-12-24T07:30:39.754+0000] {processor.py:208} INFO - Processing /home/airflow/.local/lib/python3.12/site-packages/airflow/example_dags/example_dynamic_task_mapping.py took 0.157 seconds
[2024-12-24T07:31:09.903+0000] {processor.py:186} INFO - Started process (PID=355) to work on /home/airflow/.local/lib/python3.12/site-packages/airflow/example_dags/example_dynamic_task_mapping.py
[2024-12-24T07:31:09.905+0000] {processor.py:914} INFO - Processing file /home/airflow/.local/lib/python3.12/site-packages/airflow/example_dags/example_dynamic_task_mapping.py for tasks to queue
[2024-12-24T07:31:09.909+0000] {logging_mixin.py:190} INFO - [2024-12-24T07:31:09.908+0000] {dagbag.py:588} INFO - Filling up the DagBag from /home/airflow/.local/lib/python3.12/site-packages/airflow/example_dags/example_dynamic_task_mapping.py
[2024-12-24T07:31:09.921+0000] {processor.py:925} INFO - DAG(s) 'example_dynamic_task_mapping' retrieved from /home/airflow/.local/lib/python3.12/site-packages/airflow/example_dags/example_dynamic_task_mapping.py
[2024-12-24T07:31:09.949+0000] {logging_mixin.py:190} INFO - [2024-12-24T07:31:09.948+0000] {dag.py:3239} INFO - Sync 1 DAGs
[2024-12-24T07:31:09.968+0000] {logging_mixin.py:190} INFO - [2024-12-24T07:31:09.968+0000] {dag.py:4180} INFO - Setting next_dagrun for example_dynamic_task_mapping to None, run_after=None
[2024-12-24T07:31:09.994+0000] {processor.py:208} INFO - Processing /home/airflow/.local/lib/python3.12/site-packages/airflow/example_dags/example_dynamic_task_mapping.py took 0.100 seconds
[2024-12-24T07:31:40.237+0000] {processor.py:186} INFO - Started process (PID=420) to work on /home/airflow/.local/lib/python3.12/site-packages/airflow/example_dags/example_dynamic_task_mapping.py
[2024-12-24T07:31:40.240+0000] {processor.py:914} INFO - Processing file /home/airflow/.local/lib/python3.12/site-packages/airflow/example_dags/example_dynamic_task_mapping.py for tasks to queue
[2024-12-24T07:31:40.245+0000] {logging_mixin.py:190} INFO - [2024-12-24T07:31:40.245+0000] {dagbag.py:588} INFO - Filling up the DagBag from /home/airflow/.local/lib/python3.12/site-packages/airflow/example_dags/example_dynamic_task_mapping.py
[2024-12-24T07:31:40.262+0000] {processor.py:925} INFO - DAG(s) 'example_dynamic_task_mapping' retrieved from /home/airflow/.local/lib/python3.12/site-packages/airflow/example_dags/example_dynamic_task_mapping.py
[2024-12-24T07:31:40.295+0000] {logging_mixin.py:190} INFO - [2024-12-24T07:31:40.294+0000] {dag.py:3239} INFO - Sync 1 DAGs
[2024-12-24T07:31:40.320+0000] {logging_mixin.py:190} INFO - [2024-12-24T07:31:40.319+0000] {dag.py:4180} INFO - Setting next_dagrun for example_dynamic_task_mapping to None, run_after=None
[2024-12-24T07:31:40.349+0000] {processor.py:208} INFO - Processing /home/airflow/.local/lib/python3.12/site-packages/airflow/example_dags/example_dynamic_task_mapping.py took 0.120 seconds
[2024-12-24T07:32:10.965+0000] {processor.py:186} INFO - Started process (PID=486) to work on /home/airflow/.local/lib/python3.12/site-packages/airflow/example_dags/example_dynamic_task_mapping.py
[2024-12-24T07:32:10.967+0000] {processor.py:914} INFO - Processing file /home/airflow/.local/lib/python3.12/site-packages/airflow/example_dags/example_dynamic_task_mapping.py for tasks to queue
[2024-12-24T07:32:10.972+0000] {logging_mixin.py:190} INFO - [2024-12-24T07:32:10.972+0000] {dagbag.py:588} INFO - Filling up the DagBag from /home/airflow/.local/lib/python3.12/site-packages/airflow/example_dags/example_dynamic_task_mapping.py
[2024-12-24T07:32:10.986+0000] {processor.py:925} INFO - DAG(s) 'example_dynamic_task_mapping' retrieved from /home/airflow/.local/lib/python3.12/site-packages/airflow/example_dags/example_dynamic_task_mapping.py
[2024-12-24T07:32:11.023+0000] {logging_mixin.py:190} INFO - [2024-12-24T07:32:11.022+0000] {dag.py:3239} INFO - Sync 1 DAGs
[2024-12-24T07:32:11.043+0000] {logging_mixin.py:190} INFO - [2024-12-24T07:32:11.042+0000] {dag.py:4180} INFO - Setting next_dagrun for example_dynamic_task_mapping to None, run_after=None
[2024-12-24T07:32:11.077+0000] {processor.py:208} INFO - Processing /home/airflow/.local/lib/python3.12/site-packages/airflow/example_dags/example_dynamic_task_mapping.py took 0.120 seconds
[2024-12-24T07:32:42.408+0000] {processor.py:186} INFO - Started process (PID=553) to work on /home/airflow/.local/lib/python3.12/site-packages/airflow/example_dags/example_dynamic_task_mapping.py
[2024-12-24T07:32:42.410+0000] {processor.py:914} INFO - Processing file /home/airflow/.local/lib/python3.12/site-packages/airflow/example_dags/example_dynamic_task_mapping.py for tasks to queue
[2024-12-24T07:32:42.418+0000] {logging_mixin.py:190} INFO - [2024-12-24T07:32:42.417+0000] {dagbag.py:588} INFO - Filling up the DagBag from /home/airflow/.local/lib/python3.12/site-packages/airflow/example_dags/example_dynamic_task_mapping.py
[2024-12-24T07:32:42.461+0000] {processor.py:925} INFO - DAG(s) 'example_dynamic_task_mapping' retrieved from /home/airflow/.local/lib/python3.12/site-packages/airflow/example_dags/example_dynamic_task_mapping.py
[2024-12-24T07:32:42.530+0000] {logging_mixin.py:190} INFO - [2024-12-24T07:32:42.528+0000] {dag.py:3239} INFO - Sync 1 DAGs
[2024-12-24T07:32:42.706+0000] {logging_mixin.py:190} INFO - [2024-12-24T07:32:42.705+0000] {dag.py:4180} INFO - Setting next_dagrun for example_dynamic_task_mapping to None, run_after=None
[2024-12-24T07:32:42.783+0000] {processor.py:208} INFO - Processing /home/airflow/.local/lib/python3.12/site-packages/airflow/example_dags/example_dynamic_task_mapping.py took 0.385 seconds
[2024-12-24T07:33:13.383+0000] {processor.py:186} INFO - Started process (PID=619) to work on /home/airflow/.local/lib/python3.12/site-packages/airflow/example_dags/example_dynamic_task_mapping.py
[2024-12-24T07:33:13.385+0000] {processor.py:914} INFO - Processing file /home/airflow/.local/lib/python3.12/site-packages/airflow/example_dags/example_dynamic_task_mapping.py for tasks to queue
[2024-12-24T07:33:13.389+0000] {logging_mixin.py:190} INFO - [2024-12-24T07:33:13.388+0000] {dagbag.py:588} INFO - Filling up the DagBag from /home/airflow/.local/lib/python3.12/site-packages/airflow/example_dags/example_dynamic_task_mapping.py
[2024-12-24T07:33:13.407+0000] {processor.py:925} INFO - DAG(s) 'example_dynamic_task_mapping' retrieved from /home/airflow/.local/lib/python3.12/site-packages/airflow/example_dags/example_dynamic_task_mapping.py
[2024-12-24T07:33:13.449+0000] {logging_mixin.py:190} INFO - [2024-12-24T07:33:13.449+0000] {dag.py:3239} INFO - Sync 1 DAGs
[2024-12-24T07:33:13.489+0000] {logging_mixin.py:190} INFO - [2024-12-24T07:33:13.488+0000] {dag.py:4180} INFO - Setting next_dagrun for example_dynamic_task_mapping to None, run_after=None
[2024-12-24T07:33:13.532+0000] {processor.py:208} INFO - Processing /home/airflow/.local/lib/python3.12/site-packages/airflow/example_dags/example_dynamic_task_mapping.py took 0.159 seconds
[2024-12-24T07:33:44.451+0000] {processor.py:186} INFO - Started process (PID=685) to work on /home/airflow/.local/lib/python3.12/site-packages/airflow/example_dags/example_dynamic_task_mapping.py
[2024-12-24T07:33:44.455+0000] {processor.py:914} INFO - Processing file /home/airflow/.local/lib/python3.12/site-packages/airflow/example_dags/example_dynamic_task_mapping.py for tasks to queue
[2024-12-24T07:33:44.460+0000] {logging_mixin.py:190} INFO - [2024-12-24T07:33:44.459+0000] {dagbag.py:588} INFO - Filling up the DagBag from /home/airflow/.local/lib/python3.12/site-packages/airflow/example_dags/example_dynamic_task_mapping.py
[2024-12-24T07:33:44.484+0000] {processor.py:925} INFO - DAG(s) 'example_dynamic_task_mapping' retrieved from /home/airflow/.local/lib/python3.12/site-packages/airflow/example_dags/example_dynamic_task_mapping.py
[2024-12-24T07:33:44.533+0000] {logging_mixin.py:190} INFO - [2024-12-24T07:33:44.532+0000] {dag.py:3239} INFO - Sync 1 DAGs
[2024-12-24T07:33:44.566+0000] {logging_mixin.py:190} INFO - [2024-12-24T07:33:44.566+0000] {dag.py:4180} INFO - Setting next_dagrun for example_dynamic_task_mapping to None, run_after=None
[2024-12-24T07:33:44.619+0000] {processor.py:208} INFO - Processing /home/airflow/.local/lib/python3.12/site-packages/airflow/example_dags/example_dynamic_task_mapping.py took 0.179 seconds
[2024-12-24T07:34:15.015+0000] {processor.py:186} INFO - Started process (PID=751) to work on /home/airflow/.local/lib/python3.12/site-packages/airflow/example_dags/example_dynamic_task_mapping.py
[2024-12-24T07:34:15.017+0000] {processor.py:914} INFO - Processing file /home/airflow/.local/lib/python3.12/site-packages/airflow/example_dags/example_dynamic_task_mapping.py for tasks to queue
[2024-12-24T07:34:15.020+0000] {logging_mixin.py:190} INFO - [2024-12-24T07:34:15.020+0000] {dagbag.py:588} INFO - Filling up the DagBag from /home/airflow/.local/lib/python3.12/site-packages/airflow/example_dags/example_dynamic_task_mapping.py
[2024-12-24T07:34:15.034+0000] {processor.py:925} INFO - DAG(s) 'example_dynamic_task_mapping' retrieved from /home/airflow/.local/lib/python3.12/site-packages/airflow/example_dags/example_dynamic_task_mapping.py
[2024-12-24T07:34:15.063+0000] {logging_mixin.py:190} INFO - [2024-12-24T07:34:15.062+0000] {dag.py:3239} INFO - Sync 1 DAGs
[2024-12-24T07:34:15.081+0000] {logging_mixin.py:190} INFO - [2024-12-24T07:34:15.081+0000] {dag.py:4180} INFO - Setting next_dagrun for example_dynamic_task_mapping to None, run_after=None
[2024-12-24T07:34:15.110+0000] {processor.py:208} INFO - Processing /home/airflow/.local/lib/python3.12/site-packages/airflow/example_dags/example_dynamic_task_mapping.py took 0.104 seconds
[2024-12-24T07:34:45.210+0000] {processor.py:186} INFO - Started process (PID=818) to work on /home/airflow/.local/lib/python3.12/site-packages/airflow/example_dags/example_dynamic_task_mapping.py
[2024-12-24T07:34:45.213+0000] {processor.py:914} INFO - Processing file /home/airflow/.local/lib/python3.12/site-packages/airflow/example_dags/example_dynamic_task_mapping.py for tasks to queue
[2024-12-24T07:34:45.218+0000] {logging_mixin.py:190} INFO - [2024-12-24T07:34:45.218+0000] {dagbag.py:588} INFO - Filling up the DagBag from /home/airflow/.local/lib/python3.12/site-packages/airflow/example_dags/example_dynamic_task_mapping.py
[2024-12-24T07:34:45.234+0000] {processor.py:925} INFO - DAG(s) 'example_dynamic_task_mapping' retrieved from /home/airflow/.local/lib/python3.12/site-packages/airflow/example_dags/example_dynamic_task_mapping.py
[2024-12-24T07:34:45.280+0000] {logging_mixin.py:190} INFO - [2024-12-24T07:34:45.280+0000] {dag.py:3239} INFO - Sync 1 DAGs
[2024-12-24T07:34:45.302+0000] {logging_mixin.py:190} INFO - [2024-12-24T07:34:45.302+0000] {dag.py:4180} INFO - Setting next_dagrun for example_dynamic_task_mapping to None, run_after=None
[2024-12-24T07:34:45.334+0000] {processor.py:208} INFO - Processing /home/airflow/.local/lib/python3.12/site-packages/airflow/example_dags/example_dynamic_task_mapping.py took 0.134 seconds
[2024-12-24T07:35:16.505+0000] {processor.py:186} INFO - Started process (PID=884) to work on /home/airflow/.local/lib/python3.12/site-packages/airflow/example_dags/example_dynamic_task_mapping.py
[2024-12-24T07:35:16.508+0000] {processor.py:914} INFO - Processing file /home/airflow/.local/lib/python3.12/site-packages/airflow/example_dags/example_dynamic_task_mapping.py for tasks to queue
[2024-12-24T07:35:16.514+0000] {logging_mixin.py:190} INFO - [2024-12-24T07:35:16.514+0000] {dagbag.py:588} INFO - Filling up the DagBag from /home/airflow/.local/lib/python3.12/site-packages/airflow/example_dags/example_dynamic_task_mapping.py
[2024-12-24T07:35:16.530+0000] {processor.py:925} INFO - DAG(s) 'example_dynamic_task_mapping' retrieved from /home/airflow/.local/lib/python3.12/site-packages/airflow/example_dags/example_dynamic_task_mapping.py
[2024-12-24T07:35:16.575+0000] {logging_mixin.py:190} INFO - [2024-12-24T07:35:16.574+0000] {dag.py:3239} INFO - Sync 1 DAGs
[2024-12-24T07:35:16.604+0000] {logging_mixin.py:190} INFO - [2024-12-24T07:35:16.603+0000] {dag.py:4180} INFO - Setting next_dagrun for example_dynamic_task_mapping to None, run_after=None
[2024-12-24T07:35:16.639+0000] {processor.py:208} INFO - Processing /home/airflow/.local/lib/python3.12/site-packages/airflow/example_dags/example_dynamic_task_mapping.py took 0.146 seconds
[2024-12-24T07:35:47.733+0000] {processor.py:186} INFO - Started process (PID=956) to work on /home/airflow/.local/lib/python3.12/site-packages/airflow/example_dags/example_dynamic_task_mapping.py
[2024-12-24T07:35:47.734+0000] {processor.py:914} INFO - Processing file /home/airflow/.local/lib/python3.12/site-packages/airflow/example_dags/example_dynamic_task_mapping.py for tasks to queue
[2024-12-24T07:35:47.739+0000] {logging_mixin.py:190} INFO - [2024-12-24T07:35:47.738+0000] {dagbag.py:588} INFO - Filling up the DagBag from /home/airflow/.local/lib/python3.12/site-packages/airflow/example_dags/example_dynamic_task_mapping.py
[2024-12-24T07:35:47.755+0000] {processor.py:925} INFO - DAG(s) 'example_dynamic_task_mapping' retrieved from /home/airflow/.local/lib/python3.12/site-packages/airflow/example_dags/example_dynamic_task_mapping.py
[2024-12-24T07:35:47.795+0000] {logging_mixin.py:190} INFO - [2024-12-24T07:35:47.794+0000] {dag.py:3239} INFO - Sync 1 DAGs
[2024-12-24T07:35:47.816+0000] {logging_mixin.py:190} INFO - [2024-12-24T07:35:47.816+0000] {dag.py:4180} INFO - Setting next_dagrun for example_dynamic_task_mapping to None, run_after=None
[2024-12-24T07:35:47.846+0000] {processor.py:208} INFO - Processing /home/airflow/.local/lib/python3.12/site-packages/airflow/example_dags/example_dynamic_task_mapping.py took 0.121 seconds
[2024-12-24T07:36:18.455+0000] {processor.py:186} INFO - Started process (PID=1022) to work on /home/airflow/.local/lib/python3.12/site-packages/airflow/example_dags/example_dynamic_task_mapping.py
[2024-12-24T07:36:18.458+0000] {processor.py:914} INFO - Processing file /home/airflow/.local/lib/python3.12/site-packages/airflow/example_dags/example_dynamic_task_mapping.py for tasks to queue
[2024-12-24T07:36:18.465+0000] {logging_mixin.py:190} INFO - [2024-12-24T07:36:18.464+0000] {dagbag.py:588} INFO - Filling up the DagBag from /home/airflow/.local/lib/python3.12/site-packages/airflow/example_dags/example_dynamic_task_mapping.py
[2024-12-24T07:36:18.487+0000] {processor.py:925} INFO - DAG(s) 'example_dynamic_task_mapping' retrieved from /home/airflow/.local/lib/python3.12/site-packages/airflow/example_dags/example_dynamic_task_mapping.py
[2024-12-24T07:36:18.528+0000] {logging_mixin.py:190} INFO - [2024-12-24T07:36:18.528+0000] {dag.py:3239} INFO - Sync 1 DAGs
[2024-12-24T07:36:18.552+0000] {logging_mixin.py:190} INFO - [2024-12-24T07:36:18.552+0000] {dag.py:4180} INFO - Setting next_dagrun for example_dynamic_task_mapping to None, run_after=None
[2024-12-24T07:36:18.589+0000] {processor.py:208} INFO - Processing /home/airflow/.local/lib/python3.12/site-packages/airflow/example_dags/example_dynamic_task_mapping.py took 0.145 seconds
[2024-12-24T07:36:49.349+0000] {processor.py:186} INFO - Started process (PID=1088) to work on /home/airflow/.local/lib/python3.12/site-packages/airflow/example_dags/example_dynamic_task_mapping.py
[2024-12-24T07:36:49.352+0000] {processor.py:914} INFO - Processing file /home/airflow/.local/lib/python3.12/site-packages/airflow/example_dags/example_dynamic_task_mapping.py for tasks to queue
[2024-12-24T07:36:49.357+0000] {logging_mixin.py:190} INFO - [2024-12-24T07:36:49.356+0000] {dagbag.py:588} INFO - Filling up the DagBag from /home/airflow/.local/lib/python3.12/site-packages/airflow/example_dags/example_dynamic_task_mapping.py
[2024-12-24T07:36:49.376+0000] {processor.py:925} INFO - DAG(s) 'example_dynamic_task_mapping' retrieved from /home/airflow/.local/lib/python3.12/site-packages/airflow/example_dags/example_dynamic_task_mapping.py
[2024-12-24T07:36:49.412+0000] {logging_mixin.py:190} INFO - [2024-12-24T07:36:49.411+0000] {dag.py:3239} INFO - Sync 1 DAGs
[2024-12-24T07:36:49.435+0000] {logging_mixin.py:190} INFO - [2024-12-24T07:36:49.435+0000] {dag.py:4180} INFO - Setting next_dagrun for example_dynamic_task_mapping to None, run_after=None
[2024-12-24T07:36:49.466+0000] {processor.py:208} INFO - Processing /home/airflow/.local/lib/python3.12/site-packages/airflow/example_dags/example_dynamic_task_mapping.py took 0.139 seconds
[2024-12-24T07:37:20.061+0000] {processor.py:186} INFO - Started process (PID=1154) to work on /home/airflow/.local/lib/python3.12/site-packages/airflow/example_dags/example_dynamic_task_mapping.py
[2024-12-24T07:37:20.065+0000] {processor.py:914} INFO - Processing file /home/airflow/.local/lib/python3.12/site-packages/airflow/example_dags/example_dynamic_task_mapping.py for tasks to queue
[2024-12-24T07:37:20.074+0000] {logging_mixin.py:190} INFO - [2024-12-24T07:37:20.073+0000] {dagbag.py:588} INFO - Filling up the DagBag from /home/airflow/.local/lib/python3.12/site-packages/airflow/example_dags/example_dynamic_task_mapping.py
[2024-12-24T07:37:20.229+0000] {processor.py:925} INFO - DAG(s) 'example_dynamic_task_mapping' retrieved from /home/airflow/.local/lib/python3.12/site-packages/airflow/example_dags/example_dynamic_task_mapping.py
[2024-12-24T07:37:20.284+0000] {logging_mixin.py:190} INFO - [2024-12-24T07:37:20.283+0000] {dag.py:3239} INFO - Sync 1 DAGs
[2024-12-24T07:37:20.312+0000] {logging_mixin.py:190} INFO - [2024-12-24T07:37:20.312+0000] {dag.py:4180} INFO - Setting next_dagrun for example_dynamic_task_mapping to None, run_after=None
[2024-12-24T07:37:20.348+0000] {processor.py:208} INFO - Processing /home/airflow/.local/lib/python3.12/site-packages/airflow/example_dags/example_dynamic_task_mapping.py took 0.299 seconds
[2024-12-24T07:37:50.689+0000] {processor.py:186} INFO - Started process (PID=1220) to work on /home/airflow/.local/lib/python3.12/site-packages/airflow/example_dags/example_dynamic_task_mapping.py
[2024-12-24T07:37:50.692+0000] {processor.py:914} INFO - Processing file /home/airflow/.local/lib/python3.12/site-packages/airflow/example_dags/example_dynamic_task_mapping.py for tasks to queue
[2024-12-24T07:37:50.696+0000] {logging_mixin.py:190} INFO - [2024-12-24T07:37:50.696+0000] {dagbag.py:588} INFO - Filling up the DagBag from /home/airflow/.local/lib/python3.12/site-packages/airflow/example_dags/example_dynamic_task_mapping.py
[2024-12-24T07:37:50.713+0000] {processor.py:925} INFO - DAG(s) 'example_dynamic_task_mapping' retrieved from /home/airflow/.local/lib/python3.12/site-packages/airflow/example_dags/example_dynamic_task_mapping.py
[2024-12-24T07:37:50.745+0000] {logging_mixin.py:190} INFO - [2024-12-24T07:37:50.744+0000] {dag.py:3239} INFO - Sync 1 DAGs
[2024-12-24T07:37:50.769+0000] {logging_mixin.py:190} INFO - [2024-12-24T07:37:50.769+0000] {dag.py:4180} INFO - Setting next_dagrun for example_dynamic_task_mapping to None, run_after=None
[2024-12-24T07:37:50.804+0000] {processor.py:208} INFO - Processing /home/airflow/.local/lib/python3.12/site-packages/airflow/example_dags/example_dynamic_task_mapping.py took 0.124 seconds
[2024-12-24T07:38:21.211+0000] {processor.py:186} INFO - Started process (PID=1285) to work on /home/airflow/.local/lib/python3.12/site-packages/airflow/example_dags/example_dynamic_task_mapping.py
[2024-12-24T07:38:21.214+0000] {processor.py:914} INFO - Processing file /home/airflow/.local/lib/python3.12/site-packages/airflow/example_dags/example_dynamic_task_mapping.py for tasks to queue
[2024-12-24T07:38:21.233+0000] {logging_mixin.py:190} INFO - [2024-12-24T07:38:21.231+0000] {dagbag.py:588} INFO - Filling up the DagBag from /home/airflow/.local/lib/python3.12/site-packages/airflow/example_dags/example_dynamic_task_mapping.py
[2024-12-24T07:38:21.283+0000] {processor.py:925} INFO - DAG(s) 'example_dynamic_task_mapping' retrieved from /home/airflow/.local/lib/python3.12/site-packages/airflow/example_dags/example_dynamic_task_mapping.py
[2024-12-24T07:38:21.368+0000] {logging_mixin.py:190} INFO - [2024-12-24T07:38:21.367+0000] {dag.py:3239} INFO - Sync 1 DAGs
[2024-12-24T07:38:21.420+0000] {logging_mixin.py:190} INFO - [2024-12-24T07:38:21.419+0000] {dag.py:4180} INFO - Setting next_dagrun for example_dynamic_task_mapping to None, run_after=None
[2024-12-24T07:38:21.490+0000] {processor.py:208} INFO - Processing /home/airflow/.local/lib/python3.12/site-packages/airflow/example_dags/example_dynamic_task_mapping.py took 0.293 seconds
[2024-12-24T07:38:51.594+0000] {processor.py:186} INFO - Started process (PID=1352) to work on /home/airflow/.local/lib/python3.12/site-packages/airflow/example_dags/example_dynamic_task_mapping.py
[2024-12-24T07:38:51.595+0000] {processor.py:914} INFO - Processing file /home/airflow/.local/lib/python3.12/site-packages/airflow/example_dags/example_dynamic_task_mapping.py for tasks to queue
[2024-12-24T07:38:51.599+0000] {logging_mixin.py:190} INFO - [2024-12-24T07:38:51.598+0000] {dagbag.py:588} INFO - Filling up the DagBag from /home/airflow/.local/lib/python3.12/site-packages/airflow/example_dags/example_dynamic_task_mapping.py
[2024-12-24T07:38:51.614+0000] {processor.py:925} INFO - DAG(s) 'example_dynamic_task_mapping' retrieved from /home/airflow/.local/lib/python3.12/site-packages/airflow/example_dags/example_dynamic_task_mapping.py
[2024-12-24T07:38:51.648+0000] {logging_mixin.py:190} INFO - [2024-12-24T07:38:51.648+0000] {dag.py:3239} INFO - Sync 1 DAGs
[2024-12-24T07:38:51.678+0000] {logging_mixin.py:190} INFO - [2024-12-24T07:38:51.678+0000] {dag.py:4180} INFO - Setting next_dagrun for example_dynamic_task_mapping to None, run_after=None
[2024-12-24T07:38:51.718+0000] {processor.py:208} INFO - Processing /home/airflow/.local/lib/python3.12/site-packages/airflow/example_dags/example_dynamic_task_mapping.py took 0.132 seconds
[2024-12-24T07:39:22.562+0000] {processor.py:186} INFO - Started process (PID=1418) to work on /home/airflow/.local/lib/python3.12/site-packages/airflow/example_dags/example_dynamic_task_mapping.py
[2024-12-24T07:39:22.565+0000] {processor.py:914} INFO - Processing file /home/airflow/.local/lib/python3.12/site-packages/airflow/example_dags/example_dynamic_task_mapping.py for tasks to queue
[2024-12-24T07:39:22.570+0000] {logging_mixin.py:190} INFO - [2024-12-24T07:39:22.569+0000] {dagbag.py:588} INFO - Filling up the DagBag from /home/airflow/.local/lib/python3.12/site-packages/airflow/example_dags/example_dynamic_task_mapping.py
[2024-12-24T07:39:22.590+0000] {processor.py:925} INFO - DAG(s) 'example_dynamic_task_mapping' retrieved from /home/airflow/.local/lib/python3.12/site-packages/airflow/example_dags/example_dynamic_task_mapping.py
[2024-12-24T07:39:22.647+0000] {logging_mixin.py:190} INFO - [2024-12-24T07:39:22.646+0000] {dag.py:3239} INFO - Sync 1 DAGs
[2024-12-24T07:39:22.684+0000] {logging_mixin.py:190} INFO - [2024-12-24T07:39:22.684+0000] {dag.py:4180} INFO - Setting next_dagrun for example_dynamic_task_mapping to None, run_after=None
[2024-12-24T07:39:22.736+0000] {processor.py:208} INFO - Processing /home/airflow/.local/lib/python3.12/site-packages/airflow/example_dags/example_dynamic_task_mapping.py took 0.188 seconds
[2024-12-24T07:39:53.214+0000] {processor.py:186} INFO - Started process (PID=1484) to work on /home/airflow/.local/lib/python3.12/site-packages/airflow/example_dags/example_dynamic_task_mapping.py
[2024-12-24T07:39:53.215+0000] {processor.py:914} INFO - Processing file /home/airflow/.local/lib/python3.12/site-packages/airflow/example_dags/example_dynamic_task_mapping.py for tasks to queue
[2024-12-24T07:39:53.220+0000] {logging_mixin.py:190} INFO - [2024-12-24T07:39:53.220+0000] {dagbag.py:588} INFO - Filling up the DagBag from /home/airflow/.local/lib/python3.12/site-packages/airflow/example_dags/example_dynamic_task_mapping.py
[2024-12-24T07:39:53.233+0000] {processor.py:925} INFO - DAG(s) 'example_dynamic_task_mapping' retrieved from /home/airflow/.local/lib/python3.12/site-packages/airflow/example_dags/example_dynamic_task_mapping.py
[2024-12-24T07:39:53.269+0000] {logging_mixin.py:190} INFO - [2024-12-24T07:39:53.269+0000] {dag.py:3239} INFO - Sync 1 DAGs
[2024-12-24T07:39:53.290+0000] {logging_mixin.py:190} INFO - [2024-12-24T07:39:53.290+0000] {dag.py:4180} INFO - Setting next_dagrun for example_dynamic_task_mapping to None, run_after=None
[2024-12-24T07:39:53.335+0000] {processor.py:208} INFO - Processing /home/airflow/.local/lib/python3.12/site-packages/airflow/example_dags/example_dynamic_task_mapping.py took 0.133 seconds
[2024-12-24T07:40:24.203+0000] {processor.py:186} INFO - Started process (PID=1550) to work on /home/airflow/.local/lib/python3.12/site-packages/airflow/example_dags/example_dynamic_task_mapping.py
[2024-12-24T07:40:24.205+0000] {processor.py:914} INFO - Processing file /home/airflow/.local/lib/python3.12/site-packages/airflow/example_dags/example_dynamic_task_mapping.py for tasks to queue
[2024-12-24T07:40:24.212+0000] {logging_mixin.py:190} INFO - [2024-12-24T07:40:24.211+0000] {dagbag.py:588} INFO - Filling up the DagBag from /home/airflow/.local/lib/python3.12/site-packages/airflow/example_dags/example_dynamic_task_mapping.py
[2024-12-24T07:40:24.237+0000] {processor.py:925} INFO - DAG(s) 'example_dynamic_task_mapping' retrieved from /home/airflow/.local/lib/python3.12/site-packages/airflow/example_dags/example_dynamic_task_mapping.py
[2024-12-24T07:40:24.357+0000] {logging_mixin.py:190} INFO - [2024-12-24T07:40:24.356+0000] {dag.py:3239} INFO - Sync 1 DAGs
[2024-12-24T07:40:24.388+0000] {logging_mixin.py:190} INFO - [2024-12-24T07:40:24.387+0000] {dag.py:4180} INFO - Setting next_dagrun for example_dynamic_task_mapping to None, run_after=None
[2024-12-24T07:40:24.444+0000] {processor.py:208} INFO - Processing /home/airflow/.local/lib/python3.12/site-packages/airflow/example_dags/example_dynamic_task_mapping.py took 0.254 seconds
[2024-12-24T07:40:54.673+0000] {processor.py:186} INFO - Started process (PID=1616) to work on /home/airflow/.local/lib/python3.12/site-packages/airflow/example_dags/example_dynamic_task_mapping.py
[2024-12-24T07:40:54.676+0000] {processor.py:914} INFO - Processing file /home/airflow/.local/lib/python3.12/site-packages/airflow/example_dags/example_dynamic_task_mapping.py for tasks to queue
[2024-12-24T07:40:54.677+0000] {logging_mixin.py:190} INFO - [2024-12-24T07:40:54.677+0000] {dagbag.py:588} INFO - Filling up the DagBag from /home/airflow/.local/lib/python3.12/site-packages/airflow/example_dags/example_dynamic_task_mapping.py
[2024-12-24T07:40:54.692+0000] {processor.py:925} INFO - DAG(s) 'example_dynamic_task_mapping' retrieved from /home/airflow/.local/lib/python3.12/site-packages/airflow/example_dags/example_dynamic_task_mapping.py
[2024-12-24T07:40:54.724+0000] {logging_mixin.py:190} INFO - [2024-12-24T07:40:54.724+0000] {dag.py:3239} INFO - Sync 1 DAGs
[2024-12-24T07:40:54.743+0000] {logging_mixin.py:190} INFO - [2024-12-24T07:40:54.743+0000] {dag.py:4180} INFO - Setting next_dagrun for example_dynamic_task_mapping to None, run_after=None
[2024-12-24T07:40:54.775+0000] {processor.py:208} INFO - Processing /home/airflow/.local/lib/python3.12/site-packages/airflow/example_dags/example_dynamic_task_mapping.py took 0.110 seconds
[2024-12-24T07:41:25.245+0000] {processor.py:186} INFO - Started process (PID=1682) to work on /home/airflow/.local/lib/python3.12/site-packages/airflow/example_dags/example_dynamic_task_mapping.py
[2024-12-24T07:41:25.248+0000] {processor.py:914} INFO - Processing file /home/airflow/.local/lib/python3.12/site-packages/airflow/example_dags/example_dynamic_task_mapping.py for tasks to queue
[2024-12-24T07:41:25.256+0000] {logging_mixin.py:190} INFO - [2024-12-24T07:41:25.255+0000] {dagbag.py:588} INFO - Filling up the DagBag from /home/airflow/.local/lib/python3.12/site-packages/airflow/example_dags/example_dynamic_task_mapping.py
[2024-12-24T07:41:25.276+0000] {processor.py:925} INFO - DAG(s) 'example_dynamic_task_mapping' retrieved from /home/airflow/.local/lib/python3.12/site-packages/airflow/example_dags/example_dynamic_task_mapping.py
[2024-12-24T07:41:25.318+0000] {logging_mixin.py:190} INFO - [2024-12-24T07:41:25.318+0000] {dag.py:3239} INFO - Sync 1 DAGs
[2024-12-24T07:41:25.348+0000] {logging_mixin.py:190} INFO - [2024-12-24T07:41:25.347+0000] {dag.py:4180} INFO - Setting next_dagrun for example_dynamic_task_mapping to None, run_after=None
[2024-12-24T07:41:25.389+0000] {processor.py:208} INFO - Processing /home/airflow/.local/lib/python3.12/site-packages/airflow/example_dags/example_dynamic_task_mapping.py took 0.154 seconds
[2024-12-24T07:41:55.672+0000] {processor.py:186} INFO - Started process (PID=1747) to work on /home/airflow/.local/lib/python3.12/site-packages/airflow/example_dags/example_dynamic_task_mapping.py
[2024-12-24T07:41:55.673+0000] {processor.py:914} INFO - Processing file /home/airflow/.local/lib/python3.12/site-packages/airflow/example_dags/example_dynamic_task_mapping.py for tasks to queue
[2024-12-24T07:41:55.676+0000] {logging_mixin.py:190} INFO - [2024-12-24T07:41:55.676+0000] {dagbag.py:588} INFO - Filling up the DagBag from /home/airflow/.local/lib/python3.12/site-packages/airflow/example_dags/example_dynamic_task_mapping.py
[2024-12-24T07:41:55.692+0000] {processor.py:925} INFO - DAG(s) 'example_dynamic_task_mapping' retrieved from /home/airflow/.local/lib/python3.12/site-packages/airflow/example_dags/example_dynamic_task_mapping.py
[2024-12-24T07:41:55.732+0000] {logging_mixin.py:190} INFO - [2024-12-24T07:41:55.732+0000] {dag.py:3239} INFO - Sync 1 DAGs
[2024-12-24T07:41:55.769+0000] {logging_mixin.py:190} INFO - [2024-12-24T07:41:55.769+0000] {dag.py:4180} INFO - Setting next_dagrun for example_dynamic_task_mapping to None, run_after=None
[2024-12-24T07:41:55.799+0000] {processor.py:208} INFO - Processing /home/airflow/.local/lib/python3.12/site-packages/airflow/example_dags/example_dynamic_task_mapping.py took 0.139 seconds
