[2024-12-24T07:29:05.745+0000] {processor.py:186} INFO - Started process (PID=87) to work on /home/airflow/.local/lib/python3.12/site-packages/airflow/example_dags/example_outlet_event_extra.py
[2024-12-24T07:29:05.746+0000] {processor.py:914} INFO - Processing file /home/airflow/.local/lib/python3.12/site-packages/airflow/example_dags/example_outlet_event_extra.py for tasks to queue
[2024-12-24T07:29:05.750+0000] {logging_mixin.py:190} INFO - [2024-12-24T07:29:05.750+0000] {dagbag.py:588} INFO - Filling up the DagBag from /home/airflow/.local/lib/python3.12/site-packages/airflow/example_dags/example_outlet_event_extra.py
[2024-12-24T07:29:05.936+0000] {processor.py:925} INFO - DAG(s) 'dataset_with_extra_by_yield', 'dataset_with_extra_by_context', 'dataset_with_extra_from_classic_operator' retrieved from /home/airflow/.local/lib/python3.12/site-packages/airflow/example_dags/example_outlet_event_extra.py
[2024-12-24T07:29:06.109+0000] {logging_mixin.py:190} INFO - [2024-12-24T07:29:06.107+0000] {override.py:1911} INFO - Created Permission View: can read on DAG:dataset_with_extra_by_yield
[2024-12-24T07:29:06.133+0000] {logging_mixin.py:190} INFO - [2024-12-24T07:29:06.132+0000] {override.py:1911} INFO - Created Permission View: can edit on DAG:dataset_with_extra_by_yield
[2024-12-24T07:29:06.148+0000] {logging_mixin.py:190} INFO - [2024-12-24T07:29:06.148+0000] {override.py:1911} INFO - Created Permission View: can delete on DAG:dataset_with_extra_by_yield
[2024-12-24T07:29:06.169+0000] {logging_mixin.py:190} INFO - [2024-12-24T07:29:06.169+0000] {override.py:1911} INFO - Created Permission View: can read on DAG Run:dataset_with_extra_by_yield
[2024-12-24T07:29:06.182+0000] {logging_mixin.py:190} INFO - [2024-12-24T07:29:06.181+0000] {override.py:1911} INFO - Created Permission View: can create on DAG Run:dataset_with_extra_by_yield
[2024-12-24T07:29:06.194+0000] {logging_mixin.py:190} INFO - [2024-12-24T07:29:06.194+0000] {override.py:1911} INFO - Created Permission View: can delete on DAG Run:dataset_with_extra_by_yield
[2024-12-24T07:29:06.208+0000] {logging_mixin.py:190} INFO - [2024-12-24T07:29:06.208+0000] {override.py:1911} INFO - Created Permission View: menu access on DAG Run:dataset_with_extra_by_yield
[2024-12-24T07:29:06.230+0000] {logging_mixin.py:190} INFO - [2024-12-24T07:29:06.230+0000] {override.py:1911} INFO - Created Permission View: can read on DAG:dataset_with_extra_by_context
[2024-12-24T07:29:06.243+0000] {logging_mixin.py:190} INFO - [2024-12-24T07:29:06.242+0000] {override.py:1911} INFO - Created Permission View: can edit on DAG:dataset_with_extra_by_context
[2024-12-24T07:29:06.256+0000] {logging_mixin.py:190} INFO - [2024-12-24T07:29:06.255+0000] {override.py:1911} INFO - Created Permission View: can delete on DAG:dataset_with_extra_by_context
[2024-12-24T07:29:06.273+0000] {logging_mixin.py:190} INFO - [2024-12-24T07:29:06.273+0000] {override.py:1911} INFO - Created Permission View: can read on DAG Run:dataset_with_extra_by_context
[2024-12-24T07:29:06.285+0000] {logging_mixin.py:190} INFO - [2024-12-24T07:29:06.285+0000] {override.py:1911} INFO - Created Permission View: can create on DAG Run:dataset_with_extra_by_context
[2024-12-24T07:29:06.296+0000] {logging_mixin.py:190} INFO - [2024-12-24T07:29:06.295+0000] {override.py:1911} INFO - Created Permission View: can delete on DAG Run:dataset_with_extra_by_context
[2024-12-24T07:29:06.313+0000] {logging_mixin.py:190} INFO - [2024-12-24T07:29:06.312+0000] {override.py:1911} INFO - Created Permission View: menu access on DAG Run:dataset_with_extra_by_context
[2024-12-24T07:29:06.341+0000] {logging_mixin.py:190} INFO - [2024-12-24T07:29:06.341+0000] {override.py:1911} INFO - Created Permission View: can read on DAG:dataset_with_extra_from_classic_operator
[2024-12-24T07:29:06.355+0000] {logging_mixin.py:190} INFO - [2024-12-24T07:29:06.355+0000] {override.py:1911} INFO - Created Permission View: can edit on DAG:dataset_with_extra_from_classic_operator
[2024-12-24T07:29:06.370+0000] {logging_mixin.py:190} INFO - [2024-12-24T07:29:06.369+0000] {override.py:1911} INFO - Created Permission View: can delete on DAG:dataset_with_extra_from_classic_operator
[2024-12-24T07:29:06.385+0000] {logging_mixin.py:190} INFO - [2024-12-24T07:29:06.384+0000] {override.py:1911} INFO - Created Permission View: can read on DAG Run:dataset_with_extra_from_classic_operator
[2024-12-24T07:29:06.397+0000] {logging_mixin.py:190} INFO - [2024-12-24T07:29:06.397+0000] {override.py:1911} INFO - Created Permission View: can create on DAG Run:dataset_with_extra_from_classic_operator
[2024-12-24T07:29:06.409+0000] {logging_mixin.py:190} INFO - [2024-12-24T07:29:06.409+0000] {override.py:1911} INFO - Created Permission View: can delete on DAG Run:dataset_with_extra_from_classic_operator
[2024-12-24T07:29:06.423+0000] {logging_mixin.py:190} INFO - [2024-12-24T07:29:06.423+0000] {override.py:1911} INFO - Created Permission View: menu access on DAG Run:dataset_with_extra_from_classic_operator
[2024-12-24T07:29:06.424+0000] {logging_mixin.py:190} INFO - [2024-12-24T07:29:06.424+0000] {dag.py:3239} INFO - Sync 3 DAGs
[2024-12-24T07:29:06.451+0000] {logging_mixin.py:190} INFO - [2024-12-24T07:29:06.451+0000] {dag.py:3262} INFO - Creating ORM DAG for dataset_with_extra_by_yield
[2024-12-24T07:29:06.454+0000] {logging_mixin.py:190} INFO - [2024-12-24T07:29:06.453+0000] {dag.py:3262} INFO - Creating ORM DAG for dataset_with_extra_from_classic_operator
[2024-12-24T07:29:06.455+0000] {logging_mixin.py:190} INFO - [2024-12-24T07:29:06.455+0000] {dag.py:3262} INFO - Creating ORM DAG for dataset_with_extra_by_context
[2024-12-24T07:29:06.471+0000] {logging_mixin.py:190} INFO - [2024-12-24T07:29:06.470+0000] {dag.py:4180} INFO - Setting next_dagrun for dataset_with_extra_by_context to 2024-12-23 00:00:00+00:00, run_after=2024-12-24 00:00:00+00:00
[2024-12-24T07:29:06.474+0000] {logging_mixin.py:190} INFO - [2024-12-24T07:29:06.474+0000] {dag.py:4180} INFO - Setting next_dagrun for dataset_with_extra_by_yield to 2024-12-23 00:00:00+00:00, run_after=2024-12-24 00:00:00+00:00
[2024-12-24T07:29:06.477+0000] {logging_mixin.py:190} INFO - [2024-12-24T07:29:06.476+0000] {dag.py:4180} INFO - Setting next_dagrun for dataset_with_extra_from_classic_operator to 2024-12-23 00:00:00+00:00, run_after=2024-12-24 00:00:00+00:00
[2024-12-24T07:29:06.528+0000] {processor.py:208} INFO - Processing /home/airflow/.local/lib/python3.12/site-packages/airflow/example_dags/example_outlet_event_extra.py took 0.792 seconds
[2024-12-24T07:29:36.829+0000] {processor.py:186} INFO - Started process (PID=153) to work on /home/airflow/.local/lib/python3.12/site-packages/airflow/example_dags/example_outlet_event_extra.py
[2024-12-24T07:29:36.831+0000] {processor.py:914} INFO - Processing file /home/airflow/.local/lib/python3.12/site-packages/airflow/example_dags/example_outlet_event_extra.py for tasks to queue
[2024-12-24T07:29:36.835+0000] {logging_mixin.py:190} INFO - [2024-12-24T07:29:36.834+0000] {dagbag.py:588} INFO - Filling up the DagBag from /home/airflow/.local/lib/python3.12/site-packages/airflow/example_dags/example_outlet_event_extra.py
[2024-12-24T07:29:37.002+0000] {processor.py:925} INFO - DAG(s) 'dataset_with_extra_by_context', 'dataset_with_extra_from_classic_operator', 'dataset_with_extra_by_yield' retrieved from /home/airflow/.local/lib/python3.12/site-packages/airflow/example_dags/example_outlet_event_extra.py
[2024-12-24T07:29:37.039+0000] {logging_mixin.py:190} INFO - [2024-12-24T07:29:37.038+0000] {dag.py:3239} INFO - Sync 3 DAGs
[2024-12-24T07:29:37.071+0000] {logging_mixin.py:190} INFO - [2024-12-24T07:29:37.070+0000] {dag.py:4180} INFO - Setting next_dagrun for dataset_with_extra_by_context to 2024-12-23 00:00:00+00:00, run_after=2024-12-24 00:00:00+00:00
[2024-12-24T07:29:37.078+0000] {logging_mixin.py:190} INFO - [2024-12-24T07:29:37.078+0000] {dag.py:4180} INFO - Setting next_dagrun for dataset_with_extra_by_yield to 2024-12-23 00:00:00+00:00, run_after=2024-12-24 00:00:00+00:00
[2024-12-24T07:29:37.083+0000] {logging_mixin.py:190} INFO - [2024-12-24T07:29:37.083+0000] {dag.py:4180} INFO - Setting next_dagrun for dataset_with_extra_from_classic_operator to 2024-12-23 00:00:00+00:00, run_after=2024-12-24 00:00:00+00:00
[2024-12-24T07:29:37.114+0000] {processor.py:208} INFO - Processing /home/airflow/.local/lib/python3.12/site-packages/airflow/example_dags/example_outlet_event_extra.py took 0.294 seconds
[2024-12-24T07:30:07.410+0000] {processor.py:186} INFO - Started process (PID=219) to work on /home/airflow/.local/lib/python3.12/site-packages/airflow/example_dags/example_outlet_event_extra.py
[2024-12-24T07:30:07.413+0000] {processor.py:914} INFO - Processing file /home/airflow/.local/lib/python3.12/site-packages/airflow/example_dags/example_outlet_event_extra.py for tasks to queue
[2024-12-24T07:30:07.425+0000] {logging_mixin.py:190} INFO - [2024-12-24T07:30:07.425+0000] {dagbag.py:588} INFO - Filling up the DagBag from /home/airflow/.local/lib/python3.12/site-packages/airflow/example_dags/example_outlet_event_extra.py
[2024-12-24T07:30:07.818+0000] {processor.py:925} INFO - DAG(s) 'dataset_with_extra_from_classic_operator', 'dataset_with_extra_by_context', 'dataset_with_extra_by_yield' retrieved from /home/airflow/.local/lib/python3.12/site-packages/airflow/example_dags/example_outlet_event_extra.py
[2024-12-24T07:30:07.913+0000] {logging_mixin.py:190} INFO - [2024-12-24T07:30:07.913+0000] {dag.py:3239} INFO - Sync 3 DAGs
[2024-12-24T07:30:07.960+0000] {logging_mixin.py:190} INFO - [2024-12-24T07:30:07.959+0000] {dag.py:4180} INFO - Setting next_dagrun for dataset_with_extra_by_context to 2024-12-23 00:00:00+00:00, run_after=2024-12-24 00:00:00+00:00
[2024-12-24T07:30:07.975+0000] {logging_mixin.py:190} INFO - [2024-12-24T07:30:07.974+0000] {dag.py:4180} INFO - Setting next_dagrun for dataset_with_extra_by_yield to 2024-12-23 00:00:00+00:00, run_after=2024-12-24 00:00:00+00:00
[2024-12-24T07:30:07.989+0000] {logging_mixin.py:190} INFO - [2024-12-24T07:30:07.987+0000] {dag.py:4180} INFO - Setting next_dagrun for dataset_with_extra_from_classic_operator to 2024-12-23 00:00:00+00:00, run_after=2024-12-24 00:00:00+00:00
[2024-12-24T07:30:08.070+0000] {processor.py:208} INFO - Processing /home/airflow/.local/lib/python3.12/site-packages/airflow/example_dags/example_outlet_event_extra.py took 0.677 seconds
[2024-12-24T07:30:38.336+0000] {processor.py:186} INFO - Started process (PID=287) to work on /home/airflow/.local/lib/python3.12/site-packages/airflow/example_dags/example_outlet_event_extra.py
[2024-12-24T07:30:38.342+0000] {processor.py:914} INFO - Processing file /home/airflow/.local/lib/python3.12/site-packages/airflow/example_dags/example_outlet_event_extra.py for tasks to queue
[2024-12-24T07:30:38.346+0000] {logging_mixin.py:190} INFO - [2024-12-24T07:30:38.346+0000] {dagbag.py:588} INFO - Filling up the DagBag from /home/airflow/.local/lib/python3.12/site-packages/airflow/example_dags/example_outlet_event_extra.py
[2024-12-24T07:30:38.590+0000] {processor.py:925} INFO - DAG(s) 'dataset_with_extra_from_classic_operator', 'dataset_with_extra_by_context', 'dataset_with_extra_by_yield' retrieved from /home/airflow/.local/lib/python3.12/site-packages/airflow/example_dags/example_outlet_event_extra.py
[2024-12-24T07:30:38.674+0000] {logging_mixin.py:190} INFO - [2024-12-24T07:30:38.674+0000] {dag.py:3239} INFO - Sync 3 DAGs
[2024-12-24T07:30:38.731+0000] {logging_mixin.py:190} INFO - [2024-12-24T07:30:38.731+0000] {dag.py:4180} INFO - Setting next_dagrun for dataset_with_extra_by_context to 2024-12-23 00:00:00+00:00, run_after=2024-12-24 00:00:00+00:00
[2024-12-24T07:30:38.744+0000] {logging_mixin.py:190} INFO - [2024-12-24T07:30:38.744+0000] {dag.py:4180} INFO - Setting next_dagrun for dataset_with_extra_by_yield to 2024-12-23 00:00:00+00:00, run_after=2024-12-24 00:00:00+00:00
[2024-12-24T07:30:38.749+0000] {logging_mixin.py:190} INFO - [2024-12-24T07:30:38.748+0000] {dag.py:4180} INFO - Setting next_dagrun for dataset_with_extra_from_classic_operator to 2024-12-23 00:00:00+00:00, run_after=2024-12-24 00:00:00+00:00
[2024-12-24T07:30:38.802+0000] {processor.py:208} INFO - Processing /home/airflow/.local/lib/python3.12/site-packages/airflow/example_dags/example_outlet_event_extra.py took 0.474 seconds
[2024-12-24T07:31:09.421+0000] {processor.py:186} INFO - Started process (PID=354) to work on /home/airflow/.local/lib/python3.12/site-packages/airflow/example_dags/example_outlet_event_extra.py
[2024-12-24T07:31:09.423+0000] {processor.py:914} INFO - Processing file /home/airflow/.local/lib/python3.12/site-packages/airflow/example_dags/example_outlet_event_extra.py for tasks to queue
[2024-12-24T07:31:09.432+0000] {logging_mixin.py:190} INFO - [2024-12-24T07:31:09.431+0000] {dagbag.py:588} INFO - Filling up the DagBag from /home/airflow/.local/lib/python3.12/site-packages/airflow/example_dags/example_outlet_event_extra.py
[2024-12-24T07:31:09.711+0000] {processor.py:925} INFO - DAG(s) 'dataset_with_extra_by_yield', 'dataset_with_extra_from_classic_operator', 'dataset_with_extra_by_context' retrieved from /home/airflow/.local/lib/python3.12/site-packages/airflow/example_dags/example_outlet_event_extra.py
[2024-12-24T07:31:09.769+0000] {logging_mixin.py:190} INFO - [2024-12-24T07:31:09.769+0000] {dag.py:3239} INFO - Sync 3 DAGs
[2024-12-24T07:31:09.813+0000] {logging_mixin.py:190} INFO - [2024-12-24T07:31:09.812+0000] {dag.py:4180} INFO - Setting next_dagrun for dataset_with_extra_by_context to 2024-12-23 00:00:00+00:00, run_after=2024-12-24 00:00:00+00:00
[2024-12-24T07:31:09.824+0000] {logging_mixin.py:190} INFO - [2024-12-24T07:31:09.824+0000] {dag.py:4180} INFO - Setting next_dagrun for dataset_with_extra_by_yield to 2024-12-23 00:00:00+00:00, run_after=2024-12-24 00:00:00+00:00
[2024-12-24T07:31:09.828+0000] {logging_mixin.py:190} INFO - [2024-12-24T07:31:09.828+0000] {dag.py:4180} INFO - Setting next_dagrun for dataset_with_extra_from_classic_operator to 2024-12-23 00:00:00+00:00, run_after=2024-12-24 00:00:00+00:00
[2024-12-24T07:31:09.861+0000] {processor.py:208} INFO - Processing /home/airflow/.local/lib/python3.12/site-packages/airflow/example_dags/example_outlet_event_extra.py took 0.462 seconds
[2024-12-24T07:31:40.038+0000] {processor.py:186} INFO - Started process (PID=418) to work on /home/airflow/.local/lib/python3.12/site-packages/airflow/example_dags/example_outlet_event_extra.py
[2024-12-24T07:31:40.041+0000] {processor.py:914} INFO - Processing file /home/airflow/.local/lib/python3.12/site-packages/airflow/example_dags/example_outlet_event_extra.py for tasks to queue
[2024-12-24T07:31:40.046+0000] {logging_mixin.py:190} INFO - [2024-12-24T07:31:40.045+0000] {dagbag.py:588} INFO - Filling up the DagBag from /home/airflow/.local/lib/python3.12/site-packages/airflow/example_dags/example_outlet_event_extra.py
[2024-12-24T07:31:40.238+0000] {processor.py:925} INFO - DAG(s) 'dataset_with_extra_by_yield', 'dataset_with_extra_from_classic_operator', 'dataset_with_extra_by_context' retrieved from /home/airflow/.local/lib/python3.12/site-packages/airflow/example_dags/example_outlet_event_extra.py
[2024-12-24T07:31:40.284+0000] {logging_mixin.py:190} INFO - [2024-12-24T07:31:40.284+0000] {dag.py:3239} INFO - Sync 3 DAGs
[2024-12-24T07:31:40.322+0000] {logging_mixin.py:190} INFO - [2024-12-24T07:31:40.321+0000] {dag.py:4180} INFO - Setting next_dagrun for dataset_with_extra_by_context to 2024-12-23 00:00:00+00:00, run_after=2024-12-24 00:00:00+00:00
[2024-12-24T07:31:40.329+0000] {logging_mixin.py:190} INFO - [2024-12-24T07:31:40.329+0000] {dag.py:4180} INFO - Setting next_dagrun for dataset_with_extra_by_yield to 2024-12-23 00:00:00+00:00, run_after=2024-12-24 00:00:00+00:00
[2024-12-24T07:31:40.334+0000] {logging_mixin.py:190} INFO - [2024-12-24T07:31:40.333+0000] {dag.py:4180} INFO - Setting next_dagrun for dataset_with_extra_from_classic_operator to 2024-12-23 00:00:00+00:00, run_after=2024-12-24 00:00:00+00:00
[2024-12-24T07:31:40.370+0000] {processor.py:208} INFO - Processing /home/airflow/.local/lib/python3.12/site-packages/airflow/example_dags/example_outlet_event_extra.py took 0.340 seconds
[2024-12-24T07:32:10.587+0000] {processor.py:186} INFO - Started process (PID=482) to work on /home/airflow/.local/lib/python3.12/site-packages/airflow/example_dags/example_outlet_event_extra.py
[2024-12-24T07:32:10.589+0000] {processor.py:914} INFO - Processing file /home/airflow/.local/lib/python3.12/site-packages/airflow/example_dags/example_outlet_event_extra.py for tasks to queue
[2024-12-24T07:32:10.595+0000] {logging_mixin.py:190} INFO - [2024-12-24T07:32:10.594+0000] {dagbag.py:588} INFO - Filling up the DagBag from /home/airflow/.local/lib/python3.12/site-packages/airflow/example_dags/example_outlet_event_extra.py
[2024-12-24T07:32:10.760+0000] {processor.py:925} INFO - DAG(s) 'dataset_with_extra_by_context', 'dataset_with_extra_from_classic_operator', 'dataset_with_extra_by_yield' retrieved from /home/airflow/.local/lib/python3.12/site-packages/airflow/example_dags/example_outlet_event_extra.py
[2024-12-24T07:32:10.799+0000] {logging_mixin.py:190} INFO - [2024-12-24T07:32:10.798+0000] {dag.py:3239} INFO - Sync 3 DAGs
[2024-12-24T07:32:10.849+0000] {logging_mixin.py:190} INFO - [2024-12-24T07:32:10.848+0000] {dag.py:4180} INFO - Setting next_dagrun for dataset_with_extra_by_context to 2024-12-23 00:00:00+00:00, run_after=2024-12-24 00:00:00+00:00
[2024-12-24T07:32:10.857+0000] {logging_mixin.py:190} INFO - [2024-12-24T07:32:10.857+0000] {dag.py:4180} INFO - Setting next_dagrun for dataset_with_extra_by_yield to 2024-12-23 00:00:00+00:00, run_after=2024-12-24 00:00:00+00:00
[2024-12-24T07:32:10.863+0000] {logging_mixin.py:190} INFO - [2024-12-24T07:32:10.863+0000] {dag.py:4180} INFO - Setting next_dagrun for dataset_with_extra_from_classic_operator to 2024-12-23 00:00:00+00:00, run_after=2024-12-24 00:00:00+00:00
[2024-12-24T07:32:10.899+0000] {processor.py:208} INFO - Processing /home/airflow/.local/lib/python3.12/site-packages/airflow/example_dags/example_outlet_event_extra.py took 0.322 seconds
[2024-12-24T07:32:41.631+0000] {processor.py:186} INFO - Started process (PID=549) to work on /home/airflow/.local/lib/python3.12/site-packages/airflow/example_dags/example_outlet_event_extra.py
[2024-12-24T07:32:41.633+0000] {processor.py:914} INFO - Processing file /home/airflow/.local/lib/python3.12/site-packages/airflow/example_dags/example_outlet_event_extra.py for tasks to queue
[2024-12-24T07:32:41.638+0000] {logging_mixin.py:190} INFO - [2024-12-24T07:32:41.638+0000] {dagbag.py:588} INFO - Filling up the DagBag from /home/airflow/.local/lib/python3.12/site-packages/airflow/example_dags/example_outlet_event_extra.py
[2024-12-24T07:32:41.824+0000] {processor.py:925} INFO - DAG(s) 'dataset_with_extra_by_context', 'dataset_with_extra_from_classic_operator', 'dataset_with_extra_by_yield' retrieved from /home/airflow/.local/lib/python3.12/site-packages/airflow/example_dags/example_outlet_event_extra.py
[2024-12-24T07:32:42.101+0000] {logging_mixin.py:190} INFO - [2024-12-24T07:32:42.101+0000] {dag.py:3239} INFO - Sync 3 DAGs
[2024-12-24T07:32:42.232+0000] {logging_mixin.py:190} INFO - [2024-12-24T07:32:42.231+0000] {dag.py:4180} INFO - Setting next_dagrun for dataset_with_extra_by_context to 2024-12-23 00:00:00+00:00, run_after=2024-12-24 00:00:00+00:00
[2024-12-24T07:32:42.248+0000] {logging_mixin.py:190} INFO - [2024-12-24T07:32:42.248+0000] {dag.py:4180} INFO - Setting next_dagrun for dataset_with_extra_by_yield to 2024-12-23 00:00:00+00:00, run_after=2024-12-24 00:00:00+00:00
[2024-12-24T07:32:42.265+0000] {logging_mixin.py:190} INFO - [2024-12-24T07:32:42.265+0000] {dag.py:4180} INFO - Setting next_dagrun for dataset_with_extra_from_classic_operator to 2024-12-23 00:00:00+00:00, run_after=2024-12-24 00:00:00+00:00
[2024-12-24T07:32:42.360+0000] {processor.py:208} INFO - Processing /home/airflow/.local/lib/python3.12/site-packages/airflow/example_dags/example_outlet_event_extra.py took 0.737 seconds
[2024-12-24T07:33:12.634+0000] {processor.py:186} INFO - Started process (PID=615) to work on /home/airflow/.local/lib/python3.12/site-packages/airflow/example_dags/example_outlet_event_extra.py
[2024-12-24T07:33:12.635+0000] {processor.py:914} INFO - Processing file /home/airflow/.local/lib/python3.12/site-packages/airflow/example_dags/example_outlet_event_extra.py for tasks to queue
[2024-12-24T07:33:12.643+0000] {logging_mixin.py:190} INFO - [2024-12-24T07:33:12.642+0000] {dagbag.py:588} INFO - Filling up the DagBag from /home/airflow/.local/lib/python3.12/site-packages/airflow/example_dags/example_outlet_event_extra.py
[2024-12-24T07:33:12.878+0000] {processor.py:925} INFO - DAG(s) 'dataset_with_extra_from_classic_operator', 'dataset_with_extra_by_context', 'dataset_with_extra_by_yield' retrieved from /home/airflow/.local/lib/python3.12/site-packages/airflow/example_dags/example_outlet_event_extra.py
[2024-12-24T07:33:12.931+0000] {logging_mixin.py:190} INFO - [2024-12-24T07:33:12.931+0000] {dag.py:3239} INFO - Sync 3 DAGs
[2024-12-24T07:33:12.973+0000] {logging_mixin.py:190} INFO - [2024-12-24T07:33:12.972+0000] {dag.py:4180} INFO - Setting next_dagrun for dataset_with_extra_by_context to 2024-12-23 00:00:00+00:00, run_after=2024-12-24 00:00:00+00:00
[2024-12-24T07:33:12.983+0000] {logging_mixin.py:190} INFO - [2024-12-24T07:33:12.983+0000] {dag.py:4180} INFO - Setting next_dagrun for dataset_with_extra_by_yield to 2024-12-23 00:00:00+00:00, run_after=2024-12-24 00:00:00+00:00
[2024-12-24T07:33:12.989+0000] {logging_mixin.py:190} INFO - [2024-12-24T07:33:12.988+0000] {dag.py:4180} INFO - Setting next_dagrun for dataset_with_extra_from_classic_operator to 2024-12-23 00:00:00+00:00, run_after=2024-12-24 00:00:00+00:00
[2024-12-24T07:33:13.043+0000] {processor.py:208} INFO - Processing /home/airflow/.local/lib/python3.12/site-packages/airflow/example_dags/example_outlet_event_extra.py took 0.419 seconds
[2024-12-24T07:33:43.491+0000] {processor.py:186} INFO - Started process (PID=681) to work on /home/airflow/.local/lib/python3.12/site-packages/airflow/example_dags/example_outlet_event_extra.py
[2024-12-24T07:33:43.493+0000] {processor.py:914} INFO - Processing file /home/airflow/.local/lib/python3.12/site-packages/airflow/example_dags/example_outlet_event_extra.py for tasks to queue
[2024-12-24T07:33:43.497+0000] {logging_mixin.py:190} INFO - [2024-12-24T07:33:43.496+0000] {dagbag.py:588} INFO - Filling up the DagBag from /home/airflow/.local/lib/python3.12/site-packages/airflow/example_dags/example_outlet_event_extra.py
[2024-12-24T07:33:43.680+0000] {processor.py:925} INFO - DAG(s) 'dataset_with_extra_by_context', 'dataset_with_extra_by_yield', 'dataset_with_extra_from_classic_operator' retrieved from /home/airflow/.local/lib/python3.12/site-packages/airflow/example_dags/example_outlet_event_extra.py
[2024-12-24T07:33:43.725+0000] {logging_mixin.py:190} INFO - [2024-12-24T07:33:43.725+0000] {dag.py:3239} INFO - Sync 3 DAGs
[2024-12-24T07:33:43.775+0000] {logging_mixin.py:190} INFO - [2024-12-24T07:33:43.775+0000] {dag.py:4180} INFO - Setting next_dagrun for dataset_with_extra_by_context to 2024-12-23 00:00:00+00:00, run_after=2024-12-24 00:00:00+00:00
[2024-12-24T07:33:43.784+0000] {logging_mixin.py:190} INFO - [2024-12-24T07:33:43.783+0000] {dag.py:4180} INFO - Setting next_dagrun for dataset_with_extra_by_yield to 2024-12-23 00:00:00+00:00, run_after=2024-12-24 00:00:00+00:00
[2024-12-24T07:33:43.792+0000] {logging_mixin.py:190} INFO - [2024-12-24T07:33:43.792+0000] {dag.py:4180} INFO - Setting next_dagrun for dataset_with_extra_from_classic_operator to 2024-12-23 00:00:00+00:00, run_after=2024-12-24 00:00:00+00:00
[2024-12-24T07:33:43.833+0000] {processor.py:208} INFO - Processing /home/airflow/.local/lib/python3.12/site-packages/airflow/example_dags/example_outlet_event_extra.py took 0.349 seconds
[2024-12-24T07:34:14.387+0000] {processor.py:186} INFO - Started process (PID=747) to work on /home/airflow/.local/lib/python3.12/site-packages/airflow/example_dags/example_outlet_event_extra.py
[2024-12-24T07:34:14.389+0000] {processor.py:914} INFO - Processing file /home/airflow/.local/lib/python3.12/site-packages/airflow/example_dags/example_outlet_event_extra.py for tasks to queue
[2024-12-24T07:34:14.393+0000] {logging_mixin.py:190} INFO - [2024-12-24T07:34:14.393+0000] {dagbag.py:588} INFO - Filling up the DagBag from /home/airflow/.local/lib/python3.12/site-packages/airflow/example_dags/example_outlet_event_extra.py
[2024-12-24T07:34:14.598+0000] {processor.py:925} INFO - DAG(s) 'dataset_with_extra_from_classic_operator', 'dataset_with_extra_by_context', 'dataset_with_extra_by_yield' retrieved from /home/airflow/.local/lib/python3.12/site-packages/airflow/example_dags/example_outlet_event_extra.py
[2024-12-24T07:34:14.647+0000] {logging_mixin.py:190} INFO - [2024-12-24T07:34:14.647+0000] {dag.py:3239} INFO - Sync 3 DAGs
[2024-12-24T07:34:14.692+0000] {logging_mixin.py:190} INFO - [2024-12-24T07:34:14.691+0000] {dag.py:4180} INFO - Setting next_dagrun for dataset_with_extra_by_context to 2024-12-23 00:00:00+00:00, run_after=2024-12-24 00:00:00+00:00
[2024-12-24T07:34:14.699+0000] {logging_mixin.py:190} INFO - [2024-12-24T07:34:14.698+0000] {dag.py:4180} INFO - Setting next_dagrun for dataset_with_extra_by_yield to 2024-12-23 00:00:00+00:00, run_after=2024-12-24 00:00:00+00:00
[2024-12-24T07:34:14.707+0000] {logging_mixin.py:190} INFO - [2024-12-24T07:34:14.707+0000] {dag.py:4180} INFO - Setting next_dagrun for dataset_with_extra_from_classic_operator to 2024-12-23 00:00:00+00:00, run_after=2024-12-24 00:00:00+00:00
[2024-12-24T07:34:14.749+0000] {processor.py:208} INFO - Processing /home/airflow/.local/lib/python3.12/site-packages/airflow/example_dags/example_outlet_event_extra.py took 0.371 seconds
[2024-12-24T07:34:44.832+0000] {processor.py:186} INFO - Started process (PID=815) to work on /home/airflow/.local/lib/python3.12/site-packages/airflow/example_dags/example_outlet_event_extra.py
[2024-12-24T07:34:44.834+0000] {processor.py:914} INFO - Processing file /home/airflow/.local/lib/python3.12/site-packages/airflow/example_dags/example_outlet_event_extra.py for tasks to queue
[2024-12-24T07:34:44.839+0000] {logging_mixin.py:190} INFO - [2024-12-24T07:34:44.839+0000] {dagbag.py:588} INFO - Filling up the DagBag from /home/airflow/.local/lib/python3.12/site-packages/airflow/example_dags/example_outlet_event_extra.py
[2024-12-24T07:34:45.018+0000] {processor.py:925} INFO - DAG(s) 'dataset_with_extra_by_context', 'dataset_with_extra_by_yield', 'dataset_with_extra_from_classic_operator' retrieved from /home/airflow/.local/lib/python3.12/site-packages/airflow/example_dags/example_outlet_event_extra.py
[2024-12-24T07:34:45.064+0000] {logging_mixin.py:190} INFO - [2024-12-24T07:34:45.064+0000] {dag.py:3239} INFO - Sync 3 DAGs
[2024-12-24T07:34:45.102+0000] {logging_mixin.py:190} INFO - [2024-12-24T07:34:45.101+0000] {dag.py:4180} INFO - Setting next_dagrun for dataset_with_extra_by_context to 2024-12-23 00:00:00+00:00, run_after=2024-12-24 00:00:00+00:00
[2024-12-24T07:34:45.110+0000] {logging_mixin.py:190} INFO - [2024-12-24T07:34:45.110+0000] {dag.py:4180} INFO - Setting next_dagrun for dataset_with_extra_by_yield to 2024-12-23 00:00:00+00:00, run_after=2024-12-24 00:00:00+00:00
[2024-12-24T07:34:45.115+0000] {logging_mixin.py:190} INFO - [2024-12-24T07:34:45.115+0000] {dag.py:4180} INFO - Setting next_dagrun for dataset_with_extra_from_classic_operator to 2024-12-23 00:00:00+00:00, run_after=2024-12-24 00:00:00+00:00
[2024-12-24T07:34:45.157+0000] {processor.py:208} INFO - Processing /home/airflow/.local/lib/python3.12/site-packages/airflow/example_dags/example_outlet_event_extra.py took 0.334 seconds
[2024-12-24T07:35:15.734+0000] {processor.py:186} INFO - Started process (PID=879) to work on /home/airflow/.local/lib/python3.12/site-packages/airflow/example_dags/example_outlet_event_extra.py
[2024-12-24T07:35:15.736+0000] {processor.py:914} INFO - Processing file /home/airflow/.local/lib/python3.12/site-packages/airflow/example_dags/example_outlet_event_extra.py for tasks to queue
[2024-12-24T07:35:15.742+0000] {logging_mixin.py:190} INFO - [2024-12-24T07:35:15.741+0000] {dagbag.py:588} INFO - Filling up the DagBag from /home/airflow/.local/lib/python3.12/site-packages/airflow/example_dags/example_outlet_event_extra.py
[2024-12-24T07:35:15.983+0000] {processor.py:925} INFO - DAG(s) 'dataset_with_extra_by_context', 'dataset_with_extra_by_yield', 'dataset_with_extra_from_classic_operator' retrieved from /home/airflow/.local/lib/python3.12/site-packages/airflow/example_dags/example_outlet_event_extra.py
[2024-12-24T07:35:16.047+0000] {logging_mixin.py:190} INFO - [2024-12-24T07:35:16.046+0000] {dag.py:3239} INFO - Sync 3 DAGs
[2024-12-24T07:35:16.134+0000] {logging_mixin.py:190} INFO - [2024-12-24T07:35:16.133+0000] {dag.py:4180} INFO - Setting next_dagrun for dataset_with_extra_by_context to 2024-12-23 00:00:00+00:00, run_after=2024-12-24 00:00:00+00:00
[2024-12-24T07:35:16.143+0000] {logging_mixin.py:190} INFO - [2024-12-24T07:35:16.142+0000] {dag.py:4180} INFO - Setting next_dagrun for dataset_with_extra_by_yield to 2024-12-23 00:00:00+00:00, run_after=2024-12-24 00:00:00+00:00
[2024-12-24T07:35:16.150+0000] {logging_mixin.py:190} INFO - [2024-12-24T07:35:16.150+0000] {dag.py:4180} INFO - Setting next_dagrun for dataset_with_extra_from_classic_operator to 2024-12-23 00:00:00+00:00, run_after=2024-12-24 00:00:00+00:00
[2024-12-24T07:35:16.220+0000] {processor.py:208} INFO - Processing /home/airflow/.local/lib/python3.12/site-packages/airflow/example_dags/example_outlet_event_extra.py took 0.495 seconds
[2024-12-24T07:35:46.569+0000] {processor.py:186} INFO - Started process (PID=945) to work on /home/airflow/.local/lib/python3.12/site-packages/airflow/example_dags/example_outlet_event_extra.py
[2024-12-24T07:35:46.572+0000] {processor.py:914} INFO - Processing file /home/airflow/.local/lib/python3.12/site-packages/airflow/example_dags/example_outlet_event_extra.py for tasks to queue
[2024-12-24T07:35:46.580+0000] {logging_mixin.py:190} INFO - [2024-12-24T07:35:46.579+0000] {dagbag.py:588} INFO - Filling up the DagBag from /home/airflow/.local/lib/python3.12/site-packages/airflow/example_dags/example_outlet_event_extra.py
[2024-12-24T07:35:46.882+0000] {processor.py:925} INFO - DAG(s) 'dataset_with_extra_by_yield', 'dataset_with_extra_by_context', 'dataset_with_extra_from_classic_operator' retrieved from /home/airflow/.local/lib/python3.12/site-packages/airflow/example_dags/example_outlet_event_extra.py
[2024-12-24T07:35:46.964+0000] {logging_mixin.py:190} INFO - [2024-12-24T07:35:46.964+0000] {dag.py:3239} INFO - Sync 3 DAGs
[2024-12-24T07:35:47.037+0000] {logging_mixin.py:190} INFO - [2024-12-24T07:35:47.036+0000] {dag.py:4180} INFO - Setting next_dagrun for dataset_with_extra_by_context to 2024-12-23 00:00:00+00:00, run_after=2024-12-24 00:00:00+00:00
[2024-12-24T07:35:47.048+0000] {logging_mixin.py:190} INFO - [2024-12-24T07:35:47.047+0000] {dag.py:4180} INFO - Setting next_dagrun for dataset_with_extra_by_yield to 2024-12-23 00:00:00+00:00, run_after=2024-12-24 00:00:00+00:00
[2024-12-24T07:35:47.053+0000] {logging_mixin.py:190} INFO - [2024-12-24T07:35:47.052+0000] {dag.py:4180} INFO - Setting next_dagrun for dataset_with_extra_from_classic_operator to 2024-12-23 00:00:00+00:00, run_after=2024-12-24 00:00:00+00:00
[2024-12-24T07:35:47.177+0000] {processor.py:208} INFO - Processing /home/airflow/.local/lib/python3.12/site-packages/airflow/example_dags/example_outlet_event_extra.py took 0.620 seconds
[2024-12-24T07:36:17.997+0000] {processor.py:186} INFO - Started process (PID=1018) to work on /home/airflow/.local/lib/python3.12/site-packages/airflow/example_dags/example_outlet_event_extra.py
[2024-12-24T07:36:17.999+0000] {processor.py:914} INFO - Processing file /home/airflow/.local/lib/python3.12/site-packages/airflow/example_dags/example_outlet_event_extra.py for tasks to queue
[2024-12-24T07:36:18.007+0000] {logging_mixin.py:190} INFO - [2024-12-24T07:36:18.006+0000] {dagbag.py:588} INFO - Filling up the DagBag from /home/airflow/.local/lib/python3.12/site-packages/airflow/example_dags/example_outlet_event_extra.py
[2024-12-24T07:36:18.235+0000] {processor.py:925} INFO - DAG(s) 'dataset_with_extra_by_yield', 'dataset_with_extra_from_classic_operator', 'dataset_with_extra_by_context' retrieved from /home/airflow/.local/lib/python3.12/site-packages/airflow/example_dags/example_outlet_event_extra.py
[2024-12-24T07:36:18.288+0000] {logging_mixin.py:190} INFO - [2024-12-24T07:36:18.288+0000] {dag.py:3239} INFO - Sync 3 DAGs
[2024-12-24T07:36:18.335+0000] {logging_mixin.py:190} INFO - [2024-12-24T07:36:18.335+0000] {dag.py:4180} INFO - Setting next_dagrun for dataset_with_extra_by_context to 2024-12-23 00:00:00+00:00, run_after=2024-12-24 00:00:00+00:00
[2024-12-24T07:36:18.344+0000] {logging_mixin.py:190} INFO - [2024-12-24T07:36:18.344+0000] {dag.py:4180} INFO - Setting next_dagrun for dataset_with_extra_by_yield to 2024-12-23 00:00:00+00:00, run_after=2024-12-24 00:00:00+00:00
[2024-12-24T07:36:18.349+0000] {logging_mixin.py:190} INFO - [2024-12-24T07:36:18.349+0000] {dag.py:4180} INFO - Setting next_dagrun for dataset_with_extra_from_classic_operator to 2024-12-23 00:00:00+00:00, run_after=2024-12-24 00:00:00+00:00
[2024-12-24T07:36:18.396+0000] {processor.py:208} INFO - Processing /home/airflow/.local/lib/python3.12/site-packages/airflow/example_dags/example_outlet_event_extra.py took 0.417 seconds
[2024-12-24T07:36:48.907+0000] {processor.py:186} INFO - Started process (PID=1084) to work on /home/airflow/.local/lib/python3.12/site-packages/airflow/example_dags/example_outlet_event_extra.py
[2024-12-24T07:36:48.908+0000] {processor.py:914} INFO - Processing file /home/airflow/.local/lib/python3.12/site-packages/airflow/example_dags/example_outlet_event_extra.py for tasks to queue
[2024-12-24T07:36:48.913+0000] {logging_mixin.py:190} INFO - [2024-12-24T07:36:48.912+0000] {dagbag.py:588} INFO - Filling up the DagBag from /home/airflow/.local/lib/python3.12/site-packages/airflow/example_dags/example_outlet_event_extra.py
[2024-12-24T07:36:49.096+0000] {processor.py:925} INFO - DAG(s) 'dataset_with_extra_by_yield', 'dataset_with_extra_by_context', 'dataset_with_extra_from_classic_operator' retrieved from /home/airflow/.local/lib/python3.12/site-packages/airflow/example_dags/example_outlet_event_extra.py
[2024-12-24T07:36:49.147+0000] {logging_mixin.py:190} INFO - [2024-12-24T07:36:49.147+0000] {dag.py:3239} INFO - Sync 3 DAGs
[2024-12-24T07:36:49.203+0000] {logging_mixin.py:190} INFO - [2024-12-24T07:36:49.203+0000] {dag.py:4180} INFO - Setting next_dagrun for dataset_with_extra_by_context to 2024-12-23 00:00:00+00:00, run_after=2024-12-24 00:00:00+00:00
[2024-12-24T07:36:49.216+0000] {logging_mixin.py:190} INFO - [2024-12-24T07:36:49.215+0000] {dag.py:4180} INFO - Setting next_dagrun for dataset_with_extra_by_yield to 2024-12-23 00:00:00+00:00, run_after=2024-12-24 00:00:00+00:00
[2024-12-24T07:36:49.223+0000] {logging_mixin.py:190} INFO - [2024-12-24T07:36:49.223+0000] {dag.py:4180} INFO - Setting next_dagrun for dataset_with_extra_from_classic_operator to 2024-12-23 00:00:00+00:00, run_after=2024-12-24 00:00:00+00:00
[2024-12-24T07:36:49.275+0000] {processor.py:208} INFO - Processing /home/airflow/.local/lib/python3.12/site-packages/airflow/example_dags/example_outlet_event_extra.py took 0.376 seconds
[2024-12-24T07:37:19.665+0000] {processor.py:186} INFO - Started process (PID=1150) to work on /home/airflow/.local/lib/python3.12/site-packages/airflow/example_dags/example_outlet_event_extra.py
[2024-12-24T07:37:19.666+0000] {processor.py:914} INFO - Processing file /home/airflow/.local/lib/python3.12/site-packages/airflow/example_dags/example_outlet_event_extra.py for tasks to queue
[2024-12-24T07:37:19.673+0000] {logging_mixin.py:190} INFO - [2024-12-24T07:37:19.672+0000] {dagbag.py:588} INFO - Filling up the DagBag from /home/airflow/.local/lib/python3.12/site-packages/airflow/example_dags/example_outlet_event_extra.py
[2024-12-24T07:37:19.881+0000] {processor.py:925} INFO - DAG(s) 'dataset_with_extra_from_classic_operator', 'dataset_with_extra_by_context', 'dataset_with_extra_by_yield' retrieved from /home/airflow/.local/lib/python3.12/site-packages/airflow/example_dags/example_outlet_event_extra.py
[2024-12-24T07:37:19.918+0000] {logging_mixin.py:190} INFO - [2024-12-24T07:37:19.918+0000] {dag.py:3239} INFO - Sync 3 DAGs
[2024-12-24T07:37:19.952+0000] {logging_mixin.py:190} INFO - [2024-12-24T07:37:19.952+0000] {dag.py:4180} INFO - Setting next_dagrun for dataset_with_extra_by_context to 2024-12-23 00:00:00+00:00, run_after=2024-12-24 00:00:00+00:00
[2024-12-24T07:37:19.960+0000] {logging_mixin.py:190} INFO - [2024-12-24T07:37:19.960+0000] {dag.py:4180} INFO - Setting next_dagrun for dataset_with_extra_by_yield to 2024-12-23 00:00:00+00:00, run_after=2024-12-24 00:00:00+00:00
[2024-12-24T07:37:19.964+0000] {logging_mixin.py:190} INFO - [2024-12-24T07:37:19.964+0000] {dag.py:4180} INFO - Setting next_dagrun for dataset_with_extra_from_classic_operator to 2024-12-23 00:00:00+00:00, run_after=2024-12-24 00:00:00+00:00
[2024-12-24T07:37:19.999+0000] {processor.py:208} INFO - Processing /home/airflow/.local/lib/python3.12/site-packages/airflow/example_dags/example_outlet_event_extra.py took 0.347 seconds
[2024-12-24T07:37:50.279+0000] {processor.py:186} INFO - Started process (PID=1216) to work on /home/airflow/.local/lib/python3.12/site-packages/airflow/example_dags/example_outlet_event_extra.py
[2024-12-24T07:37:50.280+0000] {processor.py:914} INFO - Processing file /home/airflow/.local/lib/python3.12/site-packages/airflow/example_dags/example_outlet_event_extra.py for tasks to queue
[2024-12-24T07:37:50.284+0000] {logging_mixin.py:190} INFO - [2024-12-24T07:37:50.284+0000] {dagbag.py:588} INFO - Filling up the DagBag from /home/airflow/.local/lib/python3.12/site-packages/airflow/example_dags/example_outlet_event_extra.py
[2024-12-24T07:37:50.499+0000] {processor.py:925} INFO - DAG(s) 'dataset_with_extra_by_context', 'dataset_with_extra_from_classic_operator', 'dataset_with_extra_by_yield' retrieved from /home/airflow/.local/lib/python3.12/site-packages/airflow/example_dags/example_outlet_event_extra.py
[2024-12-24T07:37:50.551+0000] {logging_mixin.py:190} INFO - [2024-12-24T07:37:50.551+0000] {dag.py:3239} INFO - Sync 3 DAGs
[2024-12-24T07:37:50.589+0000] {logging_mixin.py:190} INFO - [2024-12-24T07:37:50.588+0000] {dag.py:4180} INFO - Setting next_dagrun for dataset_with_extra_by_context to 2024-12-23 00:00:00+00:00, run_after=2024-12-24 00:00:00+00:00
[2024-12-24T07:37:50.596+0000] {logging_mixin.py:190} INFO - [2024-12-24T07:37:50.596+0000] {dag.py:4180} INFO - Setting next_dagrun for dataset_with_extra_by_yield to 2024-12-23 00:00:00+00:00, run_after=2024-12-24 00:00:00+00:00
[2024-12-24T07:37:50.602+0000] {logging_mixin.py:190} INFO - [2024-12-24T07:37:50.601+0000] {dag.py:4180} INFO - Setting next_dagrun for dataset_with_extra_from_classic_operator to 2024-12-23 00:00:00+00:00, run_after=2024-12-24 00:00:00+00:00
[2024-12-24T07:37:50.639+0000] {processor.py:208} INFO - Processing /home/airflow/.local/lib/python3.12/site-packages/airflow/example_dags/example_outlet_event_extra.py took 0.369 seconds
[2024-12-24T07:38:20.784+0000] {processor.py:186} INFO - Started process (PID=1282) to work on /home/airflow/.local/lib/python3.12/site-packages/airflow/example_dags/example_outlet_event_extra.py
[2024-12-24T07:38:20.786+0000] {processor.py:914} INFO - Processing file /home/airflow/.local/lib/python3.12/site-packages/airflow/example_dags/example_outlet_event_extra.py for tasks to queue
[2024-12-24T07:38:20.792+0000] {logging_mixin.py:190} INFO - [2024-12-24T07:38:20.791+0000] {dagbag.py:588} INFO - Filling up the DagBag from /home/airflow/.local/lib/python3.12/site-packages/airflow/example_dags/example_outlet_event_extra.py
[2024-12-24T07:38:21.005+0000] {processor.py:925} INFO - DAG(s) 'dataset_with_extra_from_classic_operator', 'dataset_with_extra_by_context', 'dataset_with_extra_by_yield' retrieved from /home/airflow/.local/lib/python3.12/site-packages/airflow/example_dags/example_outlet_event_extra.py
[2024-12-24T07:38:21.048+0000] {logging_mixin.py:190} INFO - [2024-12-24T07:38:21.047+0000] {dag.py:3239} INFO - Sync 3 DAGs
[2024-12-24T07:38:21.083+0000] {logging_mixin.py:190} INFO - [2024-12-24T07:38:21.082+0000] {dag.py:4180} INFO - Setting next_dagrun for dataset_with_extra_by_context to 2024-12-23 00:00:00+00:00, run_after=2024-12-24 00:00:00+00:00
[2024-12-24T07:38:21.095+0000] {logging_mixin.py:190} INFO - [2024-12-24T07:38:21.094+0000] {dag.py:4180} INFO - Setting next_dagrun for dataset_with_extra_by_yield to 2024-12-23 00:00:00+00:00, run_after=2024-12-24 00:00:00+00:00
[2024-12-24T07:38:21.104+0000] {logging_mixin.py:190} INFO - [2024-12-24T07:38:21.104+0000] {dag.py:4180} INFO - Setting next_dagrun for dataset_with_extra_from_classic_operator to 2024-12-23 00:00:00+00:00, run_after=2024-12-24 00:00:00+00:00
[2024-12-24T07:38:21.146+0000] {processor.py:208} INFO - Processing /home/airflow/.local/lib/python3.12/site-packages/airflow/example_dags/example_outlet_event_extra.py took 0.371 seconds
[2024-12-24T07:38:51.253+0000] {processor.py:186} INFO - Started process (PID=1349) to work on /home/airflow/.local/lib/python3.12/site-packages/airflow/example_dags/example_outlet_event_extra.py
[2024-12-24T07:38:51.255+0000] {processor.py:914} INFO - Processing file /home/airflow/.local/lib/python3.12/site-packages/airflow/example_dags/example_outlet_event_extra.py for tasks to queue
[2024-12-24T07:38:51.260+0000] {logging_mixin.py:190} INFO - [2024-12-24T07:38:51.260+0000] {dagbag.py:588} INFO - Filling up the DagBag from /home/airflow/.local/lib/python3.12/site-packages/airflow/example_dags/example_outlet_event_extra.py
[2024-12-24T07:38:51.424+0000] {processor.py:925} INFO - DAG(s) 'dataset_with_extra_by_yield', 'dataset_with_extra_by_context', 'dataset_with_extra_from_classic_operator' retrieved from /home/airflow/.local/lib/python3.12/site-packages/airflow/example_dags/example_outlet_event_extra.py
[2024-12-24T07:38:51.470+0000] {logging_mixin.py:190} INFO - [2024-12-24T07:38:51.469+0000] {dag.py:3239} INFO - Sync 3 DAGs
[2024-12-24T07:38:51.503+0000] {logging_mixin.py:190} INFO - [2024-12-24T07:38:51.502+0000] {dag.py:4180} INFO - Setting next_dagrun for dataset_with_extra_by_context to 2024-12-23 00:00:00+00:00, run_after=2024-12-24 00:00:00+00:00
[2024-12-24T07:38:51.515+0000] {logging_mixin.py:190} INFO - [2024-12-24T07:38:51.514+0000] {dag.py:4180} INFO - Setting next_dagrun for dataset_with_extra_by_yield to 2024-12-23 00:00:00+00:00, run_after=2024-12-24 00:00:00+00:00
[2024-12-24T07:38:51.520+0000] {logging_mixin.py:190} INFO - [2024-12-24T07:38:51.520+0000] {dag.py:4180} INFO - Setting next_dagrun for dataset_with_extra_from_classic_operator to 2024-12-23 00:00:00+00:00, run_after=2024-12-24 00:00:00+00:00
[2024-12-24T07:38:51.553+0000] {processor.py:208} INFO - Processing /home/airflow/.local/lib/python3.12/site-packages/airflow/example_dags/example_outlet_event_extra.py took 0.310 seconds
[2024-12-24T07:39:21.885+0000] {processor.py:186} INFO - Started process (PID=1413) to work on /home/airflow/.local/lib/python3.12/site-packages/airflow/example_dags/example_outlet_event_extra.py
[2024-12-24T07:39:21.887+0000] {processor.py:914} INFO - Processing file /home/airflow/.local/lib/python3.12/site-packages/airflow/example_dags/example_outlet_event_extra.py for tasks to queue
[2024-12-24T07:39:21.893+0000] {logging_mixin.py:190} INFO - [2024-12-24T07:39:21.893+0000] {dagbag.py:588} INFO - Filling up the DagBag from /home/airflow/.local/lib/python3.12/site-packages/airflow/example_dags/example_outlet_event_extra.py
[2024-12-24T07:39:22.062+0000] {processor.py:925} INFO - DAG(s) 'dataset_with_extra_by_context', 'dataset_with_extra_from_classic_operator', 'dataset_with_extra_by_yield' retrieved from /home/airflow/.local/lib/python3.12/site-packages/airflow/example_dags/example_outlet_event_extra.py
[2024-12-24T07:39:22.143+0000] {logging_mixin.py:190} INFO - [2024-12-24T07:39:22.142+0000] {dag.py:3239} INFO - Sync 3 DAGs
[2024-12-24T07:39:22.206+0000] {logging_mixin.py:190} INFO - [2024-12-24T07:39:22.206+0000] {dag.py:4180} INFO - Setting next_dagrun for dataset_with_extra_by_context to 2024-12-23 00:00:00+00:00, run_after=2024-12-24 00:00:00+00:00
[2024-12-24T07:39:22.216+0000] {logging_mixin.py:190} INFO - [2024-12-24T07:39:22.216+0000] {dag.py:4180} INFO - Setting next_dagrun for dataset_with_extra_by_yield to 2024-12-23 00:00:00+00:00, run_after=2024-12-24 00:00:00+00:00
[2024-12-24T07:39:22.223+0000] {logging_mixin.py:190} INFO - [2024-12-24T07:39:22.222+0000] {dag.py:4180} INFO - Setting next_dagrun for dataset_with_extra_from_classic_operator to 2024-12-23 00:00:00+00:00, run_after=2024-12-24 00:00:00+00:00
[2024-12-24T07:39:22.330+0000] {processor.py:208} INFO - Processing /home/airflow/.local/lib/python3.12/site-packages/airflow/example_dags/example_outlet_event_extra.py took 0.457 seconds
[2024-12-24T07:39:52.732+0000] {processor.py:186} INFO - Started process (PID=1479) to work on /home/airflow/.local/lib/python3.12/site-packages/airflow/example_dags/example_outlet_event_extra.py
[2024-12-24T07:39:52.734+0000] {processor.py:914} INFO - Processing file /home/airflow/.local/lib/python3.12/site-packages/airflow/example_dags/example_outlet_event_extra.py for tasks to queue
[2024-12-24T07:39:52.738+0000] {logging_mixin.py:190} INFO - [2024-12-24T07:39:52.737+0000] {dagbag.py:588} INFO - Filling up the DagBag from /home/airflow/.local/lib/python3.12/site-packages/airflow/example_dags/example_outlet_event_extra.py
[2024-12-24T07:39:52.910+0000] {processor.py:925} INFO - DAG(s) 'dataset_with_extra_by_yield', 'dataset_with_extra_by_context', 'dataset_with_extra_from_classic_operator' retrieved from /home/airflow/.local/lib/python3.12/site-packages/airflow/example_dags/example_outlet_event_extra.py
[2024-12-24T07:39:52.954+0000] {logging_mixin.py:190} INFO - [2024-12-24T07:39:52.954+0000] {dag.py:3239} INFO - Sync 3 DAGs
[2024-12-24T07:39:52.990+0000] {logging_mixin.py:190} INFO - [2024-12-24T07:39:52.990+0000] {dag.py:4180} INFO - Setting next_dagrun for dataset_with_extra_by_context to 2024-12-23 00:00:00+00:00, run_after=2024-12-24 00:00:00+00:00
[2024-12-24T07:39:52.997+0000] {logging_mixin.py:190} INFO - [2024-12-24T07:39:52.997+0000] {dag.py:4180} INFO - Setting next_dagrun for dataset_with_extra_by_yield to 2024-12-23 00:00:00+00:00, run_after=2024-12-24 00:00:00+00:00
[2024-12-24T07:39:53.002+0000] {logging_mixin.py:190} INFO - [2024-12-24T07:39:53.001+0000] {dag.py:4180} INFO - Setting next_dagrun for dataset_with_extra_from_classic_operator to 2024-12-23 00:00:00+00:00, run_after=2024-12-24 00:00:00+00:00
[2024-12-24T07:39:53.036+0000] {processor.py:208} INFO - Processing /home/airflow/.local/lib/python3.12/site-packages/airflow/example_dags/example_outlet_event_extra.py took 0.312 seconds
[2024-12-24T07:40:23.365+0000] {processor.py:186} INFO - Started process (PID=1545) to work on /home/airflow/.local/lib/python3.12/site-packages/airflow/example_dags/example_outlet_event_extra.py
[2024-12-24T07:40:23.367+0000] {processor.py:914} INFO - Processing file /home/airflow/.local/lib/python3.12/site-packages/airflow/example_dags/example_outlet_event_extra.py for tasks to queue
[2024-12-24T07:40:23.371+0000] {logging_mixin.py:190} INFO - [2024-12-24T07:40:23.370+0000] {dagbag.py:588} INFO - Filling up the DagBag from /home/airflow/.local/lib/python3.12/site-packages/airflow/example_dags/example_outlet_event_extra.py
[2024-12-24T07:40:23.574+0000] {processor.py:925} INFO - DAG(s) 'dataset_with_extra_by_yield', 'dataset_with_extra_by_context', 'dataset_with_extra_from_classic_operator' retrieved from /home/airflow/.local/lib/python3.12/site-packages/airflow/example_dags/example_outlet_event_extra.py
[2024-12-24T07:40:23.651+0000] {logging_mixin.py:190} INFO - [2024-12-24T07:40:23.650+0000] {dag.py:3239} INFO - Sync 3 DAGs
[2024-12-24T07:40:23.713+0000] {logging_mixin.py:190} INFO - [2024-12-24T07:40:23.712+0000] {dag.py:4180} INFO - Setting next_dagrun for dataset_with_extra_by_context to 2024-12-23 00:00:00+00:00, run_after=2024-12-24 00:00:00+00:00
[2024-12-24T07:40:23.724+0000] {logging_mixin.py:190} INFO - [2024-12-24T07:40:23.723+0000] {dag.py:4180} INFO - Setting next_dagrun for dataset_with_extra_by_yield to 2024-12-23 00:00:00+00:00, run_after=2024-12-24 00:00:00+00:00
[2024-12-24T07:40:23.728+0000] {logging_mixin.py:190} INFO - [2024-12-24T07:40:23.728+0000] {dag.py:4180} INFO - Setting next_dagrun for dataset_with_extra_from_classic_operator to 2024-12-23 00:00:00+00:00, run_after=2024-12-24 00:00:00+00:00
[2024-12-24T07:40:23.780+0000] {processor.py:208} INFO - Processing /home/airflow/.local/lib/python3.12/site-packages/airflow/example_dags/example_outlet_event_extra.py took 0.425 seconds
[2024-12-24T07:40:54.102+0000] {processor.py:186} INFO - Started process (PID=1611) to work on /home/airflow/.local/lib/python3.12/site-packages/airflow/example_dags/example_outlet_event_extra.py
[2024-12-24T07:40:54.104+0000] {processor.py:914} INFO - Processing file /home/airflow/.local/lib/python3.12/site-packages/airflow/example_dags/example_outlet_event_extra.py for tasks to queue
[2024-12-24T07:40:54.108+0000] {logging_mixin.py:190} INFO - [2024-12-24T07:40:54.108+0000] {dagbag.py:588} INFO - Filling up the DagBag from /home/airflow/.local/lib/python3.12/site-packages/airflow/example_dags/example_outlet_event_extra.py
[2024-12-24T07:40:54.346+0000] {processor.py:925} INFO - DAG(s) 'dataset_with_extra_by_yield', 'dataset_with_extra_by_context', 'dataset_with_extra_from_classic_operator' retrieved from /home/airflow/.local/lib/python3.12/site-packages/airflow/example_dags/example_outlet_event_extra.py
[2024-12-24T07:40:54.398+0000] {logging_mixin.py:190} INFO - [2024-12-24T07:40:54.397+0000] {dag.py:3239} INFO - Sync 3 DAGs
[2024-12-24T07:40:54.440+0000] {logging_mixin.py:190} INFO - [2024-12-24T07:40:54.440+0000] {dag.py:4180} INFO - Setting next_dagrun for dataset_with_extra_by_context to 2024-12-23 00:00:00+00:00, run_after=2024-12-24 00:00:00+00:00
[2024-12-24T07:40:54.449+0000] {logging_mixin.py:190} INFO - [2024-12-24T07:40:54.448+0000] {dag.py:4180} INFO - Setting next_dagrun for dataset_with_extra_by_yield to 2024-12-23 00:00:00+00:00, run_after=2024-12-24 00:00:00+00:00
[2024-12-24T07:40:54.456+0000] {logging_mixin.py:190} INFO - [2024-12-24T07:40:54.455+0000] {dag.py:4180} INFO - Setting next_dagrun for dataset_with_extra_from_classic_operator to 2024-12-23 00:00:00+00:00, run_after=2024-12-24 00:00:00+00:00
[2024-12-24T07:40:54.495+0000] {processor.py:208} INFO - Processing /home/airflow/.local/lib/python3.12/site-packages/airflow/example_dags/example_outlet_event_extra.py took 0.404 seconds
[2024-12-24T07:41:24.697+0000] {processor.py:186} INFO - Started process (PID=1677) to work on /home/airflow/.local/lib/python3.12/site-packages/airflow/example_dags/example_outlet_event_extra.py
[2024-12-24T07:41:24.699+0000] {processor.py:914} INFO - Processing file /home/airflow/.local/lib/python3.12/site-packages/airflow/example_dags/example_outlet_event_extra.py for tasks to queue
[2024-12-24T07:41:24.701+0000] {logging_mixin.py:190} INFO - [2024-12-24T07:41:24.700+0000] {dagbag.py:588} INFO - Filling up the DagBag from /home/airflow/.local/lib/python3.12/site-packages/airflow/example_dags/example_outlet_event_extra.py
[2024-12-24T07:41:24.870+0000] {processor.py:925} INFO - DAG(s) 'dataset_with_extra_by_context', 'dataset_with_extra_from_classic_operator', 'dataset_with_extra_by_yield' retrieved from /home/airflow/.local/lib/python3.12/site-packages/airflow/example_dags/example_outlet_event_extra.py
[2024-12-24T07:41:24.922+0000] {logging_mixin.py:190} INFO - [2024-12-24T07:41:24.922+0000] {dag.py:3239} INFO - Sync 3 DAGs
[2024-12-24T07:41:24.976+0000] {logging_mixin.py:190} INFO - [2024-12-24T07:41:24.975+0000] {dag.py:4180} INFO - Setting next_dagrun for dataset_with_extra_by_context to 2024-12-23 00:00:00+00:00, run_after=2024-12-24 00:00:00+00:00
[2024-12-24T07:41:24.989+0000] {logging_mixin.py:190} INFO - [2024-12-24T07:41:24.989+0000] {dag.py:4180} INFO - Setting next_dagrun for dataset_with_extra_by_yield to 2024-12-23 00:00:00+00:00, run_after=2024-12-24 00:00:00+00:00
[2024-12-24T07:41:24.993+0000] {logging_mixin.py:190} INFO - [2024-12-24T07:41:24.993+0000] {dag.py:4180} INFO - Setting next_dagrun for dataset_with_extra_from_classic_operator to 2024-12-23 00:00:00+00:00, run_after=2024-12-24 00:00:00+00:00
[2024-12-24T07:41:25.037+0000] {processor.py:208} INFO - Processing /home/airflow/.local/lib/python3.12/site-packages/airflow/example_dags/example_outlet_event_extra.py took 0.348 seconds
[2024-12-24T07:41:55.226+0000] {processor.py:186} INFO - Started process (PID=1744) to work on /home/airflow/.local/lib/python3.12/site-packages/airflow/example_dags/example_outlet_event_extra.py
[2024-12-24T07:41:55.229+0000] {processor.py:914} INFO - Processing file /home/airflow/.local/lib/python3.12/site-packages/airflow/example_dags/example_outlet_event_extra.py for tasks to queue
[2024-12-24T07:41:55.232+0000] {logging_mixin.py:190} INFO - [2024-12-24T07:41:55.231+0000] {dagbag.py:588} INFO - Filling up the DagBag from /home/airflow/.local/lib/python3.12/site-packages/airflow/example_dags/example_outlet_event_extra.py
[2024-12-24T07:41:55.418+0000] {processor.py:925} INFO - DAG(s) 'dataset_with_extra_from_classic_operator', 'dataset_with_extra_by_context', 'dataset_with_extra_by_yield' retrieved from /home/airflow/.local/lib/python3.12/site-packages/airflow/example_dags/example_outlet_event_extra.py
[2024-12-24T07:41:55.469+0000] {logging_mixin.py:190} INFO - [2024-12-24T07:41:55.469+0000] {dag.py:3239} INFO - Sync 3 DAGs
[2024-12-24T07:41:55.523+0000] {logging_mixin.py:190} INFO - [2024-12-24T07:41:55.523+0000] {dag.py:4180} INFO - Setting next_dagrun for dataset_with_extra_by_context to 2024-12-23 00:00:00+00:00, run_after=2024-12-24 00:00:00+00:00
[2024-12-24T07:41:55.533+0000] {logging_mixin.py:190} INFO - [2024-12-24T07:41:55.533+0000] {dag.py:4180} INFO - Setting next_dagrun for dataset_with_extra_by_yield to 2024-12-23 00:00:00+00:00, run_after=2024-12-24 00:00:00+00:00
[2024-12-24T07:41:55.541+0000] {logging_mixin.py:190} INFO - [2024-12-24T07:41:55.541+0000] {dag.py:4180} INFO - Setting next_dagrun for dataset_with_extra_from_classic_operator to 2024-12-23 00:00:00+00:00, run_after=2024-12-24 00:00:00+00:00
[2024-12-24T07:41:55.602+0000] {processor.py:208} INFO - Processing /home/airflow/.local/lib/python3.12/site-packages/airflow/example_dags/example_outlet_event_extra.py took 0.385 seconds
