[2024-12-24T07:29:05.186+0000] {processor.py:186} INFO - Started process (PID=85) to work on /home/airflow/.local/lib/python3.12/site-packages/airflow/example_dags/example_xcomargs.py
[2024-12-24T07:29:05.187+0000] {processor.py:914} INFO - Processing file /home/airflow/.local/lib/python3.12/site-packages/airflow/example_dags/example_xcomargs.py for tasks to queue
[2024-12-24T07:29:05.192+0000] {logging_mixin.py:190} INFO - [2024-12-24T07:29:05.191+0000] {dagbag.py:588} INFO - Filling up the DagBag from /home/airflow/.local/lib/python3.12/site-packages/airflow/example_dags/example_xcomargs.py
[2024-12-24T07:29:05.211+0000] {processor.py:925} INFO - DAG(s) 'example_xcom_args', 'example_xcom_args_with_operators' retrieved from /home/airflow/.local/lib/python3.12/site-packages/airflow/example_dags/example_xcomargs.py
[2024-12-24T07:29:05.395+0000] {logging_mixin.py:190} INFO - [2024-12-24T07:29:05.394+0000] {override.py:1911} INFO - Created Permission View: can read on DAG:example_xcom_args
[2024-12-24T07:29:05.420+0000] {logging_mixin.py:190} INFO - [2024-12-24T07:29:05.420+0000] {override.py:1911} INFO - Created Permission View: can edit on DAG:example_xcom_args
[2024-12-24T07:29:05.432+0000] {logging_mixin.py:190} INFO - [2024-12-24T07:29:05.432+0000] {override.py:1911} INFO - Created Permission View: can delete on DAG:example_xcom_args
[2024-12-24T07:29:05.445+0000] {logging_mixin.py:190} INFO - [2024-12-24T07:29:05.445+0000] {override.py:1911} INFO - Created Permission View: can read on DAG Run:example_xcom_args
[2024-12-24T07:29:05.460+0000] {logging_mixin.py:190} INFO - [2024-12-24T07:29:05.460+0000] {override.py:1911} INFO - Created Permission View: can create on DAG Run:example_xcom_args
[2024-12-24T07:29:05.477+0000] {logging_mixin.py:190} INFO - [2024-12-24T07:29:05.476+0000] {override.py:1911} INFO - Created Permission View: can delete on DAG Run:example_xcom_args
[2024-12-24T07:29:05.492+0000] {logging_mixin.py:190} INFO - [2024-12-24T07:29:05.491+0000] {override.py:1911} INFO - Created Permission View: menu access on DAG Run:example_xcom_args
[2024-12-24T07:29:05.525+0000] {logging_mixin.py:190} INFO - [2024-12-24T07:29:05.525+0000] {override.py:1911} INFO - Created Permission View: can read on DAG:example_xcom_args_with_operators
[2024-12-24T07:29:05.537+0000] {logging_mixin.py:190} INFO - [2024-12-24T07:29:05.537+0000] {override.py:1911} INFO - Created Permission View: can edit on DAG:example_xcom_args_with_operators
[2024-12-24T07:29:05.550+0000] {logging_mixin.py:190} INFO - [2024-12-24T07:29:05.550+0000] {override.py:1911} INFO - Created Permission View: can delete on DAG:example_xcom_args_with_operators
[2024-12-24T07:29:05.571+0000] {logging_mixin.py:190} INFO - [2024-12-24T07:29:05.571+0000] {override.py:1911} INFO - Created Permission View: can read on DAG Run:example_xcom_args_with_operators
[2024-12-24T07:29:05.585+0000] {logging_mixin.py:190} INFO - [2024-12-24T07:29:05.584+0000] {override.py:1911} INFO - Created Permission View: can create on DAG Run:example_xcom_args_with_operators
[2024-12-24T07:29:05.598+0000] {logging_mixin.py:190} INFO - [2024-12-24T07:29:05.597+0000] {override.py:1911} INFO - Created Permission View: can delete on DAG Run:example_xcom_args_with_operators
[2024-12-24T07:29:05.621+0000] {logging_mixin.py:190} INFO - [2024-12-24T07:29:05.620+0000] {override.py:1911} INFO - Created Permission View: menu access on DAG Run:example_xcom_args_with_operators
[2024-12-24T07:29:05.622+0000] {logging_mixin.py:190} INFO - [2024-12-24T07:29:05.622+0000] {dag.py:3239} INFO - Sync 2 DAGs
[2024-12-24T07:29:05.642+0000] {logging_mixin.py:190} INFO - [2024-12-24T07:29:05.642+0000] {dag.py:3262} INFO - Creating ORM DAG for example_xcom_args_with_operators
[2024-12-24T07:29:05.644+0000] {logging_mixin.py:190} INFO - [2024-12-24T07:29:05.644+0000] {dag.py:3262} INFO - Creating ORM DAG for example_xcom_args
[2024-12-24T07:29:05.645+0000] {logging_mixin.py:190} INFO - [2024-12-24T07:29:05.645+0000] {dag.py:4180} INFO - Setting next_dagrun for example_xcom_args to None, run_after=None
[2024-12-24T07:29:05.647+0000] {logging_mixin.py:190} INFO - [2024-12-24T07:29:05.647+0000] {dag.py:4180} INFO - Setting next_dagrun for example_xcom_args_with_operators to None, run_after=None
[2024-12-24T07:29:05.685+0000] {processor.py:208} INFO - Processing /home/airflow/.local/lib/python3.12/site-packages/airflow/example_dags/example_xcomargs.py took 0.509 seconds
[2024-12-24T07:29:35.791+0000] {processor.py:186} INFO - Started process (PID=151) to work on /home/airflow/.local/lib/python3.12/site-packages/airflow/example_dags/example_xcomargs.py
[2024-12-24T07:29:35.793+0000] {processor.py:914} INFO - Processing file /home/airflow/.local/lib/python3.12/site-packages/airflow/example_dags/example_xcomargs.py for tasks to queue
[2024-12-24T07:29:35.796+0000] {logging_mixin.py:190} INFO - [2024-12-24T07:29:35.796+0000] {dagbag.py:588} INFO - Filling up the DagBag from /home/airflow/.local/lib/python3.12/site-packages/airflow/example_dags/example_xcomargs.py
[2024-12-24T07:29:35.813+0000] {processor.py:925} INFO - DAG(s) 'example_xcom_args', 'example_xcom_args_with_operators' retrieved from /home/airflow/.local/lib/python3.12/site-packages/airflow/example_dags/example_xcomargs.py
[2024-12-24T07:29:35.847+0000] {logging_mixin.py:190} INFO - [2024-12-24T07:29:35.846+0000] {dag.py:3239} INFO - Sync 2 DAGs
[2024-12-24T07:29:35.865+0000] {logging_mixin.py:190} INFO - [2024-12-24T07:29:35.864+0000] {dag.py:4180} INFO - Setting next_dagrun for example_xcom_args to None, run_after=None
[2024-12-24T07:29:35.871+0000] {logging_mixin.py:190} INFO - [2024-12-24T07:29:35.870+0000] {dag.py:4180} INFO - Setting next_dagrun for example_xcom_args_with_operators to None, run_after=None
[2024-12-24T07:29:35.894+0000] {processor.py:208} INFO - Processing /home/airflow/.local/lib/python3.12/site-packages/airflow/example_dags/example_xcomargs.py took 0.110 seconds
[2024-12-24T07:30:06.863+0000] {processor.py:186} INFO - Started process (PID=217) to work on /home/airflow/.local/lib/python3.12/site-packages/airflow/example_dags/example_xcomargs.py
[2024-12-24T07:30:06.865+0000] {processor.py:914} INFO - Processing file /home/airflow/.local/lib/python3.12/site-packages/airflow/example_dags/example_xcomargs.py for tasks to queue
[2024-12-24T07:30:06.878+0000] {logging_mixin.py:190} INFO - [2024-12-24T07:30:06.877+0000] {dagbag.py:588} INFO - Filling up the DagBag from /home/airflow/.local/lib/python3.12/site-packages/airflow/example_dags/example_xcomargs.py
[2024-12-24T07:30:06.906+0000] {processor.py:925} INFO - DAG(s) 'example_xcom_args_with_operators', 'example_xcom_args' retrieved from /home/airflow/.local/lib/python3.12/site-packages/airflow/example_dags/example_xcomargs.py
[2024-12-24T07:30:06.963+0000] {logging_mixin.py:190} INFO - [2024-12-24T07:30:06.963+0000] {dag.py:3239} INFO - Sync 2 DAGs
[2024-12-24T07:30:06.993+0000] {logging_mixin.py:190} INFO - [2024-12-24T07:30:06.992+0000] {dag.py:4180} INFO - Setting next_dagrun for example_xcom_args to None, run_after=None
[2024-12-24T07:30:06.999+0000] {logging_mixin.py:190} INFO - [2024-12-24T07:30:06.999+0000] {dag.py:4180} INFO - Setting next_dagrun for example_xcom_args_with_operators to None, run_after=None
[2024-12-24T07:30:07.046+0000] {processor.py:208} INFO - Processing /home/airflow/.local/lib/python3.12/site-packages/airflow/example_dags/example_xcomargs.py took 0.201 seconds
[2024-12-24T07:30:37.657+0000] {processor.py:186} INFO - Started process (PID=283) to work on /home/airflow/.local/lib/python3.12/site-packages/airflow/example_dags/example_xcomargs.py
[2024-12-24T07:30:37.660+0000] {processor.py:914} INFO - Processing file /home/airflow/.local/lib/python3.12/site-packages/airflow/example_dags/example_xcomargs.py for tasks to queue
[2024-12-24T07:30:37.666+0000] {logging_mixin.py:190} INFO - [2024-12-24T07:30:37.665+0000] {dagbag.py:588} INFO - Filling up the DagBag from /home/airflow/.local/lib/python3.12/site-packages/airflow/example_dags/example_xcomargs.py
[2024-12-24T07:30:37.687+0000] {processor.py:925} INFO - DAG(s) 'example_xcom_args', 'example_xcom_args_with_operators' retrieved from /home/airflow/.local/lib/python3.12/site-packages/airflow/example_dags/example_xcomargs.py
[2024-12-24T07:30:37.745+0000] {logging_mixin.py:190} INFO - [2024-12-24T07:30:37.745+0000] {dag.py:3239} INFO - Sync 2 DAGs
[2024-12-24T07:30:37.785+0000] {logging_mixin.py:190} INFO - [2024-12-24T07:30:37.784+0000] {dag.py:4180} INFO - Setting next_dagrun for example_xcom_args to None, run_after=None
[2024-12-24T07:30:37.792+0000] {logging_mixin.py:190} INFO - [2024-12-24T07:30:37.792+0000] {dag.py:4180} INFO - Setting next_dagrun for example_xcom_args_with_operators to None, run_after=None
[2024-12-24T07:30:37.831+0000] {processor.py:208} INFO - Processing /home/airflow/.local/lib/python3.12/site-packages/airflow/example_dags/example_xcomargs.py took 0.186 seconds
[2024-12-24T07:31:08.617+0000] {processor.py:186} INFO - Started process (PID=349) to work on /home/airflow/.local/lib/python3.12/site-packages/airflow/example_dags/example_xcomargs.py
[2024-12-24T07:31:08.620+0000] {processor.py:914} INFO - Processing file /home/airflow/.local/lib/python3.12/site-packages/airflow/example_dags/example_xcomargs.py for tasks to queue
[2024-12-24T07:31:08.625+0000] {logging_mixin.py:190} INFO - [2024-12-24T07:31:08.624+0000] {dagbag.py:588} INFO - Filling up the DagBag from /home/airflow/.local/lib/python3.12/site-packages/airflow/example_dags/example_xcomargs.py
[2024-12-24T07:31:08.641+0000] {processor.py:925} INFO - DAG(s) 'example_xcom_args', 'example_xcom_args_with_operators' retrieved from /home/airflow/.local/lib/python3.12/site-packages/airflow/example_dags/example_xcomargs.py
[2024-12-24T07:31:08.680+0000] {logging_mixin.py:190} INFO - [2024-12-24T07:31:08.679+0000] {dag.py:3239} INFO - Sync 2 DAGs
[2024-12-24T07:31:08.700+0000] {logging_mixin.py:190} INFO - [2024-12-24T07:31:08.700+0000] {dag.py:4180} INFO - Setting next_dagrun for example_xcom_args to None, run_after=None
[2024-12-24T07:31:08.706+0000] {logging_mixin.py:190} INFO - [2024-12-24T07:31:08.705+0000] {dag.py:4180} INFO - Setting next_dagrun for example_xcom_args_with_operators to None, run_after=None
[2024-12-24T07:31:08.730+0000] {processor.py:208} INFO - Processing /home/airflow/.local/lib/python3.12/site-packages/airflow/example_dags/example_xcomargs.py took 0.126 seconds
[2024-12-24T07:31:39.519+0000] {processor.py:186} INFO - Started process (PID=414) to work on /home/airflow/.local/lib/python3.12/site-packages/airflow/example_dags/example_xcomargs.py
[2024-12-24T07:31:39.521+0000] {processor.py:914} INFO - Processing file /home/airflow/.local/lib/python3.12/site-packages/airflow/example_dags/example_xcomargs.py for tasks to queue
[2024-12-24T07:31:39.526+0000] {logging_mixin.py:190} INFO - [2024-12-24T07:31:39.525+0000] {dagbag.py:588} INFO - Filling up the DagBag from /home/airflow/.local/lib/python3.12/site-packages/airflow/example_dags/example_xcomargs.py
[2024-12-24T07:31:39.545+0000] {processor.py:925} INFO - DAG(s) 'example_xcom_args_with_operators', 'example_xcom_args' retrieved from /home/airflow/.local/lib/python3.12/site-packages/airflow/example_dags/example_xcomargs.py
[2024-12-24T07:31:39.598+0000] {logging_mixin.py:190} INFO - [2024-12-24T07:31:39.598+0000] {dag.py:3239} INFO - Sync 2 DAGs
[2024-12-24T07:31:39.627+0000] {logging_mixin.py:190} INFO - [2024-12-24T07:31:39.627+0000] {dag.py:4180} INFO - Setting next_dagrun for example_xcom_args to None, run_after=None
[2024-12-24T07:31:39.635+0000] {logging_mixin.py:190} INFO - [2024-12-24T07:31:39.635+0000] {dag.py:4180} INFO - Setting next_dagrun for example_xcom_args_with_operators to None, run_after=None
[2024-12-24T07:31:39.668+0000] {processor.py:208} INFO - Processing /home/airflow/.local/lib/python3.12/site-packages/airflow/example_dags/example_xcomargs.py took 0.158 seconds
[2024-12-24T07:32:10.393+0000] {processor.py:186} INFO - Started process (PID=480) to work on /home/airflow/.local/lib/python3.12/site-packages/airflow/example_dags/example_xcomargs.py
[2024-12-24T07:32:10.394+0000] {processor.py:914} INFO - Processing file /home/airflow/.local/lib/python3.12/site-packages/airflow/example_dags/example_xcomargs.py for tasks to queue
[2024-12-24T07:32:10.399+0000] {logging_mixin.py:190} INFO - [2024-12-24T07:32:10.398+0000] {dagbag.py:588} INFO - Filling up the DagBag from /home/airflow/.local/lib/python3.12/site-packages/airflow/example_dags/example_xcomargs.py
[2024-12-24T07:32:10.416+0000] {processor.py:925} INFO - DAG(s) 'example_xcom_args_with_operators', 'example_xcom_args' retrieved from /home/airflow/.local/lib/python3.12/site-packages/airflow/example_dags/example_xcomargs.py
[2024-12-24T07:32:10.466+0000] {logging_mixin.py:190} INFO - [2024-12-24T07:32:10.465+0000] {dag.py:3239} INFO - Sync 2 DAGs
[2024-12-24T07:32:10.490+0000] {logging_mixin.py:190} INFO - [2024-12-24T07:32:10.490+0000] {dag.py:4180} INFO - Setting next_dagrun for example_xcom_args to None, run_after=None
[2024-12-24T07:32:10.499+0000] {logging_mixin.py:190} INFO - [2024-12-24T07:32:10.499+0000] {dag.py:4180} INFO - Setting next_dagrun for example_xcom_args_with_operators to None, run_after=None
[2024-12-24T07:32:10.535+0000] {processor.py:208} INFO - Processing /home/airflow/.local/lib/python3.12/site-packages/airflow/example_dags/example_xcomargs.py took 0.150 seconds
[2024-12-24T07:32:41.139+0000] {processor.py:186} INFO - Started process (PID=546) to work on /home/airflow/.local/lib/python3.12/site-packages/airflow/example_dags/example_xcomargs.py
[2024-12-24T07:32:41.141+0000] {processor.py:914} INFO - Processing file /home/airflow/.local/lib/python3.12/site-packages/airflow/example_dags/example_xcomargs.py for tasks to queue
[2024-12-24T07:32:41.145+0000] {logging_mixin.py:190} INFO - [2024-12-24T07:32:41.144+0000] {dagbag.py:588} INFO - Filling up the DagBag from /home/airflow/.local/lib/python3.12/site-packages/airflow/example_dags/example_xcomargs.py
[2024-12-24T07:32:41.163+0000] {processor.py:925} INFO - DAG(s) 'example_xcom_args', 'example_xcom_args_with_operators' retrieved from /home/airflow/.local/lib/python3.12/site-packages/airflow/example_dags/example_xcomargs.py
[2024-12-24T07:32:41.205+0000] {logging_mixin.py:190} INFO - [2024-12-24T07:32:41.204+0000] {dag.py:3239} INFO - Sync 2 DAGs
[2024-12-24T07:32:41.226+0000] {logging_mixin.py:190} INFO - [2024-12-24T07:32:41.226+0000] {dag.py:4180} INFO - Setting next_dagrun for example_xcom_args to None, run_after=None
[2024-12-24T07:32:41.232+0000] {logging_mixin.py:190} INFO - [2024-12-24T07:32:41.232+0000] {dag.py:4180} INFO - Setting next_dagrun for example_xcom_args_with_operators to None, run_after=None
[2024-12-24T07:32:41.274+0000] {processor.py:208} INFO - Processing /home/airflow/.local/lib/python3.12/site-packages/airflow/example_dags/example_xcomargs.py took 0.143 seconds
[2024-12-24T07:33:12.096+0000] {processor.py:186} INFO - Started process (PID=612) to work on /home/airflow/.local/lib/python3.12/site-packages/airflow/example_dags/example_xcomargs.py
[2024-12-24T07:33:12.098+0000] {processor.py:914} INFO - Processing file /home/airflow/.local/lib/python3.12/site-packages/airflow/example_dags/example_xcomargs.py for tasks to queue
[2024-12-24T07:33:12.104+0000] {logging_mixin.py:190} INFO - [2024-12-24T07:33:12.103+0000] {dagbag.py:588} INFO - Filling up the DagBag from /home/airflow/.local/lib/python3.12/site-packages/airflow/example_dags/example_xcomargs.py
[2024-12-24T07:33:12.125+0000] {processor.py:925} INFO - DAG(s) 'example_xcom_args', 'example_xcom_args_with_operators' retrieved from /home/airflow/.local/lib/python3.12/site-packages/airflow/example_dags/example_xcomargs.py
[2024-12-24T07:33:12.166+0000] {logging_mixin.py:190} INFO - [2024-12-24T07:33:12.165+0000] {dag.py:3239} INFO - Sync 2 DAGs
[2024-12-24T07:33:12.193+0000] {logging_mixin.py:190} INFO - [2024-12-24T07:33:12.191+0000] {dag.py:4180} INFO - Setting next_dagrun for example_xcom_args to None, run_after=None
[2024-12-24T07:33:12.202+0000] {logging_mixin.py:190} INFO - [2024-12-24T07:33:12.202+0000] {dag.py:4180} INFO - Setting next_dagrun for example_xcom_args_with_operators to None, run_after=None
[2024-12-24T07:33:12.234+0000] {processor.py:208} INFO - Processing /home/airflow/.local/lib/python3.12/site-packages/airflow/example_dags/example_xcomargs.py took 0.149 seconds
[2024-12-24T07:33:43.085+0000] {processor.py:186} INFO - Started process (PID=678) to work on /home/airflow/.local/lib/python3.12/site-packages/airflow/example_dags/example_xcomargs.py
[2024-12-24T07:33:43.088+0000] {processor.py:914} INFO - Processing file /home/airflow/.local/lib/python3.12/site-packages/airflow/example_dags/example_xcomargs.py for tasks to queue
[2024-12-24T07:33:43.093+0000] {logging_mixin.py:190} INFO - [2024-12-24T07:33:43.092+0000] {dagbag.py:588} INFO - Filling up the DagBag from /home/airflow/.local/lib/python3.12/site-packages/airflow/example_dags/example_xcomargs.py
[2024-12-24T07:33:43.117+0000] {processor.py:925} INFO - DAG(s) 'example_xcom_args_with_operators', 'example_xcom_args' retrieved from /home/airflow/.local/lib/python3.12/site-packages/airflow/example_dags/example_xcomargs.py
[2024-12-24T07:33:43.164+0000] {logging_mixin.py:190} INFO - [2024-12-24T07:33:43.164+0000] {dag.py:3239} INFO - Sync 2 DAGs
[2024-12-24T07:33:43.193+0000] {logging_mixin.py:190} INFO - [2024-12-24T07:33:43.193+0000] {dag.py:4180} INFO - Setting next_dagrun for example_xcom_args to None, run_after=None
[2024-12-24T07:33:43.202+0000] {logging_mixin.py:190} INFO - [2024-12-24T07:33:43.201+0000] {dag.py:4180} INFO - Setting next_dagrun for example_xcom_args_with_operators to None, run_after=None
[2024-12-24T07:33:43.243+0000] {processor.py:208} INFO - Processing /home/airflow/.local/lib/python3.12/site-packages/airflow/example_dags/example_xcomargs.py took 0.168 seconds
[2024-12-24T07:34:13.881+0000] {processor.py:186} INFO - Started process (PID=744) to work on /home/airflow/.local/lib/python3.12/site-packages/airflow/example_dags/example_xcomargs.py
[2024-12-24T07:34:13.883+0000] {processor.py:914} INFO - Processing file /home/airflow/.local/lib/python3.12/site-packages/airflow/example_dags/example_xcomargs.py for tasks to queue
[2024-12-24T07:34:13.887+0000] {logging_mixin.py:190} INFO - [2024-12-24T07:34:13.886+0000] {dagbag.py:588} INFO - Filling up the DagBag from /home/airflow/.local/lib/python3.12/site-packages/airflow/example_dags/example_xcomargs.py
[2024-12-24T07:34:13.904+0000] {processor.py:925} INFO - DAG(s) 'example_xcom_args_with_operators', 'example_xcom_args' retrieved from /home/airflow/.local/lib/python3.12/site-packages/airflow/example_dags/example_xcomargs.py
[2024-12-24T07:34:13.942+0000] {logging_mixin.py:190} INFO - [2024-12-24T07:34:13.941+0000] {dag.py:3239} INFO - Sync 2 DAGs
[2024-12-24T07:34:13.963+0000] {logging_mixin.py:190} INFO - [2024-12-24T07:34:13.963+0000] {dag.py:4180} INFO - Setting next_dagrun for example_xcom_args to None, run_after=None
[2024-12-24T07:34:13.971+0000] {logging_mixin.py:190} INFO - [2024-12-24T07:34:13.970+0000] {dag.py:4180} INFO - Setting next_dagrun for example_xcom_args_with_operators to None, run_after=None
[2024-12-24T07:34:13.998+0000] {processor.py:208} INFO - Processing /home/airflow/.local/lib/python3.12/site-packages/airflow/example_dags/example_xcomargs.py took 0.126 seconds
[2024-12-24T07:34:44.279+0000] {processor.py:186} INFO - Started process (PID=811) to work on /home/airflow/.local/lib/python3.12/site-packages/airflow/example_dags/example_xcomargs.py
[2024-12-24T07:34:44.282+0000] {processor.py:914} INFO - Processing file /home/airflow/.local/lib/python3.12/site-packages/airflow/example_dags/example_xcomargs.py for tasks to queue
[2024-12-24T07:34:44.286+0000] {logging_mixin.py:190} INFO - [2024-12-24T07:34:44.286+0000] {dagbag.py:588} INFO - Filling up the DagBag from /home/airflow/.local/lib/python3.12/site-packages/airflow/example_dags/example_xcomargs.py
[2024-12-24T07:34:44.310+0000] {processor.py:925} INFO - DAG(s) 'example_xcom_args', 'example_xcom_args_with_operators' retrieved from /home/airflow/.local/lib/python3.12/site-packages/airflow/example_dags/example_xcomargs.py
[2024-12-24T07:34:44.353+0000] {logging_mixin.py:190} INFO - [2024-12-24T07:34:44.352+0000] {dag.py:3239} INFO - Sync 2 DAGs
[2024-12-24T07:34:44.377+0000] {logging_mixin.py:190} INFO - [2024-12-24T07:34:44.377+0000] {dag.py:4180} INFO - Setting next_dagrun for example_xcom_args to None, run_after=None
[2024-12-24T07:34:44.385+0000] {logging_mixin.py:190} INFO - [2024-12-24T07:34:44.385+0000] {dag.py:4180} INFO - Setting next_dagrun for example_xcom_args_with_operators to None, run_after=None
[2024-12-24T07:34:44.420+0000] {processor.py:208} INFO - Processing /home/airflow/.local/lib/python3.12/site-packages/airflow/example_dags/example_xcomargs.py took 0.151 seconds
[2024-12-24T07:35:15.302+0000] {processor.py:186} INFO - Started process (PID=877) to work on /home/airflow/.local/lib/python3.12/site-packages/airflow/example_dags/example_xcomargs.py
[2024-12-24T07:35:15.304+0000] {processor.py:914} INFO - Processing file /home/airflow/.local/lib/python3.12/site-packages/airflow/example_dags/example_xcomargs.py for tasks to queue
[2024-12-24T07:35:15.309+0000] {logging_mixin.py:190} INFO - [2024-12-24T07:35:15.308+0000] {dagbag.py:588} INFO - Filling up the DagBag from /home/airflow/.local/lib/python3.12/site-packages/airflow/example_dags/example_xcomargs.py
[2024-12-24T07:35:15.328+0000] {processor.py:925} INFO - DAG(s) 'example_xcom_args_with_operators', 'example_xcom_args' retrieved from /home/airflow/.local/lib/python3.12/site-packages/airflow/example_dags/example_xcomargs.py
[2024-12-24T07:35:15.369+0000] {logging_mixin.py:190} INFO - [2024-12-24T07:35:15.369+0000] {dag.py:3239} INFO - Sync 2 DAGs
[2024-12-24T07:35:15.410+0000] {logging_mixin.py:190} INFO - [2024-12-24T07:35:15.410+0000] {dag.py:4180} INFO - Setting next_dagrun for example_xcom_args to None, run_after=None
[2024-12-24T07:35:15.422+0000] {logging_mixin.py:190} INFO - [2024-12-24T07:35:15.421+0000] {dag.py:4180} INFO - Setting next_dagrun for example_xcom_args_with_operators to None, run_after=None
[2024-12-24T07:35:15.461+0000] {processor.py:208} INFO - Processing /home/airflow/.local/lib/python3.12/site-packages/airflow/example_dags/example_xcomargs.py took 0.167 seconds
[2024-12-24T07:35:45.909+0000] {processor.py:186} INFO - Started process (PID=943) to work on /home/airflow/.local/lib/python3.12/site-packages/airflow/example_dags/example_xcomargs.py
[2024-12-24T07:35:45.911+0000] {processor.py:914} INFO - Processing file /home/airflow/.local/lib/python3.12/site-packages/airflow/example_dags/example_xcomargs.py for tasks to queue
[2024-12-24T07:35:45.915+0000] {logging_mixin.py:190} INFO - [2024-12-24T07:35:45.914+0000] {dagbag.py:588} INFO - Filling up the DagBag from /home/airflow/.local/lib/python3.12/site-packages/airflow/example_dags/example_xcomargs.py
[2024-12-24T07:35:45.954+0000] {processor.py:925} INFO - DAG(s) 'example_xcom_args_with_operators', 'example_xcom_args' retrieved from /home/airflow/.local/lib/python3.12/site-packages/airflow/example_dags/example_xcomargs.py
[2024-12-24T07:35:46.044+0000] {logging_mixin.py:190} INFO - [2024-12-24T07:35:46.044+0000] {dag.py:3239} INFO - Sync 2 DAGs
[2024-12-24T07:35:46.087+0000] {logging_mixin.py:190} INFO - [2024-12-24T07:35:46.087+0000] {dag.py:4180} INFO - Setting next_dagrun for example_xcom_args to None, run_after=None
[2024-12-24T07:35:46.102+0000] {logging_mixin.py:190} INFO - [2024-12-24T07:35:46.102+0000] {dag.py:4180} INFO - Setting next_dagrun for example_xcom_args_with_operators to None, run_after=None
[2024-12-24T07:35:46.164+0000] {processor.py:208} INFO - Processing /home/airflow/.local/lib/python3.12/site-packages/airflow/example_dags/example_xcomargs.py took 0.265 seconds
[2024-12-24T07:36:16.395+0000] {processor.py:186} INFO - Started process (PID=1009) to work on /home/airflow/.local/lib/python3.12/site-packages/airflow/example_dags/example_xcomargs.py
[2024-12-24T07:36:16.397+0000] {processor.py:914} INFO - Processing file /home/airflow/.local/lib/python3.12/site-packages/airflow/example_dags/example_xcomargs.py for tasks to queue
[2024-12-24T07:36:16.408+0000] {logging_mixin.py:190} INFO - [2024-12-24T07:36:16.407+0000] {dagbag.py:588} INFO - Filling up the DagBag from /home/airflow/.local/lib/python3.12/site-packages/airflow/example_dags/example_xcomargs.py
[2024-12-24T07:36:16.444+0000] {processor.py:925} INFO - DAG(s) 'example_xcom_args_with_operators', 'example_xcom_args' retrieved from /home/airflow/.local/lib/python3.12/site-packages/airflow/example_dags/example_xcomargs.py
[2024-12-24T07:36:16.593+0000] {logging_mixin.py:190} INFO - [2024-12-24T07:36:16.592+0000] {dag.py:3239} INFO - Sync 2 DAGs
[2024-12-24T07:36:16.631+0000] {logging_mixin.py:190} INFO - [2024-12-24T07:36:16.630+0000] {dag.py:4180} INFO - Setting next_dagrun for example_xcom_args to None, run_after=None
[2024-12-24T07:36:16.638+0000] {logging_mixin.py:190} INFO - [2024-12-24T07:36:16.638+0000] {dag.py:4180} INFO - Setting next_dagrun for example_xcom_args_with_operators to None, run_after=None
[2024-12-24T07:36:16.687+0000] {processor.py:208} INFO - Processing /home/airflow/.local/lib/python3.12/site-packages/airflow/example_dags/example_xcomargs.py took 0.307 seconds
[2024-12-24T07:36:47.489+0000] {processor.py:186} INFO - Started process (PID=1075) to work on /home/airflow/.local/lib/python3.12/site-packages/airflow/example_dags/example_xcomargs.py
[2024-12-24T07:36:47.493+0000] {processor.py:914} INFO - Processing file /home/airflow/.local/lib/python3.12/site-packages/airflow/example_dags/example_xcomargs.py for tasks to queue
[2024-12-24T07:36:47.500+0000] {logging_mixin.py:190} INFO - [2024-12-24T07:36:47.498+0000] {dagbag.py:588} INFO - Filling up the DagBag from /home/airflow/.local/lib/python3.12/site-packages/airflow/example_dags/example_xcomargs.py
[2024-12-24T07:36:47.532+0000] {processor.py:925} INFO - DAG(s) 'example_xcom_args', 'example_xcom_args_with_operators' retrieved from /home/airflow/.local/lib/python3.12/site-packages/airflow/example_dags/example_xcomargs.py
[2024-12-24T07:36:47.595+0000] {logging_mixin.py:190} INFO - [2024-12-24T07:36:47.594+0000] {dag.py:3239} INFO - Sync 2 DAGs
[2024-12-24T07:36:47.624+0000] {logging_mixin.py:190} INFO - [2024-12-24T07:36:47.624+0000] {dag.py:4180} INFO - Setting next_dagrun for example_xcom_args to None, run_after=None
[2024-12-24T07:36:47.630+0000] {logging_mixin.py:190} INFO - [2024-12-24T07:36:47.630+0000] {dag.py:4180} INFO - Setting next_dagrun for example_xcom_args_with_operators to None, run_after=None
[2024-12-24T07:36:47.668+0000] {processor.py:208} INFO - Processing /home/airflow/.local/lib/python3.12/site-packages/airflow/example_dags/example_xcomargs.py took 0.194 seconds
[2024-12-24T07:37:18.475+0000] {processor.py:186} INFO - Started process (PID=1147) to work on /home/airflow/.local/lib/python3.12/site-packages/airflow/example_dags/example_xcomargs.py
[2024-12-24T07:37:18.477+0000] {processor.py:914} INFO - Processing file /home/airflow/.local/lib/python3.12/site-packages/airflow/example_dags/example_xcomargs.py for tasks to queue
[2024-12-24T07:37:18.482+0000] {logging_mixin.py:190} INFO - [2024-12-24T07:37:18.482+0000] {dagbag.py:588} INFO - Filling up the DagBag from /home/airflow/.local/lib/python3.12/site-packages/airflow/example_dags/example_xcomargs.py
[2024-12-24T07:37:18.500+0000] {processor.py:925} INFO - DAG(s) 'example_xcom_args', 'example_xcom_args_with_operators' retrieved from /home/airflow/.local/lib/python3.12/site-packages/airflow/example_dags/example_xcomargs.py
[2024-12-24T07:37:18.534+0000] {logging_mixin.py:190} INFO - [2024-12-24T07:37:18.533+0000] {dag.py:3239} INFO - Sync 2 DAGs
[2024-12-24T07:37:18.554+0000] {logging_mixin.py:190} INFO - [2024-12-24T07:37:18.554+0000] {dag.py:4180} INFO - Setting next_dagrun for example_xcom_args to None, run_after=None
[2024-12-24T07:37:18.562+0000] {logging_mixin.py:190} INFO - [2024-12-24T07:37:18.561+0000] {dag.py:4180} INFO - Setting next_dagrun for example_xcom_args_with_operators to None, run_after=None
[2024-12-24T07:37:18.587+0000] {processor.py:208} INFO - Processing /home/airflow/.local/lib/python3.12/site-packages/airflow/example_dags/example_xcomargs.py took 0.121 seconds
[2024-12-24T07:37:48.924+0000] {processor.py:186} INFO - Started process (PID=1213) to work on /home/airflow/.local/lib/python3.12/site-packages/airflow/example_dags/example_xcomargs.py
[2024-12-24T07:37:48.927+0000] {processor.py:914} INFO - Processing file /home/airflow/.local/lib/python3.12/site-packages/airflow/example_dags/example_xcomargs.py for tasks to queue
[2024-12-24T07:37:48.931+0000] {logging_mixin.py:190} INFO - [2024-12-24T07:37:48.930+0000] {dagbag.py:588} INFO - Filling up the DagBag from /home/airflow/.local/lib/python3.12/site-packages/airflow/example_dags/example_xcomargs.py
[2024-12-24T07:37:48.946+0000] {processor.py:925} INFO - DAG(s) 'example_xcom_args', 'example_xcom_args_with_operators' retrieved from /home/airflow/.local/lib/python3.12/site-packages/airflow/example_dags/example_xcomargs.py
[2024-12-24T07:37:48.985+0000] {logging_mixin.py:190} INFO - [2024-12-24T07:37:48.985+0000] {dag.py:3239} INFO - Sync 2 DAGs
[2024-12-24T07:37:49.013+0000] {logging_mixin.py:190} INFO - [2024-12-24T07:37:49.013+0000] {dag.py:4180} INFO - Setting next_dagrun for example_xcom_args to None, run_after=None
[2024-12-24T07:37:49.022+0000] {logging_mixin.py:190} INFO - [2024-12-24T07:37:49.021+0000] {dag.py:4180} INFO - Setting next_dagrun for example_xcom_args_with_operators to None, run_after=None
[2024-12-24T07:37:49.050+0000] {processor.py:208} INFO - Processing /home/airflow/.local/lib/python3.12/site-packages/airflow/example_dags/example_xcomargs.py took 0.134 seconds
[2024-12-24T07:38:19.198+0000] {processor.py:186} INFO - Started process (PID=1278) to work on /home/airflow/.local/lib/python3.12/site-packages/airflow/example_dags/example_xcomargs.py
[2024-12-24T07:38:19.200+0000] {processor.py:914} INFO - Processing file /home/airflow/.local/lib/python3.12/site-packages/airflow/example_dags/example_xcomargs.py for tasks to queue
[2024-12-24T07:38:19.206+0000] {logging_mixin.py:190} INFO - [2024-12-24T07:38:19.205+0000] {dagbag.py:588} INFO - Filling up the DagBag from /home/airflow/.local/lib/python3.12/site-packages/airflow/example_dags/example_xcomargs.py
[2024-12-24T07:38:19.228+0000] {processor.py:925} INFO - DAG(s) 'example_xcom_args_with_operators', 'example_xcom_args' retrieved from /home/airflow/.local/lib/python3.12/site-packages/airflow/example_dags/example_xcomargs.py
[2024-12-24T07:38:19.275+0000] {logging_mixin.py:190} INFO - [2024-12-24T07:38:19.275+0000] {dag.py:3239} INFO - Sync 2 DAGs
[2024-12-24T07:38:19.303+0000] {logging_mixin.py:190} INFO - [2024-12-24T07:38:19.302+0000] {dag.py:4180} INFO - Setting next_dagrun for example_xcom_args to None, run_after=None
[2024-12-24T07:38:19.311+0000] {logging_mixin.py:190} INFO - [2024-12-24T07:38:19.311+0000] {dag.py:4180} INFO - Setting next_dagrun for example_xcom_args_with_operators to None, run_after=None
[2024-12-24T07:38:19.344+0000] {processor.py:208} INFO - Processing /home/airflow/.local/lib/python3.12/site-packages/airflow/example_dags/example_xcomargs.py took 0.157 seconds
[2024-12-24T07:38:49.441+0000] {processor.py:186} INFO - Started process (PID=1344) to work on /home/airflow/.local/lib/python3.12/site-packages/airflow/example_dags/example_xcomargs.py
[2024-12-24T07:38:49.443+0000] {processor.py:914} INFO - Processing file /home/airflow/.local/lib/python3.12/site-packages/airflow/example_dags/example_xcomargs.py for tasks to queue
[2024-12-24T07:38:49.447+0000] {logging_mixin.py:190} INFO - [2024-12-24T07:38:49.447+0000] {dagbag.py:588} INFO - Filling up the DagBag from /home/airflow/.local/lib/python3.12/site-packages/airflow/example_dags/example_xcomargs.py
[2024-12-24T07:38:49.468+0000] {processor.py:925} INFO - DAG(s) 'example_xcom_args_with_operators', 'example_xcom_args' retrieved from /home/airflow/.local/lib/python3.12/site-packages/airflow/example_dags/example_xcomargs.py
[2024-12-24T07:38:49.510+0000] {logging_mixin.py:190} INFO - [2024-12-24T07:38:49.510+0000] {dag.py:3239} INFO - Sync 2 DAGs
[2024-12-24T07:38:49.532+0000] {logging_mixin.py:190} INFO - [2024-12-24T07:38:49.532+0000] {dag.py:4180} INFO - Setting next_dagrun for example_xcom_args to None, run_after=None
[2024-12-24T07:38:49.539+0000] {logging_mixin.py:190} INFO - [2024-12-24T07:38:49.539+0000] {dag.py:4180} INFO - Setting next_dagrun for example_xcom_args_with_operators to None, run_after=None
[2024-12-24T07:38:49.575+0000] {processor.py:208} INFO - Processing /home/airflow/.local/lib/python3.12/site-packages/airflow/example_dags/example_xcomargs.py took 0.142 seconds
[2024-12-24T07:39:20.664+0000] {processor.py:186} INFO - Started process (PID=1411) to work on /home/airflow/.local/lib/python3.12/site-packages/airflow/example_dags/example_xcomargs.py
[2024-12-24T07:39:20.666+0000] {processor.py:914} INFO - Processing file /home/airflow/.local/lib/python3.12/site-packages/airflow/example_dags/example_xcomargs.py for tasks to queue
[2024-12-24T07:39:20.672+0000] {logging_mixin.py:190} INFO - [2024-12-24T07:39:20.670+0000] {dagbag.py:588} INFO - Filling up the DagBag from /home/airflow/.local/lib/python3.12/site-packages/airflow/example_dags/example_xcomargs.py
[2024-12-24T07:39:20.693+0000] {processor.py:925} INFO - DAG(s) 'example_xcom_args_with_operators', 'example_xcom_args' retrieved from /home/airflow/.local/lib/python3.12/site-packages/airflow/example_dags/example_xcomargs.py
[2024-12-24T07:39:20.739+0000] {logging_mixin.py:190} INFO - [2024-12-24T07:39:20.738+0000] {dag.py:3239} INFO - Sync 2 DAGs
[2024-12-24T07:39:20.771+0000] {logging_mixin.py:190} INFO - [2024-12-24T07:39:20.770+0000] {dag.py:4180} INFO - Setting next_dagrun for example_xcom_args to None, run_after=None
[2024-12-24T07:39:20.779+0000] {logging_mixin.py:190} INFO - [2024-12-24T07:39:20.778+0000] {dag.py:4180} INFO - Setting next_dagrun for example_xcom_args_with_operators to None, run_after=None
[2024-12-24T07:39:20.813+0000] {processor.py:208} INFO - Processing /home/airflow/.local/lib/python3.12/site-packages/airflow/example_dags/example_xcomargs.py took 0.164 seconds
[2024-12-24T07:39:51.551+0000] {processor.py:186} INFO - Started process (PID=1477) to work on /home/airflow/.local/lib/python3.12/site-packages/airflow/example_dags/example_xcomargs.py
[2024-12-24T07:39:51.555+0000] {processor.py:914} INFO - Processing file /home/airflow/.local/lib/python3.12/site-packages/airflow/example_dags/example_xcomargs.py for tasks to queue
[2024-12-24T07:39:51.561+0000] {logging_mixin.py:190} INFO - [2024-12-24T07:39:51.560+0000] {dagbag.py:588} INFO - Filling up the DagBag from /home/airflow/.local/lib/python3.12/site-packages/airflow/example_dags/example_xcomargs.py
[2024-12-24T07:39:51.578+0000] {processor.py:925} INFO - DAG(s) 'example_xcom_args_with_operators', 'example_xcom_args' retrieved from /home/airflow/.local/lib/python3.12/site-packages/airflow/example_dags/example_xcomargs.py
[2024-12-24T07:39:51.618+0000] {logging_mixin.py:190} INFO - [2024-12-24T07:39:51.618+0000] {dag.py:3239} INFO - Sync 2 DAGs
[2024-12-24T07:39:51.639+0000] {logging_mixin.py:190} INFO - [2024-12-24T07:39:51.639+0000] {dag.py:4180} INFO - Setting next_dagrun for example_xcom_args to None, run_after=None
[2024-12-24T07:39:51.645+0000] {logging_mixin.py:190} INFO - [2024-12-24T07:39:51.645+0000] {dag.py:4180} INFO - Setting next_dagrun for example_xcom_args_with_operators to None, run_after=None
[2024-12-24T07:39:51.676+0000] {processor.py:208} INFO - Processing /home/airflow/.local/lib/python3.12/site-packages/airflow/example_dags/example_xcomargs.py took 0.134 seconds
[2024-12-24T07:40:22.142+0000] {processor.py:186} INFO - Started process (PID=1543) to work on /home/airflow/.local/lib/python3.12/site-packages/airflow/example_dags/example_xcomargs.py
[2024-12-24T07:40:22.143+0000] {processor.py:914} INFO - Processing file /home/airflow/.local/lib/python3.12/site-packages/airflow/example_dags/example_xcomargs.py for tasks to queue
[2024-12-24T07:40:22.146+0000] {logging_mixin.py:190} INFO - [2024-12-24T07:40:22.145+0000] {dagbag.py:588} INFO - Filling up the DagBag from /home/airflow/.local/lib/python3.12/site-packages/airflow/example_dags/example_xcomargs.py
[2024-12-24T07:40:22.175+0000] {processor.py:925} INFO - DAG(s) 'example_xcom_args_with_operators', 'example_xcom_args' retrieved from /home/airflow/.local/lib/python3.12/site-packages/airflow/example_dags/example_xcomargs.py
[2024-12-24T07:40:22.223+0000] {logging_mixin.py:190} INFO - [2024-12-24T07:40:22.223+0000] {dag.py:3239} INFO - Sync 2 DAGs
[2024-12-24T07:40:22.250+0000] {logging_mixin.py:190} INFO - [2024-12-24T07:40:22.250+0000] {dag.py:4180} INFO - Setting next_dagrun for example_xcom_args to None, run_after=None
[2024-12-24T07:40:22.262+0000] {logging_mixin.py:190} INFO - [2024-12-24T07:40:22.261+0000] {dag.py:4180} INFO - Setting next_dagrun for example_xcom_args_with_operators to None, run_after=None
[2024-12-24T07:40:22.299+0000] {processor.py:208} INFO - Processing /home/airflow/.local/lib/python3.12/site-packages/airflow/example_dags/example_xcomargs.py took 0.168 seconds
[2024-12-24T07:40:52.914+0000] {processor.py:186} INFO - Started process (PID=1609) to work on /home/airflow/.local/lib/python3.12/site-packages/airflow/example_dags/example_xcomargs.py
[2024-12-24T07:40:52.915+0000] {processor.py:914} INFO - Processing file /home/airflow/.local/lib/python3.12/site-packages/airflow/example_dags/example_xcomargs.py for tasks to queue
[2024-12-24T07:40:52.917+0000] {logging_mixin.py:190} INFO - [2024-12-24T07:40:52.917+0000] {dagbag.py:588} INFO - Filling up the DagBag from /home/airflow/.local/lib/python3.12/site-packages/airflow/example_dags/example_xcomargs.py
[2024-12-24T07:40:52.934+0000] {processor.py:925} INFO - DAG(s) 'example_xcom_args_with_operators', 'example_xcom_args' retrieved from /home/airflow/.local/lib/python3.12/site-packages/airflow/example_dags/example_xcomargs.py
[2024-12-24T07:40:52.974+0000] {logging_mixin.py:190} INFO - [2024-12-24T07:40:52.974+0000] {dag.py:3239} INFO - Sync 2 DAGs
[2024-12-24T07:40:52.995+0000] {logging_mixin.py:190} INFO - [2024-12-24T07:40:52.995+0000] {dag.py:4180} INFO - Setting next_dagrun for example_xcom_args to None, run_after=None
[2024-12-24T07:40:53.001+0000] {logging_mixin.py:190} INFO - [2024-12-24T07:40:53.000+0000] {dag.py:4180} INFO - Setting next_dagrun for example_xcom_args_with_operators to None, run_after=None
[2024-12-24T07:40:53.034+0000] {processor.py:208} INFO - Processing /home/airflow/.local/lib/python3.12/site-packages/airflow/example_dags/example_xcomargs.py took 0.131 seconds
[2024-12-24T07:41:23.505+0000] {processor.py:186} INFO - Started process (PID=1675) to work on /home/airflow/.local/lib/python3.12/site-packages/airflow/example_dags/example_xcomargs.py
[2024-12-24T07:41:23.509+0000] {processor.py:914} INFO - Processing file /home/airflow/.local/lib/python3.12/site-packages/airflow/example_dags/example_xcomargs.py for tasks to queue
[2024-12-24T07:41:23.513+0000] {logging_mixin.py:190} INFO - [2024-12-24T07:41:23.512+0000] {dagbag.py:588} INFO - Filling up the DagBag from /home/airflow/.local/lib/python3.12/site-packages/airflow/example_dags/example_xcomargs.py
[2024-12-24T07:41:23.533+0000] {processor.py:925} INFO - DAG(s) 'example_xcom_args', 'example_xcom_args_with_operators' retrieved from /home/airflow/.local/lib/python3.12/site-packages/airflow/example_dags/example_xcomargs.py
[2024-12-24T07:41:23.579+0000] {logging_mixin.py:190} INFO - [2024-12-24T07:41:23.579+0000] {dag.py:3239} INFO - Sync 2 DAGs
[2024-12-24T07:41:23.603+0000] {logging_mixin.py:190} INFO - [2024-12-24T07:41:23.603+0000] {dag.py:4180} INFO - Setting next_dagrun for example_xcom_args to None, run_after=None
[2024-12-24T07:41:23.609+0000] {logging_mixin.py:190} INFO - [2024-12-24T07:41:23.609+0000] {dag.py:4180} INFO - Setting next_dagrun for example_xcom_args_with_operators to None, run_after=None
[2024-12-24T07:41:23.634+0000] {processor.py:208} INFO - Processing /home/airflow/.local/lib/python3.12/site-packages/airflow/example_dags/example_xcomargs.py took 0.142 seconds
[2024-12-24T07:41:54.709+0000] {processor.py:186} INFO - Started process (PID=1741) to work on /home/airflow/.local/lib/python3.12/site-packages/airflow/example_dags/example_xcomargs.py
[2024-12-24T07:41:54.712+0000] {processor.py:914} INFO - Processing file /home/airflow/.local/lib/python3.12/site-packages/airflow/example_dags/example_xcomargs.py for tasks to queue
[2024-12-24T07:41:54.714+0000] {logging_mixin.py:190} INFO - [2024-12-24T07:41:54.714+0000] {dagbag.py:588} INFO - Filling up the DagBag from /home/airflow/.local/lib/python3.12/site-packages/airflow/example_dags/example_xcomargs.py
[2024-12-24T07:41:54.731+0000] {processor.py:925} INFO - DAG(s) 'example_xcom_args', 'example_xcom_args_with_operators' retrieved from /home/airflow/.local/lib/python3.12/site-packages/airflow/example_dags/example_xcomargs.py
[2024-12-24T07:41:54.773+0000] {logging_mixin.py:190} INFO - [2024-12-24T07:41:54.773+0000] {dag.py:3239} INFO - Sync 2 DAGs
[2024-12-24T07:41:54.804+0000] {logging_mixin.py:190} INFO - [2024-12-24T07:41:54.804+0000] {dag.py:4180} INFO - Setting next_dagrun for example_xcom_args to None, run_after=None
[2024-12-24T07:41:54.811+0000] {logging_mixin.py:190} INFO - [2024-12-24T07:41:54.810+0000] {dag.py:4180} INFO - Setting next_dagrun for example_xcom_args_with_operators to None, run_after=None
[2024-12-24T07:41:54.857+0000] {processor.py:208} INFO - Processing /home/airflow/.local/lib/python3.12/site-packages/airflow/example_dags/example_xcomargs.py took 0.158 seconds
