[2024-12-24T07:29:06.584+0000] {processor.py:186} INFO - Started process (PID=90) to work on /home/airflow/.local/lib/python3.12/site-packages/airflow/example_dags/example_local_kubernetes_executor.py
[2024-12-24T07:29:06.586+0000] {processor.py:914} INFO - Processing file /home/airflow/.local/lib/python3.12/site-packages/airflow/example_dags/example_local_kubernetes_executor.py for tasks to queue
[2024-12-24T07:29:06.590+0000] {logging_mixin.py:190} INFO - [2024-12-24T07:29:06.590+0000] {dagbag.py:588} INFO - Filling up the DagBag from /home/airflow/.local/lib/python3.12/site-packages/airflow/example_dags/example_local_kubernetes_executor.py
[2024-12-24T07:29:06.606+0000] {processor.py:925} INFO - DAG(s) 'example_local_kubernetes_executor' retrieved from /home/airflow/.local/lib/python3.12/site-packages/airflow/example_dags/example_local_kubernetes_executor.py
[2024-12-24T07:29:06.834+0000] {logging_mixin.py:190} INFO - [2024-12-24T07:29:06.832+0000] {override.py:1911} INFO - Created Permission View: can read on DAG:example_local_kubernetes_executor
[2024-12-24T07:29:06.887+0000] {logging_mixin.py:190} INFO - [2024-12-24T07:29:06.886+0000] {override.py:1911} INFO - Created Permission View: can edit on DAG:example_local_kubernetes_executor
[2024-12-24T07:29:06.909+0000] {logging_mixin.py:190} INFO - [2024-12-24T07:29:06.909+0000] {override.py:1911} INFO - Created Permission View: can delete on DAG:example_local_kubernetes_executor
[2024-12-24T07:29:06.931+0000] {logging_mixin.py:190} INFO - [2024-12-24T07:29:06.931+0000] {override.py:1911} INFO - Created Permission View: can read on DAG Run:example_local_kubernetes_executor
[2024-12-24T07:29:06.962+0000] {logging_mixin.py:190} INFO - [2024-12-24T07:29:06.962+0000] {override.py:1911} INFO - Created Permission View: can create on DAG Run:example_local_kubernetes_executor
[2024-12-24T07:29:06.976+0000] {logging_mixin.py:190} INFO - [2024-12-24T07:29:06.976+0000] {override.py:1911} INFO - Created Permission View: can delete on DAG Run:example_local_kubernetes_executor
[2024-12-24T07:29:06.991+0000] {logging_mixin.py:190} INFO - [2024-12-24T07:29:06.990+0000] {override.py:1911} INFO - Created Permission View: menu access on DAG Run:example_local_kubernetes_executor
[2024-12-24T07:29:06.992+0000] {logging_mixin.py:190} INFO - [2024-12-24T07:29:06.992+0000] {dag.py:3239} INFO - Sync 1 DAGs
[2024-12-24T07:29:07.016+0000] {logging_mixin.py:190} INFO - [2024-12-24T07:29:07.016+0000] {dag.py:3262} INFO - Creating ORM DAG for example_local_kubernetes_executor
[2024-12-24T07:29:07.018+0000] {logging_mixin.py:190} INFO - [2024-12-24T07:29:07.018+0000] {dag.py:4180} INFO - Setting next_dagrun for example_local_kubernetes_executor to None, run_after=None
[2024-12-24T07:29:07.044+0000] {processor.py:208} INFO - Processing /home/airflow/.local/lib/python3.12/site-packages/airflow/example_dags/example_local_kubernetes_executor.py took 0.467 seconds
[2024-12-24T07:29:37.295+0000] {processor.py:186} INFO - Started process (PID=156) to work on /home/airflow/.local/lib/python3.12/site-packages/airflow/example_dags/example_local_kubernetes_executor.py
[2024-12-24T07:29:37.296+0000] {processor.py:914} INFO - Processing file /home/airflow/.local/lib/python3.12/site-packages/airflow/example_dags/example_local_kubernetes_executor.py for tasks to queue
[2024-12-24T07:29:37.300+0000] {logging_mixin.py:190} INFO - [2024-12-24T07:29:37.299+0000] {dagbag.py:588} INFO - Filling up the DagBag from /home/airflow/.local/lib/python3.12/site-packages/airflow/example_dags/example_local_kubernetes_executor.py
[2024-12-24T07:29:37.313+0000] {processor.py:925} INFO - DAG(s) 'example_local_kubernetes_executor' retrieved from /home/airflow/.local/lib/python3.12/site-packages/airflow/example_dags/example_local_kubernetes_executor.py
[2024-12-24T07:29:37.340+0000] {logging_mixin.py:190} INFO - [2024-12-24T07:29:37.339+0000] {dag.py:3239} INFO - Sync 1 DAGs
[2024-12-24T07:29:37.357+0000] {logging_mixin.py:190} INFO - [2024-12-24T07:29:37.357+0000] {dag.py:4180} INFO - Setting next_dagrun for example_local_kubernetes_executor to None, run_after=None
[2024-12-24T07:29:37.383+0000] {processor.py:208} INFO - Processing /home/airflow/.local/lib/python3.12/site-packages/airflow/example_dags/example_local_kubernetes_executor.py took 0.095 seconds
[2024-12-24T07:30:08.128+0000] {processor.py:186} INFO - Started process (PID=222) to work on /home/airflow/.local/lib/python3.12/site-packages/airflow/example_dags/example_local_kubernetes_executor.py
[2024-12-24T07:30:08.130+0000] {processor.py:914} INFO - Processing file /home/airflow/.local/lib/python3.12/site-packages/airflow/example_dags/example_local_kubernetes_executor.py for tasks to queue
[2024-12-24T07:30:08.145+0000] {logging_mixin.py:190} INFO - [2024-12-24T07:30:08.144+0000] {dagbag.py:588} INFO - Filling up the DagBag from /home/airflow/.local/lib/python3.12/site-packages/airflow/example_dags/example_local_kubernetes_executor.py
[2024-12-24T07:30:08.169+0000] {processor.py:925} INFO - DAG(s) 'example_local_kubernetes_executor' retrieved from /home/airflow/.local/lib/python3.12/site-packages/airflow/example_dags/example_local_kubernetes_executor.py
[2024-12-24T07:30:08.234+0000] {logging_mixin.py:190} INFO - [2024-12-24T07:30:08.234+0000] {dag.py:3239} INFO - Sync 1 DAGs
[2024-12-24T07:30:08.272+0000] {logging_mixin.py:190} INFO - [2024-12-24T07:30:08.272+0000] {dag.py:4180} INFO - Setting next_dagrun for example_local_kubernetes_executor to None, run_after=None
[2024-12-24T07:30:08.310+0000] {processor.py:208} INFO - Processing /home/airflow/.local/lib/python3.12/site-packages/airflow/example_dags/example_local_kubernetes_executor.py took 0.207 seconds
[2024-12-24T07:30:38.375+0000] {processor.py:186} INFO - Started process (PID=288) to work on /home/airflow/.local/lib/python3.12/site-packages/airflow/example_dags/example_local_kubernetes_executor.py
[2024-12-24T07:30:38.376+0000] {processor.py:914} INFO - Processing file /home/airflow/.local/lib/python3.12/site-packages/airflow/example_dags/example_local_kubernetes_executor.py for tasks to queue
[2024-12-24T07:30:38.382+0000] {logging_mixin.py:190} INFO - [2024-12-24T07:30:38.381+0000] {dagbag.py:588} INFO - Filling up the DagBag from /home/airflow/.local/lib/python3.12/site-packages/airflow/example_dags/example_local_kubernetes_executor.py
[2024-12-24T07:30:38.397+0000] {processor.py:925} INFO - DAG(s) 'example_local_kubernetes_executor' retrieved from /home/airflow/.local/lib/python3.12/site-packages/airflow/example_dags/example_local_kubernetes_executor.py
[2024-12-24T07:30:38.450+0000] {logging_mixin.py:190} INFO - [2024-12-24T07:30:38.450+0000] {dag.py:3239} INFO - Sync 1 DAGs
[2024-12-24T07:30:38.485+0000] {logging_mixin.py:190} INFO - [2024-12-24T07:30:38.484+0000] {dag.py:4180} INFO - Setting next_dagrun for example_local_kubernetes_executor to None, run_after=None
[2024-12-24T07:30:38.530+0000] {processor.py:208} INFO - Processing /home/airflow/.local/lib/python3.12/site-packages/airflow/example_dags/example_local_kubernetes_executor.py took 0.165 seconds
[2024-12-24T07:31:09.182+0000] {processor.py:186} INFO - Started process (PID=353) to work on /home/airflow/.local/lib/python3.12/site-packages/airflow/example_dags/example_local_kubernetes_executor.py
[2024-12-24T07:31:09.184+0000] {processor.py:914} INFO - Processing file /home/airflow/.local/lib/python3.12/site-packages/airflow/example_dags/example_local_kubernetes_executor.py for tasks to queue
[2024-12-24T07:31:09.188+0000] {logging_mixin.py:190} INFO - [2024-12-24T07:31:09.188+0000] {dagbag.py:588} INFO - Filling up the DagBag from /home/airflow/.local/lib/python3.12/site-packages/airflow/example_dags/example_local_kubernetes_executor.py
[2024-12-24T07:31:09.207+0000] {processor.py:925} INFO - DAG(s) 'example_local_kubernetes_executor' retrieved from /home/airflow/.local/lib/python3.12/site-packages/airflow/example_dags/example_local_kubernetes_executor.py
[2024-12-24T07:31:09.268+0000] {logging_mixin.py:190} INFO - [2024-12-24T07:31:09.267+0000] {dag.py:3239} INFO - Sync 1 DAGs
[2024-12-24T07:31:09.306+0000] {logging_mixin.py:190} INFO - [2024-12-24T07:31:09.306+0000] {dag.py:4180} INFO - Setting next_dagrun for example_local_kubernetes_executor to None, run_after=None
[2024-12-24T07:31:09.350+0000] {processor.py:208} INFO - Processing /home/airflow/.local/lib/python3.12/site-packages/airflow/example_dags/example_local_kubernetes_executor.py took 0.175 seconds
[2024-12-24T07:31:40.064+0000] {processor.py:186} INFO - Started process (PID=419) to work on /home/airflow/.local/lib/python3.12/site-packages/airflow/example_dags/example_local_kubernetes_executor.py
[2024-12-24T07:31:40.066+0000] {processor.py:914} INFO - Processing file /home/airflow/.local/lib/python3.12/site-packages/airflow/example_dags/example_local_kubernetes_executor.py for tasks to queue
[2024-12-24T07:31:40.071+0000] {logging_mixin.py:190} INFO - [2024-12-24T07:31:40.070+0000] {dagbag.py:588} INFO - Filling up the DagBag from /home/airflow/.local/lib/python3.12/site-packages/airflow/example_dags/example_local_kubernetes_executor.py
[2024-12-24T07:31:40.087+0000] {processor.py:925} INFO - DAG(s) 'example_local_kubernetes_executor' retrieved from /home/airflow/.local/lib/python3.12/site-packages/airflow/example_dags/example_local_kubernetes_executor.py
[2024-12-24T07:31:40.127+0000] {logging_mixin.py:190} INFO - [2024-12-24T07:31:40.127+0000] {dag.py:3239} INFO - Sync 1 DAGs
[2024-12-24T07:31:40.150+0000] {logging_mixin.py:190} INFO - [2024-12-24T07:31:40.150+0000] {dag.py:4180} INFO - Setting next_dagrun for example_local_kubernetes_executor to None, run_after=None
[2024-12-24T07:31:40.188+0000] {processor.py:208} INFO - Processing /home/airflow/.local/lib/python3.12/site-packages/airflow/example_dags/example_local_kubernetes_executor.py took 0.133 seconds
[2024-12-24T07:32:10.940+0000] {processor.py:186} INFO - Started process (PID=485) to work on /home/airflow/.local/lib/python3.12/site-packages/airflow/example_dags/example_local_kubernetes_executor.py
[2024-12-24T07:32:10.942+0000] {processor.py:914} INFO - Processing file /home/airflow/.local/lib/python3.12/site-packages/airflow/example_dags/example_local_kubernetes_executor.py for tasks to queue
[2024-12-24T07:32:10.946+0000] {logging_mixin.py:190} INFO - [2024-12-24T07:32:10.946+0000] {dagbag.py:588} INFO - Filling up the DagBag from /home/airflow/.local/lib/python3.12/site-packages/airflow/example_dags/example_local_kubernetes_executor.py
[2024-12-24T07:32:10.962+0000] {processor.py:925} INFO - DAG(s) 'example_local_kubernetes_executor' retrieved from /home/airflow/.local/lib/python3.12/site-packages/airflow/example_dags/example_local_kubernetes_executor.py
[2024-12-24T07:32:10.997+0000] {logging_mixin.py:190} INFO - [2024-12-24T07:32:10.996+0000] {dag.py:3239} INFO - Sync 1 DAGs
[2024-12-24T07:32:11.018+0000] {logging_mixin.py:190} INFO - [2024-12-24T07:32:11.018+0000] {dag.py:4180} INFO - Setting next_dagrun for example_local_kubernetes_executor to None, run_after=None
[2024-12-24T07:32:11.048+0000] {processor.py:208} INFO - Processing /home/airflow/.local/lib/python3.12/site-packages/airflow/example_dags/example_local_kubernetes_executor.py took 0.115 seconds
[2024-12-24T07:32:41.810+0000] {processor.py:186} INFO - Started process (PID=551) to work on /home/airflow/.local/lib/python3.12/site-packages/airflow/example_dags/example_local_kubernetes_executor.py
[2024-12-24T07:32:41.816+0000] {processor.py:914} INFO - Processing file /home/airflow/.local/lib/python3.12/site-packages/airflow/example_dags/example_local_kubernetes_executor.py for tasks to queue
[2024-12-24T07:32:41.832+0000] {logging_mixin.py:190} INFO - [2024-12-24T07:32:41.827+0000] {dagbag.py:588} INFO - Filling up the DagBag from /home/airflow/.local/lib/python3.12/site-packages/airflow/example_dags/example_local_kubernetes_executor.py
[2024-12-24T07:32:42.003+0000] {processor.py:925} INFO - DAG(s) 'example_local_kubernetes_executor' retrieved from /home/airflow/.local/lib/python3.12/site-packages/airflow/example_dags/example_local_kubernetes_executor.py
[2024-12-24T07:32:42.133+0000] {logging_mixin.py:190} INFO - [2024-12-24T07:32:42.132+0000] {dag.py:3239} INFO - Sync 1 DAGs
[2024-12-24T07:32:42.197+0000] {logging_mixin.py:190} INFO - [2024-12-24T07:32:42.197+0000] {dag.py:4180} INFO - Setting next_dagrun for example_local_kubernetes_executor to None, run_after=None
[2024-12-24T07:32:42.291+0000] {processor.py:208} INFO - Processing /home/airflow/.local/lib/python3.12/site-packages/airflow/example_dags/example_local_kubernetes_executor.py took 0.491 seconds
[2024-12-24T07:33:12.882+0000] {processor.py:186} INFO - Started process (PID=617) to work on /home/airflow/.local/lib/python3.12/site-packages/airflow/example_dags/example_local_kubernetes_executor.py
[2024-12-24T07:33:12.886+0000] {processor.py:914} INFO - Processing file /home/airflow/.local/lib/python3.12/site-packages/airflow/example_dags/example_local_kubernetes_executor.py for tasks to queue
[2024-12-24T07:33:12.893+0000] {logging_mixin.py:190} INFO - [2024-12-24T07:33:12.893+0000] {dagbag.py:588} INFO - Filling up the DagBag from /home/airflow/.local/lib/python3.12/site-packages/airflow/example_dags/example_local_kubernetes_executor.py
[2024-12-24T07:33:12.911+0000] {processor.py:925} INFO - DAG(s) 'example_local_kubernetes_executor' retrieved from /home/airflow/.local/lib/python3.12/site-packages/airflow/example_dags/example_local_kubernetes_executor.py
[2024-12-24T07:33:12.949+0000] {logging_mixin.py:190} INFO - [2024-12-24T07:33:12.948+0000] {dag.py:3239} INFO - Sync 1 DAGs
[2024-12-24T07:33:12.978+0000] {logging_mixin.py:190} INFO - [2024-12-24T07:33:12.978+0000] {dag.py:4180} INFO - Setting next_dagrun for example_local_kubernetes_executor to None, run_after=None
[2024-12-24T07:33:13.022+0000] {processor.py:208} INFO - Processing /home/airflow/.local/lib/python3.12/site-packages/airflow/example_dags/example_local_kubernetes_executor.py took 0.151 seconds
[2024-12-24T07:33:43.932+0000] {processor.py:186} INFO - Started process (PID=683) to work on /home/airflow/.local/lib/python3.12/site-packages/airflow/example_dags/example_local_kubernetes_executor.py
[2024-12-24T07:33:43.934+0000] {processor.py:914} INFO - Processing file /home/airflow/.local/lib/python3.12/site-packages/airflow/example_dags/example_local_kubernetes_executor.py for tasks to queue
[2024-12-24T07:33:43.941+0000] {logging_mixin.py:190} INFO - [2024-12-24T07:33:43.940+0000] {dagbag.py:588} INFO - Filling up the DagBag from /home/airflow/.local/lib/python3.12/site-packages/airflow/example_dags/example_local_kubernetes_executor.py
[2024-12-24T07:33:43.968+0000] {processor.py:925} INFO - DAG(s) 'example_local_kubernetes_executor' retrieved from /home/airflow/.local/lib/python3.12/site-packages/airflow/example_dags/example_local_kubernetes_executor.py
[2024-12-24T07:33:44.021+0000] {logging_mixin.py:190} INFO - [2024-12-24T07:33:44.020+0000] {dag.py:3239} INFO - Sync 1 DAGs
[2024-12-24T07:33:44.049+0000] {logging_mixin.py:190} INFO - [2024-12-24T07:33:44.048+0000] {dag.py:4180} INFO - Setting next_dagrun for example_local_kubernetes_executor to None, run_after=None
[2024-12-24T07:33:44.098+0000] {processor.py:208} INFO - Processing /home/airflow/.local/lib/python3.12/site-packages/airflow/example_dags/example_local_kubernetes_executor.py took 0.190 seconds
[2024-12-24T07:34:14.616+0000] {processor.py:186} INFO - Started process (PID=749) to work on /home/airflow/.local/lib/python3.12/site-packages/airflow/example_dags/example_local_kubernetes_executor.py
[2024-12-24T07:34:14.619+0000] {processor.py:914} INFO - Processing file /home/airflow/.local/lib/python3.12/site-packages/airflow/example_dags/example_local_kubernetes_executor.py for tasks to queue
[2024-12-24T07:34:14.624+0000] {logging_mixin.py:190} INFO - [2024-12-24T07:34:14.624+0000] {dagbag.py:588} INFO - Filling up the DagBag from /home/airflow/.local/lib/python3.12/site-packages/airflow/example_dags/example_local_kubernetes_executor.py
[2024-12-24T07:34:14.638+0000] {processor.py:925} INFO - DAG(s) 'example_local_kubernetes_executor' retrieved from /home/airflow/.local/lib/python3.12/site-packages/airflow/example_dags/example_local_kubernetes_executor.py
[2024-12-24T07:34:14.678+0000] {logging_mixin.py:190} INFO - [2024-12-24T07:34:14.678+0000] {dag.py:3239} INFO - Sync 1 DAGs
[2024-12-24T07:34:14.700+0000] {logging_mixin.py:190} INFO - [2024-12-24T07:34:14.699+0000] {dag.py:4180} INFO - Setting next_dagrun for example_local_kubernetes_executor to None, run_after=None
[2024-12-24T07:34:14.741+0000] {processor.py:208} INFO - Processing /home/airflow/.local/lib/python3.12/site-packages/airflow/example_dags/example_local_kubernetes_executor.py took 0.141 seconds
[2024-12-24T07:34:44.860+0000] {processor.py:186} INFO - Started process (PID=816) to work on /home/airflow/.local/lib/python3.12/site-packages/airflow/example_dags/example_local_kubernetes_executor.py
[2024-12-24T07:34:44.862+0000] {processor.py:914} INFO - Processing file /home/airflow/.local/lib/python3.12/site-packages/airflow/example_dags/example_local_kubernetes_executor.py for tasks to queue
[2024-12-24T07:34:44.867+0000] {logging_mixin.py:190} INFO - [2024-12-24T07:34:44.867+0000] {dagbag.py:588} INFO - Filling up the DagBag from /home/airflow/.local/lib/python3.12/site-packages/airflow/example_dags/example_local_kubernetes_executor.py
[2024-12-24T07:34:44.883+0000] {processor.py:925} INFO - DAG(s) 'example_local_kubernetes_executor' retrieved from /home/airflow/.local/lib/python3.12/site-packages/airflow/example_dags/example_local_kubernetes_executor.py
[2024-12-24T07:34:44.925+0000] {logging_mixin.py:190} INFO - [2024-12-24T07:34:44.924+0000] {dag.py:3239} INFO - Sync 1 DAGs
[2024-12-24T07:34:44.947+0000] {logging_mixin.py:190} INFO - [2024-12-24T07:34:44.947+0000] {dag.py:4180} INFO - Setting next_dagrun for example_local_kubernetes_executor to None, run_after=None
[2024-12-24T07:34:44.980+0000] {processor.py:208} INFO - Processing /home/airflow/.local/lib/python3.12/site-packages/airflow/example_dags/example_local_kubernetes_executor.py took 0.131 seconds
[2024-12-24T07:35:16.290+0000] {processor.py:186} INFO - Started process (PID=882) to work on /home/airflow/.local/lib/python3.12/site-packages/airflow/example_dags/example_local_kubernetes_executor.py
[2024-12-24T07:35:16.294+0000] {processor.py:914} INFO - Processing file /home/airflow/.local/lib/python3.12/site-packages/airflow/example_dags/example_local_kubernetes_executor.py for tasks to queue
[2024-12-24T07:35:16.299+0000] {logging_mixin.py:190} INFO - [2024-12-24T07:35:16.298+0000] {dagbag.py:588} INFO - Filling up the DagBag from /home/airflow/.local/lib/python3.12/site-packages/airflow/example_dags/example_local_kubernetes_executor.py
[2024-12-24T07:35:16.329+0000] {processor.py:925} INFO - DAG(s) 'example_local_kubernetes_executor' retrieved from /home/airflow/.local/lib/python3.12/site-packages/airflow/example_dags/example_local_kubernetes_executor.py
[2024-12-24T07:35:16.378+0000] {logging_mixin.py:190} INFO - [2024-12-24T07:35:16.377+0000] {dag.py:3239} INFO - Sync 1 DAGs
[2024-12-24T07:35:16.408+0000] {logging_mixin.py:190} INFO - [2024-12-24T07:35:16.407+0000] {dag.py:4180} INFO - Setting next_dagrun for example_local_kubernetes_executor to None, run_after=None
[2024-12-24T07:35:16.444+0000] {processor.py:208} INFO - Processing /home/airflow/.local/lib/python3.12/site-packages/airflow/example_dags/example_local_kubernetes_executor.py took 0.165 seconds
[2024-12-24T07:35:47.295+0000] {processor.py:186} INFO - Started process (PID=948) to work on /home/airflow/.local/lib/python3.12/site-packages/airflow/example_dags/example_local_kubernetes_executor.py
[2024-12-24T07:35:47.300+0000] {processor.py:914} INFO - Processing file /home/airflow/.local/lib/python3.12/site-packages/airflow/example_dags/example_local_kubernetes_executor.py for tasks to queue
[2024-12-24T07:35:47.321+0000] {logging_mixin.py:190} INFO - [2024-12-24T07:35:47.313+0000] {dagbag.py:588} INFO - Filling up the DagBag from /home/airflow/.local/lib/python3.12/site-packages/airflow/example_dags/example_local_kubernetes_executor.py
[2024-12-24T07:35:47.365+0000] {processor.py:925} INFO - DAG(s) 'example_local_kubernetes_executor' retrieved from /home/airflow/.local/lib/python3.12/site-packages/airflow/example_dags/example_local_kubernetes_executor.py
[2024-12-24T07:35:47.503+0000] {logging_mixin.py:190} INFO - [2024-12-24T07:35:47.499+0000] {dag.py:3239} INFO - Sync 1 DAGs
[2024-12-24T07:35:47.586+0000] {logging_mixin.py:190} INFO - [2024-12-24T07:35:47.585+0000] {dag.py:4180} INFO - Setting next_dagrun for example_local_kubernetes_executor to None, run_after=None
[2024-12-24T07:35:47.645+0000] {processor.py:208} INFO - Processing /home/airflow/.local/lib/python3.12/site-packages/airflow/example_dags/example_local_kubernetes_executor.py took 0.410 seconds
[2024-12-24T07:36:18.234+0000] {processor.py:186} INFO - Started process (PID=1020) to work on /home/airflow/.local/lib/python3.12/site-packages/airflow/example_dags/example_local_kubernetes_executor.py
[2024-12-24T07:36:18.236+0000] {processor.py:914} INFO - Processing file /home/airflow/.local/lib/python3.12/site-packages/airflow/example_dags/example_local_kubernetes_executor.py for tasks to queue
[2024-12-24T07:36:18.240+0000] {logging_mixin.py:190} INFO - [2024-12-24T07:36:18.240+0000] {dagbag.py:588} INFO - Filling up the DagBag from /home/airflow/.local/lib/python3.12/site-packages/airflow/example_dags/example_local_kubernetes_executor.py
[2024-12-24T07:36:18.262+0000] {processor.py:925} INFO - DAG(s) 'example_local_kubernetes_executor' retrieved from /home/airflow/.local/lib/python3.12/site-packages/airflow/example_dags/example_local_kubernetes_executor.py
[2024-12-24T07:36:18.305+0000] {logging_mixin.py:190} INFO - [2024-12-24T07:36:18.303+0000] {dag.py:3239} INFO - Sync 1 DAGs
[2024-12-24T07:36:18.330+0000] {logging_mixin.py:190} INFO - [2024-12-24T07:36:18.330+0000] {dag.py:4180} INFO - Setting next_dagrun for example_local_kubernetes_executor to None, run_after=None
[2024-12-24T07:36:18.375+0000] {processor.py:208} INFO - Processing /home/airflow/.local/lib/python3.12/site-packages/airflow/example_dags/example_local_kubernetes_executor.py took 0.148 seconds
[2024-12-24T07:36:49.086+0000] {processor.py:186} INFO - Started process (PID=1086) to work on /home/airflow/.local/lib/python3.12/site-packages/airflow/example_dags/example_local_kubernetes_executor.py
[2024-12-24T07:36:49.088+0000] {processor.py:914} INFO - Processing file /home/airflow/.local/lib/python3.12/site-packages/airflow/example_dags/example_local_kubernetes_executor.py for tasks to queue
[2024-12-24T07:36:49.093+0000] {logging_mixin.py:190} INFO - [2024-12-24T07:36:49.093+0000] {dagbag.py:588} INFO - Filling up the DagBag from /home/airflow/.local/lib/python3.12/site-packages/airflow/example_dags/example_local_kubernetes_executor.py
[2024-12-24T07:36:49.113+0000] {processor.py:925} INFO - DAG(s) 'example_local_kubernetes_executor' retrieved from /home/airflow/.local/lib/python3.12/site-packages/airflow/example_dags/example_local_kubernetes_executor.py
[2024-12-24T07:36:49.153+0000] {logging_mixin.py:190} INFO - [2024-12-24T07:36:49.152+0000] {dag.py:3239} INFO - Sync 1 DAGs
[2024-12-24T07:36:49.186+0000] {logging_mixin.py:190} INFO - [2024-12-24T07:36:49.186+0000] {dag.py:4180} INFO - Setting next_dagrun for example_local_kubernetes_executor to None, run_after=None
[2024-12-24T07:36:49.231+0000] {processor.py:208} INFO - Processing /home/airflow/.local/lib/python3.12/site-packages/airflow/example_dags/example_local_kubernetes_executor.py took 0.155 seconds
[2024-12-24T07:37:19.879+0000] {processor.py:186} INFO - Started process (PID=1152) to work on /home/airflow/.local/lib/python3.12/site-packages/airflow/example_dags/example_local_kubernetes_executor.py
[2024-12-24T07:37:19.880+0000] {processor.py:914} INFO - Processing file /home/airflow/.local/lib/python3.12/site-packages/airflow/example_dags/example_local_kubernetes_executor.py for tasks to queue
[2024-12-24T07:37:19.885+0000] {logging_mixin.py:190} INFO - [2024-12-24T07:37:19.884+0000] {dagbag.py:588} INFO - Filling up the DagBag from /home/airflow/.local/lib/python3.12/site-packages/airflow/example_dags/example_local_kubernetes_executor.py
[2024-12-24T07:37:19.899+0000] {processor.py:925} INFO - DAG(s) 'example_local_kubernetes_executor' retrieved from /home/airflow/.local/lib/python3.12/site-packages/airflow/example_dags/example_local_kubernetes_executor.py
[2024-12-24T07:37:19.932+0000] {logging_mixin.py:190} INFO - [2024-12-24T07:37:19.931+0000] {dag.py:3239} INFO - Sync 1 DAGs
[2024-12-24T07:37:19.952+0000] {logging_mixin.py:190} INFO - [2024-12-24T07:37:19.951+0000] {dag.py:4180} INFO - Setting next_dagrun for example_local_kubernetes_executor to None, run_after=None
[2024-12-24T07:37:19.980+0000] {processor.py:208} INFO - Processing /home/airflow/.local/lib/python3.12/site-packages/airflow/example_dags/example_local_kubernetes_executor.py took 0.109 seconds
[2024-12-24T07:37:50.497+0000] {processor.py:186} INFO - Started process (PID=1218) to work on /home/airflow/.local/lib/python3.12/site-packages/airflow/example_dags/example_local_kubernetes_executor.py
[2024-12-24T07:37:50.499+0000] {processor.py:914} INFO - Processing file /home/airflow/.local/lib/python3.12/site-packages/airflow/example_dags/example_local_kubernetes_executor.py for tasks to queue
[2024-12-24T07:37:50.507+0000] {logging_mixin.py:190} INFO - [2024-12-24T07:37:50.506+0000] {dagbag.py:588} INFO - Filling up the DagBag from /home/airflow/.local/lib/python3.12/site-packages/airflow/example_dags/example_local_kubernetes_executor.py
[2024-12-24T07:37:50.528+0000] {processor.py:925} INFO - DAG(s) 'example_local_kubernetes_executor' retrieved from /home/airflow/.local/lib/python3.12/site-packages/airflow/example_dags/example_local_kubernetes_executor.py
[2024-12-24T07:37:50.564+0000] {logging_mixin.py:190} INFO - [2024-12-24T07:37:50.563+0000] {dag.py:3239} INFO - Sync 1 DAGs
[2024-12-24T07:37:50.584+0000] {logging_mixin.py:190} INFO - [2024-12-24T07:37:50.584+0000] {dag.py:4180} INFO - Setting next_dagrun for example_local_kubernetes_executor to None, run_after=None
[2024-12-24T07:37:50.621+0000] {processor.py:208} INFO - Processing /home/airflow/.local/lib/python3.12/site-packages/airflow/example_dags/example_local_kubernetes_executor.py took 0.131 seconds
[2024-12-24T07:38:20.795+0000] {processor.py:186} INFO - Started process (PID=1283) to work on /home/airflow/.local/lib/python3.12/site-packages/airflow/example_dags/example_local_kubernetes_executor.py
[2024-12-24T07:38:20.797+0000] {processor.py:914} INFO - Processing file /home/airflow/.local/lib/python3.12/site-packages/airflow/example_dags/example_local_kubernetes_executor.py for tasks to queue
[2024-12-24T07:38:20.803+0000] {logging_mixin.py:190} INFO - [2024-12-24T07:38:20.803+0000] {dagbag.py:588} INFO - Filling up the DagBag from /home/airflow/.local/lib/python3.12/site-packages/airflow/example_dags/example_local_kubernetes_executor.py
[2024-12-24T07:38:20.820+0000] {processor.py:925} INFO - DAG(s) 'example_local_kubernetes_executor' retrieved from /home/airflow/.local/lib/python3.12/site-packages/airflow/example_dags/example_local_kubernetes_executor.py
[2024-12-24T07:38:20.864+0000] {logging_mixin.py:190} INFO - [2024-12-24T07:38:20.863+0000] {dag.py:3239} INFO - Sync 1 DAGs
[2024-12-24T07:38:20.893+0000] {logging_mixin.py:190} INFO - [2024-12-24T07:38:20.892+0000] {dag.py:4180} INFO - Setting next_dagrun for example_local_kubernetes_executor to None, run_after=None
[2024-12-24T07:38:20.933+0000] {processor.py:208} INFO - Processing /home/airflow/.local/lib/python3.12/site-packages/airflow/example_dags/example_local_kubernetes_executor.py took 0.148 seconds
[2024-12-24T07:38:51.092+0000] {processor.py:186} INFO - Started process (PID=1348) to work on /home/airflow/.local/lib/python3.12/site-packages/airflow/example_dags/example_local_kubernetes_executor.py
[2024-12-24T07:38:51.093+0000] {processor.py:914} INFO - Processing file /home/airflow/.local/lib/python3.12/site-packages/airflow/example_dags/example_local_kubernetes_executor.py for tasks to queue
[2024-12-24T07:38:51.098+0000] {logging_mixin.py:190} INFO - [2024-12-24T07:38:51.097+0000] {dagbag.py:588} INFO - Filling up the DagBag from /home/airflow/.local/lib/python3.12/site-packages/airflow/example_dags/example_local_kubernetes_executor.py
[2024-12-24T07:38:51.121+0000] {processor.py:925} INFO - DAG(s) 'example_local_kubernetes_executor' retrieved from /home/airflow/.local/lib/python3.12/site-packages/airflow/example_dags/example_local_kubernetes_executor.py
[2024-12-24T07:38:51.155+0000] {logging_mixin.py:190} INFO - [2024-12-24T07:38:51.154+0000] {dag.py:3239} INFO - Sync 1 DAGs
[2024-12-24T07:38:51.179+0000] {logging_mixin.py:190} INFO - [2024-12-24T07:38:51.179+0000] {dag.py:4180} INFO - Setting next_dagrun for example_local_kubernetes_executor to None, run_after=None
[2024-12-24T07:38:51.207+0000] {processor.py:208} INFO - Processing /home/airflow/.local/lib/python3.12/site-packages/airflow/example_dags/example_local_kubernetes_executor.py took 0.129 seconds
[2024-12-24T07:39:22.387+0000] {processor.py:186} INFO - Started process (PID=1416) to work on /home/airflow/.local/lib/python3.12/site-packages/airflow/example_dags/example_local_kubernetes_executor.py
[2024-12-24T07:39:22.389+0000] {processor.py:914} INFO - Processing file /home/airflow/.local/lib/python3.12/site-packages/airflow/example_dags/example_local_kubernetes_executor.py for tasks to queue
[2024-12-24T07:39:22.394+0000] {logging_mixin.py:190} INFO - [2024-12-24T07:39:22.394+0000] {dagbag.py:588} INFO - Filling up the DagBag from /home/airflow/.local/lib/python3.12/site-packages/airflow/example_dags/example_local_kubernetes_executor.py
[2024-12-24T07:39:22.409+0000] {processor.py:925} INFO - DAG(s) 'example_local_kubernetes_executor' retrieved from /home/airflow/.local/lib/python3.12/site-packages/airflow/example_dags/example_local_kubernetes_executor.py
[2024-12-24T07:39:22.444+0000] {logging_mixin.py:190} INFO - [2024-12-24T07:39:22.444+0000] {dag.py:3239} INFO - Sync 1 DAGs
[2024-12-24T07:39:22.465+0000] {logging_mixin.py:190} INFO - [2024-12-24T07:39:22.465+0000] {dag.py:4180} INFO - Setting next_dagrun for example_local_kubernetes_executor to None, run_after=None
[2024-12-24T07:39:22.503+0000] {processor.py:208} INFO - Processing /home/airflow/.local/lib/python3.12/site-packages/airflow/example_dags/example_local_kubernetes_executor.py took 0.126 seconds
[2024-12-24T07:39:53.063+0000] {processor.py:186} INFO - Started process (PID=1482) to work on /home/airflow/.local/lib/python3.12/site-packages/airflow/example_dags/example_local_kubernetes_executor.py
[2024-12-24T07:39:53.065+0000] {processor.py:914} INFO - Processing file /home/airflow/.local/lib/python3.12/site-packages/airflow/example_dags/example_local_kubernetes_executor.py for tasks to queue
[2024-12-24T07:39:53.069+0000] {logging_mixin.py:190} INFO - [2024-12-24T07:39:53.069+0000] {dagbag.py:588} INFO - Filling up the DagBag from /home/airflow/.local/lib/python3.12/site-packages/airflow/example_dags/example_local_kubernetes_executor.py
[2024-12-24T07:39:53.083+0000] {processor.py:925} INFO - DAG(s) 'example_local_kubernetes_executor' retrieved from /home/airflow/.local/lib/python3.12/site-packages/airflow/example_dags/example_local_kubernetes_executor.py
[2024-12-24T07:39:53.114+0000] {logging_mixin.py:190} INFO - [2024-12-24T07:39:53.114+0000] {dag.py:3239} INFO - Sync 1 DAGs
[2024-12-24T07:39:53.132+0000] {logging_mixin.py:190} INFO - [2024-12-24T07:39:53.132+0000] {dag.py:4180} INFO - Setting next_dagrun for example_local_kubernetes_executor to None, run_after=None
[2024-12-24T07:39:53.160+0000] {processor.py:208} INFO - Processing /home/airflow/.local/lib/python3.12/site-packages/airflow/example_dags/example_local_kubernetes_executor.py took 0.104 seconds
[2024-12-24T07:40:23.820+0000] {processor.py:186} INFO - Started process (PID=1548) to work on /home/airflow/.local/lib/python3.12/site-packages/airflow/example_dags/example_local_kubernetes_executor.py
[2024-12-24T07:40:23.824+0000] {processor.py:914} INFO - Processing file /home/airflow/.local/lib/python3.12/site-packages/airflow/example_dags/example_local_kubernetes_executor.py for tasks to queue
[2024-12-24T07:40:23.828+0000] {logging_mixin.py:190} INFO - [2024-12-24T07:40:23.828+0000] {dagbag.py:588} INFO - Filling up the DagBag from /home/airflow/.local/lib/python3.12/site-packages/airflow/example_dags/example_local_kubernetes_executor.py
[2024-12-24T07:40:23.872+0000] {processor.py:925} INFO - DAG(s) 'example_local_kubernetes_executor' retrieved from /home/airflow/.local/lib/python3.12/site-packages/airflow/example_dags/example_local_kubernetes_executor.py
[2024-12-24T07:40:23.945+0000] {logging_mixin.py:190} INFO - [2024-12-24T07:40:23.945+0000] {dag.py:3239} INFO - Sync 1 DAGs
[2024-12-24T07:40:23.999+0000] {logging_mixin.py:190} INFO - [2024-12-24T07:40:23.998+0000] {dag.py:4180} INFO - Setting next_dagrun for example_local_kubernetes_executor to None, run_after=None
[2024-12-24T07:40:24.084+0000] {processor.py:208} INFO - Processing /home/airflow/.local/lib/python3.12/site-packages/airflow/example_dags/example_local_kubernetes_executor.py took 0.279 seconds
[2024-12-24T07:40:54.518+0000] {processor.py:186} INFO - Started process (PID=1614) to work on /home/airflow/.local/lib/python3.12/site-packages/airflow/example_dags/example_local_kubernetes_executor.py
[2024-12-24T07:40:54.520+0000] {processor.py:914} INFO - Processing file /home/airflow/.local/lib/python3.12/site-packages/airflow/example_dags/example_local_kubernetes_executor.py for tasks to queue
[2024-12-24T07:40:54.522+0000] {logging_mixin.py:190} INFO - [2024-12-24T07:40:54.522+0000] {dagbag.py:588} INFO - Filling up the DagBag from /home/airflow/.local/lib/python3.12/site-packages/airflow/example_dags/example_local_kubernetes_executor.py
[2024-12-24T07:40:54.539+0000] {processor.py:925} INFO - DAG(s) 'example_local_kubernetes_executor' retrieved from /home/airflow/.local/lib/python3.12/site-packages/airflow/example_dags/example_local_kubernetes_executor.py
[2024-12-24T07:40:54.576+0000] {logging_mixin.py:190} INFO - [2024-12-24T07:40:54.575+0000] {dag.py:3239} INFO - Sync 1 DAGs
[2024-12-24T07:40:54.598+0000] {logging_mixin.py:190} INFO - [2024-12-24T07:40:54.598+0000] {dag.py:4180} INFO - Setting next_dagrun for example_local_kubernetes_executor to None, run_after=None
[2024-12-24T07:40:54.630+0000] {processor.py:208} INFO - Processing /home/airflow/.local/lib/python3.12/site-packages/airflow/example_dags/example_local_kubernetes_executor.py took 0.121 seconds
[2024-12-24T07:41:25.069+0000] {processor.py:186} INFO - Started process (PID=1680) to work on /home/airflow/.local/lib/python3.12/site-packages/airflow/example_dags/example_local_kubernetes_executor.py
[2024-12-24T07:41:25.071+0000] {processor.py:914} INFO - Processing file /home/airflow/.local/lib/python3.12/site-packages/airflow/example_dags/example_local_kubernetes_executor.py for tasks to queue
[2024-12-24T07:41:25.074+0000] {logging_mixin.py:190} INFO - [2024-12-24T07:41:25.073+0000] {dagbag.py:588} INFO - Filling up the DagBag from /home/airflow/.local/lib/python3.12/site-packages/airflow/example_dags/example_local_kubernetes_executor.py
[2024-12-24T07:41:25.090+0000] {processor.py:925} INFO - DAG(s) 'example_local_kubernetes_executor' retrieved from /home/airflow/.local/lib/python3.12/site-packages/airflow/example_dags/example_local_kubernetes_executor.py
[2024-12-24T07:41:25.126+0000] {logging_mixin.py:190} INFO - [2024-12-24T07:41:25.125+0000] {dag.py:3239} INFO - Sync 1 DAGs
[2024-12-24T07:41:25.149+0000] {logging_mixin.py:190} INFO - [2024-12-24T07:41:25.148+0000] {dag.py:4180} INFO - Setting next_dagrun for example_local_kubernetes_executor to None, run_after=None
[2024-12-24T07:41:25.179+0000] {processor.py:208} INFO - Processing /home/airflow/.local/lib/python3.12/site-packages/airflow/example_dags/example_local_kubernetes_executor.py took 0.121 seconds
[2024-12-24T07:41:55.434+0000] {processor.py:186} INFO - Started process (PID=1746) to work on /home/airflow/.local/lib/python3.12/site-packages/airflow/example_dags/example_local_kubernetes_executor.py
[2024-12-24T07:41:55.436+0000] {processor.py:914} INFO - Processing file /home/airflow/.local/lib/python3.12/site-packages/airflow/example_dags/example_local_kubernetes_executor.py for tasks to queue
[2024-12-24T07:41:55.438+0000] {logging_mixin.py:190} INFO - [2024-12-24T07:41:55.437+0000] {dagbag.py:588} INFO - Filling up the DagBag from /home/airflow/.local/lib/python3.12/site-packages/airflow/example_dags/example_local_kubernetes_executor.py
[2024-12-24T07:41:55.456+0000] {processor.py:925} INFO - DAG(s) 'example_local_kubernetes_executor' retrieved from /home/airflow/.local/lib/python3.12/site-packages/airflow/example_dags/example_local_kubernetes_executor.py
[2024-12-24T07:41:55.505+0000] {logging_mixin.py:190} INFO - [2024-12-24T07:41:55.503+0000] {dag.py:3239} INFO - Sync 1 DAGs
[2024-12-24T07:41:55.534+0000] {logging_mixin.py:190} INFO - [2024-12-24T07:41:55.534+0000] {dag.py:4180} INFO - Setting next_dagrun for example_local_kubernetes_executor to None, run_after=None
[2024-12-24T07:41:55.587+0000] {processor.py:208} INFO - Processing /home/airflow/.local/lib/python3.12/site-packages/airflow/example_dags/example_local_kubernetes_executor.py took 0.163 seconds
