[2024-12-24T07:29:02.354+0000] {processor.py:186} INFO - Started process (PID=73) to work on /home/airflow/.local/lib/python3.12/site-packages/airflow/example_dags/example_latest_only.py
[2024-12-24T07:29:02.356+0000] {processor.py:914} INFO - Processing file /home/airflow/.local/lib/python3.12/site-packages/airflow/example_dags/example_latest_only.py for tasks to queue
[2024-12-24T07:29:02.361+0000] {logging_mixin.py:190} INFO - [2024-12-24T07:29:02.360+0000] {dagbag.py:588} INFO - Filling up the DagBag from /home/airflow/.local/lib/python3.12/site-packages/airflow/example_dags/example_latest_only.py
[2024-12-24T07:29:02.376+0000] {processor.py:925} INFO - DAG(s) 'latest_only' retrieved from /home/airflow/.local/lib/python3.12/site-packages/airflow/example_dags/example_latest_only.py
[2024-12-24T07:29:02.613+0000] {logging_mixin.py:190} INFO - [2024-12-24T07:29:02.612+0000] {override.py:1911} INFO - Created Permission View: can read on DAG:latest_only
[2024-12-24T07:29:02.641+0000] {logging_mixin.py:190} INFO - [2024-12-24T07:29:02.640+0000] {override.py:1911} INFO - Created Permission View: can edit on DAG:latest_only
[2024-12-24T07:29:02.662+0000] {logging_mixin.py:190} INFO - [2024-12-24T07:29:02.661+0000] {override.py:1911} INFO - Created Permission View: can delete on DAG:latest_only
[2024-12-24T07:29:02.680+0000] {logging_mixin.py:190} INFO - [2024-12-24T07:29:02.680+0000] {override.py:1911} INFO - Created Permission View: can read on DAG Run:latest_only
[2024-12-24T07:29:02.695+0000] {logging_mixin.py:190} INFO - [2024-12-24T07:29:02.694+0000] {override.py:1911} INFO - Created Permission View: can create on DAG Run:latest_only
[2024-12-24T07:29:02.713+0000] {logging_mixin.py:190} INFO - [2024-12-24T07:29:02.712+0000] {override.py:1911} INFO - Created Permission View: can delete on DAG Run:latest_only
[2024-12-24T07:29:02.728+0000] {logging_mixin.py:190} INFO - [2024-12-24T07:29:02.727+0000] {override.py:1911} INFO - Created Permission View: menu access on DAG Run:latest_only
[2024-12-24T07:29:02.729+0000] {logging_mixin.py:190} INFO - [2024-12-24T07:29:02.728+0000] {dag.py:3239} INFO - Sync 1 DAGs
[2024-12-24T07:29:02.745+0000] {logging_mixin.py:190} INFO - [2024-12-24T07:29:02.744+0000] {dag.py:3262} INFO - Creating ORM DAG for latest_only
[2024-12-24T07:29:02.758+0000] {logging_mixin.py:190} INFO - [2024-12-24T07:29:02.757+0000] {dag.py:4180} INFO - Setting next_dagrun for latest_only to 2024-12-24 00:00:00+00:00, run_after=2024-12-24 04:00:00+00:00
[2024-12-24T07:29:02.786+0000] {processor.py:208} INFO - Processing /home/airflow/.local/lib/python3.12/site-packages/airflow/example_dags/example_latest_only.py took 0.442 seconds
[2024-12-24T07:29:33.648+0000] {processor.py:186} INFO - Started process (PID=139) to work on /home/airflow/.local/lib/python3.12/site-packages/airflow/example_dags/example_latest_only.py
[2024-12-24T07:29:33.649+0000] {processor.py:914} INFO - Processing file /home/airflow/.local/lib/python3.12/site-packages/airflow/example_dags/example_latest_only.py for tasks to queue
[2024-12-24T07:29:33.654+0000] {logging_mixin.py:190} INFO - [2024-12-24T07:29:33.654+0000] {dagbag.py:588} INFO - Filling up the DagBag from /home/airflow/.local/lib/python3.12/site-packages/airflow/example_dags/example_latest_only.py
[2024-12-24T07:29:33.665+0000] {processor.py:925} INFO - DAG(s) 'latest_only' retrieved from /home/airflow/.local/lib/python3.12/site-packages/airflow/example_dags/example_latest_only.py
[2024-12-24T07:29:33.693+0000] {logging_mixin.py:190} INFO - [2024-12-24T07:29:33.692+0000] {dag.py:3239} INFO - Sync 1 DAGs
[2024-12-24T07:29:33.724+0000] {logging_mixin.py:190} INFO - [2024-12-24T07:29:33.724+0000] {dag.py:4180} INFO - Setting next_dagrun for latest_only to 2024-12-24 00:00:00+00:00, run_after=2024-12-24 04:00:00+00:00
[2024-12-24T07:29:33.751+0000] {processor.py:208} INFO - Processing /home/airflow/.local/lib/python3.12/site-packages/airflow/example_dags/example_latest_only.py took 0.113 seconds
[2024-12-24T07:30:03.847+0000] {processor.py:186} INFO - Started process (PID=205) to work on /home/airflow/.local/lib/python3.12/site-packages/airflow/example_dags/example_latest_only.py
[2024-12-24T07:30:03.850+0000] {processor.py:914} INFO - Processing file /home/airflow/.local/lib/python3.12/site-packages/airflow/example_dags/example_latest_only.py for tasks to queue
[2024-12-24T07:30:03.855+0000] {logging_mixin.py:190} INFO - [2024-12-24T07:30:03.855+0000] {dagbag.py:588} INFO - Filling up the DagBag from /home/airflow/.local/lib/python3.12/site-packages/airflow/example_dags/example_latest_only.py
[2024-12-24T07:30:03.870+0000] {processor.py:925} INFO - DAG(s) 'latest_only' retrieved from /home/airflow/.local/lib/python3.12/site-packages/airflow/example_dags/example_latest_only.py
[2024-12-24T07:30:03.916+0000] {logging_mixin.py:190} INFO - [2024-12-24T07:30:03.914+0000] {dag.py:3239} INFO - Sync 1 DAGs
[2024-12-24T07:30:03.972+0000] {logging_mixin.py:190} INFO - [2024-12-24T07:30:03.972+0000] {dag.py:4180} INFO - Setting next_dagrun for latest_only to 2024-12-24 00:00:00+00:00, run_after=2024-12-24 04:00:00+00:00
[2024-12-24T07:30:04.019+0000] {processor.py:208} INFO - Processing /home/airflow/.local/lib/python3.12/site-packages/airflow/example_dags/example_latest_only.py took 0.186 seconds
[2024-12-24T07:30:34.173+0000] {processor.py:186} INFO - Started process (PID=271) to work on /home/airflow/.local/lib/python3.12/site-packages/airflow/example_dags/example_latest_only.py
[2024-12-24T07:30:34.175+0000] {processor.py:914} INFO - Processing file /home/airflow/.local/lib/python3.12/site-packages/airflow/example_dags/example_latest_only.py for tasks to queue
[2024-12-24T07:30:34.183+0000] {logging_mixin.py:190} INFO - [2024-12-24T07:30:34.182+0000] {dagbag.py:588} INFO - Filling up the DagBag from /home/airflow/.local/lib/python3.12/site-packages/airflow/example_dags/example_latest_only.py
[2024-12-24T07:30:34.199+0000] {processor.py:925} INFO - DAG(s) 'latest_only' retrieved from /home/airflow/.local/lib/python3.12/site-packages/airflow/example_dags/example_latest_only.py
[2024-12-24T07:30:34.254+0000] {logging_mixin.py:190} INFO - [2024-12-24T07:30:34.251+0000] {dag.py:3239} INFO - Sync 1 DAGs
[2024-12-24T07:30:34.363+0000] {logging_mixin.py:190} INFO - [2024-12-24T07:30:34.363+0000] {dag.py:4180} INFO - Setting next_dagrun for latest_only to 2024-12-24 00:00:00+00:00, run_after=2024-12-24 04:00:00+00:00
[2024-12-24T07:30:34.415+0000] {processor.py:208} INFO - Processing /home/airflow/.local/lib/python3.12/site-packages/airflow/example_dags/example_latest_only.py took 0.252 seconds
[2024-12-24T07:31:05.837+0000] {processor.py:186} INFO - Started process (PID=337) to work on /home/airflow/.local/lib/python3.12/site-packages/airflow/example_dags/example_latest_only.py
[2024-12-24T07:31:05.839+0000] {processor.py:914} INFO - Processing file /home/airflow/.local/lib/python3.12/site-packages/airflow/example_dags/example_latest_only.py for tasks to queue
[2024-12-24T07:31:05.843+0000] {logging_mixin.py:190} INFO - [2024-12-24T07:31:05.842+0000] {dagbag.py:588} INFO - Filling up the DagBag from /home/airflow/.local/lib/python3.12/site-packages/airflow/example_dags/example_latest_only.py
[2024-12-24T07:31:05.853+0000] {processor.py:925} INFO - DAG(s) 'latest_only' retrieved from /home/airflow/.local/lib/python3.12/site-packages/airflow/example_dags/example_latest_only.py
[2024-12-24T07:31:05.889+0000] {logging_mixin.py:190} INFO - [2024-12-24T07:31:05.888+0000] {dag.py:3239} INFO - Sync 1 DAGs
[2024-12-24T07:31:05.925+0000] {logging_mixin.py:190} INFO - [2024-12-24T07:31:05.924+0000] {dag.py:4180} INFO - Setting next_dagrun for latest_only to 2024-12-24 00:00:00+00:00, run_after=2024-12-24 04:00:00+00:00
[2024-12-24T07:31:05.959+0000] {processor.py:208} INFO - Processing /home/airflow/.local/lib/python3.12/site-packages/airflow/example_dags/example_latest_only.py took 0.130 seconds
[2024-12-24T07:31:37.348+0000] {processor.py:186} INFO - Started process (PID=402) to work on /home/airflow/.local/lib/python3.12/site-packages/airflow/example_dags/example_latest_only.py
[2024-12-24T07:31:37.350+0000] {processor.py:914} INFO - Processing file /home/airflow/.local/lib/python3.12/site-packages/airflow/example_dags/example_latest_only.py for tasks to queue
[2024-12-24T07:31:37.357+0000] {logging_mixin.py:190} INFO - [2024-12-24T07:31:37.356+0000] {dagbag.py:588} INFO - Filling up the DagBag from /home/airflow/.local/lib/python3.12/site-packages/airflow/example_dags/example_latest_only.py
[2024-12-24T07:31:37.371+0000] {processor.py:925} INFO - DAG(s) 'latest_only' retrieved from /home/airflow/.local/lib/python3.12/site-packages/airflow/example_dags/example_latest_only.py
[2024-12-24T07:31:37.410+0000] {logging_mixin.py:190} INFO - [2024-12-24T07:31:37.409+0000] {dag.py:3239} INFO - Sync 1 DAGs
[2024-12-24T07:31:37.450+0000] {logging_mixin.py:190} INFO - [2024-12-24T07:31:37.450+0000] {dag.py:4180} INFO - Setting next_dagrun for latest_only to 2024-12-24 00:00:00+00:00, run_after=2024-12-24 04:00:00+00:00
[2024-12-24T07:31:37.490+0000] {processor.py:208} INFO - Processing /home/airflow/.local/lib/python3.12/site-packages/airflow/example_dags/example_latest_only.py took 0.149 seconds
[2024-12-24T07:32:08.225+0000] {processor.py:186} INFO - Started process (PID=468) to work on /home/airflow/.local/lib/python3.12/site-packages/airflow/example_dags/example_latest_only.py
[2024-12-24T07:32:08.227+0000] {processor.py:914} INFO - Processing file /home/airflow/.local/lib/python3.12/site-packages/airflow/example_dags/example_latest_only.py for tasks to queue
[2024-12-24T07:32:08.231+0000] {logging_mixin.py:190} INFO - [2024-12-24T07:32:08.230+0000] {dagbag.py:588} INFO - Filling up the DagBag from /home/airflow/.local/lib/python3.12/site-packages/airflow/example_dags/example_latest_only.py
[2024-12-24T07:32:08.242+0000] {processor.py:925} INFO - DAG(s) 'latest_only' retrieved from /home/airflow/.local/lib/python3.12/site-packages/airflow/example_dags/example_latest_only.py
[2024-12-24T07:32:08.273+0000] {logging_mixin.py:190} INFO - [2024-12-24T07:32:08.273+0000] {dag.py:3239} INFO - Sync 1 DAGs
[2024-12-24T07:32:08.304+0000] {logging_mixin.py:190} INFO - [2024-12-24T07:32:08.304+0000] {dag.py:4180} INFO - Setting next_dagrun for latest_only to 2024-12-24 00:00:00+00:00, run_after=2024-12-24 04:00:00+00:00
[2024-12-24T07:32:08.336+0000] {processor.py:208} INFO - Processing /home/airflow/.local/lib/python3.12/site-packages/airflow/example_dags/example_latest_only.py took 0.119 seconds
[2024-12-24T07:32:39.021+0000] {processor.py:186} INFO - Started process (PID=534) to work on /home/airflow/.local/lib/python3.12/site-packages/airflow/example_dags/example_latest_only.py
[2024-12-24T07:32:39.025+0000] {processor.py:914} INFO - Processing file /home/airflow/.local/lib/python3.12/site-packages/airflow/example_dags/example_latest_only.py for tasks to queue
[2024-12-24T07:32:39.029+0000] {logging_mixin.py:190} INFO - [2024-12-24T07:32:39.028+0000] {dagbag.py:588} INFO - Filling up the DagBag from /home/airflow/.local/lib/python3.12/site-packages/airflow/example_dags/example_latest_only.py
[2024-12-24T07:32:39.041+0000] {processor.py:925} INFO - DAG(s) 'latest_only' retrieved from /home/airflow/.local/lib/python3.12/site-packages/airflow/example_dags/example_latest_only.py
[2024-12-24T07:32:39.085+0000] {logging_mixin.py:190} INFO - [2024-12-24T07:32:39.084+0000] {dag.py:3239} INFO - Sync 1 DAGs
[2024-12-24T07:32:39.129+0000] {logging_mixin.py:190} INFO - [2024-12-24T07:32:39.128+0000] {dag.py:4180} INFO - Setting next_dagrun for latest_only to 2024-12-24 00:00:00+00:00, run_after=2024-12-24 04:00:00+00:00
[2024-12-24T07:32:39.199+0000] {processor.py:208} INFO - Processing /home/airflow/.local/lib/python3.12/site-packages/airflow/example_dags/example_latest_only.py took 0.190 seconds
[2024-12-24T07:33:09.920+0000] {processor.py:186} INFO - Started process (PID=600) to work on /home/airflow/.local/lib/python3.12/site-packages/airflow/example_dags/example_latest_only.py
[2024-12-24T07:33:09.922+0000] {processor.py:914} INFO - Processing file /home/airflow/.local/lib/python3.12/site-packages/airflow/example_dags/example_latest_only.py for tasks to queue
[2024-12-24T07:33:09.926+0000] {logging_mixin.py:190} INFO - [2024-12-24T07:33:09.926+0000] {dagbag.py:588} INFO - Filling up the DagBag from /home/airflow/.local/lib/python3.12/site-packages/airflow/example_dags/example_latest_only.py
[2024-12-24T07:33:09.939+0000] {processor.py:925} INFO - DAG(s) 'latest_only' retrieved from /home/airflow/.local/lib/python3.12/site-packages/airflow/example_dags/example_latest_only.py
[2024-12-24T07:33:09.971+0000] {logging_mixin.py:190} INFO - [2024-12-24T07:33:09.970+0000] {dag.py:3239} INFO - Sync 1 DAGs
[2024-12-24T07:33:10.002+0000] {logging_mixin.py:190} INFO - [2024-12-24T07:33:10.001+0000] {dag.py:4180} INFO - Setting next_dagrun for latest_only to 2024-12-24 00:00:00+00:00, run_after=2024-12-24 04:00:00+00:00
[2024-12-24T07:33:10.032+0000] {processor.py:208} INFO - Processing /home/airflow/.local/lib/python3.12/site-packages/airflow/example_dags/example_latest_only.py took 0.122 seconds
[2024-12-24T07:33:40.561+0000] {processor.py:186} INFO - Started process (PID=666) to work on /home/airflow/.local/lib/python3.12/site-packages/airflow/example_dags/example_latest_only.py
[2024-12-24T07:33:40.564+0000] {processor.py:914} INFO - Processing file /home/airflow/.local/lib/python3.12/site-packages/airflow/example_dags/example_latest_only.py for tasks to queue
[2024-12-24T07:33:40.572+0000] {logging_mixin.py:190} INFO - [2024-12-24T07:33:40.570+0000] {dagbag.py:588} INFO - Filling up the DagBag from /home/airflow/.local/lib/python3.12/site-packages/airflow/example_dags/example_latest_only.py
[2024-12-24T07:33:40.592+0000] {processor.py:925} INFO - DAG(s) 'latest_only' retrieved from /home/airflow/.local/lib/python3.12/site-packages/airflow/example_dags/example_latest_only.py
[2024-12-24T07:33:40.647+0000] {logging_mixin.py:190} INFO - [2024-12-24T07:33:40.646+0000] {dag.py:3239} INFO - Sync 1 DAGs
[2024-12-24T07:33:40.693+0000] {logging_mixin.py:190} INFO - [2024-12-24T07:33:40.692+0000] {dag.py:4180} INFO - Setting next_dagrun for latest_only to 2024-12-24 00:00:00+00:00, run_after=2024-12-24 04:00:00+00:00
[2024-12-24T07:33:40.735+0000] {processor.py:208} INFO - Processing /home/airflow/.local/lib/python3.12/site-packages/airflow/example_dags/example_latest_only.py took 0.193 seconds
[2024-12-24T07:34:11.735+0000] {processor.py:186} INFO - Started process (PID=732) to work on /home/airflow/.local/lib/python3.12/site-packages/airflow/example_dags/example_latest_only.py
[2024-12-24T07:34:11.737+0000] {processor.py:914} INFO - Processing file /home/airflow/.local/lib/python3.12/site-packages/airflow/example_dags/example_latest_only.py for tasks to queue
[2024-12-24T07:34:11.742+0000] {logging_mixin.py:190} INFO - [2024-12-24T07:34:11.741+0000] {dagbag.py:588} INFO - Filling up the DagBag from /home/airflow/.local/lib/python3.12/site-packages/airflow/example_dags/example_latest_only.py
[2024-12-24T07:34:11.754+0000] {processor.py:925} INFO - DAG(s) 'latest_only' retrieved from /home/airflow/.local/lib/python3.12/site-packages/airflow/example_dags/example_latest_only.py
[2024-12-24T07:34:11.796+0000] {logging_mixin.py:190} INFO - [2024-12-24T07:34:11.795+0000] {dag.py:3239} INFO - Sync 1 DAGs
[2024-12-24T07:34:11.834+0000] {logging_mixin.py:190} INFO - [2024-12-24T07:34:11.834+0000] {dag.py:4180} INFO - Setting next_dagrun for latest_only to 2024-12-24 00:00:00+00:00, run_after=2024-12-24 04:00:00+00:00
[2024-12-24T07:34:11.871+0000] {processor.py:208} INFO - Processing /home/airflow/.local/lib/python3.12/site-packages/airflow/example_dags/example_latest_only.py took 0.144 seconds
[2024-12-24T07:34:42.168+0000] {processor.py:186} INFO - Started process (PID=799) to work on /home/airflow/.local/lib/python3.12/site-packages/airflow/example_dags/example_latest_only.py
[2024-12-24T07:34:42.171+0000] {processor.py:914} INFO - Processing file /home/airflow/.local/lib/python3.12/site-packages/airflow/example_dags/example_latest_only.py for tasks to queue
[2024-12-24T07:34:42.175+0000] {logging_mixin.py:190} INFO - [2024-12-24T07:34:42.175+0000] {dagbag.py:588} INFO - Filling up the DagBag from /home/airflow/.local/lib/python3.12/site-packages/airflow/example_dags/example_latest_only.py
[2024-12-24T07:34:42.189+0000] {processor.py:925} INFO - DAG(s) 'latest_only' retrieved from /home/airflow/.local/lib/python3.12/site-packages/airflow/example_dags/example_latest_only.py
[2024-12-24T07:34:42.226+0000] {logging_mixin.py:190} INFO - [2024-12-24T07:34:42.226+0000] {dag.py:3239} INFO - Sync 1 DAGs
[2024-12-24T07:34:42.270+0000] {logging_mixin.py:190} INFO - [2024-12-24T07:34:42.269+0000] {dag.py:4180} INFO - Setting next_dagrun for latest_only to 2024-12-24 00:00:00+00:00, run_after=2024-12-24 04:00:00+00:00
[2024-12-24T07:34:42.300+0000] {processor.py:208} INFO - Processing /home/airflow/.local/lib/python3.12/site-packages/airflow/example_dags/example_latest_only.py took 0.151 seconds
[2024-12-24T07:35:13.181+0000] {processor.py:186} INFO - Started process (PID=865) to work on /home/airflow/.local/lib/python3.12/site-packages/airflow/example_dags/example_latest_only.py
[2024-12-24T07:35:13.184+0000] {processor.py:914} INFO - Processing file /home/airflow/.local/lib/python3.12/site-packages/airflow/example_dags/example_latest_only.py for tasks to queue
[2024-12-24T07:35:13.191+0000] {logging_mixin.py:190} INFO - [2024-12-24T07:35:13.190+0000] {dagbag.py:588} INFO - Filling up the DagBag from /home/airflow/.local/lib/python3.12/site-packages/airflow/example_dags/example_latest_only.py
[2024-12-24T07:35:13.209+0000] {processor.py:925} INFO - DAG(s) 'latest_only' retrieved from /home/airflow/.local/lib/python3.12/site-packages/airflow/example_dags/example_latest_only.py
[2024-12-24T07:35:13.240+0000] {logging_mixin.py:190} INFO - [2024-12-24T07:35:13.240+0000] {dag.py:3239} INFO - Sync 1 DAGs
[2024-12-24T07:35:13.275+0000] {logging_mixin.py:190} INFO - [2024-12-24T07:35:13.274+0000] {dag.py:4180} INFO - Setting next_dagrun for latest_only to 2024-12-24 00:00:00+00:00, run_after=2024-12-24 04:00:00+00:00
[2024-12-24T07:35:13.415+0000] {processor.py:208} INFO - Processing /home/airflow/.local/lib/python3.12/site-packages/airflow/example_dags/example_latest_only.py took 0.247 seconds
[2024-12-24T07:35:43.549+0000] {processor.py:186} INFO - Started process (PID=931) to work on /home/airflow/.local/lib/python3.12/site-packages/airflow/example_dags/example_latest_only.py
[2024-12-24T07:35:43.552+0000] {processor.py:914} INFO - Processing file /home/airflow/.local/lib/python3.12/site-packages/airflow/example_dags/example_latest_only.py for tasks to queue
[2024-12-24T07:35:43.557+0000] {logging_mixin.py:190} INFO - [2024-12-24T07:35:43.556+0000] {dagbag.py:588} INFO - Filling up the DagBag from /home/airflow/.local/lib/python3.12/site-packages/airflow/example_dags/example_latest_only.py
[2024-12-24T07:35:43.569+0000] {processor.py:925} INFO - DAG(s) 'latest_only' retrieved from /home/airflow/.local/lib/python3.12/site-packages/airflow/example_dags/example_latest_only.py
[2024-12-24T07:35:43.599+0000] {logging_mixin.py:190} INFO - [2024-12-24T07:35:43.598+0000] {dag.py:3239} INFO - Sync 1 DAGs
[2024-12-24T07:35:43.635+0000] {logging_mixin.py:190} INFO - [2024-12-24T07:35:43.635+0000] {dag.py:4180} INFO - Setting next_dagrun for latest_only to 2024-12-24 00:00:00+00:00, run_after=2024-12-24 04:00:00+00:00
[2024-12-24T07:35:43.667+0000] {processor.py:208} INFO - Processing /home/airflow/.local/lib/python3.12/site-packages/airflow/example_dags/example_latest_only.py took 0.125 seconds
[2024-12-24T07:36:14.633+0000] {processor.py:186} INFO - Started process (PID=997) to work on /home/airflow/.local/lib/python3.12/site-packages/airflow/example_dags/example_latest_only.py
[2024-12-24T07:36:14.637+0000] {processor.py:914} INFO - Processing file /home/airflow/.local/lib/python3.12/site-packages/airflow/example_dags/example_latest_only.py for tasks to queue
[2024-12-24T07:36:14.644+0000] {logging_mixin.py:190} INFO - [2024-12-24T07:36:14.643+0000] {dagbag.py:588} INFO - Filling up the DagBag from /home/airflow/.local/lib/python3.12/site-packages/airflow/example_dags/example_latest_only.py
[2024-12-24T07:36:14.670+0000] {processor.py:925} INFO - DAG(s) 'latest_only' retrieved from /home/airflow/.local/lib/python3.12/site-packages/airflow/example_dags/example_latest_only.py
[2024-12-24T07:36:14.716+0000] {logging_mixin.py:190} INFO - [2024-12-24T07:36:14.714+0000] {dag.py:3239} INFO - Sync 1 DAGs
[2024-12-24T07:36:14.765+0000] {logging_mixin.py:190} INFO - [2024-12-24T07:36:14.765+0000] {dag.py:4180} INFO - Setting next_dagrun for latest_only to 2024-12-24 00:00:00+00:00, run_after=2024-12-24 04:00:00+00:00
[2024-12-24T07:36:14.804+0000] {processor.py:208} INFO - Processing /home/airflow/.local/lib/python3.12/site-packages/airflow/example_dags/example_latest_only.py took 0.182 seconds
[2024-12-24T07:36:45.135+0000] {processor.py:186} INFO - Started process (PID=1063) to work on /home/airflow/.local/lib/python3.12/site-packages/airflow/example_dags/example_latest_only.py
[2024-12-24T07:36:45.137+0000] {processor.py:914} INFO - Processing file /home/airflow/.local/lib/python3.12/site-packages/airflow/example_dags/example_latest_only.py for tasks to queue
[2024-12-24T07:36:45.142+0000] {logging_mixin.py:190} INFO - [2024-12-24T07:36:45.141+0000] {dagbag.py:588} INFO - Filling up the DagBag from /home/airflow/.local/lib/python3.12/site-packages/airflow/example_dags/example_latest_only.py
[2024-12-24T07:36:45.155+0000] {processor.py:925} INFO - DAG(s) 'latest_only' retrieved from /home/airflow/.local/lib/python3.12/site-packages/airflow/example_dags/example_latest_only.py
[2024-12-24T07:36:45.202+0000] {logging_mixin.py:190} INFO - [2024-12-24T07:36:45.201+0000] {dag.py:3239} INFO - Sync 1 DAGs
[2024-12-24T07:36:45.266+0000] {logging_mixin.py:190} INFO - [2024-12-24T07:36:45.266+0000] {dag.py:4180} INFO - Setting next_dagrun for latest_only to 2024-12-24 00:00:00+00:00, run_after=2024-12-24 04:00:00+00:00
[2024-12-24T07:36:45.303+0000] {processor.py:208} INFO - Processing /home/airflow/.local/lib/python3.12/site-packages/airflow/example_dags/example_latest_only.py took 0.179 seconds
[2024-12-24T07:37:16.243+0000] {processor.py:186} INFO - Started process (PID=1129) to work on /home/airflow/.local/lib/python3.12/site-packages/airflow/example_dags/example_latest_only.py
[2024-12-24T07:37:16.244+0000] {processor.py:914} INFO - Processing file /home/airflow/.local/lib/python3.12/site-packages/airflow/example_dags/example_latest_only.py for tasks to queue
[2024-12-24T07:37:16.250+0000] {logging_mixin.py:190} INFO - [2024-12-24T07:37:16.249+0000] {dagbag.py:588} INFO - Filling up the DagBag from /home/airflow/.local/lib/python3.12/site-packages/airflow/example_dags/example_latest_only.py
[2024-12-24T07:37:16.263+0000] {processor.py:925} INFO - DAG(s) 'latest_only' retrieved from /home/airflow/.local/lib/python3.12/site-packages/airflow/example_dags/example_latest_only.py
[2024-12-24T07:37:16.294+0000] {logging_mixin.py:190} INFO - [2024-12-24T07:37:16.294+0000] {dag.py:3239} INFO - Sync 1 DAGs
[2024-12-24T07:37:16.327+0000] {logging_mixin.py:190} INFO - [2024-12-24T07:37:16.327+0000] {dag.py:4180} INFO - Setting next_dagrun for latest_only to 2024-12-24 00:00:00+00:00, run_after=2024-12-24 04:00:00+00:00
[2024-12-24T07:37:16.363+0000] {processor.py:208} INFO - Processing /home/airflow/.local/lib/python3.12/site-packages/airflow/example_dags/example_latest_only.py took 0.128 seconds
[2024-12-24T07:37:46.806+0000] {processor.py:186} INFO - Started process (PID=1195) to work on /home/airflow/.local/lib/python3.12/site-packages/airflow/example_dags/example_latest_only.py
[2024-12-24T07:37:46.810+0000] {processor.py:914} INFO - Processing file /home/airflow/.local/lib/python3.12/site-packages/airflow/example_dags/example_latest_only.py for tasks to queue
[2024-12-24T07:37:46.817+0000] {logging_mixin.py:190} INFO - [2024-12-24T07:37:46.816+0000] {dagbag.py:588} INFO - Filling up the DagBag from /home/airflow/.local/lib/python3.12/site-packages/airflow/example_dags/example_latest_only.py
[2024-12-24T07:37:46.833+0000] {processor.py:925} INFO - DAG(s) 'latest_only' retrieved from /home/airflow/.local/lib/python3.12/site-packages/airflow/example_dags/example_latest_only.py
[2024-12-24T07:37:46.876+0000] {logging_mixin.py:190} INFO - [2024-12-24T07:37:46.875+0000] {dag.py:3239} INFO - Sync 1 DAGs
[2024-12-24T07:37:46.926+0000] {logging_mixin.py:190} INFO - [2024-12-24T07:37:46.925+0000] {dag.py:4180} INFO - Setting next_dagrun for latest_only to 2024-12-24 00:00:00+00:00, run_after=2024-12-24 04:00:00+00:00
[2024-12-24T07:37:46.971+0000] {processor.py:208} INFO - Processing /home/airflow/.local/lib/python3.12/site-packages/airflow/example_dags/example_latest_only.py took 0.176 seconds
[2024-12-24T07:38:17.514+0000] {processor.py:186} INFO - Started process (PID=1261) to work on /home/airflow/.local/lib/python3.12/site-packages/airflow/example_dags/example_latest_only.py
[2024-12-24T07:38:17.515+0000] {processor.py:914} INFO - Processing file /home/airflow/.local/lib/python3.12/site-packages/airflow/example_dags/example_latest_only.py for tasks to queue
[2024-12-24T07:38:17.520+0000] {logging_mixin.py:190} INFO - [2024-12-24T07:38:17.519+0000] {dagbag.py:588} INFO - Filling up the DagBag from /home/airflow/.local/lib/python3.12/site-packages/airflow/example_dags/example_latest_only.py
[2024-12-24T07:38:17.535+0000] {processor.py:925} INFO - DAG(s) 'latest_only' retrieved from /home/airflow/.local/lib/python3.12/site-packages/airflow/example_dags/example_latest_only.py
[2024-12-24T07:38:17.581+0000] {logging_mixin.py:190} INFO - [2024-12-24T07:38:17.581+0000] {dag.py:3239} INFO - Sync 1 DAGs
[2024-12-24T07:38:17.632+0000] {logging_mixin.py:190} INFO - [2024-12-24T07:38:17.630+0000] {dag.py:4180} INFO - Setting next_dagrun for latest_only to 2024-12-24 00:00:00+00:00, run_after=2024-12-24 04:00:00+00:00
[2024-12-24T07:38:17.679+0000] {processor.py:208} INFO - Processing /home/airflow/.local/lib/python3.12/site-packages/airflow/example_dags/example_latest_only.py took 0.181 seconds
[2024-12-24T07:38:48.298+0000] {processor.py:186} INFO - Started process (PID=1326) to work on /home/airflow/.local/lib/python3.12/site-packages/airflow/example_dags/example_latest_only.py
[2024-12-24T07:38:48.300+0000] {processor.py:914} INFO - Processing file /home/airflow/.local/lib/python3.12/site-packages/airflow/example_dags/example_latest_only.py for tasks to queue
[2024-12-24T07:38:48.306+0000] {logging_mixin.py:190} INFO - [2024-12-24T07:38:48.305+0000] {dagbag.py:588} INFO - Filling up the DagBag from /home/airflow/.local/lib/python3.12/site-packages/airflow/example_dags/example_latest_only.py
[2024-12-24T07:38:48.320+0000] {processor.py:925} INFO - DAG(s) 'latest_only' retrieved from /home/airflow/.local/lib/python3.12/site-packages/airflow/example_dags/example_latest_only.py
[2024-12-24T07:38:48.359+0000] {logging_mixin.py:190} INFO - [2024-12-24T07:38:48.358+0000] {dag.py:3239} INFO - Sync 1 DAGs
[2024-12-24T07:38:48.394+0000] {logging_mixin.py:190} INFO - [2024-12-24T07:38:48.394+0000] {dag.py:4180} INFO - Setting next_dagrun for latest_only to 2024-12-24 00:00:00+00:00, run_after=2024-12-24 04:00:00+00:00
[2024-12-24T07:38:48.431+0000] {processor.py:208} INFO - Processing /home/airflow/.local/lib/python3.12/site-packages/airflow/example_dags/example_latest_only.py took 0.142 seconds
[2024-12-24T07:39:19.365+0000] {processor.py:186} INFO - Started process (PID=1399) to work on /home/airflow/.local/lib/python3.12/site-packages/airflow/example_dags/example_latest_only.py
[2024-12-24T07:39:19.368+0000] {processor.py:914} INFO - Processing file /home/airflow/.local/lib/python3.12/site-packages/airflow/example_dags/example_latest_only.py for tasks to queue
[2024-12-24T07:39:19.374+0000] {logging_mixin.py:190} INFO - [2024-12-24T07:39:19.374+0000] {dagbag.py:588} INFO - Filling up the DagBag from /home/airflow/.local/lib/python3.12/site-packages/airflow/example_dags/example_latest_only.py
[2024-12-24T07:39:19.396+0000] {processor.py:925} INFO - DAG(s) 'latest_only' retrieved from /home/airflow/.local/lib/python3.12/site-packages/airflow/example_dags/example_latest_only.py
[2024-12-24T07:39:19.448+0000] {logging_mixin.py:190} INFO - [2024-12-24T07:39:19.448+0000] {dag.py:3239} INFO - Sync 1 DAGs
[2024-12-24T07:39:19.512+0000] {logging_mixin.py:190} INFO - [2024-12-24T07:39:19.512+0000] {dag.py:4180} INFO - Setting next_dagrun for latest_only to 2024-12-24 00:00:00+00:00, run_after=2024-12-24 04:00:00+00:00
[2024-12-24T07:39:19.570+0000] {processor.py:208} INFO - Processing /home/airflow/.local/lib/python3.12/site-packages/airflow/example_dags/example_latest_only.py took 0.221 seconds
[2024-12-24T07:39:50.341+0000] {processor.py:186} INFO - Started process (PID=1465) to work on /home/airflow/.local/lib/python3.12/site-packages/airflow/example_dags/example_latest_only.py
[2024-12-24T07:39:50.343+0000] {processor.py:914} INFO - Processing file /home/airflow/.local/lib/python3.12/site-packages/airflow/example_dags/example_latest_only.py for tasks to queue
[2024-12-24T07:39:50.348+0000] {logging_mixin.py:190} INFO - [2024-12-24T07:39:50.347+0000] {dagbag.py:588} INFO - Filling up the DagBag from /home/airflow/.local/lib/python3.12/site-packages/airflow/example_dags/example_latest_only.py
[2024-12-24T07:39:50.370+0000] {processor.py:925} INFO - DAG(s) 'latest_only' retrieved from /home/airflow/.local/lib/python3.12/site-packages/airflow/example_dags/example_latest_only.py
[2024-12-24T07:39:50.427+0000] {logging_mixin.py:190} INFO - [2024-12-24T07:39:50.426+0000] {dag.py:3239} INFO - Sync 1 DAGs
[2024-12-24T07:39:50.485+0000] {logging_mixin.py:190} INFO - [2024-12-24T07:39:50.485+0000] {dag.py:4180} INFO - Setting next_dagrun for latest_only to 2024-12-24 00:00:00+00:00, run_after=2024-12-24 04:00:00+00:00
[2024-12-24T07:39:50.542+0000] {processor.py:208} INFO - Processing /home/airflow/.local/lib/python3.12/site-packages/airflow/example_dags/example_latest_only.py took 0.212 seconds
[2024-12-24T07:40:20.849+0000] {processor.py:186} INFO - Started process (PID=1531) to work on /home/airflow/.local/lib/python3.12/site-packages/airflow/example_dags/example_latest_only.py
[2024-12-24T07:40:20.852+0000] {processor.py:914} INFO - Processing file /home/airflow/.local/lib/python3.12/site-packages/airflow/example_dags/example_latest_only.py for tasks to queue
[2024-12-24T07:40:20.855+0000] {logging_mixin.py:190} INFO - [2024-12-24T07:40:20.854+0000] {dagbag.py:588} INFO - Filling up the DagBag from /home/airflow/.local/lib/python3.12/site-packages/airflow/example_dags/example_latest_only.py
[2024-12-24T07:40:20.866+0000] {processor.py:925} INFO - DAG(s) 'latest_only' retrieved from /home/airflow/.local/lib/python3.12/site-packages/airflow/example_dags/example_latest_only.py
[2024-12-24T07:40:20.904+0000] {logging_mixin.py:190} INFO - [2024-12-24T07:40:20.904+0000] {dag.py:3239} INFO - Sync 1 DAGs
[2024-12-24T07:40:20.936+0000] {logging_mixin.py:190} INFO - [2024-12-24T07:40:20.936+0000] {dag.py:4180} INFO - Setting next_dagrun for latest_only to 2024-12-24 00:00:00+00:00, run_after=2024-12-24 04:00:00+00:00
[2024-12-24T07:40:20.968+0000] {processor.py:208} INFO - Processing /home/airflow/.local/lib/python3.12/site-packages/airflow/example_dags/example_latest_only.py took 0.129 seconds
[2024-12-24T07:40:51.487+0000] {processor.py:186} INFO - Started process (PID=1597) to work on /home/airflow/.local/lib/python3.12/site-packages/airflow/example_dags/example_latest_only.py
[2024-12-24T07:40:51.489+0000] {processor.py:914} INFO - Processing file /home/airflow/.local/lib/python3.12/site-packages/airflow/example_dags/example_latest_only.py for tasks to queue
[2024-12-24T07:40:51.493+0000] {logging_mixin.py:190} INFO - [2024-12-24T07:40:51.492+0000] {dagbag.py:588} INFO - Filling up the DagBag from /home/airflow/.local/lib/python3.12/site-packages/airflow/example_dags/example_latest_only.py
[2024-12-24T07:40:51.516+0000] {processor.py:925} INFO - DAG(s) 'latest_only' retrieved from /home/airflow/.local/lib/python3.12/site-packages/airflow/example_dags/example_latest_only.py
[2024-12-24T07:40:51.567+0000] {logging_mixin.py:190} INFO - [2024-12-24T07:40:51.567+0000] {dag.py:3239} INFO - Sync 1 DAGs
[2024-12-24T07:40:51.617+0000] {logging_mixin.py:190} INFO - [2024-12-24T07:40:51.617+0000] {dag.py:4180} INFO - Setting next_dagrun for latest_only to 2024-12-24 00:00:00+00:00, run_after=2024-12-24 04:00:00+00:00
[2024-12-24T07:40:51.653+0000] {processor.py:208} INFO - Processing /home/airflow/.local/lib/python3.12/site-packages/airflow/example_dags/example_latest_only.py took 0.176 seconds
[2024-12-24T07:41:22.008+0000] {processor.py:186} INFO - Started process (PID=1663) to work on /home/airflow/.local/lib/python3.12/site-packages/airflow/example_dags/example_latest_only.py
[2024-12-24T07:41:22.010+0000] {processor.py:914} INFO - Processing file /home/airflow/.local/lib/python3.12/site-packages/airflow/example_dags/example_latest_only.py for tasks to queue
[2024-12-24T07:41:22.013+0000] {logging_mixin.py:190} INFO - [2024-12-24T07:41:22.013+0000] {dagbag.py:588} INFO - Filling up the DagBag from /home/airflow/.local/lib/python3.12/site-packages/airflow/example_dags/example_latest_only.py
[2024-12-24T07:41:22.032+0000] {processor.py:925} INFO - DAG(s) 'latest_only' retrieved from /home/airflow/.local/lib/python3.12/site-packages/airflow/example_dags/example_latest_only.py
[2024-12-24T07:41:22.075+0000] {logging_mixin.py:190} INFO - [2024-12-24T07:41:22.075+0000] {dag.py:3239} INFO - Sync 1 DAGs
[2024-12-24T07:41:22.146+0000] {logging_mixin.py:190} INFO - [2024-12-24T07:41:22.138+0000] {dag.py:4180} INFO - Setting next_dagrun for latest_only to 2024-12-24 00:00:00+00:00, run_after=2024-12-24 04:00:00+00:00
[2024-12-24T07:41:22.188+0000] {processor.py:208} INFO - Processing /home/airflow/.local/lib/python3.12/site-packages/airflow/example_dags/example_latest_only.py took 0.192 seconds
[2024-12-24T07:41:53.086+0000] {processor.py:186} INFO - Started process (PID=1729) to work on /home/airflow/.local/lib/python3.12/site-packages/airflow/example_dags/example_latest_only.py
[2024-12-24T07:41:53.089+0000] {processor.py:914} INFO - Processing file /home/airflow/.local/lib/python3.12/site-packages/airflow/example_dags/example_latest_only.py for tasks to queue
[2024-12-24T07:41:53.097+0000] {logging_mixin.py:190} INFO - [2024-12-24T07:41:53.096+0000] {dagbag.py:588} INFO - Filling up the DagBag from /home/airflow/.local/lib/python3.12/site-packages/airflow/example_dags/example_latest_only.py
[2024-12-24T07:41:53.124+0000] {processor.py:925} INFO - DAG(s) 'latest_only' retrieved from /home/airflow/.local/lib/python3.12/site-packages/airflow/example_dags/example_latest_only.py
[2024-12-24T07:41:53.190+0000] {logging_mixin.py:190} INFO - [2024-12-24T07:41:53.189+0000] {dag.py:3239} INFO - Sync 1 DAGs
[2024-12-24T07:41:53.241+0000] {logging_mixin.py:190} INFO - [2024-12-24T07:41:53.241+0000] {dag.py:4180} INFO - Setting next_dagrun for latest_only to 2024-12-24 00:00:00+00:00, run_after=2024-12-24 04:00:00+00:00
[2024-12-24T07:41:53.280+0000] {processor.py:208} INFO - Processing /home/airflow/.local/lib/python3.12/site-packages/airflow/example_dags/example_latest_only.py took 0.208 seconds
