[2024-12-24T07:28:55.976+0000] {processor.py:186} INFO - Started process (PID=50) to work on /home/airflow/.local/lib/python3.12/site-packages/airflow/example_dags/example_subdag_operator.py
[2024-12-24T07:28:55.978+0000] {processor.py:914} INFO - Processing file /home/airflow/.local/lib/python3.12/site-packages/airflow/example_dags/example_subdag_operator.py for tasks to queue
[2024-12-24T07:28:55.983+0000] {logging_mixin.py:190} INFO - [2024-12-24T07:28:55.983+0000] {dagbag.py:588} INFO - Filling up the DagBag from /home/airflow/.local/lib/python3.12/site-packages/airflow/example_dags/example_subdag_operator.py
[2024-12-24T07:28:56.044+0000] {processor.py:925} INFO - DAG(s) 'example_subdag_operator.section-1', 'example_subdag_operator.section-2', 'example_subdag_operator' retrieved from /home/airflow/.local/lib/python3.12/site-packages/airflow/example_dags/example_subdag_operator.py
[2024-12-24T07:28:56.259+0000] {logging_mixin.py:190} INFO - [2024-12-24T07:28:56.250+0000] {override.py:1911} INFO - Created Permission View: can read on DAG:example_subdag_operator
[2024-12-24T07:28:56.279+0000] {logging_mixin.py:190} INFO - [2024-12-24T07:28:56.278+0000] {override.py:1911} INFO - Created Permission View: can edit on DAG:example_subdag_operator
[2024-12-24T07:28:56.288+0000] {logging_mixin.py:190} INFO - [2024-12-24T07:28:56.288+0000] {override.py:1911} INFO - Created Permission View: can delete on DAG:example_subdag_operator
[2024-12-24T07:28:56.303+0000] {logging_mixin.py:190} INFO - [2024-12-24T07:28:56.302+0000] {override.py:1911} INFO - Created Permission View: can read on DAG Run:example_subdag_operator
[2024-12-24T07:28:56.321+0000] {logging_mixin.py:190} INFO - [2024-12-24T07:28:56.320+0000] {override.py:1911} INFO - Created Permission View: can create on DAG Run:example_subdag_operator
[2024-12-24T07:28:56.369+0000] {logging_mixin.py:190} INFO - [2024-12-24T07:28:56.368+0000] {override.py:1911} INFO - Created Permission View: can delete on DAG Run:example_subdag_operator
[2024-12-24T07:28:56.386+0000] {logging_mixin.py:190} INFO - [2024-12-24T07:28:56.385+0000] {override.py:1911} INFO - Created Permission View: menu access on DAG Run:example_subdag_operator
[2024-12-24T07:28:56.388+0000] {logging_mixin.py:190} INFO - [2024-12-24T07:28:56.387+0000] {dag.py:3239} INFO - Sync 3 DAGs
[2024-12-24T07:28:56.418+0000] {logging_mixin.py:190} INFO - [2024-12-24T07:28:56.417+0000] {dag.py:3262} INFO - Creating ORM DAG for example_subdag_operator
[2024-12-24T07:28:56.419+0000] {logging_mixin.py:190} INFO - [2024-12-24T07:28:56.419+0000] {dag.py:3262} INFO - Creating ORM DAG for example_subdag_operator.section-1
[2024-12-24T07:28:56.421+0000] {logging_mixin.py:190} INFO - [2024-12-24T07:28:56.421+0000] {dag.py:3262} INFO - Creating ORM DAG for example_subdag_operator.section-2
[2024-12-24T07:28:56.437+0000] {logging_mixin.py:190} INFO - [2024-12-24T07:28:56.436+0000] {dag.py:4180} INFO - Setting next_dagrun for example_subdag_operator to 2022-01-01 00:00:00+00:00, run_after=2022-01-01 00:00:00+00:00
[2024-12-24T07:28:56.439+0000] {logging_mixin.py:190} INFO - [2024-12-24T07:28:56.438+0000] {dag.py:4180} INFO - Setting next_dagrun for example_subdag_operator.section-1 to None, run_after=None
[2024-12-24T07:28:56.440+0000] {logging_mixin.py:190} INFO - [2024-12-24T07:28:56.440+0000] {dag.py:4180} INFO - Setting next_dagrun for example_subdag_operator.section-2 to None, run_after=None
[2024-12-24T07:28:56.457+0000] {logging_mixin.py:190} INFO - [2024-12-24T07:28:56.457+0000] {dag.py:3239} INFO - Sync 2 DAGs
[2024-12-24T07:28:56.470+0000] {logging_mixin.py:190} INFO - [2024-12-24T07:28:56.470+0000] {dag.py:4180} INFO - Setting next_dagrun for example_subdag_operator.section-1 to None, run_after=None
[2024-12-24T07:28:56.477+0000] {logging_mixin.py:190} INFO - [2024-12-24T07:28:56.477+0000] {dag.py:4180} INFO - Setting next_dagrun for example_subdag_operator.section-2 to None, run_after=None
[2024-12-24T07:28:56.514+0000] {processor.py:208} INFO - Processing /home/airflow/.local/lib/python3.12/site-packages/airflow/example_dags/example_subdag_operator.py took 0.546 seconds
[2024-12-24T07:29:26.881+0000] {processor.py:186} INFO - Started process (PID=117) to work on /home/airflow/.local/lib/python3.12/site-packages/airflow/example_dags/example_subdag_operator.py
[2024-12-24T07:29:26.883+0000] {processor.py:914} INFO - Processing file /home/airflow/.local/lib/python3.12/site-packages/airflow/example_dags/example_subdag_operator.py for tasks to queue
[2024-12-24T07:29:26.888+0000] {logging_mixin.py:190} INFO - [2024-12-24T07:29:26.887+0000] {dagbag.py:588} INFO - Filling up the DagBag from /home/airflow/.local/lib/python3.12/site-packages/airflow/example_dags/example_subdag_operator.py
[2024-12-24T07:29:26.932+0000] {processor.py:925} INFO - DAG(s) 'example_subdag_operator.section-1', 'example_subdag_operator.section-2', 'example_subdag_operator' retrieved from /home/airflow/.local/lib/python3.12/site-packages/airflow/example_dags/example_subdag_operator.py
[2024-12-24T07:29:26.957+0000] {logging_mixin.py:190} INFO - [2024-12-24T07:29:26.957+0000] {dag.py:3239} INFO - Sync 3 DAGs
[2024-12-24T07:29:26.991+0000] {logging_mixin.py:190} INFO - [2024-12-24T07:29:26.990+0000] {dag.py:4180} INFO - Setting next_dagrun for example_subdag_operator to 2022-01-01 00:00:00+00:00, run_after=2022-01-01 00:00:00+00:00
[2024-12-24T07:29:26.999+0000] {logging_mixin.py:190} INFO - [2024-12-24T07:29:26.999+0000] {dag.py:4180} INFO - Setting next_dagrun for example_subdag_operator.section-1 to None, run_after=None
[2024-12-24T07:29:27.003+0000] {logging_mixin.py:190} INFO - [2024-12-24T07:29:27.002+0000] {dag.py:4180} INFO - Setting next_dagrun for example_subdag_operator.section-2 to None, run_after=None
[2024-12-24T07:29:27.015+0000] {logging_mixin.py:190} INFO - [2024-12-24T07:29:27.015+0000] {dag.py:3239} INFO - Sync 2 DAGs
[2024-12-24T07:29:27.025+0000] {logging_mixin.py:190} INFO - [2024-12-24T07:29:27.025+0000] {dag.py:4180} INFO - Setting next_dagrun for example_subdag_operator.section-1 to None, run_after=None
[2024-12-24T07:29:27.026+0000] {logging_mixin.py:190} INFO - [2024-12-24T07:29:27.026+0000] {dag.py:4180} INFO - Setting next_dagrun for example_subdag_operator.section-2 to None, run_after=None
[2024-12-24T07:29:27.047+0000] {processor.py:208} INFO - Processing /home/airflow/.local/lib/python3.12/site-packages/airflow/example_dags/example_subdag_operator.py took 0.173 seconds
[2024-12-24T07:29:57.198+0000] {processor.py:186} INFO - Started process (PID=182) to work on /home/airflow/.local/lib/python3.12/site-packages/airflow/example_dags/example_subdag_operator.py
[2024-12-24T07:29:57.199+0000] {processor.py:914} INFO - Processing file /home/airflow/.local/lib/python3.12/site-packages/airflow/example_dags/example_subdag_operator.py for tasks to queue
[2024-12-24T07:29:57.204+0000] {logging_mixin.py:190} INFO - [2024-12-24T07:29:57.203+0000] {dagbag.py:588} INFO - Filling up the DagBag from /home/airflow/.local/lib/python3.12/site-packages/airflow/example_dags/example_subdag_operator.py
[2024-12-24T07:29:57.239+0000] {processor.py:925} INFO - DAG(s) 'example_subdag_operator.section-1', 'example_subdag_operator.section-2', 'example_subdag_operator' retrieved from /home/airflow/.local/lib/python3.12/site-packages/airflow/example_dags/example_subdag_operator.py
[2024-12-24T07:29:57.262+0000] {logging_mixin.py:190} INFO - [2024-12-24T07:29:57.261+0000] {dag.py:3239} INFO - Sync 3 DAGs
[2024-12-24T07:29:57.294+0000] {logging_mixin.py:190} INFO - [2024-12-24T07:29:57.294+0000] {dag.py:4180} INFO - Setting next_dagrun for example_subdag_operator to 2022-01-01 00:00:00+00:00, run_after=2022-01-01 00:00:00+00:00
[2024-12-24T07:29:57.299+0000] {logging_mixin.py:190} INFO - [2024-12-24T07:29:57.298+0000] {dag.py:4180} INFO - Setting next_dagrun for example_subdag_operator.section-1 to None, run_after=None
[2024-12-24T07:29:57.302+0000] {logging_mixin.py:190} INFO - [2024-12-24T07:29:57.301+0000] {dag.py:4180} INFO - Setting next_dagrun for example_subdag_operator.section-2 to None, run_after=None
[2024-12-24T07:29:57.313+0000] {logging_mixin.py:190} INFO - [2024-12-24T07:29:57.313+0000] {dag.py:3239} INFO - Sync 2 DAGs
[2024-12-24T07:29:57.323+0000] {logging_mixin.py:190} INFO - [2024-12-24T07:29:57.323+0000] {dag.py:4180} INFO - Setting next_dagrun for example_subdag_operator.section-1 to None, run_after=None
[2024-12-24T07:29:57.324+0000] {logging_mixin.py:190} INFO - [2024-12-24T07:29:57.324+0000] {dag.py:4180} INFO - Setting next_dagrun for example_subdag_operator.section-2 to None, run_after=None
[2024-12-24T07:29:57.342+0000] {processor.py:208} INFO - Processing /home/airflow/.local/lib/python3.12/site-packages/airflow/example_dags/example_subdag_operator.py took 0.152 seconds
[2024-12-24T07:30:27.825+0000] {processor.py:186} INFO - Started process (PID=248) to work on /home/airflow/.local/lib/python3.12/site-packages/airflow/example_dags/example_subdag_operator.py
[2024-12-24T07:30:27.827+0000] {processor.py:914} INFO - Processing file /home/airflow/.local/lib/python3.12/site-packages/airflow/example_dags/example_subdag_operator.py for tasks to queue
[2024-12-24T07:30:27.831+0000] {logging_mixin.py:190} INFO - [2024-12-24T07:30:27.830+0000] {dagbag.py:588} INFO - Filling up the DagBag from /home/airflow/.local/lib/python3.12/site-packages/airflow/example_dags/example_subdag_operator.py
[2024-12-24T07:30:27.891+0000] {processor.py:925} INFO - DAG(s) 'example_subdag_operator.section-1', 'example_subdag_operator.section-2', 'example_subdag_operator' retrieved from /home/airflow/.local/lib/python3.12/site-packages/airflow/example_dags/example_subdag_operator.py
[2024-12-24T07:30:27.920+0000] {logging_mixin.py:190} INFO - [2024-12-24T07:30:27.919+0000] {dag.py:3239} INFO - Sync 3 DAGs
[2024-12-24T07:30:27.954+0000] {logging_mixin.py:190} INFO - [2024-12-24T07:30:27.953+0000] {dag.py:4180} INFO - Setting next_dagrun for example_subdag_operator to 2022-01-01 00:00:00+00:00, run_after=2022-01-01 00:00:00+00:00
[2024-12-24T07:30:27.959+0000] {logging_mixin.py:190} INFO - [2024-12-24T07:30:27.959+0000] {dag.py:4180} INFO - Setting next_dagrun for example_subdag_operator.section-1 to None, run_after=None
[2024-12-24T07:30:27.965+0000] {logging_mixin.py:190} INFO - [2024-12-24T07:30:27.964+0000] {dag.py:4180} INFO - Setting next_dagrun for example_subdag_operator.section-2 to None, run_after=None
[2024-12-24T07:30:27.979+0000] {logging_mixin.py:190} INFO - [2024-12-24T07:30:27.979+0000] {dag.py:3239} INFO - Sync 2 DAGs
[2024-12-24T07:30:28.012+0000] {logging_mixin.py:190} INFO - [2024-12-24T07:30:28.012+0000] {dag.py:4180} INFO - Setting next_dagrun for example_subdag_operator.section-1 to None, run_after=None
[2024-12-24T07:30:28.013+0000] {logging_mixin.py:190} INFO - [2024-12-24T07:30:28.012+0000] {dag.py:4180} INFO - Setting next_dagrun for example_subdag_operator.section-2 to None, run_after=None
[2024-12-24T07:30:28.038+0000] {processor.py:208} INFO - Processing /home/airflow/.local/lib/python3.12/site-packages/airflow/example_dags/example_subdag_operator.py took 0.221 seconds
[2024-12-24T07:30:58.451+0000] {processor.py:186} INFO - Started process (PID=314) to work on /home/airflow/.local/lib/python3.12/site-packages/airflow/example_dags/example_subdag_operator.py
[2024-12-24T07:30:58.460+0000] {processor.py:914} INFO - Processing file /home/airflow/.local/lib/python3.12/site-packages/airflow/example_dags/example_subdag_operator.py for tasks to queue
[2024-12-24T07:30:58.477+0000] {logging_mixin.py:190} INFO - [2024-12-24T07:30:58.474+0000] {dagbag.py:588} INFO - Filling up the DagBag from /home/airflow/.local/lib/python3.12/site-packages/airflow/example_dags/example_subdag_operator.py
[2024-12-24T07:30:58.600+0000] {processor.py:925} INFO - DAG(s) 'example_subdag_operator.section-1', 'example_subdag_operator.section-2', 'example_subdag_operator' retrieved from /home/airflow/.local/lib/python3.12/site-packages/airflow/example_dags/example_subdag_operator.py
[2024-12-24T07:30:58.639+0000] {logging_mixin.py:190} INFO - [2024-12-24T07:30:58.638+0000] {dag.py:3239} INFO - Sync 3 DAGs
[2024-12-24T07:30:58.689+0000] {logging_mixin.py:190} INFO - [2024-12-24T07:30:58.688+0000] {dag.py:4180} INFO - Setting next_dagrun for example_subdag_operator to 2022-01-01 00:00:00+00:00, run_after=2022-01-01 00:00:00+00:00
[2024-12-24T07:30:58.697+0000] {logging_mixin.py:190} INFO - [2024-12-24T07:30:58.696+0000] {dag.py:4180} INFO - Setting next_dagrun for example_subdag_operator.section-1 to None, run_after=None
[2024-12-24T07:30:58.701+0000] {logging_mixin.py:190} INFO - [2024-12-24T07:30:58.700+0000] {dag.py:4180} INFO - Setting next_dagrun for example_subdag_operator.section-2 to None, run_after=None
[2024-12-24T07:30:58.715+0000] {logging_mixin.py:190} INFO - [2024-12-24T07:30:58.715+0000] {dag.py:3239} INFO - Sync 2 DAGs
[2024-12-24T07:30:58.726+0000] {logging_mixin.py:190} INFO - [2024-12-24T07:30:58.725+0000] {dag.py:4180} INFO - Setting next_dagrun for example_subdag_operator.section-1 to None, run_after=None
[2024-12-24T07:30:58.727+0000] {logging_mixin.py:190} INFO - [2024-12-24T07:30:58.727+0000] {dag.py:4180} INFO - Setting next_dagrun for example_subdag_operator.section-2 to None, run_after=None
[2024-12-24T07:30:58.758+0000] {processor.py:208} INFO - Processing /home/airflow/.local/lib/python3.12/site-packages/airflow/example_dags/example_subdag_operator.py took 0.325 seconds
[2024-12-24T07:31:28.876+0000] {processor.py:186} INFO - Started process (PID=379) to work on /home/airflow/.local/lib/python3.12/site-packages/airflow/example_dags/example_subdag_operator.py
[2024-12-24T07:31:28.878+0000] {processor.py:914} INFO - Processing file /home/airflow/.local/lib/python3.12/site-packages/airflow/example_dags/example_subdag_operator.py for tasks to queue
[2024-12-24T07:31:28.883+0000] {logging_mixin.py:190} INFO - [2024-12-24T07:31:28.883+0000] {dagbag.py:588} INFO - Filling up the DagBag from /home/airflow/.local/lib/python3.12/site-packages/airflow/example_dags/example_subdag_operator.py
[2024-12-24T07:31:28.939+0000] {processor.py:925} INFO - DAG(s) 'example_subdag_operator.section-1', 'example_subdag_operator.section-2', 'example_subdag_operator' retrieved from /home/airflow/.local/lib/python3.12/site-packages/airflow/example_dags/example_subdag_operator.py
[2024-12-24T07:31:28.992+0000] {logging_mixin.py:190} INFO - [2024-12-24T07:31:28.990+0000] {dag.py:3239} INFO - Sync 3 DAGs
[2024-12-24T07:31:29.051+0000] {logging_mixin.py:190} INFO - [2024-12-24T07:31:29.050+0000] {dag.py:4180} INFO - Setting next_dagrun for example_subdag_operator to 2022-01-01 00:00:00+00:00, run_after=2022-01-01 00:00:00+00:00
[2024-12-24T07:31:29.064+0000] {logging_mixin.py:190} INFO - [2024-12-24T07:31:29.064+0000] {dag.py:4180} INFO - Setting next_dagrun for example_subdag_operator.section-1 to None, run_after=None
[2024-12-24T07:31:29.071+0000] {logging_mixin.py:190} INFO - [2024-12-24T07:31:29.070+0000] {dag.py:4180} INFO - Setting next_dagrun for example_subdag_operator.section-2 to None, run_after=None
[2024-12-24T07:31:29.095+0000] {logging_mixin.py:190} INFO - [2024-12-24T07:31:29.095+0000] {dag.py:3239} INFO - Sync 2 DAGs
[2024-12-24T07:31:29.109+0000] {logging_mixin.py:190} INFO - [2024-12-24T07:31:29.108+0000] {dag.py:4180} INFO - Setting next_dagrun for example_subdag_operator.section-1 to None, run_after=None
[2024-12-24T07:31:29.113+0000] {logging_mixin.py:190} INFO - [2024-12-24T07:31:29.112+0000] {dag.py:4180} INFO - Setting next_dagrun for example_subdag_operator.section-2 to None, run_after=None
[2024-12-24T07:31:29.146+0000] {processor.py:208} INFO - Processing /home/airflow/.local/lib/python3.12/site-packages/airflow/example_dags/example_subdag_operator.py took 0.283 seconds
[2024-12-24T07:31:59.397+0000] {processor.py:186} INFO - Started process (PID=444) to work on /home/airflow/.local/lib/python3.12/site-packages/airflow/example_dags/example_subdag_operator.py
[2024-12-24T07:31:59.399+0000] {processor.py:914} INFO - Processing file /home/airflow/.local/lib/python3.12/site-packages/airflow/example_dags/example_subdag_operator.py for tasks to queue
[2024-12-24T07:31:59.405+0000] {logging_mixin.py:190} INFO - [2024-12-24T07:31:59.404+0000] {dagbag.py:588} INFO - Filling up the DagBag from /home/airflow/.local/lib/python3.12/site-packages/airflow/example_dags/example_subdag_operator.py
[2024-12-24T07:31:59.457+0000] {processor.py:925} INFO - DAG(s) 'example_subdag_operator.section-1', 'example_subdag_operator.section-2', 'example_subdag_operator' retrieved from /home/airflow/.local/lib/python3.12/site-packages/airflow/example_dags/example_subdag_operator.py
[2024-12-24T07:31:59.486+0000] {logging_mixin.py:190} INFO - [2024-12-24T07:31:59.485+0000] {dag.py:3239} INFO - Sync 3 DAGs
[2024-12-24T07:31:59.532+0000] {logging_mixin.py:190} INFO - [2024-12-24T07:31:59.531+0000] {dag.py:4180} INFO - Setting next_dagrun for example_subdag_operator to 2022-01-01 00:00:00+00:00, run_after=2022-01-01 00:00:00+00:00
[2024-12-24T07:31:59.540+0000] {logging_mixin.py:190} INFO - [2024-12-24T07:31:59.540+0000] {dag.py:4180} INFO - Setting next_dagrun for example_subdag_operator.section-1 to None, run_after=None
[2024-12-24T07:31:59.543+0000] {logging_mixin.py:190} INFO - [2024-12-24T07:31:59.543+0000] {dag.py:4180} INFO - Setting next_dagrun for example_subdag_operator.section-2 to None, run_after=None
[2024-12-24T07:31:59.566+0000] {logging_mixin.py:190} INFO - [2024-12-24T07:31:59.566+0000] {dag.py:3239} INFO - Sync 2 DAGs
[2024-12-24T07:31:59.580+0000] {logging_mixin.py:190} INFO - [2024-12-24T07:31:59.579+0000] {dag.py:4180} INFO - Setting next_dagrun for example_subdag_operator.section-1 to None, run_after=None
[2024-12-24T07:31:59.582+0000] {logging_mixin.py:190} INFO - [2024-12-24T07:31:59.582+0000] {dag.py:4180} INFO - Setting next_dagrun for example_subdag_operator.section-2 to None, run_after=None
[2024-12-24T07:31:59.619+0000] {processor.py:208} INFO - Processing /home/airflow/.local/lib/python3.12/site-packages/airflow/example_dags/example_subdag_operator.py took 0.231 seconds
[2024-12-24T07:32:29.901+0000] {processor.py:186} INFO - Started process (PID=510) to work on /home/airflow/.local/lib/python3.12/site-packages/airflow/example_dags/example_subdag_operator.py
[2024-12-24T07:32:29.903+0000] {processor.py:914} INFO - Processing file /home/airflow/.local/lib/python3.12/site-packages/airflow/example_dags/example_subdag_operator.py for tasks to queue
[2024-12-24T07:32:29.908+0000] {logging_mixin.py:190} INFO - [2024-12-24T07:32:29.908+0000] {dagbag.py:588} INFO - Filling up the DagBag from /home/airflow/.local/lib/python3.12/site-packages/airflow/example_dags/example_subdag_operator.py
[2024-12-24T07:32:29.952+0000] {processor.py:925} INFO - DAG(s) 'example_subdag_operator.section-1', 'example_subdag_operator.section-2', 'example_subdag_operator' retrieved from /home/airflow/.local/lib/python3.12/site-packages/airflow/example_dags/example_subdag_operator.py
[2024-12-24T07:32:29.980+0000] {logging_mixin.py:190} INFO - [2024-12-24T07:32:29.980+0000] {dag.py:3239} INFO - Sync 3 DAGs
[2024-12-24T07:32:30.026+0000] {logging_mixin.py:190} INFO - [2024-12-24T07:32:30.025+0000] {dag.py:4180} INFO - Setting next_dagrun for example_subdag_operator to 2022-01-01 00:00:00+00:00, run_after=2022-01-01 00:00:00+00:00
[2024-12-24T07:32:30.032+0000] {logging_mixin.py:190} INFO - [2024-12-24T07:32:30.031+0000] {dag.py:4180} INFO - Setting next_dagrun for example_subdag_operator.section-1 to None, run_after=None
[2024-12-24T07:32:30.035+0000] {logging_mixin.py:190} INFO - [2024-12-24T07:32:30.034+0000] {dag.py:4180} INFO - Setting next_dagrun for example_subdag_operator.section-2 to None, run_after=None
[2024-12-24T07:32:30.047+0000] {logging_mixin.py:190} INFO - [2024-12-24T07:32:30.047+0000] {dag.py:3239} INFO - Sync 2 DAGs
[2024-12-24T07:32:30.056+0000] {logging_mixin.py:190} INFO - [2024-12-24T07:32:30.056+0000] {dag.py:4180} INFO - Setting next_dagrun for example_subdag_operator.section-1 to None, run_after=None
[2024-12-24T07:32:30.058+0000] {logging_mixin.py:190} INFO - [2024-12-24T07:32:30.057+0000] {dag.py:4180} INFO - Setting next_dagrun for example_subdag_operator.section-2 to None, run_after=None
[2024-12-24T07:32:30.077+0000] {processor.py:208} INFO - Processing /home/airflow/.local/lib/python3.12/site-packages/airflow/example_dags/example_subdag_operator.py took 0.184 seconds
[2024-12-24T07:33:01.845+0000] {processor.py:186} INFO - Started process (PID=577) to work on /home/airflow/.local/lib/python3.12/site-packages/airflow/example_dags/example_subdag_operator.py
[2024-12-24T07:33:01.847+0000] {processor.py:914} INFO - Processing file /home/airflow/.local/lib/python3.12/site-packages/airflow/example_dags/example_subdag_operator.py for tasks to queue
[2024-12-24T07:33:01.853+0000] {logging_mixin.py:190} INFO - [2024-12-24T07:33:01.852+0000] {dagbag.py:588} INFO - Filling up the DagBag from /home/airflow/.local/lib/python3.12/site-packages/airflow/example_dags/example_subdag_operator.py
[2024-12-24T07:33:01.913+0000] {processor.py:925} INFO - DAG(s) 'example_subdag_operator.section-1', 'example_subdag_operator.section-2', 'example_subdag_operator' retrieved from /home/airflow/.local/lib/python3.12/site-packages/airflow/example_dags/example_subdag_operator.py
[2024-12-24T07:33:01.941+0000] {logging_mixin.py:190} INFO - [2024-12-24T07:33:01.939+0000] {dag.py:3239} INFO - Sync 3 DAGs
[2024-12-24T07:33:01.988+0000] {logging_mixin.py:190} INFO - [2024-12-24T07:33:01.988+0000] {dag.py:4180} INFO - Setting next_dagrun for example_subdag_operator to 2022-01-01 00:00:00+00:00, run_after=2022-01-01 00:00:00+00:00
[2024-12-24T07:33:01.995+0000] {logging_mixin.py:190} INFO - [2024-12-24T07:33:01.995+0000] {dag.py:4180} INFO - Setting next_dagrun for example_subdag_operator.section-1 to None, run_after=None
[2024-12-24T07:33:01.999+0000] {logging_mixin.py:190} INFO - [2024-12-24T07:33:01.999+0000] {dag.py:4180} INFO - Setting next_dagrun for example_subdag_operator.section-2 to None, run_after=None
[2024-12-24T07:33:02.018+0000] {logging_mixin.py:190} INFO - [2024-12-24T07:33:02.017+0000] {dag.py:3239} INFO - Sync 2 DAGs
[2024-12-24T07:33:02.028+0000] {logging_mixin.py:190} INFO - [2024-12-24T07:33:02.028+0000] {dag.py:4180} INFO - Setting next_dagrun for example_subdag_operator.section-1 to None, run_after=None
[2024-12-24T07:33:02.030+0000] {logging_mixin.py:190} INFO - [2024-12-24T07:33:02.029+0000] {dag.py:4180} INFO - Setting next_dagrun for example_subdag_operator.section-2 to None, run_after=None
[2024-12-24T07:33:02.059+0000] {processor.py:208} INFO - Processing /home/airflow/.local/lib/python3.12/site-packages/airflow/example_dags/example_subdag_operator.py took 0.226 seconds
[2024-12-24T07:33:32.583+0000] {processor.py:186} INFO - Started process (PID=643) to work on /home/airflow/.local/lib/python3.12/site-packages/airflow/example_dags/example_subdag_operator.py
[2024-12-24T07:33:32.585+0000] {processor.py:914} INFO - Processing file /home/airflow/.local/lib/python3.12/site-packages/airflow/example_dags/example_subdag_operator.py for tasks to queue
[2024-12-24T07:33:32.592+0000] {logging_mixin.py:190} INFO - [2024-12-24T07:33:32.591+0000] {dagbag.py:588} INFO - Filling up the DagBag from /home/airflow/.local/lib/python3.12/site-packages/airflow/example_dags/example_subdag_operator.py
[2024-12-24T07:33:32.656+0000] {processor.py:925} INFO - DAG(s) 'example_subdag_operator.section-1', 'example_subdag_operator.section-2', 'example_subdag_operator' retrieved from /home/airflow/.local/lib/python3.12/site-packages/airflow/example_dags/example_subdag_operator.py
[2024-12-24T07:33:32.690+0000] {logging_mixin.py:190} INFO - [2024-12-24T07:33:32.689+0000] {dag.py:3239} INFO - Sync 3 DAGs
[2024-12-24T07:33:32.743+0000] {logging_mixin.py:190} INFO - [2024-12-24T07:33:32.743+0000] {dag.py:4180} INFO - Setting next_dagrun for example_subdag_operator to 2022-01-01 00:00:00+00:00, run_after=2022-01-01 00:00:00+00:00
[2024-12-24T07:33:32.751+0000] {logging_mixin.py:190} INFO - [2024-12-24T07:33:32.751+0000] {dag.py:4180} INFO - Setting next_dagrun for example_subdag_operator.section-1 to None, run_after=None
[2024-12-24T07:33:32.756+0000] {logging_mixin.py:190} INFO - [2024-12-24T07:33:32.755+0000] {dag.py:4180} INFO - Setting next_dagrun for example_subdag_operator.section-2 to None, run_after=None
[2024-12-24T07:33:32.771+0000] {logging_mixin.py:190} INFO - [2024-12-24T07:33:32.770+0000] {dag.py:3239} INFO - Sync 2 DAGs
[2024-12-24T07:33:32.785+0000] {logging_mixin.py:190} INFO - [2024-12-24T07:33:32.785+0000] {dag.py:4180} INFO - Setting next_dagrun for example_subdag_operator.section-1 to None, run_after=None
[2024-12-24T07:33:32.786+0000] {logging_mixin.py:190} INFO - [2024-12-24T07:33:32.786+0000] {dag.py:4180} INFO - Setting next_dagrun for example_subdag_operator.section-2 to None, run_after=None
[2024-12-24T07:33:32.813+0000] {processor.py:208} INFO - Processing /home/airflow/.local/lib/python3.12/site-packages/airflow/example_dags/example_subdag_operator.py took 0.244 seconds
[2024-12-24T07:34:03.503+0000] {processor.py:186} INFO - Started process (PID=709) to work on /home/airflow/.local/lib/python3.12/site-packages/airflow/example_dags/example_subdag_operator.py
[2024-12-24T07:34:03.505+0000] {processor.py:914} INFO - Processing file /home/airflow/.local/lib/python3.12/site-packages/airflow/example_dags/example_subdag_operator.py for tasks to queue
[2024-12-24T07:34:03.509+0000] {logging_mixin.py:190} INFO - [2024-12-24T07:34:03.509+0000] {dagbag.py:588} INFO - Filling up the DagBag from /home/airflow/.local/lib/python3.12/site-packages/airflow/example_dags/example_subdag_operator.py
[2024-12-24T07:34:03.563+0000] {processor.py:925} INFO - DAG(s) 'example_subdag_operator.section-1', 'example_subdag_operator.section-2', 'example_subdag_operator' retrieved from /home/airflow/.local/lib/python3.12/site-packages/airflow/example_dags/example_subdag_operator.py
[2024-12-24T07:34:03.589+0000] {logging_mixin.py:190} INFO - [2024-12-24T07:34:03.589+0000] {dag.py:3239} INFO - Sync 3 DAGs
[2024-12-24T07:34:03.636+0000] {logging_mixin.py:190} INFO - [2024-12-24T07:34:03.635+0000] {dag.py:4180} INFO - Setting next_dagrun for example_subdag_operator to 2022-01-01 00:00:00+00:00, run_after=2022-01-01 00:00:00+00:00
[2024-12-24T07:34:03.642+0000] {logging_mixin.py:190} INFO - [2024-12-24T07:34:03.642+0000] {dag.py:4180} INFO - Setting next_dagrun for example_subdag_operator.section-1 to None, run_after=None
[2024-12-24T07:34:03.646+0000] {logging_mixin.py:190} INFO - [2024-12-24T07:34:03.646+0000] {dag.py:4180} INFO - Setting next_dagrun for example_subdag_operator.section-2 to None, run_after=None
[2024-12-24T07:34:03.662+0000] {logging_mixin.py:190} INFO - [2024-12-24T07:34:03.661+0000] {dag.py:3239} INFO - Sync 2 DAGs
[2024-12-24T07:34:03.673+0000] {logging_mixin.py:190} INFO - [2024-12-24T07:34:03.672+0000] {dag.py:4180} INFO - Setting next_dagrun for example_subdag_operator.section-1 to None, run_after=None
[2024-12-24T07:34:03.675+0000] {logging_mixin.py:190} INFO - [2024-12-24T07:34:03.673+0000] {dag.py:4180} INFO - Setting next_dagrun for example_subdag_operator.section-2 to None, run_after=None
[2024-12-24T07:34:03.696+0000] {processor.py:208} INFO - Processing /home/airflow/.local/lib/python3.12/site-packages/airflow/example_dags/example_subdag_operator.py took 0.202 seconds
[2024-12-24T07:34:34.019+0000] {processor.py:186} INFO - Started process (PID=777) to work on /home/airflow/.local/lib/python3.12/site-packages/airflow/example_dags/example_subdag_operator.py
[2024-12-24T07:34:34.021+0000] {processor.py:914} INFO - Processing file /home/airflow/.local/lib/python3.12/site-packages/airflow/example_dags/example_subdag_operator.py for tasks to queue
[2024-12-24T07:34:34.026+0000] {logging_mixin.py:190} INFO - [2024-12-24T07:34:34.025+0000] {dagbag.py:588} INFO - Filling up the DagBag from /home/airflow/.local/lib/python3.12/site-packages/airflow/example_dags/example_subdag_operator.py
[2024-12-24T07:34:34.072+0000] {processor.py:925} INFO - DAG(s) 'example_subdag_operator.section-1', 'example_subdag_operator.section-2', 'example_subdag_operator' retrieved from /home/airflow/.local/lib/python3.12/site-packages/airflow/example_dags/example_subdag_operator.py
[2024-12-24T07:34:34.096+0000] {logging_mixin.py:190} INFO - [2024-12-24T07:34:34.095+0000] {dag.py:3239} INFO - Sync 3 DAGs
[2024-12-24T07:34:34.132+0000] {logging_mixin.py:190} INFO - [2024-12-24T07:34:34.131+0000] {dag.py:4180} INFO - Setting next_dagrun for example_subdag_operator to 2022-01-01 00:00:00+00:00, run_after=2022-01-01 00:00:00+00:00
[2024-12-24T07:34:34.138+0000] {logging_mixin.py:190} INFO - [2024-12-24T07:34:34.138+0000] {dag.py:4180} INFO - Setting next_dagrun for example_subdag_operator.section-1 to None, run_after=None
[2024-12-24T07:34:34.141+0000] {logging_mixin.py:190} INFO - [2024-12-24T07:34:34.141+0000] {dag.py:4180} INFO - Setting next_dagrun for example_subdag_operator.section-2 to None, run_after=None
[2024-12-24T07:34:34.156+0000] {logging_mixin.py:190} INFO - [2024-12-24T07:34:34.156+0000] {dag.py:3239} INFO - Sync 2 DAGs
[2024-12-24T07:34:34.166+0000] {logging_mixin.py:190} INFO - [2024-12-24T07:34:34.166+0000] {dag.py:4180} INFO - Setting next_dagrun for example_subdag_operator.section-1 to None, run_after=None
[2024-12-24T07:34:34.168+0000] {logging_mixin.py:190} INFO - [2024-12-24T07:34:34.167+0000] {dag.py:4180} INFO - Setting next_dagrun for example_subdag_operator.section-2 to None, run_after=None
[2024-12-24T07:34:34.187+0000] {processor.py:208} INFO - Processing /home/airflow/.local/lib/python3.12/site-packages/airflow/example_dags/example_subdag_operator.py took 0.175 seconds
[2024-12-24T07:35:04.963+0000] {processor.py:186} INFO - Started process (PID=842) to work on /home/airflow/.local/lib/python3.12/site-packages/airflow/example_dags/example_subdag_operator.py
[2024-12-24T07:35:04.965+0000] {processor.py:914} INFO - Processing file /home/airflow/.local/lib/python3.12/site-packages/airflow/example_dags/example_subdag_operator.py for tasks to queue
[2024-12-24T07:35:04.970+0000] {logging_mixin.py:190} INFO - [2024-12-24T07:35:04.970+0000] {dagbag.py:588} INFO - Filling up the DagBag from /home/airflow/.local/lib/python3.12/site-packages/airflow/example_dags/example_subdag_operator.py
[2024-12-24T07:35:05.008+0000] {processor.py:925} INFO - DAG(s) 'example_subdag_operator.section-1', 'example_subdag_operator.section-2', 'example_subdag_operator' retrieved from /home/airflow/.local/lib/python3.12/site-packages/airflow/example_dags/example_subdag_operator.py
[2024-12-24T07:35:05.034+0000] {logging_mixin.py:190} INFO - [2024-12-24T07:35:05.033+0000] {dag.py:3239} INFO - Sync 3 DAGs
[2024-12-24T07:35:05.067+0000] {logging_mixin.py:190} INFO - [2024-12-24T07:35:05.066+0000] {dag.py:4180} INFO - Setting next_dagrun for example_subdag_operator to 2022-01-01 00:00:00+00:00, run_after=2022-01-01 00:00:00+00:00
[2024-12-24T07:35:05.076+0000] {logging_mixin.py:190} INFO - [2024-12-24T07:35:05.075+0000] {dag.py:4180} INFO - Setting next_dagrun for example_subdag_operator.section-1 to None, run_after=None
[2024-12-24T07:35:05.078+0000] {logging_mixin.py:190} INFO - [2024-12-24T07:35:05.077+0000] {dag.py:4180} INFO - Setting next_dagrun for example_subdag_operator.section-2 to None, run_after=None
[2024-12-24T07:35:05.087+0000] {logging_mixin.py:190} INFO - [2024-12-24T07:35:05.087+0000] {dag.py:3239} INFO - Sync 2 DAGs
[2024-12-24T07:35:05.097+0000] {logging_mixin.py:190} INFO - [2024-12-24T07:35:05.097+0000] {dag.py:4180} INFO - Setting next_dagrun for example_subdag_operator.section-1 to None, run_after=None
[2024-12-24T07:35:05.098+0000] {logging_mixin.py:190} INFO - [2024-12-24T07:35:05.098+0000] {dag.py:4180} INFO - Setting next_dagrun for example_subdag_operator.section-2 to None, run_after=None
[2024-12-24T07:35:05.121+0000] {processor.py:208} INFO - Processing /home/airflow/.local/lib/python3.12/site-packages/airflow/example_dags/example_subdag_operator.py took 0.168 seconds
[2024-12-24T07:35:35.620+0000] {processor.py:186} INFO - Started process (PID=908) to work on /home/airflow/.local/lib/python3.12/site-packages/airflow/example_dags/example_subdag_operator.py
[2024-12-24T07:35:35.624+0000] {processor.py:914} INFO - Processing file /home/airflow/.local/lib/python3.12/site-packages/airflow/example_dags/example_subdag_operator.py for tasks to queue
[2024-12-24T07:35:35.633+0000] {logging_mixin.py:190} INFO - [2024-12-24T07:35:35.632+0000] {dagbag.py:588} INFO - Filling up the DagBag from /home/airflow/.local/lib/python3.12/site-packages/airflow/example_dags/example_subdag_operator.py
[2024-12-24T07:35:35.702+0000] {processor.py:925} INFO - DAG(s) 'example_subdag_operator.section-1', 'example_subdag_operator.section-2', 'example_subdag_operator' retrieved from /home/airflow/.local/lib/python3.12/site-packages/airflow/example_dags/example_subdag_operator.py
[2024-12-24T07:35:35.760+0000] {logging_mixin.py:190} INFO - [2024-12-24T07:35:35.759+0000] {dag.py:3239} INFO - Sync 3 DAGs
[2024-12-24T07:35:35.821+0000] {logging_mixin.py:190} INFO - [2024-12-24T07:35:35.820+0000] {dag.py:4180} INFO - Setting next_dagrun for example_subdag_operator to 2022-01-01 00:00:00+00:00, run_after=2022-01-01 00:00:00+00:00
[2024-12-24T07:35:35.827+0000] {logging_mixin.py:190} INFO - [2024-12-24T07:35:35.826+0000] {dag.py:4180} INFO - Setting next_dagrun for example_subdag_operator.section-1 to None, run_after=None
[2024-12-24T07:35:35.830+0000] {logging_mixin.py:190} INFO - [2024-12-24T07:35:35.830+0000] {dag.py:4180} INFO - Setting next_dagrun for example_subdag_operator.section-2 to None, run_after=None
[2024-12-24T07:35:35.841+0000] {logging_mixin.py:190} INFO - [2024-12-24T07:35:35.841+0000] {dag.py:3239} INFO - Sync 2 DAGs
[2024-12-24T07:35:35.850+0000] {logging_mixin.py:190} INFO - [2024-12-24T07:35:35.850+0000] {dag.py:4180} INFO - Setting next_dagrun for example_subdag_operator.section-1 to None, run_after=None
[2024-12-24T07:35:35.852+0000] {logging_mixin.py:190} INFO - [2024-12-24T07:35:35.851+0000] {dag.py:4180} INFO - Setting next_dagrun for example_subdag_operator.section-2 to None, run_after=None
[2024-12-24T07:35:35.872+0000] {processor.py:208} INFO - Processing /home/airflow/.local/lib/python3.12/site-packages/airflow/example_dags/example_subdag_operator.py took 0.272 seconds
[2024-12-24T07:36:06.649+0000] {processor.py:186} INFO - Started process (PID=974) to work on /home/airflow/.local/lib/python3.12/site-packages/airflow/example_dags/example_subdag_operator.py
[2024-12-24T07:36:06.650+0000] {processor.py:914} INFO - Processing file /home/airflow/.local/lib/python3.12/site-packages/airflow/example_dags/example_subdag_operator.py for tasks to queue
[2024-12-24T07:36:06.654+0000] {logging_mixin.py:190} INFO - [2024-12-24T07:36:06.653+0000] {dagbag.py:588} INFO - Filling up the DagBag from /home/airflow/.local/lib/python3.12/site-packages/airflow/example_dags/example_subdag_operator.py
[2024-12-24T07:36:06.701+0000] {processor.py:925} INFO - DAG(s) 'example_subdag_operator.section-1', 'example_subdag_operator.section-2', 'example_subdag_operator' retrieved from /home/airflow/.local/lib/python3.12/site-packages/airflow/example_dags/example_subdag_operator.py
[2024-12-24T07:36:06.729+0000] {logging_mixin.py:190} INFO - [2024-12-24T07:36:06.729+0000] {dag.py:3239} INFO - Sync 3 DAGs
[2024-12-24T07:36:06.775+0000] {logging_mixin.py:190} INFO - [2024-12-24T07:36:06.774+0000] {dag.py:4180} INFO - Setting next_dagrun for example_subdag_operator to 2022-01-01 00:00:00+00:00, run_after=2022-01-01 00:00:00+00:00
[2024-12-24T07:36:06.782+0000] {logging_mixin.py:190} INFO - [2024-12-24T07:36:06.782+0000] {dag.py:4180} INFO - Setting next_dagrun for example_subdag_operator.section-1 to None, run_after=None
[2024-12-24T07:36:06.786+0000] {logging_mixin.py:190} INFO - [2024-12-24T07:36:06.786+0000] {dag.py:4180} INFO - Setting next_dagrun for example_subdag_operator.section-2 to None, run_after=None
[2024-12-24T07:36:06.800+0000] {logging_mixin.py:190} INFO - [2024-12-24T07:36:06.800+0000] {dag.py:3239} INFO - Sync 2 DAGs
[2024-12-24T07:36:06.810+0000] {logging_mixin.py:190} INFO - [2024-12-24T07:36:06.810+0000] {dag.py:4180} INFO - Setting next_dagrun for example_subdag_operator.section-1 to None, run_after=None
[2024-12-24T07:36:06.812+0000] {logging_mixin.py:190} INFO - [2024-12-24T07:36:06.811+0000] {dag.py:4180} INFO - Setting next_dagrun for example_subdag_operator.section-2 to None, run_after=None
[2024-12-24T07:36:06.830+0000] {processor.py:208} INFO - Processing /home/airflow/.local/lib/python3.12/site-packages/airflow/example_dags/example_subdag_operator.py took 0.190 seconds
[2024-12-24T07:36:37.617+0000] {processor.py:186} INFO - Started process (PID=1040) to work on /home/airflow/.local/lib/python3.12/site-packages/airflow/example_dags/example_subdag_operator.py
[2024-12-24T07:36:37.619+0000] {processor.py:914} INFO - Processing file /home/airflow/.local/lib/python3.12/site-packages/airflow/example_dags/example_subdag_operator.py for tasks to queue
[2024-12-24T07:36:37.624+0000] {logging_mixin.py:190} INFO - [2024-12-24T07:36:37.623+0000] {dagbag.py:588} INFO - Filling up the DagBag from /home/airflow/.local/lib/python3.12/site-packages/airflow/example_dags/example_subdag_operator.py
[2024-12-24T07:36:37.691+0000] {processor.py:925} INFO - DAG(s) 'example_subdag_operator.section-1', 'example_subdag_operator.section-2', 'example_subdag_operator' retrieved from /home/airflow/.local/lib/python3.12/site-packages/airflow/example_dags/example_subdag_operator.py
[2024-12-24T07:36:37.719+0000] {logging_mixin.py:190} INFO - [2024-12-24T07:36:37.718+0000] {dag.py:3239} INFO - Sync 3 DAGs
[2024-12-24T07:36:37.765+0000] {logging_mixin.py:190} INFO - [2024-12-24T07:36:37.765+0000] {dag.py:4180} INFO - Setting next_dagrun for example_subdag_operator to 2022-01-01 00:00:00+00:00, run_after=2022-01-01 00:00:00+00:00
[2024-12-24T07:36:37.772+0000] {logging_mixin.py:190} INFO - [2024-12-24T07:36:37.772+0000] {dag.py:4180} INFO - Setting next_dagrun for example_subdag_operator.section-1 to None, run_after=None
[2024-12-24T07:36:37.775+0000] {logging_mixin.py:190} INFO - [2024-12-24T07:36:37.775+0000] {dag.py:4180} INFO - Setting next_dagrun for example_subdag_operator.section-2 to None, run_after=None
[2024-12-24T07:36:37.790+0000] {logging_mixin.py:190} INFO - [2024-12-24T07:36:37.790+0000] {dag.py:3239} INFO - Sync 2 DAGs
[2024-12-24T07:36:37.799+0000] {logging_mixin.py:190} INFO - [2024-12-24T07:36:37.799+0000] {dag.py:4180} INFO - Setting next_dagrun for example_subdag_operator.section-1 to None, run_after=None
[2024-12-24T07:36:37.801+0000] {logging_mixin.py:190} INFO - [2024-12-24T07:36:37.800+0000] {dag.py:4180} INFO - Setting next_dagrun for example_subdag_operator.section-2 to None, run_after=None
[2024-12-24T07:36:37.829+0000] {processor.py:208} INFO - Processing /home/airflow/.local/lib/python3.12/site-packages/airflow/example_dags/example_subdag_operator.py took 0.221 seconds
[2024-12-24T07:37:08.140+0000] {processor.py:186} INFO - Started process (PID=1106) to work on /home/airflow/.local/lib/python3.12/site-packages/airflow/example_dags/example_subdag_operator.py
[2024-12-24T07:37:08.142+0000] {processor.py:914} INFO - Processing file /home/airflow/.local/lib/python3.12/site-packages/airflow/example_dags/example_subdag_operator.py for tasks to queue
[2024-12-24T07:37:08.146+0000] {logging_mixin.py:190} INFO - [2024-12-24T07:37:08.146+0000] {dagbag.py:588} INFO - Filling up the DagBag from /home/airflow/.local/lib/python3.12/site-packages/airflow/example_dags/example_subdag_operator.py
[2024-12-24T07:37:08.188+0000] {processor.py:925} INFO - DAG(s) 'example_subdag_operator.section-1', 'example_subdag_operator.section-2', 'example_subdag_operator' retrieved from /home/airflow/.local/lib/python3.12/site-packages/airflow/example_dags/example_subdag_operator.py
[2024-12-24T07:37:08.213+0000] {logging_mixin.py:190} INFO - [2024-12-24T07:37:08.213+0000] {dag.py:3239} INFO - Sync 3 DAGs
[2024-12-24T07:37:08.245+0000] {logging_mixin.py:190} INFO - [2024-12-24T07:37:08.245+0000] {dag.py:4180} INFO - Setting next_dagrun for example_subdag_operator to 2022-01-01 00:00:00+00:00, run_after=2022-01-01 00:00:00+00:00
[2024-12-24T07:37:08.253+0000] {logging_mixin.py:190} INFO - [2024-12-24T07:37:08.252+0000] {dag.py:4180} INFO - Setting next_dagrun for example_subdag_operator.section-1 to None, run_after=None
[2024-12-24T07:37:08.256+0000] {logging_mixin.py:190} INFO - [2024-12-24T07:37:08.255+0000] {dag.py:4180} INFO - Setting next_dagrun for example_subdag_operator.section-2 to None, run_after=None
[2024-12-24T07:37:08.268+0000] {logging_mixin.py:190} INFO - [2024-12-24T07:37:08.267+0000] {dag.py:3239} INFO - Sync 2 DAGs
[2024-12-24T07:37:08.277+0000] {logging_mixin.py:190} INFO - [2024-12-24T07:37:08.276+0000] {dag.py:4180} INFO - Setting next_dagrun for example_subdag_operator.section-1 to None, run_after=None
[2024-12-24T07:37:08.278+0000] {logging_mixin.py:190} INFO - [2024-12-24T07:37:08.278+0000] {dag.py:4180} INFO - Setting next_dagrun for example_subdag_operator.section-2 to None, run_after=None
[2024-12-24T07:37:08.296+0000] {processor.py:208} INFO - Processing /home/airflow/.local/lib/python3.12/site-packages/airflow/example_dags/example_subdag_operator.py took 0.164 seconds
[2024-12-24T07:37:38.649+0000] {processor.py:186} INFO - Started process (PID=1172) to work on /home/airflow/.local/lib/python3.12/site-packages/airflow/example_dags/example_subdag_operator.py
[2024-12-24T07:37:38.651+0000] {processor.py:914} INFO - Processing file /home/airflow/.local/lib/python3.12/site-packages/airflow/example_dags/example_subdag_operator.py for tasks to queue
[2024-12-24T07:37:38.656+0000] {logging_mixin.py:190} INFO - [2024-12-24T07:37:38.656+0000] {dagbag.py:588} INFO - Filling up the DagBag from /home/airflow/.local/lib/python3.12/site-packages/airflow/example_dags/example_subdag_operator.py
[2024-12-24T07:37:38.707+0000] {processor.py:925} INFO - DAG(s) 'example_subdag_operator.section-1', 'example_subdag_operator.section-2', 'example_subdag_operator' retrieved from /home/airflow/.local/lib/python3.12/site-packages/airflow/example_dags/example_subdag_operator.py
[2024-12-24T07:37:38.748+0000] {logging_mixin.py:190} INFO - [2024-12-24T07:37:38.747+0000] {dag.py:3239} INFO - Sync 3 DAGs
[2024-12-24T07:37:38.795+0000] {logging_mixin.py:190} INFO - [2024-12-24T07:37:38.795+0000] {dag.py:4180} INFO - Setting next_dagrun for example_subdag_operator to 2022-01-01 00:00:00+00:00, run_after=2022-01-01 00:00:00+00:00
[2024-12-24T07:37:38.801+0000] {logging_mixin.py:190} INFO - [2024-12-24T07:37:38.801+0000] {dag.py:4180} INFO - Setting next_dagrun for example_subdag_operator.section-1 to None, run_after=None
[2024-12-24T07:37:38.804+0000] {logging_mixin.py:190} INFO - [2024-12-24T07:37:38.804+0000] {dag.py:4180} INFO - Setting next_dagrun for example_subdag_operator.section-2 to None, run_after=None
[2024-12-24T07:37:38.819+0000] {logging_mixin.py:190} INFO - [2024-12-24T07:37:38.819+0000] {dag.py:3239} INFO - Sync 2 DAGs
[2024-12-24T07:37:38.833+0000] {logging_mixin.py:190} INFO - [2024-12-24T07:37:38.833+0000] {dag.py:4180} INFO - Setting next_dagrun for example_subdag_operator.section-1 to None, run_after=None
[2024-12-24T07:37:38.834+0000] {logging_mixin.py:190} INFO - [2024-12-24T07:37:38.834+0000] {dag.py:4180} INFO - Setting next_dagrun for example_subdag_operator.section-2 to None, run_after=None
[2024-12-24T07:37:38.854+0000] {processor.py:208} INFO - Processing /home/airflow/.local/lib/python3.12/site-packages/airflow/example_dags/example_subdag_operator.py took 0.215 seconds
[2024-12-24T07:38:09.174+0000] {processor.py:186} INFO - Started process (PID=1238) to work on /home/airflow/.local/lib/python3.12/site-packages/airflow/example_dags/example_subdag_operator.py
[2024-12-24T07:38:09.177+0000] {processor.py:914} INFO - Processing file /home/airflow/.local/lib/python3.12/site-packages/airflow/example_dags/example_subdag_operator.py for tasks to queue
[2024-12-24T07:38:09.183+0000] {logging_mixin.py:190} INFO - [2024-12-24T07:38:09.182+0000] {dagbag.py:588} INFO - Filling up the DagBag from /home/airflow/.local/lib/python3.12/site-packages/airflow/example_dags/example_subdag_operator.py
[2024-12-24T07:38:09.234+0000] {processor.py:925} INFO - DAG(s) 'example_subdag_operator.section-1', 'example_subdag_operator.section-2', 'example_subdag_operator' retrieved from /home/airflow/.local/lib/python3.12/site-packages/airflow/example_dags/example_subdag_operator.py
[2024-12-24T07:38:09.261+0000] {logging_mixin.py:190} INFO - [2024-12-24T07:38:09.260+0000] {dag.py:3239} INFO - Sync 3 DAGs
[2024-12-24T07:38:09.299+0000] {logging_mixin.py:190} INFO - [2024-12-24T07:38:09.298+0000] {dag.py:4180} INFO - Setting next_dagrun for example_subdag_operator to 2022-01-01 00:00:00+00:00, run_after=2022-01-01 00:00:00+00:00
[2024-12-24T07:38:09.306+0000] {logging_mixin.py:190} INFO - [2024-12-24T07:38:09.306+0000] {dag.py:4180} INFO - Setting next_dagrun for example_subdag_operator.section-1 to None, run_after=None
[2024-12-24T07:38:09.310+0000] {logging_mixin.py:190} INFO - [2024-12-24T07:38:09.309+0000] {dag.py:4180} INFO - Setting next_dagrun for example_subdag_operator.section-2 to None, run_after=None
[2024-12-24T07:38:09.323+0000] {logging_mixin.py:190} INFO - [2024-12-24T07:38:09.322+0000] {dag.py:3239} INFO - Sync 2 DAGs
[2024-12-24T07:38:09.332+0000] {logging_mixin.py:190} INFO - [2024-12-24T07:38:09.332+0000] {dag.py:4180} INFO - Setting next_dagrun for example_subdag_operator.section-1 to None, run_after=None
[2024-12-24T07:38:09.333+0000] {logging_mixin.py:190} INFO - [2024-12-24T07:38:09.333+0000] {dag.py:4180} INFO - Setting next_dagrun for example_subdag_operator.section-2 to None, run_after=None
[2024-12-24T07:38:09.356+0000] {processor.py:208} INFO - Processing /home/airflow/.local/lib/python3.12/site-packages/airflow/example_dags/example_subdag_operator.py took 0.193 seconds
[2024-12-24T07:38:40.434+0000] {processor.py:186} INFO - Started process (PID=1303) to work on /home/airflow/.local/lib/python3.12/site-packages/airflow/example_dags/example_subdag_operator.py
[2024-12-24T07:38:40.435+0000] {processor.py:914} INFO - Processing file /home/airflow/.local/lib/python3.12/site-packages/airflow/example_dags/example_subdag_operator.py for tasks to queue
[2024-12-24T07:38:40.439+0000] {logging_mixin.py:190} INFO - [2024-12-24T07:38:40.439+0000] {dagbag.py:588} INFO - Filling up the DagBag from /home/airflow/.local/lib/python3.12/site-packages/airflow/example_dags/example_subdag_operator.py
[2024-12-24T07:38:40.485+0000] {processor.py:925} INFO - DAG(s) 'example_subdag_operator.section-1', 'example_subdag_operator.section-2', 'example_subdag_operator' retrieved from /home/airflow/.local/lib/python3.12/site-packages/airflow/example_dags/example_subdag_operator.py
[2024-12-24T07:38:40.506+0000] {logging_mixin.py:190} INFO - [2024-12-24T07:38:40.505+0000] {dag.py:3239} INFO - Sync 3 DAGs
[2024-12-24T07:38:40.545+0000] {logging_mixin.py:190} INFO - [2024-12-24T07:38:40.544+0000] {dag.py:4180} INFO - Setting next_dagrun for example_subdag_operator to 2022-01-01 00:00:00+00:00, run_after=2022-01-01 00:00:00+00:00
[2024-12-24T07:38:40.552+0000] {logging_mixin.py:190} INFO - [2024-12-24T07:38:40.552+0000] {dag.py:4180} INFO - Setting next_dagrun for example_subdag_operator.section-1 to None, run_after=None
[2024-12-24T07:38:40.556+0000] {logging_mixin.py:190} INFO - [2024-12-24T07:38:40.555+0000] {dag.py:4180} INFO - Setting next_dagrun for example_subdag_operator.section-2 to None, run_after=None
[2024-12-24T07:38:40.576+0000] {logging_mixin.py:190} INFO - [2024-12-24T07:38:40.575+0000] {dag.py:3239} INFO - Sync 2 DAGs
[2024-12-24T07:38:40.588+0000] {logging_mixin.py:190} INFO - [2024-12-24T07:38:40.587+0000] {dag.py:4180} INFO - Setting next_dagrun for example_subdag_operator.section-1 to None, run_after=None
[2024-12-24T07:38:40.590+0000] {logging_mixin.py:190} INFO - [2024-12-24T07:38:40.589+0000] {dag.py:4180} INFO - Setting next_dagrun for example_subdag_operator.section-2 to None, run_after=None
[2024-12-24T07:38:40.604+0000] {processor.py:208} INFO - Processing /home/airflow/.local/lib/python3.12/site-packages/airflow/example_dags/example_subdag_operator.py took 0.186 seconds
[2024-12-24T07:39:10.849+0000] {processor.py:186} INFO - Started process (PID=1369) to work on /home/airflow/.local/lib/python3.12/site-packages/airflow/example_dags/example_subdag_operator.py
[2024-12-24T07:39:10.851+0000] {processor.py:914} INFO - Processing file /home/airflow/.local/lib/python3.12/site-packages/airflow/example_dags/example_subdag_operator.py for tasks to queue
[2024-12-24T07:39:10.859+0000] {logging_mixin.py:190} INFO - [2024-12-24T07:39:10.859+0000] {dagbag.py:588} INFO - Filling up the DagBag from /home/airflow/.local/lib/python3.12/site-packages/airflow/example_dags/example_subdag_operator.py
[2024-12-24T07:39:10.910+0000] {processor.py:925} INFO - DAG(s) 'example_subdag_operator.section-1', 'example_subdag_operator.section-2', 'example_subdag_operator' retrieved from /home/airflow/.local/lib/python3.12/site-packages/airflow/example_dags/example_subdag_operator.py
[2024-12-24T07:39:10.935+0000] {logging_mixin.py:190} INFO - [2024-12-24T07:39:10.934+0000] {dag.py:3239} INFO - Sync 3 DAGs
[2024-12-24T07:39:10.985+0000] {logging_mixin.py:190} INFO - [2024-12-24T07:39:10.984+0000] {dag.py:4180} INFO - Setting next_dagrun for example_subdag_operator to 2022-01-01 00:00:00+00:00, run_after=2022-01-01 00:00:00+00:00
[2024-12-24T07:39:10.992+0000] {logging_mixin.py:190} INFO - [2024-12-24T07:39:10.992+0000] {dag.py:4180} INFO - Setting next_dagrun for example_subdag_operator.section-1 to None, run_after=None
[2024-12-24T07:39:10.995+0000] {logging_mixin.py:190} INFO - [2024-12-24T07:39:10.995+0000] {dag.py:4180} INFO - Setting next_dagrun for example_subdag_operator.section-2 to None, run_after=None
[2024-12-24T07:39:11.007+0000] {logging_mixin.py:190} INFO - [2024-12-24T07:39:11.007+0000] {dag.py:3239} INFO - Sync 2 DAGs
[2024-12-24T07:39:11.015+0000] {logging_mixin.py:190} INFO - [2024-12-24T07:39:11.015+0000] {dag.py:4180} INFO - Setting next_dagrun for example_subdag_operator.section-1 to None, run_after=None
[2024-12-24T07:39:11.016+0000] {logging_mixin.py:190} INFO - [2024-12-24T07:39:11.016+0000] {dag.py:4180} INFO - Setting next_dagrun for example_subdag_operator.section-2 to None, run_after=None
[2024-12-24T07:39:11.040+0000] {processor.py:208} INFO - Processing /home/airflow/.local/lib/python3.12/site-packages/airflow/example_dags/example_subdag_operator.py took 0.201 seconds
[2024-12-24T07:39:41.457+0000] {processor.py:186} INFO - Started process (PID=1435) to work on /home/airflow/.local/lib/python3.12/site-packages/airflow/example_dags/example_subdag_operator.py
[2024-12-24T07:39:41.458+0000] {processor.py:914} INFO - Processing file /home/airflow/.local/lib/python3.12/site-packages/airflow/example_dags/example_subdag_operator.py for tasks to queue
[2024-12-24T07:39:41.462+0000] {logging_mixin.py:190} INFO - [2024-12-24T07:39:41.461+0000] {dagbag.py:588} INFO - Filling up the DagBag from /home/airflow/.local/lib/python3.12/site-packages/airflow/example_dags/example_subdag_operator.py
[2024-12-24T07:39:41.503+0000] {processor.py:925} INFO - DAG(s) 'example_subdag_operator.section-1', 'example_subdag_operator.section-2', 'example_subdag_operator' retrieved from /home/airflow/.local/lib/python3.12/site-packages/airflow/example_dags/example_subdag_operator.py
[2024-12-24T07:39:41.525+0000] {logging_mixin.py:190} INFO - [2024-12-24T07:39:41.524+0000] {dag.py:3239} INFO - Sync 3 DAGs
[2024-12-24T07:39:41.556+0000] {logging_mixin.py:190} INFO - [2024-12-24T07:39:41.556+0000] {dag.py:4180} INFO - Setting next_dagrun for example_subdag_operator to 2022-01-01 00:00:00+00:00, run_after=2022-01-01 00:00:00+00:00
[2024-12-24T07:39:41.561+0000] {logging_mixin.py:190} INFO - [2024-12-24T07:39:41.561+0000] {dag.py:4180} INFO - Setting next_dagrun for example_subdag_operator.section-1 to None, run_after=None
[2024-12-24T07:39:41.565+0000] {logging_mixin.py:190} INFO - [2024-12-24T07:39:41.565+0000] {dag.py:4180} INFO - Setting next_dagrun for example_subdag_operator.section-2 to None, run_after=None
[2024-12-24T07:39:41.577+0000] {logging_mixin.py:190} INFO - [2024-12-24T07:39:41.576+0000] {dag.py:3239} INFO - Sync 2 DAGs
[2024-12-24T07:39:41.584+0000] {logging_mixin.py:190} INFO - [2024-12-24T07:39:41.584+0000] {dag.py:4180} INFO - Setting next_dagrun for example_subdag_operator.section-1 to None, run_after=None
[2024-12-24T07:39:41.585+0000] {logging_mixin.py:190} INFO - [2024-12-24T07:39:41.585+0000] {dag.py:4180} INFO - Setting next_dagrun for example_subdag_operator.section-2 to None, run_after=None
[2024-12-24T07:39:41.601+0000] {processor.py:208} INFO - Processing /home/airflow/.local/lib/python3.12/site-packages/airflow/example_dags/example_subdag_operator.py took 0.152 seconds
[2024-12-24T07:40:11.888+0000] {processor.py:186} INFO - Started process (PID=1501) to work on /home/airflow/.local/lib/python3.12/site-packages/airflow/example_dags/example_subdag_operator.py
[2024-12-24T07:40:11.890+0000] {processor.py:914} INFO - Processing file /home/airflow/.local/lib/python3.12/site-packages/airflow/example_dags/example_subdag_operator.py for tasks to queue
[2024-12-24T07:40:11.893+0000] {logging_mixin.py:190} INFO - [2024-12-24T07:40:11.893+0000] {dagbag.py:588} INFO - Filling up the DagBag from /home/airflow/.local/lib/python3.12/site-packages/airflow/example_dags/example_subdag_operator.py
[2024-12-24T07:40:11.931+0000] {processor.py:925} INFO - DAG(s) 'example_subdag_operator.section-1', 'example_subdag_operator.section-2', 'example_subdag_operator' retrieved from /home/airflow/.local/lib/python3.12/site-packages/airflow/example_dags/example_subdag_operator.py
[2024-12-24T07:40:11.956+0000] {logging_mixin.py:190} INFO - [2024-12-24T07:40:11.955+0000] {dag.py:3239} INFO - Sync 3 DAGs
[2024-12-24T07:40:11.990+0000] {logging_mixin.py:190} INFO - [2024-12-24T07:40:11.990+0000] {dag.py:4180} INFO - Setting next_dagrun for example_subdag_operator to 2022-01-01 00:00:00+00:00, run_after=2022-01-01 00:00:00+00:00
[2024-12-24T07:40:11.996+0000] {logging_mixin.py:190} INFO - [2024-12-24T07:40:11.995+0000] {dag.py:4180} INFO - Setting next_dagrun for example_subdag_operator.section-1 to None, run_after=None
[2024-12-24T07:40:11.999+0000] {logging_mixin.py:190} INFO - [2024-12-24T07:40:11.998+0000] {dag.py:4180} INFO - Setting next_dagrun for example_subdag_operator.section-2 to None, run_after=None
[2024-12-24T07:40:12.009+0000] {logging_mixin.py:190} INFO - [2024-12-24T07:40:12.009+0000] {dag.py:3239} INFO - Sync 2 DAGs
[2024-12-24T07:40:12.018+0000] {logging_mixin.py:190} INFO - [2024-12-24T07:40:12.018+0000] {dag.py:4180} INFO - Setting next_dagrun for example_subdag_operator.section-1 to None, run_after=None
[2024-12-24T07:40:12.019+0000] {logging_mixin.py:190} INFO - [2024-12-24T07:40:12.019+0000] {dag.py:4180} INFO - Setting next_dagrun for example_subdag_operator.section-2 to None, run_after=None
[2024-12-24T07:40:12.036+0000] {processor.py:208} INFO - Processing /home/airflow/.local/lib/python3.12/site-packages/airflow/example_dags/example_subdag_operator.py took 0.156 seconds
[2024-12-24T07:40:42.775+0000] {processor.py:186} INFO - Started process (PID=1567) to work on /home/airflow/.local/lib/python3.12/site-packages/airflow/example_dags/example_subdag_operator.py
[2024-12-24T07:40:42.777+0000] {processor.py:914} INFO - Processing file /home/airflow/.local/lib/python3.12/site-packages/airflow/example_dags/example_subdag_operator.py for tasks to queue
[2024-12-24T07:40:42.780+0000] {logging_mixin.py:190} INFO - [2024-12-24T07:40:42.779+0000] {dagbag.py:588} INFO - Filling up the DagBag from /home/airflow/.local/lib/python3.12/site-packages/airflow/example_dags/example_subdag_operator.py
[2024-12-24T07:40:42.830+0000] {processor.py:925} INFO - DAG(s) 'example_subdag_operator.section-1', 'example_subdag_operator.section-2', 'example_subdag_operator' retrieved from /home/airflow/.local/lib/python3.12/site-packages/airflow/example_dags/example_subdag_operator.py
[2024-12-24T07:40:42.856+0000] {logging_mixin.py:190} INFO - [2024-12-24T07:40:42.856+0000] {dag.py:3239} INFO - Sync 3 DAGs
[2024-12-24T07:40:42.914+0000] {logging_mixin.py:190} INFO - [2024-12-24T07:40:42.913+0000] {dag.py:4180} INFO - Setting next_dagrun for example_subdag_operator to 2022-01-01 00:00:00+00:00, run_after=2022-01-01 00:00:00+00:00
[2024-12-24T07:40:42.920+0000] {logging_mixin.py:190} INFO - [2024-12-24T07:40:42.919+0000] {dag.py:4180} INFO - Setting next_dagrun for example_subdag_operator.section-1 to None, run_after=None
[2024-12-24T07:40:42.923+0000] {logging_mixin.py:190} INFO - [2024-12-24T07:40:42.923+0000] {dag.py:4180} INFO - Setting next_dagrun for example_subdag_operator.section-2 to None, run_after=None
[2024-12-24T07:40:42.935+0000] {logging_mixin.py:190} INFO - [2024-12-24T07:40:42.935+0000] {dag.py:3239} INFO - Sync 2 DAGs
[2024-12-24T07:40:42.945+0000] {logging_mixin.py:190} INFO - [2024-12-24T07:40:42.945+0000] {dag.py:4180} INFO - Setting next_dagrun for example_subdag_operator.section-1 to None, run_after=None
[2024-12-24T07:40:42.947+0000] {logging_mixin.py:190} INFO - [2024-12-24T07:40:42.946+0000] {dag.py:4180} INFO - Setting next_dagrun for example_subdag_operator.section-2 to None, run_after=None
[2024-12-24T07:40:42.969+0000] {processor.py:208} INFO - Processing /home/airflow/.local/lib/python3.12/site-packages/airflow/example_dags/example_subdag_operator.py took 0.202 seconds
[2024-12-24T07:41:13.702+0000] {processor.py:186} INFO - Started process (PID=1633) to work on /home/airflow/.local/lib/python3.12/site-packages/airflow/example_dags/example_subdag_operator.py
[2024-12-24T07:41:13.705+0000] {processor.py:914} INFO - Processing file /home/airflow/.local/lib/python3.12/site-packages/airflow/example_dags/example_subdag_operator.py for tasks to queue
[2024-12-24T07:41:13.710+0000] {logging_mixin.py:190} INFO - [2024-12-24T07:41:13.708+0000] {dagbag.py:588} INFO - Filling up the DagBag from /home/airflow/.local/lib/python3.12/site-packages/airflow/example_dags/example_subdag_operator.py
[2024-12-24T07:41:13.769+0000] {processor.py:925} INFO - DAG(s) 'example_subdag_operator.section-1', 'example_subdag_operator.section-2', 'example_subdag_operator' retrieved from /home/airflow/.local/lib/python3.12/site-packages/airflow/example_dags/example_subdag_operator.py
[2024-12-24T07:41:13.802+0000] {logging_mixin.py:190} INFO - [2024-12-24T07:41:13.801+0000] {dag.py:3239} INFO - Sync 3 DAGs
[2024-12-24T07:41:13.850+0000] {logging_mixin.py:190} INFO - [2024-12-24T07:41:13.849+0000] {dag.py:4180} INFO - Setting next_dagrun for example_subdag_operator to 2022-01-01 00:00:00+00:00, run_after=2022-01-01 00:00:00+00:00
[2024-12-24T07:41:13.859+0000] {logging_mixin.py:190} INFO - [2024-12-24T07:41:13.858+0000] {dag.py:4180} INFO - Setting next_dagrun for example_subdag_operator.section-1 to None, run_after=None
[2024-12-24T07:41:13.863+0000] {logging_mixin.py:190} INFO - [2024-12-24T07:41:13.863+0000] {dag.py:4180} INFO - Setting next_dagrun for example_subdag_operator.section-2 to None, run_after=None
[2024-12-24T07:41:13.876+0000] {logging_mixin.py:190} INFO - [2024-12-24T07:41:13.876+0000] {dag.py:3239} INFO - Sync 2 DAGs
[2024-12-24T07:41:13.885+0000] {logging_mixin.py:190} INFO - [2024-12-24T07:41:13.885+0000] {dag.py:4180} INFO - Setting next_dagrun for example_subdag_operator.section-1 to None, run_after=None
[2024-12-24T07:41:13.886+0000] {logging_mixin.py:190} INFO - [2024-12-24T07:41:13.886+0000] {dag.py:4180} INFO - Setting next_dagrun for example_subdag_operator.section-2 to None, run_after=None
[2024-12-24T07:41:13.913+0000] {processor.py:208} INFO - Processing /home/airflow/.local/lib/python3.12/site-packages/airflow/example_dags/example_subdag_operator.py took 0.223 seconds
[2024-12-24T07:41:44.823+0000] {processor.py:186} INFO - Started process (PID=1700) to work on /home/airflow/.local/lib/python3.12/site-packages/airflow/example_dags/example_subdag_operator.py
[2024-12-24T07:41:44.825+0000] {processor.py:914} INFO - Processing file /home/airflow/.local/lib/python3.12/site-packages/airflow/example_dags/example_subdag_operator.py for tasks to queue
[2024-12-24T07:41:44.829+0000] {logging_mixin.py:190} INFO - [2024-12-24T07:41:44.828+0000] {dagbag.py:588} INFO - Filling up the DagBag from /home/airflow/.local/lib/python3.12/site-packages/airflow/example_dags/example_subdag_operator.py
[2024-12-24T07:41:44.873+0000] {processor.py:925} INFO - DAG(s) 'example_subdag_operator.section-1', 'example_subdag_operator.section-2', 'example_subdag_operator' retrieved from /home/airflow/.local/lib/python3.12/site-packages/airflow/example_dags/example_subdag_operator.py
[2024-12-24T07:41:44.899+0000] {logging_mixin.py:190} INFO - [2024-12-24T07:41:44.899+0000] {dag.py:3239} INFO - Sync 3 DAGs
[2024-12-24T07:41:44.945+0000] {logging_mixin.py:190} INFO - [2024-12-24T07:41:44.945+0000] {dag.py:4180} INFO - Setting next_dagrun for example_subdag_operator to 2022-01-01 00:00:00+00:00, run_after=2022-01-01 00:00:00+00:00
[2024-12-24T07:41:44.952+0000] {logging_mixin.py:190} INFO - [2024-12-24T07:41:44.952+0000] {dag.py:4180} INFO - Setting next_dagrun for example_subdag_operator.section-1 to None, run_after=None
[2024-12-24T07:41:44.956+0000] {logging_mixin.py:190} INFO - [2024-12-24T07:41:44.956+0000] {dag.py:4180} INFO - Setting next_dagrun for example_subdag_operator.section-2 to None, run_after=None
[2024-12-24T07:41:44.968+0000] {logging_mixin.py:190} INFO - [2024-12-24T07:41:44.967+0000] {dag.py:3239} INFO - Sync 2 DAGs
[2024-12-24T07:41:44.978+0000] {logging_mixin.py:190} INFO - [2024-12-24T07:41:44.978+0000] {dag.py:4180} INFO - Setting next_dagrun for example_subdag_operator.section-1 to None, run_after=None
[2024-12-24T07:41:44.979+0000] {logging_mixin.py:190} INFO - [2024-12-24T07:41:44.979+0000] {dag.py:4180} INFO - Setting next_dagrun for example_subdag_operator.section-2 to None, run_after=None
[2024-12-24T07:41:45.000+0000] {processor.py:208} INFO - Processing /home/airflow/.local/lib/python3.12/site-packages/airflow/example_dags/example_subdag_operator.py took 0.186 seconds
