[2024-12-24T07:28:53.406+0000] {processor.py:186} INFO - Started process (PID=43) to work on /home/airflow/.local/lib/python3.12/site-packages/airflow/example_dags/tutorial.py
[2024-12-24T07:28:53.408+0000] {processor.py:914} INFO - Processing file /home/airflow/.local/lib/python3.12/site-packages/airflow/example_dags/tutorial.py for tasks to queue
[2024-12-24T07:28:53.413+0000] {logging_mixin.py:190} INFO - [2024-12-24T07:28:53.413+0000] {dagbag.py:588} INFO - Filling up the DagBag from /home/airflow/.local/lib/python3.12/site-packages/airflow/example_dags/tutorial.py
[2024-12-24T07:28:53.428+0000] {processor.py:925} INFO - DAG(s) 'tutorial' retrieved from /home/airflow/.local/lib/python3.12/site-packages/airflow/example_dags/tutorial.py
[2024-12-24T07:28:53.628+0000] {logging_mixin.py:190} INFO - [2024-12-24T07:28:53.627+0000] {override.py:1911} INFO - Created Permission View: can read on DAG:tutorial
[2024-12-24T07:28:53.648+0000] {logging_mixin.py:190} INFO - [2024-12-24T07:28:53.647+0000] {override.py:1911} INFO - Created Permission View: can edit on DAG:tutorial
[2024-12-24T07:28:53.664+0000] {logging_mixin.py:190} INFO - [2024-12-24T07:28:53.663+0000] {override.py:1911} INFO - Created Permission View: can delete on DAG:tutorial
[2024-12-24T07:28:53.682+0000] {logging_mixin.py:190} INFO - [2024-12-24T07:28:53.681+0000] {override.py:1911} INFO - Created Permission View: can read on DAG Run:tutorial
[2024-12-24T07:28:53.698+0000] {logging_mixin.py:190} INFO - [2024-12-24T07:28:53.697+0000] {override.py:1911} INFO - Created Permission View: can create on DAG Run:tutorial
[2024-12-24T07:28:53.712+0000] {logging_mixin.py:190} INFO - [2024-12-24T07:28:53.711+0000] {override.py:1911} INFO - Created Permission View: can delete on DAG Run:tutorial
[2024-12-24T07:28:53.725+0000] {logging_mixin.py:190} INFO - [2024-12-24T07:28:53.724+0000] {override.py:1911} INFO - Created Permission View: menu access on DAG Run:tutorial
[2024-12-24T07:28:53.726+0000] {logging_mixin.py:190} INFO - [2024-12-24T07:28:53.725+0000] {dag.py:3239} INFO - Sync 1 DAGs
[2024-12-24T07:28:53.746+0000] {logging_mixin.py:190} INFO - [2024-12-24T07:28:53.746+0000] {dag.py:3262} INFO - Creating ORM DAG for tutorial
[2024-12-24T07:28:53.765+0000] {logging_mixin.py:190} INFO - [2024-12-24T07:28:53.765+0000] {dag.py:4180} INFO - Setting next_dagrun for tutorial to 2024-12-23 00:00:00+00:00, run_after=2024-12-24 00:00:00+00:00
[2024-12-24T07:28:53.803+0000] {processor.py:208} INFO - Processing /home/airflow/.local/lib/python3.12/site-packages/airflow/example_dags/tutorial.py took 0.407 seconds
[2024-12-24T07:29:24.532+0000] {processor.py:186} INFO - Started process (PID=109) to work on /home/airflow/.local/lib/python3.12/site-packages/airflow/example_dags/tutorial.py
[2024-12-24T07:29:24.534+0000] {processor.py:914} INFO - Processing file /home/airflow/.local/lib/python3.12/site-packages/airflow/example_dags/tutorial.py for tasks to queue
[2024-12-24T07:29:24.538+0000] {logging_mixin.py:190} INFO - [2024-12-24T07:29:24.537+0000] {dagbag.py:588} INFO - Filling up the DagBag from /home/airflow/.local/lib/python3.12/site-packages/airflow/example_dags/tutorial.py
[2024-12-24T07:29:24.552+0000] {processor.py:925} INFO - DAG(s) 'tutorial' retrieved from /home/airflow/.local/lib/python3.12/site-packages/airflow/example_dags/tutorial.py
[2024-12-24T07:29:24.592+0000] {logging_mixin.py:190} INFO - [2024-12-24T07:29:24.592+0000] {dag.py:3239} INFO - Sync 1 DAGs
[2024-12-24T07:29:24.634+0000] {logging_mixin.py:190} INFO - [2024-12-24T07:29:24.634+0000] {dag.py:4180} INFO - Setting next_dagrun for tutorial to 2024-12-23 00:00:00+00:00, run_after=2024-12-24 00:00:00+00:00
[2024-12-24T07:29:24.677+0000] {processor.py:208} INFO - Processing /home/airflow/.local/lib/python3.12/site-packages/airflow/example_dags/tutorial.py took 0.152 seconds
[2024-12-24T07:29:55.564+0000] {processor.py:186} INFO - Started process (PID=175) to work on /home/airflow/.local/lib/python3.12/site-packages/airflow/example_dags/tutorial.py
[2024-12-24T07:29:55.567+0000] {processor.py:914} INFO - Processing file /home/airflow/.local/lib/python3.12/site-packages/airflow/example_dags/tutorial.py for tasks to queue
[2024-12-24T07:29:55.573+0000] {logging_mixin.py:190} INFO - [2024-12-24T07:29:55.572+0000] {dagbag.py:588} INFO - Filling up the DagBag from /home/airflow/.local/lib/python3.12/site-packages/airflow/example_dags/tutorial.py
[2024-12-24T07:29:55.585+0000] {processor.py:925} INFO - DAG(s) 'tutorial' retrieved from /home/airflow/.local/lib/python3.12/site-packages/airflow/example_dags/tutorial.py
[2024-12-24T07:29:55.616+0000] {logging_mixin.py:190} INFO - [2024-12-24T07:29:55.616+0000] {dag.py:3239} INFO - Sync 1 DAGs
[2024-12-24T07:29:55.645+0000] {logging_mixin.py:190} INFO - [2024-12-24T07:29:55.645+0000] {dag.py:4180} INFO - Setting next_dagrun for tutorial to 2024-12-23 00:00:00+00:00, run_after=2024-12-24 00:00:00+00:00
[2024-12-24T07:29:55.673+0000] {processor.py:208} INFO - Processing /home/airflow/.local/lib/python3.12/site-packages/airflow/example_dags/tutorial.py took 0.128 seconds
[2024-12-24T07:30:26.075+0000] {processor.py:186} INFO - Started process (PID=241) to work on /home/airflow/.local/lib/python3.12/site-packages/airflow/example_dags/tutorial.py
[2024-12-24T07:30:26.077+0000] {processor.py:914} INFO - Processing file /home/airflow/.local/lib/python3.12/site-packages/airflow/example_dags/tutorial.py for tasks to queue
[2024-12-24T07:30:26.082+0000] {logging_mixin.py:190} INFO - [2024-12-24T07:30:26.082+0000] {dagbag.py:588} INFO - Filling up the DagBag from /home/airflow/.local/lib/python3.12/site-packages/airflow/example_dags/tutorial.py
[2024-12-24T07:30:26.100+0000] {processor.py:925} INFO - DAG(s) 'tutorial' retrieved from /home/airflow/.local/lib/python3.12/site-packages/airflow/example_dags/tutorial.py
[2024-12-24T07:30:26.144+0000] {logging_mixin.py:190} INFO - [2024-12-24T07:30:26.143+0000] {dag.py:3239} INFO - Sync 1 DAGs
[2024-12-24T07:30:26.179+0000] {logging_mixin.py:190} INFO - [2024-12-24T07:30:26.179+0000] {dag.py:4180} INFO - Setting next_dagrun for tutorial to 2024-12-23 00:00:00+00:00, run_after=2024-12-24 00:00:00+00:00
[2024-12-24T07:30:26.211+0000] {processor.py:208} INFO - Processing /home/airflow/.local/lib/python3.12/site-packages/airflow/example_dags/tutorial.py took 0.149 seconds
[2024-12-24T07:30:56.412+0000] {processor.py:186} INFO - Started process (PID=307) to work on /home/airflow/.local/lib/python3.12/site-packages/airflow/example_dags/tutorial.py
[2024-12-24T07:30:56.415+0000] {processor.py:914} INFO - Processing file /home/airflow/.local/lib/python3.12/site-packages/airflow/example_dags/tutorial.py for tasks to queue
[2024-12-24T07:30:56.419+0000] {logging_mixin.py:190} INFO - [2024-12-24T07:30:56.419+0000] {dagbag.py:588} INFO - Filling up the DagBag from /home/airflow/.local/lib/python3.12/site-packages/airflow/example_dags/tutorial.py
[2024-12-24T07:30:56.434+0000] {processor.py:925} INFO - DAG(s) 'tutorial' retrieved from /home/airflow/.local/lib/python3.12/site-packages/airflow/example_dags/tutorial.py
[2024-12-24T07:30:56.472+0000] {logging_mixin.py:190} INFO - [2024-12-24T07:30:56.471+0000] {dag.py:3239} INFO - Sync 1 DAGs
[2024-12-24T07:30:56.514+0000] {logging_mixin.py:190} INFO - [2024-12-24T07:30:56.514+0000] {dag.py:4180} INFO - Setting next_dagrun for tutorial to 2024-12-23 00:00:00+00:00, run_after=2024-12-24 00:00:00+00:00
[2024-12-24T07:30:56.544+0000] {processor.py:208} INFO - Processing /home/airflow/.local/lib/python3.12/site-packages/airflow/example_dags/tutorial.py took 0.145 seconds
[2024-12-24T07:31:27.439+0000] {processor.py:186} INFO - Started process (PID=372) to work on /home/airflow/.local/lib/python3.12/site-packages/airflow/example_dags/tutorial.py
[2024-12-24T07:31:27.442+0000] {processor.py:914} INFO - Processing file /home/airflow/.local/lib/python3.12/site-packages/airflow/example_dags/tutorial.py for tasks to queue
[2024-12-24T07:31:27.447+0000] {logging_mixin.py:190} INFO - [2024-12-24T07:31:27.446+0000] {dagbag.py:588} INFO - Filling up the DagBag from /home/airflow/.local/lib/python3.12/site-packages/airflow/example_dags/tutorial.py
[2024-12-24T07:31:27.471+0000] {processor.py:925} INFO - DAG(s) 'tutorial' retrieved from /home/airflow/.local/lib/python3.12/site-packages/airflow/example_dags/tutorial.py
[2024-12-24T07:31:27.527+0000] {logging_mixin.py:190} INFO - [2024-12-24T07:31:27.526+0000] {dag.py:3239} INFO - Sync 1 DAGs
[2024-12-24T07:31:27.572+0000] {logging_mixin.py:190} INFO - [2024-12-24T07:31:27.571+0000] {dag.py:4180} INFO - Setting next_dagrun for tutorial to 2024-12-23 00:00:00+00:00, run_after=2024-12-24 00:00:00+00:00
[2024-12-24T07:31:27.625+0000] {processor.py:208} INFO - Processing /home/airflow/.local/lib/python3.12/site-packages/airflow/example_dags/tutorial.py took 0.196 seconds
[2024-12-24T07:31:58.292+0000] {processor.py:186} INFO - Started process (PID=438) to work on /home/airflow/.local/lib/python3.12/site-packages/airflow/example_dags/tutorial.py
[2024-12-24T07:31:58.296+0000] {processor.py:914} INFO - Processing file /home/airflow/.local/lib/python3.12/site-packages/airflow/example_dags/tutorial.py for tasks to queue
[2024-12-24T07:31:58.302+0000] {logging_mixin.py:190} INFO - [2024-12-24T07:31:58.301+0000] {dagbag.py:588} INFO - Filling up the DagBag from /home/airflow/.local/lib/python3.12/site-packages/airflow/example_dags/tutorial.py
[2024-12-24T07:31:58.327+0000] {processor.py:925} INFO - DAG(s) 'tutorial' retrieved from /home/airflow/.local/lib/python3.12/site-packages/airflow/example_dags/tutorial.py
[2024-12-24T07:31:58.385+0000] {logging_mixin.py:190} INFO - [2024-12-24T07:31:58.384+0000] {dag.py:3239} INFO - Sync 1 DAGs
[2024-12-24T07:31:58.443+0000] {logging_mixin.py:190} INFO - [2024-12-24T07:31:58.443+0000] {dag.py:4180} INFO - Setting next_dagrun for tutorial to 2024-12-23 00:00:00+00:00, run_after=2024-12-24 00:00:00+00:00
[2024-12-24T07:31:58.492+0000] {processor.py:208} INFO - Processing /home/airflow/.local/lib/python3.12/site-packages/airflow/example_dags/tutorial.py took 0.212 seconds
[2024-12-24T07:32:29.310+0000] {processor.py:186} INFO - Started process (PID=504) to work on /home/airflow/.local/lib/python3.12/site-packages/airflow/example_dags/tutorial.py
[2024-12-24T07:32:29.312+0000] {processor.py:914} INFO - Processing file /home/airflow/.local/lib/python3.12/site-packages/airflow/example_dags/tutorial.py for tasks to queue
[2024-12-24T07:32:29.315+0000] {logging_mixin.py:190} INFO - [2024-12-24T07:32:29.315+0000] {dagbag.py:588} INFO - Filling up the DagBag from /home/airflow/.local/lib/python3.12/site-packages/airflow/example_dags/tutorial.py
[2024-12-24T07:32:29.329+0000] {processor.py:925} INFO - DAG(s) 'tutorial' retrieved from /home/airflow/.local/lib/python3.12/site-packages/airflow/example_dags/tutorial.py
[2024-12-24T07:32:29.371+0000] {logging_mixin.py:190} INFO - [2024-12-24T07:32:29.370+0000] {dag.py:3239} INFO - Sync 1 DAGs
[2024-12-24T07:32:29.417+0000] {logging_mixin.py:190} INFO - [2024-12-24T07:32:29.416+0000] {dag.py:4180} INFO - Setting next_dagrun for tutorial to 2024-12-23 00:00:00+00:00, run_after=2024-12-24 00:00:00+00:00
[2024-12-24T07:32:29.451+0000] {processor.py:208} INFO - Processing /home/airflow/.local/lib/python3.12/site-packages/airflow/example_dags/tutorial.py took 0.150 seconds
[2024-12-24T07:33:00.744+0000] {processor.py:186} INFO - Started process (PID=570) to work on /home/airflow/.local/lib/python3.12/site-packages/airflow/example_dags/tutorial.py
[2024-12-24T07:33:00.747+0000] {processor.py:914} INFO - Processing file /home/airflow/.local/lib/python3.12/site-packages/airflow/example_dags/tutorial.py for tasks to queue
[2024-12-24T07:33:00.754+0000] {logging_mixin.py:190} INFO - [2024-12-24T07:33:00.753+0000] {dagbag.py:588} INFO - Filling up the DagBag from /home/airflow/.local/lib/python3.12/site-packages/airflow/example_dags/tutorial.py
[2024-12-24T07:33:00.775+0000] {processor.py:925} INFO - DAG(s) 'tutorial' retrieved from /home/airflow/.local/lib/python3.12/site-packages/airflow/example_dags/tutorial.py
[2024-12-24T07:33:00.829+0000] {logging_mixin.py:190} INFO - [2024-12-24T07:33:00.829+0000] {dag.py:3239} INFO - Sync 1 DAGs
[2024-12-24T07:33:00.904+0000] {logging_mixin.py:190} INFO - [2024-12-24T07:33:00.904+0000] {dag.py:4180} INFO - Setting next_dagrun for tutorial to 2024-12-23 00:00:00+00:00, run_after=2024-12-24 00:00:00+00:00
[2024-12-24T07:33:00.947+0000] {processor.py:208} INFO - Processing /home/airflow/.local/lib/python3.12/site-packages/airflow/example_dags/tutorial.py took 0.218 seconds
[2024-12-24T07:33:31.524+0000] {processor.py:186} INFO - Started process (PID=636) to work on /home/airflow/.local/lib/python3.12/site-packages/airflow/example_dags/tutorial.py
[2024-12-24T07:33:31.526+0000] {processor.py:914} INFO - Processing file /home/airflow/.local/lib/python3.12/site-packages/airflow/example_dags/tutorial.py for tasks to queue
[2024-12-24T07:33:31.531+0000] {logging_mixin.py:190} INFO - [2024-12-24T07:33:31.530+0000] {dagbag.py:588} INFO - Filling up the DagBag from /home/airflow/.local/lib/python3.12/site-packages/airflow/example_dags/tutorial.py
[2024-12-24T07:33:31.548+0000] {processor.py:925} INFO - DAG(s) 'tutorial' retrieved from /home/airflow/.local/lib/python3.12/site-packages/airflow/example_dags/tutorial.py
[2024-12-24T07:33:31.595+0000] {logging_mixin.py:190} INFO - [2024-12-24T07:33:31.594+0000] {dag.py:3239} INFO - Sync 1 DAGs
[2024-12-24T07:33:31.627+0000] {logging_mixin.py:190} INFO - [2024-12-24T07:33:31.627+0000] {dag.py:4180} INFO - Setting next_dagrun for tutorial to 2024-12-23 00:00:00+00:00, run_after=2024-12-24 00:00:00+00:00
[2024-12-24T07:33:31.654+0000] {processor.py:208} INFO - Processing /home/airflow/.local/lib/python3.12/site-packages/airflow/example_dags/tutorial.py took 0.138 seconds
[2024-12-24T07:34:01.697+0000] {processor.py:186} INFO - Started process (PID=702) to work on /home/airflow/.local/lib/python3.12/site-packages/airflow/example_dags/tutorial.py
[2024-12-24T07:34:01.698+0000] {processor.py:914} INFO - Processing file /home/airflow/.local/lib/python3.12/site-packages/airflow/example_dags/tutorial.py for tasks to queue
[2024-12-24T07:34:01.704+0000] {logging_mixin.py:190} INFO - [2024-12-24T07:34:01.703+0000] {dagbag.py:588} INFO - Filling up the DagBag from /home/airflow/.local/lib/python3.12/site-packages/airflow/example_dags/tutorial.py
[2024-12-24T07:34:01.720+0000] {processor.py:925} INFO - DAG(s) 'tutorial' retrieved from /home/airflow/.local/lib/python3.12/site-packages/airflow/example_dags/tutorial.py
[2024-12-24T07:34:01.774+0000] {logging_mixin.py:190} INFO - [2024-12-24T07:34:01.773+0000] {dag.py:3239} INFO - Sync 1 DAGs
[2024-12-24T07:34:01.815+0000] {logging_mixin.py:190} INFO - [2024-12-24T07:34:01.815+0000] {dag.py:4180} INFO - Setting next_dagrun for tutorial to 2024-12-23 00:00:00+00:00, run_after=2024-12-24 00:00:00+00:00
[2024-12-24T07:34:01.852+0000] {processor.py:208} INFO - Processing /home/airflow/.local/lib/python3.12/site-packages/airflow/example_dags/tutorial.py took 0.163 seconds
[2024-12-24T07:34:31.931+0000] {processor.py:186} INFO - Started process (PID=769) to work on /home/airflow/.local/lib/python3.12/site-packages/airflow/example_dags/tutorial.py
[2024-12-24T07:34:31.932+0000] {processor.py:914} INFO - Processing file /home/airflow/.local/lib/python3.12/site-packages/airflow/example_dags/tutorial.py for tasks to queue
[2024-12-24T07:34:31.936+0000] {logging_mixin.py:190} INFO - [2024-12-24T07:34:31.936+0000] {dagbag.py:588} INFO - Filling up the DagBag from /home/airflow/.local/lib/python3.12/site-packages/airflow/example_dags/tutorial.py
[2024-12-24T07:34:31.948+0000] {processor.py:925} INFO - DAG(s) 'tutorial' retrieved from /home/airflow/.local/lib/python3.12/site-packages/airflow/example_dags/tutorial.py
[2024-12-24T07:34:31.977+0000] {logging_mixin.py:190} INFO - [2024-12-24T07:34:31.977+0000] {dag.py:3239} INFO - Sync 1 DAGs
[2024-12-24T07:34:32.009+0000] {logging_mixin.py:190} INFO - [2024-12-24T07:34:32.008+0000] {dag.py:4180} INFO - Setting next_dagrun for tutorial to 2024-12-23 00:00:00+00:00, run_after=2024-12-24 00:00:00+00:00
[2024-12-24T07:34:32.035+0000] {processor.py:208} INFO - Processing /home/airflow/.local/lib/python3.12/site-packages/airflow/example_dags/tutorial.py took 0.113 seconds
[2024-12-24T07:35:02.952+0000] {processor.py:186} INFO - Started process (PID=835) to work on /home/airflow/.local/lib/python3.12/site-packages/airflow/example_dags/tutorial.py
[2024-12-24T07:35:02.958+0000] {processor.py:914} INFO - Processing file /home/airflow/.local/lib/python3.12/site-packages/airflow/example_dags/tutorial.py for tasks to queue
[2024-12-24T07:35:02.969+0000] {logging_mixin.py:190} INFO - [2024-12-24T07:35:02.968+0000] {dagbag.py:588} INFO - Filling up the DagBag from /home/airflow/.local/lib/python3.12/site-packages/airflow/example_dags/tutorial.py
[2024-12-24T07:35:02.995+0000] {processor.py:925} INFO - DAG(s) 'tutorial' retrieved from /home/airflow/.local/lib/python3.12/site-packages/airflow/example_dags/tutorial.py
[2024-12-24T07:35:03.076+0000] {logging_mixin.py:190} INFO - [2024-12-24T07:35:03.076+0000] {dag.py:3239} INFO - Sync 1 DAGs
[2024-12-24T07:35:03.185+0000] {logging_mixin.py:190} INFO - [2024-12-24T07:35:03.185+0000] {dag.py:4180} INFO - Setting next_dagrun for tutorial to 2024-12-23 00:00:00+00:00, run_after=2024-12-24 00:00:00+00:00
[2024-12-24T07:35:03.256+0000] {processor.py:208} INFO - Processing /home/airflow/.local/lib/python3.12/site-packages/airflow/example_dags/tutorial.py took 0.351 seconds
[2024-12-24T07:35:33.666+0000] {processor.py:186} INFO - Started process (PID=901) to work on /home/airflow/.local/lib/python3.12/site-packages/airflow/example_dags/tutorial.py
[2024-12-24T07:35:33.667+0000] {processor.py:914} INFO - Processing file /home/airflow/.local/lib/python3.12/site-packages/airflow/example_dags/tutorial.py for tasks to queue
[2024-12-24T07:35:33.672+0000] {logging_mixin.py:190} INFO - [2024-12-24T07:35:33.671+0000] {dagbag.py:588} INFO - Filling up the DagBag from /home/airflow/.local/lib/python3.12/site-packages/airflow/example_dags/tutorial.py
[2024-12-24T07:35:33.721+0000] {processor.py:925} INFO - DAG(s) 'tutorial' retrieved from /home/airflow/.local/lib/python3.12/site-packages/airflow/example_dags/tutorial.py
[2024-12-24T07:35:33.762+0000] {logging_mixin.py:190} INFO - [2024-12-24T07:35:33.761+0000] {dag.py:3239} INFO - Sync 1 DAGs
[2024-12-24T07:35:33.803+0000] {logging_mixin.py:190} INFO - [2024-12-24T07:35:33.802+0000] {dag.py:4180} INFO - Setting next_dagrun for tutorial to 2024-12-23 00:00:00+00:00, run_after=2024-12-24 00:00:00+00:00
[2024-12-24T07:35:33.835+0000] {processor.py:208} INFO - Processing /home/airflow/.local/lib/python3.12/site-packages/airflow/example_dags/tutorial.py took 0.179 seconds
[2024-12-24T07:36:04.736+0000] {processor.py:186} INFO - Started process (PID=967) to work on /home/airflow/.local/lib/python3.12/site-packages/airflow/example_dags/tutorial.py
[2024-12-24T07:36:04.738+0000] {processor.py:914} INFO - Processing file /home/airflow/.local/lib/python3.12/site-packages/airflow/example_dags/tutorial.py for tasks to queue
[2024-12-24T07:36:04.742+0000] {logging_mixin.py:190} INFO - [2024-12-24T07:36:04.741+0000] {dagbag.py:588} INFO - Filling up the DagBag from /home/airflow/.local/lib/python3.12/site-packages/airflow/example_dags/tutorial.py
[2024-12-24T07:36:04.756+0000] {processor.py:925} INFO - DAG(s) 'tutorial' retrieved from /home/airflow/.local/lib/python3.12/site-packages/airflow/example_dags/tutorial.py
[2024-12-24T07:36:04.790+0000] {logging_mixin.py:190} INFO - [2024-12-24T07:36:04.790+0000] {dag.py:3239} INFO - Sync 1 DAGs
[2024-12-24T07:36:04.830+0000] {logging_mixin.py:190} INFO - [2024-12-24T07:36:04.829+0000] {dag.py:4180} INFO - Setting next_dagrun for tutorial to 2024-12-23 00:00:00+00:00, run_after=2024-12-24 00:00:00+00:00
[2024-12-24T07:36:04.859+0000] {processor.py:208} INFO - Processing /home/airflow/.local/lib/python3.12/site-packages/airflow/example_dags/tutorial.py took 0.131 seconds
[2024-12-24T07:36:35.640+0000] {processor.py:186} INFO - Started process (PID=1033) to work on /home/airflow/.local/lib/python3.12/site-packages/airflow/example_dags/tutorial.py
[2024-12-24T07:36:35.644+0000] {processor.py:914} INFO - Processing file /home/airflow/.local/lib/python3.12/site-packages/airflow/example_dags/tutorial.py for tasks to queue
[2024-12-24T07:36:35.650+0000] {logging_mixin.py:190} INFO - [2024-12-24T07:36:35.649+0000] {dagbag.py:588} INFO - Filling up the DagBag from /home/airflow/.local/lib/python3.12/site-packages/airflow/example_dags/tutorial.py
[2024-12-24T07:36:35.667+0000] {processor.py:925} INFO - DAG(s) 'tutorial' retrieved from /home/airflow/.local/lib/python3.12/site-packages/airflow/example_dags/tutorial.py
[2024-12-24T07:36:35.714+0000] {logging_mixin.py:190} INFO - [2024-12-24T07:36:35.713+0000] {dag.py:3239} INFO - Sync 1 DAGs
[2024-12-24T07:36:35.758+0000] {logging_mixin.py:190} INFO - [2024-12-24T07:36:35.758+0000] {dag.py:4180} INFO - Setting next_dagrun for tutorial to 2024-12-23 00:00:00+00:00, run_after=2024-12-24 00:00:00+00:00
[2024-12-24T07:36:35.797+0000] {processor.py:208} INFO - Processing /home/airflow/.local/lib/python3.12/site-packages/airflow/example_dags/tutorial.py took 0.176 seconds
[2024-12-24T07:37:06.339+0000] {processor.py:186} INFO - Started process (PID=1099) to work on /home/airflow/.local/lib/python3.12/site-packages/airflow/example_dags/tutorial.py
[2024-12-24T07:37:06.342+0000] {processor.py:914} INFO - Processing file /home/airflow/.local/lib/python3.12/site-packages/airflow/example_dags/tutorial.py for tasks to queue
[2024-12-24T07:37:06.346+0000] {logging_mixin.py:190} INFO - [2024-12-24T07:37:06.345+0000] {dagbag.py:588} INFO - Filling up the DagBag from /home/airflow/.local/lib/python3.12/site-packages/airflow/example_dags/tutorial.py
[2024-12-24T07:37:06.362+0000] {processor.py:925} INFO - DAG(s) 'tutorial' retrieved from /home/airflow/.local/lib/python3.12/site-packages/airflow/example_dags/tutorial.py
[2024-12-24T07:37:06.398+0000] {logging_mixin.py:190} INFO - [2024-12-24T07:37:06.398+0000] {dag.py:3239} INFO - Sync 1 DAGs
[2024-12-24T07:37:06.436+0000] {logging_mixin.py:190} INFO - [2024-12-24T07:37:06.436+0000] {dag.py:4180} INFO - Setting next_dagrun for tutorial to 2024-12-23 00:00:00+00:00, run_after=2024-12-24 00:00:00+00:00
[2024-12-24T07:37:06.468+0000] {processor.py:208} INFO - Processing /home/airflow/.local/lib/python3.12/site-packages/airflow/example_dags/tutorial.py took 0.139 seconds
[2024-12-24T07:37:36.733+0000] {processor.py:186} INFO - Started process (PID=1165) to work on /home/airflow/.local/lib/python3.12/site-packages/airflow/example_dags/tutorial.py
[2024-12-24T07:37:36.735+0000] {processor.py:914} INFO - Processing file /home/airflow/.local/lib/python3.12/site-packages/airflow/example_dags/tutorial.py for tasks to queue
[2024-12-24T07:37:36.740+0000] {logging_mixin.py:190} INFO - [2024-12-24T07:37:36.739+0000] {dagbag.py:588} INFO - Filling up the DagBag from /home/airflow/.local/lib/python3.12/site-packages/airflow/example_dags/tutorial.py
[2024-12-24T07:37:36.756+0000] {processor.py:925} INFO - DAG(s) 'tutorial' retrieved from /home/airflow/.local/lib/python3.12/site-packages/airflow/example_dags/tutorial.py
[2024-12-24T07:37:36.796+0000] {logging_mixin.py:190} INFO - [2024-12-24T07:37:36.796+0000] {dag.py:3239} INFO - Sync 1 DAGs
[2024-12-24T07:37:36.855+0000] {logging_mixin.py:190} INFO - [2024-12-24T07:37:36.855+0000] {dag.py:4180} INFO - Setting next_dagrun for tutorial to 2024-12-23 00:00:00+00:00, run_after=2024-12-24 00:00:00+00:00
[2024-12-24T07:37:36.919+0000] {processor.py:208} INFO - Processing /home/airflow/.local/lib/python3.12/site-packages/airflow/example_dags/tutorial.py took 0.199 seconds
[2024-12-24T07:38:07.118+0000] {processor.py:186} INFO - Started process (PID=1231) to work on /home/airflow/.local/lib/python3.12/site-packages/airflow/example_dags/tutorial.py
[2024-12-24T07:38:07.120+0000] {processor.py:914} INFO - Processing file /home/airflow/.local/lib/python3.12/site-packages/airflow/example_dags/tutorial.py for tasks to queue
[2024-12-24T07:38:07.125+0000] {logging_mixin.py:190} INFO - [2024-12-24T07:38:07.125+0000] {dagbag.py:588} INFO - Filling up the DagBag from /home/airflow/.local/lib/python3.12/site-packages/airflow/example_dags/tutorial.py
[2024-12-24T07:38:07.141+0000] {processor.py:925} INFO - DAG(s) 'tutorial' retrieved from /home/airflow/.local/lib/python3.12/site-packages/airflow/example_dags/tutorial.py
[2024-12-24T07:38:07.171+0000] {logging_mixin.py:190} INFO - [2024-12-24T07:38:07.170+0000] {dag.py:3239} INFO - Sync 1 DAGs
[2024-12-24T07:38:07.203+0000] {logging_mixin.py:190} INFO - [2024-12-24T07:38:07.203+0000] {dag.py:4180} INFO - Setting next_dagrun for tutorial to 2024-12-23 00:00:00+00:00, run_after=2024-12-24 00:00:00+00:00
[2024-12-24T07:38:07.236+0000] {processor.py:208} INFO - Processing /home/airflow/.local/lib/python3.12/site-packages/airflow/example_dags/tutorial.py took 0.125 seconds
[2024-12-24T07:38:37.461+0000] {processor.py:186} INFO - Started process (PID=1296) to work on /home/airflow/.local/lib/python3.12/site-packages/airflow/example_dags/tutorial.py
[2024-12-24T07:38:37.464+0000] {processor.py:914} INFO - Processing file /home/airflow/.local/lib/python3.12/site-packages/airflow/example_dags/tutorial.py for tasks to queue
[2024-12-24T07:38:37.468+0000] {logging_mixin.py:190} INFO - [2024-12-24T07:38:37.468+0000] {dagbag.py:588} INFO - Filling up the DagBag from /home/airflow/.local/lib/python3.12/site-packages/airflow/example_dags/tutorial.py
[2024-12-24T07:38:37.487+0000] {processor.py:925} INFO - DAG(s) 'tutorial' retrieved from /home/airflow/.local/lib/python3.12/site-packages/airflow/example_dags/tutorial.py
[2024-12-24T07:38:37.533+0000] {logging_mixin.py:190} INFO - [2024-12-24T07:38:37.533+0000] {dag.py:3239} INFO - Sync 1 DAGs
[2024-12-24T07:38:37.580+0000] {logging_mixin.py:190} INFO - [2024-12-24T07:38:37.580+0000] {dag.py:4180} INFO - Setting next_dagrun for tutorial to 2024-12-23 00:00:00+00:00, run_after=2024-12-24 00:00:00+00:00
[2024-12-24T07:38:37.612+0000] {processor.py:208} INFO - Processing /home/airflow/.local/lib/python3.12/site-packages/airflow/example_dags/tutorial.py took 0.163 seconds
[2024-12-24T07:39:07.717+0000] {processor.py:186} INFO - Started process (PID=1362) to work on /home/airflow/.local/lib/python3.12/site-packages/airflow/example_dags/tutorial.py
[2024-12-24T07:39:07.721+0000] {processor.py:914} INFO - Processing file /home/airflow/.local/lib/python3.12/site-packages/airflow/example_dags/tutorial.py for tasks to queue
[2024-12-24T07:39:07.725+0000] {logging_mixin.py:190} INFO - [2024-12-24T07:39:07.724+0000] {dagbag.py:588} INFO - Filling up the DagBag from /home/airflow/.local/lib/python3.12/site-packages/airflow/example_dags/tutorial.py
[2024-12-24T07:39:07.739+0000] {processor.py:925} INFO - DAG(s) 'tutorial' retrieved from /home/airflow/.local/lib/python3.12/site-packages/airflow/example_dags/tutorial.py
[2024-12-24T07:39:07.797+0000] {logging_mixin.py:190} INFO - [2024-12-24T07:39:07.797+0000] {dag.py:3239} INFO - Sync 1 DAGs
[2024-12-24T07:39:07.845+0000] {logging_mixin.py:190} INFO - [2024-12-24T07:39:07.845+0000] {dag.py:4180} INFO - Setting next_dagrun for tutorial to 2024-12-23 00:00:00+00:00, run_after=2024-12-24 00:00:00+00:00
[2024-12-24T07:39:07.885+0000] {processor.py:208} INFO - Processing /home/airflow/.local/lib/python3.12/site-packages/airflow/example_dags/tutorial.py took 0.176 seconds
[2024-12-24T07:39:38.710+0000] {processor.py:186} INFO - Started process (PID=1428) to work on /home/airflow/.local/lib/python3.12/site-packages/airflow/example_dags/tutorial.py
[2024-12-24T07:39:38.712+0000] {processor.py:914} INFO - Processing file /home/airflow/.local/lib/python3.12/site-packages/airflow/example_dags/tutorial.py for tasks to queue
[2024-12-24T07:39:38.716+0000] {logging_mixin.py:190} INFO - [2024-12-24T07:39:38.716+0000] {dagbag.py:588} INFO - Filling up the DagBag from /home/airflow/.local/lib/python3.12/site-packages/airflow/example_dags/tutorial.py
[2024-12-24T07:39:38.730+0000] {processor.py:925} INFO - DAG(s) 'tutorial' retrieved from /home/airflow/.local/lib/python3.12/site-packages/airflow/example_dags/tutorial.py
[2024-12-24T07:39:38.762+0000] {logging_mixin.py:190} INFO - [2024-12-24T07:39:38.762+0000] {dag.py:3239} INFO - Sync 1 DAGs
[2024-12-24T07:39:38.796+0000] {logging_mixin.py:190} INFO - [2024-12-24T07:39:38.796+0000] {dag.py:4180} INFO - Setting next_dagrun for tutorial to 2024-12-23 00:00:00+00:00, run_after=2024-12-24 00:00:00+00:00
[2024-12-24T07:39:38.827+0000] {processor.py:208} INFO - Processing /home/airflow/.local/lib/python3.12/site-packages/airflow/example_dags/tutorial.py took 0.124 seconds
[2024-12-24T07:40:09.196+0000] {processor.py:186} INFO - Started process (PID=1494) to work on /home/airflow/.local/lib/python3.12/site-packages/airflow/example_dags/tutorial.py
[2024-12-24T07:40:09.197+0000] {processor.py:914} INFO - Processing file /home/airflow/.local/lib/python3.12/site-packages/airflow/example_dags/tutorial.py for tasks to queue
[2024-12-24T07:40:09.199+0000] {logging_mixin.py:190} INFO - [2024-12-24T07:40:09.199+0000] {dagbag.py:588} INFO - Filling up the DagBag from /home/airflow/.local/lib/python3.12/site-packages/airflow/example_dags/tutorial.py
[2024-12-24T07:40:09.216+0000] {processor.py:925} INFO - DAG(s) 'tutorial' retrieved from /home/airflow/.local/lib/python3.12/site-packages/airflow/example_dags/tutorial.py
[2024-12-24T07:40:09.246+0000] {logging_mixin.py:190} INFO - [2024-12-24T07:40:09.246+0000] {dag.py:3239} INFO - Sync 1 DAGs
[2024-12-24T07:40:09.282+0000] {logging_mixin.py:190} INFO - [2024-12-24T07:40:09.282+0000] {dag.py:4180} INFO - Setting next_dagrun for tutorial to 2024-12-23 00:00:00+00:00, run_after=2024-12-24 00:00:00+00:00
[2024-12-24T07:40:09.314+0000] {processor.py:208} INFO - Processing /home/airflow/.local/lib/python3.12/site-packages/airflow/example_dags/tutorial.py took 0.126 seconds
[2024-12-24T07:40:39.476+0000] {processor.py:186} INFO - Started process (PID=1560) to work on /home/airflow/.local/lib/python3.12/site-packages/airflow/example_dags/tutorial.py
[2024-12-24T07:40:39.477+0000] {processor.py:914} INFO - Processing file /home/airflow/.local/lib/python3.12/site-packages/airflow/example_dags/tutorial.py for tasks to queue
[2024-12-24T07:40:39.483+0000] {logging_mixin.py:190} INFO - [2024-12-24T07:40:39.482+0000] {dagbag.py:588} INFO - Filling up the DagBag from /home/airflow/.local/lib/python3.12/site-packages/airflow/example_dags/tutorial.py
[2024-12-24T07:40:39.501+0000] {processor.py:925} INFO - DAG(s) 'tutorial' retrieved from /home/airflow/.local/lib/python3.12/site-packages/airflow/example_dags/tutorial.py
[2024-12-24T07:40:39.536+0000] {logging_mixin.py:190} INFO - [2024-12-24T07:40:39.535+0000] {dag.py:3239} INFO - Sync 1 DAGs
[2024-12-24T07:40:39.576+0000] {logging_mixin.py:190} INFO - [2024-12-24T07:40:39.576+0000] {dag.py:4180} INFO - Setting next_dagrun for tutorial to 2024-12-23 00:00:00+00:00, run_after=2024-12-24 00:00:00+00:00
[2024-12-24T07:40:39.613+0000] {processor.py:208} INFO - Processing /home/airflow/.local/lib/python3.12/site-packages/airflow/example_dags/tutorial.py took 0.147 seconds
[2024-12-24T07:41:09.735+0000] {processor.py:186} INFO - Started process (PID=1626) to work on /home/airflow/.local/lib/python3.12/site-packages/airflow/example_dags/tutorial.py
[2024-12-24T07:41:09.736+0000] {processor.py:914} INFO - Processing file /home/airflow/.local/lib/python3.12/site-packages/airflow/example_dags/tutorial.py for tasks to queue
[2024-12-24T07:41:09.740+0000] {logging_mixin.py:190} INFO - [2024-12-24T07:41:09.739+0000] {dagbag.py:588} INFO - Filling up the DagBag from /home/airflow/.local/lib/python3.12/site-packages/airflow/example_dags/tutorial.py
[2024-12-24T07:41:09.760+0000] {processor.py:925} INFO - DAG(s) 'tutorial' retrieved from /home/airflow/.local/lib/python3.12/site-packages/airflow/example_dags/tutorial.py
[2024-12-24T07:41:09.807+0000] {logging_mixin.py:190} INFO - [2024-12-24T07:41:09.806+0000] {dag.py:3239} INFO - Sync 1 DAGs
[2024-12-24T07:41:09.848+0000] {logging_mixin.py:190} INFO - [2024-12-24T07:41:09.847+0000] {dag.py:4180} INFO - Setting next_dagrun for tutorial to 2024-12-23 00:00:00+00:00, run_after=2024-12-24 00:00:00+00:00
[2024-12-24T07:41:09.879+0000] {processor.py:208} INFO - Processing /home/airflow/.local/lib/python3.12/site-packages/airflow/example_dags/tutorial.py took 0.155 seconds
[2024-12-24T07:41:40.005+0000] {processor.py:186} INFO - Started process (PID=1693) to work on /home/airflow/.local/lib/python3.12/site-packages/airflow/example_dags/tutorial.py
[2024-12-24T07:41:40.008+0000] {processor.py:914} INFO - Processing file /home/airflow/.local/lib/python3.12/site-packages/airflow/example_dags/tutorial.py for tasks to queue
[2024-12-24T07:41:40.011+0000] {logging_mixin.py:190} INFO - [2024-12-24T07:41:40.011+0000] {dagbag.py:588} INFO - Filling up the DagBag from /home/airflow/.local/lib/python3.12/site-packages/airflow/example_dags/tutorial.py
[2024-12-24T07:41:40.028+0000] {processor.py:925} INFO - DAG(s) 'tutorial' retrieved from /home/airflow/.local/lib/python3.12/site-packages/airflow/example_dags/tutorial.py
[2024-12-24T07:41:40.066+0000] {logging_mixin.py:190} INFO - [2024-12-24T07:41:40.066+0000] {dag.py:3239} INFO - Sync 1 DAGs
[2024-12-24T07:41:40.111+0000] {logging_mixin.py:190} INFO - [2024-12-24T07:41:40.111+0000] {dag.py:4180} INFO - Setting next_dagrun for tutorial to 2024-12-23 00:00:00+00:00, run_after=2024-12-24 00:00:00+00:00
[2024-12-24T07:41:40.147+0000] {processor.py:208} INFO - Processing /home/airflow/.local/lib/python3.12/site-packages/airflow/example_dags/tutorial.py took 0.151 seconds
[2024-12-24T07:42:10.332+0000] {processor.py:186} INFO - Started process (PID=1761) to work on /home/airflow/.local/lib/python3.12/site-packages/airflow/example_dags/tutorial.py
[2024-12-24T07:42:10.335+0000] {processor.py:914} INFO - Processing file /home/airflow/.local/lib/python3.12/site-packages/airflow/example_dags/tutorial.py for tasks to queue
[2024-12-24T07:42:10.341+0000] {logging_mixin.py:190} INFO - [2024-12-24T07:42:10.340+0000] {dagbag.py:588} INFO - Filling up the DagBag from /home/airflow/.local/lib/python3.12/site-packages/airflow/example_dags/tutorial.py
[2024-12-24T07:42:10.366+0000] {processor.py:925} INFO - DAG(s) 'tutorial' retrieved from /home/airflow/.local/lib/python3.12/site-packages/airflow/example_dags/tutorial.py
[2024-12-24T07:42:10.404+0000] {logging_mixin.py:190} INFO - [2024-12-24T07:42:10.404+0000] {dag.py:3239} INFO - Sync 1 DAGs
[2024-12-24T07:42:10.452+0000] {logging_mixin.py:190} INFO - [2024-12-24T07:42:10.452+0000] {dag.py:4180} INFO - Setting next_dagrun for tutorial to 2024-12-23 00:00:00+00:00, run_after=2024-12-24 00:00:00+00:00
[2024-12-24T07:42:10.483+0000] {processor.py:208} INFO - Processing /home/airflow/.local/lib/python3.12/site-packages/airflow/example_dags/tutorial.py took 0.171 seconds
