[2024-12-24T07:29:01.762+0000] {processor.py:186} INFO - Started process (PID=71) to work on /home/airflow/.local/lib/python3.12/site-packages/airflow/example_dags/tutorial_dag.py
[2024-12-24T07:29:01.766+0000] {processor.py:914} INFO - Processing file /home/airflow/.local/lib/python3.12/site-packages/airflow/example_dags/tutorial_dag.py for tasks to queue
[2024-12-24T07:29:01.775+0000] {logging_mixin.py:190} INFO - [2024-12-24T07:29:01.774+0000] {dagbag.py:588} INFO - Filling up the DagBag from /home/airflow/.local/lib/python3.12/site-packages/airflow/example_dags/tutorial_dag.py
[2024-12-24T07:29:01.803+0000] {processor.py:925} INFO - DAG(s) 'tutorial_dag' retrieved from /home/airflow/.local/lib/python3.12/site-packages/airflow/example_dags/tutorial_dag.py
[2024-12-24T07:29:02.134+0000] {logging_mixin.py:190} INFO - [2024-12-24T07:29:02.134+0000] {override.py:1911} INFO - Created Permission View: can read on DAG:tutorial_dag
[2024-12-24T07:29:02.154+0000] {logging_mixin.py:190} INFO - [2024-12-24T07:29:02.154+0000] {override.py:1911} INFO - Created Permission View: can edit on DAG:tutorial_dag
[2024-12-24T07:29:02.169+0000] {logging_mixin.py:190} INFO - [2024-12-24T07:29:02.168+0000] {override.py:1911} INFO - Created Permission View: can delete on DAG:tutorial_dag
[2024-12-24T07:29:02.187+0000] {logging_mixin.py:190} INFO - [2024-12-24T07:29:02.186+0000] {override.py:1911} INFO - Created Permission View: can read on DAG Run:tutorial_dag
[2024-12-24T07:29:02.200+0000] {logging_mixin.py:190} INFO - [2024-12-24T07:29:02.200+0000] {override.py:1911} INFO - Created Permission View: can create on DAG Run:tutorial_dag
[2024-12-24T07:29:02.215+0000] {logging_mixin.py:190} INFO - [2024-12-24T07:29:02.214+0000] {override.py:1911} INFO - Created Permission View: can delete on DAG Run:tutorial_dag
[2024-12-24T07:29:02.228+0000] {logging_mixin.py:190} INFO - [2024-12-24T07:29:02.227+0000] {override.py:1911} INFO - Created Permission View: menu access on DAG Run:tutorial_dag
[2024-12-24T07:29:02.230+0000] {logging_mixin.py:190} INFO - [2024-12-24T07:29:02.229+0000] {dag.py:3239} INFO - Sync 1 DAGs
[2024-12-24T07:29:02.252+0000] {logging_mixin.py:190} INFO - [2024-12-24T07:29:02.251+0000] {dag.py:3262} INFO - Creating ORM DAG for tutorial_dag
[2024-12-24T07:29:02.255+0000] {logging_mixin.py:190} INFO - [2024-12-24T07:29:02.254+0000] {dag.py:4180} INFO - Setting next_dagrun for tutorial_dag to None, run_after=None
[2024-12-24T07:29:02.294+0000] {processor.py:208} INFO - Processing /home/airflow/.local/lib/python3.12/site-packages/airflow/example_dags/tutorial_dag.py took 0.549 seconds
[2024-12-24T07:29:32.470+0000] {processor.py:186} INFO - Started process (PID=137) to work on /home/airflow/.local/lib/python3.12/site-packages/airflow/example_dags/tutorial_dag.py
[2024-12-24T07:29:32.471+0000] {processor.py:914} INFO - Processing file /home/airflow/.local/lib/python3.12/site-packages/airflow/example_dags/tutorial_dag.py for tasks to queue
[2024-12-24T07:29:32.475+0000] {logging_mixin.py:190} INFO - [2024-12-24T07:29:32.475+0000] {dagbag.py:588} INFO - Filling up the DagBag from /home/airflow/.local/lib/python3.12/site-packages/airflow/example_dags/tutorial_dag.py
[2024-12-24T07:29:32.486+0000] {processor.py:925} INFO - DAG(s) 'tutorial_dag' retrieved from /home/airflow/.local/lib/python3.12/site-packages/airflow/example_dags/tutorial_dag.py
[2024-12-24T07:29:32.513+0000] {logging_mixin.py:190} INFO - [2024-12-24T07:29:32.513+0000] {dag.py:3239} INFO - Sync 1 DAGs
[2024-12-24T07:29:32.534+0000] {logging_mixin.py:190} INFO - [2024-12-24T07:29:32.534+0000] {dag.py:4180} INFO - Setting next_dagrun for tutorial_dag to None, run_after=None
[2024-12-24T07:29:32.573+0000] {processor.py:208} INFO - Processing /home/airflow/.local/lib/python3.12/site-packages/airflow/example_dags/tutorial_dag.py took 0.111 seconds
[2024-12-24T07:30:03.266+0000] {processor.py:186} INFO - Started process (PID=203) to work on /home/airflow/.local/lib/python3.12/site-packages/airflow/example_dags/tutorial_dag.py
[2024-12-24T07:30:03.274+0000] {processor.py:914} INFO - Processing file /home/airflow/.local/lib/python3.12/site-packages/airflow/example_dags/tutorial_dag.py for tasks to queue
[2024-12-24T07:30:03.335+0000] {logging_mixin.py:190} INFO - [2024-12-24T07:30:03.332+0000] {dagbag.py:588} INFO - Filling up the DagBag from /home/airflow/.local/lib/python3.12/site-packages/airflow/example_dags/tutorial_dag.py
[2024-12-24T07:30:03.420+0000] {processor.py:925} INFO - DAG(s) 'tutorial_dag' retrieved from /home/airflow/.local/lib/python3.12/site-packages/airflow/example_dags/tutorial_dag.py
[2024-12-24T07:30:03.515+0000] {logging_mixin.py:190} INFO - [2024-12-24T07:30:03.513+0000] {dag.py:3239} INFO - Sync 1 DAGs
[2024-12-24T07:30:03.568+0000] {logging_mixin.py:190} INFO - [2024-12-24T07:30:03.566+0000] {dag.py:4180} INFO - Setting next_dagrun for tutorial_dag to None, run_after=None
[2024-12-24T07:30:03.648+0000] {processor.py:208} INFO - Processing /home/airflow/.local/lib/python3.12/site-packages/airflow/example_dags/tutorial_dag.py took 0.405 seconds
[2024-12-24T07:30:33.790+0000] {processor.py:186} INFO - Started process (PID=269) to work on /home/airflow/.local/lib/python3.12/site-packages/airflow/example_dags/tutorial_dag.py
[2024-12-24T07:30:33.792+0000] {processor.py:914} INFO - Processing file /home/airflow/.local/lib/python3.12/site-packages/airflow/example_dags/tutorial_dag.py for tasks to queue
[2024-12-24T07:30:33.796+0000] {logging_mixin.py:190} INFO - [2024-12-24T07:30:33.795+0000] {dagbag.py:588} INFO - Filling up the DagBag from /home/airflow/.local/lib/python3.12/site-packages/airflow/example_dags/tutorial_dag.py
[2024-12-24T07:30:33.813+0000] {processor.py:925} INFO - DAG(s) 'tutorial_dag' retrieved from /home/airflow/.local/lib/python3.12/site-packages/airflow/example_dags/tutorial_dag.py
[2024-12-24T07:30:33.865+0000] {logging_mixin.py:190} INFO - [2024-12-24T07:30:33.864+0000] {dag.py:3239} INFO - Sync 1 DAGs
[2024-12-24T07:30:33.887+0000] {logging_mixin.py:190} INFO - [2024-12-24T07:30:33.887+0000] {dag.py:4180} INFO - Setting next_dagrun for tutorial_dag to None, run_after=None
[2024-12-24T07:30:33.920+0000] {processor.py:208} INFO - Processing /home/airflow/.local/lib/python3.12/site-packages/airflow/example_dags/tutorial_dag.py took 0.139 seconds
[2024-12-24T07:31:05.686+0000] {processor.py:186} INFO - Started process (PID=335) to work on /home/airflow/.local/lib/python3.12/site-packages/airflow/example_dags/tutorial_dag.py
[2024-12-24T07:31:05.688+0000] {processor.py:914} INFO - Processing file /home/airflow/.local/lib/python3.12/site-packages/airflow/example_dags/tutorial_dag.py for tasks to queue
[2024-12-24T07:31:05.692+0000] {logging_mixin.py:190} INFO - [2024-12-24T07:31:05.691+0000] {dagbag.py:588} INFO - Filling up the DagBag from /home/airflow/.local/lib/python3.12/site-packages/airflow/example_dags/tutorial_dag.py
[2024-12-24T07:31:05.705+0000] {processor.py:925} INFO - DAG(s) 'tutorial_dag' retrieved from /home/airflow/.local/lib/python3.12/site-packages/airflow/example_dags/tutorial_dag.py
[2024-12-24T07:31:05.738+0000] {logging_mixin.py:190} INFO - [2024-12-24T07:31:05.738+0000] {dag.py:3239} INFO - Sync 1 DAGs
[2024-12-24T07:31:05.758+0000] {logging_mixin.py:190} INFO - [2024-12-24T07:31:05.758+0000] {dag.py:4180} INFO - Setting next_dagrun for tutorial_dag to None, run_after=None
[2024-12-24T07:31:05.791+0000] {processor.py:208} INFO - Processing /home/airflow/.local/lib/python3.12/site-packages/airflow/example_dags/tutorial_dag.py took 0.112 seconds
[2024-12-24T07:31:37.179+0000] {processor.py:186} INFO - Started process (PID=400) to work on /home/airflow/.local/lib/python3.12/site-packages/airflow/example_dags/tutorial_dag.py
[2024-12-24T07:31:37.181+0000] {processor.py:914} INFO - Processing file /home/airflow/.local/lib/python3.12/site-packages/airflow/example_dags/tutorial_dag.py for tasks to queue
[2024-12-24T07:31:37.185+0000] {logging_mixin.py:190} INFO - [2024-12-24T07:31:37.185+0000] {dagbag.py:588} INFO - Filling up the DagBag from /home/airflow/.local/lib/python3.12/site-packages/airflow/example_dags/tutorial_dag.py
[2024-12-24T07:31:37.196+0000] {processor.py:925} INFO - DAG(s) 'tutorial_dag' retrieved from /home/airflow/.local/lib/python3.12/site-packages/airflow/example_dags/tutorial_dag.py
[2024-12-24T07:31:37.240+0000] {logging_mixin.py:190} INFO - [2024-12-24T07:31:37.240+0000] {dag.py:3239} INFO - Sync 1 DAGs
[2024-12-24T07:31:37.268+0000] {logging_mixin.py:190} INFO - [2024-12-24T07:31:37.268+0000] {dag.py:4180} INFO - Setting next_dagrun for tutorial_dag to None, run_after=None
[2024-12-24T07:31:37.298+0000] {processor.py:208} INFO - Processing /home/airflow/.local/lib/python3.12/site-packages/airflow/example_dags/tutorial_dag.py took 0.128 seconds
[2024-12-24T07:32:08.075+0000] {processor.py:186} INFO - Started process (PID=466) to work on /home/airflow/.local/lib/python3.12/site-packages/airflow/example_dags/tutorial_dag.py
[2024-12-24T07:32:08.076+0000] {processor.py:914} INFO - Processing file /home/airflow/.local/lib/python3.12/site-packages/airflow/example_dags/tutorial_dag.py for tasks to queue
[2024-12-24T07:32:08.080+0000] {logging_mixin.py:190} INFO - [2024-12-24T07:32:08.079+0000] {dagbag.py:588} INFO - Filling up the DagBag from /home/airflow/.local/lib/python3.12/site-packages/airflow/example_dags/tutorial_dag.py
[2024-12-24T07:32:08.090+0000] {processor.py:925} INFO - DAG(s) 'tutorial_dag' retrieved from /home/airflow/.local/lib/python3.12/site-packages/airflow/example_dags/tutorial_dag.py
[2024-12-24T07:32:08.128+0000] {logging_mixin.py:190} INFO - [2024-12-24T07:32:08.127+0000] {dag.py:3239} INFO - Sync 1 DAGs
[2024-12-24T07:32:08.147+0000] {logging_mixin.py:190} INFO - [2024-12-24T07:32:08.146+0000] {dag.py:4180} INFO - Setting next_dagrun for tutorial_dag to None, run_after=None
[2024-12-24T07:32:08.181+0000] {processor.py:208} INFO - Processing /home/airflow/.local/lib/python3.12/site-packages/airflow/example_dags/tutorial_dag.py took 0.113 seconds
[2024-12-24T07:32:38.837+0000] {processor.py:186} INFO - Started process (PID=532) to work on /home/airflow/.local/lib/python3.12/site-packages/airflow/example_dags/tutorial_dag.py
[2024-12-24T07:32:38.838+0000] {processor.py:914} INFO - Processing file /home/airflow/.local/lib/python3.12/site-packages/airflow/example_dags/tutorial_dag.py for tasks to queue
[2024-12-24T07:32:38.842+0000] {logging_mixin.py:190} INFO - [2024-12-24T07:32:38.842+0000] {dagbag.py:588} INFO - Filling up the DagBag from /home/airflow/.local/lib/python3.12/site-packages/airflow/example_dags/tutorial_dag.py
[2024-12-24T07:32:38.855+0000] {processor.py:925} INFO - DAG(s) 'tutorial_dag' retrieved from /home/airflow/.local/lib/python3.12/site-packages/airflow/example_dags/tutorial_dag.py
[2024-12-24T07:32:38.898+0000] {logging_mixin.py:190} INFO - [2024-12-24T07:32:38.897+0000] {dag.py:3239} INFO - Sync 1 DAGs
[2024-12-24T07:32:38.927+0000] {logging_mixin.py:190} INFO - [2024-12-24T07:32:38.926+0000] {dag.py:4180} INFO - Setting next_dagrun for tutorial_dag to None, run_after=None
[2024-12-24T07:32:38.970+0000] {processor.py:208} INFO - Processing /home/airflow/.local/lib/python3.12/site-packages/airflow/example_dags/tutorial_dag.py took 0.142 seconds
[2024-12-24T07:33:09.750+0000] {processor.py:186} INFO - Started process (PID=598) to work on /home/airflow/.local/lib/python3.12/site-packages/airflow/example_dags/tutorial_dag.py
[2024-12-24T07:33:09.753+0000] {processor.py:914} INFO - Processing file /home/airflow/.local/lib/python3.12/site-packages/airflow/example_dags/tutorial_dag.py for tasks to queue
[2024-12-24T07:33:09.758+0000] {logging_mixin.py:190} INFO - [2024-12-24T07:33:09.757+0000] {dagbag.py:588} INFO - Filling up the DagBag from /home/airflow/.local/lib/python3.12/site-packages/airflow/example_dags/tutorial_dag.py
[2024-12-24T07:33:09.773+0000] {processor.py:925} INFO - DAG(s) 'tutorial_dag' retrieved from /home/airflow/.local/lib/python3.12/site-packages/airflow/example_dags/tutorial_dag.py
[2024-12-24T07:33:09.805+0000] {logging_mixin.py:190} INFO - [2024-12-24T07:33:09.805+0000] {dag.py:3239} INFO - Sync 1 DAGs
[2024-12-24T07:33:09.832+0000] {logging_mixin.py:190} INFO - [2024-12-24T07:33:09.832+0000] {dag.py:4180} INFO - Setting next_dagrun for tutorial_dag to None, run_after=None
[2024-12-24T07:33:09.863+0000] {processor.py:208} INFO - Processing /home/airflow/.local/lib/python3.12/site-packages/airflow/example_dags/tutorial_dag.py took 0.120 seconds
[2024-12-24T07:33:40.300+0000] {processor.py:186} INFO - Started process (PID=664) to work on /home/airflow/.local/lib/python3.12/site-packages/airflow/example_dags/tutorial_dag.py
[2024-12-24T07:33:40.303+0000] {processor.py:914} INFO - Processing file /home/airflow/.local/lib/python3.12/site-packages/airflow/example_dags/tutorial_dag.py for tasks to queue
[2024-12-24T07:33:40.319+0000] {logging_mixin.py:190} INFO - [2024-12-24T07:33:40.318+0000] {dagbag.py:588} INFO - Filling up the DagBag from /home/airflow/.local/lib/python3.12/site-packages/airflow/example_dags/tutorial_dag.py
[2024-12-24T07:33:40.344+0000] {processor.py:925} INFO - DAG(s) 'tutorial_dag' retrieved from /home/airflow/.local/lib/python3.12/site-packages/airflow/example_dags/tutorial_dag.py
[2024-12-24T07:33:40.400+0000] {logging_mixin.py:190} INFO - [2024-12-24T07:33:40.399+0000] {dag.py:3239} INFO - Sync 1 DAGs
[2024-12-24T07:33:40.436+0000] {logging_mixin.py:190} INFO - [2024-12-24T07:33:40.436+0000] {dag.py:4180} INFO - Setting next_dagrun for tutorial_dag to None, run_after=None
[2024-12-24T07:33:40.487+0000] {processor.py:208} INFO - Processing /home/airflow/.local/lib/python3.12/site-packages/airflow/example_dags/tutorial_dag.py took 0.198 seconds
[2024-12-24T07:34:11.565+0000] {processor.py:186} INFO - Started process (PID=730) to work on /home/airflow/.local/lib/python3.12/site-packages/airflow/example_dags/tutorial_dag.py
[2024-12-24T07:34:11.566+0000] {processor.py:914} INFO - Processing file /home/airflow/.local/lib/python3.12/site-packages/airflow/example_dags/tutorial_dag.py for tasks to queue
[2024-12-24T07:34:11.572+0000] {logging_mixin.py:190} INFO - [2024-12-24T07:34:11.571+0000] {dagbag.py:588} INFO - Filling up the DagBag from /home/airflow/.local/lib/python3.12/site-packages/airflow/example_dags/tutorial_dag.py
[2024-12-24T07:34:11.587+0000] {processor.py:925} INFO - DAG(s) 'tutorial_dag' retrieved from /home/airflow/.local/lib/python3.12/site-packages/airflow/example_dags/tutorial_dag.py
[2024-12-24T07:34:11.624+0000] {logging_mixin.py:190} INFO - [2024-12-24T07:34:11.623+0000] {dag.py:3239} INFO - Sync 1 DAGs
[2024-12-24T07:34:11.652+0000] {logging_mixin.py:190} INFO - [2024-12-24T07:34:11.651+0000] {dag.py:4180} INFO - Setting next_dagrun for tutorial_dag to None, run_after=None
[2024-12-24T07:34:11.688+0000] {processor.py:208} INFO - Processing /home/airflow/.local/lib/python3.12/site-packages/airflow/example_dags/tutorial_dag.py took 0.133 seconds
[2024-12-24T07:34:41.975+0000] {processor.py:186} INFO - Started process (PID=797) to work on /home/airflow/.local/lib/python3.12/site-packages/airflow/example_dags/tutorial_dag.py
[2024-12-24T07:34:41.976+0000] {processor.py:914} INFO - Processing file /home/airflow/.local/lib/python3.12/site-packages/airflow/example_dags/tutorial_dag.py for tasks to queue
[2024-12-24T07:34:41.980+0000] {logging_mixin.py:190} INFO - [2024-12-24T07:34:41.980+0000] {dagbag.py:588} INFO - Filling up the DagBag from /home/airflow/.local/lib/python3.12/site-packages/airflow/example_dags/tutorial_dag.py
[2024-12-24T07:34:41.991+0000] {processor.py:925} INFO - DAG(s) 'tutorial_dag' retrieved from /home/airflow/.local/lib/python3.12/site-packages/airflow/example_dags/tutorial_dag.py
[2024-12-24T07:34:42.036+0000] {logging_mixin.py:190} INFO - [2024-12-24T07:34:42.036+0000] {dag.py:3239} INFO - Sync 1 DAGs
[2024-12-24T07:34:42.067+0000] {logging_mixin.py:190} INFO - [2024-12-24T07:34:42.067+0000] {dag.py:4180} INFO - Setting next_dagrun for tutorial_dag to None, run_after=None
[2024-12-24T07:34:42.100+0000] {processor.py:208} INFO - Processing /home/airflow/.local/lib/python3.12/site-packages/airflow/example_dags/tutorial_dag.py took 0.136 seconds
[2024-12-24T07:35:12.975+0000] {processor.py:186} INFO - Started process (PID=863) to work on /home/airflow/.local/lib/python3.12/site-packages/airflow/example_dags/tutorial_dag.py
[2024-12-24T07:35:12.978+0000] {processor.py:914} INFO - Processing file /home/airflow/.local/lib/python3.12/site-packages/airflow/example_dags/tutorial_dag.py for tasks to queue
[2024-12-24T07:35:12.982+0000] {logging_mixin.py:190} INFO - [2024-12-24T07:35:12.982+0000] {dagbag.py:588} INFO - Filling up the DagBag from /home/airflow/.local/lib/python3.12/site-packages/airflow/example_dags/tutorial_dag.py
[2024-12-24T07:35:12.993+0000] {processor.py:925} INFO - DAG(s) 'tutorial_dag' retrieved from /home/airflow/.local/lib/python3.12/site-packages/airflow/example_dags/tutorial_dag.py
[2024-12-24T07:35:13.026+0000] {logging_mixin.py:190} INFO - [2024-12-24T07:35:13.025+0000] {dag.py:3239} INFO - Sync 1 DAGs
[2024-12-24T07:35:13.066+0000] {logging_mixin.py:190} INFO - [2024-12-24T07:35:13.066+0000] {dag.py:4180} INFO - Setting next_dagrun for tutorial_dag to None, run_after=None
[2024-12-24T07:35:13.116+0000] {processor.py:208} INFO - Processing /home/airflow/.local/lib/python3.12/site-packages/airflow/example_dags/tutorial_dag.py took 0.148 seconds
[2024-12-24T07:35:43.219+0000] {processor.py:186} INFO - Started process (PID=929) to work on /home/airflow/.local/lib/python3.12/site-packages/airflow/example_dags/tutorial_dag.py
[2024-12-24T07:35:43.221+0000] {processor.py:914} INFO - Processing file /home/airflow/.local/lib/python3.12/site-packages/airflow/example_dags/tutorial_dag.py for tasks to queue
[2024-12-24T07:35:43.226+0000] {logging_mixin.py:190} INFO - [2024-12-24T07:35:43.226+0000] {dagbag.py:588} INFO - Filling up the DagBag from /home/airflow/.local/lib/python3.12/site-packages/airflow/example_dags/tutorial_dag.py
[2024-12-24T07:35:43.236+0000] {processor.py:925} INFO - DAG(s) 'tutorial_dag' retrieved from /home/airflow/.local/lib/python3.12/site-packages/airflow/example_dags/tutorial_dag.py
[2024-12-24T07:35:43.274+0000] {logging_mixin.py:190} INFO - [2024-12-24T07:35:43.273+0000] {dag.py:3239} INFO - Sync 1 DAGs
[2024-12-24T07:35:43.294+0000] {logging_mixin.py:190} INFO - [2024-12-24T07:35:43.294+0000] {dag.py:4180} INFO - Setting next_dagrun for tutorial_dag to None, run_after=None
[2024-12-24T07:35:43.329+0000] {processor.py:208} INFO - Processing /home/airflow/.local/lib/python3.12/site-packages/airflow/example_dags/tutorial_dag.py took 0.121 seconds
[2024-12-24T07:36:14.350+0000] {processor.py:186} INFO - Started process (PID=995) to work on /home/airflow/.local/lib/python3.12/site-packages/airflow/example_dags/tutorial_dag.py
[2024-12-24T07:36:14.354+0000] {processor.py:914} INFO - Processing file /home/airflow/.local/lib/python3.12/site-packages/airflow/example_dags/tutorial_dag.py for tasks to queue
[2024-12-24T07:36:14.364+0000] {logging_mixin.py:190} INFO - [2024-12-24T07:36:14.363+0000] {dagbag.py:588} INFO - Filling up the DagBag from /home/airflow/.local/lib/python3.12/site-packages/airflow/example_dags/tutorial_dag.py
[2024-12-24T07:36:14.385+0000] {processor.py:925} INFO - DAG(s) 'tutorial_dag' retrieved from /home/airflow/.local/lib/python3.12/site-packages/airflow/example_dags/tutorial_dag.py
[2024-12-24T07:36:14.437+0000] {logging_mixin.py:190} INFO - [2024-12-24T07:36:14.436+0000] {dag.py:3239} INFO - Sync 1 DAGs
[2024-12-24T07:36:14.472+0000] {logging_mixin.py:190} INFO - [2024-12-24T07:36:14.471+0000] {dag.py:4180} INFO - Setting next_dagrun for tutorial_dag to None, run_after=None
[2024-12-24T07:36:14.555+0000] {processor.py:208} INFO - Processing /home/airflow/.local/lib/python3.12/site-packages/airflow/example_dags/tutorial_dag.py took 0.226 seconds
[2024-12-24T07:36:44.866+0000] {processor.py:186} INFO - Started process (PID=1061) to work on /home/airflow/.local/lib/python3.12/site-packages/airflow/example_dags/tutorial_dag.py
[2024-12-24T07:36:44.869+0000] {processor.py:914} INFO - Processing file /home/airflow/.local/lib/python3.12/site-packages/airflow/example_dags/tutorial_dag.py for tasks to queue
[2024-12-24T07:36:44.873+0000] {logging_mixin.py:190} INFO - [2024-12-24T07:36:44.873+0000] {dagbag.py:588} INFO - Filling up the DagBag from /home/airflow/.local/lib/python3.12/site-packages/airflow/example_dags/tutorial_dag.py
[2024-12-24T07:36:44.886+0000] {processor.py:925} INFO - DAG(s) 'tutorial_dag' retrieved from /home/airflow/.local/lib/python3.12/site-packages/airflow/example_dags/tutorial_dag.py
[2024-12-24T07:36:44.939+0000] {logging_mixin.py:190} INFO - [2024-12-24T07:36:44.938+0000] {dag.py:3239} INFO - Sync 1 DAGs
[2024-12-24T07:36:44.983+0000] {logging_mixin.py:190} INFO - [2024-12-24T07:36:44.982+0000] {dag.py:4180} INFO - Setting next_dagrun for tutorial_dag to None, run_after=None
[2024-12-24T07:36:45.049+0000] {processor.py:208} INFO - Processing /home/airflow/.local/lib/python3.12/site-packages/airflow/example_dags/tutorial_dag.py took 0.194 seconds
[2024-12-24T07:37:16.078+0000] {processor.py:186} INFO - Started process (PID=1127) to work on /home/airflow/.local/lib/python3.12/site-packages/airflow/example_dags/tutorial_dag.py
[2024-12-24T07:37:16.082+0000] {processor.py:914} INFO - Processing file /home/airflow/.local/lib/python3.12/site-packages/airflow/example_dags/tutorial_dag.py for tasks to queue
[2024-12-24T07:37:16.087+0000] {logging_mixin.py:190} INFO - [2024-12-24T07:37:16.086+0000] {dagbag.py:588} INFO - Filling up the DagBag from /home/airflow/.local/lib/python3.12/site-packages/airflow/example_dags/tutorial_dag.py
[2024-12-24T07:37:16.105+0000] {processor.py:925} INFO - DAG(s) 'tutorial_dag' retrieved from /home/airflow/.local/lib/python3.12/site-packages/airflow/example_dags/tutorial_dag.py
[2024-12-24T07:37:16.141+0000] {logging_mixin.py:190} INFO - [2024-12-24T07:37:16.140+0000] {dag.py:3239} INFO - Sync 1 DAGs
[2024-12-24T07:37:16.169+0000] {logging_mixin.py:190} INFO - [2024-12-24T07:37:16.168+0000] {dag.py:4180} INFO - Setting next_dagrun for tutorial_dag to None, run_after=None
[2024-12-24T07:37:16.198+0000] {processor.py:208} INFO - Processing /home/airflow/.local/lib/python3.12/site-packages/airflow/example_dags/tutorial_dag.py took 0.132 seconds
[2024-12-24T07:37:46.631+0000] {processor.py:186} INFO - Started process (PID=1193) to work on /home/airflow/.local/lib/python3.12/site-packages/airflow/example_dags/tutorial_dag.py
[2024-12-24T07:37:46.633+0000] {processor.py:914} INFO - Processing file /home/airflow/.local/lib/python3.12/site-packages/airflow/example_dags/tutorial_dag.py for tasks to queue
[2024-12-24T07:37:46.639+0000] {logging_mixin.py:190} INFO - [2024-12-24T07:37:46.638+0000] {dagbag.py:588} INFO - Filling up the DagBag from /home/airflow/.local/lib/python3.12/site-packages/airflow/example_dags/tutorial_dag.py
[2024-12-24T07:37:46.654+0000] {processor.py:925} INFO - DAG(s) 'tutorial_dag' retrieved from /home/airflow/.local/lib/python3.12/site-packages/airflow/example_dags/tutorial_dag.py
[2024-12-24T07:37:46.694+0000] {logging_mixin.py:190} INFO - [2024-12-24T07:37:46.693+0000] {dag.py:3239} INFO - Sync 1 DAGs
[2024-12-24T07:37:46.721+0000] {logging_mixin.py:190} INFO - [2024-12-24T07:37:46.721+0000] {dag.py:4180} INFO - Setting next_dagrun for tutorial_dag to None, run_after=None
[2024-12-24T07:37:46.754+0000] {processor.py:208} INFO - Processing /home/airflow/.local/lib/python3.12/site-packages/airflow/example_dags/tutorial_dag.py took 0.136 seconds
[2024-12-24T07:38:17.319+0000] {processor.py:186} INFO - Started process (PID=1259) to work on /home/airflow/.local/lib/python3.12/site-packages/airflow/example_dags/tutorial_dag.py
[2024-12-24T07:38:17.321+0000] {processor.py:914} INFO - Processing file /home/airflow/.local/lib/python3.12/site-packages/airflow/example_dags/tutorial_dag.py for tasks to queue
[2024-12-24T07:38:17.326+0000] {logging_mixin.py:190} INFO - [2024-12-24T07:38:17.326+0000] {dagbag.py:588} INFO - Filling up the DagBag from /home/airflow/.local/lib/python3.12/site-packages/airflow/example_dags/tutorial_dag.py
[2024-12-24T07:38:17.340+0000] {processor.py:925} INFO - DAG(s) 'tutorial_dag' retrieved from /home/airflow/.local/lib/python3.12/site-packages/airflow/example_dags/tutorial_dag.py
[2024-12-24T07:38:17.379+0000] {logging_mixin.py:190} INFO - [2024-12-24T07:38:17.378+0000] {dag.py:3239} INFO - Sync 1 DAGs
[2024-12-24T07:38:17.405+0000] {logging_mixin.py:190} INFO - [2024-12-24T07:38:17.404+0000] {dag.py:4180} INFO - Setting next_dagrun for tutorial_dag to None, run_after=None
[2024-12-24T07:38:17.447+0000] {processor.py:208} INFO - Processing /home/airflow/.local/lib/python3.12/site-packages/airflow/example_dags/tutorial_dag.py took 0.137 seconds
[2024-12-24T07:38:47.946+0000] {processor.py:186} INFO - Started process (PID=1324) to work on /home/airflow/.local/lib/python3.12/site-packages/airflow/example_dags/tutorial_dag.py
[2024-12-24T07:38:47.956+0000] {processor.py:914} INFO - Processing file /home/airflow/.local/lib/python3.12/site-packages/airflow/example_dags/tutorial_dag.py for tasks to queue
[2024-12-24T07:38:47.962+0000] {logging_mixin.py:190} INFO - [2024-12-24T07:38:47.962+0000] {dagbag.py:588} INFO - Filling up the DagBag from /home/airflow/.local/lib/python3.12/site-packages/airflow/example_dags/tutorial_dag.py
[2024-12-24T07:38:47.976+0000] {processor.py:925} INFO - DAG(s) 'tutorial_dag' retrieved from /home/airflow/.local/lib/python3.12/site-packages/airflow/example_dags/tutorial_dag.py
[2024-12-24T07:38:48.014+0000] {logging_mixin.py:190} INFO - [2024-12-24T07:38:48.014+0000] {dag.py:3239} INFO - Sync 1 DAGs
[2024-12-24T07:38:48.042+0000] {logging_mixin.py:190} INFO - [2024-12-24T07:38:48.041+0000] {dag.py:4180} INFO - Setting next_dagrun for tutorial_dag to None, run_after=None
[2024-12-24T07:38:48.084+0000] {processor.py:208} INFO - Processing /home/airflow/.local/lib/python3.12/site-packages/airflow/example_dags/tutorial_dag.py took 0.147 seconds
[2024-12-24T07:39:18.798+0000] {processor.py:186} INFO - Started process (PID=1391) to work on /home/airflow/.local/lib/python3.12/site-packages/airflow/example_dags/tutorial_dag.py
[2024-12-24T07:39:18.800+0000] {processor.py:914} INFO - Processing file /home/airflow/.local/lib/python3.12/site-packages/airflow/example_dags/tutorial_dag.py for tasks to queue
[2024-12-24T07:39:18.807+0000] {logging_mixin.py:190} INFO - [2024-12-24T07:39:18.806+0000] {dagbag.py:588} INFO - Filling up the DagBag from /home/airflow/.local/lib/python3.12/site-packages/airflow/example_dags/tutorial_dag.py
[2024-12-24T07:39:18.832+0000] {processor.py:925} INFO - DAG(s) 'tutorial_dag' retrieved from /home/airflow/.local/lib/python3.12/site-packages/airflow/example_dags/tutorial_dag.py
[2024-12-24T07:39:18.882+0000] {logging_mixin.py:190} INFO - [2024-12-24T07:39:18.881+0000] {dag.py:3239} INFO - Sync 1 DAGs
[2024-12-24T07:39:18.923+0000] {logging_mixin.py:190} INFO - [2024-12-24T07:39:18.921+0000] {dag.py:4180} INFO - Setting next_dagrun for tutorial_dag to None, run_after=None
[2024-12-24T07:39:18.992+0000] {processor.py:208} INFO - Processing /home/airflow/.local/lib/python3.12/site-packages/airflow/example_dags/tutorial_dag.py took 0.204 seconds
[2024-12-24T07:39:49.133+0000] {processor.py:186} INFO - Started process (PID=1463) to work on /home/airflow/.local/lib/python3.12/site-packages/airflow/example_dags/tutorial_dag.py
[2024-12-24T07:39:49.135+0000] {processor.py:914} INFO - Processing file /home/airflow/.local/lib/python3.12/site-packages/airflow/example_dags/tutorial_dag.py for tasks to queue
[2024-12-24T07:39:49.139+0000] {logging_mixin.py:190} INFO - [2024-12-24T07:39:49.139+0000] {dagbag.py:588} INFO - Filling up the DagBag from /home/airflow/.local/lib/python3.12/site-packages/airflow/example_dags/tutorial_dag.py
[2024-12-24T07:39:49.152+0000] {processor.py:925} INFO - DAG(s) 'tutorial_dag' retrieved from /home/airflow/.local/lib/python3.12/site-packages/airflow/example_dags/tutorial_dag.py
[2024-12-24T07:39:49.195+0000] {logging_mixin.py:190} INFO - [2024-12-24T07:39:49.194+0000] {dag.py:3239} INFO - Sync 1 DAGs
[2024-12-24T07:39:49.229+0000] {logging_mixin.py:190} INFO - [2024-12-24T07:39:49.229+0000] {dag.py:4180} INFO - Setting next_dagrun for tutorial_dag to None, run_after=None
[2024-12-24T07:39:49.263+0000] {processor.py:208} INFO - Processing /home/airflow/.local/lib/python3.12/site-packages/airflow/example_dags/tutorial_dag.py took 0.140 seconds
[2024-12-24T07:40:19.736+0000] {processor.py:186} INFO - Started process (PID=1529) to work on /home/airflow/.local/lib/python3.12/site-packages/airflow/example_dags/tutorial_dag.py
[2024-12-24T07:40:19.739+0000] {processor.py:914} INFO - Processing file /home/airflow/.local/lib/python3.12/site-packages/airflow/example_dags/tutorial_dag.py for tasks to queue
[2024-12-24T07:40:19.743+0000] {logging_mixin.py:190} INFO - [2024-12-24T07:40:19.742+0000] {dagbag.py:588} INFO - Filling up the DagBag from /home/airflow/.local/lib/python3.12/site-packages/airflow/example_dags/tutorial_dag.py
[2024-12-24T07:40:19.756+0000] {processor.py:925} INFO - DAG(s) 'tutorial_dag' retrieved from /home/airflow/.local/lib/python3.12/site-packages/airflow/example_dags/tutorial_dag.py
[2024-12-24T07:40:19.795+0000] {logging_mixin.py:190} INFO - [2024-12-24T07:40:19.795+0000] {dag.py:3239} INFO - Sync 1 DAGs
[2024-12-24T07:40:19.817+0000] {logging_mixin.py:190} INFO - [2024-12-24T07:40:19.817+0000] {dag.py:4180} INFO - Setting next_dagrun for tutorial_dag to None, run_after=None
[2024-12-24T07:40:19.849+0000] {processor.py:208} INFO - Processing /home/airflow/.local/lib/python3.12/site-packages/airflow/example_dags/tutorial_dag.py took 0.122 seconds
[2024-12-24T07:40:51.042+0000] {processor.py:186} INFO - Started process (PID=1595) to work on /home/airflow/.local/lib/python3.12/site-packages/airflow/example_dags/tutorial_dag.py
[2024-12-24T07:40:51.044+0000] {processor.py:914} INFO - Processing file /home/airflow/.local/lib/python3.12/site-packages/airflow/example_dags/tutorial_dag.py for tasks to queue
[2024-12-24T07:40:51.049+0000] {logging_mixin.py:190} INFO - [2024-12-24T07:40:51.048+0000] {dagbag.py:588} INFO - Filling up the DagBag from /home/airflow/.local/lib/python3.12/site-packages/airflow/example_dags/tutorial_dag.py
[2024-12-24T07:40:51.070+0000] {processor.py:925} INFO - DAG(s) 'tutorial_dag' retrieved from /home/airflow/.local/lib/python3.12/site-packages/airflow/example_dags/tutorial_dag.py
[2024-12-24T07:40:51.117+0000] {logging_mixin.py:190} INFO - [2024-12-24T07:40:51.117+0000] {dag.py:3239} INFO - Sync 1 DAGs
[2024-12-24T07:40:51.141+0000] {logging_mixin.py:190} INFO - [2024-12-24T07:40:51.141+0000] {dag.py:4180} INFO - Setting next_dagrun for tutorial_dag to None, run_after=None
[2024-12-24T07:40:51.190+0000] {processor.py:208} INFO - Processing /home/airflow/.local/lib/python3.12/site-packages/airflow/example_dags/tutorial_dag.py took 0.157 seconds
[2024-12-24T07:41:21.826+0000] {processor.py:186} INFO - Started process (PID=1661) to work on /home/airflow/.local/lib/python3.12/site-packages/airflow/example_dags/tutorial_dag.py
[2024-12-24T07:41:21.828+0000] {processor.py:914} INFO - Processing file /home/airflow/.local/lib/python3.12/site-packages/airflow/example_dags/tutorial_dag.py for tasks to queue
[2024-12-24T07:41:21.832+0000] {logging_mixin.py:190} INFO - [2024-12-24T07:41:21.831+0000] {dagbag.py:588} INFO - Filling up the DagBag from /home/airflow/.local/lib/python3.12/site-packages/airflow/example_dags/tutorial_dag.py
[2024-12-24T07:41:21.844+0000] {processor.py:925} INFO - DAG(s) 'tutorial_dag' retrieved from /home/airflow/.local/lib/python3.12/site-packages/airflow/example_dags/tutorial_dag.py
[2024-12-24T07:41:21.879+0000] {logging_mixin.py:190} INFO - [2024-12-24T07:41:21.879+0000] {dag.py:3239} INFO - Sync 1 DAGs
[2024-12-24T07:41:21.909+0000] {logging_mixin.py:190} INFO - [2024-12-24T07:41:21.908+0000] {dag.py:4180} INFO - Setting next_dagrun for tutorial_dag to None, run_after=None
[2024-12-24T07:41:21.948+0000] {processor.py:208} INFO - Processing /home/airflow/.local/lib/python3.12/site-packages/airflow/example_dags/tutorial_dag.py took 0.133 seconds
[2024-12-24T07:41:52.890+0000] {processor.py:186} INFO - Started process (PID=1727) to work on /home/airflow/.local/lib/python3.12/site-packages/airflow/example_dags/tutorial_dag.py
[2024-12-24T07:41:52.893+0000] {processor.py:914} INFO - Processing file /home/airflow/.local/lib/python3.12/site-packages/airflow/example_dags/tutorial_dag.py for tasks to queue
[2024-12-24T07:41:52.896+0000] {logging_mixin.py:190} INFO - [2024-12-24T07:41:52.896+0000] {dagbag.py:588} INFO - Filling up the DagBag from /home/airflow/.local/lib/python3.12/site-packages/airflow/example_dags/tutorial_dag.py
[2024-12-24T07:41:52.909+0000] {processor.py:925} INFO - DAG(s) 'tutorial_dag' retrieved from /home/airflow/.local/lib/python3.12/site-packages/airflow/example_dags/tutorial_dag.py
[2024-12-24T07:41:52.942+0000] {logging_mixin.py:190} INFO - [2024-12-24T07:41:52.942+0000] {dag.py:3239} INFO - Sync 1 DAGs
[2024-12-24T07:41:52.966+0000] {logging_mixin.py:190} INFO - [2024-12-24T07:41:52.966+0000] {dag.py:4180} INFO - Setting next_dagrun for tutorial_dag to None, run_after=None
[2024-12-24T07:41:53.010+0000] {processor.py:208} INFO - Processing /home/airflow/.local/lib/python3.12/site-packages/airflow/example_dags/tutorial_dag.py took 0.128 seconds
